============================================================
   Tang Dynasty, V5.6.71036
      Copyright (c) 2012-2023 Anlogic Inc.
   Executable = D:/software_installation/Anlogic/TD5.6.2/bin/td.exe
   Built at =   20:34:38 Mar 21 2023
   Run by =     luoxing
   Run Date =   Wed Jan 24 17:01:23 2024

   Run on =     LAPTOP-R38NBUAQ
============================================================
RUN-001 : GUI based run for schematic viewer...
RUN-1002 : start command "import_device eagle_s20.db -package EG4S20BG256"
ARC-1001 : Device Initialization.
ARC-1001 : ------------------------------------------------------------------
ARC-1001 :            OPTION            |          IO          |   SETTING   
ARC-1001 : ------------------------------------------------------------------
ARC-1001 :   cso_b/cclk/mosi/miso/dout  |  T3/R11/T10/P10/S11  |    gpio    
ARC-1001 :             done             |         P13          |    gpio    
ARC-1001 :           program_b          |          T2          |  dedicate  
ARC-1001 :        tdi/tms/tck/tdo       |   C12/A15/C14/E14    |  dedicate  
ARC-1001 : ------------------------------------------------------------------
ARC-1004 : Device setting, marked 5 dedicate IOs in total.
RUN-1003 : finish command "import_device eagle_s20.db -package EG4S20BG256" in  1.108951s wall, 1.046875s user + 0.031250s system = 1.078125s CPU (97.2%)

RUN-1004 : used memory is 125 MB, reserved memory is 84 MB, peak memory is 125 MB
RUN-1002 : start command "import_db D:/fpga_class/prj/_9_keyboard/td_prj/keyboard_Runs/syn_1/keyboard_elaborate.db"
RUN-1001 : Importing database generated by Tang Dynasty, V5.6.71036.
RUN-1001 : Database version number 46146.
RUN-1001 : Import flow parameters
RUN-1001 : Import IO constraints
RUN-1001 : Import Inst constraints
RUN-1001 : Import design success TD_VERSION=5.6.71036 , DB_VERSION=46146
