============================================================
   Tang Dynasty, V5.6.71036
      Copyright (c) 2012-2023 Anlogic Inc.
   Executable = C:/Anlogic/TD5.6.2/bin/td.exe
   Built at =   20:34:38 Mar 21 2023
   Run by =     Osscarrrrr
   Run Date =   Tue Aug 27 21:26:16 2024

   Run on =     ADMINISTRATOR
============================================================
RUN-1001 : open_run phy_1.
RUN-1002 : start command "import_db C:/Users/Osscarrrrr/Desktop/display-v2/td_prj/keyboard_Runs/phy_1/keyboard_pr.db"
RUN-1001 : Importing database generated by Tang Dynasty, V5.6.71036.
RUN-1001 : Database version number 46146.
RUN-1001 : Import flow parameters
PHY-1001 : Generate detailed routing grids ...
PHY-1001 : Processed IO instance col[3]_syn_4 with INV attribute.
PHY-1001 : Processed IO instance col[2]_syn_4 with INV attribute.
PHY-1001 : Processed IO instance col[1]_syn_4 with INV attribute.
PHY-1001 : Processed IO instance col[0]_syn_4 with INV attribute.
PHY-1001 : Generate nets ...
PHY-1001 : net clk_50M_dup_1 will be routed on clock mesh
PHY-1001 : clock net U1/scan_clk_syn_4 will be merged with clock U1/scan_clk
PHY-1001 : eco open net = 0
PHY-1001 : 5 feed throughs used by 4 nets
RUN-1001 : Import IO constraints
RUN-1001 : Import Inst constraints
RUN-1001 : Import design success TD_VERSION=5.6.71036 , DB_VERSION=46146
RUN-1003 : finish command "import_db C:/Users/Osscarrrrr/Desktop/display-v2/td_prj/keyboard_Runs/phy_1/keyboard_pr.db" in  2.955632s wall, 1.250000s user + 0.156250s system = 1.406250s CPU (47.6%)

RUN-1004 : used memory is 441 MB, reserved memory is 408 MB, peak memory is 479 MB
GUI-5005 WARNING: Unknown file icon ...
GUI-5005 WARNING: Unknown file icon ...
GUI-5005 WARNING: Unknown file icon ...
RUN-1001 : reset_run syn_1 phy_1.
RUN-1001 : launch_runs syn_1 phy_1  -jobs 6.
RUN-6001 WARNING: syn_1: run failed.
HDL-1007 : analyze verilog file ../src/onehot2binary.v
RUN-1001 : reset_run syn_1 phy_1.
RUN-1001 : launch_runs syn_1 phy_1  -jobs 6.
RUN-6001 WARNING: syn_1: run failed.
RUN-1001 : open_run syn_1.
RUN-1002 : start command "import_db C:/Users/Osscarrrrr/Desktop/display-v2/td_prj/keyboard_Runs/syn_1/keyboard_elaborate.db"
RUN-1001 : Importing database generated by Tang Dynasty, V5.6.71036.
RUN-1001 : Database version number 46146.
RUN-1001 : Import flow parameters
RUN-1001 : Import IO constraints
RUN-1001 : Import Inst constraints
RUN-1001 : Import design success TD_VERSION=5.6.71036 , DB_VERSION=46146
HDL-1007 : analyze verilog file ../src/keyboard_instance.v
HDL-1007 : undeclared symbol 'clk', assumed default net type 'wire' in ../src/keyboard_instance.v(58)
HDL-1007 : undeclared symbol 'reset', assumed default net type 'wire' in ../src/keyboard_instance.v(59)
HDL-8007 ERROR: syntax error near '.' in ../src/keyboard_instance.v(61)
HDL-8007 ERROR: ignore module module due to previous errors in ../src/keyboard_instance.v(1)
HDL-1007 : Verilog file '../src/keyboard_instance.v' ignored due to errors
HDL-1007 : analyze verilog file ../src/keyboard_instance.v
HDL-8007 ERROR: syntax error near '.' in ../src/keyboard_instance.v(41)
HDL-8007 ERROR: ignore module module due to previous errors in ../src/keyboard_instance.v(1)
HDL-1007 : Verilog file '../src/keyboard_instance.v' ignored due to errors
HDL-1007 : analyze verilog file ../src/keyboard_instance.v
