============================================================
   Tang Dynasty, V5.6.71036
      Copyright (c) 2012-2023 Anlogic Inc.
   Executable = C:/Anlogic/TD5.6.2/bin/td.exe
   Built at =   20:34:38 Mar 21 2023
   Run by =     Osscarrrrr
   Run Date =   Tue Aug 27 17:39:36 2024

   Run on =     ADMINISTRATOR
============================================================
RUN-1001 : open_run phy_1.
RUN-1002 : start command "import_db C:/Users/Osscarrrrr/Desktop/display-v2/td_prj/keyboard_Runs/phy_1/keyboard_pr.db"
RUN-1001 : Importing database generated by Tang Dynasty, V5.6.59063.
RUN-1001 : Database version number 46140.
RUN-1001 : Import flow parameters
PHY-1001 : Generate detailed routing grids ...
PHY-1001 : Generate nets ...
PHY-1001 : net clk_50M_dup_1 will be routed on clock mesh
PHY-1001 : clock net U1/scan_clk_syn_4 will be merged with clock U1/scan_clk
PHY-1001 : eco open net = 0
PHY-1001 : 7 feed throughs used by 7 nets
RUN-1001 : Import timing constraints
RUN-1001 : Import IO constraints
RUN-1001 : Import Inst constraints
RUN-1001 : Import design success TD_VERSION=5.6.59063 , DB_VERSION=46140
RUN-1003 : finish command "import_db C:/Users/Osscarrrrr/Desktop/display-v2/td_prj/keyboard_Runs/phy_1/keyboard_pr.db" in  2.882031s wall, 2.078125s user + 0.031250s system = 2.109375s CPU (73.2%)

RUN-1004 : used memory is 439 MB, reserved memory is 405 MB, peak memory is 476 MB
RUN-1002 : start command "download -bit keyboard_Runs\phy_1\keyboard.bit -mode jtag -spd 7 -sec 64 -cable 0"
PRG-2014 : Chip validation success: EAGLE_S20_BG256
RUN-1002 : start command "bit_to_vec -chip EAGLE_S20_BG256 -m jtag_burst -freq 4 -bit keyboard_Runs/phy_1/keyboard.bit"
RUN-1002 : start command "program -cable 0 -mode svf -spd 7 -p"
RUN-1003 : finish command "program -cable 0 -mode svf -spd 7 -p" in  6.681640s wall, 0.000000s user + 0.031250s system = 0.031250s CPU (0.5%)

RUN-1004 : used memory is 525 MB, reserved memory is 468 MB, peak memory is 541 MB
RUN-1003 : finish command "download -bit keyboard_Runs\phy_1\keyboard.bit -mode jtag -spd 7 -sec 64 -cable 0" in  6.883698s wall, 0.031250s user + 0.046875s system = 0.078125s CPU (1.1%)

RUN-1004 : used memory is 525 MB, reserved memory is 468 MB, peak memory is 541 MB
GUI-1001 : Downloading succeeded!
RUN-1001 : reset_run syn_1 phy_1.
GUI-6001 WARNING: File C:/Users/Osscarrrrr/Desktop/display-v2/td_prj/keyboard_Runs/phy_1/keyboard.bit does not exist!
RUN-1001 : launch_runs syn_1 phy_1  -jobs 6.
RUN-1001 : syn_1: run complete.
RUN-1001 : phy_1: run complete.
RUN-1001 : open_run phy_1.
RUN-1002 : start command "import_db C:/Users/Osscarrrrr/Desktop/display-v2/td_prj/keyboard_Runs/phy_1/keyboard_pr.db"
RUN-1001 : Importing database generated by Tang Dynasty, V5.6.71036.
RUN-1001 : Database version number 46146.
RUN-1001 : Import flow parameters
PHY-1001 : Generate detailed routing grids ...
PHY-1001 : Processed IO instance col[3]_syn_4 with INV attribute.
PHY-1001 : Processed IO instance col[2]_syn_4 with INV attribute.
PHY-1001 : Processed IO instance col[1]_syn_4 with INV attribute.
PHY-1001 : Processed IO instance col[0]_syn_4 with INV attribute.
PHY-1001 : Generate nets ...
PHY-1001 : net clk_50M_dup_1 will be routed on clock mesh
PHY-1001 : clock net U1/scan_clk_syn_4 will be merged with clock U1/scan_clk
PHY-1001 : eco open net = 0
PHY-1001 : 3 feed throughs used by 3 nets
RUN-1001 : Import IO constraints
RUN-1001 : Import Inst constraints
RUN-1001 : Import design success TD_VERSION=5.6.71036 , DB_VERSION=46146
RUN-1002 : start command "download -bit keyboard_Runs\phy_1\keyboard.bit -mode jtag -spd 7 -sec 64 -cable 0"
PRG-2014 : Chip validation success: EAGLE_S20_BG256
RUN-1002 : start command "bit_to_vec -chip EAGLE_S20_BG256 -m jtag_burst -freq 4 -bit keyboard_Runs/phy_1/keyboard.bit"
RUN-1002 : start command "program -cable 0 -mode svf -spd 7 -p"
RUN-1003 : finish command "program -cable 0 -mode svf -spd 7 -p" in  6.589818s wall, 0.031250s user + 0.015625s system = 0.046875s CPU (0.7%)

RUN-1004 : used memory is 550 MB, reserved memory is 499 MB, peak memory is 566 MB
RUN-1003 : finish command "download -bit keyboard_Runs\phy_1\keyboard.bit -mode jtag -spd 7 -sec 64 -cable 0" in  6.794062s wall, 0.093750s user + 0.015625s system = 0.109375s CPU (1.6%)

RUN-1004 : used memory is 550 MB, reserved memory is 499 MB, peak memory is 566 MB
GUI-1001 : Downloading succeeded!
HDL-1007 : analyze verilog file ../src/onehot2binary.v
RUN-1001 : reset_run syn_1 phy_1.
GUI-6001 WARNING: File C:/Users/Osscarrrrr/Desktop/display-v2/td_prj/keyboard_Runs/phy_1/keyboard.bit does not exist!
RUN-1001 : launch_runs syn_1 phy_1  -jobs 6.
RUN-1001 : syn_1: run complete.
RUN-1001 : phy_1: run complete.
RUN-1001 : open_run phy_1.
RUN-1002 : start command "import_db C:/Users/Osscarrrrr/Desktop/display-v2/td_prj/keyboard_Runs/phy_1/keyboard_pr.db"
RUN-1001 : Importing database generated by Tang Dynasty, V5.6.71036.
RUN-1001 : Database version number 46146.
RUN-1001 : Import flow parameters
PHY-1001 : Generate detailed routing grids ...
PHY-1001 : Processed IO instance col[3]_syn_4 with INV attribute.
PHY-1001 : Processed IO instance col[2]_syn_4 with INV attribute.
PHY-1001 : Processed IO instance col[1]_syn_4 with INV attribute.
PHY-1001 : Processed IO instance col[0]_syn_4 with INV attribute.
PHY-1001 : Generate nets ...
PHY-1001 : net clk_50M_dup_1 will be routed on clock mesh
PHY-1001 : clock net U1/scan_clk_syn_4 will be merged with clock U1/scan_clk
PHY-1001 : eco open net = 0
PHY-1001 : 5 feed throughs used by 5 nets
RUN-1001 : Import IO constraints
RUN-1001 : Import Inst constraints
RUN-1001 : Import design success TD_VERSION=5.6.71036 , DB_VERSION=46146
RUN-1002 : start command "download -bit keyboard_Runs\phy_1\keyboard.bit -mode jtag -spd 7 -sec 64 -cable 0"
PRG-2014 : Chip validation success: EAGLE_S20_BG256
RUN-1002 : start command "bit_to_vec -chip EAGLE_S20_BG256 -m jtag_burst -freq 4 -bit keyboard_Runs/phy_1/keyboard.bit"
RUN-1002 : start command "program -cable 0 -mode svf -spd 7 -p"
RUN-1003 : finish command "program -cable 0 -mode svf -spd 7 -p" in  6.678058s wall, 0.000000s user + 0.062500s system = 0.062500s CPU (0.9%)

RUN-1004 : used memory is 496 MB, reserved memory is 504 MB, peak memory is 566 MB
RUN-1003 : finish command "download -bit keyboard_Runs\phy_1\keyboard.bit -mode jtag -spd 7 -sec 64 -cable 0" in  6.882521s wall, 0.046875s user + 0.062500s system = 0.109375s CPU (1.6%)

RUN-1004 : used memory is 496 MB, reserved memory is 504 MB, peak memory is 566 MB
GUI-1001 : Downloading succeeded!
HDL-1007 : analyze verilog file ../src/onehot2binary.v
HDL-8007 ERROR: syntax error near ':' in ../src/onehot2binary.v(28)
HDL-8007 ERROR: syntax error near ':' in ../src/onehot2binary.v(30)
HDL-8007 ERROR: syntax error near ':' in ../src/onehot2binary.v(31)
HDL-8007 ERROR: syntax error near ':' in ../src/onehot2binary.v(32)
HDL-8007 ERROR: syntax error near ':' in ../src/onehot2binary.v(33)
HDL-8007 ERROR: syntax error near ':' in ../src/onehot2binary.v(38)
HDL-8007 ERROR: syntax error near ':' in ../src/onehot2binary.v(39)
HDL-8007 ERROR: syntax error near ':' in ../src/onehot2binary.v(40)
HDL-8007 ERROR: syntax error near ':' in ../src/onehot2binary.v(41)
HDL-8007 ERROR: syntax error near ':' in ../src/onehot2binary.v(45)
HDL-8007 ERROR: syntax error near ':' in ../src/onehot2binary.v(46)
HDL-8007 ERROR: syntax error near ':' in ../src/onehot2binary.v(47)
HDL-8007 ERROR: syntax error near 'endcase' in ../src/onehot2binary.v(48)
HDL-8007 ERROR: Verilog 2000 keyword 'endcase' used in incorrect context in ../src/onehot2binary.v(48)
HDL-8007 ERROR: syntax error near 'endmodule' in ../src/onehot2binary.v(70)
HDL-8007 ERROR: Verilog 2000 keyword 'endmodule' used in incorrect context in ../src/onehot2binary.v(70)
HDL-1007 : Verilog file '../src/onehot2binary.v' ignored due to errors
HDL-1007 : analyze verilog file ../src/onehot2binary.v
RUN-1001 : reset_run syn_1 phy_1.
GUI-6001 WARNING: File C:/Users/Osscarrrrr/Desktop/display-v2/td_prj/keyboard_Runs/phy_1/keyboard.bit does not exist!
RUN-1001 : launch_runs syn_1 phy_1  -jobs 6.
RUN-1001 : syn_1: run complete.
RUN-1001 : phy_1: run complete.
RUN-1001 : open_run phy_1.
RUN-1002 : start command "import_db C:/Users/Osscarrrrr/Desktop/display-v2/td_prj/keyboard_Runs/phy_1/keyboard_pr.db"
RUN-1001 : Importing database generated by Tang Dynasty, V5.6.71036.
RUN-1001 : Database version number 46146.
RUN-1001 : Import flow parameters
PHY-1001 : Generate detailed routing grids ...
PHY-1001 : Processed IO instance col[3]_syn_4 with INV attribute.
PHY-1001 : Processed IO instance col[2]_syn_4 with INV attribute.
PHY-1001 : Processed IO instance col[1]_syn_4 with INV attribute.
PHY-1001 : Processed IO instance col[0]_syn_4 with INV attribute.
PHY-1001 : Generate nets ...
PHY-1001 : net clk_50M_dup_1 will be routed on clock mesh
PHY-1001 : clock net U1/scan_clk_syn_4 will be merged with clock U1/scan_clk
PHY-1001 : eco open net = 0
PHY-1001 : 4 feed throughs used by 4 nets
RUN-1001 : Import IO constraints
RUN-1001 : Import Inst constraints
RUN-1001 : Import design success TD_VERSION=5.6.71036 , DB_VERSION=46146
RUN-1002 : start command "download -bit keyboard_Runs\phy_1\keyboard.bit -mode jtag -spd 7 -sec 64 -cable 0"
PRG-2014 : Chip validation success: EAGLE_S20_BG256
RUN-1002 : start command "bit_to_vec -chip EAGLE_S20_BG256 -m jtag_burst -freq 4 -bit keyboard_Runs/phy_1/keyboard.bit"
RUN-1002 : start command "program -cable 0 -mode svf -spd 7 -p"
RUN-1003 : finish command "program -cable 0 -mode svf -spd 7 -p" in  6.602871s wall, 0.031250s user + 0.015625s system = 0.046875s CPU (0.7%)

RUN-1004 : used memory is 501 MB, reserved memory is 507 MB, peak memory is 566 MB
RUN-1003 : finish command "download -bit keyboard_Runs\phy_1\keyboard.bit -mode jtag -spd 7 -sec 64 -cable 0" in  6.805422s wall, 0.078125s user + 0.046875s system = 0.125000s CPU (1.8%)

RUN-1004 : used memory is 501 MB, reserved memory is 507 MB, peak memory is 566 MB
GUI-1001 : Downloading succeeded!
HDL-1007 : analyze verilog file ../src/onehot2binary.v
RUN-1001 : reset_run syn_1 phy_1.
GUI-6001 WARNING: File C:/Users/Osscarrrrr/Desktop/display-v2/td_prj/keyboard_Runs/phy_1/keyboard.bit does not exist!
RUN-1001 : launch_runs syn_1 phy_1  -jobs 6.
RUN-1001 : syn_1: run complete.
RUN-1001 : phy_1: run complete.
RUN-1001 : open_run phy_1.
RUN-1002 : start command "import_db C:/Users/Osscarrrrr/Desktop/display-v2/td_prj/keyboard_Runs/phy_1/keyboard_pr.db"
RUN-1001 : Importing database generated by Tang Dynasty, V5.6.71036.
RUN-1001 : Database version number 46146.
RUN-1001 : Import flow parameters
PHY-1001 : Generate detailed routing grids ...
PHY-1001 : Processed IO instance col[3]_syn_4 with INV attribute.
PHY-1001 : Processed IO instance col[2]_syn_4 with INV attribute.
PHY-1001 : Processed IO instance col[1]_syn_4 with INV attribute.
PHY-1001 : Processed IO instance col[0]_syn_4 with INV attribute.
PHY-1001 : Generate nets ...
PHY-1001 : net clk_50M_dup_1 will be routed on clock mesh
PHY-1001 : clock net U1/scan_clk_syn_4 will be merged with clock U1/scan_clk
PHY-1001 : eco open net = 0
PHY-1001 : 0 feed throughs used by 0 nets
RUN-1001 : Import IO constraints
RUN-1001 : Import Inst constraints
RUN-1001 : Import design success TD_VERSION=5.6.71036 , DB_VERSION=46146
RUN-1002 : start command "download -bit keyboard_Runs\phy_1\keyboard.bit -mode jtag -spd 7 -sec 64 -cable 0"
PRG-2014 : Chip validation success: EAGLE_S20_BG256
RUN-1002 : start command "bit_to_vec -chip EAGLE_S20_BG256 -m jtag_burst -freq 4 -bit keyboard_Runs/phy_1/keyboard.bit"
RUN-1002 : start command "program -cable 0 -mode svf -spd 7 -p"
RUN-1003 : finish command "program -cable 0 -mode svf -spd 7 -p" in  6.635326s wall, 0.000000s user + 0.000000s system = 0.000000s CPU (n/a%)

RUN-1004 : used memory is 503 MB, reserved memory is 513 MB, peak memory is 566 MB
RUN-1003 : finish command "download -bit keyboard_Runs\phy_1\keyboard.bit -mode jtag -spd 7 -sec 64 -cable 0" in  6.836063s wall, 0.015625s user + 0.000000s system = 0.015625s CPU (0.2%)

RUN-1004 : used memory is 503 MB, reserved memory is 513 MB, peak memory is 566 MB
GUI-1001 : Downloading succeeded!
HDL-1007 : analyze verilog file ../src/onehot2binary.v
RUN-1002 : start command "download -bit keyboard_Runs\phy_1\keyboard.bit -mode jtag -spd 7 -sec 64 -cable 0"
PRG-2014 : Chip validation success: EAGLE_S20_BG256
RUN-1002 : start command "bit_to_vec -chip EAGLE_S20_BG256 -m jtag_burst -freq 4 -bit keyboard_Runs/phy_1/keyboard.bit"
RUN-1002 : start command "program -cable 0 -mode svf -spd 7 -p"
RUN-1003 : finish command "program -cable 0 -mode svf -spd 7 -p" in  6.582740s wall, 0.015625s user + 0.031250s system = 0.046875s CPU (0.7%)

RUN-1004 : used memory is 505 MB, reserved memory is 515 MB, peak memory is 566 MB
RUN-1003 : finish command "download -bit keyboard_Runs\phy_1\keyboard.bit -mode jtag -spd 7 -sec 64 -cable 0" in  6.784364s wall, 0.078125s user + 0.031250s system = 0.109375s CPU (1.6%)

RUN-1004 : used memory is 505 MB, reserved memory is 515 MB, peak memory is 566 MB
GUI-1001 : Downloading succeeded!
HDL-1007 : analyze verilog file ../src/onehot2binary.v
RUN-1001 : reset_run syn_1 phy_1.
GUI-6001 WARNING: File C:/Users/Osscarrrrr/Desktop/display-v2/td_prj/keyboard_Runs/phy_1/keyboard.bit does not exist!
RUN-1001 : launch_runs syn_1 phy_1  -jobs 6.
RUN-1001 : syn_1: run complete.
RUN-1001 : phy_1: run complete.
RUN-1001 : open_run phy_1.
RUN-1002 : start command "import_db C:/Users/Osscarrrrr/Desktop/display-v2/td_prj/keyboard_Runs/phy_1/keyboard_pr.db"
RUN-1001 : Importing database generated by Tang Dynasty, V5.6.71036.
RUN-1001 : Database version number 46146.
RUN-1001 : Import flow parameters
PHY-1001 : Generate detailed routing grids ...
PHY-1001 : Processed IO instance col[3]_syn_4 with INV attribute.
PHY-1001 : Processed IO instance col[2]_syn_4 with INV attribute.
PHY-1001 : Processed IO instance col[1]_syn_4 with INV attribute.
PHY-1001 : Processed IO instance col[0]_syn_4 with INV attribute.
PHY-1001 : Generate nets ...
PHY-1001 : net clk_50M_dup_1 will be routed on clock mesh
PHY-1001 : clock net U1/scan_clk_syn_4 will be merged with clock U1/scan_clk
PHY-1001 : eco open net = 0
PHY-1001 : 1 feed throughs used by 1 nets
RUN-1001 : Import IO constraints
RUN-1001 : Import Inst constraints
RUN-1001 : Import design success TD_VERSION=5.6.71036 , DB_VERSION=46146
RUN-1002 : start command "download -bit keyboard_Runs\phy_1\keyboard.bit -mode jtag -spd 7 -sec 64 -cable 0"
PRG-2014 : Chip validation success: EAGLE_S20_BG256
RUN-1002 : start command "bit_to_vec -chip EAGLE_S20_BG256 -m jtag_burst -freq 4 -bit keyboard_Runs/phy_1/keyboard.bit"
RUN-1002 : start command "program -cable 0 -mode svf -spd 7 -p"
RUN-1003 : finish command "program -cable 0 -mode svf -spd 7 -p" in  6.654390s wall, 0.046875s user + 0.046875s system = 0.093750s CPU (1.4%)

RUN-1004 : used memory is 508 MB, reserved memory is 521 MB, peak memory is 566 MB
RUN-1003 : finish command "download -bit keyboard_Runs\phy_1\keyboard.bit -mode jtag -spd 7 -sec 64 -cable 0" in  6.860081s wall, 0.109375s user + 0.046875s system = 0.156250s CPU (2.3%)

RUN-1004 : used memory is 508 MB, reserved memory is 521 MB, peak memory is 566 MB
GUI-1001 : Downloading succeeded!
HDL-1007 : analyze verilog file ../src/onehot2binary.v
HDL-8007 ERROR: syntax error near '=' in ../src/onehot2binary.v(66)
HDL-8007 ERROR: syntax error near 'endmodule' in ../src/onehot2binary.v(85)
HDL-8007 ERROR: Verilog 2000 keyword 'endmodule' used in incorrect context in ../src/onehot2binary.v(85)
HDL-1007 : Verilog file '../src/onehot2binary.v' ignored due to errors
HDL-1007 : analyze verilog file ../src/onehot2binary.v
RUN-1001 : reset_run syn_1 phy_1.
GUI-6001 WARNING: File C:/Users/Osscarrrrr/Desktop/display-v2/td_prj/keyboard_Runs/phy_1/keyboard.bit does not exist!
RUN-1001 : launch_runs syn_1 phy_1  -jobs 6.
RUN-1001 : syn_1: run complete.
RUN-1001 : phy_1: run complete.
RUN-1001 : open_run phy_1.
RUN-1002 : start command "import_db C:/Users/Osscarrrrr/Desktop/display-v2/td_prj/keyboard_Runs/phy_1/keyboard_pr.db"
RUN-1001 : Importing database generated by Tang Dynasty, V5.6.71036.
RUN-1001 : Database version number 46146.
RUN-1001 : Import flow parameters
PHY-1001 : Generate detailed routing grids ...
PHY-1001 : Processed IO instance col[3]_syn_4 with INV attribute.
PHY-1001 : Processed IO instance col[2]_syn_4 with INV attribute.
PHY-1001 : Processed IO instance col[1]_syn_4 with INV attribute.
PHY-1001 : Processed IO instance col[0]_syn_4 with INV attribute.
PHY-1001 : Generate nets ...
PHY-1001 : net clk_50M_dup_1 will be routed on clock mesh
PHY-1001 : clock net U1/scan_clk_syn_4 will be merged with clock U1/scan_clk
PHY-1001 : eco open net = 0
PHY-1001 : 1 feed throughs used by 1 nets
RUN-1001 : Import IO constraints
RUN-1001 : Import Inst constraints
RUN-1001 : Import design success TD_VERSION=5.6.71036 , DB_VERSION=46146
HDL-1007 : analyze verilog file ../src/onehot2binary.v
RUN-1001 : reset_run syn_1 phy_1.
GUI-6001 WARNING: File C:/Users/Osscarrrrr/Desktop/display-v2/td_prj/keyboard_Runs/phy_1/keyboard.bit does not exist!
RUN-1001 : launch_runs syn_1 phy_1  -jobs 6.
RUN-1001 : syn_1: run complete.
RUN-1001 : phy_1: run complete.
RUN-1001 : open_run phy_1.
RUN-1002 : start command "import_db C:/Users/Osscarrrrr/Desktop/display-v2/td_prj/keyboard_Runs/phy_1/keyboard_pr.db"
RUN-1001 : Importing database generated by Tang Dynasty, V5.6.71036.
RUN-1001 : Database version number 46146.
RUN-1001 : Import flow parameters
PHY-1001 : Generate detailed routing grids ...
PHY-1001 : Processed IO instance col[3]_syn_4 with INV attribute.
PHY-1001 : Processed IO instance col[2]_syn_4 with INV attribute.
PHY-1001 : Processed IO instance col[1]_syn_4 with INV attribute.
PHY-1001 : Processed IO instance col[0]_syn_4 with INV attribute.
PHY-1001 : Generate nets ...
PHY-1001 : net clk_50M_dup_1 will be routed on clock mesh
PHY-1001 : clock net U1/scan_clk_syn_4 will be merged with clock U1/scan_clk
PHY-1001 : eco open net = 0
PHY-1001 : 5 feed throughs used by 4 nets
RUN-1001 : Import IO constraints
RUN-1001 : Import Inst constraints
RUN-1001 : Import design success TD_VERSION=5.6.71036 , DB_VERSION=46146
HDL-1007 : analyze verilog file ../src/Digitron_TimeDisplay_module.v
HDL-8007 ERROR: syntax error near '=' in ../src/Digitron_TimeDisplay_module.v(52)
HDL-8007 ERROR: default case should appear only once in ../src/Digitron_TimeDisplay_module.v(68)
HDL-8007 ERROR: ignore module module due to previous errors in ../src/Digitron_TimeDisplay_module.v(1)
HDL-1007 : Verilog file '../src/Digitron_TimeDisplay_module.v' ignored due to errors
HDL-1007 : analyze verilog file ../src/Digitron_TimeDisplay_module.v
RUN-1002 : start command "download -bit keyboard_Runs\phy_1\keyboard.bit -mode jtag -spd 7 -sec 64 -cable 0"
PRG-2014 : Chip validation success: EAGLE_S20_BG256
RUN-1002 : start command "bit_to_vec -chip EAGLE_S20_BG256 -m jtag_burst -freq 4 -bit keyboard_Runs/phy_1/keyboard.bit"
RUN-1002 : start command "program -cable 0 -mode svf -spd 7 -p"
RUN-1003 : finish command "program -cable 0 -mode svf -spd 7 -p" in  6.686285s wall, 0.000000s user + 0.031250s system = 0.031250s CPU (0.5%)

RUN-1004 : used memory is 530 MB, reserved memory is 537 MB, peak memory is 566 MB
RUN-1003 : finish command "download -bit keyboard_Runs\phy_1\keyboard.bit -mode jtag -spd 7 -sec 64 -cable 0" in  6.892216s wall, 0.046875s user + 0.031250s system = 0.078125s CPU (1.1%)

RUN-1004 : used memory is 530 MB, reserved memory is 537 MB, peak memory is 566 MB
GUI-1001 : Downloading succeeded!
HDL-1007 : analyze verilog file ../src/Digitron_TimeDisplay_module.v
RUN-1002 : start command "download -bit keyboard_Runs\phy_1\keyboard.bit -mode jtag -spd 7 -sec 64 -cable 0"
PRG-2014 : Chip validation success: EAGLE_S20_BG256
RUN-1002 : start command "bit_to_vec -chip EAGLE_S20_BG256 -m jtag_burst -freq 4 -bit keyboard_Runs/phy_1/keyboard.bit"
RUN-1002 : start command "program -cable 0 -mode svf -spd 7 -p"
RUN-1003 : finish command "program -cable 0 -mode svf -spd 7 -p" in  6.608947s wall, 0.000000s user + 0.062500s system = 0.062500s CPU (0.9%)

RUN-1004 : used memory is 530 MB, reserved memory is 537 MB, peak memory is 566 MB
RUN-1003 : finish command "download -bit keyboard_Runs\phy_1\keyboard.bit -mode jtag -spd 7 -sec 64 -cable 0" in  6.815960s wall, 0.046875s user + 0.062500s system = 0.109375s CPU (1.6%)

RUN-1004 : used memory is 530 MB, reserved memory is 537 MB, peak memory is 566 MB
GUI-1001 : Downloading succeeded!
HDL-1007 : analyze verilog file ../src/Digitron_TimeDisplay_module.v
HDL-1007 : analyze verilog file ../src/onehot2binary.v
HDL-8007 ERROR: syntax error near '=' in ../src/onehot2binary.v(66)
HDL-8007 ERROR: syntax error near 'endmodule' in ../src/onehot2binary.v(85)
HDL-8007 ERROR: Verilog 2000 keyword 'endmodule' used in incorrect context in ../src/onehot2binary.v(85)
HDL-1007 : Verilog file '../src/onehot2binary.v' ignored due to errors
HDL-1007 : analyze verilog file ../src/onehot2binary.v
HDL-8007 ERROR: syntax error near 'endmodule' in ../src/onehot2binary.v(85)
HDL-8007 ERROR: Verilog 2000 keyword 'endmodule' used in incorrect context in ../src/onehot2binary.v(85)
HDL-1007 : Verilog file '../src/onehot2binary.v' ignored due to errors
HDL-1007 : analyze verilog file ../src/onehot2binary.v
RUN-1002 : start command "download -bit keyboard_Runs\phy_1\keyboard.bit -mode jtag -spd 7 -sec 64 -cable 0"
PRG-2014 : Chip validation success: EAGLE_S20_BG256
RUN-1002 : start command "bit_to_vec -chip EAGLE_S20_BG256 -m jtag_burst -freq 4 -bit keyboard_Runs/phy_1/keyboard.bit"
RUN-1002 : start command "program -cable 0 -mode svf -spd 7 -p"
RUN-1003 : finish command "program -cable 0 -mode svf -spd 7 -p" in  6.632522s wall, 0.031250s user + 0.015625s system = 0.046875s CPU (0.7%)

RUN-1004 : used memory is 543 MB, reserved memory is 552 MB, peak memory is 566 MB
RUN-1003 : finish command "download -bit keyboard_Runs\phy_1\keyboard.bit -mode jtag -spd 7 -sec 64 -cable 0" in  6.830255s wall, 0.109375s user + 0.015625s system = 0.125000s CPU (1.8%)

RUN-1004 : used memory is 543 MB, reserved memory is 552 MB, peak memory is 566 MB
GUI-1001 : Downloading succeeded!
HDL-1007 : analyze verilog file ../src/onehot2binary.v
HDL-1007 : analyze verilog file ../src/onehot2binary.v
RUN-1002 : start command "download -bit keyboard_Runs\phy_1\keyboard.bit -mode jtag -spd 7 -sec 64 -cable 0"
PRG-2014 : Chip validation success: EAGLE_S20_BG256
RUN-1002 : start command "bit_to_vec -chip EAGLE_S20_BG256 -m jtag_burst -freq 4 -bit keyboard_Runs/phy_1/keyboard.bit"
RUN-1002 : start command "program -cable 0 -mode svf -spd 7 -p"
RUN-1003 : finish command "program -cable 0 -mode svf -spd 7 -p" in  6.636526s wall, 0.015625s user + 0.000000s system = 0.015625s CPU (0.2%)

RUN-1004 : used memory is 536 MB, reserved memory is 552 MB, peak memory is 566 MB
RUN-1003 : finish command "download -bit keyboard_Runs\phy_1\keyboard.bit -mode jtag -spd 7 -sec 64 -cable 0" in  6.844067s wall, 0.093750s user + 0.015625s system = 0.109375s CPU (1.6%)

RUN-1004 : used memory is 536 MB, reserved memory is 552 MB, peak memory is 566 MB
GUI-1001 : Downloading succeeded!
HDL-1007 : analyze verilog file ../src/onehot2binary.v
HDL-1007 : analyze verilog file ../src/Digitron_TimeDisplay_module.v
RUN-1002 : start command "download -bit keyboard_Runs\phy_1\keyboard.bit -mode jtag -spd 7 -sec 64 -cable 0"
PRG-2014 : Chip validation success: EAGLE_S20_BG256
RUN-1002 : start command "bit_to_vec -chip EAGLE_S20_BG256 -m jtag_burst -freq 4 -bit keyboard_Runs/phy_1/keyboard.bit"
RUN-1002 : start command "program -cable 0 -mode svf -spd 7 -p"
RUN-1003 : finish command "program -cable 0 -mode svf -spd 7 -p" in  6.675314s wall, 0.000000s user + 0.031250s system = 0.031250s CPU (0.5%)

RUN-1004 : used memory is 243 MB, reserved memory is 552 MB, peak memory is 566 MB
RUN-1003 : finish command "download -bit keyboard_Runs\phy_1\keyboard.bit -mode jtag -spd 7 -sec 64 -cable 0" in  6.874831s wall, 0.046875s user + 0.031250s system = 0.078125s CPU (1.1%)

RUN-1004 : used memory is 243 MB, reserved memory is 552 MB, peak memory is 566 MB
GUI-1001 : Downloading succeeded!
HDL-1007 : analyze verilog file ../src/Digitron_TimeDisplay_module.v
HDL-1007 : analyze verilog file ../src/onehot2binary.v
HDL-8007 ERROR: syntax error near ''' in ../src/onehot2binary.v(22)
HDL-8007 ERROR: syntax error near ';' in ../src/onehot2binary.v(50)
HDL-5007 WARNING: empty statement in sequential block in ../src/onehot2binary.v(12)
HDL-8007 ERROR: ignore module module due to previous errors in ../src/onehot2binary.v(1)
HDL-1007 : Verilog file '../src/onehot2binary.v' ignored due to errors
HDL-1007 : analyze verilog file ../src/onehot2binary.v
HDL-8007 ERROR: syntax error near ''' in ../src/onehot2binary.v(22)
HDL-8007 ERROR: syntax error near ';' in ../src/onehot2binary.v(50)
HDL-5007 WARNING: empty statement in sequential block in ../src/onehot2binary.v(12)
HDL-8007 ERROR: ignore module module due to previous errors in ../src/onehot2binary.v(1)
HDL-1007 : Verilog file '../src/onehot2binary.v' ignored due to errors
HDL-1007 : analyze verilog file ../src/onehot2binary.v
HDL-8007 ERROR: syntax error near ''' in ../src/onehot2binary.v(22)
HDL-8007 ERROR: ignore module module due to previous errors in ../src/onehot2binary.v(1)
HDL-1007 : Verilog file '../src/onehot2binary.v' ignored due to errors
HDL-1007 : analyze verilog file ../src/onehot2binary.v
HDL-8007 ERROR: syntax error near ''' in ../src/onehot2binary.v(22)
HDL-8007 ERROR: ignore module module due to previous errors in ../src/onehot2binary.v(1)
HDL-1007 : Verilog file '../src/onehot2binary.v' ignored due to errors
HDL-1007 : analyze verilog file ../src/onehot2binary.v
RUN-1002 : start command "download -bit keyboard_Runs\phy_1\keyboard.bit -mode jtag -spd 7 -sec 64 -cable 0"
PRG-2014 : Chip validation success: EAGLE_S20_BG256
RUN-1002 : start command "bit_to_vec -chip EAGLE_S20_BG256 -m jtag_burst -freq 4 -bit keyboard_Runs/phy_1/keyboard.bit"
RUN-1002 : start command "program -cable 0 -mode svf -spd 7 -p"
RUN-1003 : finish command "program -cable 0 -mode svf -spd 7 -p" in  6.625205s wall, 0.031250s user + 0.031250s system = 0.062500s CPU (0.9%)

RUN-1004 : used memory is 303 MB, reserved memory is 610 MB, peak memory is 566 MB
RUN-1003 : finish command "download -bit keyboard_Runs\phy_1\keyboard.bit -mode jtag -spd 7 -sec 64 -cable 0" in  6.822682s wall, 0.093750s user + 0.031250s system = 0.125000s CPU (1.8%)

RUN-1004 : used memory is 303 MB, reserved memory is 610 MB, peak memory is 566 MB
GUI-1001 : Downloading succeeded!
HDL-1007 : analyze verilog file ../src/onehot2binary.v
RUN-1002 : start command "download -bit keyboard_Runs\phy_1\keyboard.bit -mode jtag -spd 7 -sec 64 -cable 0"
PRG-2014 : Chip validation success: EAGLE_S20_BG256
RUN-1002 : start command "bit_to_vec -chip EAGLE_S20_BG256 -m jtag_burst -freq 4 -bit keyboard_Runs/phy_1/keyboard.bit"
RUN-1002 : start command "program -cable 0 -mode svf -spd 7 -p"
RUN-1003 : finish command "program -cable 0 -mode svf -spd 7 -p" in  6.622383s wall, 0.046875s user + 0.031250s system = 0.078125s CPU (1.2%)

RUN-1004 : used memory is 283 MB, reserved memory is 603 MB, peak memory is 566 MB
RUN-1003 : finish command "download -bit keyboard_Runs\phy_1\keyboard.bit -mode jtag -spd 7 -sec 64 -cable 0" in  6.816227s wall, 0.093750s user + 0.046875s system = 0.140625s CPU (2.1%)

RUN-1004 : used memory is 283 MB, reserved memory is 603 MB, peak memory is 566 MB
GUI-1001 : Downloading succeeded!
HDL-1007 : analyze verilog file ../src/onehot2binary.v
HDL-1007 : analyze verilog file ../src/Digitron_TimeDisplay_module.v
HDL-8007 ERROR: syntax error near 'if' in ../src/Digitron_TimeDisplay_module.v(52)
HDL-8007 ERROR: Verilog 2000 keyword 'if' used in incorrect context in ../src/Digitron_TimeDisplay_module.v(52)
HDL-8007 ERROR: default case should appear only once in ../src/Digitron_TimeDisplay_module.v(73)
HDL-8007 ERROR: ignore module module due to previous errors in ../src/Digitron_TimeDisplay_module.v(1)
HDL-1007 : Verilog file '../src/Digitron_TimeDisplay_module.v' ignored due to errors
HDL-1007 : analyze verilog file ../src/Digitron_TimeDisplay_module.v
HDL-8007 ERROR: syntax error near 'if' in ../src/Digitron_TimeDisplay_module.v(52)
HDL-8007 ERROR: Verilog 2000 keyword 'if' used in incorrect context in ../src/Digitron_TimeDisplay_module.v(52)
HDL-8007 ERROR: default case should appear only once in ../src/Digitron_TimeDisplay_module.v(73)
HDL-8007 ERROR: ignore module module due to previous errors in ../src/Digitron_TimeDisplay_module.v(1)
HDL-1007 : Verilog file '../src/Digitron_TimeDisplay_module.v' ignored due to errors
HDL-1007 : analyze verilog file ../src/Digitron_TimeDisplay_module.v
HDL-8007 ERROR: syntax error near 'if' in ../src/Digitron_TimeDisplay_module.v(51)
HDL-8007 ERROR: Verilog 2000 keyword 'if' used in incorrect context in ../src/Digitron_TimeDisplay_module.v(51)
HDL-8007 ERROR: default case should appear only once in ../src/Digitron_TimeDisplay_module.v(70)
HDL-8007 ERROR: ignore module module due to previous errors in ../src/Digitron_TimeDisplay_module.v(1)
HDL-1007 : Verilog file '../src/Digitron_TimeDisplay_module.v' ignored due to errors
HDL-1007 : analyze verilog file ../src/Digitron_TimeDisplay_module.v
HDL-8007 ERROR: syntax error near 'if' in ../src/Digitron_TimeDisplay_module.v(51)
HDL-8007 ERROR: Verilog 2000 keyword 'if' used in incorrect context in ../src/Digitron_TimeDisplay_module.v(51)
HDL-8007 ERROR: default case should appear only once in ../src/Digitron_TimeDisplay_module.v(70)
HDL-8007 ERROR: ignore module module due to previous errors in ../src/Digitron_TimeDisplay_module.v(1)
HDL-1007 : Verilog file '../src/Digitron_TimeDisplay_module.v' ignored due to errors
HDL-1007 : analyze verilog file ../src/Digitron_TimeDisplay_module.v
HDL-8007 ERROR: syntax error near 'if' in ../src/Digitron_TimeDisplay_module.v(51)
HDL-8007 ERROR: Verilog 2000 keyword 'if' used in incorrect context in ../src/Digitron_TimeDisplay_module.v(51)
HDL-8007 ERROR: default case should appear only once in ../src/Digitron_TimeDisplay_module.v(70)
HDL-8007 ERROR: ignore module module due to previous errors in ../src/Digitron_TimeDisplay_module.v(1)
HDL-1007 : Verilog file '../src/Digitron_TimeDisplay_module.v' ignored due to errors
HDL-1007 : analyze verilog file ../src/Digitron_TimeDisplay_module.v
HDL-8007 ERROR: syntax error near 'if' in ../src/Digitron_TimeDisplay_module.v(53)
HDL-8007 ERROR: Verilog 2000 keyword 'if' used in incorrect context in ../src/Digitron_TimeDisplay_module.v(53)
HDL-8007 ERROR: default case should appear only once in ../src/Digitron_TimeDisplay_module.v(70)
HDL-8007 ERROR: ignore module module due to previous errors in ../src/Digitron_TimeDisplay_module.v(1)
HDL-1007 : Verilog file '../src/Digitron_TimeDisplay_module.v' ignored due to errors
HDL-1007 : analyze verilog file ../src/Digitron_TimeDisplay_module.v
RUN-1002 : start command "download -bit keyboard_Runs\phy_1\keyboard.bit -mode jtag -spd 7 -sec 64 -cable 0"
PRG-2014 : Chip validation success: EAGLE_S20_BG256
RUN-1002 : start command "bit_to_vec -chip EAGLE_S20_BG256 -m jtag_burst -freq 4 -bit keyboard_Runs/phy_1/keyboard.bit"
RUN-1002 : start command "program -cable 0 -mode svf -spd 7 -p"
RUN-1003 : finish command "program -cable 0 -mode svf -spd 7 -p" in  6.561529s wall, 0.015625s user + 0.062500s system = 0.078125s CPU (1.2%)

RUN-1004 : used memory is 313 MB, reserved memory is 631 MB, peak memory is 566 MB
RUN-1003 : finish command "download -bit keyboard_Runs\phy_1\keyboard.bit -mode jtag -spd 7 -sec 64 -cable 0" in  6.765271s wall, 0.093750s user + 0.078125s system = 0.171875s CPU (2.5%)

RUN-1004 : used memory is 313 MB, reserved memory is 631 MB, peak memory is 566 MB
GUI-1001 : Downloading succeeded!
HDL-1007 : analyze verilog file ../src/Digitron_TimeDisplay_module.v
RUN-1002 : start command "download -bit keyboard_Runs\phy_1\keyboard.bit -mode jtag -spd 7 -sec 64 -cable 0"
PRG-2014 : Chip validation success: EAGLE_S20_BG256
RUN-1002 : start command "bit_to_vec -chip EAGLE_S20_BG256 -m jtag_burst -freq 4 -bit keyboard_Runs/phy_1/keyboard.bit"
RUN-1002 : start command "program -cable 0 -mode svf -spd 7 -p"
RUN-1003 : finish command "program -cable 0 -mode svf -spd 7 -p" in  6.660316s wall, 0.031250s user + 0.078125s system = 0.109375s CPU (1.6%)

RUN-1004 : used memory is 258 MB, reserved memory is 628 MB, peak memory is 566 MB
RUN-1003 : finish command "download -bit keyboard_Runs\phy_1\keyboard.bit -mode jtag -spd 7 -sec 64 -cable 0" in  6.864644s wall, 0.078125s user + 0.093750s system = 0.171875s CPU (2.5%)

RUN-1004 : used memory is 258 MB, reserved memory is 628 MB, peak memory is 566 MB
GUI-1001 : Downloading succeeded!
HDL-1007 : analyze verilog file ../src/Digitron_TimeDisplay_module.v
HDL-1007 : analyze verilog file ../src/onehot2binary.v
HDL-8007 ERROR: syntax error near 'else' in ../src/onehot2binary.v(18)
HDL-8007 ERROR: Verilog 2000 keyword 'else' used in incorrect context in ../src/onehot2binary.v(18)
HDL-8007 ERROR: syntax error near ':' in ../src/onehot2binary.v(30)
HDL-8007 ERROR: syntax error near ':' in ../src/onehot2binary.v(32)
HDL-8007 ERROR: syntax error near ':' in ../src/onehot2binary.v(33)
HDL-8007 ERROR: syntax error near ':' in ../src/onehot2binary.v(34)
HDL-8007 ERROR: syntax error near ':' in ../src/onehot2binary.v(35)
HDL-8007 ERROR: syntax error near ':' in ../src/onehot2binary.v(40)
HDL-8007 ERROR: syntax error near ':' in ../src/onehot2binary.v(41)
HDL-8007 ERROR: syntax error near ':' in ../src/onehot2binary.v(42)
HDL-8007 ERROR: syntax error near ':' in ../src/onehot2binary.v(43)
HDL-8007 ERROR: syntax error near ':' in ../src/onehot2binary.v(47)
HDL-8007 ERROR: syntax error near ':' in ../src/onehot2binary.v(48)
HDL-8007 ERROR: syntax error near ':' in ../src/onehot2binary.v(49)
HDL-8007 ERROR: syntax error near 'endcase' in ../src/onehot2binary.v(50)
HDL-8007 ERROR: Verilog 2000 keyword 'endcase' used in incorrect context in ../src/onehot2binary.v(50)
HDL-8007 ERROR: syntax error near 'endmodule' in ../src/onehot2binary.v(70)
HDL-8007 ERROR: Verilog 2000 keyword 'endmodule' used in incorrect context in ../src/onehot2binary.v(70)
HDL-1007 : Verilog file '../src/onehot2binary.v' ignored due to errors
HDL-1007 : analyze verilog file ../src/onehot2binary.v
RUN-1002 : start command "download -bit keyboard_Runs\phy_1\keyboard.bit -mode jtag -spd 7 -sec 64 -cable 0"
PRG-2014 : Chip validation success: EAGLE_S20_BG256
RUN-1002 : start command "bit_to_vec -chip EAGLE_S20_BG256 -m jtag_burst -freq 4 -bit keyboard_Runs/phy_1/keyboard.bit"
RUN-1002 : start command "program -cable 0 -mode svf -spd 7 -p"
RUN-1003 : finish command "program -cable 0 -mode svf -spd 7 -p" in  6.580514s wall, 0.046875s user + 0.062500s system = 0.109375s CPU (1.7%)

RUN-1004 : used memory is 264 MB, reserved memory is 643 MB, peak memory is 566 MB
RUN-1003 : finish command "download -bit keyboard_Runs\phy_1\keyboard.bit -mode jtag -spd 7 -sec 64 -cable 0" in  6.793519s wall, 0.109375s user + 0.093750s system = 0.203125s CPU (3.0%)

RUN-1004 : used memory is 264 MB, reserved memory is 643 MB, peak memory is 566 MB
GUI-1001 : Downloading succeeded!
RUN-1002 : start command "download -bit keyboard_Runs\phy_1\keyboard.bit -mode jtag -spd 7 -sec 64 -cable 0"
PRG-2014 : Chip validation success: EAGLE_S20_BG256
RUN-1002 : start command "bit_to_vec -chip EAGLE_S20_BG256 -m jtag_burst -freq 4 -bit keyboard_Runs/phy_1/keyboard.bit"
RUN-1002 : start command "program -cable 0 -mode svf -spd 7 -p"
RUN-1003 : finish command "program -cable 0 -mode svf -spd 7 -p" in  6.611049s wall, 0.062500s user + 0.046875s system = 0.109375s CPU (1.7%)

RUN-1004 : used memory is 265 MB, reserved memory is 644 MB, peak memory is 566 MB
RUN-1003 : finish command "download -bit keyboard_Runs\phy_1\keyboard.bit -mode jtag -spd 7 -sec 64 -cable 0" in  6.809606s wall, 0.125000s user + 0.062500s system = 0.187500s CPU (2.8%)

RUN-1004 : used memory is 265 MB, reserved memory is 644 MB, peak memory is 566 MB
GUI-1001 : Downloading succeeded!
HDL-1007 : analyze verilog file ../src/onehot2binary.v
RUN-1002 : start command "download -bit keyboard_Runs\phy_1\keyboard.bit -mode jtag -spd 7 -sec 64 -cable 0"
PRG-2014 : Chip validation success: EAGLE_S20_BG256
RUN-1002 : start command "bit_to_vec -chip EAGLE_S20_BG256 -m jtag_burst -freq 4 -bit keyboard_Runs/phy_1/keyboard.bit"
RUN-1002 : start command "program -cable 0 -mode svf -spd 7 -p"
RUN-1003 : finish command "program -cable 0 -mode svf -spd 7 -p" in  6.609877s wall, 0.015625s user + 0.062500s system = 0.078125s CPU (1.2%)

RUN-1004 : used memory is 273 MB, reserved memory is 650 MB, peak memory is 566 MB
RUN-1003 : finish command "download -bit keyboard_Runs\phy_1\keyboard.bit -mode jtag -spd 7 -sec 64 -cable 0" in  6.812473s wall, 0.046875s user + 0.078125s system = 0.125000s CPU (1.8%)

RUN-1004 : used memory is 273 MB, reserved memory is 650 MB, peak memory is 566 MB
GUI-1001 : Downloading succeeded!
HDL-1007 : analyze verilog file ../src/onehot2binary.v
HDL-8007 ERROR: syntax error near 'endmodule' in ../src/onehot2binary.v(96)
HDL-8007 ERROR: Verilog 2000 keyword 'endmodule' used in incorrect context in ../src/onehot2binary.v(96)
HDL-1007 : Verilog file '../src/onehot2binary.v' ignored due to errors
HDL-1007 : analyze verilog file ../src/onehot2binary.v
HDL-8007 ERROR: syntax error near 'endmodule' in ../src/onehot2binary.v(96)
HDL-8007 ERROR: Verilog 2000 keyword 'endmodule' used in incorrect context in ../src/onehot2binary.v(96)
HDL-1007 : Verilog file '../src/onehot2binary.v' ignored due to errors
HDL-1007 : analyze verilog file ../src/onehot2binary.v
HDL-5007 WARNING: 'button' is not declared in ../src/onehot2binary.v(33)
HDL-5007 WARNING: 'button' is not declared in ../src/onehot2binary.v(33)
HDL-1007 : analyze verilog file ../src/onehot2binary.v
HDL-1007 : analyze verilog file ../src/onehot2binary.v
HDL-8007 ERROR: syntax error near 'endmodule' in ../src/onehot2binary.v(92)
HDL-8007 ERROR: Verilog 2000 keyword 'endmodule' used in incorrect context in ../src/onehot2binary.v(92)
HDL-1007 : Verilog file '../src/onehot2binary.v' ignored due to errors
HDL-1007 : analyze verilog file ../src/onehot2binary.v
HDL-5007 WARNING: 'reset' is not declared in ../src/onehot2binary.v(15)
HDL-5007 WARNING: 'reset' is not declared in ../src/onehot2binary.v(16)
HDL-5007 WARNING: 'reset' is not declared in ../src/onehot2binary.v(15)
HDL-5007 WARNING: 'reset' is not declared in ../src/onehot2binary.v(16)
HDL-1007 : analyze verilog file ../src/onehot2binary.v
HDL-5007 WARNING: 'reset' is not declared in ../src/onehot2binary.v(15)
HDL-5007 WARNING: 'reset' is not declared in ../src/onehot2binary.v(16)
HDL-5007 WARNING: 'reset' is not declared in ../src/onehot2binary.v(15)
HDL-5007 WARNING: 'reset' is not declared in ../src/onehot2binary.v(16)
RUN-1002 : start command "download -bit keyboard_Runs\phy_1\keyboard.bit -mode jtag -spd 7 -sec 64 -cable 0"
PRG-2014 : Chip validation success: EAGLE_S20_BG256
RUN-1002 : start command "bit_to_vec -chip EAGLE_S20_BG256 -m jtag_burst -freq 4 -bit keyboard_Runs/phy_1/keyboard.bit"
RUN-1002 : start command "program -cable 0 -mode svf -spd 7 -p"
RUN-1003 : finish command "program -cable 0 -mode svf -spd 7 -p" in  6.616615s wall, 0.031250s user + 0.000000s system = 0.031250s CPU (0.5%)

RUN-1004 : used memory is 292 MB, reserved memory is 678 MB, peak memory is 566 MB
RUN-1003 : finish command "download -bit keyboard_Runs\phy_1\keyboard.bit -mode jtag -spd 7 -sec 64 -cable 0" in  6.814094s wall, 0.046875s user + 0.015625s system = 0.062500s CPU (0.9%)

RUN-1004 : used memory is 292 MB, reserved memory is 678 MB, peak memory is 566 MB
GUI-1001 : Downloading succeeded!
GUI-5005 WARNING: Unknown file icon ...
RUN-1002 : start command "download -bit keyboard_Runs\phy_1\keyboard.bit -mode jtag -spd 7 -sec 64 -cable 0"
PRG-2014 : Chip validation success: EAGLE_S20_BG256
RUN-1002 : start command "bit_to_vec -chip EAGLE_S20_BG256 -m jtag_burst -freq 4 -bit keyboard_Runs/phy_1/keyboard.bit"
RUN-1002 : start command "program -cable 0 -mode svf -spd 7 -p"
RUN-1003 : finish command "program -cable 0 -mode svf -spd 7 -p" in  6.645774s wall, 0.031250s user + 0.031250s system = 0.062500s CPU (0.9%)

RUN-1004 : used memory is 312 MB, reserved memory is 698 MB, peak memory is 566 MB
RUN-1003 : finish command "download -bit keyboard_Runs\phy_1\keyboard.bit -mode jtag -spd 7 -sec 64 -cable 0" in  6.849102s wall, 0.109375s user + 0.031250s system = 0.140625s CPU (2.1%)

RUN-1004 : used memory is 312 MB, reserved memory is 698 MB, peak memory is 566 MB
GUI-1001 : Downloading succeeded!
GUI-5005 WARNING: Unknown file icon ...
RUN-1001 : set_run_property syn_1 -constraints constraint_.
RUN-1001 : set_run_property phy_1 -constraints constraint_.
RUN-1001 : set_run_property syn_1 -constraints constraint_1.
RUN-1001 : set_run_property phy_1 -constraints constraint_1.
RUN-1001 : End prepare routing data:  0.003663s wall, 0.000000s user + 0.015625s system = 0.015625s CPU (426.6%)

