============================================================
   Tang Dynasty, V5.6.59063
   Copyright (c) 2012-2022 Anlogic
   Executable = E:/Anlogic/TD5.6.59063/bin/td.exe
   Built at =   12:45:13 Sep  6 2022
   Run by =     19234
   Run Date =   Wed Aug 28 13:33:26 2024

   Run on =     ERIKPSW
============================================================
RUN-1001 : open_run phy_1.
RUN-1002 : start command "import_db E:/programming/Verilog/display-v2 0828/td_prj/keyboard_Runs/phy_1/keyboard_pr.db"
RUN-1001 : Importing database generated by Tang Dynasty, V5.6.71036.
RUN-1001 : Database version number 46146.
RUN-8012 ERROR: Failed to import database; current release supports database version up to 46140.
RUN-8001 ERROR: Open run error: cannot import db file E:/programming/Verilog/display-v2 0828/td_prj/keyboard_Runs/phy_1/keyboard_pr.db
RUN-1002 : start command "report_timing"
RUN-1002 : start command "start_timer"
TMR-8003 ERROR: Please import a netlist at first.
RUN-1001 : reset_run syn_1 phy_1.
RUN-1001 : launch_runs syn_1 phy_1  -jobs 6.
RUN-1001 : syn_1: run complete.
RUN-1001 : phy_1: run complete.
RUN-1001 : open_run phy_1.
RUN-1002 : start command "import_db E:/programming/Verilog/display-v2 0828/td_prj/keyboard_Runs/phy_1/keyboard_pr.db"
RUN-1001 : Importing database generated by Tang Dynasty, V5.6.59063.
RUN-1001 : Database version number 46140.
RUN-1001 : Import flow parameters
PHY-1001 : Generate detailed routing grids ...
PHY-1001 : Generate nets ...
PHY-1001 : net clk_50M_dup_1 will be routed on clock mesh
PHY-1001 : clock net U1/scan_clk_syn_4 will be merged with clock U1/scan_clk
PHY-1001 : eco open net = 0
PHY-1001 : 4 feed throughs used by 4 nets
RUN-1001 : Import timing constraints
RUN-1001 : Import IO constraints
RUN-1001 : Import Inst constraints
RUN-1001 : Import design success TD_VERSION=5.6.59063 , DB_VERSION=46140
RUN-1003 : finish command "import_db E:/programming/Verilog/display-v2 0828/td_prj/keyboard_Runs/phy_1/keyboard_pr.db" in  3.810207s wall, 2.078125s user + 0.109375s system = 2.187500s CPU (57.4%)

RUN-1004 : used memory is 523 MB, reserved memory is 458 MB, peak memory is 546 MB
RUN-1002 : start command "report_timing"
RUN-1002 : start command "start_timer"
RUN-1002 : start command "end_timer"
