============================================================
   Tang Dynasty, V5.6.71036
      Copyright (c) 2012-2023 Anlogic Inc.
   Executable = C:/Anlogic/TD5.6.2/bin/td.exe
   Built at =   20:34:38 Mar 21 2023
   Run by =     Osscarrrrr
   Run Date =   Tue Aug 27 21:35:02 2024

   Run on =     ADMINISTRATOR
============================================================
RUN-1001 : open_run phy_1.
RUN-1002 : start command "import_db C:/Users/Osscarrrrr/Desktop/display-v2/td_prj/keyboard_Runs/phy_1/keyboard_pr.db"
RUN-1001 : Importing database generated by Tang Dynasty, V5.6.59063.
RUN-1001 : Database version number 46140.
RUN-1001 : Import flow parameters
PHY-1001 : Generate detailed routing grids ...
PHY-1001 : Generate nets ...
PHY-1001 : net clk_50M_dup_1 will be routed on clock mesh
PHY-1001 : clock net U1/scan_clk_syn_4 will be merged with clock U1/scan_clk
PHY-1001 : eco open net = 0
PHY-1001 : 7 feed throughs used by 7 nets
RUN-1001 : Import timing constraints
RUN-1001 : Import IO constraints
RUN-1001 : Import Inst constraints
RUN-1001 : Import design success TD_VERSION=5.6.59063 , DB_VERSION=46140
RUN-1003 : finish command "import_db C:/Users/Osscarrrrr/Desktop/display-v2/td_prj/keyboard_Runs/phy_1/keyboard_pr.db" in  2.910509s wall, 1.984375s user + 0.062500s system = 2.046875s CPU (70.3%)

RUN-1004 : used memory is 440 MB, reserved memory is 406 MB, peak memory is 476 MB
RUN-1002 : start command "download -bit keyboard_Runs\phy_1\keyboard.bit -mode jtag -spd 7 -sec 64 -cable 0"
PRG-2014 : Chip validation success: EAGLE_S20_BG256
RUN-1002 : start command "bit_to_vec -chip EAGLE_S20_BG256 -m jtag_burst -freq 4 -bit keyboard_Runs/phy_1/keyboard.bit"
RUN-1002 : start command "program -cable 0 -mode svf -spd 7 -p"
RUN-1003 : finish command "program -cable 0 -mode svf -spd 7 -p" in  6.541595s wall, 0.031250s user + 0.031250s system = 0.062500s CPU (1.0%)

RUN-1004 : used memory is 517 MB, reserved memory is 460 MB, peak memory is 533 MB
RUN-1003 : finish command "download -bit keyboard_Runs\phy_1\keyboard.bit -mode jtag -spd 7 -sec 64 -cable 0" in  6.746444s wall, 0.109375s user + 0.046875s system = 0.156250s CPU (2.3%)

RUN-1004 : used memory is 517 MB, reserved memory is 460 MB, peak memory is 533 MB
GUI-1001 : Downloading succeeded!
RUN-1001 : reset_run syn_1 phy_1.
GUI-6001 WARNING: File C:/Users/Osscarrrrr/Desktop/display-v2/td_prj/keyboard_Runs/phy_1/keyboard.bit does not exist!
RUN-1001 : launch_runs syn_1 phy_1  -jobs 6.
RUN-6001 WARNING: syn_1: run failed.
RUN-1001 : open_run syn_1.
RUN-1002 : start command "import_db C:/Users/Osscarrrrr/Desktop/display-v2/td_prj/keyboard_Runs/syn_1/keyboard_elaborate.db"
RUN-1001 : Importing database generated by Tang Dynasty, V5.6.71036.
RUN-1001 : Database version number 46146.
RUN-1001 : Import flow parameters
RUN-1001 : Import IO constraints
RUN-1001 : Import Inst constraints
RUN-1001 : Import design success TD_VERSION=5.6.71036 , DB_VERSION=46146
RUN-1001 : reset_run syn_1 phy_1.
RUN-1001 : launch_runs syn_1 phy_1  -jobs 6.
RUN-6001 WARNING: syn_1: run failed.
RUN-1001 : open_run syn_1.
RUN-1002 : start command "import_db C:/Users/Osscarrrrr/Desktop/display-v2/td_prj/keyboard_Runs/syn_1/keyboard_elaborate.db"
RUN-1001 : Importing database generated by Tang Dynasty, V5.6.71036.
RUN-1001 : Database version number 46146.
RUN-1001 : Import flow parameters
RUN-1001 : Import IO constraints
RUN-1001 : Import Inst constraints
RUN-1001 : Import design success TD_VERSION=5.6.71036 , DB_VERSION=46146
