============================================================
   Tang Dynasty, V5.6.59063
   Copyright (c) 2012-2022 Anlogic
   Executable = E:/Anlogic/TD5.6.59063/bin/td.exe
   Built at =   12:45:13 Sep  6 2022
   Run by =     19234
   Run Date =   Tue Aug 27 13:41:22 2024

   Run on =     ERIKPSW
============================================================
RUN-1002 : start command "open_project keyboard.prj"
RUN-1001 : Print Global Property
RUN-1001 : ---------------------------------------------------------------
RUN-1001 :        Parameters        |  Settings  |  Default Values  |  Note  
RUN-1001 : ---------------------------------------------------------------
RUN-1001 :          message         |  standard  |     standard     |        
RUN-1001 :   mixed_pack_place_flow  |     on     |        on        |        
RUN-1001 :        qor_monitor       |    off     |       off        |        
RUN-1001 :        syn_ip_flow       |    off     |       off        |        
RUN-1001 :          thread          |    auto    |       auto       |        
RUN-1001 : ---------------------------------------------------------------
RUN-1001 : Print Design Property
RUN-1001 : --------------------------------------------------------------
RUN-1001 :        Parameters       |  Settings  |  Default Values  |  Note  
RUN-1001 : --------------------------------------------------------------
RUN-1001 :   default_reg_initial   |    auto    |       auto       |        
RUN-1001 :        infer_add        |     on     |        on        |        
RUN-1001 :        infer_fsm        |    off     |       off        |        
RUN-1001 :        infer_mult       |     on     |        on        |        
RUN-1001 :        infer_ram        |     on     |        on        |        
RUN-1001 :        infer_reg        |     on     |        on        |        
RUN-1001 :   infer_reg_init_value  |     on     |        on        |        
RUN-1001 :        infer_rom        |     on     |        on        |        
RUN-1001 :      infer_shifter      |     on     |        on        |        
RUN-1001 : --------------------------------------------------------------
RUN-1001 : Print Rtl Property
RUN-1001 : --------------------------------------------------------------
RUN-1001 :        Parameters       |  Settings  |  Default Values  |  Note  
RUN-1001 : --------------------------------------------------------------
RUN-1001 :       compress_add      |   ripple   |      ripple      |        
RUN-1001 :        elf_sload        |    off     |       off        |        
RUN-1001 :       fix_undriven      |     0      |        0         |        
RUN-1001 :         flatten         |    off     |       off        |        
RUN-1001 :       gate_sharing      |     on     |        on        |        
RUN-1001 :    hdl_warning_level    |   normal   |      normal      |        
RUN-1001 :   impl_internal_tribuf  |     on     |        on        |        
RUN-1001 :      impl_set_reset     |     on     |        on        |        
RUN-1001 :        infer_gsr        |    off     |       off        |        
RUN-1001 :      keep_hierarchy     |    auto    |       auto       |        
RUN-1001 :        max_fanout       |    9999    |       9999       |        
RUN-1001 :      max_oh2bin_len     |     10     |        10        |        
RUN-1001 :       merge_equal       |     on     |        on        |        
RUN-1001 :       merge_equiv       |     on     |        on        |        
RUN-1001 :        merge_mux        |    off     |       off        |        
RUN-1001 :     min_control_set     |     8      |        8         |        
RUN-1001 :      min_ripple_len     |    auto    |       auto       |        
RUN-1001 :       oh2bin_ratio      |    0.08    |       0.08       |        
RUN-1001 :     opt_adder_fanout    |     on     |        on        |        
RUN-1001 :        opt_arith        |     on     |        on        |        
RUN-1001 :       opt_big_gate      |    off     |       off        |        
RUN-1001 :        opt_const        |     on     |        on        |        
RUN-1001 :      opt_const_mult     |     on     |        on        |        
RUN-1001 :       opt_lessthan      |     on     |        on        |        
RUN-1001 :         opt_mux         |    off     |       off        |        
RUN-1001 :         opt_ram         |    high    |       high       |        
RUN-1001 :      rtl_sim_model      |    off     |       off        |        
RUN-1001 :         seq_syn         |     on     |        on        |        
RUN-1001 : --------------------------------------------------------------
HDL-1007 : analyze verilog file ../../../src/Digitron_TimeDisplay_module.v
HDL-1007 : analyze verilog file ../../../src/key_filter.v
HDL-1007 : analyze verilog file ../../../src/keyboard_instance.v
HDL-1007 : analyze verilog file ../../../src/keyboard_scan.v
HDL-1007 : analyze verilog file ../../../src/onehot2binary.v
RUN-1001 : Project manager successfully analyzed 5 source files.
RUN-1002 : start command "import_device eagle_s20.db -package EG4S20BG256"
ARC-1001 : Device Initialization.
ARC-1001 : ------------------------------------------------------------------
ARC-1001 :            OPTION            |          IO          |   SETTING   
ARC-1001 : ------------------------------------------------------------------
ARC-1001 :   cso_b/cclk/mosi/miso/dout  |  T3/R11/T10/P10/S11  |    gpio    
ARC-1001 :             done             |         P13          |    gpio    
ARC-1001 :           program_b          |          T2          |  dedicate  
ARC-1001 :        tdi/tms/tck/tdo       |   C12/A15/C14/E14    |  dedicate  
ARC-1001 : ------------------------------------------------------------------
ARC-1004 : Device setting, marked 5 dedicate IOs in total.
RUN-1002 : start command "import_db ../syn_1/keyboard_gate.db"
RUN-1001 : Importing database generated by Tang Dynasty, V5.6.59063.
RUN-1001 : Database version number 46140.
RUN-1001 : Import flow parameters
RUN-1001 : Import timing constraints
RUN-1001 : Import IO constraints
RUN-1001 : Import Inst constraints
RUN-1001 : Import design success TD_VERSION=5.6.59063 , DB_VERSION=46140
RUN-1002 : start command "read_sdc"
USR-1002 : read_sdc file_name -help -h -eco
USR-1009 : NO module with IP_SDC ...
RUN-1104 : Import SDC file  finished, there are 0 nets kept by constraints.
RUN-1002 : start command "place"
RUN-1001 : Open license file E:/Anlogic/TD5.6.59063/license/Anlogic.lic
RUN-1001 : Print Global Property
RUN-1001 : ---------------------------------------------------------------
RUN-1001 :        Parameters        |  Settings  |  Default Values  |  Note  
RUN-1001 : ---------------------------------------------------------------
RUN-1001 :          message         |  standard  |     standard     |        
RUN-1001 :   mixed_pack_place_flow  |     on     |        on        |        
RUN-1001 :        qor_monitor       |    off     |       off        |        
RUN-1001 :        syn_ip_flow       |    off     |       off        |        
RUN-1001 :          thread          |    auto    |       auto       |        
RUN-1001 : ---------------------------------------------------------------
RUN-1001 : Print Place Property
RUN-1001 : --------------------------------------------------------------
RUN-1001 :        Parameters       |  Settings  |  Default Values  |  Note  
RUN-1001 : --------------------------------------------------------------
RUN-1001 :      detailed_place     |     on     |        on        |        
RUN-1001 :          effort         |   medium   |      medium      |        
RUN-1001 :         fix_hold        |    off     |       off        |        
RUN-1001 :       legalization      |    ori     |       ori        |        
RUN-1001 :      new_spreading      |     on     |        on        |        
RUN-1001 :        opt_timing       |   medium   |      medium      |        
RUN-1001 :   post_clock_route_opt  |    off     |       off        |        
RUN-1001 :       pr_strategy       |     1      |        1         |        
RUN-1001 :        relaxation       |    1.00    |       1.00       |        
RUN-1001 :         retiming        |    off     |       off        |        
RUN-1001 : --------------------------------------------------------------
PHY-3001 : Placer runs in 16 thread(s).
RUN-1002 : start command "legalize_phy_inst"
SYN-1011 : Flatten model keyboard_instance
RUN-1002 : start command "phys_opt -simplify_lut"
SYN-4024 : Net "clk_50M_dup_1" drives clk pins.
SYN-4024 : Net "U1/scan_clk" drives clk pins.
SYN-4024 : Net "U5/SingleNum_n" drives clk pins.
SYN-4025 : Tag rtl::Net U1/scan_clk as clock net
SYN-4025 : Tag rtl::Net U5/SingleNum_n as clock net
SYN-4025 : Tag rtl::Net clk_50M_dup_1 as clock net
SYN-4026 : Tagged 3 rtl::Net as clock net
SYN-4015 : Create BUFG instance for clk Net U1/scan_clk to drive 20 clock pins.
SYN-4015 : Create BUFG instance for clk Net U5/SingleNum_n to drive 4 clock pins.
PHY-1001 : Populate physical database on model keyboard_instance.
RUN-1001 : There are total 317 instances
RUN-0007 : 133 luts, 131 seqs, 10 mslices, 15 lslices, 23 pads, 0 brams, 0 dsps
RUN-1001 : There are total 387 nets
RUN-1001 : 231 nets have 2 pins
RUN-1001 : 129 nets have [3 - 5] pins
RUN-1001 : 19 nets have [6 - 10] pins
RUN-1001 : 3 nets have [11 - 20] pins
RUN-1001 : 3 nets have [21 - 99] pins
RUN-1001 : 2 nets have 100+ pins
RUN-1001 : Report Control nets information:
RUN-1001 : DFF Distribution
RUN-1001 : ----------------------------------
RUN-1001 :   CE   |  SSR  |  ASR  |  DFF Count  
RUN-1001 : ----------------------------------
RUN-1001 :   No   |  No   |  No   |     79      
RUN-1001 :   No   |  No   |  Yes  |     20      
RUN-1001 :   No   |  Yes  |  No   |      0      
RUN-1001 :   Yes  |  No   |  No   |      0      
RUN-1001 :   Yes  |  No   |  Yes  |     32      
RUN-1001 :   Yes  |  Yes  |  No   |      0      
RUN-1001 : ----------------------------------
RUN-0007 : Control Group Statistic
RUN-0007 : ---------------------------
RUN-0007 :   #CLK  |  #CE  |  #SSR/ASR  
RUN-0007 : ---------------------------
RUN-0007 :    3    |   2   |     2      
RUN-0007 : ---------------------------
RUN-0007 : Control Set = 5
PHY-3001 : Initial placement ...
PHY-3001 : design contains 315 instances, 133 luts, 131 seqs, 25 slices, 3 macros(25 instances: 10 mslices 15 lslices)
PHY-0007 : Cell area utilization is 0%
PHY-3001 : Start timing update ...
RUN-1002 : start command "start_timer -report"
TMR-2505 : Start building timing graph for model keyboard_instance.
TMR-2506 : Build timing graph completely. Port num: 7, tpin num: 1320, tnet num: 385, tinst num: 315, tnode num: 1691, tedge num: 2080.
TMR-2508 : Levelizing timing graph completed, there are 21 levels in total.
TMR-2501 : Timing graph initialized successfully.
TMR-2503 : Start to update net delay, extr mode = 2.
TMR-2504 : Update delay of 385 nets completely.
TMR-2502 : Annotate delay completely, extr mode = 2.
TMR-3001 : Initiate 0 clocks from SDC.
TMR-3004 : Map sdc constraints, there are 0 constraints in total.
TMR-3003 : Constraints initiated successfully.
TMR-3501 : Forward propagation: start to calculate arrival time...
TMR-3502 : Backward propagation: start to calculate required time...
TMR-3503 : Timing propagation completes.
PHY-3001 : End timing update;  0.193549s wall, 0.078125s user + 0.000000s system = 0.078125s CPU (40.4%)

PHY-3001 : Global placement ...
PHY-3001 : Initial: Len = 84804.4
PHY-3001 : Clustering ...
PHY-3001 : Level 0 #clusters 315.
PHY-3001 : End clustering;  0.000041s wall, 0.000000s user + 0.000000s system = 0.000000s CPU (n/a%)

PHY-3001 : Run with size of 4
PHY-3001 : Cell area utilization is 0%
PHY-3001 : :::0::: Try harder cell spreading with beta_ = 0
PHY-3002 : Step(1): len = 53078.4, overlap = 0
PHY-3002 : Step(2): len = 31081.6, overlap = 0
PHY-3002 : Step(3): len = 23128.1, overlap = 0
PHY-3002 : Step(4): len = 19050.8, overlap = 0
PHY-3002 : Step(5): len = 16483.7, overlap = 0
PHY-3002 : Step(6): len = 15570.1, overlap = 0
PHY-3002 : Step(7): len = 15922.8, overlap = 0
PHY-3002 : Step(8): len = 14124.6, overlap = 0
PHY-3002 : Step(9): len = 13429.4, overlap = 0
PHY-3002 : Step(10): len = 13814.1, overlap = 0
PHY-3002 : Step(11): len = 13235.1, overlap = 0
PHY-3002 : Step(12): len = 12918.2, overlap = 0
PHY-3002 : Step(13): len = 12391.2, overlap = 0
PHY-3002 : Step(14): len = 11229.9, overlap = 0
PHY-3002 : Step(15): len = 10617.2, overlap = 0
PHY-3002 : Step(16): len = 10527, overlap = 0
PHY-3002 : Step(17): len = 9928.8, overlap = 0
PHY-3002 : Step(18): len = 10003.5, overlap = 0
PHY-3002 : Step(19): len = 9970.9, overlap = 0
PHY-3002 : Step(20): len = 9571.7, overlap = 0
PHY-3002 : Step(21): len = 8870.7, overlap = 0
PHY-3002 : Step(22): len = 8687.7, overlap = 0
PHY-3002 : Step(23): len = 8517, overlap = 0
PHY-3002 : Step(24): len = 8506.3, overlap = 0
PHY-3002 : Step(25): len = 8867.7, overlap = 0
PHY-3002 : Step(26): len = 8690.7, overlap = 0
PHY-3002 : Step(27): len = 7721, overlap = 0
PHY-3002 : Step(28): len = 7701.3, overlap = 0
PHY-3002 : Step(29): len = 7364.4, overlap = 0
PHY-3002 : Step(30): len = 6658.4, overlap = 0
PHY-3002 : Step(31): len = 6785.4, overlap = 0
PHY-3002 : Step(32): len = 6909.9, overlap = 0
PHY-3002 : Step(33): len = 6307.6, overlap = 0
PHY-3002 : Step(34): len = 6259.8, overlap = 0
PHY-3002 : Step(35): len = 5967.1, overlap = 0
PHY-3002 : Step(36): len = 6126.3, overlap = 0
PHY-3002 : Step(37): len = 6335.6, overlap = 0
PHY-3001 : Legalization ...
PHY-3001 : End legalization;  0.004666s wall, 0.000000s user + 0.000000s system = 0.000000s CPU (n/a%)

PHY-3001 : Run with size of 4
PHY-3001 : Cell area utilization is 1%
PHY-3001 : Update timing in Manhattan mode ...
TMR-2503 : Start to update net delay, extr mode = 3.
TMR-2504 : Update delay of 385 nets completely.
TMR-2502 : Annotate delay completely, extr mode = 3.
TMR-3501 : Forward propagation: start to calculate arrival time...
TMR-3502 : Backward propagation: start to calculate required time...
TMR-3503 : Timing propagation completes.
PHY-3001 : End timing update;  0.005742s wall, 0.000000s user + 0.000000s system = 0.000000s CPU (n/a%)

PHY-3001 : :::0::: Try harder cell spreading with beta_ = 0
PHY-3002 : Step(38): len = 5548.1, overlap = 0
PHY-3002 : Step(39): len = 5556.7, overlap = 0
PHY-3002 : Step(40): len = 5599.5, overlap = 0
PHY-3002 : Step(41): len = 5592.2, overlap = 0
PHY-3002 : Step(42): len = 5684.4, overlap = 0
PHY-3002 : Step(43): len = 5793.9, overlap = 0
PHY-3002 : Step(44): len = 5886.7, overlap = 0
PHY-3002 : Step(45): len = 5870.5, overlap = 0
PHY-3002 : Step(46): len = 5686.7, overlap = 0
PHY-3002 : Step(47): len = 5822.7, overlap = 0
PHY-3002 : Step(48): len = 5713.9, overlap = 0
PHY-3002 : Step(49): len = 5758.2, overlap = 0
PHY-3002 : Step(50): len = 5274.1, overlap = 0
PHY-3002 : Step(51): len = 5336.5, overlap = 0
PHY-3002 : Step(52): len = 5137.4, overlap = 0
PHY-3002 : Step(53): len = 4509.5, overlap = 0
PHY-3002 : Step(54): len = 4609.5, overlap = 0
PHY-3002 : Step(55): len = 4673.6, overlap = 0
PHY-3002 : Step(56): len = 4468.8, overlap = 0
PHY-3002 : Step(57): len = 4350.4, overlap = 0
PHY-3002 : Step(58): len = 4396.3, overlap = 0
PHY-3002 : Step(59): len = 4446.1, overlap = 0
PHY-3002 : Step(60): len = 4387.5, overlap = 0
PHY-3002 : Step(61): len = 4288.9, overlap = 0
PHY-3002 : Step(62): len = 4160, overlap = 0
PHY-3002 : Step(63): len = 3976, overlap = 0
PHY-3002 : Step(64): len = 4002.6, overlap = 0
PHY-3002 : Step(65): len = 3846.2, overlap = 0
PHY-3002 : Step(66): len = 3895.4, overlap = 0
PHY-3002 : Step(67): len = 3829.1, overlap = 0
PHY-3002 : Step(68): len = 3748, overlap = 0
PHY-3002 : Step(69): len = 3569.8, overlap = 0
PHY-3002 : Step(70): len = 3588, overlap = 0
PHY-3002 : Step(71): len = 3331.5, overlap = 0
PHY-3002 : Step(72): len = 3239.2, overlap = 0
PHY-3002 : Step(73): len = 3284.9, overlap = 0
PHY-3002 : Step(74): len = 3305.8, overlap = 0
PHY-3002 : Step(75): len = 3212.5, overlap = 0
PHY-3002 : Step(76): len = 3172.3, overlap = 0
PHY-3002 : Step(77): len = 3047.8, overlap = 0
PHY-3002 : Step(78): len = 3037.8, overlap = 0
PHY-3002 : Step(79): len = 2973.8, overlap = 0
PHY-3002 : Step(80): len = 2974.5, overlap = 0
PHY-3002 : Step(81): len = 2890.5, overlap = 0
PHY-3001 : Run with size of 2
PHY-3001 : Cell area utilization is 1%
PHY-3001 : Update timing in Manhattan mode ...
TMR-2503 : Start to update net delay, extr mode = 3.
TMR-2504 : Update delay of 385 nets completely.
TMR-2502 : Annotate delay completely, extr mode = 3.
TMR-3501 : Forward propagation: start to calculate arrival time...
TMR-3502 : Backward propagation: start to calculate required time...
TMR-3503 : Timing propagation completes.
PHY-3001 : End timing update;  0.004451s wall, 0.000000s user + 0.000000s system = 0.000000s CPU (n/a%)

PHY-3001 : :::0::: Try harder cell spreading with beta_ = 0.000376652
PHY-3002 : Step(82): len = 2886.2, overlap = 2.09375
PHY-3002 : Step(83): len = 2907.8, overlap = 2.09375
PHY-3001 : :::1::: Try harder cell spreading with beta_ = 0.000753304
PHY-3002 : Step(84): len = 2773, overlap = 2.0625
PHY-3002 : Step(85): len = 2773, overlap = 2.0625
PHY-3001 : :::2::: Try harder cell spreading with beta_ = 0.00150661
PHY-3002 : Step(86): len = 2812.4, overlap = 2.15625
PHY-3002 : Step(87): len = 2812.4, overlap = 2.15625
OPT-1001 : Start physical optimization ...
RUN-1002 : start command "start_timer -report"
TMR-2505 : Start building timing graph for model keyboard_instance.
TMR-2506 : Build timing graph completely. Port num: 7, tpin num: 1320, tnet num: 385, tinst num: 315, tnode num: 1691, tedge num: 2080.
TMR-2508 : Levelizing timing graph completed, there are 21 levels in total.
TMR-2501 : Timing graph initialized successfully.
OPT-1001 : Total overflow 10.19 peak overflow 1.84
OPT-1001 : Start high-fanout net optimization ...
OPT-1001 : Update timing in global mode
PHY-1001 : Start incremental global routing, caller is place ...
RUN-1001 : Generating global routing grids ...
RUN-1001 : Building simple global routing graph ...
PHY-1001 : Generate routing nets ...
PHY-1001 : Reuse net number 0/387.
PHY-1001 : Global iterations in 16 thread ...
PHY-1002 : len = 2776, over cnt = 14(0%), over = 60, worst = 12
PHY-1001 : End global iterations;  0.021228s wall, 0.000000s user + 0.000000s system = 0.000000s CPU (n/a%)

PHY-1001 : Congestion index: top1 = 9.92, top5 = 2.35, top10 = 1.17, top15 = 0.78.
PHY-1001 : End incremental global routing;  0.075560s wall, 0.046875s user + 0.015625s system = 0.062500s CPU (82.7%)

TMR-2503 : Start to update net delay, extr mode = 5.
TMR-2504 : Update delay of 385 nets completely.
TMR-2502 : Annotate delay completely, extr mode = 5.
TMR-3001 : Initiate 0 clocks from SDC.
TMR-3004 : Map sdc constraints, there are 0 constraints in total.
TMR-3003 : Constraints initiated successfully.
TMR-3501 : Forward propagation: start to calculate arrival time...
TMR-3502 : Backward propagation: start to calculate required time...
TMR-3503 : Timing propagation completes.
OPT-1001 : End timing update;  0.005069s wall, 0.000000s user + 0.000000s system = 0.000000s CPU (n/a%)

OPT-1001 : 0 high-fanout net processed.
OPT-1001 : End high-fanout net optimization;  0.083973s wall, 0.046875s user + 0.015625s system = 0.062500s CPU (74.4%)

OPT-1001 : Current memory(MB): used = 143, reserve = 113, peak = 143.
OPT-1001 : Start global optimization ...
OPT-1001 : Start congestion update ...
RUN-1001 : Generating global routing grids ...
PHY-1001 : Generate routing nets ...
PHY-1001 : Reuse net number 155/387.
PHY-1001 : Global iterations in 16 thread ...
PHY-1002 : len = 2776, over cnt = 14(0%), over = 60, worst = 12
PHY-1002 : len = 3328, over cnt = 10(0%), over = 15, worst = 4
PHY-1002 : len = 3504, over cnt = 5(0%), over = 6, worst = 2
PHY-1002 : len = 3584, over cnt = 2(0%), over = 2, worst = 1
PHY-1002 : len = 3648, over cnt = 0(0%), over = 0, worst = 0
PHY-1001 : End global iterations;  0.024944s wall, 0.015625s user + 0.000000s system = 0.015625s CPU (62.6%)

PHY-1001 : Congestion index: top1 = 11.11, top5 = 2.83, top10 = 1.41, top15 = 0.94.
OPT-1001 : End congestion update;  0.067153s wall, 0.046875s user + 0.000000s system = 0.046875s CPU (69.8%)

OPT-1001 : Update timing in Manhattan mode
TMR-2503 : Start to update net delay, extr mode = 3.
TMR-2504 : Update delay of 385 nets completely.
TMR-2502 : Annotate delay completely, extr mode = 3.
TMR-3501 : Forward propagation: start to calculate arrival time...
TMR-3502 : Backward propagation: start to calculate required time...
TMR-3503 : Timing propagation completes.
OPT-1001 : End timing update;  0.005139s wall, 0.000000s user + 0.000000s system = 0.000000s CPU (n/a%)

OPT-0007 : Start: WNS 2147483647 TNS 0 NUM_FEPS 0
OPT-1001 : End global optimization;  0.072408s wall, 0.046875s user + 0.000000s system = 0.046875s CPU (64.7%)

OPT-1001 : Current memory(MB): used = 144, reserve = 114, peak = 144.
OPT-1001 : End physical optimization;  0.329659s wall, 0.140625s user + 0.015625s system = 0.156250s CPU (47.4%)

PHY-3001 : Start packing ...
SYN-4007 : Packing 0 MUX to BLE ...
SYN-4008 : Packed 0 MUX and 0 SEQ to BLE.
SYN-4007 : Packing 133 LUT to BLE ...
SYN-4008 : Packed 133 LUT and 57 SEQ to BLE.
SYN-4003 : Packing 74 remaining SEQ's ...
SYN-4005 : Packed 54 SEQ with LUT/SLICE
SYN-4006 : 26 single LUT's are left
SYN-4006 : 20 single SEQ's are left
SYN-4011 : Packing model "keyboard_instance" (AL_USER_NORMAL) with 153/206 primitive instances ...
PHY-3001 : End packing;  0.010416s wall, 0.015625s user + 0.000000s system = 0.015625s CPU (150.0%)

PHY-1001 : Populate physical database on model keyboard_instance.
RUN-1001 : There are total 135 instances
RUN-1001 : 53 mslices, 54 lslices, 23 pads, 0 brams, 0 dsps
RUN-1001 : There are total 334 nets
RUN-1001 : 178 nets have 2 pins
RUN-1001 : 127 nets have [3 - 5] pins
RUN-1001 : 21 nets have [6 - 10] pins
RUN-1001 : 4 nets have [11 - 20] pins
RUN-1001 : 3 nets have [21 - 99] pins
RUN-1001 : 1 nets have 100+ pins
PHY-3001 : design contains 133 instances, 107 slices, 3 macros(25 instances: 10 mslices 15 lslices)
PHY-3001 : Cell area utilization is 1%
PHY-3001 : After packing: Len = 3430.8, Over = 4.25
PHY-3001 : Run with size of 2
PHY-3001 : Cell area utilization is 1%
PHY-3001 : Update timing in Manhattan mode ...
RUN-1002 : start command "start_timer -report"
TMR-2505 : Start building timing graph for model keyboard_instance.
TMR-2506 : Build timing graph completely. Port num: 7, tpin num: 1141, tnet num: 332, tinst num: 133, tnode num: 1415, tedge num: 1922.
TMR-2508 : Levelizing timing graph completed, there are 21 levels in total.
TMR-2501 : Timing graph initialized successfully.
TMR-2503 : Start to update net delay, extr mode = 3.
TMR-2504 : Update delay of 332 nets completely.
TMR-2502 : Annotate delay completely, extr mode = 3.
TMR-3001 : Initiate 0 clocks from SDC.
TMR-3004 : Map sdc constraints, there are 0 constraints in total.
TMR-3003 : Constraints initiated successfully.
TMR-3501 : Forward propagation: start to calculate arrival time...
TMR-3502 : Backward propagation: start to calculate required time...
TMR-3503 : Timing propagation completes.
PHY-3001 : End timing update;  0.134015s wall, 0.093750s user + 0.000000s system = 0.093750s CPU (70.0%)

PHY-3001 : :::0::: Try harder cell spreading with beta_ = 0.000121167
PHY-3002 : Step(88): len = 3330.9, overlap = 3.25
PHY-3002 : Step(89): len = 3359.6, overlap = 3.25
PHY-3002 : Step(90): len = 3357.6, overlap = 2.5
PHY-3001 : :::1::: Try harder cell spreading with beta_ = 0.000242334
PHY-3002 : Step(91): len = 3220.8, overlap = 2.25
PHY-3002 : Step(92): len = 3220.8, overlap = 2.25
PHY-3001 : :::2::: Try harder cell spreading with beta_ = 0.000484669
PHY-3002 : Step(93): len = 3256.4, overlap = 2.5
PHY-3002 : Step(94): len = 3276, overlap = 2.25
PHY-3001 : Legalization ...
PHY-3001 : End legalization;  0.038393s wall, 0.000000s user + 0.000000s system = 0.000000s CPU (n/a%)

PHY-3001 : Trial Legalized: Len = 6318.1
PHY-3001 : Run with size of 2
PHY-3001 : Cell area utilization is 1%
PHY-3001 : Update timing in Manhattan mode ...
TMR-2503 : Start to update net delay, extr mode = 3.
TMR-2504 : Update delay of 332 nets completely.
TMR-2502 : Annotate delay completely, extr mode = 3.
TMR-3501 : Forward propagation: start to calculate arrival time...
TMR-3502 : Backward propagation: start to calculate required time...
TMR-3503 : Timing propagation completes.
PHY-3001 : End timing update;  0.003711s wall, 0.000000s user + 0.000000s system = 0.000000s CPU (n/a%)

PHY-3001 : :::0::: Try harder cell spreading with beta_ = 0
PHY-3002 : Step(95): len = 4499, overlap = 1
PHY-3002 : Step(96): len = 3755.7, overlap = 3.25
PHY-3002 : Step(97): len = 3525.9, overlap = 4
PHY-3002 : Step(98): len = 3424.1, overlap = 4.25
PHY-3002 : Step(99): len = 3331.6, overlap = 3.75
PHY-3002 : Step(100): len = 3262, overlap = 3.75
PHY-3001 : :::1::: Try harder cell spreading with beta_ = 0.000359798
PHY-3002 : Step(101): len = 3214, overlap = 4.5
PHY-3002 : Step(102): len = 3200.5, overlap = 4.5
PHY-3001 : :::2::: Try harder cell spreading with beta_ = 0.000719595
PHY-3002 : Step(103): len = 3075.2, overlap = 4.5
PHY-3002 : Step(104): len = 3075.2, overlap = 4.5
PHY-3001 : Legalization ...
PHY-3001 : End legalization;  0.005223s wall, 0.000000s user + 0.000000s system = 0.000000s CPU (n/a%)

PHY-3001 : Legalized: Len = 4761.1, Over = 0
PHY-3001 : Spreading special nets. 4 overflows in 2952 tiles.
PHY-3001 : End spreading;  0.002592s wall, 0.000000s user + 0.000000s system = 0.000000s CPU (n/a%)

PHY-3001 : 4 instances has been re-located, deltaX = 4, deltaY = 1, maxDist = 2.
PHY-3001 : Final: Len = 4891.1, Over = 0
OPT-1001 : Start physical optimization ...
RUN-1002 : start command "start_timer -report"
TMR-2505 : Start building timing graph for model keyboard_instance.
TMR-2506 : Build timing graph completely. Port num: 7, tpin num: 1141, tnet num: 332, tinst num: 133, tnode num: 1415, tedge num: 1922.
TMR-2508 : Levelizing timing graph completed, there are 21 levels in total.
TMR-2501 : Timing graph initialized successfully.
OPT-1001 : Total overflow 0.00 peak overflow 0.00
OPT-1001 : Start high-fanout net optimization ...
OPT-1001 : Update timing in global mode
PHY-1001 : Start incremental global routing, caller is place ...
RUN-1001 : Generating global routing grids ...
PHY-1001 : Generate routing nets ...
PHY-1001 : Reuse net number 24/334.
PHY-1001 : Global iterations in 16 thread ...
PHY-1002 : len = 5152, over cnt = 25(0%), over = 48, worst = 4
PHY-1002 : len = 5512, over cnt = 13(0%), over = 13, worst = 1
PHY-1002 : len = 5688, over cnt = 1(0%), over = 1, worst = 1
PHY-1002 : len = 5704, over cnt = 0(0%), over = 0, worst = 0
PHY-1001 : End global iterations;  0.039533s wall, 0.015625s user + 0.000000s system = 0.015625s CPU (39.5%)

PHY-1001 : Congestion index: top1 = 17.13, top5 = 4.53, top10 = 2.26, top15 = 1.51.
PHY-1001 : End incremental global routing;  0.083385s wall, 0.046875s user + 0.000000s system = 0.046875s CPU (56.2%)

TMR-2503 : Start to update net delay, extr mode = 5.
TMR-2504 : Update delay of 332 nets completely.
TMR-2502 : Annotate delay completely, extr mode = 5.
TMR-3001 : Initiate 0 clocks from SDC.
TMR-3004 : Map sdc constraints, there are 0 constraints in total.
TMR-3003 : Constraints initiated successfully.
TMR-3501 : Forward propagation: start to calculate arrival time...
TMR-3502 : Backward propagation: start to calculate required time...
TMR-3503 : Timing propagation completes.
OPT-1001 : End timing update;  0.005981s wall, 0.000000s user + 0.000000s system = 0.000000s CPU (n/a%)

OPT-1001 : 0 high-fanout net processed.
OPT-1001 : End high-fanout net optimization;  0.094237s wall, 0.046875s user + 0.000000s system = 0.046875s CPU (49.7%)

OPT-1001 : Current memory(MB): used = 145, reserve = 114, peak = 146.
OPT-1001 : Start path based optimization ...
OPT-1001 : Start congestion update ...
RUN-1001 : Generating global routing grids ...
PHY-1001 : Generate routing nets ...
PHY-1001 : Reuse net number 236/334.
PHY-1001 : Global iterations in 16 thread ...
PHY-1002 : len = 5704, over cnt = 0(0%), over = 0, worst = 0
PHY-1001 : End global iterations;  0.001468s wall, 0.000000s user + 0.000000s system = 0.000000s CPU (n/a%)

PHY-1001 : Congestion index: top1 = 17.13, top5 = 4.53, top10 = 2.26, top15 = 1.51.
OPT-1001 : End congestion update;  0.044558s wall, 0.015625s user + 0.000000s system = 0.015625s CPU (35.1%)

OPT-1001 : Update timing in Manhattan mode
TMR-2503 : Start to update net delay, extr mode = 3.
TMR-2504 : Update delay of 332 nets completely.
TMR-2502 : Annotate delay completely, extr mode = 3.
TMR-3501 : Forward propagation: start to calculate arrival time...
TMR-3502 : Backward propagation: start to calculate required time...
TMR-3503 : Timing propagation completes.
OPT-1001 : End timing update;  0.003752s wall, 0.000000s user + 0.000000s system = 0.000000s CPU (n/a%)

OPT-0007 : Start: WNS 2147483647 TNS 0 NUM_FEPS 0
OPT-1001 : End path based optimization;  0.048390s wall, 0.015625s user + 0.000000s system = 0.015625s CPU (32.3%)

OPT-1001 : Current memory(MB): used = 145, reserve = 115, peak = 146.
OPT-1001 : Update timing in Manhattan mode
TMR-2503 : Start to update net delay, extr mode = 3.
TMR-2504 : Update delay of 332 nets completely.
TMR-2502 : Annotate delay completely, extr mode = 3.
TMR-3501 : Forward propagation: start to calculate arrival time...
TMR-3502 : Backward propagation: start to calculate required time...
TMR-3503 : Timing propagation completes.
OPT-1001 : End timing update;  0.003219s wall, 0.000000s user + 0.000000s system = 0.000000s CPU (n/a%)

OPT-1001 : Start pin optimization...
OPT-1001 : skip pin optimization...
OPT-1001 : Update timing in global mode
PHY-1001 : Start incremental global routing, caller is place ...
RUN-1001 : Generating global routing grids ...
PHY-1001 : Generate routing nets ...
PHY-1001 : Reuse net number 236/334.
PHY-1001 : Global iterations in 16 thread ...
PHY-1002 : len = 5704, over cnt = 0(0%), over = 0, worst = 0
PHY-1001 : End global iterations;  0.001141s wall, 0.000000s user + 0.000000s system = 0.000000s CPU (n/a%)

PHY-1001 : Congestion index: top1 = 17.13, top5 = 4.53, top10 = 2.26, top15 = 1.51.
PHY-1001 : End incremental global routing;  0.040478s wall, 0.031250s user + 0.000000s system = 0.031250s CPU (77.2%)

TMR-2503 : Start to update net delay, extr mode = 5.
TMR-2504 : Update delay of 332 nets completely.
TMR-2502 : Annotate delay completely, extr mode = 5.
TMR-3501 : Forward propagation: start to calculate arrival time...
TMR-3502 : Backward propagation: start to calculate required time...
TMR-3503 : Timing propagation completes.
OPT-1001 : End timing update;  0.005108s wall, 0.000000s user + 0.000000s system = 0.000000s CPU (n/a%)

RUN-1001 : Generating global routing grids ...
PHY-1001 : Generate routing nets ...
PHY-1001 : Reuse net number 236/334.
PHY-1001 : Global iterations in 16 thread ...
PHY-1002 : len = 5704, over cnt = 0(0%), over = 0, worst = 0
PHY-1001 : End global iterations;  0.001102s wall, 0.000000s user + 0.000000s system = 0.000000s CPU (n/a%)

PHY-1001 : Congestion index: top1 = 17.13, top5 = 4.53, top10 = 2.26, top15 = 1.51.
OPT-1001 : Update timing in Manhattan mode
TMR-2503 : Start to update net delay, extr mode = 3.
TMR-2504 : Update delay of 332 nets completely.
TMR-2502 : Annotate delay completely, extr mode = 3.
TMR-3501 : Forward propagation: start to calculate arrival time...
TMR-3502 : Backward propagation: start to calculate required time...
TMR-3503 : Timing propagation completes.
OPT-1001 : End timing update;  0.004790s wall, 0.000000s user + 0.000000s system = 0.000000s CPU (n/a%)

RUN-1001 : QoR Analysis:
OPT-0007 :   WNS 2147483647 TNS 0 NUM_FEPS 0
RUN-1001 :   No local congestion issue, and most congested 1% tile average routing util is 16.620690
RUN-1001 :   Top critical paths
OPT-1001 : End physical optimization;  0.364973s wall, 0.203125s user + 0.015625s system = 0.218750s CPU (59.9%)

RUN-1003 : finish command "place" in  3.606149s wall, 0.875000s user + 0.625000s system = 1.500000s CPU (41.6%)

RUN-1004 : used memory is 132 MB, reserved memory is 102 MB, peak memory is 146 MB
RUN-1002 : start command "export_db keyboard_place.db"
RUN-1001 : Exported /
RUN-1001 : Exported flow parameters
RUN-1001 : Exported libs
RUN-1001 : Exported entities
RUN-1001 : Exported ports
RUN-1001 : Exported pins
RUN-1001 : Exported instances
RUN-1001 : Exported nets
RUN-1001 : Exported buses
RUN-1001 : Exported models
RUN-1001 : Exported congestions
RUN-1001 : Exported violations
RUN-1001 : Exported timing constraints
RUN-1001 : Exported IO constraints
RUN-1001 : Exported Inst constraints
RUN-1002 : start command "route"
RUN-1001 : Open license file E:/Anlogic/TD5.6.59063/license/Anlogic.lic
RUN-1001 : Print Global Property
RUN-1001 : ---------------------------------------------------------------
RUN-1001 :        Parameters        |  Settings  |  Default Values  |  Note  
RUN-1001 : ---------------------------------------------------------------
RUN-1001 :          message         |  standard  |     standard     |        
RUN-1001 :   mixed_pack_place_flow  |     on     |        on        |        
RUN-1001 :        qor_monitor       |    off     |       off        |        
RUN-1001 :        syn_ip_flow       |    off     |       off        |        
RUN-1001 :          thread          |    auto    |       auto       |        
RUN-1001 : ---------------------------------------------------------------
RUN-1001 : Print Route Property
RUN-1001 : -------------------------------------------------------
RUN-1001 :    Parameters    |  Settings  |  Default Values  |  Note  
RUN-1001 : -------------------------------------------------------
RUN-1001 :      effort      |   medium   |      medium      |        
RUN-1001 :     fix_hold     |    off     |       off        |        
RUN-1001 :    opt_timing    |   medium   |      medium      |        
RUN-1001 :   phy_sim_model  |    off     |       off        |        
RUN-1001 :     priority     |   timing   |      timing      |        
RUN-1001 :     swap_pin     |     on     |        on        |        
RUN-1001 : -------------------------------------------------------
PHY-1001 : Route runs in 16 thread(s)
RUN-1001 : There are total 135 instances
RUN-1001 : 53 mslices, 54 lslices, 23 pads, 0 brams, 0 dsps
RUN-1001 : There are total 334 nets
RUN-1001 : 178 nets have 2 pins
RUN-1001 : 127 nets have [3 - 5] pins
RUN-1001 : 21 nets have [6 - 10] pins
RUN-1001 : 4 nets have [11 - 20] pins
RUN-1001 : 3 nets have [21 - 99] pins
RUN-1001 : 1 nets have 100+ pins
RUN-1002 : start command "start_timer -report"
TMR-2505 : Start building timing graph for model keyboard_instance.
TMR-2506 : Build timing graph completely. Port num: 7, tpin num: 1141, tnet num: 332, tinst num: 133, tnode num: 1415, tedge num: 1922.
TMR-2508 : Levelizing timing graph completed, there are 21 levels in total.
TMR-2501 : Timing graph initialized successfully.
PHY-1001 : 53 mslices, 54 lslices, 23 pads, 0 brams, 0 dsps
TMR-2503 : Start to update net delay, extr mode = 3.
TMR-2504 : Update delay of 332 nets completely.
TMR-2502 : Annotate delay completely, extr mode = 3.
TMR-3001 : Initiate 0 clocks from SDC.
TMR-3004 : Map sdc constraints, there are 0 constraints in total.
TMR-3003 : Constraints initiated successfully.
TMR-3501 : Forward propagation: start to calculate arrival time...
TMR-3502 : Backward propagation: start to calculate required time...
TMR-3503 : Timing propagation completes.
PHY-1001 : Start global routing, caller is route ...
RUN-1001 : Generating global routing grids ...
PHY-1001 : Generate routing nets ...
PHY-1001 : Global iterations in 16 thread ...
PHY-1002 : len = 5008, over cnt = 23(0%), over = 47, worst = 5
PHY-1002 : len = 5424, over cnt = 12(0%), over = 12, worst = 1
PHY-1002 : len = 5600, over cnt = 1(0%), over = 1, worst = 1
PHY-1002 : len = 5616, over cnt = 0(0%), over = 0, worst = 0
PHY-1001 : End global iterations;  0.041291s wall, 0.000000s user + 0.000000s system = 0.000000s CPU (n/a%)

PHY-1001 : Congestion index: top1 = 16.90, top5 = 4.49, top10 = 2.24, top15 = 1.49.
PHY-1001 : End global routing;  0.077665s wall, 0.015625s user + 0.000000s system = 0.015625s CPU (20.1%)

PHY-1001 : Start detail routing ...
PHY-1001 : Current memory(MB): used = 165, reserve = 135, peak = 180.
PHY-1001 : Detailed router is running in normal mode.
PHY-1001 : Generate detailed routing grids ...
PHY-1001 : Generate nets ...
PHY-1001 : net clk_50M_dup_1 will be routed on clock mesh
PHY-1001 : clock net U5/SingleNum_n_syn_3 will be merged with clock U5/SingleNum_n
PHY-1001 : clock net U1/scan_clk_syn_4 will be merged with clock U1/scan_clk
PHY-1001 : Current memory(MB): used = 432, reserve = 408, peak = 432.
PHY-1001 : End build detailed router design. 4.646739s wall, 0.937500s user + 0.000000s system = 0.937500s CPU (20.2%)

PHY-1001 : Detail Route ...
PHY-1001 : ===== Detail Route Phase 1 =====
PHY-1001 : Clock net routing.....
PHY-1001 : Routed 0% nets.
PHY-1022 : len = 7280, over cnt = 0(0%), over = 0, worst = 0, crit = 0
PHY-1001 : End initial clock net routed; 0.905767s wall, 0.093750s user + 0.000000s system = 0.093750s CPU (10.4%)

PHY-1001 : Current memory(MB): used = 461, reserve = 438, peak = 461.
PHY-1001 : End phase 1; 0.910830s wall, 0.093750s user + 0.000000s system = 0.093750s CPU (10.3%)

PHY-1001 : ===== Detail Route Phase 2 =====
PHY-1001 : Initial routing.....
PHY-1001 : Routed 23% nets.
PHY-1001 : Patch 206 net; 0.062730s wall, 0.000000s user + 0.000000s system = 0.000000s CPU (n/a%)

PHY-1022 : len = 16744, over cnt = 22(0%), over = 22, worst = 1, crit = 0
PHY-1001 : Current memory(MB): used = 461, reserve = 438, peak = 462.
PHY-1001 : End initial routed; 0.084577s wall, 0.000000s user + 0.000000s system = 0.000000s CPU (n/a%)

PHY-1001 : Update timing.....
PHY-1001 : 0/287(0%) critical/total net(s).
RUN-1001 : ------------------------------------------
RUN-1001 :   Type   |    WNS(ns)    |  TNS(ns)  |  FEP  
RUN-1001 : ------------------------------------------
RUN-1001 :   Setup  |  2147483.647  |   0.000   |   0   
RUN-1001 :   Hold   |  2147483.647  |   0.000   |   0   
RUN-1001 : ------------------------------------------
PHY-1001 : End update timing; 0.215337s wall, 0.031250s user + 0.000000s system = 0.031250s CPU (14.5%)

PHY-1001 : Current memory(MB): used = 463, reserve = 438, peak = 463.
PHY-1001 : End phase 2; 0.300272s wall, 0.031250s user + 0.000000s system = 0.031250s CPU (10.4%)

PHY-1001 : ===== Detail Route Phase 3 =====
PHY-1001 : Optimize timing.....
PHY-1022 : len = 16744, over cnt = 22(0%), over = 22, worst = 1, crit = 0
PHY-1001 : End optimize timing; 0.005289s wall, 0.000000s user + 0.000000s system = 0.000000s CPU (n/a%)

PHY-1001 : Ripup-reroute.....
PHY-1001 : ===== DR Iter 1 =====
PHY-1022 : len = 16816, over cnt = 10(0%), over = 10, worst = 1, crit = 0
PHY-1001 : End DR Iter 1; 0.023828s wall, 0.000000s user + 0.000000s system = 0.000000s CPU (n/a%)

PHY-1001 : ===== DR Iter 2 =====
PHY-1022 : len = 16992, over cnt = 0(0%), over = 0, worst = 0, crit = 0
PHY-1001 : End DR Iter 2; 0.019594s wall, 0.000000s user + 0.000000s system = 0.000000s CPU (n/a%)

PHY-1001 : Update timing.....
PHY-1001 : 0/287(0%) critical/total net(s).
RUN-1001 : ------------------------------------------
RUN-1001 :   Type   |    WNS(ns)    |  TNS(ns)  |  FEP  
RUN-1001 : ------------------------------------------
RUN-1001 :   Setup  |  2147483.647  |   0.000   |   0   
RUN-1001 :   Hold   |  2147483.647  |   0.000   |   0   
RUN-1001 : ------------------------------------------
PHY-1001 : End update timing; 0.143503s wall, 0.031250s user + 0.000000s system = 0.031250s CPU (21.8%)

PHY-1001 : Commit to database.....
PHY-1001 : 4 feed throughs used by 4 nets
PHY-1001 : End commit to database; 0.031484s wall, 0.015625s user + 0.000000s system = 0.015625s CPU (49.6%)

PHY-1001 : Current memory(MB): used = 472, reserve = 448, peak = 472.
PHY-1001 : End phase 3; 0.360511s wall, 0.109375s user + 0.000000s system = 0.109375s CPU (30.3%)

PHY-1003 : Routed, final wirelength = 16992
PHY-1001 : Current memory(MB): used = 473, reserve = 448, peak = 473.
PHY-1001 : End export database. 0.006035s wall, 0.000000s user + 0.000000s system = 0.000000s CPU (n/a%)

PHY-1001 : End detail routing;  6.459155s wall, 1.265625s user + 0.015625s system = 1.281250s CPU (19.8%)

RUN-1003 : finish command "route" in  6.803727s wall, 1.390625s user + 0.015625s system = 1.406250s CPU (20.7%)

RUN-1004 : used memory is 426 MB, reserved memory is 401 MB, peak memory is 473 MB
RUN-1002 : start command "report_area -io_info -file keyboard_phy.area"
RUN-1001 : standard
***Report Model: keyboard_instance Device: EG4S20BG256***

IO Statistics
#IO                        23
  #input                    6
  #output                  17
  #inout                    0

Utilization Statistics
#lut                      190   out of  19600    0.97%
#reg                      147   out of  19600    0.75%
#le                       210
  #lut only                63   out of    210   30.00%
  #reg only                20   out of    210    9.52%
  #lut&reg                127   out of    210   60.48%
#dsp                        0   out of     29    0.00%
#bram                       0   out of     64    0.00%
  #bram9k                   0
  #fifo9k                   0
#bram32k                    0   out of     16    0.00%
#pad                       23   out of    188   12.23%
  #ireg                     0
  #oreg                     0
  #treg                     0
#pll                        0   out of      4    0.00%
#gclk                       3   out of     16   18.75%

Clock Resource Statistics
Index     ClockNet          Type               DriverType         Driver                         Fanout
#1        clk_50M_dup_1     GCLK               io                 clk_50M_syn_2.di               68
#2        U1/scan_clk       GCLK               mslice             U1/scan_clk_reg_syn_9.q1       10
#3        U5/SingleNum_n    GCLK               mslice             DigitronCS_Out[3]_syn_13.f1    4


Detailed IO Report

        Name           Direction    Location    IOStandard    DriveStrength    PullType    PackReg  
        RSTn             INPUT         A9        LVCMOS33          N/A          PULLUP      NONE    
       clk_50M           INPUT         R7        LVCMOS33          N/A          PULLUP      NONE    
       col[3]            INPUT        F10        LVCMOS33          N/A          PULLUP      NONE    
       col[2]            INPUT        C11        LVCMOS33          N/A          PULLUP      NONE    
       col[1]            INPUT        D11        LVCMOS33          N/A          PULLUP      NONE    
       col[0]            INPUT        E11        LVCMOS33          N/A          PULLUP      NONE    
  DigitronCS_Out[3]     OUTPUT         A3        LVCMOS33           8            NONE       NONE    
  DigitronCS_Out[2]     OUTPUT         A5        LVCMOS33           8            NONE       NONE    
  DigitronCS_Out[1]     OUTPUT         B6        LVCMOS33           8            NONE       NONE    
  DigitronCS_Out[0]     OUTPUT         C9        LVCMOS33           8            NONE       NONE    
   Digitron_Out[7]      OUTPUT         C8        LVCMOS33           8            NONE       NONE    
   Digitron_Out[6]      OUTPUT         A8        LVCMOS33           8            NONE       NONE    
   Digitron_Out[5]      OUTPUT         B5        LVCMOS33           8            NONE       NONE    
   Digitron_Out[4]      OUTPUT         A7        LVCMOS33           8            NONE       NONE    
   Digitron_Out[3]      OUTPUT         E8        LVCMOS33           8            NONE       NONE    
   Digitron_Out[2]      OUTPUT         B8        LVCMOS33           8            NONE       NONE    
   Digitron_Out[1]      OUTPUT         A6        LVCMOS33           8            NONE       NONE    
   Digitron_Out[0]      OUTPUT         A4        LVCMOS33           8            NONE       NONE    
        light           OUTPUT        B14        LVCMOS33           8            NONE       NONE    
       row[3]           OUTPUT         D9        LVCMOS33           8            NONE       NONE    
       row[2]           OUTPUT         F9        LVCMOS33           8            NONE       NONE    
       row[1]           OUTPUT        C10        LVCMOS33           8            NONE       NONE    
       row[0]           OUTPUT        E10        LVCMOS33           8            NONE       NONE    

Report Hierarchy Area:
+-------------------------------------------------------------------------------------------+
|Instance |Module                      |le     |lut     |ripple  |seq     |bram    |dsp     |
+-------------------------------------------------------------------------------------------+
|top      |keyboard_instance           |210    |165     |25      |147     |0       |0       |
|  U1     |keyboard_scan               |69     |47      |9       |53      |0       |0       |
|  U2     |key_filter                  |60     |47      |6       |50      |0       |0       |
|  U3     |onehot2binary               |39     |39      |0       |24      |0       |0       |
|  U5     |Digitron_TimeDisplay_module |36     |26      |10      |20      |0       |0       |
+-------------------------------------------------------------------------------------------+


DataNet Average Fanout:

   Index     Fanout    Nets  
    #1         1       155   
    #2         2        89   
    #3         3        13   
    #4         4        24   
    #5        5-10      20   
    #6       11-50      5    
  Average     2.30           

RUN-1002 : start command "export_db keyboard_pr.db"
RUN-1001 : Exported /
RUN-1001 : Exported flow parameters
RUN-1001 : Exported libs
RUN-1001 : Exported entities
RUN-1001 : Exported ports
RUN-1001 : Exported pins
RUN-1001 : Exported instances
RUN-1001 : Exported nets
RUN-1001 : Exported buses
RUN-1001 : Exported models
RUN-1001 : Exported congestions
RUN-1001 : Exported violations
RUN-1001 : Exported timing constraints
RUN-1001 : Exported IO constraints
RUN-1001 : Exported Inst constraints
RUN-1002 : start command "export_bid keyboard_inst.bid"
RUN-1002 : start command "bitgen -bit keyboard.bit -unused_io_status pulldown"
BIT-1003 : Start to generate bitstream. 
BIT-1002 : Bitgen processed 165 unused pads, reserve input tri_state with pulldown
BIT-1002 : Init instances with 16 threads.
BIT-1002 : Init instances completely, inst num: 298
BIT-1002 : Init pips with 16 threads.
BIT-1002 : Init pips completely, net num: 334, pip num: 1992
BIT-1002 : Init feedthrough completely, num: 4
BIT-1003 : Multithreading accelaration with 16 threads.
BIT-1003 : Generate bitstream completely, there are 431 valid insts, and 6624 bits set as '1'.
BIT-1004 : PLL setting string = 0000
BIT-1004 : Generate bits file keyboard.bit.
RUN-1003 : finish command "bitgen -bit keyboard.bit -unused_io_status pulldown" in  1.420268s wall, 3.812500s user + 0.093750s system = 3.906250s CPU (275.0%)

RUN-1004 : used memory is 434 MB, reserved memory is 410 MB, peak memory is 618 MB
RUN-1002 : start command "backup_run_log run.log ../.logs/phy_1/td_20240827_134122.log"
