============================================================
   Tang Dynasty, V5.6.59063
   Copyright (c) 2012-2022 Anlogic
   Executable = E:/Anlogic/TD5.6.59063/bin/td.exe
   Built at =   12:45:13 Sep  6 2022
   Run by =     19234
   Run Date =   Tue Aug 27 10:46:38 2024

   Run on =     ERIKPSW
============================================================
RUN-1002 : start command "open_project keyboard.prj"
RUN-1001 : Print Global Property
RUN-1001 : ---------------------------------------------------------------
RUN-1001 :        Parameters        |  Settings  |  Default Values  |  Note  
RUN-1001 : ---------------------------------------------------------------
RUN-1001 :          message         |  standard  |     standard     |        
RUN-1001 :   mixed_pack_place_flow  |     on     |        on        |        
RUN-1001 :        qor_monitor       |    off     |       off        |        
RUN-1001 :        syn_ip_flow       |    off     |       off        |        
RUN-1001 :          thread          |    auto    |       auto       |        
RUN-1001 : ---------------------------------------------------------------
RUN-1001 : Print Design Property
RUN-1001 : --------------------------------------------------------------
RUN-1001 :        Parameters       |  Settings  |  Default Values  |  Note  
RUN-1001 : --------------------------------------------------------------
RUN-1001 :   default_reg_initial   |    auto    |       auto       |        
RUN-1001 :        infer_add        |     on     |        on        |        
RUN-1001 :        infer_fsm        |    off     |       off        |        
RUN-1001 :        infer_mult       |     on     |        on        |        
RUN-1001 :        infer_ram        |     on     |        on        |        
RUN-1001 :        infer_reg        |     on     |        on        |        
RUN-1001 :   infer_reg_init_value  |     on     |        on        |        
RUN-1001 :        infer_rom        |     on     |        on        |        
RUN-1001 :      infer_shifter      |     on     |        on        |        
RUN-1001 : --------------------------------------------------------------
RUN-1001 : Print Rtl Property
RUN-1001 : --------------------------------------------------------------
RUN-1001 :        Parameters       |  Settings  |  Default Values  |  Note  
RUN-1001 : --------------------------------------------------------------
RUN-1001 :       compress_add      |   ripple   |      ripple      |        
RUN-1001 :        elf_sload        |    off     |       off        |        
RUN-1001 :       fix_undriven      |     0      |        0         |        
RUN-1001 :         flatten         |    off     |       off        |        
RUN-1001 :       gate_sharing      |     on     |        on        |        
RUN-1001 :    hdl_warning_level    |   normal   |      normal      |        
RUN-1001 :   impl_internal_tribuf  |     on     |        on        |        
RUN-1001 :      impl_set_reset     |     on     |        on        |        
RUN-1001 :        infer_gsr        |    off     |       off        |        
RUN-1001 :      keep_hierarchy     |    auto    |       auto       |        
RUN-1001 :        max_fanout       |    9999    |       9999       |        
RUN-1001 :      max_oh2bin_len     |     10     |        10        |        
RUN-1001 :       merge_equal       |     on     |        on        |        
RUN-1001 :       merge_equiv       |     on     |        on        |        
RUN-1001 :        merge_mux        |    off     |       off        |        
RUN-1001 :     min_control_set     |     8      |        8         |        
RUN-1001 :      min_ripple_len     |    auto    |       auto       |        
RUN-1001 :       oh2bin_ratio      |    0.08    |       0.08       |        
RUN-1001 :     opt_adder_fanout    |     on     |        on        |        
RUN-1001 :        opt_arith        |     on     |        on        |        
RUN-1001 :       opt_big_gate      |    off     |       off        |        
RUN-1001 :        opt_const        |     on     |        on        |        
RUN-1001 :      opt_const_mult     |     on     |        on        |        
RUN-1001 :       opt_lessthan      |     on     |        on        |        
RUN-1001 :         opt_mux         |    off     |       off        |        
RUN-1001 :         opt_ram         |    high    |       high       |        
RUN-1001 :      rtl_sim_model      |    off     |       off        |        
RUN-1001 :         seq_syn         |     on     |        on        |        
RUN-1001 : --------------------------------------------------------------
HDL-1007 : analyze verilog file ../../../src/Digitron_TimeDisplay_module.v
HDL-1007 : analyze verilog file ../../../src/key_filter.v
HDL-1007 : analyze verilog file ../../../src/keyboard_instance.v
HDL-1007 : analyze verilog file ../../../src/keyboard_scan.v
HDL-1007 : analyze verilog file ../../../src/onehot2binary.v
RUN-1001 : Project manager successfully analyzed 5 source files.
RUN-1002 : start command "import_device eagle_s20.db -package EG4S20BG256"
ARC-1001 : Device Initialization.
ARC-1001 : ------------------------------------------------------------------
ARC-1001 :            OPTION            |          IO          |   SETTING   
ARC-1001 : ------------------------------------------------------------------
ARC-1001 :   cso_b/cclk/mosi/miso/dout  |  T3/R11/T10/P10/S11  |    gpio    
ARC-1001 :             done             |         P13          |    gpio    
ARC-1001 :           program_b          |          T2          |  dedicate  
ARC-1001 :        tdi/tms/tck/tdo       |   C12/A15/C14/E14    |  dedicate  
ARC-1001 : ------------------------------------------------------------------
ARC-1004 : Device setting, marked 5 dedicate IOs in total.
RUN-1002 : start command "import_db ../syn_1/keyboard_gate.db"
RUN-1001 : Importing database generated by Tang Dynasty, V5.6.59063.
RUN-1001 : Database version number 46140.
RUN-1001 : Import flow parameters
RUN-1001 : Import timing constraints
RUN-1001 : Import IO constraints
RUN-1001 : Import Inst constraints
RUN-1001 : Import design success TD_VERSION=5.6.59063 , DB_VERSION=46140
RUN-1002 : start command "read_sdc"
USR-1002 : read_sdc file_name -help -h -eco
USR-1009 : NO module with IP_SDC ...
RUN-1104 : Import SDC file  finished, there are 0 nets kept by constraints.
RUN-1002 : start command "place"
RUN-1001 : Open license file E:/Anlogic/TD5.6.59063/license/Anlogic.lic
RUN-1001 : Print Global Property
RUN-1001 : ---------------------------------------------------------------
RUN-1001 :        Parameters        |  Settings  |  Default Values  |  Note  
RUN-1001 : ---------------------------------------------------------------
RUN-1001 :          message         |  standard  |     standard     |        
RUN-1001 :   mixed_pack_place_flow  |     on     |        on        |        
RUN-1001 :        qor_monitor       |    off     |       off        |        
RUN-1001 :        syn_ip_flow       |    off     |       off        |        
RUN-1001 :          thread          |    auto    |       auto       |        
RUN-1001 : ---------------------------------------------------------------
RUN-1001 : Print Place Property
RUN-1001 : --------------------------------------------------------------
RUN-1001 :        Parameters       |  Settings  |  Default Values  |  Note  
RUN-1001 : --------------------------------------------------------------
RUN-1001 :      detailed_place     |     on     |        on        |        
RUN-1001 :          effort         |   medium   |      medium      |        
RUN-1001 :         fix_hold        |    off     |       off        |        
RUN-1001 :       legalization      |    ori     |       ori        |        
RUN-1001 :      new_spreading      |     on     |        on        |        
RUN-1001 :        opt_timing       |   medium   |      medium      |        
RUN-1001 :   post_clock_route_opt  |    off     |       off        |        
RUN-1001 :       pr_strategy       |     1      |        1         |        
RUN-1001 :        relaxation       |    1.00    |       1.00       |        
RUN-1001 :         retiming        |    off     |       off        |        
RUN-1001 : --------------------------------------------------------------
PHY-3001 : Placer runs in 16 thread(s).
RUN-1002 : start command "legalize_phy_inst"
SYN-1011 : Flatten model keyboard_instance
RUN-1002 : start command "phys_opt -simplify_lut"
SYN-4024 : Net "clk_50M_dup_1" drives clk pins.
SYN-4024 : Net "U1/scan_clk" drives clk pins.
SYN-4025 : Tag rtl::Net U1/scan_clk as clock net
SYN-4025 : Tag rtl::Net clk_50M_dup_1 as clock net
SYN-4026 : Tagged 2 rtl::Net as clock net
SYN-4015 : Create BUFG instance for clk Net U1/scan_clk to drive 20 clock pins.
PHY-1001 : Populate physical database on model keyboard_instance.
RUN-1001 : There are total 250 instances
RUN-0007 : 102 luts, 101 seqs, 11 mslices, 9 lslices, 23 pads, 0 brams, 0 dsps
RUN-1001 : There are total 305 nets
RUN-1001 : 172 nets have 2 pins
RUN-1001 : 110 nets have [3 - 5] pins
RUN-1001 : 16 nets have [6 - 10] pins
RUN-1001 : 2 nets have [11 - 20] pins
RUN-1001 : 5 nets have [21 - 99] pins
RUN-1001 : Report Control nets information:
RUN-1001 : DFF Distribution
RUN-1001 : ----------------------------------
RUN-1001 :   CE   |  SSR  |  ASR  |  DFF Count  
RUN-1001 : ----------------------------------
RUN-1001 :   No   |  No   |  No   |     61      
RUN-1001 :   No   |  No   |  Yes  |      8      
RUN-1001 :   No   |  Yes  |  No   |      0      
RUN-1001 :   Yes  |  No   |  No   |      0      
RUN-1001 :   Yes  |  No   |  Yes  |     32      
RUN-1001 :   Yes  |  Yes  |  No   |      0      
RUN-1001 : ----------------------------------
RUN-0007 : Control Group Statistic
RUN-0007 : ---------------------------
RUN-0007 :   #CLK  |  #CE  |  #SSR/ASR  
RUN-0007 : ---------------------------
RUN-0007 :    2    |   2   |     2      
RUN-0007 : ---------------------------
RUN-0007 : Control Set = 4
PHY-3001 : Initial placement ...
PHY-3001 : design contains 248 instances, 102 luts, 101 seqs, 20 slices, 2 macros(20 instances: 11 mslices 9 lslices)
PHY-0007 : Cell area utilization is 0%
PHY-3001 : Start timing update ...
RUN-1002 : start command "start_timer -report"
TMR-2505 : Start building timing graph for model keyboard_instance.
TMR-2506 : Build timing graph completely. Port num: 7, tpin num: 1047, tnet num: 303, tinst num: 248, tnode num: 1349, tedge num: 1635.
TMR-2508 : Levelizing timing graph completed, there are 27 levels in total.
TMR-2501 : Timing graph initialized successfully.
TMR-2503 : Start to update net delay, extr mode = 2.
TMR-2504 : Update delay of 303 nets completely.
TMR-2502 : Annotate delay completely, extr mode = 2.
TMR-3001 : Initiate 0 clocks from SDC.
TMR-3004 : Map sdc constraints, there are 0 constraints in total.
TMR-3003 : Constraints initiated successfully.
TMR-3501 : Forward propagation: start to calculate arrival time...
TMR-3502 : Backward propagation: start to calculate required time...
TMR-3503 : Timing propagation completes.
PHY-3001 : End timing update;  0.125464s wall, 0.031250s user + 0.015625s system = 0.046875s CPU (37.4%)

PHY-3001 : Global placement ...
PHY-3001 : Initial: Len = 72556
PHY-3001 : Clustering ...
PHY-3001 : Level 0 #clusters 248.
PHY-3001 : End clustering;  0.000028s wall, 0.000000s user + 0.000000s system = 0.000000s CPU (n/a%)

PHY-3001 : Run with size of 4
PHY-3001 : Cell area utilization is 0%
PHY-3001 : :::0::: Try harder cell spreading with beta_ = 0
PHY-3002 : Step(1): len = 46752.2, overlap = 0
PHY-3002 : Step(2): len = 30573.9, overlap = 0
PHY-3002 : Step(3): len = 23748.7, overlap = 0
PHY-3002 : Step(4): len = 18415.5, overlap = 0
PHY-3002 : Step(5): len = 15490.6, overlap = 0
PHY-3002 : Step(6): len = 14168.9, overlap = 0
PHY-3002 : Step(7): len = 12827, overlap = 0
PHY-3002 : Step(8): len = 11891.1, overlap = 0
PHY-3002 : Step(9): len = 11900.9, overlap = 0
PHY-3002 : Step(10): len = 11635.9, overlap = 0
PHY-3002 : Step(11): len = 10718.4, overlap = 0
PHY-3002 : Step(12): len = 10159.3, overlap = 0
PHY-3002 : Step(13): len = 9225.9, overlap = 0
PHY-3002 : Step(14): len = 8739.9, overlap = 0
PHY-3002 : Step(15): len = 8553.5, overlap = 0
PHY-3002 : Step(16): len = 7989.9, overlap = 0
PHY-3002 : Step(17): len = 7950.5, overlap = 0
PHY-3002 : Step(18): len = 7729.7, overlap = 0
PHY-3002 : Step(19): len = 7267.6, overlap = 0
PHY-3002 : Step(20): len = 7416.5, overlap = 0
PHY-3002 : Step(21): len = 7111.8, overlap = 0
PHY-3002 : Step(22): len = 7157.1, overlap = 0
PHY-3002 : Step(23): len = 6477.6, overlap = 0
PHY-3002 : Step(24): len = 6293.8, overlap = 0
PHY-3002 : Step(25): len = 6215.1, overlap = 0
PHY-3002 : Step(26): len = 6395.1, overlap = 0
PHY-3002 : Step(27): len = 6399.7, overlap = 0
PHY-3002 : Step(28): len = 5991.8, overlap = 0
PHY-3002 : Step(29): len = 5767.5, overlap = 0
PHY-3002 : Step(30): len = 5851.3, overlap = 0
PHY-3002 : Step(31): len = 5653.1, overlap = 0
PHY-3002 : Step(32): len = 5722.1, overlap = 0
PHY-3002 : Step(33): len = 5871.2, overlap = 0
PHY-3002 : Step(34): len = 6098.7, overlap = 0
PHY-3002 : Step(35): len = 5571.6, overlap = 0
PHY-3002 : Step(36): len = 5648.9, overlap = 0
PHY-3002 : Step(37): len = 5171.7, overlap = 0
PHY-3002 : Step(38): len = 5330, overlap = 0
PHY-3002 : Step(39): len = 5523.3, overlap = 0
PHY-3002 : Step(40): len = 5333.9, overlap = 0
PHY-3002 : Step(41): len = 5191.9, overlap = 0
PHY-3002 : Step(42): len = 5237.7, overlap = 0
PHY-3002 : Step(43): len = 4826.9, overlap = 0
PHY-3002 : Step(44): len = 4826.9, overlap = 0
PHY-3002 : Step(45): len = 4631.6, overlap = 0
PHY-3002 : Step(46): len = 4631.6, overlap = 0
PHY-3002 : Step(47): len = 4549.5, overlap = 0
PHY-3002 : Step(48): len = 4549.5, overlap = 0
PHY-3002 : Step(49): len = 4498.1, overlap = 0
PHY-3001 : Legalization ...
PHY-3001 : End legalization;  0.004194s wall, 0.000000s user + 0.000000s system = 0.000000s CPU (n/a%)

PHY-3001 : Run with size of 4
PHY-3001 : Cell area utilization is 0%
PHY-3001 : Update timing in Manhattan mode ...
TMR-2503 : Start to update net delay, extr mode = 3.
TMR-2504 : Update delay of 303 nets completely.
TMR-2502 : Annotate delay completely, extr mode = 3.
TMR-3501 : Forward propagation: start to calculate arrival time...
TMR-3502 : Backward propagation: start to calculate required time...
TMR-3503 : Timing propagation completes.
PHY-3001 : End timing update;  0.003748s wall, 0.000000s user + 0.000000s system = 0.000000s CPU (n/a%)

PHY-3001 : :::0::: Try harder cell spreading with beta_ = 0
PHY-3002 : Step(50): len = 4569.2, overlap = 0
PHY-3002 : Step(51): len = 4627.6, overlap = 0
PHY-3002 : Step(52): len = 4903.6, overlap = 0
PHY-3002 : Step(53): len = 5044.8, overlap = 0
PHY-3002 : Step(54): len = 4450.3, overlap = 0
PHY-3002 : Step(55): len = 4698, overlap = 0
PHY-3002 : Step(56): len = 4867, overlap = 0
PHY-3002 : Step(57): len = 4548.9, overlap = 0
PHY-3002 : Step(58): len = 4639.4, overlap = 0
PHY-3002 : Step(59): len = 4592.1, overlap = 0
PHY-3002 : Step(60): len = 3482.2, overlap = 0
PHY-3002 : Step(61): len = 3376.1, overlap = 0
PHY-3002 : Step(62): len = 3377.2, overlap = 0
PHY-3002 : Step(63): len = 2967.7, overlap = 0
PHY-3002 : Step(64): len = 2983.1, overlap = 0
PHY-3002 : Step(65): len = 2999.3, overlap = 0
PHY-3002 : Step(66): len = 3019.9, overlap = 0
PHY-3002 : Step(67): len = 3049.5, overlap = 0
PHY-3002 : Step(68): len = 3073.8, overlap = 0
PHY-3002 : Step(69): len = 2927.6, overlap = 0
PHY-3002 : Step(70): len = 2920.4, overlap = 0
PHY-3002 : Step(71): len = 2928.7, overlap = 0
PHY-3002 : Step(72): len = 2907.9, overlap = 0
PHY-3002 : Step(73): len = 2864.4, overlap = 0
PHY-3002 : Step(74): len = 2821.4, overlap = 0
PHY-3002 : Step(75): len = 2743.6, overlap = 0
PHY-3002 : Step(76): len = 2717.3, overlap = 0
PHY-3002 : Step(77): len = 2587.8, overlap = 0
PHY-3002 : Step(78): len = 2603.2, overlap = 0
PHY-3002 : Step(79): len = 2409.4, overlap = 0
PHY-3002 : Step(80): len = 2281.6, overlap = 0
PHY-3002 : Step(81): len = 2302.5, overlap = 0
PHY-3002 : Step(82): len = 2318.2, overlap = 0
PHY-3001 : Run with size of 2
PHY-3001 : Cell area utilization is 0%
PHY-3001 : Update timing in Manhattan mode ...
TMR-2503 : Start to update net delay, extr mode = 3.
TMR-2504 : Update delay of 303 nets completely.
TMR-2502 : Annotate delay completely, extr mode = 3.
TMR-3501 : Forward propagation: start to calculate arrival time...
TMR-3502 : Backward propagation: start to calculate required time...
TMR-3503 : Timing propagation completes.
PHY-3001 : End timing update;  0.002913s wall, 0.000000s user + 0.000000s system = 0.000000s CPU (n/a%)

PHY-3001 : :::0::: Try harder cell spreading with beta_ = 9.90085e-05
PHY-3002 : Step(83): len = 2245.9, overlap = 2.3125
PHY-3002 : Step(84): len = 2292.8, overlap = 2.3125
PHY-3002 : Step(85): len = 2377.4, overlap = 2
PHY-3001 : :::1::: Try harder cell spreading with beta_ = 0.000198017
PHY-3002 : Step(86): len = 2222.2, overlap = 1.96875
PHY-3002 : Step(87): len = 2222.2, overlap = 1.96875
PHY-3002 : Step(88): len = 2252, overlap = 1.46875
PHY-3001 : :::2::: Try harder cell spreading with beta_ = 0.000396034
PHY-3002 : Step(89): len = 2222, overlap = 1.65625
PHY-3002 : Step(90): len = 2222, overlap = 1.65625
OPT-1001 : Start physical optimization ...
RUN-1002 : start command "start_timer -report"
TMR-2505 : Start building timing graph for model keyboard_instance.
TMR-2506 : Build timing graph completely. Port num: 7, tpin num: 1047, tnet num: 303, tinst num: 248, tnode num: 1349, tedge num: 1635.
TMR-2508 : Levelizing timing graph completed, there are 27 levels in total.
TMR-2501 : Timing graph initialized successfully.
OPT-1001 : Total overflow 7.03 peak overflow 1.09
OPT-1001 : Start high-fanout net optimization ...
OPT-1001 : Update timing in global mode
PHY-1001 : Start incremental global routing, caller is place ...
RUN-1001 : Generating global routing grids ...
RUN-1001 : Building simple global routing graph ...
PHY-1001 : Generate routing nets ...
PHY-1001 : Reuse net number 0/305.
PHY-1001 : Global iterations in 16 thread ...
PHY-1002 : len = 2304, over cnt = 11(0%), over = 55, worst = 12
PHY-1001 : End global iterations;  0.008339s wall, 0.000000s user + 0.000000s system = 0.000000s CPU (n/a%)

PHY-1001 : Congestion index: top1 = 8.92, top5 = 2.03, top10 = 1.01, top15 = 0.67.
PHY-1001 : End incremental global routing;  0.051033s wall, 0.000000s user + 0.000000s system = 0.000000s CPU (n/a%)

TMR-2503 : Start to update net delay, extr mode = 5.
TMR-2504 : Update delay of 303 nets completely.
TMR-2502 : Annotate delay completely, extr mode = 5.
TMR-3001 : Initiate 0 clocks from SDC.
TMR-3004 : Map sdc constraints, there are 0 constraints in total.
TMR-3003 : Constraints initiated successfully.
TMR-3501 : Forward propagation: start to calculate arrival time...
TMR-3502 : Backward propagation: start to calculate required time...
TMR-3503 : Timing propagation completes.
OPT-1001 : End timing update;  0.003661s wall, 0.000000s user + 0.000000s system = 0.000000s CPU (n/a%)

OPT-1001 : 0 high-fanout net processed.
OPT-1001 : End high-fanout net optimization;  0.057092s wall, 0.000000s user + 0.000000s system = 0.000000s CPU (n/a%)

OPT-1001 : Current memory(MB): used = 139, reserve = 109, peak = 139.
OPT-1001 : Start global optimization ...
OPT-1001 : Start congestion update ...
RUN-1001 : Generating global routing grids ...
PHY-1001 : Generate routing nets ...
PHY-1001 : Reuse net number 127/305.
PHY-1001 : Global iterations in 16 thread ...
PHY-1002 : len = 2304, over cnt = 11(0%), over = 55, worst = 12
PHY-1002 : len = 2944, over cnt = 5(0%), over = 6, worst = 2
PHY-1002 : len = 2968, over cnt = 2(0%), over = 3, worst = 2
PHY-1002 : len = 3016, over cnt = 1(0%), over = 1, worst = 1
PHY-1001 : End global iterations;  0.012273s wall, 0.000000s user + 0.000000s system = 0.000000s CPU (n/a%)

PHY-1001 : Congestion index: top1 = 10.23, top5 = 2.39, top10 = 1.19, top15 = 0.79.
OPT-1001 : End congestion update;  0.048117s wall, 0.015625s user + 0.000000s system = 0.015625s CPU (32.5%)

OPT-1001 : Update timing in Manhattan mode
TMR-2503 : Start to update net delay, extr mode = 3.
TMR-2504 : Update delay of 303 nets completely.
TMR-2502 : Annotate delay completely, extr mode = 3.
TMR-3501 : Forward propagation: start to calculate arrival time...
TMR-3502 : Backward propagation: start to calculate required time...
TMR-3503 : Timing propagation completes.
OPT-1001 : End timing update;  0.003149s wall, 0.000000s user + 0.000000s system = 0.000000s CPU (n/a%)

OPT-0007 : Start: WNS 2147483647 TNS 0 NUM_FEPS 0
OPT-1001 : End global optimization;  0.051349s wall, 0.015625s user + 0.000000s system = 0.015625s CPU (30.4%)

OPT-1001 : Current memory(MB): used = 140, reserve = 110, peak = 140.
OPT-1001 : End physical optimization;  0.259044s wall, 0.109375s user + 0.000000s system = 0.109375s CPU (42.2%)

PHY-3001 : Start packing ...
SYN-4007 : Packing 0 MUX to BLE ...
SYN-4008 : Packed 0 MUX and 0 SEQ to BLE.
SYN-4007 : Packing 102 LUT to BLE ...
SYN-4008 : Packed 102 LUT and 39 SEQ to BLE.
SYN-4003 : Packing 62 remaining SEQ's ...
SYN-4005 : Packed 32 SEQ with LUT/SLICE
SYN-4006 : 33 single LUT's are left
SYN-4006 : 30 single SEQ's are left
SYN-4011 : Packing model "keyboard_instance" (AL_USER_NORMAL) with 132/179 primitive instances ...
PHY-3001 : End packing;  0.008356s wall, 0.000000s user + 0.000000s system = 0.000000s CPU (n/a%)

PHY-1001 : Populate physical database on model keyboard_instance.
RUN-1001 : There are total 119 instances
RUN-1001 : 46 mslices, 46 lslices, 23 pads, 0 brams, 0 dsps
RUN-1001 : There are total 266 nets
RUN-1001 : 131 nets have 2 pins
RUN-1001 : 107 nets have [3 - 5] pins
RUN-1001 : 21 nets have [6 - 10] pins
RUN-1001 : 3 nets have [11 - 20] pins
RUN-1001 : 4 nets have [21 - 99] pins
PHY-3001 : design contains 117 instances, 92 slices, 2 macros(20 instances: 11 mslices 9 lslices)
PHY-3001 : Cell area utilization is 1%
PHY-3001 : After packing: Len = 2437.2, Over = 5.5
PHY-3001 : Run with size of 2
PHY-3001 : Cell area utilization is 1%
PHY-3001 : Update timing in Manhattan mode ...
RUN-1002 : start command "start_timer -report"
TMR-2505 : Start building timing graph for model keyboard_instance.
TMR-2506 : Build timing graph completely. Port num: 7, tpin num: 911, tnet num: 264, tinst num: 117, tnode num: 1139, tedge num: 1485.
TMR-2508 : Levelizing timing graph completed, there are 25 levels in total.
TMR-2501 : Timing graph initialized successfully.
TMR-2503 : Start to update net delay, extr mode = 3.
TMR-2504 : Update delay of 264 nets completely.
TMR-2502 : Annotate delay completely, extr mode = 3.
TMR-3001 : Initiate 0 clocks from SDC.
TMR-3004 : Map sdc constraints, there are 0 constraints in total.
TMR-3003 : Constraints initiated successfully.
TMR-3501 : Forward propagation: start to calculate arrival time...
TMR-3502 : Backward propagation: start to calculate required time...
TMR-3503 : Timing propagation completes.
PHY-3001 : End timing update;  0.128964s wall, 0.078125s user + 0.000000s system = 0.078125s CPU (60.6%)

PHY-3001 : :::0::: Try harder cell spreading with beta_ = 3.56551e-05
PHY-3002 : Step(91): len = 2391.4, overlap = 6
PHY-3002 : Step(92): len = 2410.7, overlap = 5.75
PHY-3002 : Step(93): len = 2416.5, overlap = 5.75
PHY-3001 : :::1::: Try harder cell spreading with beta_ = 7.13103e-05
PHY-3002 : Step(94): len = 2406.5, overlap = 5.25
PHY-3002 : Step(95): len = 2406.5, overlap = 5.25
PHY-3001 : :::2::: Try harder cell spreading with beta_ = 0.000142621
PHY-3002 : Step(96): len = 2457.8, overlap = 5
PHY-3002 : Step(97): len = 2457.8, overlap = 5
PHY-3001 : Legalization ...
PHY-3001 : End legalization;  0.027884s wall, 0.000000s user + 0.000000s system = 0.000000s CPU (n/a%)

PHY-3001 : Trial Legalized: Len = 4528.8
PHY-3001 : Run with size of 2
PHY-3001 : Cell area utilization is 1%
PHY-3001 : Update timing in Manhattan mode ...
TMR-2503 : Start to update net delay, extr mode = 3.
TMR-2504 : Update delay of 264 nets completely.
TMR-2502 : Annotate delay completely, extr mode = 3.
TMR-3501 : Forward propagation: start to calculate arrival time...
TMR-3502 : Backward propagation: start to calculate required time...
TMR-3503 : Timing propagation completes.
PHY-3001 : End timing update;  0.002673s wall, 0.000000s user + 0.000000s system = 0.000000s CPU (n/a%)

PHY-3001 : :::0::: Try harder cell spreading with beta_ = 0
PHY-3002 : Step(98): len = 3200.6, overlap = 2
PHY-3002 : Step(99): len = 2785, overlap = 3.25
PHY-3002 : Step(100): len = 2553, overlap = 3.25
PHY-3002 : Step(101): len = 2525.6, overlap = 3
PHY-3002 : Step(102): len = 2492.3, overlap = 3.25
PHY-3001 : :::1::: Try harder cell spreading with beta_ = 8.55584e-05
PHY-3002 : Step(103): len = 2440.7, overlap = 3.25
PHY-3002 : Step(104): len = 2457.2, overlap = 3.25
PHY-3001 : :::2::: Try harder cell spreading with beta_ = 0.000171117
PHY-3002 : Step(105): len = 2437.6, overlap = 3.25
PHY-3002 : Step(106): len = 2437.6, overlap = 3.25
PHY-3001 : Legalization ...
PHY-3001 : End legalization;  0.004873s wall, 0.000000s user + 0.000000s system = 0.000000s CPU (n/a%)

PHY-3001 : Legalized: Len = 4049.2, Over = 0
PHY-3001 : Spreading special nets. 2 overflows in 2952 tiles.
PHY-3001 : End spreading;  0.002037s wall, 0.000000s user + 0.000000s system = 0.000000s CPU (n/a%)

PHY-3001 : 2 instances has been re-located, deltaX = 1, deltaY = 1, maxDist = 1.
PHY-3001 : Final: Len = 4069.2, Over = 0
OPT-1001 : Start physical optimization ...
RUN-1002 : start command "start_timer -report"
TMR-2505 : Start building timing graph for model keyboard_instance.
TMR-2506 : Build timing graph completely. Port num: 7, tpin num: 911, tnet num: 264, tinst num: 117, tnode num: 1139, tedge num: 1485.
TMR-2508 : Levelizing timing graph completed, there are 25 levels in total.
TMR-2501 : Timing graph initialized successfully.
OPT-1001 : Total overflow 0.00 peak overflow 0.00
OPT-1001 : Start high-fanout net optimization ...
OPT-1001 : Update timing in global mode
PHY-1001 : Start incremental global routing, caller is place ...
RUN-1001 : Generating global routing grids ...
PHY-1001 : Generate routing nets ...
PHY-1001 : Reuse net number 11/266.
PHY-1001 : Global iterations in 16 thread ...
PHY-1002 : len = 4368, over cnt = 14(0%), over = 29, worst = 3
PHY-1002 : len = 4504, over cnt = 9(0%), over = 15, worst = 3
PHY-1002 : len = 4720, over cnt = 0(0%), over = 0, worst = 0
PHY-1001 : End global iterations;  0.026314s wall, 0.000000s user + 0.000000s system = 0.000000s CPU (n/a%)

PHY-1001 : Congestion index: top1 = 14.42, top5 = 3.88, top10 = 1.93, top15 = 1.29.
PHY-1001 : End incremental global routing;  0.071655s wall, 0.031250s user + 0.000000s system = 0.031250s CPU (43.6%)

TMR-2503 : Start to update net delay, extr mode = 5.
TMR-2504 : Update delay of 264 nets completely.
TMR-2502 : Annotate delay completely, extr mode = 5.
TMR-3001 : Initiate 0 clocks from SDC.
TMR-3004 : Map sdc constraints, there are 0 constraints in total.
TMR-3003 : Constraints initiated successfully.
TMR-3501 : Forward propagation: start to calculate arrival time...
TMR-3502 : Backward propagation: start to calculate required time...
TMR-3503 : Timing propagation completes.
OPT-1001 : End timing update;  0.003918s wall, 0.000000s user + 0.000000s system = 0.000000s CPU (n/a%)

OPT-1001 : 0 high-fanout net processed.
OPT-1001 : End high-fanout net optimization;  0.078016s wall, 0.031250s user + 0.000000s system = 0.031250s CPU (40.1%)

OPT-1001 : Current memory(MB): used = 141, reserve = 111, peak = 142.
OPT-1001 : Start path based optimization ...
OPT-1001 : Start congestion update ...
RUN-1001 : Generating global routing grids ...
PHY-1001 : Generate routing nets ...
PHY-1001 : Reuse net number 206/266.
PHY-1001 : Global iterations in 16 thread ...
PHY-1002 : len = 4720, over cnt = 0(0%), over = 0, worst = 0
PHY-1001 : End global iterations;  0.000987s wall, 0.000000s user + 0.000000s system = 0.000000s CPU (n/a%)

PHY-1001 : Congestion index: top1 = 14.42, top5 = 3.88, top10 = 1.93, top15 = 1.29.
OPT-1001 : End congestion update;  0.035695s wall, 0.031250s user + 0.000000s system = 0.031250s CPU (87.5%)

OPT-1001 : Update timing in Manhattan mode
TMR-2503 : Start to update net delay, extr mode = 3.
TMR-2504 : Update delay of 264 nets completely.
TMR-2502 : Annotate delay completely, extr mode = 3.
TMR-3501 : Forward propagation: start to calculate arrival time...
TMR-3502 : Backward propagation: start to calculate required time...
TMR-3503 : Timing propagation completes.
OPT-1001 : End timing update;  0.002748s wall, 0.000000s user + 0.000000s system = 0.000000s CPU (n/a%)

OPT-0007 : Start: WNS 2147483647 TNS 0 NUM_FEPS 0
OPT-1001 : End path based optimization;  0.038511s wall, 0.031250s user + 0.000000s system = 0.031250s CPU (81.1%)

OPT-1001 : Current memory(MB): used = 141, reserve = 111, peak = 142.
OPT-1001 : Update timing in Manhattan mode
TMR-2503 : Start to update net delay, extr mode = 3.
TMR-2504 : Update delay of 264 nets completely.
TMR-2502 : Annotate delay completely, extr mode = 3.
TMR-3501 : Forward propagation: start to calculate arrival time...
TMR-3502 : Backward propagation: start to calculate required time...
TMR-3503 : Timing propagation completes.
OPT-1001 : End timing update;  0.002796s wall, 0.000000s user + 0.000000s system = 0.000000s CPU (n/a%)

OPT-1001 : Start pin optimization...
OPT-1001 : skip pin optimization...
OPT-1001 : Update timing in global mode
PHY-1001 : Start incremental global routing, caller is place ...
RUN-1001 : Generating global routing grids ...
PHY-1001 : Generate routing nets ...
PHY-1001 : Reuse net number 206/266.
PHY-1001 : Global iterations in 16 thread ...
PHY-1002 : len = 4720, over cnt = 0(0%), over = 0, worst = 0
PHY-1001 : End global iterations;  0.001118s wall, 0.000000s user + 0.000000s system = 0.000000s CPU (n/a%)

PHY-1001 : Congestion index: top1 = 14.42, top5 = 3.88, top10 = 1.93, top15 = 1.29.
PHY-1001 : End incremental global routing;  0.040726s wall, 0.000000s user + 0.000000s system = 0.000000s CPU (n/a%)

TMR-2503 : Start to update net delay, extr mode = 5.
TMR-2504 : Update delay of 264 nets completely.
TMR-2502 : Annotate delay completely, extr mode = 5.
TMR-3501 : Forward propagation: start to calculate arrival time...
TMR-3502 : Backward propagation: start to calculate required time...
TMR-3503 : Timing propagation completes.
OPT-1001 : End timing update;  0.004375s wall, 0.000000s user + 0.000000s system = 0.000000s CPU (n/a%)

RUN-1001 : Generating global routing grids ...
PHY-1001 : Generate routing nets ...
PHY-1001 : Reuse net number 206/266.
PHY-1001 : Global iterations in 16 thread ...
PHY-1002 : len = 4720, over cnt = 0(0%), over = 0, worst = 0
PHY-1001 : End global iterations;  0.001034s wall, 0.000000s user + 0.000000s system = 0.000000s CPU (n/a%)

PHY-1001 : Congestion index: top1 = 14.42, top5 = 3.88, top10 = 1.93, top15 = 1.29.
OPT-1001 : Update timing in Manhattan mode
TMR-2503 : Start to update net delay, extr mode = 3.
TMR-2504 : Update delay of 264 nets completely.
TMR-2502 : Annotate delay completely, extr mode = 3.
TMR-3501 : Forward propagation: start to calculate arrival time...
TMR-3502 : Backward propagation: start to calculate required time...
TMR-3503 : Timing propagation completes.
OPT-1001 : End timing update;  0.002800s wall, 0.000000s user + 0.000000s system = 0.000000s CPU (n/a%)

RUN-1001 : QoR Analysis:
OPT-0007 :   WNS 2147483647 TNS 0 NUM_FEPS 0
RUN-1001 :   No local congestion issue, and most congested 1% tile average routing util is 13.862069
RUN-1001 :   Top critical paths
OPT-1001 : End physical optimization;  0.327077s wall, 0.125000s user + 0.000000s system = 0.125000s CPU (38.2%)

RUN-1003 : finish command "place" in  3.036692s wall, 0.625000s user + 0.546875s system = 1.171875s CPU (38.6%)

RUN-1004 : used memory is 129 MB, reserved memory is 99 MB, peak memory is 142 MB
RUN-1002 : start command "export_db keyboard_place.db"
RUN-1001 : Exported /
RUN-1001 : Exported flow parameters
RUN-1001 : Exported libs
RUN-1001 : Exported entities
RUN-1001 : Exported ports
RUN-1001 : Exported pins
RUN-1001 : Exported instances
RUN-1001 : Exported nets
RUN-1001 : Exported buses
RUN-1001 : Exported models
RUN-1001 : Exported congestions
RUN-1001 : Exported violations
RUN-1001 : Exported timing constraints
RUN-1001 : Exported IO constraints
RUN-1001 : Exported Inst constraints
RUN-1002 : start command "route"
RUN-1001 : Open license file E:/Anlogic/TD5.6.59063/license/Anlogic.lic
RUN-1001 : Print Global Property
RUN-1001 : ---------------------------------------------------------------
RUN-1001 :        Parameters        |  Settings  |  Default Values  |  Note  
RUN-1001 : ---------------------------------------------------------------
RUN-1001 :          message         |  standard  |     standard     |        
RUN-1001 :   mixed_pack_place_flow  |     on     |        on        |        
RUN-1001 :        qor_monitor       |    off     |       off        |        
RUN-1001 :        syn_ip_flow       |    off     |       off        |        
RUN-1001 :          thread          |    auto    |       auto       |        
RUN-1001 : ---------------------------------------------------------------
RUN-1001 : Print Route Property
RUN-1001 : -------------------------------------------------------
RUN-1001 :    Parameters    |  Settings  |  Default Values  |  Note  
RUN-1001 : -------------------------------------------------------
RUN-1001 :      effort      |   medium   |      medium      |        
RUN-1001 :     fix_hold     |    off     |       off        |        
RUN-1001 :    opt_timing    |   medium   |      medium      |        
RUN-1001 :   phy_sim_model  |    off     |       off        |        
RUN-1001 :     priority     |   timing   |      timing      |        
RUN-1001 :     swap_pin     |     on     |        on        |        
RUN-1001 : -------------------------------------------------------
PHY-1001 : Route runs in 16 thread(s)
RUN-1001 : There are total 119 instances
RUN-1001 : 46 mslices, 46 lslices, 23 pads, 0 brams, 0 dsps
RUN-1001 : There are total 266 nets
RUN-1001 : 131 nets have 2 pins
RUN-1001 : 107 nets have [3 - 5] pins
RUN-1001 : 21 nets have [6 - 10] pins
RUN-1001 : 3 nets have [11 - 20] pins
RUN-1001 : 4 nets have [21 - 99] pins
RUN-1002 : start command "start_timer -report"
TMR-2505 : Start building timing graph for model keyboard_instance.
TMR-2506 : Build timing graph completely. Port num: 7, tpin num: 911, tnet num: 264, tinst num: 117, tnode num: 1139, tedge num: 1485.
TMR-2508 : Levelizing timing graph completed, there are 25 levels in total.
TMR-2501 : Timing graph initialized successfully.
PHY-1001 : 46 mslices, 46 lslices, 23 pads, 0 brams, 0 dsps
TMR-2503 : Start to update net delay, extr mode = 3.
TMR-2504 : Update delay of 264 nets completely.
TMR-2502 : Annotate delay completely, extr mode = 3.
TMR-3001 : Initiate 0 clocks from SDC.
TMR-3004 : Map sdc constraints, there are 0 constraints in total.
TMR-3003 : Constraints initiated successfully.
TMR-3501 : Forward propagation: start to calculate arrival time...
TMR-3502 : Backward propagation: start to calculate required time...
TMR-3503 : Timing propagation completes.
PHY-1001 : Start global routing, caller is route ...
RUN-1001 : Generating global routing grids ...
PHY-1001 : Generate routing nets ...
PHY-1001 : Global iterations in 16 thread ...
PHY-1002 : len = 4344, over cnt = 14(0%), over = 30, worst = 4
PHY-1002 : len = 4488, over cnt = 9(0%), over = 15, worst = 3
PHY-1002 : len = 4704, over cnt = 0(0%), over = 0, worst = 0
PHY-1001 : End global iterations;  0.029614s wall, 0.000000s user + 0.015625s system = 0.015625s CPU (52.8%)

PHY-1001 : Congestion index: top1 = 14.55, top5 = 3.88, top10 = 1.93, top15 = 1.29.
PHY-1001 : End global routing;  0.068088s wall, 0.031250s user + 0.015625s system = 0.046875s CPU (68.8%)

PHY-1001 : Start detail routing ...
PHY-1001 : Current memory(MB): used = 160, reserve = 131, peak = 176.
PHY-1001 : Detailed router is running in normal mode.
PHY-1001 : Generate detailed routing grids ...
PHY-1001 : Generate nets ...
PHY-1001 : net clk_50M_dup_1 will be routed on clock mesh
PHY-1001 : clock net U1/scan_clk_syn_4 will be merged with clock U1/scan_clk
PHY-1001 : Current memory(MB): used = 430, reserve = 404, peak = 430.
PHY-1001 : End build detailed router design. 4.128349s wall, 1.781250s user + 0.046875s system = 1.828125s CPU (44.3%)

PHY-1001 : Detail Route ...
PHY-1001 : ===== Detail Route Phase 1 =====
PHY-1001 : Clock net routing.....
PHY-1001 : Routed 0% nets.
PHY-1022 : len = 5176, over cnt = 0(0%), over = 0, worst = 0, crit = 0
PHY-1001 : End initial clock net routed; 0.703747s wall, 0.234375s user + 0.000000s system = 0.234375s CPU (33.3%)

PHY-1001 : Current memory(MB): used = 458, reserve = 434, peak = 458.
PHY-1001 : End phase 1; 0.712581s wall, 0.234375s user + 0.000000s system = 0.234375s CPU (32.9%)

PHY-1001 : ===== Detail Route Phase 2 =====
PHY-1001 : Initial routing.....
PHY-1001 : Routed 46% nets.
PHY-1001 : Patch 97 net; 0.061277s wall, 0.062500s user + 0.000000s system = 0.062500s CPU (102.0%)

PHY-1022 : len = 12664, over cnt = 9(0%), over = 9, worst = 1, crit = 0
PHY-1001 : Current memory(MB): used = 459, reserve = 434, peak = 459.
PHY-1001 : End initial routed; 0.099184s wall, 0.078125s user + 0.000000s system = 0.078125s CPU (78.8%)

PHY-1001 : Update timing.....
PHY-1001 : 0/223(0%) critical/total net(s).
RUN-1001 : ------------------------------------------
RUN-1001 :   Type   |    WNS(ns)    |  TNS(ns)  |  FEP  
RUN-1001 : ------------------------------------------
RUN-1001 :   Setup  |  2147483.647  |   0.000   |   0   
RUN-1001 :   Hold   |  2147483.647  |   0.000   |   0   
RUN-1001 : ------------------------------------------
PHY-1001 : End update timing; 0.314866s wall, 0.109375s user + 0.000000s system = 0.109375s CPU (34.7%)

PHY-1001 : Current memory(MB): used = 460, reserve = 435, peak = 460.
PHY-1001 : End phase 2; 0.414222s wall, 0.187500s user + 0.000000s system = 0.187500s CPU (45.3%)

PHY-1001 : ===== Detail Route Phase 3 =====
PHY-1001 : Optimize timing.....
PHY-1022 : len = 12664, over cnt = 9(0%), over = 9, worst = 1, crit = 0
PHY-1001 : End optimize timing; 0.007106s wall, 0.000000s user + 0.000000s system = 0.000000s CPU (n/a%)

PHY-1001 : Ripup-reroute.....
PHY-1001 : ===== DR Iter 1 =====
PHY-1022 : len = 12744, over cnt = 1(0%), over = 1, worst = 1, crit = 0
PHY-1001 : End DR Iter 1; 0.025183s wall, 0.000000s user + 0.000000s system = 0.000000s CPU (n/a%)

PHY-1001 : ===== DR Iter 2 =====
PHY-1022 : len = 12776, over cnt = 0(0%), over = 0, worst = 0, crit = 0
PHY-1001 : End DR Iter 2; 0.022657s wall, 0.000000s user + 0.000000s system = 0.000000s CPU (n/a%)

PHY-1001 : Update timing.....
PHY-1001 : 0/223(0%) critical/total net(s).
RUN-1001 : ------------------------------------------
RUN-1001 :   Type   |    WNS(ns)    |  TNS(ns)  |  FEP  
RUN-1001 : ------------------------------------------
RUN-1001 :   Setup  |  2147483.647  |   0.000   |   0   
RUN-1001 :   Hold   |  2147483.647  |   0.000   |   0   
RUN-1001 : ------------------------------------------
PHY-1001 : End update timing; 0.279749s wall, 0.140625s user + 0.000000s system = 0.140625s CPU (50.3%)

PHY-1001 : Commit to database.....
PHY-1001 : 0 feed throughs used by 0 nets
PHY-1001 : End commit to database; 0.047487s wall, 0.046875s user + 0.000000s system = 0.046875s CPU (98.7%)

PHY-1001 : Current memory(MB): used = 470, reserve = 445, peak = 470.
PHY-1001 : End phase 3; 0.685666s wall, 0.265625s user + 0.000000s system = 0.265625s CPU (38.7%)

PHY-1003 : Routed, final wirelength = 12776
PHY-1001 : Current memory(MB): used = 470, reserve = 445, peak = 470.
PHY-1001 : End export database. 0.006549s wall, 0.000000s user + 0.000000s system = 0.000000s CPU (n/a%)

PHY-1001 : End detail routing;  6.375449s wall, 2.656250s user + 0.062500s system = 2.718750s CPU (42.6%)

RUN-1003 : finish command "route" in  6.656376s wall, 2.765625s user + 0.093750s system = 2.859375s CPU (43.0%)

RUN-1004 : used memory is 422 MB, reserved memory is 396 MB, peak memory is 470 MB
RUN-1002 : start command "report_area -io_info -file keyboard_phy.area"
RUN-1001 : standard
***Report Model: keyboard_instance Device: EG4S20BG256***

IO Statistics
#IO                        23
  #input                    6
  #output                  17
  #inout                    0

Utilization Statistics
#lut                      146   out of  19600    0.74%
#reg                      113   out of  19600    0.58%
#le                       176
  #lut only                63   out of    176   35.80%
  #reg only                30   out of    176   17.05%
  #lut&reg                 83   out of    176   47.16%
#dsp                        0   out of     29    0.00%
#bram                       0   out of     64    0.00%
  #bram9k                   0
  #fifo9k                   0
#bram32k                    0   out of     16    0.00%
#pad                       23   out of    188   12.23%
  #ireg                     0
  #oreg                     0
  #treg                     0
#pll                        0   out of      4    0.00%
#gclk                       2   out of     16   12.50%

Clock Resource Statistics
Index     ClockNet         Type               DriverType         Driver                      Fanout
#1        clk_50M_dup_1    GCLK               io                 clk_50M_syn_2.di            55
#2        U1/scan_clk      GCLK               lslice             U1/scan_clk_reg_syn_9.q1    10


Detailed IO Report

        Name           Direction    Location    IOStandard    DriveStrength    PullType    PackReg  
        RSTn             INPUT         A9        LVCMOS33          N/A          PULLUP      NONE    
       clk_50M           INPUT         R7        LVCMOS33          N/A          PULLUP      NONE    
       col[3]            INPUT        F10        LVCMOS33          N/A          PULLUP      NONE    
       col[2]            INPUT        C11        LVCMOS33          N/A          PULLUP      NONE    
       col[1]            INPUT        D11        LVCMOS33          N/A          PULLUP      NONE    
       col[0]            INPUT        E11        LVCMOS33          N/A          PULLUP      NONE    
  DigitronCS_Out[3]     OUTPUT         A3        LVCMOS33           8            NONE       NONE    
  DigitronCS_Out[2]     OUTPUT         A5        LVCMOS33           8            NONE       NONE    
  DigitronCS_Out[1]     OUTPUT         B6        LVCMOS33           8            NONE       NONE    
  DigitronCS_Out[0]     OUTPUT         C9        LVCMOS33           8            NONE       NONE    
   Digitron_Out[7]      OUTPUT         C8        LVCMOS33           8            NONE       NONE    
   Digitron_Out[6]      OUTPUT         A8        LVCMOS33           8            NONE       NONE    
   Digitron_Out[5]      OUTPUT         B5        LVCMOS33           8            NONE       NONE    
   Digitron_Out[4]      OUTPUT         A7        LVCMOS33           8            NONE       NONE    
   Digitron_Out[3]      OUTPUT         E8        LVCMOS33           8            NONE       NONE    
   Digitron_Out[2]      OUTPUT         B8        LVCMOS33           8            NONE       NONE    
   Digitron_Out[1]      OUTPUT         A6        LVCMOS33           8            NONE       NONE    
   Digitron_Out[0]      OUTPUT         A4        LVCMOS33           8            NONE       NONE    
        light           OUTPUT        B14        LVCMOS33           8            NONE       NONE    
       row[3]           OUTPUT         D9        LVCMOS33           8            NONE       NONE    
       row[2]           OUTPUT         F9        LVCMOS33           8            NONE       NONE    
       row[1]           OUTPUT        C10        LVCMOS33           8            NONE       NONE    
       row[0]           OUTPUT        E10        LVCMOS33           8            NONE       NONE    

Report Hierarchy Area:
+-------------------------------------------------------------------------------------------+
|Instance |Module                      |le     |lut     |ripple  |seq     |bram    |dsp     |
+-------------------------------------------------------------------------------------------+
|top      |keyboard_instance           |176    |126     |20      |113     |0       |0       |
|  U1     |keyboard_scan               |71     |48      |9       |54      |0       |0       |
|  U2     |key_filter                  |63     |40      |11      |49      |0       |0       |
|  U3     |onehot2binary               |35     |31      |0       |10      |0       |0       |
|  U5     |Digitron_TimeDisplay_module |7      |7       |0       |0       |0       |0       |
+-------------------------------------------------------------------------------------------+


DataNet Average Fanout:

   Index     Fanout    Nets  
    #1         1       108   
    #2         2        91   
    #3         3        6    
    #4         4        10   
    #5        5-10      21   
    #6       11-50      3    
  Average     2.34           

RUN-1002 : start command "export_db keyboard_pr.db"
RUN-1001 : Exported /
RUN-1001 : Exported flow parameters
RUN-1001 : Exported libs
RUN-1001 : Exported entities
RUN-1001 : Exported ports
RUN-1001 : Exported pins
RUN-1001 : Exported instances
RUN-1001 : Exported nets
RUN-1001 : Exported buses
RUN-1001 : Exported models
RUN-1001 : Exported congestions
RUN-1001 : Exported violations
RUN-1001 : Exported timing constraints
RUN-1001 : Exported IO constraints
RUN-1001 : Exported Inst constraints
RUN-1002 : start command "export_bid keyboard_inst.bid"
RUN-1002 : start command "bitgen -bit keyboard.bit"
BIT-1003 : Start to generate bitstream. 
BIT-1002 : Init instances with 16 threads.
BIT-1002 : Init instances completely, inst num: 117
BIT-1002 : Init pips with 16 threads.
BIT-1002 : Init pips completely, net num: 266, pip num: 1593
BIT-1003 : Multithreading accelaration with 16 threads.
BIT-1003 : Generate bitstream completely, there are 190 valid insts, and 4800 bits set as '1'.
BIT-1004 : PLL setting string = 0000
BIT-1004 : Generate bits file keyboard.bit.
RUN-1003 : finish command "bitgen -bit keyboard.bit" in  1.830833s wall, 2.750000s user + 0.031250s system = 2.781250s CPU (151.9%)

RUN-1004 : used memory is 420 MB, reserved memory is 395 MB, peak memory is 615 MB
RUN-1002 : start command "backup_run_log run.log ../.logs/phy_1/td_20240827_104638.log"
