============================================================
   Tang Dynasty, V5.6.59063
   Copyright (c) 2012-2022 Anlogic
   Executable = E:/Anlogic/TD5.6.59063/bin/td.exe
   Built at =   12:45:13 Sep  6 2022
   Run by =     19234
   Run Date =   Tue Aug 27 15:36:00 2024

   Run on =     ERIKPSW
============================================================
RUN-1002 : start command "open_project keyboard.prj"
RUN-1001 : Print Global Property
RUN-1001 : ---------------------------------------------------------------
RUN-1001 :        Parameters        |  Settings  |  Default Values  |  Note  
RUN-1001 : ---------------------------------------------------------------
RUN-1001 :          message         |  standard  |     standard     |        
RUN-1001 :   mixed_pack_place_flow  |     on     |        on        |        
RUN-1001 :        qor_monitor       |    off     |       off        |        
RUN-1001 :        syn_ip_flow       |    off     |       off        |        
RUN-1001 :          thread          |    auto    |       auto       |        
RUN-1001 : ---------------------------------------------------------------
RUN-1001 : Print Design Property
RUN-1001 : --------------------------------------------------------------
RUN-1001 :        Parameters       |  Settings  |  Default Values  |  Note  
RUN-1001 : --------------------------------------------------------------
RUN-1001 :   default_reg_initial   |    auto    |       auto       |        
RUN-1001 :        infer_add        |     on     |        on        |        
RUN-1001 :        infer_fsm        |    off     |       off        |        
RUN-1001 :        infer_mult       |     on     |        on        |        
RUN-1001 :        infer_ram        |     on     |        on        |        
RUN-1001 :        infer_reg        |     on     |        on        |        
RUN-1001 :   infer_reg_init_value  |     on     |        on        |        
RUN-1001 :        infer_rom        |     on     |        on        |        
RUN-1001 :      infer_shifter      |     on     |        on        |        
RUN-1001 : --------------------------------------------------------------
RUN-1001 : Print Rtl Property
RUN-1001 : --------------------------------------------------------------
RUN-1001 :        Parameters       |  Settings  |  Default Values  |  Note  
RUN-1001 : --------------------------------------------------------------
RUN-1001 :       compress_add      |   ripple   |      ripple      |        
RUN-1001 :        elf_sload        |    off     |       off        |        
RUN-1001 :       fix_undriven      |     0      |        0         |        
RUN-1001 :         flatten         |    off     |       off        |        
RUN-1001 :       gate_sharing      |     on     |        on        |        
RUN-1001 :    hdl_warning_level    |   normal   |      normal      |        
RUN-1001 :   impl_internal_tribuf  |     on     |        on        |        
RUN-1001 :      impl_set_reset     |     on     |        on        |        
RUN-1001 :        infer_gsr        |    off     |       off        |        
RUN-1001 :      keep_hierarchy     |    auto    |       auto       |        
RUN-1001 :        max_fanout       |    9999    |       9999       |        
RUN-1001 :      max_oh2bin_len     |     10     |        10        |        
RUN-1001 :       merge_equal       |     on     |        on        |        
RUN-1001 :       merge_equiv       |     on     |        on        |        
RUN-1001 :        merge_mux        |    off     |       off        |        
RUN-1001 :     min_control_set     |     8      |        8         |        
RUN-1001 :      min_ripple_len     |    auto    |       auto       |        
RUN-1001 :       oh2bin_ratio      |    0.08    |       0.08       |        
RUN-1001 :     opt_adder_fanout    |     on     |        on        |        
RUN-1001 :        opt_arith        |     on     |        on        |        
RUN-1001 :       opt_big_gate      |    off     |       off        |        
RUN-1001 :        opt_const        |     on     |        on        |        
RUN-1001 :      opt_const_mult     |     on     |        on        |        
RUN-1001 :       opt_lessthan      |     on     |        on        |        
RUN-1001 :         opt_mux         |    off     |       off        |        
RUN-1001 :         opt_ram         |    high    |       high       |        
RUN-1001 :      rtl_sim_model      |    off     |       off        |        
RUN-1001 :         seq_syn         |     on     |        on        |        
RUN-1001 : --------------------------------------------------------------
HDL-1007 : analyze verilog file ../../../src/Digitron_TimeDisplay_module.v
HDL-1007 : analyze verilog file ../../../src/key_filter.v
HDL-1007 : analyze verilog file ../../../src/keyboard_instance.v
HDL-1007 : analyze verilog file ../../../src/keyboard_scan.v
HDL-1007 : analyze verilog file ../../../src/onehot2binary.v
RUN-1001 : Project manager successfully analyzed 5 source files.
RUN-1002 : start command "import_device eagle_s20.db -package EG4S20BG256"
ARC-1001 : Device Initialization.
ARC-1001 : ------------------------------------------------------------------
ARC-1001 :            OPTION            |          IO          |   SETTING   
ARC-1001 : ------------------------------------------------------------------
ARC-1001 :   cso_b/cclk/mosi/miso/dout  |  T3/R11/T10/P10/S11  |    gpio    
ARC-1001 :             done             |         P13          |    gpio    
ARC-1001 :           program_b          |          T2          |  dedicate  
ARC-1001 :        tdi/tms/tck/tdo       |   C12/A15/C14/E14    |  dedicate  
ARC-1001 : ------------------------------------------------------------------
ARC-1004 : Device setting, marked 5 dedicate IOs in total.
RUN-1002 : start command "import_db ../syn_1/keyboard_gate.db"
RUN-1001 : Importing database generated by Tang Dynasty, V5.6.59063.
RUN-1001 : Database version number 46140.
RUN-1001 : Import flow parameters
RUN-1001 : Import timing constraints
RUN-1001 : Import IO constraints
RUN-1001 : Import Inst constraints
RUN-1001 : Import design success TD_VERSION=5.6.59063 , DB_VERSION=46140
RUN-1002 : start command "read_sdc"
USR-1002 : read_sdc file_name -help -h -eco
USR-1009 : NO module with IP_SDC ...
RUN-1104 : Import SDC file  finished, there are 0 nets kept by constraints.
RUN-1002 : start command "place"
RUN-1001 : Open license file E:/Anlogic/TD5.6.59063/license/Anlogic.lic
RUN-1001 : Print Global Property
RUN-1001 : ---------------------------------------------------------------
RUN-1001 :        Parameters        |  Settings  |  Default Values  |  Note  
RUN-1001 : ---------------------------------------------------------------
RUN-1001 :          message         |  standard  |     standard     |        
RUN-1001 :   mixed_pack_place_flow  |     on     |        on        |        
RUN-1001 :        qor_monitor       |    off     |       off        |        
RUN-1001 :        syn_ip_flow       |    off     |       off        |        
RUN-1001 :          thread          |    auto    |       auto       |        
RUN-1001 : ---------------------------------------------------------------
RUN-1001 : Print Place Property
RUN-1001 : --------------------------------------------------------------
RUN-1001 :        Parameters       |  Settings  |  Default Values  |  Note  
RUN-1001 : --------------------------------------------------------------
RUN-1001 :      detailed_place     |     on     |        on        |        
RUN-1001 :          effort         |   medium   |      medium      |        
RUN-1001 :         fix_hold        |    off     |       off        |        
RUN-1001 :       legalization      |    ori     |       ori        |        
RUN-1001 :      new_spreading      |     on     |        on        |        
RUN-1001 :        opt_timing       |   medium   |      medium      |        
RUN-1001 :   post_clock_route_opt  |    off     |       off        |        
RUN-1001 :       pr_strategy       |     1      |        1         |        
RUN-1001 :        relaxation       |    1.00    |       1.00       |        
RUN-1001 :         retiming        |    off     |       off        |        
RUN-1001 : --------------------------------------------------------------
PHY-3001 : Placer runs in 16 thread(s).
RUN-1002 : start command "legalize_phy_inst"
SYN-1011 : Flatten model keyboard_instance
RUN-1002 : start command "phys_opt -simplify_lut"
SYN-4024 : Net "clk_50M_dup_1" drives clk pins.
SYN-4024 : Net "U1/scan_clk" drives clk pins.
SYN-4025 : Tag rtl::Net U1/scan_clk as clock net
SYN-4025 : Tag rtl::Net clk_50M_dup_1 as clock net
SYN-4026 : Tagged 2 rtl::Net as clock net
SYN-4015 : Create BUFG instance for clk Net U1/scan_clk to drive 20 clock pins.
PHY-1001 : Populate physical database on model keyboard_instance.
RUN-1001 : There are total 333 instances
RUN-0007 : 151 luts, 130 seqs, 10 mslices, 15 lslices, 23 pads, 0 brams, 0 dsps
RUN-1001 : There are total 403 nets
RUN-1001 : 230 nets have 2 pins
RUN-1001 : 144 nets have [3 - 5] pins
RUN-1001 : 21 nets have [6 - 10] pins
RUN-1001 : 3 nets have [11 - 20] pins
RUN-1001 : 3 nets have [21 - 99] pins
RUN-1001 : 2 nets have 100+ pins
RUN-1001 : Report Control nets information:
RUN-1001 : DFF Distribution
RUN-1001 : ----------------------------------
RUN-1001 :   CE   |  SSR  |  ASR  |  DFF Count  
RUN-1001 : ----------------------------------
RUN-1001 :   No   |  No   |  No   |     78      
RUN-1001 :   No   |  No   |  Yes  |     20      
RUN-1001 :   No   |  Yes  |  No   |      0      
RUN-1001 :   Yes  |  No   |  No   |      0      
RUN-1001 :   Yes  |  No   |  Yes  |     32      
RUN-1001 :   Yes  |  Yes  |  No   |      0      
RUN-1001 : ----------------------------------
RUN-0007 : Control Group Statistic
RUN-0007 : ---------------------------
RUN-0007 :   #CLK  |  #CE  |  #SSR/ASR  
RUN-0007 : ---------------------------
RUN-0007 :    2    |   2   |     2      
RUN-0007 : ---------------------------
RUN-0007 : Control Set = 4
PHY-3001 : Initial placement ...
PHY-3001 : design contains 331 instances, 151 luts, 130 seqs, 25 slices, 3 macros(25 instances: 10 mslices 15 lslices)
PHY-0007 : Cell area utilization is 1%
PHY-3001 : Start timing update ...
RUN-1002 : start command "start_timer -report"
TMR-2505 : Start building timing graph for model keyboard_instance.
TMR-2506 : Build timing graph completely. Port num: 7, tpin num: 1399, tnet num: 401, tinst num: 331, tnode num: 1768, tedge num: 2206.
TMR-2508 : Levelizing timing graph completed, there are 21 levels in total.
TMR-2501 : Timing graph initialized successfully.
TMR-2503 : Start to update net delay, extr mode = 2.
TMR-2504 : Update delay of 401 nets completely.
TMR-2502 : Annotate delay completely, extr mode = 2.
TMR-3001 : Initiate 0 clocks from SDC.
TMR-3004 : Map sdc constraints, there are 0 constraints in total.
TMR-3003 : Constraints initiated successfully.
TMR-3501 : Forward propagation: start to calculate arrival time...
TMR-3502 : Backward propagation: start to calculate required time...
TMR-3503 : Timing propagation completes.
PHY-3001 : End timing update;  0.151433s wall, 0.031250s user + 0.000000s system = 0.031250s CPU (20.6%)

PHY-3001 : Global placement ...
PHY-3001 : Initial: Len = 87863.8
PHY-3001 : Clustering ...
PHY-3001 : Level 0 #clusters 331.
PHY-3001 : End clustering;  0.000016s wall, 0.000000s user + 0.000000s system = 0.000000s CPU (n/a%)

PHY-3001 : Run with size of 4
PHY-3001 : Cell area utilization is 1%
PHY-3001 : :::0::: Try harder cell spreading with beta_ = 0
PHY-3002 : Step(1): len = 55712, overlap = 0
PHY-3002 : Step(2): len = 34311, overlap = 0
PHY-3002 : Step(3): len = 25425.8, overlap = 0
PHY-3002 : Step(4): len = 20907.4, overlap = 0
PHY-3002 : Step(5): len = 17817, overlap = 0
PHY-3002 : Step(6): len = 16232.1, overlap = 0
PHY-3002 : Step(7): len = 16508.3, overlap = 0
PHY-3002 : Step(8): len = 14898.3, overlap = 0
PHY-3002 : Step(9): len = 13793.6, overlap = 0
PHY-3002 : Step(10): len = 14155.5, overlap = 0
PHY-3002 : Step(11): len = 13512.6, overlap = 0
PHY-3002 : Step(12): len = 12785.8, overlap = 0
PHY-3002 : Step(13): len = 13194.1, overlap = 0
PHY-3002 : Step(14): len = 12392.6, overlap = 0
PHY-3002 : Step(15): len = 11783.3, overlap = 0
PHY-3002 : Step(16): len = 11896.6, overlap = 0
PHY-3002 : Step(17): len = 10731.4, overlap = 0
PHY-3002 : Step(18): len = 10128.3, overlap = 0
PHY-3002 : Step(19): len = 10344.7, overlap = 0
PHY-3002 : Step(20): len = 9567.3, overlap = 0
PHY-3002 : Step(21): len = 9755.5, overlap = 0
PHY-3002 : Step(22): len = 9636.2, overlap = 0
PHY-3002 : Step(23): len = 8623, overlap = 0
PHY-3002 : Step(24): len = 8005.4, overlap = 0
PHY-3002 : Step(25): len = 8248.8, overlap = 0
PHY-3002 : Step(26): len = 8464, overlap = 0
PHY-3001 : Legalization ...
PHY-3001 : End legalization;  0.004933s wall, 0.000000s user + 0.000000s system = 0.000000s CPU (n/a%)

PHY-3001 : Run with size of 4
PHY-3001 : Cell area utilization is 1%
PHY-3001 : Update timing in Manhattan mode ...
TMR-2503 : Start to update net delay, extr mode = 3.
TMR-2504 : Update delay of 401 nets completely.
TMR-2502 : Annotate delay completely, extr mode = 3.
TMR-3501 : Forward propagation: start to calculate arrival time...
TMR-3502 : Backward propagation: start to calculate required time...
TMR-3503 : Timing propagation completes.
PHY-3001 : End timing update;  0.009779s wall, 0.000000s user + 0.000000s system = 0.000000s CPU (n/a%)

PHY-3001 : :::0::: Try harder cell spreading with beta_ = 0
PHY-3002 : Step(27): len = 7625.3, overlap = 0.375
PHY-3002 : Step(28): len = 7497.3, overlap = 0.0625
PHY-3002 : Step(29): len = 7545.8, overlap = 0
PHY-3002 : Step(30): len = 7708.9, overlap = 0
PHY-3002 : Step(31): len = 7931.8, overlap = 0
PHY-3002 : Step(32): len = 8041, overlap = 0
PHY-3002 : Step(33): len = 8108.4, overlap = 0
PHY-3002 : Step(34): len = 7674.2, overlap = 0
PHY-3002 : Step(35): len = 7765.6, overlap = 0
PHY-3002 : Step(36): len = 7854.9, overlap = 0.1875
PHY-3002 : Step(37): len = 7842.6, overlap = 0.25
PHY-3002 : Step(38): len = 7834.8, overlap = 0.5
PHY-3002 : Step(39): len = 7953.9, overlap = 0.6875
PHY-3002 : Step(40): len = 8140.9, overlap = 0.875
PHY-3002 : Step(41): len = 7487.6, overlap = 0.25
PHY-3002 : Step(42): len = 7473.3, overlap = 0
PHY-3002 : Step(43): len = 7487.7, overlap = 0
PHY-3002 : Step(44): len = 7271, overlap = 0
PHY-3002 : Step(45): len = 7465.9, overlap = 0
PHY-3002 : Step(46): len = 7897.6, overlap = 0
PHY-3002 : Step(47): len = 7102.4, overlap = 0
PHY-3002 : Step(48): len = 6621, overlap = 0
PHY-3002 : Step(49): len = 6409.3, overlap = 0
PHY-3002 : Step(50): len = 5951.6, overlap = 0.4375
PHY-3002 : Step(51): len = 5738.1, overlap = 1.15625
PHY-3002 : Step(52): len = 5714.9, overlap = 2.375
PHY-3002 : Step(53): len = 5038.4, overlap = 0.84375
PHY-3002 : Step(54): len = 4888.3, overlap = 0.1875
PHY-3002 : Step(55): len = 4935.1, overlap = 0
PHY-3002 : Step(56): len = 4416.3, overlap = 0
PHY-3002 : Step(57): len = 4341.3, overlap = 0
PHY-3002 : Step(58): len = 4377.9, overlap = 0
PHY-3002 : Step(59): len = 4056.8, overlap = 0
PHY-3002 : Step(60): len = 3975.7, overlap = 0
PHY-3002 : Step(61): len = 3970.5, overlap = 0
PHY-3002 : Step(62): len = 3888.9, overlap = 0
PHY-3002 : Step(63): len = 3732.8, overlap = 0
PHY-3002 : Step(64): len = 3762.6, overlap = 0
PHY-3002 : Step(65): len = 3807.8, overlap = 0
PHY-3002 : Step(66): len = 3667.6, overlap = 0
PHY-3002 : Step(67): len = 3650.7, overlap = 0
PHY-3002 : Step(68): len = 3644.1, overlap = 0
PHY-3002 : Step(69): len = 3562.7, overlap = 0
PHY-3002 : Step(70): len = 3536.7, overlap = 0
PHY-3002 : Step(71): len = 3566.4, overlap = 0
PHY-3002 : Step(72): len = 3575.8, overlap = 0
PHY-3002 : Step(73): len = 3652.1, overlap = 0
PHY-3002 : Step(74): len = 3577.3, overlap = 0
PHY-3002 : Step(75): len = 3618.7, overlap = 0
PHY-3002 : Step(76): len = 3202.3, overlap = 0
PHY-3002 : Step(77): len = 3191, overlap = 0
PHY-3002 : Step(78): len = 3150.5, overlap = 0
PHY-3001 : Run with size of 2
PHY-3001 : Cell area utilization is 1%
PHY-3001 : Update timing in Manhattan mode ...
TMR-2503 : Start to update net delay, extr mode = 3.
TMR-2504 : Update delay of 401 nets completely.
TMR-2502 : Annotate delay completely, extr mode = 3.
TMR-3501 : Forward propagation: start to calculate arrival time...
TMR-3502 : Backward propagation: start to calculate required time...
TMR-3503 : Timing propagation completes.
PHY-3001 : End timing update;  0.004095s wall, 0.000000s user + 0.000000s system = 0.000000s CPU (n/a%)

PHY-3001 : :::0::: Try harder cell spreading with beta_ = 2.57074e-05
PHY-3002 : Step(79): len = 3155.6, overlap = 5.53125
PHY-3002 : Step(80): len = 3256.3, overlap = 5.53125
PHY-3002 : Step(81): len = 3402.1, overlap = 5.46875
PHY-3001 : :::1::: Try harder cell spreading with beta_ = 5.14148e-05
PHY-3002 : Step(82): len = 3186, overlap = 5.21875
PHY-3002 : Step(83): len = 3186, overlap = 5.21875
PHY-3002 : Step(84): len = 3189.6, overlap = 5.125
PHY-3001 : :::2::: Try harder cell spreading with beta_ = 9.58327e-05
PHY-3002 : Step(85): len = 3300.1, overlap = 3.34375
PHY-3002 : Step(86): len = 3354, overlap = 2.75
PHY-3002 : Step(87): len = 3212.8, overlap = 3.0625
OPT-1001 : Start physical optimization ...
RUN-1002 : start command "start_timer -report"
TMR-2505 : Start building timing graph for model keyboard_instance.
TMR-2506 : Build timing graph completely. Port num: 7, tpin num: 1399, tnet num: 401, tinst num: 331, tnode num: 1768, tedge num: 2206.
TMR-2508 : Levelizing timing graph completed, there are 21 levels in total.
TMR-2501 : Timing graph initialized successfully.
OPT-1001 : Total overflow 9.50 peak overflow 1.28
OPT-1001 : Start high-fanout net optimization ...
OPT-1001 : Update timing in global mode
PHY-1001 : Start incremental global routing, caller is place ...
RUN-1001 : Generating global routing grids ...
RUN-1001 : Building simple global routing graph ...
PHY-1001 : Generate routing nets ...
PHY-1001 : Reuse net number 0/403.
PHY-1001 : Global iterations in 16 thread ...
PHY-1002 : len = 3272, over cnt = 22(0%), over = 101, worst = 11
PHY-1001 : End global iterations;  0.015045s wall, 0.000000s user + 0.000000s system = 0.000000s CPU (n/a%)

PHY-1001 : Congestion index: top1 = 12.37, top5 = 2.82, top10 = 1.41, top15 = 0.94.
PHY-1001 : End incremental global routing;  0.090737s wall, 0.062500s user + 0.000000s system = 0.062500s CPU (68.9%)

TMR-2503 : Start to update net delay, extr mode = 5.
TMR-2504 : Update delay of 401 nets completely.
TMR-2502 : Annotate delay completely, extr mode = 5.
TMR-3001 : Initiate 0 clocks from SDC.
TMR-3004 : Map sdc constraints, there are 0 constraints in total.
TMR-3003 : Constraints initiated successfully.
TMR-3501 : Forward propagation: start to calculate arrival time...
TMR-3502 : Backward propagation: start to calculate required time...
TMR-3503 : Timing propagation completes.
OPT-1001 : End timing update;  0.004896s wall, 0.015625s user + 0.000000s system = 0.015625s CPU (319.1%)

OPT-1001 : 0 high-fanout net processed.
OPT-1001 : End high-fanout net optimization;  0.099164s wall, 0.078125s user + 0.000000s system = 0.078125s CPU (78.8%)

OPT-1001 : Current memory(MB): used = 141, reserve = 111, peak = 141.
OPT-1001 : Start global optimization ...
OPT-1001 : Start congestion update ...
RUN-1001 : Generating global routing grids ...
PHY-1001 : Generate routing nets ...
PHY-1001 : Reuse net number 176/403.
PHY-1001 : Global iterations in 16 thread ...
PHY-1002 : len = 3272, over cnt = 22(0%), over = 101, worst = 11
PHY-1002 : len = 3928, over cnt = 17(0%), over = 52, worst = 11
PHY-1002 : len = 4488, over cnt = 3(0%), over = 4, worst = 2
PHY-1002 : len = 4536, over cnt = 0(0%), over = 0, worst = 0
PHY-1001 : End global iterations;  0.015194s wall, 0.000000s user + 0.000000s system = 0.000000s CPU (n/a%)

PHY-1001 : Congestion index: top1 = 13.55, top5 = 3.53, top10 = 1.76, top15 = 1.17.
OPT-1001 : End congestion update;  0.050958s wall, 0.000000s user + 0.000000s system = 0.000000s CPU (n/a%)

OPT-1001 : Update timing in Manhattan mode
TMR-2503 : Start to update net delay, extr mode = 3.
TMR-2504 : Update delay of 401 nets completely.
TMR-2502 : Annotate delay completely, extr mode = 3.
TMR-3501 : Forward propagation: start to calculate arrival time...
TMR-3502 : Backward propagation: start to calculate required time...
TMR-3503 : Timing propagation completes.
OPT-1001 : End timing update;  0.003735s wall, 0.000000s user + 0.000000s system = 0.000000s CPU (n/a%)

OPT-0007 : Start: WNS 2147483647 TNS 0 NUM_FEPS 0
OPT-1001 : End global optimization;  0.054816s wall, 0.000000s user + 0.000000s system = 0.000000s CPU (n/a%)

OPT-1001 : Current memory(MB): used = 141, reserve = 112, peak = 141.
OPT-1001 : End physical optimization;  0.263914s wall, 0.125000s user + 0.000000s system = 0.125000s CPU (47.4%)

PHY-3001 : Start packing ...
SYN-4007 : Packing 0 MUX to BLE ...
SYN-4008 : Packed 0 MUX and 0 SEQ to BLE.
SYN-4007 : Packing 151 LUT to BLE ...
SYN-4008 : Packed 151 LUT and 56 SEQ to BLE.
SYN-4003 : Packing 74 remaining SEQ's ...
SYN-4005 : Packed 47 SEQ with LUT/SLICE
SYN-4006 : 52 single LUT's are left
SYN-4006 : 27 single SEQ's are left
SYN-4011 : Packing model "keyboard_instance" (AL_USER_NORMAL) with 178/230 primitive instances ...
PHY-3001 : End packing;  0.009215s wall, 0.000000s user + 0.000000s system = 0.000000s CPU (n/a%)

PHY-1001 : Populate physical database on model keyboard_instance.
RUN-1001 : There are total 147 instances
RUN-1001 : 60 mslices, 60 lslices, 23 pads, 0 brams, 0 dsps
RUN-1001 : There are total 347 nets
RUN-1001 : 173 nets have 2 pins
RUN-1001 : 141 nets have [3 - 5] pins
RUN-1001 : 24 nets have [6 - 10] pins
RUN-1001 : 5 nets have [11 - 20] pins
RUN-1001 : 3 nets have [21 - 99] pins
RUN-1001 : 1 nets have 100+ pins
PHY-3001 : design contains 145 instances, 120 slices, 3 macros(25 instances: 10 mslices 15 lslices)
PHY-3001 : Cell area utilization is 1%
PHY-3001 : After packing: Len = 3492.6, Over = 7
PHY-3001 : Run with size of 2
PHY-3001 : Cell area utilization is 1%
PHY-3001 : Update timing in Manhattan mode ...
RUN-1002 : start command "start_timer -report"
TMR-2505 : Start building timing graph for model keyboard_instance.
TMR-2506 : Build timing graph completely. Port num: 7, tpin num: 1206, tnet num: 345, tinst num: 145, tnode num: 1478, tedge num: 1990.
TMR-2508 : Levelizing timing graph completed, there are 21 levels in total.
TMR-2501 : Timing graph initialized successfully.
TMR-2503 : Start to update net delay, extr mode = 3.
TMR-2504 : Update delay of 345 nets completely.
TMR-2502 : Annotate delay completely, extr mode = 3.
TMR-3001 : Initiate 0 clocks from SDC.
TMR-3004 : Map sdc constraints, there are 0 constraints in total.
TMR-3003 : Constraints initiated successfully.
TMR-3501 : Forward propagation: start to calculate arrival time...
TMR-3502 : Backward propagation: start to calculate required time...
TMR-3503 : Timing propagation completes.
PHY-3001 : End timing update;  0.118897s wall, 0.062500s user + 0.000000s system = 0.062500s CPU (52.6%)

PHY-3001 : :::0::: Try harder cell spreading with beta_ = 3.35187e-05
PHY-3002 : Step(88): len = 3388.8, overlap = 7.75
PHY-3002 : Step(89): len = 3416.9, overlap = 7.75
PHY-3002 : Step(90): len = 3445, overlap = 8
PHY-3001 : :::1::: Try harder cell spreading with beta_ = 6.70374e-05
PHY-3002 : Step(91): len = 3438, overlap = 7
PHY-3002 : Step(92): len = 3453.1, overlap = 7.25
PHY-3001 : :::2::: Try harder cell spreading with beta_ = 0.000134075
PHY-3002 : Step(93): len = 3483.4, overlap = 6.5
PHY-3002 : Step(94): len = 3504.2, overlap = 5.75
PHY-3001 : Legalization ...
PHY-3001 : End legalization;  0.034966s wall, 0.000000s user + 0.000000s system = 0.000000s CPU (n/a%)

PHY-3001 : Trial Legalized: Len = 6438.1
PHY-3001 : Run with size of 2
PHY-3001 : Cell area utilization is 1%
PHY-3001 : Update timing in Manhattan mode ...
TMR-2503 : Start to update net delay, extr mode = 3.
TMR-2504 : Update delay of 345 nets completely.
TMR-2502 : Annotate delay completely, extr mode = 3.
TMR-3501 : Forward propagation: start to calculate arrival time...
TMR-3502 : Backward propagation: start to calculate required time...
TMR-3503 : Timing propagation completes.
PHY-3001 : End timing update;  0.003459s wall, 0.000000s user + 0.000000s system = 0.000000s CPU (n/a%)

PHY-3001 : :::0::: Try harder cell spreading with beta_ = 0.00330185
PHY-3002 : Step(95): len = 5023, overlap = 1.25
PHY-3002 : Step(96): len = 4366, overlap = 4
PHY-3002 : Step(97): len = 3925.8, overlap = 4.5
PHY-3002 : Step(98): len = 3816.9, overlap = 5.25
PHY-3002 : Step(99): len = 3804.7, overlap = 5.5
PHY-3002 : Step(100): len = 3614.8, overlap = 5.75
PHY-3001 : :::1::: Try harder cell spreading with beta_ = 0.00534239
PHY-3002 : Step(101): len = 3607.6, overlap = 5.75
PHY-3002 : Step(102): len = 3545.5, overlap = 6.25
PHY-3001 : Legalization ...
PHY-3001 : End legalization;  0.004742s wall, 0.000000s user + 0.000000s system = 0.000000s CPU (n/a%)

PHY-3001 : Legalized: Len = 5516.4, Over = 0
PHY-3001 : Spreading special nets. 3 overflows in 2952 tiles.
PHY-3001 : End spreading;  0.002426s wall, 0.000000s user + 0.000000s system = 0.000000s CPU (n/a%)

PHY-3001 : 3 instances has been re-located, deltaX = 2, deltaY = 1, maxDist = 1.
PHY-3001 : Final: Len = 5535.4, Over = 0
OPT-1001 : Start physical optimization ...
RUN-1002 : start command "start_timer -report"
TMR-2505 : Start building timing graph for model keyboard_instance.
TMR-2506 : Build timing graph completely. Port num: 7, tpin num: 1206, tnet num: 345, tinst num: 145, tnode num: 1478, tedge num: 1990.
TMR-2508 : Levelizing timing graph completed, there are 21 levels in total.
TMR-2501 : Timing graph initialized successfully.
OPT-1001 : Total overflow 0.00 peak overflow 0.00
OPT-1001 : Start high-fanout net optimization ...
OPT-1001 : Update timing in global mode
PHY-1001 : Start incremental global routing, caller is place ...
RUN-1001 : Generating global routing grids ...
PHY-1001 : Generate routing nets ...
PHY-1001 : Reuse net number 22/347.
PHY-1001 : Global iterations in 16 thread ...
PHY-1002 : len = 5792, over cnt = 27(0%), over = 49, worst = 4
PHY-1002 : len = 5944, over cnt = 15(0%), over = 26, worst = 4
PHY-1002 : len = 6336, over cnt = 1(0%), over = 1, worst = 1
PHY-1002 : len = 6360, over cnt = 0(0%), over = 0, worst = 0
PHY-1001 : End global iterations;  0.034810s wall, 0.000000s user + 0.000000s system = 0.000000s CPU (n/a%)

PHY-1001 : Congestion index: top1 = 17.46, top5 = 5.09, top10 = 2.54, top15 = 1.69.
PHY-1001 : End incremental global routing;  0.073795s wall, 0.000000s user + 0.000000s system = 0.000000s CPU (n/a%)

TMR-2503 : Start to update net delay, extr mode = 5.
TMR-2504 : Update delay of 345 nets completely.
TMR-2502 : Annotate delay completely, extr mode = 5.
TMR-3001 : Initiate 0 clocks from SDC.
TMR-3004 : Map sdc constraints, there are 0 constraints in total.
TMR-3003 : Constraints initiated successfully.
TMR-3501 : Forward propagation: start to calculate arrival time...
TMR-3502 : Backward propagation: start to calculate required time...
TMR-3503 : Timing propagation completes.
OPT-1001 : End timing update;  0.005192s wall, 0.000000s user + 0.000000s system = 0.000000s CPU (n/a%)

OPT-1001 : 0 high-fanout net processed.
OPT-1001 : End high-fanout net optimization;  0.082195s wall, 0.000000s user + 0.000000s system = 0.000000s CPU (n/a%)

OPT-1001 : Current memory(MB): used = 143, reserve = 113, peak = 143.
OPT-1001 : Start path based optimization ...
OPT-1001 : Start congestion update ...
RUN-1001 : Generating global routing grids ...
PHY-1001 : Generate routing nets ...
PHY-1001 : Reuse net number 261/347.
PHY-1001 : Global iterations in 16 thread ...
PHY-1002 : len = 6360, over cnt = 0(0%), over = 0, worst = 0
PHY-1001 : End global iterations;  0.001093s wall, 0.000000s user + 0.000000s system = 0.000000s CPU (n/a%)

PHY-1001 : Congestion index: top1 = 17.46, top5 = 5.09, top10 = 2.54, top15 = 1.69.
OPT-1001 : End congestion update;  0.040673s wall, 0.046875s user + 0.000000s system = 0.046875s CPU (115.2%)

OPT-1001 : Update timing in Manhattan mode
TMR-2503 : Start to update net delay, extr mode = 3.
TMR-2504 : Update delay of 345 nets completely.
TMR-2502 : Annotate delay completely, extr mode = 3.
TMR-3501 : Forward propagation: start to calculate arrival time...
TMR-3502 : Backward propagation: start to calculate required time...
TMR-3503 : Timing propagation completes.
OPT-1001 : End timing update;  0.004386s wall, 0.000000s user + 0.000000s system = 0.000000s CPU (n/a%)

OPT-0007 : Start: WNS 2147483647 TNS 0 NUM_FEPS 0
OPT-1001 : End path based optimization;  0.045152s wall, 0.046875s user + 0.000000s system = 0.046875s CPU (103.8%)

OPT-1001 : Current memory(MB): used = 143, reserve = 113, peak = 143.
OPT-1001 : Update timing in Manhattan mode
TMR-2503 : Start to update net delay, extr mode = 3.
TMR-2504 : Update delay of 345 nets completely.
TMR-2502 : Annotate delay completely, extr mode = 3.
TMR-3501 : Forward propagation: start to calculate arrival time...
TMR-3502 : Backward propagation: start to calculate required time...
TMR-3503 : Timing propagation completes.
OPT-1001 : End timing update;  0.003175s wall, 0.000000s user + 0.000000s system = 0.000000s CPU (n/a%)

OPT-1001 : Start pin optimization...
OPT-1001 : skip pin optimization...
OPT-1001 : Update timing in global mode
PHY-1001 : Start incremental global routing, caller is place ...
RUN-1001 : Generating global routing grids ...
PHY-1001 : Generate routing nets ...
PHY-1001 : Reuse net number 261/347.
PHY-1001 : Global iterations in 16 thread ...
PHY-1002 : len = 6360, over cnt = 0(0%), over = 0, worst = 0
PHY-1001 : End global iterations;  0.001643s wall, 0.000000s user + 0.000000s system = 0.000000s CPU (n/a%)

PHY-1001 : Congestion index: top1 = 17.46, top5 = 5.09, top10 = 2.54, top15 = 1.69.
PHY-1001 : End incremental global routing;  0.039480s wall, 0.046875s user + 0.000000s system = 0.046875s CPU (118.7%)

TMR-2503 : Start to update net delay, extr mode = 5.
TMR-2504 : Update delay of 345 nets completely.
TMR-2502 : Annotate delay completely, extr mode = 5.
TMR-3501 : Forward propagation: start to calculate arrival time...
TMR-3502 : Backward propagation: start to calculate required time...
TMR-3503 : Timing propagation completes.
OPT-1001 : End timing update;  0.004773s wall, 0.000000s user + 0.000000s system = 0.000000s CPU (n/a%)

RUN-1001 : Generating global routing grids ...
PHY-1001 : Generate routing nets ...
PHY-1001 : Reuse net number 261/347.
PHY-1001 : Global iterations in 16 thread ...
PHY-1002 : len = 6360, over cnt = 0(0%), over = 0, worst = 0
PHY-1001 : End global iterations;  0.001087s wall, 0.000000s user + 0.000000s system = 0.000000s CPU (n/a%)

PHY-1001 : Congestion index: top1 = 17.46, top5 = 5.09, top10 = 2.54, top15 = 1.69.
OPT-1001 : Update timing in Manhattan mode
TMR-2503 : Start to update net delay, extr mode = 3.
TMR-2504 : Update delay of 345 nets completely.
TMR-2502 : Annotate delay completely, extr mode = 3.
TMR-3501 : Forward propagation: start to calculate arrival time...
TMR-3502 : Backward propagation: start to calculate required time...
TMR-3503 : Timing propagation completes.
OPT-1001 : End timing update;  0.004009s wall, 0.000000s user + 0.000000s system = 0.000000s CPU (n/a%)

RUN-1001 : QoR Analysis:
OPT-0007 :   WNS 2147483647 TNS 0 NUM_FEPS 0
RUN-1001 :   No local congestion issue, and most congested 1% tile average routing util is 16.965517
RUN-1001 :   Top critical paths
OPT-1001 : End physical optimization;  0.332717s wall, 0.234375s user + 0.000000s system = 0.234375s CPU (70.4%)

RUN-1003 : finish command "place" in  3.516565s wall, 0.812500s user + 0.609375s system = 1.421875s CPU (40.4%)

RUN-1004 : used memory is 127 MB, reserved memory is 97 MB, peak memory is 143 MB
RUN-1002 : start command "export_db keyboard_place.db"
RUN-1001 : Exported /
RUN-1001 : Exported flow parameters
RUN-1001 : Exported libs
RUN-1001 : Exported entities
RUN-1001 : Exported ports
RUN-1001 : Exported pins
RUN-1001 : Exported instances
RUN-1001 : Exported nets
RUN-1001 : Exported buses
RUN-1001 : Exported models
RUN-1001 : Exported congestions
RUN-1001 : Exported violations
RUN-1001 : Exported timing constraints
RUN-1001 : Exported IO constraints
RUN-1001 : Exported Inst constraints
RUN-1002 : start command "route"
RUN-1001 : Open license file E:/Anlogic/TD5.6.59063/license/Anlogic.lic
RUN-1001 : Print Global Property
RUN-1001 : ---------------------------------------------------------------
RUN-1001 :        Parameters        |  Settings  |  Default Values  |  Note  
RUN-1001 : ---------------------------------------------------------------
RUN-1001 :          message         |  standard  |     standard     |        
RUN-1001 :   mixed_pack_place_flow  |     on     |        on        |        
RUN-1001 :        qor_monitor       |    off     |       off        |        
RUN-1001 :        syn_ip_flow       |    off     |       off        |        
RUN-1001 :          thread          |    auto    |       auto       |        
RUN-1001 : ---------------------------------------------------------------
RUN-1001 : Print Route Property
RUN-1001 : -------------------------------------------------------
RUN-1001 :    Parameters    |  Settings  |  Default Values  |  Note  
RUN-1001 : -------------------------------------------------------
RUN-1001 :      effort      |   medium   |      medium      |        
RUN-1001 :     fix_hold     |    off     |       off        |        
RUN-1001 :    opt_timing    |   medium   |      medium      |        
RUN-1001 :   phy_sim_model  |    off     |       off        |        
RUN-1001 :     priority     |   timing   |      timing      |        
RUN-1001 :     swap_pin     |     on     |        on        |        
RUN-1001 : -------------------------------------------------------
PHY-1001 : Route runs in 16 thread(s)
RUN-1001 : There are total 147 instances
RUN-1001 : 60 mslices, 60 lslices, 23 pads, 0 brams, 0 dsps
RUN-1001 : There are total 347 nets
RUN-1001 : 173 nets have 2 pins
RUN-1001 : 141 nets have [3 - 5] pins
RUN-1001 : 24 nets have [6 - 10] pins
RUN-1001 : 5 nets have [11 - 20] pins
RUN-1001 : 3 nets have [21 - 99] pins
RUN-1001 : 1 nets have 100+ pins
RUN-1002 : start command "start_timer -report"
TMR-2505 : Start building timing graph for model keyboard_instance.
TMR-2506 : Build timing graph completely. Port num: 7, tpin num: 1206, tnet num: 345, tinst num: 145, tnode num: 1478, tedge num: 1990.
TMR-2508 : Levelizing timing graph completed, there are 21 levels in total.
TMR-2501 : Timing graph initialized successfully.
PHY-1001 : 60 mslices, 60 lslices, 23 pads, 0 brams, 0 dsps
TMR-2503 : Start to update net delay, extr mode = 3.
TMR-2504 : Update delay of 345 nets completely.
TMR-2502 : Annotate delay completely, extr mode = 3.
TMR-3001 : Initiate 0 clocks from SDC.
TMR-3004 : Map sdc constraints, there are 0 constraints in total.
TMR-3003 : Constraints initiated successfully.
TMR-3501 : Forward propagation: start to calculate arrival time...
TMR-3502 : Backward propagation: start to calculate required time...
TMR-3503 : Timing propagation completes.
PHY-1001 : Start global routing, caller is route ...
RUN-1001 : Generating global routing grids ...
PHY-1001 : Generate routing nets ...
PHY-1001 : Global iterations in 16 thread ...
PHY-1002 : len = 5704, over cnt = 30(0%), over = 56, worst = 6
PHY-1002 : len = 6056, over cnt = 9(0%), over = 13, worst = 4
PHY-1002 : len = 6232, over cnt = 0(0%), over = 0, worst = 0
PHY-1001 : End global iterations;  0.037580s wall, 0.031250s user + 0.000000s system = 0.031250s CPU (83.2%)

PHY-1001 : Congestion index: top1 = 16.90, top5 = 4.99, top10 = 2.49, top15 = 1.66.
PHY-1001 : End global routing;  0.072181s wall, 0.031250s user + 0.000000s system = 0.031250s CPU (43.3%)

PHY-1001 : Start detail routing ...
PHY-1001 : Current memory(MB): used = 162, reserve = 132, peak = 177.
PHY-1001 : Detailed router is running in normal mode.
PHY-1001 : Generate detailed routing grids ...
PHY-1001 : Generate nets ...
PHY-1001 : net clk_50M_dup_1 will be routed on clock mesh
PHY-1001 : clock net U1/scan_clk_syn_4 will be merged with clock U1/scan_clk
PHY-1001 : Current memory(MB): used = 429, reserve = 405, peak = 429.
PHY-1001 : End build detailed router design. 3.573661s wall, 0.765625s user + 0.031250s system = 0.796875s CPU (22.3%)

PHY-1001 : Detail Route ...
PHY-1001 : ===== Detail Route Phase 1 =====
PHY-1001 : Clock net routing.....
PHY-1001 : Routed 0% nets.
PHY-1022 : len = 6152, over cnt = 0(0%), over = 0, worst = 0, crit = 0
PHY-1001 : End initial clock net routed; 0.749336s wall, 0.234375s user + 0.031250s system = 0.265625s CPU (35.4%)

PHY-1001 : Current memory(MB): used = 458, reserve = 435, peak = 458.
PHY-1001 : End phase 1; 0.758793s wall, 0.234375s user + 0.031250s system = 0.265625s CPU (35.0%)

PHY-1001 : ===== Detail Route Phase 2 =====
PHY-1001 : Initial routing.....
PHY-1001 : Routed 17% nets.
PHY-1001 : Patch 239 net; 0.147818s wall, 0.046875s user + 0.000000s system = 0.046875s CPU (31.7%)

PHY-1022 : len = 16776, over cnt = 31(0%), over = 32, worst = 2, crit = 0
PHY-1001 : Current memory(MB): used = 459, reserve = 435, peak = 459.
PHY-1001 : End initial routed; 0.176949s wall, 0.046875s user + 0.000000s system = 0.046875s CPU (26.5%)

PHY-1001 : Update timing.....
PHY-1001 : 0/300(0%) critical/total net(s).
RUN-1001 : ------------------------------------------
RUN-1001 :   Type   |    WNS(ns)    |  TNS(ns)  |  FEP  
RUN-1001 : ------------------------------------------
RUN-1001 :   Setup  |  2147483.647  |   0.000   |   0   
RUN-1001 :   Hold   |  2147483.647  |   0.000   |   0   
RUN-1001 : ------------------------------------------
PHY-1001 : End update timing; 0.405778s wall, 0.078125s user + 0.000000s system = 0.078125s CPU (19.3%)

PHY-1001 : Current memory(MB): used = 460, reserve = 435, peak = 460.
PHY-1001 : End phase 2; 0.582947s wall, 0.125000s user + 0.000000s system = 0.125000s CPU (21.4%)

PHY-1001 : ===== Detail Route Phase 3 =====
PHY-1001 : Optimize timing.....
PHY-1022 : len = 16776, over cnt = 31(0%), over = 32, worst = 2, crit = 0
PHY-1001 : End optimize timing; 0.014904s wall, 0.000000s user + 0.000000s system = 0.000000s CPU (n/a%)

PHY-1001 : Ripup-reroute.....
PHY-1001 : ===== DR Iter 1 =====
PHY-1022 : len = 16776, over cnt = 12(0%), over = 12, worst = 1, crit = 0
PHY-1001 : End DR Iter 1; 0.064164s wall, 0.015625s user + 0.000000s system = 0.015625s CPU (24.4%)

PHY-1001 : ===== DR Iter 2 =====
PHY-1022 : len = 16928, over cnt = 0(0%), over = 0, worst = 0, crit = 0
PHY-1001 : End DR Iter 2; 0.036554s wall, 0.000000s user + 0.000000s system = 0.000000s CPU (n/a%)

PHY-1001 : Update timing.....
PHY-1001 : 0/300(0%) critical/total net(s).
RUN-1001 : ------------------------------------------
RUN-1001 :   Type   |    WNS(ns)    |  TNS(ns)  |  FEP  
RUN-1001 : ------------------------------------------
RUN-1001 :   Setup  |  2147483.647  |   0.000   |   0   
RUN-1001 :   Hold   |  2147483.647  |   0.000   |   0   
RUN-1001 : ------------------------------------------
PHY-1001 : End update timing; 0.289916s wall, 0.093750s user + 0.000000s system = 0.093750s CPU (32.3%)

PHY-1001 : Commit to database.....
PHY-1001 : 7 feed throughs used by 7 nets
PHY-1001 : End commit to database; 0.068595s wall, 0.000000s user + 0.000000s system = 0.000000s CPU (n/a%)

PHY-1001 : Current memory(MB): used = 470, reserve = 445, peak = 470.
PHY-1001 : End phase 3; 0.824937s wall, 0.218750s user + 0.000000s system = 0.218750s CPU (26.5%)

PHY-1003 : Routed, final wirelength = 16928
PHY-1001 : Current memory(MB): used = 470, reserve = 445, peak = 470.
PHY-1001 : End export database. 0.008018s wall, 0.000000s user + 0.000000s system = 0.000000s CPU (n/a%)

PHY-1001 : End detail routing;  6.140645s wall, 1.406250s user + 0.078125s system = 1.484375s CPU (24.2%)

RUN-1003 : finish command "route" in  6.396923s wall, 1.515625s user + 0.078125s system = 1.593750s CPU (24.9%)

RUN-1004 : used memory is 420 MB, reserved memory is 396 MB, peak memory is 470 MB
RUN-1002 : start command "report_area -io_info -file keyboard_phy.area"
RUN-1001 : standard
***Report Model: keyboard_instance Device: EG4S20BG256***

IO Statistics
#IO                        23
  #input                    6
  #output                  17
  #inout                    0

Utilization Statistics
#lut                      205   out of  19600    1.05%
#reg                      146   out of  19600    0.74%
#le                       232
  #lut only                86   out of    232   37.07%
  #reg only                27   out of    232   11.64%
  #lut&reg                119   out of    232   51.29%
#dsp                        0   out of     29    0.00%
#bram                       0   out of     64    0.00%
  #bram9k                   0
  #fifo9k                   0
#bram32k                    0   out of     16    0.00%
#pad                       23   out of    188   12.23%
  #ireg                     0
  #oreg                     0
  #treg                     0
#pll                        0   out of      4    0.00%
#gclk                       2   out of     16   12.50%

Clock Resource Statistics
Index     ClockNet         Type               DriverType         Driver                      Fanout
#1        clk_50M_dup_1    GCLK               io                 clk_50M_syn_2.di            71
#2        U1/scan_clk      GCLK               lslice             U1/scan_clk_reg_syn_9.q1    10


Detailed IO Report

        Name           Direction    Location    IOStandard    DriveStrength    PullType    PackReg  
        RSTn             INPUT         A9        LVCMOS33          N/A          PULLUP      NONE    
       clk_50M           INPUT         R7        LVCMOS33          N/A          PULLUP      NONE    
       col[3]            INPUT        F10        LVCMOS33          N/A          PULLUP      NONE    
       col[2]            INPUT        C11        LVCMOS33          N/A          PULLUP      NONE    
       col[1]            INPUT        D11        LVCMOS33          N/A          PULLUP      NONE    
       col[0]            INPUT        E11        LVCMOS33          N/A          PULLUP      NONE    
  DigitronCS_Out[3]     OUTPUT         A3        LVCMOS33           8            NONE       NONE    
  DigitronCS_Out[2]     OUTPUT         A5        LVCMOS33           8            NONE       NONE    
  DigitronCS_Out[1]     OUTPUT         B6        LVCMOS33           8            NONE       NONE    
  DigitronCS_Out[0]     OUTPUT         C9        LVCMOS33           8            NONE       NONE    
   Digitron_Out[7]      OUTPUT         C8        LVCMOS33           8            NONE       NONE    
   Digitron_Out[6]      OUTPUT         A8        LVCMOS33           8            NONE       NONE    
   Digitron_Out[5]      OUTPUT         B5        LVCMOS33           8            NONE       NONE    
   Digitron_Out[4]      OUTPUT         A7        LVCMOS33           8            NONE       NONE    
   Digitron_Out[3]      OUTPUT         E8        LVCMOS33           8            NONE       NONE    
   Digitron_Out[2]      OUTPUT         B8        LVCMOS33           8            NONE       NONE    
   Digitron_Out[1]      OUTPUT         A6        LVCMOS33           8            NONE       NONE    
   Digitron_Out[0]      OUTPUT         A4        LVCMOS33           8            NONE       NONE    
        light           OUTPUT        B14        LVCMOS33           8            NONE       NONE    
       row[3]           OUTPUT         D9        LVCMOS33           8            NONE       NONE    
       row[2]           OUTPUT         F9        LVCMOS33           8            NONE       NONE    
       row[1]           OUTPUT        C10        LVCMOS33           8            NONE       NONE    
       row[0]           OUTPUT        E10        LVCMOS33           8            NONE       NONE    

Report Hierarchy Area:
+-------------------------------------------------------------------------------------------+
|Instance |Module                      |le     |lut     |ripple  |seq     |bram    |dsp     |
+-------------------------------------------------------------------------------------------+
|top      |keyboard_instance           |232    |180     |25      |146     |0       |0       |
|  U1     |keyboard_scan               |69     |47      |9       |53      |0       |0       |
|  U2     |key_filter                  |59     |39      |6       |49      |0       |0       |
|  U3     |onehot2binary               |63     |63      |0       |26      |0       |0       |
|  U5     |Digitron_TimeDisplay_module |36     |26      |10      |18      |0       |0       |
+-------------------------------------------------------------------------------------------+


DataNet Average Fanout:

   Index     Fanout    Nets  
    #1         1       150   
    #2         2        94   
    #3         3        23   
    #4         4        24   
    #5        5-10      24   
    #6       11-50      5    
  Average     2.37           

RUN-1002 : start command "export_db keyboard_pr.db"
RUN-1001 : Exported /
RUN-1001 : Exported flow parameters
RUN-1001 : Exported libs
RUN-1001 : Exported entities
RUN-1001 : Exported ports
RUN-1001 : Exported pins
RUN-1001 : Exported instances
RUN-1001 : Exported nets
RUN-1001 : Exported buses
RUN-1001 : Exported models
RUN-1001 : Exported congestions
RUN-1001 : Exported violations
RUN-1001 : Exported timing constraints
RUN-1001 : Exported IO constraints
RUN-1001 : Exported Inst constraints
RUN-1002 : start command "export_bid keyboard_inst.bid"
RUN-1002 : start command "bitgen -bit keyboard.bit -unused_io_status pulldown"
BIT-1003 : Start to generate bitstream. 
BIT-1002 : Bitgen processed 165 unused pads, reserve input tri_state with pulldown
BIT-1002 : Init instances with 16 threads.
BIT-1002 : Init instances completely, inst num: 310
BIT-1002 : Init pips with 16 threads.
BIT-1002 : Init pips completely, net num: 347, pip num: 2142
BIT-1002 : Init feedthrough completely, num: 7
BIT-1003 : Multithreading accelaration with 16 threads.
BIT-1003 : Generate bitstream completely, there are 428 valid insts, and 7016 bits set as '1'.
BIT-1004 : PLL setting string = 0000
BIT-1004 : Generate bits file keyboard.bit.
RUN-1003 : finish command "bitgen -bit keyboard.bit -unused_io_status pulldown" in  3.037663s wall, 5.609375s user + 0.125000s system = 5.734375s CPU (188.8%)

RUN-1004 : used memory is 440 MB, reserved memory is 417 MB, peak memory is 615 MB
RUN-1002 : start command "backup_run_log run.log ../.logs/phy_1/td_20240827_153600.log"
