============================================================
   Tang Dynasty, V5.6.71036
      Copyright (c) 2012-2023 Anlogic Inc.
   Executable = C:/Anlogic/TD5.6.2/bin/td.exe
   Built at =   20:34:38 Mar 21 2023
   Run by =     Admini
   Run Date =   Thu Jan 18 10:31:25 2024

   Run on =     DESKTOP-LUUVO81
============================================================
RUN-1002 : start command "open_project keyboard.prj"
RUN-1001 : Print Global Property
RUN-1001 : ---------------------------------------------------------------
RUN-1001 :        Parameters        |  Settings  |  Default Values  |  Note  
RUN-1001 : ---------------------------------------------------------------
RUN-1001 :          message         |  standard  |     standard     |        
RUN-1001 :   mixed_pack_place_flow  |     on     |        on        |        
RUN-1001 :        qor_monitor       |    off     |       off        |        
RUN-1001 :        syn_ip_flow       |    off     |       off        |        
RUN-1001 :          thread          |    auto    |       auto       |        
RUN-1001 : ---------------------------------------------------------------
RUN-1001 : Print Design Property
RUN-1001 : --------------------------------------------------------------
RUN-1001 :        Parameters       |  Settings  |  Default Values  |  Note  
RUN-1001 : --------------------------------------------------------------
RUN-1001 :   default_reg_initial   |    auto    |       auto       |        
RUN-1001 :        infer_add        |     on     |        on        |        
RUN-1001 :        infer_fsm        |    off     |       off        |        
RUN-1001 :        infer_mult       |     on     |        on        |        
RUN-1001 :        infer_ram        |     on     |        on        |        
RUN-1001 :        infer_reg        |     on     |        on        |        
RUN-1001 :   infer_reg_init_value  |     on     |        on        |        
RUN-1001 :        infer_rom        |     on     |        on        |        
RUN-1001 :      infer_shifter      |     on     |        on        |        
RUN-1001 : --------------------------------------------------------------
RUN-1001 : Print Rtl Property
RUN-1001 : --------------------------------------------------------------
RUN-1001 :        Parameters       |  Settings  |  Default Values  |  Note  
RUN-1001 : --------------------------------------------------------------
RUN-1001 :       compress_add      |   ripple   |      ripple      |        
RUN-1001 :        elf_sload        |    off     |       off        |        
RUN-1001 :       fix_undriven      |     0      |        0         |        
RUN-1001 :         flatten         |    off     |       off        |        
RUN-1001 :       gate_sharing      |     on     |        on        |        
RUN-1001 :    hdl_warning_level    |   normal   |      normal      |        
RUN-1001 :   impl_internal_tribuf  |     on     |        on        |        
RUN-1001 :      impl_set_reset     |     on     |        on        |        
RUN-1001 :        infer_gsr        |    off     |       off        |        
RUN-1001 :      keep_hierarchy     |    auto    |       auto       |        
RUN-1001 :        max_fanout       |    9999    |       9999       |        
RUN-1001 :      max_oh2bin_len     |     10     |        10        |        
RUN-1001 :       merge_equal       |     on     |        on        |        
RUN-1001 :       merge_equiv       |     on     |        on        |        
RUN-1001 :        merge_mux        |    off     |       off        |        
RUN-1001 :     min_control_set     |     8      |        8         |        
RUN-1001 :      min_ripple_len     |    auto    |       auto       |        
RUN-1001 :       oh2bin_ratio      |    0.08    |       0.08       |        
RUN-1001 :     opt_adder_fanout    |     on     |        on        |        
RUN-1001 :        opt_arith        |     on     |        on        |        
RUN-1001 :       opt_big_gate      |    off     |       off        |        
RUN-1001 :        opt_const        |     on     |        on        |        
RUN-1001 :      opt_const_mult     |     on     |        on        |        
RUN-1001 :       opt_lessthan      |     on     |        on        |        
RUN-1001 :         opt_mux         |    off     |       off        |        
RUN-1001 :         opt_ram         |    high    |       high       |        
RUN-1001 :      rtl_sim_model      |    off     |       off        |        
RUN-1001 :         seq_syn         |     on     |        on        |        
RUN-1001 : --------------------------------------------------------------
HDL-1007 : analyze verilog file ../../../src/Digitron_TimeDisplay_module.v
HDL-1007 : analyze verilog file ../../../src/key_filter.v
HDL-1007 : analyze verilog file ../../../src/keyboard_instance.v
HDL-1007 : analyze verilog file ../../../src/keyboard_scan.v
HDL-1007 : analyze verilog file ../../../src/onehot2binary.v
RUN-1001 : Project manager successfully analyzed 5 source files.
RUN-1002 : start command "import_device eagle_s20.db -package EG4S20BG256"
ARC-1001 : Device Initialization.
ARC-1001 : ------------------------------------------------------------------
ARC-1001 :            OPTION            |          IO          |   SETTING   
ARC-1001 : ------------------------------------------------------------------
ARC-1001 :   cso_b/cclk/mosi/miso/dout  |  T3/R11/T10/P10/S11  |    gpio    
ARC-1001 :             done             |         P13          |    gpio    
ARC-1001 :           program_b          |          T2          |  dedicate  
ARC-1001 :        tdi/tms/tck/tdo       |   C12/A15/C14/E14    |  dedicate  
ARC-1001 : ------------------------------------------------------------------
ARC-1004 : Device setting, marked 5 dedicate IOs in total.
RUN-1002 : start command "elaborate -top keyboard_instance"
RUN-1001 : Print Design Property
RUN-1001 : --------------------------------------------------------------
RUN-1001 :        Parameters       |  Settings  |  Default Values  |  Note  
RUN-1001 : --------------------------------------------------------------
RUN-1001 :   default_reg_initial   |    auto    |       auto       |        
RUN-1001 :        infer_add        |     on     |        on        |        
RUN-1001 :        infer_fsm        |    off     |       off        |        
RUN-1001 :        infer_mult       |     on     |        on        |        
RUN-1001 :        infer_ram        |     on     |        on        |        
RUN-1001 :        infer_reg        |     on     |        on        |        
RUN-1001 :   infer_reg_init_value  |     on     |        on        |        
RUN-1001 :        infer_rom        |     on     |        on        |        
RUN-1001 :      infer_shifter      |     on     |        on        |        
RUN-1001 : --------------------------------------------------------------
RUN-1001 : Print Rtl Property
RUN-1001 : --------------------------------------------------------------
RUN-1001 :        Parameters       |  Settings  |  Default Values  |  Note  
RUN-1001 : --------------------------------------------------------------
RUN-1001 :       compress_add      |   ripple   |      ripple      |        
RUN-1001 :        elf_sload        |    off     |       off        |        
RUN-1001 :       fix_undriven      |     0      |        0         |        
RUN-1001 :         flatten         |    off     |       off        |        
RUN-1001 :       gate_sharing      |     on     |        on        |        
RUN-1001 :    hdl_warning_level    |   normal   |      normal      |        
RUN-1001 :   impl_internal_tribuf  |     on     |        on        |        
RUN-1001 :      impl_set_reset     |     on     |        on        |        
RUN-1001 :        infer_gsr        |    off     |       off        |        
RUN-1001 :      keep_hierarchy     |    auto    |       auto       |        
RUN-1001 :        max_fanout       |    9999    |       9999       |        
RUN-1001 :      max_oh2bin_len     |     10     |        10        |        
RUN-1001 :       merge_equal       |     on     |        on        |        
RUN-1001 :       merge_equiv       |     on     |        on        |        
RUN-1001 :        merge_mux        |    off     |       off        |        
RUN-1001 :     min_control_set     |     8      |        8         |        
RUN-1001 :      min_ripple_len     |    auto    |       auto       |        
RUN-1001 :       oh2bin_ratio      |    0.08    |       0.08       |        
RUN-1001 :     opt_adder_fanout    |     on     |        on        |        
RUN-1001 :        opt_arith        |     on     |        on        |        
RUN-1001 :       opt_big_gate      |    off     |       off        |        
RUN-1001 :        opt_const        |     on     |        on        |        
RUN-1001 :      opt_const_mult     |     on     |        on        |        
RUN-1001 :       opt_lessthan      |     on     |        on        |        
RUN-1001 :         opt_mux         |    off     |       off        |        
RUN-1001 :         opt_ram         |    high    |       high       |        
RUN-1001 :      rtl_sim_model      |    off     |       off        |        
RUN-1001 :         seq_syn         |     on     |        on        |        
RUN-1001 : --------------------------------------------------------------
RUN-1001 : Print Global Property
RUN-1001 : ---------------------------------------------------------------
RUN-1001 :        Parameters        |  Settings  |  Default Values  |  Note  
RUN-1001 : ---------------------------------------------------------------
RUN-1001 :          message         |  standard  |     standard     |        
RUN-1001 :   mixed_pack_place_flow  |     on     |        on        |        
RUN-1001 :        qor_monitor       |    off     |       off        |        
RUN-1001 :        syn_ip_flow       |    off     |       off        |        
RUN-1001 :          thread          |    auto    |       auto       |        
RUN-1001 : ---------------------------------------------------------------
RUN-1001 : Print Design Property
RUN-1001 : --------------------------------------------------------------
RUN-1001 :        Parameters       |  Settings  |  Default Values  |  Note  
RUN-1001 : --------------------------------------------------------------
RUN-1001 :   default_reg_initial   |    auto    |       auto       |        
RUN-1001 :        infer_add        |     on     |        on        |        
RUN-1001 :        infer_fsm        |    off     |       off        |        
RUN-1001 :        infer_mult       |     on     |        on        |        
RUN-1001 :        infer_ram        |     on     |        on        |        
RUN-1001 :        infer_reg        |     on     |        on        |        
RUN-1001 :   infer_reg_init_value  |     on     |        on        |        
RUN-1001 :        infer_rom        |     on     |        on        |        
RUN-1001 :      infer_shifter      |     on     |        on        |        
RUN-1001 : --------------------------------------------------------------
HDL-1007 : elaborate module keyboard_instance in ../../../src/keyboard_instance.v(1)
HDL-1007 : elaborate module keyboard_scan in ../../../src/keyboard_scan.v(1)
HDL-1007 : elaborate module key_filter in ../../../src/key_filter.v(1)
HDL-1007 : elaborate module onehot2binary in ../../../src/onehot2binary.v(1)
HDL-1007 : elaborate module Digitron_TimeDisplay_module in ../../../src/Digitron_TimeDisplay_module.v(1)
HDL-7007 CRITICAL-WARNING: 'data' should be on the sensitivity list in ../../../src/Digitron_TimeDisplay_module.v(51)
HDL-7007 CRITICAL-WARNING: 'data' should be on the sensitivity list in ../../../src/Digitron_TimeDisplay_module.v(52)
HDL-5007 WARNING: latch inferred for net 'SingleNum[3]' in ../../../src/Digitron_TimeDisplay_module.v(47)
HDL-1200 : Current top model is keyboard_instance
HDL-1100 : Inferred 0 RAMs.
RUN-1002 : start command "export_db keyboard_elaborate.db"
RUN-1001 : Exported /
RUN-1001 : Exported flow parameters
RUN-1001 : Exported libs
RUN-1001 : Exported entities
RUN-1001 : Exported ports
RUN-1001 : Exported pins
RUN-1001 : Exported instances
RUN-1001 : Exported nets
RUN-1001 : Exported buses
RUN-1001 : Exported models
RUN-1001 : Exported congestions
RUN-1001 : Exported violations
RUN-1001 : Exported IO constraints
RUN-1001 : Exported Inst constraints
RUN-1002 : start command "read_adc ../../../dc/keyboard.adc"
RUN-1002 : start command "set_pin_assignment  DigitronCS_Out[0]   LOCATION = C9; IOSTANDARD = LVCMOS33; "
RUN-1002 : start command "set_pin_assignment  DigitronCS_Out[1]   LOCATION = B6; IOSTANDARD = LVCMOS33; "
RUN-1002 : start command "set_pin_assignment  DigitronCS_Out[2]   LOCATION = A5; IOSTANDARD = LVCMOS33; "
RUN-1002 : start command "set_pin_assignment  DigitronCS_Out[3]   LOCATION = A3; IOSTANDARD = LVCMOS33; "
RUN-1002 : start command "set_pin_assignment  Digitron_Out[0]   LOCATION = A4; IOSTANDARD = LVCMOS33; "
RUN-1002 : start command "set_pin_assignment  Digitron_Out[1]   LOCATION = A6; IOSTANDARD = LVCMOS33; "
RUN-1002 : start command "set_pin_assignment  Digitron_Out[2]   LOCATION = B8; IOSTANDARD = LVCMOS33; "
RUN-1002 : start command "set_pin_assignment  Digitron_Out[3]   LOCATION = E8; IOSTANDARD = LVCMOS33; "
RUN-1002 : start command "set_pin_assignment  Digitron_Out[4]   LOCATION = A7; IOSTANDARD = LVCMOS33; "
RUN-1002 : start command "set_pin_assignment  Digitron_Out[5]   LOCATION = B5; IOSTANDARD = LVCMOS33; "
RUN-1002 : start command "set_pin_assignment  Digitron_Out[6]   LOCATION = A8; IOSTANDARD = LVCMOS33; "
RUN-1002 : start command "set_pin_assignment  Digitron_Out[7]   LOCATION = C8; IOSTANDARD = LVCMOS33; "
RUN-1002 : start command "set_pin_assignment  RSTn   LOCATION = A9; IOSTANDARD = LVCMOS33; "
RUN-1002 : start command "set_pin_assignment  clk_50M   LOCATION = R7; IOSTANDARD = LVCMOS33; "
RUN-1002 : start command "set_pin_assignment  col[0]   LOCATION = E11; IOSTANDARD = LVCMOS33; "
RUN-1002 : start command "set_pin_assignment  col[1]   LOCATION = D11; IOSTANDARD = LVCMOS33; "
RUN-1002 : start command "set_pin_assignment  col[2]   LOCATION = C11; IOSTANDARD = LVCMOS33; "
RUN-1002 : start command "set_pin_assignment  col[3]   LOCATION = F10; IOSTANDARD = LVCMOS33; "
RUN-1002 : start command "set_pin_assignment  row[0]   LOCATION = E10; IOSTANDARD = LVCMOS33; "
RUN-1002 : start command "set_pin_assignment  row[1]   LOCATION = C10; IOSTANDARD = LVCMOS33; "
RUN-1002 : start command "set_pin_assignment  row[2]   LOCATION = F9; IOSTANDARD = LVCMOS33; "
RUN-1002 : start command "set_pin_assignment  row[3]   LOCATION = D9; IOSTANDARD = LVCMOS33; "
RUN-1001 : Starting of IO setups legality check.
RUN-1001 : Starting of IO setups legality check.
RUN-1001 : Starting of IO vref setups legality check.
RUN-1002 : start command "optimize_rtl"
RUN-1001 : Open license file C:/Anlogic/TD5.6.2/license/Anlogic.lic
RUN-1001 : Print Global Property
RUN-1001 : ---------------------------------------------------------------
RUN-1001 :        Parameters        |  Settings  |  Default Values  |  Note  
RUN-1001 : ---------------------------------------------------------------
RUN-1001 :          message         |  standard  |     standard     |        
RUN-1001 :   mixed_pack_place_flow  |     on     |        on        |        
RUN-1001 :        qor_monitor       |    off     |       off        |        
RUN-1001 :        syn_ip_flow       |    off     |       off        |        
RUN-1001 :          thread          |    auto    |       auto       |        
RUN-1001 : ---------------------------------------------------------------
RUN-1001 : Print Rtl Property
RUN-1001 : --------------------------------------------------------------
RUN-1001 :        Parameters       |  Settings  |  Default Values  |  Note  
RUN-1001 : --------------------------------------------------------------
RUN-1001 :       compress_add      |   ripple   |      ripple      |        
RUN-1001 :        elf_sload        |    off     |       off        |        
RUN-1001 :       fix_undriven      |     0      |        0         |        
RUN-1001 :         flatten         |    off     |       off        |        
RUN-1001 :       gate_sharing      |     on     |        on        |        
RUN-1001 :    hdl_warning_level    |   normal   |      normal      |        
RUN-1001 :   impl_internal_tribuf  |     on     |        on        |        
RUN-1001 :      impl_set_reset     |     on     |        on        |        
RUN-1001 :        infer_gsr        |    off     |       off        |        
RUN-1001 :      keep_hierarchy     |    auto    |       auto       |        
RUN-1001 :        max_fanout       |    9999    |       9999       |        
RUN-1001 :      max_oh2bin_len     |     10     |        10        |        
RUN-1001 :       merge_equal       |     on     |        on        |        
RUN-1001 :       merge_equiv       |     on     |        on        |        
RUN-1001 :        merge_mux        |    off     |       off        |        
RUN-1001 :     min_control_set     |     8      |        8         |        
RUN-1001 :      min_ripple_len     |    auto    |       auto       |        
RUN-1001 :       oh2bin_ratio      |    0.08    |       0.08       |        
RUN-1001 :     opt_adder_fanout    |     on     |        on        |        
RUN-1001 :        opt_arith        |     on     |        on        |        
RUN-1001 :       opt_big_gate      |    off     |       off        |        
RUN-1001 :        opt_const        |     on     |        on        |        
RUN-1001 :      opt_const_mult     |     on     |        on        |        
RUN-1001 :       opt_lessthan      |     on     |        on        |        
RUN-1001 :         opt_mux         |    off     |       off        |        
RUN-1001 :         opt_ram         |    high    |       high       |        
RUN-1001 :      rtl_sim_model      |    off     |       off        |        
RUN-1001 :         seq_syn         |     on     |        on        |        
RUN-1001 : --------------------------------------------------------------
SYN-1012 : SanityCheck: Model "keyboard_instance"
SYN-1012 : SanityCheck: Model "keyboard_scan"
SYN-1012 : SanityCheck: Model "key_filter"
SYN-1012 : SanityCheck: Model "onehot2binary"
SYN-1012 : SanityCheck: Model "Digitron_TimeDisplay_module"
SYN-1011 : Flatten model keyboard_instance
SYN-1016 : Merged 1545 instances.
SYN-1032 : 505/431 useful/useless nets, 257/257 useful/useless insts
SYN-1032 : 503/0 useful/useless nets, 447/60 useful/useless insts
SYN-1014 : Optimize round 1
SYN-1018 : Transformed 4 mux instances.
SYN-1019 : Optimized 4 mux instances.
SYN-1016 : Merged 18 instances.
SYN-1015 : Optimize round 1, 193 better
SYN-1014 : Optimize round 2
SYN-1044 : Optimized 2 inv instances.
SYN-1032 : 405/3 useful/useless nets, 349/30 useful/useless insts
SYN-1015 : Optimize round 2, 33 better
SYN-1014 : Optimize round 1
SYN-1015 : Optimize round 1, 0 better
RUN-1003 : finish command "optimize_rtl" in  1.887880s wall, 1.718750s user + 0.156250s system = 1.875000s CPU (99.3%)

RUN-1004 : used memory is 94 MB, reserved memory is 65 MB, peak memory is 97 MB
RUN-1002 : start command "report_area -file keyboard_rtl.area"
RUN-1001 : standard
***Report Model: keyboard_instance Device: EG4S20BG256***

IO Statistics
#IO                        22
  #input                    6
  #output                  16
  #inout                    0

Gate Statistics
#Basic gates              324
  #and                    115
  #nand                     0
  #or                      46
  #nor                      0
  #xor                      0
  #xnor                     0
  #buf                      0
  #not                     54
  #bufif1                   0
  #MX21                     0
  #FADD                     0
  #DFF                    109
  #LATCH                    0
#MACRO_ADD                  2
#MACRO_EQ                   6
#MACRO_MUX                 15

Report Hierarchy Area:
+--------------------------------------------------------------+
|Instance |Module                      |gates  |seq    |macros |
+--------------------------------------------------------------+
|top      |keyboard_instance           |215    |109    |8      |
|  U1     |keyboard_scan               |7      |53     |6      |
|  U2     |key_filter                  |48     |52     |2      |
|  U3     |onehot2binary               |157    |4      |0      |
|  U5     |Digitron_TimeDisplay_module |0      |0      |0      |
+--------------------------------------------------------------+

RUN-1002 : start command "export_db keyboard_rtl.db"
RUN-1001 : Exported /
RUN-1001 : Exported flow parameters
RUN-1001 : Exported libs
RUN-1001 : Exported entities
RUN-1001 : Exported ports
RUN-1001 : Exported pins
RUN-1001 : Exported instances
RUN-1001 : Exported nets
RUN-1001 : Exported buses
RUN-1001 : Exported models
RUN-1001 : Exported congestions
RUN-1001 : Exported violations
RUN-1001 : Exported IO constraints
RUN-1001 : Exported Inst constraints
RUN-1002 : start command "optimize_gate -maparea keyboard_gate.area"
RUN-1001 : Open license file C:/Anlogic/TD5.6.2/license/Anlogic.lic
RUN-1001 : Print Global Property
RUN-1001 : ---------------------------------------------------------------
RUN-1001 :        Parameters        |  Settings  |  Default Values  |  Note  
RUN-1001 : ---------------------------------------------------------------
RUN-1001 :          message         |  standard  |     standard     |        
RUN-1001 :   mixed_pack_place_flow  |     on     |        on        |        
RUN-1001 :        qor_monitor       |    off     |       off        |        
RUN-1001 :        syn_ip_flow       |    off     |       off        |        
RUN-1001 :          thread          |    auto    |       auto       |        
RUN-1001 : ---------------------------------------------------------------
RUN-1001 : Print Gate Property
RUN-1001 : ------------------------------------------------------------------
RUN-1001 :          Parameters         |  Settings  |  Default Values  |  Note  
RUN-1001 : ------------------------------------------------------------------
RUN-1001 :         cascade_dsp         |    off     |       off        |        
RUN-1001 :         cascade_eram        |    off     |       off        |        
RUN-1001 :        gate_sim_model       |    off     |       off        |        
RUN-1001 :        map_sim_model        |    off     |       off        |        
RUN-1001 :         map_strategy        |     1      |        1         |        
RUN-1001 :           opt_area          |   medium   |      medium      |        
RUN-1001 :          opt_timing         |    auto    |       auto       |        
RUN-1001 :         pack_effort         |   medium   |      medium      |        
RUN-1001 :      pack_lslice_ripple     |     on     |        on        |        
RUN-1001 :   pack_lslice_ripple_ratio  |    0.5     |       0.5        |        
RUN-1001 :        pack_seq_in_io       |    auto    |       auto       |        
RUN-1001 :        ph1_mux_ratio        |    1.0     |       1.0        |        
RUN-1001 :            report           |  standard  |     standard     |        
RUN-1001 :           retiming          |    off     |       off        |        
RUN-1001 : ------------------------------------------------------------------
SYN-2001 : Map 22 IOs to PADs
SYN-1032 : 427/0 useful/useless nets, 367/4 useful/useless insts
RUN-1002 : start command "update_pll_param -module keyboard_instance"
SYN-2501 : Processed 0 LOGIC_BUF instances.
SYN-2571 : Optimize after map_dsp, round 1
SYN-2571 : Optimize after map_dsp, round 1, 0 better
SYN-1001 : Throwback 39 control mux instances
SYN-2501 : Optimize round 1
SYN-1016 : Merged 11 instances.
SYN-2501 : Optimize round 1, 79 better
SYN-2501 : Optimize round 2
SYN-2501 : Optimize round 2, 0 better
SYN-2501 : Map 2 macro adder
SYN-3001 : Mapper mapped 15 instances into 1 LUTs, name keeping = 100%.
SYN-3001 : Mapper mapped 15 instances into 1 LUTs, name keeping = 100%.
SYN-3001 : Mapper mapped 15 instances into 1 LUTs, name keeping = 100%.
SYN-3001 : Mapper mapped 15 instances into 1 LUTs, name keeping = 100%.
SYN-3001 : Mapper mapped 15 instances into 1 LUTs, name keeping = 100%.
SYN-3001 : Mapper mapped 15 instances into 1 LUTs, name keeping = 100%.
SYN-3001 : Mapper mapped 15 instances into 1 LUTs, name keeping = 100%.
SYN-2501 : Inferred 7 ROM instances
SYN-1016 : Merged 2 instances.
SYN-3001 : Running gate level optimization.
SYN-2581 : Mapping with K=5, #lut = 90 (3.33), #lev = 4 (2.77)
SYN-2551 : Post LUT mapping optimization.
SYN-2581 : Mapping with K=5, #lut = 90 (3.33), #lev = 4 (2.77)
SYN-3001 : Logic optimization runtime opt =   0.01 sec, map =   0.00 sec
SYN-3001 : Mapper mapped 349 instances into 90 LUTs, name keeping = 52%.
RUN-1002 : start command "report_area -file keyboard_gate.area"
RUN-1001 : standard
***Report Model: keyboard_instance Device: EG4S20BG256***

IO Statistics
#IO                        22
  #input                    6
  #output                  16
  #inout                    0

LUT Statistics
#Total_luts               151
  #lut4                    87
  #lut5                    10
  #lut6                     0
  #lut5_mx41                0
  #lut4_alu1b              54

Utilization Statistics
#lut                      151   out of  19600    0.77%
#reg                      105   out of  19600    0.54%
#le                         0
#dsp                        0   out of     29    0.00%
#bram                       0   out of     64    0.00%
  #bram9k                   0
  #fifo9k                   0
#bram32k                    0   out of     16    0.00%
#pad                       22   out of    188   11.70%
  #ireg                     4
  #oreg                     4
  #treg                     0
#pll                        0   out of      4    0.00%

Report Hierarchy Area:
+-----------------------------------------------------------------------------------+
|Instance |Module                      |lut     |ripple  |seq     |bram    |dsp     |
+-----------------------------------------------------------------------------------+
|top      |keyboard_instance           |97      |54      |113     |0       |0       |
|  U1     |keyboard_scan               |37      |33      |49      |0       |0       |
|  U2     |key_filter                  |14      |21      |52      |0       |0       |
|  U3     |onehot2binary               |39      |0       |4       |0       |0       |
|  U5     |Digitron_TimeDisplay_module |7       |0       |0       |0       |0       |
+-----------------------------------------------------------------------------------+

SYN-1001 : Packing model "keyboard_instance" ...
SYN-4010 : Pack lib has 58 rtl pack models with 25 top pack blocks
SYN-1014 : Optimize round 1
SYN-1015 : Optimize round 1, 0 better
SYN-4002 : Packing 105 DFF/LATCH to SEQ ...
SYN-4009 : Pack 1 carry chain into lslice
SYN-4007 : Packing 21 adder to BLE ...
SYN-4008 : Packed 21 adder and 12 SEQ to BLE.
SYN-4007 : Packing 0 gate4 to BLE ...
SYN-4008 : Packed 0 gate4 and 0 SEQ to BLE.
SYN-4012 : Packed 0 FxMUX
RUN-1002 : start command "legalize_phy_inst"
SYN-1011 : Flatten model keyboard_instance
RUN-1002 : start command "export_db keyboard_gate.db"
RUN-1001 : Exported /
RUN-1001 : Exported flow parameters
RUN-1001 : Exported libs
RUN-1001 : Exported entities
RUN-1001 : Exported ports
RUN-1001 : Exported pins
RUN-1001 : Exported instances
RUN-1001 : Exported nets
RUN-1001 : Exported buses
RUN-1001 : Exported models
RUN-1001 : Exported congestions
RUN-1001 : Exported violations
RUN-1001 : Exported IO constraints
RUN-1001 : Exported Inst constraints
RUN-1002 : start command "backup_run_log run.log ../.logs/syn_1/td_20240118_103125.log"
