#! /c/Source/iverilog-install/bin/vvp
:ivl_version "12.0 (devel)" "(s20150603-1539-g2693dd32b)";
:ivl_delay_selection "TYPICAL";
:vpi_time_precision + 0;
:vpi_module "E:\iverilog\lib\ivl\system.vpi";
:vpi_module "E:\iverilog\lib\ivl\vhdl_sys.vpi";
:vpi_module "E:\iverilog\lib\ivl\vhdl_textio.vpi";
:vpi_module "E:\iverilog\lib\ivl\v2005_math.vpi";
:vpi_module "E:\iverilog\lib\ivl\va_math.vpi";
S_000001edcf622c40 .scope module, "keyboard_scan" "keyboard_scan" 2 1;
 .timescale 0 0;
    .port_info 0 /INPUT 1 "clk";
    .port_info 1 /INPUT 1 "RSTn";
    .port_info 2 /INPUT 4 "col";
    .port_info 3 /OUTPUT 1 "light";
    .port_info 4 /OUTPUT 4 "row";
    .port_info 5 /OUTPUT 16 "key";
o000001edcf656fa8 .functor BUFZ 1, C4<z>; HiZ drive
v000001edcf622e40_0 .net "RSTn", 0 0, o000001edcf656fa8;  0 drivers
o000001edcf656fd8 .functor BUFZ 1, C4<z>; HiZ drive
v000001edcf622ee0_0 .net "clk", 0 0, o000001edcf656fd8;  0 drivers
v000001edcf60bee0_0 .var "cnt", 31 0;
o000001edcf657038 .functor BUFZ 4, C4<zzzz>; HiZ drive
v000001edcf69c430_0 .net "col", 3 0, o000001edcf657038;  0 drivers
v000001edcf69c4d0_0 .var "key", 15 0;
o000001edcf657098 .functor BUFZ 1, C4<z>; HiZ drive
v000001edcf69c570_0 .net "light", 0 0, o000001edcf657098;  0 drivers
v000001edcf69c610_0 .var "row", 3 0;
v000001edcf69c6b0_0 .var "scan_clk", 0 0;
E_000001edcf6461b0 .event negedge, v000001edcf69c6b0_0;
E_000001edcf646bf0 .event posedge, v000001edcf69c6b0_0;
E_000001edcf645ef0 .event posedge, v000001edcf622ee0_0;
    .scope S_000001edcf622c40;
T_0 ;
    %pushi/vec4 0, 0, 32;
    %store/vec4 v000001edcf60bee0_0, 0, 32;
    %pushi/vec4 0, 0, 1;
    %store/vec4 v000001edcf69c6b0_0, 0, 1;
    %end;
    .thread T_0;
    .scope S_000001edcf622c40;
T_1 ;
    %wait E_000001edcf645ef0;
    %load/vec4 v000001edcf60bee0_0;
    %cmpi/e 2499, 0, 32;
    %jmp/0xz  T_1.0, 4;
    %pushi/vec4 0, 0, 32;
    %assign/vec4 v000001edcf60bee0_0, 0;
    %load/vec4 v000001edcf69c6b0_0;
    %inv;
    %assign/vec4 v000001edcf69c6b0_0, 0;
    %jmp T_1.1;
T_1.0 ;
    %load/vec4 v000001edcf60bee0_0;
    %addi 1, 0, 32;
    %assign/vec4 v000001edcf60bee0_0, 0;
T_1.1 ;
    %jmp T_1;
    .thread T_1;
    .scope S_000001edcf622c40;
T_2 ;
    %wait E_000001edcf646bf0;
    %load/vec4 v000001edcf622e40_0;
    %nor/r;
    %flag_set/vec4 8;
    %jmp/0xz  T_2.0, 8;
    %pushi/vec4 14, 0, 4;
    %assign/vec4 v000001edcf69c610_0, 0;
    %jmp T_2.1;
T_2.0 ;
    %load/vec4 v000001edcf69c610_0;
    %parti/s 3, 0, 2;
    %load/vec4 v000001edcf69c610_0;
    %parti/s 1, 3, 3;
    %concat/vec4; draw_concat_vec4
    %assign/vec4 v000001edcf69c610_0, 0;
T_2.1 ;
    %jmp T_2;
    .thread T_2;
    .scope S_000001edcf622c40;
T_3 ;
    %wait E_000001edcf6461b0;
    %load/vec4 v000001edcf69c610_0;
    %dup/vec4;
    %pushi/vec4 7, 0, 4;
    %cmp/u;
    %jmp/1 T_3.0, 6;
    %dup/vec4;
    %pushi/vec4 11, 0, 4;
    %cmp/u;
    %jmp/1 T_3.1, 6;
    %dup/vec4;
    %pushi/vec4 13, 0, 4;
    %cmp/u;
    %jmp/1 T_3.2, 6;
    %dup/vec4;
    %pushi/vec4 14, 0, 4;
    %cmp/u;
    %jmp/1 T_3.3, 6;
    %pushi/vec4 0, 0, 16;
    %assign/vec4 v000001edcf69c4d0_0, 0;
    %jmp T_3.5;
T_3.0 ;
    %load/vec4 v000001edcf69c430_0;
    %ix/load 4, 12, 0;
    %ix/load 5, 0, 0;
    %flag_set/imm 4, 0;
    %assign/vec4/off/d v000001edcf69c4d0_0, 4, 5;
    %jmp T_3.5;
T_3.1 ;
    %load/vec4 v000001edcf69c430_0;
    %ix/load 4, 8, 0;
    %ix/load 5, 0, 0;
    %flag_set/imm 4, 0;
    %assign/vec4/off/d v000001edcf69c4d0_0, 4, 5;
    %jmp T_3.5;
T_3.2 ;
    %load/vec4 v000001edcf69c430_0;
    %ix/load 4, 4, 0;
    %ix/load 5, 0, 0;
    %flag_set/imm 4, 0;
    %assign/vec4/off/d v000001edcf69c4d0_0, 4, 5;
    %jmp T_3.5;
T_3.3 ;
    %load/vec4 v000001edcf69c430_0;
    %ix/load 4, 0, 0;
    %ix/load 5, 0, 0;
    %flag_set/imm 4, 0;
    %assign/vec4/off/d v000001edcf69c4d0_0, 4, 5;
    %jmp T_3.5;
T_3.5 ;
    %pop/vec4 1;
    %jmp T_3;
    .thread T_3;
# The file index is used to find the file name in the following table.
:file_names 3;
    "N/A";
    "<interactive>";
    "keyboard_scan.v";
