============================================================
   Tang Dynasty, V5.6.59063
   Copyright (c) 2012-2022 Anlogic
   Executable = E:/Anlogic/TD5.6.59063/bin/td.exe
   Built at =   12:45:13 Sep  6 2022
   Run by =     19234
   Run Date =   Tue Aug 27 14:24:49 2024

   Run on =     ERIKPSW
============================================================
RUN-1002 : start command "open_project keyboard.prj"
RUN-1001 : Print Global Property
RUN-1001 : ---------------------------------------------------------------
RUN-1001 :        Parameters        |  Settings  |  Default Values  |  Note  
RUN-1001 : ---------------------------------------------------------------
RUN-1001 :          message         |  standard  |     standard     |        
RUN-1001 :   mixed_pack_place_flow  |     on     |        on        |        
RUN-1001 :        qor_monitor       |    off     |       off        |        
RUN-1001 :        syn_ip_flow       |    off     |       off        |        
RUN-1001 :          thread          |    auto    |       auto       |        
RUN-1001 : ---------------------------------------------------------------
RUN-1001 : Print Design Property
RUN-1001 : --------------------------------------------------------------
RUN-1001 :        Parameters       |  Settings  |  Default Values  |  Note  
RUN-1001 : --------------------------------------------------------------
RUN-1001 :   default_reg_initial   |    auto    |       auto       |        
RUN-1001 :        infer_add        |     on     |        on        |        
RUN-1001 :        infer_fsm        |    off     |       off        |        
RUN-1001 :        infer_mult       |     on     |        on        |        
RUN-1001 :        infer_ram        |     on     |        on        |        
RUN-1001 :        infer_reg        |     on     |        on        |        
RUN-1001 :   infer_reg_init_value  |     on     |        on        |        
RUN-1001 :        infer_rom        |     on     |        on        |        
RUN-1001 :      infer_shifter      |     on     |        on        |        
RUN-1001 : --------------------------------------------------------------
RUN-1001 : Print Rtl Property
RUN-1001 : --------------------------------------------------------------
RUN-1001 :        Parameters       |  Settings  |  Default Values  |  Note  
RUN-1001 : --------------------------------------------------------------
RUN-1001 :       compress_add      |   ripple   |      ripple      |        
RUN-1001 :        elf_sload        |    off     |       off        |        
RUN-1001 :       fix_undriven      |     0      |        0         |        
RUN-1001 :         flatten         |    off     |       off        |        
RUN-1001 :       gate_sharing      |     on     |        on        |        
RUN-1001 :    hdl_warning_level    |   normal   |      normal      |        
RUN-1001 :   impl_internal_tribuf  |     on     |        on        |        
RUN-1001 :      impl_set_reset     |     on     |        on        |        
RUN-1001 :        infer_gsr        |    off     |       off        |        
RUN-1001 :      keep_hierarchy     |    auto    |       auto       |        
RUN-1001 :        max_fanout       |    9999    |       9999       |        
RUN-1001 :      max_oh2bin_len     |     10     |        10        |        
RUN-1001 :       merge_equal       |     on     |        on        |        
RUN-1001 :       merge_equiv       |     on     |        on        |        
RUN-1001 :        merge_mux        |    off     |       off        |        
RUN-1001 :     min_control_set     |     8      |        8         |        
RUN-1001 :      min_ripple_len     |    auto    |       auto       |        
RUN-1001 :       oh2bin_ratio      |    0.08    |       0.08       |        
RUN-1001 :     opt_adder_fanout    |     on     |        on        |        
RUN-1001 :        opt_arith        |     on     |        on        |        
RUN-1001 :       opt_big_gate      |    off     |       off        |        
RUN-1001 :        opt_const        |     on     |        on        |        
RUN-1001 :      opt_const_mult     |     on     |        on        |        
RUN-1001 :       opt_lessthan      |     on     |        on        |        
RUN-1001 :         opt_mux         |    off     |       off        |        
RUN-1001 :         opt_ram         |    high    |       high       |        
RUN-1001 :      rtl_sim_model      |    off     |       off        |        
RUN-1001 :         seq_syn         |     on     |        on        |        
RUN-1001 : --------------------------------------------------------------
HDL-1007 : analyze verilog file ../../../src/Digitron_TimeDisplay_module.v
HDL-1007 : analyze verilog file ../../../src/key_filter.v
HDL-1007 : analyze verilog file ../../../src/keyboard_instance.v
HDL-1007 : analyze verilog file ../../../src/keyboard_scan.v
HDL-1007 : analyze verilog file ../../../src/onehot2binary.v
RUN-1001 : Project manager successfully analyzed 5 source files.
RUN-1002 : start command "import_device eagle_s20.db -package EG4S20BG256"
ARC-1001 : Device Initialization.
ARC-1001 : ------------------------------------------------------------------
ARC-1001 :            OPTION            |          IO          |   SETTING   
ARC-1001 : ------------------------------------------------------------------
ARC-1001 :   cso_b/cclk/mosi/miso/dout  |  T3/R11/T10/P10/S11  |    gpio    
ARC-1001 :             done             |         P13          |    gpio    
ARC-1001 :           program_b          |          T2          |  dedicate  
ARC-1001 :        tdi/tms/tck/tdo       |   C12/A15/C14/E14    |  dedicate  
ARC-1001 : ------------------------------------------------------------------
ARC-1004 : Device setting, marked 5 dedicate IOs in total.
RUN-1002 : start command "import_db ../syn_1/keyboard_gate.db"
RUN-1001 : Importing database generated by Tang Dynasty, V5.6.59063.
RUN-1001 : Database version number 46140.
RUN-1001 : Import flow parameters
RUN-1001 : Import timing constraints
RUN-1001 : Import IO constraints
RUN-1001 : Import Inst constraints
RUN-1001 : Import design success TD_VERSION=5.6.59063 , DB_VERSION=46140
RUN-1002 : start command "read_sdc"
USR-1002 : read_sdc file_name -help -h -eco
USR-1009 : NO module with IP_SDC ...
RUN-1104 : Import SDC file  finished, there are 0 nets kept by constraints.
RUN-1002 : start command "place"
RUN-1001 : Open license file E:/Anlogic/TD5.6.59063/license/Anlogic.lic
RUN-1001 : Print Global Property
RUN-1001 : ---------------------------------------------------------------
RUN-1001 :        Parameters        |  Settings  |  Default Values  |  Note  
RUN-1001 : ---------------------------------------------------------------
RUN-1001 :          message         |  standard  |     standard     |        
RUN-1001 :   mixed_pack_place_flow  |     on     |        on        |        
RUN-1001 :        qor_monitor       |    off     |       off        |        
RUN-1001 :        syn_ip_flow       |    off     |       off        |        
RUN-1001 :          thread          |    auto    |       auto       |        
RUN-1001 : ---------------------------------------------------------------
RUN-1001 : Print Place Property
RUN-1001 : --------------------------------------------------------------
RUN-1001 :        Parameters       |  Settings  |  Default Values  |  Note  
RUN-1001 : --------------------------------------------------------------
RUN-1001 :      detailed_place     |     on     |        on        |        
RUN-1001 :          effort         |   medium   |      medium      |        
RUN-1001 :         fix_hold        |    off     |       off        |        
RUN-1001 :       legalization      |    ori     |       ori        |        
RUN-1001 :      new_spreading      |     on     |        on        |        
RUN-1001 :        opt_timing       |   medium   |      medium      |        
RUN-1001 :   post_clock_route_opt  |    off     |       off        |        
RUN-1001 :       pr_strategy       |     1      |        1         |        
RUN-1001 :        relaxation       |    1.00    |       1.00       |        
RUN-1001 :         retiming        |    off     |       off        |        
RUN-1001 : --------------------------------------------------------------
PHY-3001 : Placer runs in 16 thread(s).
RUN-1002 : start command "legalize_phy_inst"
SYN-1011 : Flatten model keyboard_instance
RUN-1002 : start command "phys_opt -simplify_lut"
SYN-4024 : Net "clk_50M_dup_1" drives clk pins.
SYN-4024 : Net "U1/scan_clk" drives clk pins.
SYN-4024 : Net "U5/SingleNum_n" drives clk pins.
SYN-4025 : Tag rtl::Net U1/scan_clk as clock net
SYN-4025 : Tag rtl::Net U5/SingleNum_n as clock net
SYN-4025 : Tag rtl::Net clk_50M_dup_1 as clock net
SYN-4026 : Tagged 3 rtl::Net as clock net
SYN-4015 : Create BUFG instance for clk Net U1/scan_clk to drive 20 clock pins.
SYN-4015 : Create BUFG instance for clk Net U5/SingleNum_n to drive 4 clock pins.
PHY-1001 : Populate physical database on model keyboard_instance.
RUN-1001 : There are total 326 instances
RUN-0007 : 142 luts, 131 seqs, 10 mslices, 15 lslices, 23 pads, 0 brams, 0 dsps
RUN-1001 : There are total 396 nets
RUN-1001 : 227 nets have 2 pins
RUN-1001 : 138 nets have [3 - 5] pins
RUN-1001 : 22 nets have [6 - 10] pins
RUN-1001 : 4 nets have [11 - 20] pins
RUN-1001 : 3 nets have [21 - 99] pins
RUN-1001 : 2 nets have 100+ pins
RUN-1001 : Report Control nets information:
RUN-1001 : DFF Distribution
RUN-1001 : ----------------------------------
RUN-1001 :   CE   |  SSR  |  ASR  |  DFF Count  
RUN-1001 : ----------------------------------
RUN-1001 :   No   |  No   |  No   |     79      
RUN-1001 :   No   |  No   |  Yes  |     20      
RUN-1001 :   No   |  Yes  |  No   |      0      
RUN-1001 :   Yes  |  No   |  No   |      0      
RUN-1001 :   Yes  |  No   |  Yes  |     32      
RUN-1001 :   Yes  |  Yes  |  No   |      0      
RUN-1001 : ----------------------------------
RUN-0007 : Control Group Statistic
RUN-0007 : ---------------------------
RUN-0007 :   #CLK  |  #CE  |  #SSR/ASR  
RUN-0007 : ---------------------------
RUN-0007 :    3    |   2   |     2      
RUN-0007 : ---------------------------
RUN-0007 : Control Set = 5
PHY-3001 : Initial placement ...
PHY-3001 : design contains 324 instances, 142 luts, 131 seqs, 25 slices, 3 macros(25 instances: 10 mslices 15 lslices)
PHY-0007 : Cell area utilization is 0%
PHY-3001 : Start timing update ...
RUN-1002 : start command "start_timer -report"
TMR-2505 : Start building timing graph for model keyboard_instance.
TMR-2506 : Build timing graph completely. Port num: 7, tpin num: 1376, tnet num: 394, tinst num: 324, tnode num: 1747, tedge num: 2174.
TMR-2508 : Levelizing timing graph completed, there are 21 levels in total.
TMR-2501 : Timing graph initialized successfully.
TMR-2503 : Start to update net delay, extr mode = 2.
TMR-2504 : Update delay of 394 nets completely.
TMR-2502 : Annotate delay completely, extr mode = 2.
TMR-3001 : Initiate 0 clocks from SDC.
TMR-3004 : Map sdc constraints, there are 0 constraints in total.
TMR-3003 : Constraints initiated successfully.
TMR-3501 : Forward propagation: start to calculate arrival time...
TMR-3502 : Backward propagation: start to calculate required time...
TMR-3503 : Timing propagation completes.
PHY-3001 : End timing update;  0.124634s wall, 0.046875s user + 0.000000s system = 0.046875s CPU (37.6%)

PHY-3001 : Global placement ...
PHY-3001 : Initial: Len = 84745.2
PHY-3001 : Clustering ...
PHY-3001 : Level 0 #clusters 324.
PHY-3001 : End clustering;  0.000015s wall, 0.000000s user + 0.000000s system = 0.000000s CPU (n/a%)

PHY-3001 : Run with size of 4
PHY-3001 : Cell area utilization is 0%
PHY-3001 : :::0::: Try harder cell spreading with beta_ = 0
PHY-3002 : Step(1): len = 54485.2, overlap = 0
PHY-3002 : Step(2): len = 34001.7, overlap = 0
PHY-3002 : Step(3): len = 25425.6, overlap = 0
PHY-3002 : Step(4): len = 20414.3, overlap = 0
PHY-3002 : Step(5): len = 17696.3, overlap = 0
PHY-3002 : Step(6): len = 16082.6, overlap = 0
PHY-3002 : Step(7): len = 16105.1, overlap = 0
PHY-3002 : Step(8): len = 15034.3, overlap = 0
PHY-3002 : Step(9): len = 13982.9, overlap = 0
PHY-3002 : Step(10): len = 14596.1, overlap = 0
PHY-3002 : Step(11): len = 13804.4, overlap = 0
PHY-3002 : Step(12): len = 12668.2, overlap = 0
PHY-3002 : Step(13): len = 12346.3, overlap = 0
PHY-3002 : Step(14): len = 12355.6, overlap = 0
PHY-3002 : Step(15): len = 11454.5, overlap = 0
PHY-3002 : Step(16): len = 11337.8, overlap = 0
PHY-3002 : Step(17): len = 11316.7, overlap = 0
PHY-3002 : Step(18): len = 10325.9, overlap = 0
PHY-3002 : Step(19): len = 10399.8, overlap = 0
PHY-3002 : Step(20): len = 9679.9, overlap = 0
PHY-3002 : Step(21): len = 8730.9, overlap = 0
PHY-3002 : Step(22): len = 8390.5, overlap = 0
PHY-3002 : Step(23): len = 8152.1, overlap = 0
PHY-3002 : Step(24): len = 8051.2, overlap = 0
PHY-3002 : Step(25): len = 8166.3, overlap = 0
PHY-3002 : Step(26): len = 7972.2, overlap = 0
PHY-3002 : Step(27): len = 8267.5, overlap = 0
PHY-3002 : Step(28): len = 8199.2, overlap = 0
PHY-3002 : Step(29): len = 7789.4, overlap = 0
PHY-3002 : Step(30): len = 7899.3, overlap = 0
PHY-3002 : Step(31): len = 7750.3, overlap = 0
PHY-3002 : Step(32): len = 6987.1, overlap = 0
PHY-3002 : Step(33): len = 6942.2, overlap = 0
PHY-3002 : Step(34): len = 7010.3, overlap = 0
PHY-3002 : Step(35): len = 7068.2, overlap = 0
PHY-3002 : Step(36): len = 6481.6, overlap = 0
PHY-3002 : Step(37): len = 6548.2, overlap = 0
PHY-3002 : Step(38): len = 6548.2, overlap = 0
PHY-3002 : Step(39): len = 6225.7, overlap = 0
PHY-3002 : Step(40): len = 6225.7, overlap = 0
PHY-3002 : Step(41): len = 6116.8, overlap = 0
PHY-3001 : Legalization ...
PHY-3001 : End legalization;  0.004073s wall, 0.000000s user + 0.000000s system = 0.000000s CPU (n/a%)

PHY-3001 : Run with size of 4
PHY-3001 : Cell area utilization is 1%
PHY-3001 : Update timing in Manhattan mode ...
TMR-2503 : Start to update net delay, extr mode = 3.
TMR-2504 : Update delay of 394 nets completely.
TMR-2502 : Annotate delay completely, extr mode = 3.
TMR-3501 : Forward propagation: start to calculate arrival time...
TMR-3502 : Backward propagation: start to calculate required time...
TMR-3503 : Timing propagation completes.
PHY-3001 : End timing update;  0.004011s wall, 0.000000s user + 0.000000s system = 0.000000s CPU (n/a%)

PHY-3001 : :::0::: Try harder cell spreading with beta_ = 0
PHY-3002 : Step(42): len = 6183.9, overlap = 0
PHY-3002 : Step(43): len = 6243.4, overlap = 0
PHY-3002 : Step(44): len = 6501.8, overlap = 0
PHY-3002 : Step(45): len = 6721.2, overlap = 0
PHY-3002 : Step(46): len = 6252.1, overlap = 0
PHY-3002 : Step(47): len = 6530.4, overlap = 0
PHY-3002 : Step(48): len = 6147, overlap = 0
PHY-3002 : Step(49): len = 6050.7, overlap = 0
PHY-3002 : Step(50): len = 6102.5, overlap = 0.78125
PHY-3002 : Step(51): len = 5417.8, overlap = 0.46875
PHY-3002 : Step(52): len = 5314.5, overlap = 0.84375
PHY-3002 : Step(53): len = 5432.7, overlap = 0.875
PHY-3002 : Step(54): len = 4973, overlap = 0.0625
PHY-3002 : Step(55): len = 5085.8, overlap = 0
PHY-3002 : Step(56): len = 4736.4, overlap = 0.5625
PHY-3002 : Step(57): len = 4856.7, overlap = 0.375
PHY-3002 : Step(58): len = 4741.1, overlap = 0
PHY-3002 : Step(59): len = 4515.8, overlap = 0
PHY-3002 : Step(60): len = 4101.8, overlap = 0
PHY-3002 : Step(61): len = 4204.3, overlap = 0
PHY-3002 : Step(62): len = 4307.7, overlap = 0
PHY-3002 : Step(63): len = 4267.3, overlap = 0
PHY-3002 : Step(64): len = 3855.2, overlap = 0
PHY-3002 : Step(65): len = 3574.1, overlap = 0
PHY-3002 : Step(66): len = 3576.7, overlap = 0
PHY-3002 : Step(67): len = 3501.8, overlap = 0
PHY-3002 : Step(68): len = 3562.1, overlap = 0
PHY-3002 : Step(69): len = 3539.2, overlap = 0
PHY-3002 : Step(70): len = 3495.5, overlap = 0
PHY-3002 : Step(71): len = 3352.8, overlap = 0
PHY-3002 : Step(72): len = 3387.4, overlap = 0
PHY-3002 : Step(73): len = 3408.4, overlap = 0
PHY-3002 : Step(74): len = 3390.2, overlap = 0
PHY-3002 : Step(75): len = 3327.7, overlap = 0
PHY-3002 : Step(76): len = 3130.5, overlap = 0
PHY-3002 : Step(77): len = 3126.7, overlap = 0
PHY-3002 : Step(78): len = 3126.7, overlap = 0
PHY-3002 : Step(79): len = 3018.1, overlap = 0
PHY-3002 : Step(80): len = 3018.1, overlap = 0
PHY-3002 : Step(81): len = 3004.1, overlap = 0
PHY-3002 : Step(82): len = 3004.1, overlap = 0
PHY-3002 : Step(83): len = 2961.1, overlap = 0
PHY-3002 : Step(84): len = 2961.1, overlap = 0
PHY-3002 : Step(85): len = 2959.9, overlap = 0
PHY-3001 : Run with size of 2
PHY-3001 : Cell area utilization is 1%
PHY-3001 : Update timing in Manhattan mode ...
TMR-2503 : Start to update net delay, extr mode = 3.
TMR-2504 : Update delay of 394 nets completely.
TMR-2502 : Annotate delay completely, extr mode = 3.
TMR-3501 : Forward propagation: start to calculate arrival time...
TMR-3502 : Backward propagation: start to calculate required time...
TMR-3503 : Timing propagation completes.
PHY-3001 : End timing update;  0.003942s wall, 0.000000s user + 0.000000s system = 0.000000s CPU (n/a%)

PHY-3001 : :::0::: Try harder cell spreading with beta_ = 0.000254141
PHY-3002 : Step(86): len = 2965.4, overlap = 0.6875
PHY-3002 : Step(87): len = 2965.4, overlap = 0.6875
PHY-3001 : :::1::: Try harder cell spreading with beta_ = 0.000508282
PHY-3002 : Step(88): len = 2972, overlap = 0.65625
PHY-3002 : Step(89): len = 2972, overlap = 0.65625
OPT-1001 : Start physical optimization ...
RUN-1002 : start command "start_timer -report"
TMR-2505 : Start building timing graph for model keyboard_instance.
TMR-2506 : Build timing graph completely. Port num: 7, tpin num: 1376, tnet num: 394, tinst num: 324, tnode num: 1747, tedge num: 2174.
TMR-2508 : Levelizing timing graph completed, there are 21 levels in total.
TMR-2501 : Timing graph initialized successfully.
OPT-1001 : Total overflow 9.91 peak overflow 1.91
OPT-1001 : Start high-fanout net optimization ...
OPT-1001 : Update timing in global mode
PHY-1001 : Start incremental global routing, caller is place ...
RUN-1001 : Generating global routing grids ...
RUN-1001 : Building simple global routing graph ...
PHY-1001 : Generate routing nets ...
PHY-1001 : Reuse net number 0/396.
PHY-1001 : Global iterations in 16 thread ...
PHY-1002 : len = 2904, over cnt = 12(0%), over = 72, worst = 14
PHY-1001 : End global iterations;  0.014482s wall, 0.015625s user + 0.000000s system = 0.015625s CPU (107.9%)

PHY-1001 : Congestion index: top1 = 10.14, top5 = 2.45, top10 = 1.22, top15 = 0.81.
PHY-1001 : End incremental global routing;  0.055327s wall, 0.031250s user + 0.000000s system = 0.031250s CPU (56.5%)

TMR-2503 : Start to update net delay, extr mode = 5.
TMR-2504 : Update delay of 394 nets completely.
TMR-2502 : Annotate delay completely, extr mode = 5.
TMR-3001 : Initiate 0 clocks from SDC.
TMR-3004 : Map sdc constraints, there are 0 constraints in total.
TMR-3003 : Constraints initiated successfully.
TMR-3501 : Forward propagation: start to calculate arrival time...
TMR-3502 : Backward propagation: start to calculate required time...
TMR-3503 : Timing propagation completes.
OPT-1001 : End timing update;  0.004677s wall, 0.000000s user + 0.000000s system = 0.000000s CPU (n/a%)

OPT-1001 : 0 high-fanout net processed.
OPT-1001 : End high-fanout net optimization;  0.063208s wall, 0.031250s user + 0.000000s system = 0.031250s CPU (49.4%)

OPT-1001 : Current memory(MB): used = 141, reserve = 111, peak = 141.
OPT-1001 : Start global optimization ...
OPT-1001 : Start congestion update ...
RUN-1001 : Generating global routing grids ...
PHY-1001 : Generate routing nets ...
PHY-1001 : Reuse net number 164/396.
PHY-1001 : Global iterations in 16 thread ...
PHY-1002 : len = 2904, over cnt = 12(0%), over = 72, worst = 14
PHY-1002 : len = 3912, over cnt = 12(0%), over = 23, worst = 8
PHY-1002 : len = 4104, over cnt = 7(0%), over = 9, worst = 2
PHY-1002 : len = 4232, over cnt = 3(0%), over = 3, worst = 1
PHY-1001 : End global iterations;  0.019247s wall, 0.015625s user + 0.000000s system = 0.015625s CPU (81.2%)

PHY-1001 : Congestion index: top1 = 12.91, top5 = 3.29, top10 = 1.64, top15 = 1.09.
OPT-1001 : End congestion update;  0.056992s wall, 0.015625s user + 0.000000s system = 0.015625s CPU (27.4%)

OPT-1001 : Update timing in Manhattan mode
TMR-2503 : Start to update net delay, extr mode = 3.
TMR-2504 : Update delay of 394 nets completely.
TMR-2502 : Annotate delay completely, extr mode = 3.
TMR-3501 : Forward propagation: start to calculate arrival time...
TMR-3502 : Backward propagation: start to calculate required time...
TMR-3503 : Timing propagation completes.
OPT-1001 : End timing update;  0.003996s wall, 0.000000s user + 0.000000s system = 0.000000s CPU (n/a%)

OPT-0007 : Start: WNS 2147483647 TNS 0 NUM_FEPS 0
OPT-1001 : End global optimization;  0.061063s wall, 0.015625s user + 0.000000s system = 0.015625s CPU (25.6%)

OPT-1001 : Current memory(MB): used = 142, reserve = 112, peak = 142.
OPT-1001 : End physical optimization;  0.244080s wall, 0.109375s user + 0.000000s system = 0.109375s CPU (44.8%)

PHY-3001 : Start packing ...
SYN-4007 : Packing 0 MUX to BLE ...
SYN-4008 : Packed 0 MUX and 0 SEQ to BLE.
SYN-4007 : Packing 142 LUT to BLE ...
SYN-4008 : Packed 142 LUT and 57 SEQ to BLE.
SYN-4003 : Packing 74 remaining SEQ's ...
SYN-4005 : Packed 54 SEQ with LUT/SLICE
SYN-4006 : 35 single LUT's are left
SYN-4006 : 20 single SEQ's are left
SYN-4011 : Packing model "keyboard_instance" (AL_USER_NORMAL) with 162/215 primitive instances ...
PHY-3001 : End packing;  0.010169s wall, 0.062500s user + 0.000000s system = 0.062500s CPU (614.6%)

PHY-1001 : Populate physical database on model keyboard_instance.
RUN-1001 : There are total 141 instances
RUN-1001 : 57 mslices, 56 lslices, 23 pads, 0 brams, 0 dsps
RUN-1001 : There are total 343 nets
RUN-1001 : 174 nets have 2 pins
RUN-1001 : 134 nets have [3 - 5] pins
RUN-1001 : 26 nets have [6 - 10] pins
RUN-1001 : 5 nets have [11 - 20] pins
RUN-1001 : 3 nets have [21 - 99] pins
RUN-1001 : 1 nets have 100+ pins
PHY-3001 : design contains 139 instances, 113 slices, 3 macros(25 instances: 10 mslices 15 lslices)
PHY-3001 : Cell area utilization is 1%
PHY-3001 : After packing: Len = 3530.6, Over = 4.5
PHY-3001 : Run with size of 2
PHY-3001 : Cell area utilization is 1%
PHY-3001 : Update timing in Manhattan mode ...
RUN-1002 : start command "start_timer -report"
TMR-2505 : Start building timing graph for model keyboard_instance.
TMR-2506 : Build timing graph completely. Port num: 7, tpin num: 1200, tnet num: 341, tinst num: 139, tnode num: 1473, tedge num: 2022.
TMR-2508 : Levelizing timing graph completed, there are 21 levels in total.
TMR-2501 : Timing graph initialized successfully.
TMR-2503 : Start to update net delay, extr mode = 3.
TMR-2504 : Update delay of 341 nets completely.
TMR-2502 : Annotate delay completely, extr mode = 3.
TMR-3001 : Initiate 0 clocks from SDC.
TMR-3004 : Map sdc constraints, there are 0 constraints in total.
TMR-3003 : Constraints initiated successfully.
TMR-3501 : Forward propagation: start to calculate arrival time...
TMR-3502 : Backward propagation: start to calculate required time...
TMR-3503 : Timing propagation completes.
PHY-3001 : End timing update;  0.146227s wall, 0.093750s user + 0.000000s system = 0.093750s CPU (64.1%)

PHY-3001 : :::0::: Try harder cell spreading with beta_ = 9.42478e-05
PHY-3002 : Step(90): len = 3454.3, overlap = 4.25
PHY-3002 : Step(91): len = 3469.6, overlap = 4.25
PHY-3002 : Step(92): len = 3454.5, overlap = 4.5
PHY-3001 : :::1::: Try harder cell spreading with beta_ = 0.000188496
PHY-3002 : Step(93): len = 3422.6, overlap = 4.5
PHY-3002 : Step(94): len = 3422.6, overlap = 4.5
PHY-3001 : :::2::: Try harder cell spreading with beta_ = 0.000376991
PHY-3002 : Step(95): len = 3438.8, overlap = 4.25
PHY-3002 : Step(96): len = 3440.7, overlap = 4.25
PHY-3001 : Legalization ...
PHY-3001 : End legalization;  0.027059s wall, 0.000000s user + 0.015625s system = 0.015625s CPU (57.7%)

PHY-3001 : Trial Legalized: Len = 5854.5
PHY-3001 : Run with size of 2
PHY-3001 : Cell area utilization is 1%
PHY-3001 : Update timing in Manhattan mode ...
TMR-2503 : Start to update net delay, extr mode = 3.
TMR-2504 : Update delay of 341 nets completely.
TMR-2502 : Annotate delay completely, extr mode = 3.
TMR-3501 : Forward propagation: start to calculate arrival time...
TMR-3502 : Backward propagation: start to calculate required time...
TMR-3503 : Timing propagation completes.
PHY-3001 : End timing update;  0.003542s wall, 0.000000s user + 0.000000s system = 0.000000s CPU (n/a%)

PHY-3001 : :::0::: Try harder cell spreading with beta_ = 0.00913253
PHY-3002 : Step(97): len = 4985.6, overlap = 1
PHY-3002 : Step(98): len = 4209.6, overlap = 1.5
PHY-3002 : Step(99): len = 3719.1, overlap = 3
PHY-3002 : Step(100): len = 3673.9, overlap = 3.25
PHY-3002 : Step(101): len = 3602.4, overlap = 3.25
PHY-3001 : :::1::: Try harder cell spreading with beta_ = 0.0154099
PHY-3002 : Step(102): len = 3599.1, overlap = 3.25
PHY-3002 : Step(103): len = 3478.2, overlap = 3
PHY-3001 : Legalization ...
PHY-3001 : End legalization;  0.004924s wall, 0.000000s user + 0.000000s system = 0.000000s CPU (n/a%)

PHY-3001 : Legalized: Len = 5022.7, Over = 0
PHY-3001 : Spreading special nets. 3 overflows in 2952 tiles.
PHY-3001 : End spreading;  0.002263s wall, 0.000000s user + 0.000000s system = 0.000000s CPU (n/a%)

PHY-3001 : 3 instances has been re-located, deltaX = 0, deltaY = 3, maxDist = 1.
PHY-3001 : Final: Len = 5060.7, Over = 0
OPT-1001 : Start physical optimization ...
RUN-1002 : start command "start_timer -report"
TMR-2505 : Start building timing graph for model keyboard_instance.
TMR-2506 : Build timing graph completely. Port num: 7, tpin num: 1200, tnet num: 341, tinst num: 139, tnode num: 1473, tedge num: 2022.
TMR-2508 : Levelizing timing graph completed, there are 21 levels in total.
TMR-2501 : Timing graph initialized successfully.
OPT-1001 : Total overflow 0.00 peak overflow 0.00
OPT-1001 : Start high-fanout net optimization ...
OPT-1001 : Update timing in global mode
PHY-1001 : Start incremental global routing, caller is place ...
RUN-1001 : Generating global routing grids ...
PHY-1001 : Generate routing nets ...
PHY-1001 : Reuse net number 18/343.
PHY-1001 : Global iterations in 16 thread ...
PHY-1002 : len = 5456, over cnt = 25(0%), over = 47, worst = 4
PHY-1002 : len = 5824, over cnt = 8(0%), over = 8, worst = 1
PHY-1002 : len = 5960, over cnt = 0(0%), over = 0, worst = 0
PHY-1001 : End global iterations;  0.035583s wall, 0.000000s user + 0.000000s system = 0.000000s CPU (n/a%)

PHY-1001 : Congestion index: top1 = 16.94, top5 = 4.89, top10 = 2.44, top15 = 1.63.
PHY-1001 : End incremental global routing;  0.076439s wall, 0.015625s user + 0.000000s system = 0.015625s CPU (20.4%)

TMR-2503 : Start to update net delay, extr mode = 5.
TMR-2504 : Update delay of 341 nets completely.
TMR-2502 : Annotate delay completely, extr mode = 5.
TMR-3001 : Initiate 0 clocks from SDC.
TMR-3004 : Map sdc constraints, there are 0 constraints in total.
TMR-3003 : Constraints initiated successfully.
TMR-3501 : Forward propagation: start to calculate arrival time...
TMR-3502 : Backward propagation: start to calculate required time...
TMR-3503 : Timing propagation completes.
OPT-1001 : End timing update;  0.005056s wall, 0.000000s user + 0.000000s system = 0.000000s CPU (n/a%)

OPT-1001 : 0 high-fanout net processed.
OPT-1001 : End high-fanout net optimization;  0.084778s wall, 0.015625s user + 0.000000s system = 0.015625s CPU (18.4%)

OPT-1001 : Current memory(MB): used = 143, reserve = 112, peak = 143.
OPT-1001 : Start path based optimization ...
OPT-1001 : Start congestion update ...
RUN-1001 : Generating global routing grids ...
PHY-1001 : Generate routing nets ...
PHY-1001 : Reuse net number 256/343.
PHY-1001 : Global iterations in 16 thread ...
PHY-1002 : len = 5960, over cnt = 0(0%), over = 0, worst = 0
PHY-1001 : End global iterations;  0.001474s wall, 0.015625s user + 0.000000s system = 0.015625s CPU (1059.9%)

PHY-1001 : Congestion index: top1 = 16.94, top5 = 4.89, top10 = 2.44, top15 = 1.63.
OPT-1001 : End congestion update;  0.044537s wall, 0.031250s user + 0.000000s system = 0.031250s CPU (70.2%)

OPT-1001 : Update timing in Manhattan mode
TMR-2503 : Start to update net delay, extr mode = 3.
TMR-2504 : Update delay of 341 nets completely.
TMR-2502 : Annotate delay completely, extr mode = 3.
TMR-3501 : Forward propagation: start to calculate arrival time...
TMR-3502 : Backward propagation: start to calculate required time...
TMR-3503 : Timing propagation completes.
OPT-1001 : End timing update;  0.006107s wall, 0.000000s user + 0.000000s system = 0.000000s CPU (n/a%)

OPT-0007 : Start: WNS 2147483647 TNS 0 NUM_FEPS 0
OPT-1001 : End path based optimization;  0.050755s wall, 0.031250s user + 0.000000s system = 0.031250s CPU (61.6%)

OPT-1001 : Current memory(MB): used = 143, reserve = 113, peak = 143.
OPT-1001 : Update timing in Manhattan mode
TMR-2503 : Start to update net delay, extr mode = 3.
TMR-2504 : Update delay of 341 nets completely.
TMR-2502 : Annotate delay completely, extr mode = 3.
TMR-3501 : Forward propagation: start to calculate arrival time...
TMR-3502 : Backward propagation: start to calculate required time...
TMR-3503 : Timing propagation completes.
OPT-1001 : End timing update;  0.007382s wall, 0.000000s user + 0.000000s system = 0.000000s CPU (n/a%)

OPT-1001 : Start pin optimization...
OPT-1001 : skip pin optimization...
OPT-1001 : Update timing in global mode
PHY-1001 : Start incremental global routing, caller is place ...
RUN-1001 : Generating global routing grids ...
PHY-1001 : Generate routing nets ...
PHY-1001 : Reuse net number 256/343.
PHY-1001 : Global iterations in 16 thread ...
PHY-1002 : len = 5960, over cnt = 0(0%), over = 0, worst = 0
PHY-1001 : End global iterations;  0.002634s wall, 0.000000s user + 0.000000s system = 0.000000s CPU (n/a%)

PHY-1001 : Congestion index: top1 = 16.94, top5 = 4.89, top10 = 2.44, top15 = 1.63.
PHY-1001 : End incremental global routing;  0.046105s wall, 0.015625s user + 0.000000s system = 0.015625s CPU (33.9%)

TMR-2503 : Start to update net delay, extr mode = 5.
TMR-2504 : Update delay of 341 nets completely.
TMR-2502 : Annotate delay completely, extr mode = 5.
TMR-3501 : Forward propagation: start to calculate arrival time...
TMR-3502 : Backward propagation: start to calculate required time...
TMR-3503 : Timing propagation completes.
OPT-1001 : End timing update;  0.004809s wall, 0.000000s user + 0.000000s system = 0.000000s CPU (n/a%)

RUN-1001 : Generating global routing grids ...
PHY-1001 : Generate routing nets ...
PHY-1001 : Reuse net number 256/343.
PHY-1001 : Global iterations in 16 thread ...
PHY-1002 : len = 5960, over cnt = 0(0%), over = 0, worst = 0
PHY-1001 : End global iterations;  0.001128s wall, 0.000000s user + 0.000000s system = 0.000000s CPU (n/a%)

PHY-1001 : Congestion index: top1 = 16.94, top5 = 4.89, top10 = 2.44, top15 = 1.63.
OPT-1001 : Update timing in Manhattan mode
TMR-2503 : Start to update net delay, extr mode = 3.
TMR-2504 : Update delay of 341 nets completely.
TMR-2502 : Annotate delay completely, extr mode = 3.
TMR-3501 : Forward propagation: start to calculate arrival time...
TMR-3502 : Backward propagation: start to calculate required time...
TMR-3503 : Timing propagation completes.
OPT-1001 : End timing update;  0.003840s wall, 0.000000s user + 0.000000s system = 0.000000s CPU (n/a%)

RUN-1001 : QoR Analysis:
OPT-0007 :   WNS 2147483647 TNS 0 NUM_FEPS 0
RUN-1001 :   No local congestion issue, and most congested 1% tile average routing util is 16.517241
RUN-1001 :   Top critical paths
OPT-1001 : End physical optimization;  0.392677s wall, 0.187500s user + 0.000000s system = 0.187500s CPU (47.7%)

RUN-1003 : finish command "place" in  2.893947s wall, 0.953125s user + 0.500000s system = 1.453125s CPU (50.2%)

RUN-1004 : used memory is 127 MB, reserved memory is 97 MB, peak memory is 143 MB
RUN-1002 : start command "export_db keyboard_place.db"
RUN-1001 : Exported /
RUN-1001 : Exported flow parameters
RUN-1001 : Exported libs
RUN-1001 : Exported entities
RUN-1001 : Exported ports
RUN-1001 : Exported pins
RUN-1001 : Exported instances
RUN-1001 : Exported nets
RUN-1001 : Exported buses
RUN-1001 : Exported models
RUN-1001 : Exported congestions
RUN-1001 : Exported violations
RUN-1001 : Exported timing constraints
RUN-1001 : Exported IO constraints
RUN-1001 : Exported Inst constraints
RUN-1002 : start command "route"
RUN-1001 : Open license file E:/Anlogic/TD5.6.59063/license/Anlogic.lic
RUN-1001 : Print Global Property
RUN-1001 : ---------------------------------------------------------------
RUN-1001 :        Parameters        |  Settings  |  Default Values  |  Note  
RUN-1001 : ---------------------------------------------------------------
RUN-1001 :          message         |  standard  |     standard     |        
RUN-1001 :   mixed_pack_place_flow  |     on     |        on        |        
RUN-1001 :        qor_monitor       |    off     |       off        |        
RUN-1001 :        syn_ip_flow       |    off     |       off        |        
RUN-1001 :          thread          |    auto    |       auto       |        
RUN-1001 : ---------------------------------------------------------------
RUN-1001 : Print Route Property
RUN-1001 : -------------------------------------------------------
RUN-1001 :    Parameters    |  Settings  |  Default Values  |  Note  
RUN-1001 : -------------------------------------------------------
RUN-1001 :      effort      |   medium   |      medium      |        
RUN-1001 :     fix_hold     |    off     |       off        |        
RUN-1001 :    opt_timing    |   medium   |      medium      |        
RUN-1001 :   phy_sim_model  |    off     |       off        |        
RUN-1001 :     priority     |   timing   |      timing      |        
RUN-1001 :     swap_pin     |     on     |        on        |        
RUN-1001 : -------------------------------------------------------
PHY-1001 : Route runs in 16 thread(s)
RUN-1001 : There are total 141 instances
RUN-1001 : 57 mslices, 56 lslices, 23 pads, 0 brams, 0 dsps
RUN-1001 : There are total 343 nets
RUN-1001 : 174 nets have 2 pins
RUN-1001 : 134 nets have [3 - 5] pins
RUN-1001 : 26 nets have [6 - 10] pins
RUN-1001 : 5 nets have [11 - 20] pins
RUN-1001 : 3 nets have [21 - 99] pins
RUN-1001 : 1 nets have 100+ pins
RUN-1002 : start command "start_timer -report"
TMR-2505 : Start building timing graph for model keyboard_instance.
TMR-2506 : Build timing graph completely. Port num: 7, tpin num: 1200, tnet num: 341, tinst num: 139, tnode num: 1473, tedge num: 2022.
TMR-2508 : Levelizing timing graph completed, there are 21 levels in total.
TMR-2501 : Timing graph initialized successfully.
PHY-1001 : 57 mslices, 56 lslices, 23 pads, 0 brams, 0 dsps
TMR-2503 : Start to update net delay, extr mode = 3.
TMR-2504 : Update delay of 341 nets completely.
TMR-2502 : Annotate delay completely, extr mode = 3.
TMR-3001 : Initiate 0 clocks from SDC.
TMR-3004 : Map sdc constraints, there are 0 constraints in total.
TMR-3003 : Constraints initiated successfully.
TMR-3501 : Forward propagation: start to calculate arrival time...
TMR-3502 : Backward propagation: start to calculate required time...
TMR-3503 : Timing propagation completes.
PHY-1001 : Start global routing, caller is route ...
RUN-1001 : Generating global routing grids ...
PHY-1001 : Generate routing nets ...
PHY-1001 : Global iterations in 16 thread ...
PHY-1002 : len = 5296, over cnt = 23(0%), over = 48, worst = 5
PHY-1002 : len = 5688, over cnt = 13(0%), over = 13, worst = 1
PHY-1002 : len = 5904, over cnt = 0(0%), over = 0, worst = 0
PHY-1001 : End global iterations;  0.036899s wall, 0.015625s user + 0.015625s system = 0.031250s CPU (84.7%)

PHY-1001 : Congestion index: top1 = 16.85, top5 = 4.85, top10 = 2.42, top15 = 1.61.
PHY-1001 : End global routing;  0.079785s wall, 0.015625s user + 0.015625s system = 0.031250s CPU (39.2%)

PHY-1001 : Start detail routing ...
PHY-1001 : Current memory(MB): used = 163, reserve = 133, peak = 177.
PHY-1001 : Detailed router is running in normal mode.
PHY-1001 : Generate detailed routing grids ...
PHY-1001 : Generate nets ...
PHY-1001 : net clk_50M_dup_1 will be routed on clock mesh
PHY-1001 : clock net U5/SingleNum_n_syn_3 will be merged with clock U5/SingleNum_n
PHY-1001 : clock net U1/scan_clk_syn_4 will be merged with clock U1/scan_clk
PHY-1001 : Current memory(MB): used = 430, reserve = 404, peak = 430.
PHY-1001 : End build detailed router design. 4.097301s wall, 1.671875s user + 0.062500s system = 1.734375s CPU (42.3%)

PHY-1001 : Detail Route ...
PHY-1001 : ===== Detail Route Phase 1 =====
PHY-1001 : Clock net routing.....
PHY-1001 : Routed 0% nets.
PHY-1022 : len = 6864, over cnt = 0(0%), over = 0, worst = 0, crit = 0
PHY-1001 : End initial clock net routed; 0.572513s wall, 0.187500s user + 0.000000s system = 0.187500s CPU (32.8%)

PHY-1001 : Current memory(MB): used = 459, reserve = 434, peak = 459.
PHY-1001 : End phase 1; 0.579248s wall, 0.187500s user + 0.000000s system = 0.187500s CPU (32.4%)

PHY-1001 : ===== Detail Route Phase 2 =====
PHY-1001 : Initial routing.....
PHY-1001 : Routed 37% nets.
PHY-1001 : Patch 167 net; 0.037549s wall, 0.031250s user + 0.000000s system = 0.031250s CPU (83.2%)

PHY-1022 : len = 16944, over cnt = 31(0%), over = 31, worst = 1, crit = 0
PHY-1001 : Current memory(MB): used = 459, reserve = 434, peak = 459.
PHY-1001 : End initial routed; 0.056876s wall, 0.031250s user + 0.000000s system = 0.031250s CPU (54.9%)

PHY-1001 : Update timing.....
PHY-1001 : 0/296(0%) critical/total net(s).
RUN-1001 : ------------------------------------------
RUN-1001 :   Type   |    WNS(ns)    |  TNS(ns)  |  FEP  
RUN-1001 : ------------------------------------------
RUN-1001 :   Setup  |  2147483.647  |   0.000   |   0   
RUN-1001 :   Hold   |  2147483.647  |   0.000   |   0   
RUN-1001 : ------------------------------------------
PHY-1001 : End update timing; 0.147747s wall, 0.093750s user + 0.000000s system = 0.093750s CPU (63.5%)

PHY-1001 : Current memory(MB): used = 460, reserve = 435, peak = 460.
PHY-1001 : End phase 2; 0.204701s wall, 0.125000s user + 0.000000s system = 0.125000s CPU (61.1%)

PHY-1001 : ===== Detail Route Phase 3 =====
PHY-1001 : Optimize timing.....
PHY-1022 : len = 16944, over cnt = 31(0%), over = 31, worst = 1, crit = 0
PHY-1001 : End optimize timing; 0.004309s wall, 0.000000s user + 0.000000s system = 0.000000s CPU (n/a%)

PHY-1001 : Ripup-reroute.....
PHY-1001 : ===== DR Iter 1 =====
PHY-1022 : len = 17000, over cnt = 12(0%), over = 12, worst = 1, crit = 0
PHY-1001 : End DR Iter 1; 0.025875s wall, 0.000000s user + 0.000000s system = 0.000000s CPU (n/a%)

PHY-1001 : ===== DR Iter 2 =====
PHY-1022 : len = 17112, over cnt = 2(0%), over = 2, worst = 1, crit = 0
PHY-1001 : End DR Iter 2; 0.018303s wall, 0.015625s user + 0.000000s system = 0.015625s CPU (85.4%)

PHY-1001 : ===== DR Iter 3 =====
PHY-1022 : len = 17136, over cnt = 0(0%), over = 0, worst = 0, crit = 0
PHY-1001 : End DR Iter 3; 0.015326s wall, 0.000000s user + 0.000000s system = 0.000000s CPU (n/a%)

PHY-1001 : Update timing.....
PHY-1001 : 0/296(0%) critical/total net(s).
RUN-1001 : ------------------------------------------
RUN-1001 :   Type   |    WNS(ns)    |  TNS(ns)  |  FEP  
RUN-1001 : ------------------------------------------
RUN-1001 :   Setup  |  2147483.647  |   0.000   |   0   
RUN-1001 :   Hold   |  2147483.647  |   0.000   |   0   
RUN-1001 : ------------------------------------------
PHY-1001 : End update timing; 0.132866s wall, 0.031250s user + 0.000000s system = 0.031250s CPU (23.5%)

PHY-1001 : Commit to database.....
PHY-1001 : 6 feed throughs used by 4 nets
PHY-1001 : End commit to database; 0.031034s wall, 0.000000s user + 0.000000s system = 0.000000s CPU (n/a%)

PHY-1001 : Current memory(MB): used = 470, reserve = 445, peak = 470.
PHY-1001 : End phase 3; 0.361579s wall, 0.109375s user + 0.000000s system = 0.109375s CPU (30.2%)

PHY-1003 : Routed, final wirelength = 17136
PHY-1001 : Current memory(MB): used = 470, reserve = 445, peak = 470.
PHY-1001 : End export database. 0.005327s wall, 0.000000s user + 0.000000s system = 0.000000s CPU (n/a%)

PHY-1001 : End detail routing;  5.448894s wall, 2.156250s user + 0.078125s system = 2.234375s CPU (41.0%)

RUN-1003 : finish command "route" in  5.710577s wall, 2.234375s user + 0.093750s system = 2.328125s CPU (40.8%)

RUN-1004 : used memory is 411 MB, reserved memory is 386 MB, peak memory is 470 MB
RUN-1002 : start command "report_area -io_info -file keyboard_phy.area"
RUN-1001 : standard
***Report Model: keyboard_instance Device: EG4S20BG256***

IO Statistics
#IO                        23
  #input                    6
  #output                  17
  #inout                    0

Utilization Statistics
#lut                      200   out of  19600    1.02%
#reg                      147   out of  19600    0.75%
#le                       220
  #lut only                73   out of    220   33.18%
  #reg only                20   out of    220    9.09%
  #lut&reg                127   out of    220   57.73%
#dsp                        0   out of     29    0.00%
#bram                       0   out of     64    0.00%
  #bram9k                   0
  #fifo9k                   0
#bram32k                    0   out of     16    0.00%
#pad                       23   out of    188   12.23%
  #ireg                     0
  #oreg                     0
  #treg                     0
#pll                        0   out of      4    0.00%
#gclk                       3   out of     16   18.75%

Clock Resource Statistics
Index     ClockNet          Type               DriverType         Driver                         Fanout
#1        clk_50M_dup_1     GCLK               io                 clk_50M_syn_2.di               68
#2        U1/scan_clk       GCLK               mslice             U1/scan_clk_reg_syn_9.q1       10
#3        U5/SingleNum_n    GCLK               lslice             DigitronCS_Out[3]_syn_13.f0    4


Detailed IO Report

        Name           Direction    Location    IOStandard    DriveStrength    PullType    PackReg  
        RSTn             INPUT         A9        LVCMOS33          N/A          PULLUP      NONE    
       clk_50M           INPUT         R7        LVCMOS33          N/A          PULLUP      NONE    
       col[3]            INPUT        F10        LVCMOS33          N/A          PULLUP      NONE    
       col[2]            INPUT        C11        LVCMOS33          N/A          PULLUP      NONE    
       col[1]            INPUT        D11        LVCMOS33          N/A          PULLUP      NONE    
       col[0]            INPUT        E11        LVCMOS33          N/A          PULLUP      NONE    
  DigitronCS_Out[3]     OUTPUT         A3        LVCMOS33           8            NONE       NONE    
  DigitronCS_Out[2]     OUTPUT         A5        LVCMOS33           8            NONE       NONE    
  DigitronCS_Out[1]     OUTPUT         B6        LVCMOS33           8            NONE       NONE    
  DigitronCS_Out[0]     OUTPUT         C9        LVCMOS33           8            NONE       NONE    
   Digitron_Out[7]      OUTPUT         C8        LVCMOS33           8            NONE       NONE    
   Digitron_Out[6]      OUTPUT         A8        LVCMOS33           8            NONE       NONE    
   Digitron_Out[5]      OUTPUT         B5        LVCMOS33           8            NONE       NONE    
   Digitron_Out[4]      OUTPUT         A7        LVCMOS33           8            NONE       NONE    
   Digitron_Out[3]      OUTPUT         E8        LVCMOS33           8            NONE       NONE    
   Digitron_Out[2]      OUTPUT         B8        LVCMOS33           8            NONE       NONE    
   Digitron_Out[1]      OUTPUT         A6        LVCMOS33           8            NONE       NONE    
   Digitron_Out[0]      OUTPUT         A4        LVCMOS33           8            NONE       NONE    
        light           OUTPUT        B14        LVCMOS33           8            NONE       NONE    
       row[3]           OUTPUT         D9        LVCMOS33           8            NONE       NONE    
       row[2]           OUTPUT         F9        LVCMOS33           8            NONE       NONE    
       row[1]           OUTPUT        C10        LVCMOS33           8            NONE       NONE    
       row[0]           OUTPUT        E10        LVCMOS33           8            NONE       NONE    

Report Hierarchy Area:
+-------------------------------------------------------------------------------------------+
|Instance |Module                      |le     |lut     |ripple  |seq     |bram    |dsp     |
+-------------------------------------------------------------------------------------------+
|top      |keyboard_instance           |220    |175     |25      |147     |0       |0       |
|  U1     |keyboard_scan               |69     |47      |9       |53      |0       |0       |
|  U2     |key_filter                  |59     |46      |6       |49      |0       |0       |
|  U3     |onehot2binary               |50     |50      |0       |25      |0       |0       |
|  U5     |Digitron_TimeDisplay_module |37     |27      |10      |20      |0       |0       |
+-------------------------------------------------------------------------------------------+


DataNet Average Fanout:

   Index     Fanout    Nets  
    #1         1       151   
    #2         2        92   
    #3         3        20   
    #4         4        21   
    #5        5-10      25   
    #6       11-50      6    
  Average     2.39           

RUN-1002 : start command "export_db keyboard_pr.db"
RUN-1001 : Exported /
RUN-1001 : Exported flow parameters
RUN-1001 : Exported libs
RUN-1001 : Exported entities
RUN-1001 : Exported ports
RUN-1001 : Exported pins
RUN-1001 : Exported instances
RUN-1001 : Exported nets
RUN-1001 : Exported buses
RUN-1001 : Exported models
RUN-1001 : Exported congestions
RUN-1001 : Exported violations
RUN-1001 : Exported timing constraints
RUN-1001 : Exported IO constraints
RUN-1001 : Exported Inst constraints
RUN-1002 : start command "export_bid keyboard_inst.bid"
RUN-1002 : start command "bitgen -bit keyboard.bit -unused_io_status pulldown"
BIT-1003 : Start to generate bitstream. 
BIT-1002 : Bitgen processed 165 unused pads, reserve input tri_state with pulldown
BIT-1002 : Init instances with 16 threads.
BIT-1002 : Init instances completely, inst num: 304
BIT-1002 : Init pips with 16 threads.
BIT-1002 : Init pips completely, net num: 343, pip num: 2121
BIT-1002 : Init feedthrough completely, num: 6
BIT-1003 : Multithreading accelaration with 16 threads.
BIT-1003 : Generate bitstream completely, there are 422 valid insts, and 6915 bits set as '1'.
BIT-1004 : PLL setting string = 0000
BIT-1004 : Generate bits file keyboard.bit.
RUN-1003 : finish command "bitgen -bit keyboard.bit -unused_io_status pulldown" in  1.260933s wall, 3.906250s user + 0.000000s system = 3.906250s CPU (309.8%)

RUN-1004 : used memory is 421 MB, reserved memory is 399 MB, peak memory is 615 MB
RUN-1002 : start command "backup_run_log run.log ../.logs/phy_1/td_20240827_142449.log"
