============================================================
   Tang Dynasty, V5.6.71036
      Copyright (c) 2012-2023 Anlogic Inc.
   Executable = C:/Anlogic/TD5.6.2/bin/td.exe
   Built at =   20:34:38 Mar 21 2023
   Run by =     Osscarrrrr
   Run Date =   Tue Aug 27 19:19:13 2024

   Run on =     ADMINISTRATOR
============================================================
RUN-1002 : start command "open_project keyboard.prj"
RUN-1001 : Print Global Property
RUN-1001 : ---------------------------------------------------------------
RUN-1001 :        Parameters        |  Settings  |  Default Values  |  Note  
RUN-1001 : ---------------------------------------------------------------
RUN-1001 :          message         |  standard  |     standard     |        
RUN-1001 :   mixed_pack_place_flow  |     on     |        on        |        
RUN-1001 :        qor_monitor       |    off     |       off        |        
RUN-1001 :        syn_ip_flow       |    off     |       off        |        
RUN-1001 :          thread          |    auto    |       auto       |        
RUN-1001 : ---------------------------------------------------------------
RUN-1001 : Print Design Property
RUN-1001 : --------------------------------------------------------------
RUN-1001 :        Parameters       |  Settings  |  Default Values  |  Note  
RUN-1001 : --------------------------------------------------------------
RUN-1001 :   default_reg_initial   |    auto    |       auto       |        
RUN-1001 :        infer_add        |     on     |        on        |        
RUN-1001 :        infer_fsm        |    off     |       off        |        
RUN-1001 :        infer_mult       |     on     |        on        |        
RUN-1001 :        infer_ram        |     on     |        on        |        
RUN-1001 :        infer_reg        |     on     |        on        |        
RUN-1001 :   infer_reg_init_value  |     on     |        on        |        
RUN-1001 :        infer_rom        |     on     |        on        |        
RUN-1001 :      infer_shifter      |     on     |        on        |        
RUN-1001 : --------------------------------------------------------------
RUN-1001 : Print Rtl Property
RUN-1001 : --------------------------------------------------------------
RUN-1001 :        Parameters       |  Settings  |  Default Values  |  Note  
RUN-1001 : --------------------------------------------------------------
RUN-1001 :       compress_add      |   ripple   |      ripple      |        
RUN-1001 :        elf_sload        |    off     |       off        |        
RUN-1001 :       fix_undriven      |     0      |        0         |        
RUN-1001 :         flatten         |    off     |       off        |        
RUN-1001 :       gate_sharing      |     on     |        on        |        
RUN-1001 :    hdl_warning_level    |   normal   |      normal      |        
RUN-1001 :   impl_internal_tribuf  |     on     |        on        |        
RUN-1001 :      impl_set_reset     |     on     |        on        |        
RUN-1001 :        infer_gsr        |    off     |       off        |        
RUN-1001 :      keep_hierarchy     |    auto    |       auto       |        
RUN-1001 :        max_fanout       |    9999    |       9999       |        
RUN-1001 :      max_oh2bin_len     |     10     |        10        |        
RUN-1001 :       merge_equal       |     on     |        on        |        
RUN-1001 :       merge_equiv       |     on     |        on        |        
RUN-1001 :        merge_mux        |    off     |       off        |        
RUN-1001 :     min_control_set     |     8      |        8         |        
RUN-1001 :      min_ripple_len     |    auto    |       auto       |        
RUN-1001 :       oh2bin_ratio      |    0.08    |       0.08       |        
RUN-1001 :     opt_adder_fanout    |     on     |        on        |        
RUN-1001 :        opt_arith        |     on     |        on        |        
RUN-1001 :       opt_big_gate      |    off     |       off        |        
RUN-1001 :        opt_const        |     on     |        on        |        
RUN-1001 :      opt_const_mult     |     on     |        on        |        
RUN-1001 :       opt_lessthan      |     on     |        on        |        
RUN-1001 :         opt_mux         |    off     |       off        |        
RUN-1001 :         opt_ram         |    high    |       high       |        
RUN-1001 :      rtl_sim_model      |    off     |       off        |        
RUN-1001 :         seq_syn         |     on     |        on        |        
RUN-1001 : --------------------------------------------------------------
HDL-1007 : analyze verilog file ../../../src/Digitron_TimeDisplay_module.v
HDL-1007 : analyze verilog file ../../../src/key_filter.v
HDL-1007 : analyze verilog file ../../../src/keyboard_instance.v
HDL-1007 : analyze verilog file ../../../src/keyboard_scan.v
HDL-1007 : analyze verilog file ../../../src/onehot2binary.v
RUN-1001 : Project manager successfully analyzed 5 source files.
RUN-1002 : start command "import_device eagle_s20.db -package EG4S20BG256"
ARC-1001 : Device Initialization.
ARC-1001 : ------------------------------------------------------------------
ARC-1001 :            OPTION            |          IO          |   SETTING   
ARC-1001 : ------------------------------------------------------------------
ARC-1001 :   cso_b/cclk/mosi/miso/dout  |  T3/R11/T10/P10/S11  |    gpio    
ARC-1001 :             done             |         P13          |    gpio    
ARC-1001 :           program_b          |          T2          |  dedicate  
ARC-1001 :        tdi/tms/tck/tdo       |   C12/A15/C14/E14    |  dedicate  
ARC-1001 : ------------------------------------------------------------------
ARC-1004 : Device setting, marked 5 dedicate IOs in total.
RUN-1002 : start command "import_db ../syn_1/keyboard_gate.db"
RUN-1001 : Importing database generated by Tang Dynasty, V5.6.71036.
RUN-1001 : Database version number 46146.
RUN-1001 : Import flow parameters
RUN-1001 : Import IO constraints
RUN-1001 : Import Inst constraints
RUN-1001 : Import design success TD_VERSION=5.6.71036 , DB_VERSION=46146
RUN-1002 : start command "place"
RUN-1001 : Open license file C:/Anlogic/TD5.6.2/license/Anlogic.lic
RUN-1001 : Print Global Property
RUN-1001 : ---------------------------------------------------------------
RUN-1001 :        Parameters        |  Settings  |  Default Values  |  Note  
RUN-1001 : ---------------------------------------------------------------
RUN-1001 :          message         |  standard  |     standard     |        
RUN-1001 :   mixed_pack_place_flow  |     on     |        on        |        
RUN-1001 :        qor_monitor       |    off     |       off        |        
RUN-1001 :        syn_ip_flow       |    off     |       off        |        
RUN-1001 :          thread          |    auto    |       auto       |        
RUN-1001 : ---------------------------------------------------------------
RUN-1001 : Print Place Property
RUN-1001 : --------------------------------------------------------------
RUN-1001 :        Parameters       |  Settings  |  Default Values  |  Note  
RUN-1001 : --------------------------------------------------------------
RUN-1001 :      detailed_place     |     on     |        on        |        
RUN-1001 :          effort         |   medium   |      medium      |        
RUN-1001 :         fix_hold        |    off     |       off        |        
RUN-1001 :       legalization      |    ori     |       ori        |        
RUN-1001 :      new_spreading      |     on     |        on        |        
RUN-1001 :        opt_timing       |   medium   |      medium      |        
RUN-1001 :   post_clock_route_opt  |    off     |       off        |        
RUN-1001 :       pr_strategy       |     1      |        1         |        
RUN-1001 :        relaxation       |    1.00    |       1.00       |        
RUN-1001 :         retiming        |    off     |       off        |        
RUN-1001 : --------------------------------------------------------------
PHY-3001 : Placer runs in 20 thread(s).
RUN-1002 : start command "legalize_phy_inst"
SYN-1011 : Flatten model keyboard_instance
RUN-1002 : start command "phys_opt -simplify_lut"
SYN-4024 : Net "clk_50M_dup_1" drives clk pins.
SYN-4024 : Net "U1/scan_clk" drives clk pins.
SYN-4025 : Tag rtl::Net U1/scan_clk as clock net
SYN-4025 : Tag rtl::Net clk_50M_dup_1 as clock net
SYN-4026 : Tagged 2 rtl::Net as clock net
SYN-4015 : Create BUFG instance for clk Net U1/scan_clk to drive 24 clock pins.
PHY-1001 : Populate physical database on model keyboard_instance.
RUN-1001 : There are total 336 instances
RUN-0007 : 158 luts, 126 seqs, 10 mslices, 15 lslices, 23 pads, 0 brams, 0 dsps
RUN-1001 : There are total 410 nets
RUN-1001 : 224 nets have 2 pins
RUN-1001 : 144 nets have [3 - 5] pins
RUN-1001 : 33 nets have [6 - 10] pins
RUN-1001 : 4 nets have [11 - 20] pins
RUN-1001 : 3 nets have [21 - 99] pins
RUN-1001 : 2 nets have 100+ pins
RUN-1001 : Report Control nets information:
RUN-1001 : DFF Distribution
RUN-1001 : ----------------------------------
RUN-1001 :   CE   |  SSR  |  ASR  |  DFF Count  
RUN-1001 : ----------------------------------
RUN-1001 :   No   |  No   |  No   |     74      
RUN-1001 :   No   |  No   |  Yes  |     20      
RUN-1001 :   No   |  Yes  |  No   |      0      
RUN-1001 :   Yes  |  No   |  No   |      0      
RUN-1001 :   Yes  |  No   |  Yes  |     32      
RUN-1001 :   Yes  |  Yes  |  No   |      0      
RUN-1001 : ----------------------------------
RUN-0007 : Control Group Statistic
RUN-0007 : ---------------------------
RUN-0007 :   #CLK  |  #CE  |  #SSR/ASR  
RUN-0007 : ---------------------------
RUN-0007 :    2    |   2   |     2      
RUN-0007 : ---------------------------
RUN-0007 : Control Set = 4
PHY-3001 : Initial placement ...
PHY-3001 : design contains 334 instances, 158 luts, 126 seqs, 25 slices, 3 macros(25 instances: 10 mslices 15 lslices)
PHY-0007 : Cell area utilization is 1%
PHY-3001 : Global placement ...
PHY-3001 : Initial: Len = 97710.2
PHY-3001 : Clustering ...
PHY-3001 : Level 0 #clusters 334.
PHY-3001 : End clustering;  0.000008s wall, 0.000000s user + 0.000000s system = 0.000000s CPU (n/a%)

PHY-3001 : Run with size of 4
PHY-3001 : Cell area utilization is 1%
PHY-3001 : :::0::: Try harder cell spreading with beta_ = 0
PHY-3002 : Step(1): len = 61691.4, overlap = 0
PHY-3002 : Step(2): len = 36160, overlap = 0
PHY-3002 : Step(3): len = 26052.5, overlap = 0
PHY-3002 : Step(4): len = 20448.2, overlap = 0
PHY-3002 : Step(5): len = 17676.6, overlap = 0
PHY-3002 : Step(6): len = 16534.7, overlap = 0
PHY-3002 : Step(7): len = 16080.4, overlap = 0
PHY-3002 : Step(8): len = 15316.5, overlap = 0
PHY-3002 : Step(9): len = 15543.7, overlap = 0
PHY-3002 : Step(10): len = 15159.4, overlap = 0
PHY-3002 : Step(11): len = 14210.3, overlap = 0
PHY-3002 : Step(12): len = 14434.5, overlap = 0
PHY-3002 : Step(13): len = 14254.8, overlap = 0
PHY-3002 : Step(14): len = 13263.4, overlap = 0
PHY-3002 : Step(15): len = 12747.7, overlap = 0
PHY-3002 : Step(16): len = 12366.8, overlap = 0
PHY-3002 : Step(17): len = 11536.7, overlap = 0
PHY-3002 : Step(18): len = 11135, overlap = 0
PHY-3002 : Step(19): len = 10514.9, overlap = 0
PHY-3002 : Step(20): len = 10330.2, overlap = 0
PHY-3002 : Step(21): len = 10010.4, overlap = 0
PHY-3002 : Step(22): len = 9685.5, overlap = 0
PHY-3002 : Step(23): len = 9793.9, overlap = 0
PHY-3002 : Step(24): len = 9554.4, overlap = 0
PHY-3002 : Step(25): len = 9202.7, overlap = 0
PHY-3002 : Step(26): len = 9484.8, overlap = 0
PHY-3002 : Step(27): len = 8948.6, overlap = 0
PHY-3002 : Step(28): len = 8055.8, overlap = 0
PHY-3002 : Step(29): len = 8029.1, overlap = 0
PHY-3002 : Step(30): len = 8101.7, overlap = 0
PHY-3002 : Step(31): len = 7602.3, overlap = 0
PHY-3002 : Step(32): len = 7516.8, overlap = 0
PHY-3002 : Step(33): len = 6785.5, overlap = 0
PHY-3002 : Step(34): len = 6412.3, overlap = 0
PHY-3002 : Step(35): len = 6391.8, overlap = 0
PHY-3002 : Step(36): len = 5591.2, overlap = 0
PHY-3002 : Step(37): len = 5147.5, overlap = 0
PHY-3002 : Step(38): len = 5207.2, overlap = 0
PHY-3002 : Step(39): len = 4765.3, overlap = 0
PHY-3002 : Step(40): len = 4883.9, overlap = 0
PHY-3002 : Step(41): len = 4892.1, overlap = 0
PHY-3001 : Legalization ...
PHY-3001 : End legalization;  0.003361s wall, 0.000000s user + 0.000000s system = 0.000000s CPU (n/a%)

PHY-3001 : Run with size of 4
PHY-3001 : Cell area utilization is 1%
PHY-3001 : :::0::: Try harder cell spreading with beta_ = 0
PHY-3002 : Step(42): len = 4174.8, overlap = 0
PHY-3002 : Step(43): len = 4182.6, overlap = 0
PHY-3002 : Step(44): len = 4187.9, overlap = 0
PHY-3002 : Step(45): len = 4143.8, overlap = 0
PHY-3002 : Step(46): len = 3996.7, overlap = 0
PHY-3002 : Step(47): len = 3996.7, overlap = 0
PHY-3002 : Step(48): len = 3868.6, overlap = 0
PHY-3002 : Step(49): len = 3907.5, overlap = 0
PHY-3002 : Step(50): len = 3907.5, overlap = 0
PHY-3001 : Run with size of 2
PHY-3001 : Cell area utilization is 1%
PHY-3001 : :::0::: Try harder cell spreading with beta_ = 0
PHY-3002 : Step(51): len = 3819.2, overlap = 5
PHY-3002 : Step(52): len = 3850.1, overlap = 5
PHY-3002 : Step(53): len = 3850.1, overlap = 5
OPT-1001 : Start physical optimization ...
OPT-1001 : Total overflow 14.44 peak overflow 2.38
OPT-1001 : Start high-fanout net optimization ...
OPT-1001 : Update timing in global mode
PHY-1001 : Start incremental global routing, caller is place ...
RUN-1001 : Generating global routing grids ...
RUN-1001 : Building simple global routing graph ...
PHY-1001 : Generate routing nets ...
PHY-1001 : Reuse net number 0/410.
PHY-1001 : Global iterations in 20 thread ...
PHY-1002 : len = 3856, over cnt = 16(0%), over = 97, worst = 25
PHY-1001 : End global iterations;  0.010419s wall, 0.000000s user + 0.000000s system = 0.000000s CPU (n/a%)

PHY-1001 : Congestion index: top1 = 11.83, top5 = 3.08, top10 = 1.53, top15 = 1.02.
PHY-1001 : End incremental global routing;  0.043672s wall, 0.015625s user + 0.000000s system = 0.015625s CPU (35.8%)

RUN-1002 : start command "start_timer -report"
TMR-5001 WARNING: No sdc constraints found while initiating timer.
TMR-2505 : Start building timing graph for model keyboard_instance.
TMR-2506 : Build timing graph completely. Port num: 7, tpin num: 1500, tnet num: 408, tinst num: 334, tnode num: 1889, tedge num: 2398.
TMR-2508 : Levelizing timing graph completed, there are 21 levels in total.
TMR-2501 : Timing graph initialized successfully.
OPT-1001 : End timing update;  0.110499s wall, 0.046875s user + 0.000000s system = 0.046875s CPU (42.4%)

OPT-1001 : 0 high-fanout net processed.
OPT-1001 : End high-fanout net optimization;  0.156703s wall, 0.062500s user + 0.000000s system = 0.062500s CPU (39.9%)

OPT-1001 : Current memory(MB): used = 146, reserve = 117, peak = 146.
OPT-1001 : End physical optimization;  0.160172s wall, 0.062500s user + 0.000000s system = 0.062500s CPU (39.0%)

PHY-3001 : Start packing ...
SYN-4007 : Packing 0 MUX to BLE ...
SYN-4008 : Packed 0 MUX and 0 SEQ to BLE.
SYN-4007 : Packing 158 LUT to BLE ...
SYN-4008 : Packed 158 LUT and 52 SEQ to BLE.
SYN-4003 : Packing 74 remaining SEQ's ...
SYN-4005 : Packed 54 SEQ with LUT/SLICE
SYN-4006 : 56 single LUT's are left
SYN-4006 : 20 single SEQ's are left
SYN-4011 : Packing model "keyboard_instance" (AL_USER_NORMAL) with 178/230 primitive instances ...
PHY-3001 : End packing;  0.007786s wall, 0.000000s user + 0.000000s system = 0.000000s CPU (n/a%)

PHY-1001 : Populate physical database on model keyboard_instance.
RUN-1001 : There are total 153 instances
RUN-1001 : 63 mslices, 63 lslices, 23 pads, 0 brams, 0 dsps
RUN-1001 : There are total 358 nets
RUN-1001 : 157 nets have 2 pins
RUN-1001 : 154 nets have [3 - 5] pins
RUN-1001 : 31 nets have [6 - 10] pins
RUN-1001 : 12 nets have [11 - 20] pins
RUN-1001 : 3 nets have [21 - 99] pins
RUN-1001 : 1 nets have 100+ pins
PHY-3001 : design contains 151 instances, 126 slices, 3 macros(25 instances: 10 mslices 15 lslices)
PHY-3001 : Cell area utilization is 1%
PHY-3001 : After packing: Len = 4117.8, Over = 9.5
PHY-3001 : Run with size of 2
PHY-3001 : Cell area utilization is 1%
PHY-3001 : :::0::: Try harder cell spreading with beta_ = 0.000393139
PHY-3002 : Step(54): len = 4102.7, overlap = 8.5
PHY-3002 : Step(55): len = 4122.5, overlap = 7.25
PHY-3002 : Step(56): len = 4128.7, overlap = 7.25
PHY-3001 : :::1::: Try harder cell spreading with beta_ = 0.000786278
PHY-3002 : Step(57): len = 4015.2, overlap = 8
PHY-3002 : Step(58): len = 3995.8, overlap = 8.25
PHY-3001 : :::2::: Try harder cell spreading with beta_ = 0.00157256
PHY-3002 : Step(59): len = 4022.3, overlap = 7
PHY-3002 : Step(60): len = 4012.2, overlap = 7
PHY-3001 : Legalization ...
PHY-3001 : End legalization;  0.025315s wall, 0.000000s user + 0.015625s system = 0.015625s CPU (61.7%)

PHY-3001 : Trial Legalized: Len = 7363.2
PHY-3001 : Run with size of 2
PHY-3001 : Cell area utilization is 1%
PHY-3001 : :::0::: Try harder cell spreading with beta_ = 0
PHY-3002 : Step(61): len = 5344.5, overlap = 2
PHY-3002 : Step(62): len = 4582.9, overlap = 4.25
PHY-3002 : Step(63): len = 4265.8, overlap = 6.25
PHY-3002 : Step(64): len = 4205.7, overlap = 6.5
PHY-3002 : Step(65): len = 4012.7, overlap = 6.75
PHY-3001 : :::1::: Try harder cell spreading with beta_ = 0.0002509
PHY-3002 : Step(66): len = 4041.9, overlap = 5
PHY-3002 : Step(67): len = 4044, overlap = 5
PHY-3001 : :::2::: Try harder cell spreading with beta_ = 0.0005018
PHY-3002 : Step(68): len = 4034.9, overlap = 5
PHY-3002 : Step(69): len = 4056.5, overlap = 4.75
PHY-3001 : Legalization ...
PHY-3001 : End legalization;  0.004067s wall, 0.000000s user + 0.000000s system = 0.000000s CPU (n/a%)

PHY-3001 : Legalized: Len = 6551.6, Over = 0
PHY-3001 : Spreading special nets. 6 overflows in 2952 tiles.
PHY-3001 : End spreading;  0.002190s wall, 0.000000s user + 0.000000s system = 0.000000s CPU (n/a%)

PHY-3001 : 9 instances has been re-located, deltaX = 6, deltaY = 1, maxDist = 1.
PHY-3001 : Final: Len = 6597.6, Over = 0
OPT-1001 : Start physical optimization ...
OPT-1001 : Total overflow 0.00 peak overflow 0.00
OPT-1001 : Start high-fanout net optimization ...
OPT-1001 : Update timing in global mode
PHY-1001 : Start incremental global routing, caller is place ...
RUN-1001 : Generating global routing grids ...
PHY-1001 : Generate routing nets ...
PHY-1001 : Reuse net number 32/358.
PHY-1001 : Global iterations in 20 thread ...
PHY-1002 : len = 7176, over cnt = 39(0%), over = 85, worst = 6
PHY-1002 : len = 7784, over cnt = 15(0%), over = 27, worst = 5
PHY-1002 : len = 8200, over cnt = 0(0%), over = 0, worst = 0
PHY-1001 : End global iterations;  0.026397s wall, 0.000000s user + 0.015625s system = 0.015625s CPU (59.2%)

PHY-1001 : Congestion index: top1 = 20.47, top5 = 6.36, top10 = 3.17, top15 = 2.11.
PHY-1001 : End incremental global routing;  0.056807s wall, 0.000000s user + 0.015625s system = 0.015625s CPU (27.5%)

RUN-1002 : start command "start_timer -report"
TMR-5001 WARNING: No sdc constraints found while initiating timer.
TMR-2505 : Start building timing graph for model keyboard_instance.
TMR-2506 : Build timing graph completely. Port num: 7, tpin num: 1393, tnet num: 356, tinst num: 151, tnode num: 1695, tedge num: 2340.
TMR-2508 : Levelizing timing graph completed, there are 21 levels in total.
TMR-2501 : Timing graph initialized successfully.
OPT-1001 : End timing update;  0.099054s wall, 0.000000s user + 0.000000s system = 0.000000s CPU (n/a%)

OPT-1001 : 0 high-fanout net processed.
OPT-1001 : End high-fanout net optimization;  0.158957s wall, 0.000000s user + 0.015625s system = 0.015625s CPU (9.8%)

OPT-1001 : Current memory(MB): used = 147, reserve = 118, peak = 147.
OPT-1001 : Update timing in Manhattan mode
OPT-1001 : End timing update;  0.000270s wall, 0.000000s user + 0.000000s system = 0.000000s CPU (n/a%)

OPT-1001 : Start pin optimization...
OPT-1001 : skip pin optimization...
RUN-1001 : Generating global routing grids ...
PHY-1001 : Generate routing nets ...
PHY-1001 : Reuse net number 274/358.
PHY-1001 : Global iterations in 20 thread ...
PHY-1002 : len = 8200, over cnt = 0(0%), over = 0, worst = 0
PHY-1001 : End global iterations;  0.000880s wall, 0.000000s user + 0.000000s system = 0.000000s CPU (n/a%)

PHY-1001 : Congestion index: top1 = 20.47, top5 = 6.36, top10 = 3.17, top15 = 2.11.
OPT-1001 : Update timing in Manhattan mode
OPT-1001 : End timing update;  0.000317s wall, 0.000000s user + 0.000000s system = 0.000000s CPU (n/a%)

RUN-1001 : QoR Analysis:
OPT-0007 :   WNS 2147483647 TNS 0 NUM_FEPS 0
RUN-1001 :   No local congestion issue, and most congested 1% tile average routing util is 20.034483
RUN-1001 :   Top critical paths
OPT-1001 : End physical optimization;  0.192574s wall, 0.000000s user + 0.015625s system = 0.015625s CPU (8.1%)

RUN-1003 : finish command "place" in  1.636834s wall, 0.343750s user + 0.359375s system = 0.703125s CPU (43.0%)

RUN-1004 : used memory is 127 MB, reserved memory is 98 MB, peak memory is 147 MB
RUN-1002 : start command "export_db keyboard_place.db"
RUN-1001 : Exported /
RUN-1001 : Exported flow parameters
RUN-1001 : Exported libs
RUN-1001 : Exported entities
RUN-1001 : Exported ports
RUN-1001 : Exported pins
RUN-1001 : Exported instances
RUN-1001 : Exported nets
RUN-1001 : Exported buses
RUN-1001 : Exported models
RUN-1001 : Exported congestions
RUN-1001 : Exported violations
RUN-1001 : Exported IO constraints
RUN-1001 : Exported Inst constraints
RUN-1002 : start command "route"
RUN-1001 : Open license file C:/Anlogic/TD5.6.2/license/Anlogic.lic
RUN-1001 : Print Global Property
RUN-1001 : ---------------------------------------------------------------
RUN-1001 :        Parameters        |  Settings  |  Default Values  |  Note  
RUN-1001 : ---------------------------------------------------------------
RUN-1001 :          message         |  standard  |     standard     |        
RUN-1001 :   mixed_pack_place_flow  |     on     |        on        |        
RUN-1001 :        qor_monitor       |    off     |       off        |        
RUN-1001 :        syn_ip_flow       |    off     |       off        |        
RUN-1001 :          thread          |    auto    |       auto       |        
RUN-1001 : ---------------------------------------------------------------
RUN-1001 : Print Route Property
RUN-1001 : -------------------------------------------------------
RUN-1001 :    Parameters    |  Settings  |  Default Values  |  Note  
RUN-1001 : -------------------------------------------------------
RUN-1001 :      effort      |   medium   |      medium      |        
RUN-1001 :     fix_hold     |    off     |       off        |        
RUN-1001 :    opt_timing    |   medium   |      medium      |        
RUN-1001 :   phy_sim_model  |    off     |       off        |        
RUN-1001 :     priority     |   timing   |      timing      |        
RUN-1001 :     swap_pin     |     on     |        on        |        
RUN-1001 : -------------------------------------------------------
PHY-1001 : Route runs in 20 thread(s)
RUN-1001 : There are total 153 instances
RUN-1001 : 63 mslices, 63 lslices, 23 pads, 0 brams, 0 dsps
RUN-1001 : There are total 358 nets
RUN-1001 : 157 nets have 2 pins
RUN-1001 : 154 nets have [3 - 5] pins
RUN-1001 : 31 nets have [6 - 10] pins
RUN-1001 : 12 nets have [11 - 20] pins
RUN-1001 : 3 nets have [21 - 99] pins
RUN-1001 : 1 nets have 100+ pins
RUN-1002 : start command "start_timer -report"
TMR-5001 WARNING: No sdc constraints found while initiating timer.
TMR-2505 : Start building timing graph for model keyboard_instance.
TMR-2506 : Build timing graph completely. Port num: 7, tpin num: 1393, tnet num: 356, tinst num: 151, tnode num: 1695, tedge num: 2340.
TMR-2508 : Levelizing timing graph completed, there are 21 levels in total.
TMR-2501 : Timing graph initialized successfully.
PHY-1001 : 63 mslices, 63 lslices, 23 pads, 0 brams, 0 dsps
TMR-2503 : Start to update net delay, extr mode = 3.
TMR-2504 : Update delay of 356 nets completely.
TMR-2502 : Annotate delay completely, extr mode = 3.
TMR-3002 : No user constraint, initiate default constraint.
TMR-1501 : Assign derive clock DeriveClock to 182 clock pins, and constraint 302 relative nodes.
TMR-3003 : Constraints initiated successfully.
TMR-3501 : Forward propagation: start to calculate arrival time...
TMR-3502 : Backward propagation: start to calculate required time...
TMR-3503 : Timing propagation completes.
PHY-1001 : Start global routing, caller is route ...
RUN-1001 : Generating global routing grids ...
PHY-1001 : Generate routing nets ...
PHY-1001 : Global iterations in 20 thread ...
PHY-1002 : len = 7120, over cnt = 37(0%), over = 81, worst = 6
PHY-1002 : len = 7696, over cnt = 14(0%), over = 26, worst = 5
PHY-1002 : len = 8080, over cnt = 0(0%), over = 0, worst = 0
PHY-1001 : End global iterations;  0.029737s wall, 0.000000s user + 0.000000s system = 0.000000s CPU (n/a%)

PHY-1001 : Congestion index: top1 = 20.13, top5 = 6.28, top10 = 3.13, top15 = 2.09.
PHY-1001 : End global routing;  0.061729s wall, 0.015625s user + 0.000000s system = 0.015625s CPU (25.3%)

PHY-1001 : Start detail routing ...
PHY-1001 : Current memory(MB): used = 175, reserve = 146, peak = 192.
PHY-1001 : Detailed router is running in normal mode.
PHY-1001 : Generate detailed routing grids ...
PHY-1001 : Processed IO instance col[3]_syn_4 with INV attribute.
PHY-1001 : Processed IO instance col[2]_syn_4 with INV attribute.
PHY-1001 : Processed IO instance col[1]_syn_4 with INV attribute.
PHY-1001 : Processed IO instance col[0]_syn_4 with INV attribute.
PHY-1001 : Generate nets ...
PHY-1001 : net clk_50M_dup_1 will be routed on clock mesh
PHY-1001 : clock net U1/scan_clk_syn_4 will be merged with clock U1/scan_clk
PHY-1001 : Current memory(MB): used = 441, reserve = 416, peak = 441.
PHY-1001 : End build detailed router design. 2.640806s wall, 0.625000s user + 0.015625s system = 0.640625s CPU (24.3%)

PHY-1001 : Detail Route ...
PHY-1001 : ===== Detail Route Phase 1 =====
PHY-1001 : Clock net routing.....
PHY-1001 : Routed 0% nets.
PHY-1022 : len = 6776, over cnt = 0(0%), over = 0, worst = 0, crit = 0
PHY-1001 : End initial clock net routed; 0.203027s wall, 0.078125s user + 0.000000s system = 0.078125s CPU (38.5%)

PHY-1001 : Current memory(MB): used = 470, reserve = 446, peak = 470.
PHY-1001 : End phase 1; 0.208184s wall, 0.078125s user + 0.000000s system = 0.078125s CPU (37.5%)

PHY-1001 : ===== Detail Route Phase 2 =====
PHY-1001 : Initial routing.....
PHY-1001 : Routed 29% nets.
PHY-1001 : Routed 33% nets.
PHY-1001 : Routed 42% nets.
PHY-1001 : Routed 62% nets.
PHY-1001 : Routed 86% nets.
PHY-1022 : len = 25176, over cnt = 37(0%), over = 37, worst = 1, crit = 0
PHY-1001 : Current memory(MB): used = 470, reserve = 446, peak = 470.
PHY-1001 : End initial routed; 0.093564s wall, 0.015625s user + 0.000000s system = 0.015625s CPU (16.7%)

PHY-1001 : Current memory(MB): used = 470, reserve = 446, peak = 470.
PHY-1001 : End phase 2; 0.093597s wall, 0.015625s user + 0.000000s system = 0.015625s CPU (16.7%)

PHY-1001 : ===== Detail Route Phase 3 =====
PHY-1001 : Ripup-reroute.....
PHY-1001 : ===== DR Iter 1 =====
PHY-1022 : len = 25168, over cnt = 13(0%), over = 13, worst = 1, crit = 0
PHY-1001 : End DR Iter 1; 0.014608s wall, 0.000000s user + 0.000000s system = 0.000000s CPU (n/a%)

PHY-1001 : ===== DR Iter 2 =====
PHY-1022 : len = 25408, over cnt = 1(0%), over = 1, worst = 1, crit = 0
PHY-1001 : End DR Iter 2; 0.009491s wall, 0.000000s user + 0.000000s system = 0.000000s CPU (n/a%)

PHY-1001 : ===== DR Iter 3 =====
PHY-1022 : len = 25440, over cnt = 0(0%), over = 0, worst = 0, crit = 0
PHY-1001 : End DR Iter 3; 0.007843s wall, 0.000000s user + 0.000000s system = 0.000000s CPU (n/a%)

PHY-1001 : Commit to database.....
PHY-1001 : 1 feed throughs used by 1 nets
PHY-1001 : End commit to database; 0.033456s wall, 0.031250s user + 0.000000s system = 0.031250s CPU (93.4%)

PHY-1001 : Current memory(MB): used = 480, reserve = 456, peak = 480.
PHY-1001 : End phase 3; 0.153542s wall, 0.031250s user + 0.000000s system = 0.031250s CPU (20.4%)

PHY-1003 : Routed, final wirelength = 25440
PHY-1001 : Current memory(MB): used = 480, reserve = 456, peak = 480.
PHY-1001 : End export database. 0.005006s wall, 0.000000s user + 0.000000s system = 0.000000s CPU (n/a%)

PHY-1001 : End detail routing;  3.252204s wall, 0.796875s user + 0.015625s system = 0.812500s CPU (25.0%)

RUN-1003 : finish command "route" in  3.459401s wall, 0.890625s user + 0.015625s system = 0.906250s CPU (26.2%)

RUN-1004 : used memory is 415 MB, reserved memory is 391 MB, peak memory is 480 MB
RUN-1002 : start command "report_area -io_info -file keyboard_phy.area"
RUN-1001 : standard
***Report Model: keyboard_instance Device: EG4S20BG256***

IO Statistics
#IO                        23
  #input                    6
  #output                  17
  #inout                    0

Utilization Statistics
#lut                      229   out of  19600    1.17%
#reg                      142   out of  19600    0.72%
#le                       244
  #lut only               102   out of    244   41.80%
  #reg only                15   out of    244    6.15%
  #lut&reg                127   out of    244   52.05%
#dsp                        0   out of     29    0.00%
#bram                       0   out of     64    0.00%
  #bram9k                   0
  #fifo9k                   0
#bram32k                    0   out of     16    0.00%
#pad                       23   out of    188   12.23%
  #ireg                     4
  #oreg                     4
  #treg                     0
#pll                        0   out of      4    0.00%
#gclk                       1   out of     16    6.25%

Clock Resource Statistics
Index     ClockNet         Type               DriverType         Driver                      Fanout
#1        clk_50M_dup_1    GCLK               io                 clk_50M_syn_2.di            75
#2        U1/scan_clk      GCLK               mslice             U1/scan_clk_reg_syn_9.q0    16


Detailed IO Report

        Name           Direction    Location    IOStandard    DriveStrength    PullType    PackReg  
        RSTn             INPUT         A9        LVCMOS33          N/A          PULLUP      NONE    
       clk_50M           INPUT         R7        LVCMOS33          N/A          PULLUP      NONE    
       col[3]            INPUT        F10        LVCMOS33          N/A          PULLUP      IREG    
       col[2]            INPUT        C11        LVCMOS33          N/A          PULLUP      IREG    
       col[1]            INPUT        D11        LVCMOS33          N/A          PULLUP      IREG    
       col[0]            INPUT        E11        LVCMOS33          N/A          PULLUP      IREG    
  DigitronCS_Out[3]     OUTPUT         A3        LVCMOS33           8            NONE       NONE    
  DigitronCS_Out[2]     OUTPUT         A5        LVCMOS33           8            NONE       NONE    
  DigitronCS_Out[1]     OUTPUT         B6        LVCMOS33           8            NONE       NONE    
  DigitronCS_Out[0]     OUTPUT         C9        LVCMOS33           8            NONE       NONE    
   Digitron_Out[7]      OUTPUT         C8        LVCMOS33           8            NONE       NONE    
   Digitron_Out[6]      OUTPUT         A8        LVCMOS33           8            NONE       NONE    
   Digitron_Out[5]      OUTPUT         B5        LVCMOS33           8            NONE       NONE    
   Digitron_Out[4]      OUTPUT         A7        LVCMOS33           8            NONE       NONE    
   Digitron_Out[3]      OUTPUT         E8        LVCMOS33           8            NONE       NONE    
   Digitron_Out[2]      OUTPUT         B8        LVCMOS33           8            NONE       NONE    
   Digitron_Out[1]      OUTPUT         A6        LVCMOS33           8            NONE       NONE    
   Digitron_Out[0]      OUTPUT         A4        LVCMOS33           8            NONE       NONE    
        light           OUTPUT        B14        LVCMOS33           8            NONE       NONE    
       row[3]           OUTPUT         D9        LVCMOS33           8            NONE       OREG    
       row[2]           OUTPUT         F9        LVCMOS33           8            NONE       OREG    
       row[1]           OUTPUT        C10        LVCMOS33           8            NONE       OREG    
       row[0]           OUTPUT        E10        LVCMOS33           8            NONE       OREG    

Report Hierarchy Area:
+-------------------------------------------------------------------------------------------+
|Instance |Module                      |le     |lut     |ripple  |seq     |bram    |dsp     |
+-------------------------------------------------------------------------------------------+
|top      |keyboard_instance           |244    |204     |25      |150     |0       |0       |
|  U1     |keyboard_scan               |67     |49      |9       |49      |0       |0       |
|  U2     |key_filter                  |61     |49      |6       |49      |0       |0       |
|  U3     |onehot2binary               |78     |78      |0       |28      |0       |0       |
|  U5     |Digitron_TimeDisplay_module |32     |22      |10      |16      |0       |0       |
+-------------------------------------------------------------------------------------------+


DataNet Average Fanout:

   Index     Fanout    Nets  
    #1         1       134   
    #2         2       103   
    #3         3        34   
    #4         4        17   
    #5        5-10      32   
    #6       11-50      11   
  Average     2.79           

RUN-1002 : start command "export_db keyboard_pr.db"
RUN-1001 : Exported /
RUN-1001 : Exported flow parameters
RUN-1001 : Exported libs
RUN-1001 : Exported entities
RUN-1001 : Exported ports
RUN-1001 : Exported pins
RUN-1001 : Exported instances
RUN-1001 : Exported nets
RUN-1001 : Exported buses
RUN-1001 : Exported models
RUN-1001 : Exported congestions
RUN-1001 : Exported violations
RUN-1001 : Exported IO constraints
RUN-1001 : Exported Inst constraints
RUN-1002 : start command "export_bid keyboard_inst.bid"
RUN-1002 : start command "bitgen -bit keyboard.bit -unused_io_status pulldown"
BIT-1003 : Start to generate bitstream. 
BIT-1002 : Bitgen processed 165 unused pads, reserve input tri_state with pulldown
BIT-1002 : Init instances with 20 threads.
BIT-1002 : Init instances completely, inst num: 316
BIT-1002 : Init pips with 20 threads.
BIT-1002 : Init pips completely, net num: 358, pip num: 2721
BIT-1002 : Init feedthrough completely, num: 1
BIT-1003 : Multithreading accelaration with 20 threads.
BIT-1003 : Generate bitstream completely, there are 480 valid insts, and 8371 bits set as '1'.
BIT-1004 : PLL setting string = 0000
BIT-1004 : Generate bits file keyboard.bit.
RUN-1003 : finish command "bitgen -bit keyboard.bit -unused_io_status pulldown" in  1.035762s wall, 1.718750s user + 0.015625s system = 1.734375s CPU (167.4%)

RUN-1004 : used memory is 422 MB, reserved memory is 402 MB, peak memory is 637 MB
RUN-1002 : start command "backup_run_log run.log ../.logs/phy_1/td_20240827_191913.log"
