============================================================
   Tang Dynasty, V5.6.59063
   Copyright (c) 2012-2022 Anlogic
   Executable = E:/Anlogic/TD5.6.59063/bin/td.exe
   Built at =   12:45:13 Sep  6 2022
   Run by =     19234
   Run Date =   Wed Aug 28 16:24:02 2024

   Run on =     ERIKPSW
============================================================
RUN-1002 : start command "open_project keyboard.prj"
RUN-1001 : Print Global Property
RUN-1001 : ---------------------------------------------------------------
RUN-1001 :        Parameters        |  Settings  |  Default Values  |  Note  
RUN-1001 : ---------------------------------------------------------------
RUN-1001 :          message         |  standard  |     standard     |        
RUN-1001 :   mixed_pack_place_flow  |     on     |        on        |        
RUN-1001 :        qor_monitor       |    off     |       off        |        
RUN-1001 :        syn_ip_flow       |    off     |       off        |        
RUN-1001 :          thread          |    auto    |       auto       |        
RUN-1001 : ---------------------------------------------------------------
RUN-1001 : Print Design Property
RUN-1001 : --------------------------------------------------------------
RUN-1001 :        Parameters       |  Settings  |  Default Values  |  Note  
RUN-1001 : --------------------------------------------------------------
RUN-1001 :   default_reg_initial   |    auto    |       auto       |        
RUN-1001 :        infer_add        |     on     |        on        |        
RUN-1001 :        infer_fsm        |    off     |       off        |        
RUN-1001 :        infer_mult       |     on     |        on        |        
RUN-1001 :        infer_ram        |     on     |        on        |        
RUN-1001 :        infer_reg        |     on     |        on        |        
RUN-1001 :   infer_reg_init_value  |     on     |        on        |        
RUN-1001 :        infer_rom        |     on     |        on        |        
RUN-1001 :      infer_shifter      |     on     |        on        |        
RUN-1001 : --------------------------------------------------------------
RUN-1001 : Print Rtl Property
RUN-1001 : --------------------------------------------------------------
RUN-1001 :        Parameters       |  Settings  |  Default Values  |  Note  
RUN-1001 : --------------------------------------------------------------
RUN-1001 :       compress_add      |   ripple   |      ripple      |        
RUN-1001 :        elf_sload        |    off     |       off        |        
RUN-1001 :       fix_undriven      |     0      |        0         |        
RUN-1001 :         flatten         |    off     |       off        |        
RUN-1001 :       gate_sharing      |     on     |        on        |        
RUN-1001 :    hdl_warning_level    |   normal   |      normal      |        
RUN-1001 :   impl_internal_tribuf  |     on     |        on        |        
RUN-1001 :      impl_set_reset     |     on     |        on        |        
RUN-1001 :        infer_gsr        |    off     |       off        |        
RUN-1001 :      keep_hierarchy     |    auto    |       auto       |        
RUN-1001 :        max_fanout       |    9999    |       9999       |        
RUN-1001 :      max_oh2bin_len     |     10     |        10        |        
RUN-1001 :       merge_equal       |     on     |        on        |        
RUN-1001 :       merge_equiv       |     on     |        on        |        
RUN-1001 :        merge_mux        |    off     |       off        |        
RUN-1001 :     min_control_set     |     8      |        8         |        
RUN-1001 :      min_ripple_len     |    auto    |       auto       |        
RUN-1001 :       oh2bin_ratio      |    0.08    |       0.08       |        
RUN-1001 :     opt_adder_fanout    |     on     |        on        |        
RUN-1001 :        opt_arith        |     on     |        on        |        
RUN-1001 :       opt_big_gate      |    off     |       off        |        
RUN-1001 :        opt_const        |     on     |        on        |        
RUN-1001 :      opt_const_mult     |     on     |        on        |        
RUN-1001 :       opt_lessthan      |     on     |        on        |        
RUN-1001 :         opt_mux         |    off     |       off        |        
RUN-1001 :         opt_ram         |    high    |       high       |        
RUN-1001 :      rtl_sim_model      |    off     |       off        |        
RUN-1001 :         seq_syn         |     on     |        on        |        
RUN-1001 : --------------------------------------------------------------
HDL-1007 : analyze verilog file ../../../src/Digitron_TimeDisplay_module.v
HDL-1007 : analyze verilog file ../../../src/key_filter.v
HDL-1007 : analyze verilog file ../../../src/keyboard_instance.v
HDL-1007 : undeclared symbol 'secrect', assumed default net type 'wire' in ../../../src/keyboard_instance.v(42)
HDL-1007 : analyze verilog file ../../../src/keyboard_scan.v
HDL-1007 : analyze verilog file ../../../src/onehot2binary.v
HDL-5007 WARNING: 'RSTn' is not declared in ../../../src/onehot2binary.v(1)
HDL-5007 WARNING: 'RSTn' is not declared in ../../../src/onehot2binary.v(1)
RUN-1001 : Project manager successfully analyzed 5 source files.
RUN-1002 : start command "import_device eagle_s20.db -package EG4S20BG256"
ARC-1001 : Device Initialization.
ARC-1001 : ------------------------------------------------------------------
ARC-1001 :            OPTION            |          IO          |   SETTING   
ARC-1001 : ------------------------------------------------------------------
ARC-1001 :   cso_b/cclk/mosi/miso/dout  |  T3/R11/T10/P10/S11  |    gpio    
ARC-1001 :             done             |         P13          |    gpio    
ARC-1001 :           program_b          |          T2          |  dedicate  
ARC-1001 :        tdi/tms/tck/tdo       |   C12/A15/C14/E14    |  dedicate  
ARC-1001 : ------------------------------------------------------------------
ARC-1004 : Device setting, marked 5 dedicate IOs in total.
RUN-1002 : start command "import_db ../syn_1/keyboard_gate.db"
RUN-1001 : Importing database generated by Tang Dynasty, V5.6.59063.
RUN-1001 : Database version number 46140.
RUN-1001 : Import flow parameters
RUN-1001 : Import timing constraints
RUN-1001 : Import IO constraints
RUN-1001 : Import Inst constraints
RUN-1001 : Import design success TD_VERSION=5.6.59063 , DB_VERSION=46140
RUN-1002 : start command "read_sdc"
USR-1002 : read_sdc file_name -help -h -eco
USR-1009 : NO module with IP_SDC ...
RUN-1104 : Import SDC file  finished, there are 0 nets kept by constraints.
RUN-1002 : start command "place"
RUN-1001 : Open license file E:/Anlogic/TD5.6.59063/license/Anlogic.lic
RUN-1001 : Print Global Property
RUN-1001 : ---------------------------------------------------------------
RUN-1001 :        Parameters        |  Settings  |  Default Values  |  Note  
RUN-1001 : ---------------------------------------------------------------
RUN-1001 :          message         |  standard  |     standard     |        
RUN-1001 :   mixed_pack_place_flow  |     on     |        on        |        
RUN-1001 :        qor_monitor       |    off     |       off        |        
RUN-1001 :        syn_ip_flow       |    off     |       off        |        
RUN-1001 :          thread          |    auto    |       auto       |        
RUN-1001 : ---------------------------------------------------------------
RUN-1001 : Print Place Property
RUN-1001 : --------------------------------------------------------------
RUN-1001 :        Parameters       |  Settings  |  Default Values  |  Note  
RUN-1001 : --------------------------------------------------------------
RUN-1001 :      detailed_place     |     on     |        on        |        
RUN-1001 :          effort         |   medium   |      medium      |        
RUN-1001 :         fix_hold        |    off     |       off        |        
RUN-1001 :       legalization      |    ori     |       ori        |        
RUN-1001 :      new_spreading      |     on     |        on        |        
RUN-1001 :        opt_timing       |   medium   |      medium      |        
RUN-1001 :   post_clock_route_opt  |    off     |       off        |        
RUN-1001 :       pr_strategy       |     1      |        1         |        
RUN-1001 :        relaxation       |    1.00    |       1.00       |        
RUN-1001 :         retiming        |    off     |       off        |        
RUN-1001 : --------------------------------------------------------------
PHY-3001 : Placer runs in 16 thread(s).
RUN-1002 : start command "legalize_phy_inst"
SYN-1011 : Flatten model keyboard_instance
RUN-1002 : start command "phys_opt -simplify_lut"
SYN-4024 : Net "clk_50M_dup_1" drives clk pins.
SYN-4024 : Net "U1/scan_clk" drives clk pins.
SYN-4025 : Tag rtl::Net U1/scan_clk as clock net
SYN-4025 : Tag rtl::Net clk_50M_dup_1 as clock net
SYN-4026 : Tagged 2 rtl::Net as clock net
SYN-4015 : Create BUFG instance for clk Net U1/scan_clk to drive 20 clock pins.
PHY-1001 : Populate physical database on model keyboard_instance.
RUN-1001 : There are total 764 instances
RUN-0007 : 358 luts, 241 seqs, 96 mslices, 41 lslices, 24 pads, 0 brams, 0 dsps
RUN-1001 : There are total 906 nets
RUN-1001 : 559 nets have 2 pins
RUN-1001 : 215 nets have [3 - 5] pins
RUN-1001 : 104 nets have [6 - 10] pins
RUN-1001 : 16 nets have [11 - 20] pins
RUN-1001 : 10 nets have [21 - 99] pins
RUN-1001 : 2 nets have 100+ pins
RUN-1001 : Report Control nets information:
RUN-1001 : DFF Distribution
RUN-1001 : ----------------------------------
RUN-1001 :   CE   |  SSR  |  ASR  |  DFF Count  
RUN-1001 : ----------------------------------
RUN-1001 :   No   |  No   |  No   |     92      
RUN-1001 :   No   |  No   |  Yes  |     20      
RUN-1001 :   No   |  Yes  |  No   |     17      
RUN-1001 :   Yes  |  No   |  No   |     48      
RUN-1001 :   Yes  |  No   |  Yes  |     32      
RUN-1001 :   Yes  |  Yes  |  No   |     32      
RUN-1001 : ----------------------------------
RUN-0007 : Control Group Statistic
RUN-0007 : ---------------------------
RUN-0007 :   #CLK  |  #CE  |  #SSR/ASR  
RUN-0007 : ---------------------------
RUN-0007 :    2    |   6   |     3      
RUN-0007 : ---------------------------
RUN-0007 : Control Set = 9
PHY-3001 : Initial placement ...
PHY-3001 : design contains 762 instances, 358 luts, 241 seqs, 137 slices, 14 macros(137 instances: 96 mslices 41 lslices)
PHY-0007 : Cell area utilization is 3%
PHY-3001 : Start timing update ...
RUN-1002 : start command "start_timer -report"
TMR-2505 : Start building timing graph for model keyboard_instance.
TMR-2506 : Build timing graph completely. Port num: 8, tpin num: 3350, tnet num: 904, tinst num: 762, tnode num: 4045, tedge num: 5391.
TMR-2508 : Levelizing timing graph completed, there are 43 levels in total.
TMR-2501 : Timing graph initialized successfully.
TMR-2503 : Start to update net delay, extr mode = 2.
TMR-2504 : Update delay of 904 nets completely.
TMR-2502 : Annotate delay completely, extr mode = 2.
TMR-3001 : Initiate 0 clocks from SDC.
TMR-3004 : Map sdc constraints, there are 0 constraints in total.
TMR-3003 : Constraints initiated successfully.
TMR-3501 : Forward propagation: start to calculate arrival time...
TMR-3502 : Backward propagation: start to calculate required time...
TMR-3503 : Timing propagation completes.
PHY-3001 : End timing update;  0.137603s wall, 0.062500s user + 0.000000s system = 0.062500s CPU (45.4%)

PHY-3001 : Global placement ...
PHY-3001 : Initial: Len = 240120
PHY-3001 : Clustering ...
PHY-3001 : Level 0 #clusters 762.
PHY-3001 : End clustering;  0.000016s wall, 0.000000s user + 0.000000s system = 0.000000s CPU (n/a%)

PHY-3001 : Run with size of 4
PHY-3001 : Cell area utilization is 3%
PHY-3001 : :::0::: Try harder cell spreading with beta_ = 0
PHY-3002 : Step(1): len = 154162, overlap = 0
PHY-3002 : Step(2): len = 100017, overlap = 0
PHY-3002 : Step(3): len = 72459.6, overlap = 0
PHY-3002 : Step(4): len = 50701.7, overlap = 0
PHY-3002 : Step(5): len = 40517.5, overlap = 0
PHY-3002 : Step(6): len = 33519.4, overlap = 3
PHY-3002 : Step(7): len = 26822.1, overlap = 0.1875
PHY-3002 : Step(8): len = 23252.3, overlap = 8.09375
PHY-3002 : Step(9): len = 22282.5, overlap = 6.6875
PHY-3002 : Step(10): len = 20272.2, overlap = 5.9375
PHY-3002 : Step(11): len = 19415.4, overlap = 6.3125
PHY-3002 : Step(12): len = 19188.4, overlap = 6.25
PHY-3002 : Step(13): len = 18464.2, overlap = 8.8125
PHY-3002 : Step(14): len = 17614.9, overlap = 11.125
PHY-3002 : Step(15): len = 17567.6, overlap = 15.0625
PHY-3002 : Step(16): len = 17254.4, overlap = 19.4688
PHY-3002 : Step(17): len = 16902.7, overlap = 20.25
PHY-3002 : Step(18): len = 17112.2, overlap = 20.8438
PHY-3002 : Step(19): len = 17332.5, overlap = 20.75
PHY-3002 : Step(20): len = 15868.5, overlap = 20.75
PHY-3002 : Step(21): len = 15045.7, overlap = 21.1875
PHY-3002 : Step(22): len = 15045.7, overlap = 21.1875
PHY-3002 : Step(23): len = 13921.2, overlap = 21.3438
PHY-3002 : Step(24): len = 13921.2, overlap = 21.3438
PHY-3002 : Step(25): len = 13622, overlap = 21
PHY-3002 : Step(26): len = 13622, overlap = 21
PHY-3002 : Step(27): len = 13282.2, overlap = 21
PHY-3001 : Legalization ...
PHY-3001 : End legalization;  0.004077s wall, 0.000000s user + 0.000000s system = 0.000000s CPU (n/a%)

PHY-3001 : Run with size of 4
PHY-3001 : Cell area utilization is 4%
PHY-3001 : Update timing in Manhattan mode ...
TMR-2503 : Start to update net delay, extr mode = 3.
TMR-2504 : Update delay of 904 nets completely.
TMR-2502 : Annotate delay completely, extr mode = 3.
TMR-3501 : Forward propagation: start to calculate arrival time...
TMR-3502 : Backward propagation: start to calculate required time...
TMR-3503 : Timing propagation completes.
PHY-3001 : End timing update;  0.008582s wall, 0.000000s user + 0.000000s system = 0.000000s CPU (n/a%)

PHY-3001 : :::0::: Try harder cell spreading with beta_ = 2.56719e-06
PHY-3002 : Step(28): len = 13267.5, overlap = 36
PHY-3002 : Step(29): len = 13341.8, overlap = 36
PHY-3001 : :::1::: Try harder cell spreading with beta_ = 5.13437e-06
PHY-3002 : Step(30): len = 13046.2, overlap = 35.8438
PHY-3002 : Step(31): len = 13131.4, overlap = 35.6562
PHY-3001 : :::2::: Try harder cell spreading with beta_ = 1.02687e-05
PHY-3002 : Step(32): len = 13240.8, overlap = 34.375
PHY-3002 : Step(33): len = 13412.5, overlap = 34.1875
PHY-3002 : Step(34): len = 13783.5, overlap = 33.7188
PHY-3001 : :::3::: Try harder cell spreading with beta_ = 2.05375e-05
PHY-3002 : Step(35): len = 13190.9, overlap = 32.9062
PHY-3002 : Step(36): len = 13328.3, overlap = 32.7188
PHY-3002 : Step(37): len = 14327.8, overlap = 30.25
PHY-3002 : Step(38): len = 14947, overlap = 29.5625
PHY-3002 : Step(39): len = 13717.4, overlap = 15.875
PHY-3002 : Step(40): len = 14179.6, overlap = 16.2812
PHY-3002 : Step(41): len = 14302.1, overlap = 16.125
PHY-3001 : :::4::: Try harder cell spreading with beta_ = 4.1075e-05
PHY-3002 : Step(42): len = 13511.5, overlap = 16.5
PHY-3002 : Step(43): len = 13608.5, overlap = 16.6875
PHY-3002 : Step(44): len = 13720.6, overlap = 16.6875
PHY-3001 : :::5::: Try harder cell spreading with beta_ = 8.21499e-05
PHY-3002 : Step(45): len = 13587, overlap = 15.3125
PHY-3002 : Step(46): len = 13587, overlap = 15.3125
PHY-3002 : Step(47): len = 13504.7, overlap = 15.5938
PHY-3001 : Run with size of 2
PHY-3001 : Cell area utilization is 4%
PHY-3001 : Update timing in Manhattan mode ...
TMR-2503 : Start to update net delay, extr mode = 3.
TMR-2504 : Update delay of 904 nets completely.
TMR-2502 : Annotate delay completely, extr mode = 3.
TMR-3501 : Forward propagation: start to calculate arrival time...
TMR-3502 : Backward propagation: start to calculate required time...
TMR-3503 : Timing propagation completes.
PHY-3001 : End timing update;  0.008360s wall, 0.000000s user + 0.000000s system = 0.000000s CPU (n/a%)

PHY-3001 : :::0::: Try harder cell spreading with beta_ = 2.55121e-05
PHY-3002 : Step(48): len = 14296.3, overlap = 31.5938
PHY-3002 : Step(49): len = 14862, overlap = 31.7188
PHY-3002 : Step(50): len = 15734.7, overlap = 31.3438
PHY-3001 : :::1::: Try harder cell spreading with beta_ = 5.10242e-05
PHY-3002 : Step(51): len = 14626.2, overlap = 32.875
PHY-3002 : Step(52): len = 14914.1, overlap = 32.25
PHY-3002 : Step(53): len = 15231.5, overlap = 25.0625
PHY-3001 : :::2::: Try harder cell spreading with beta_ = 0.000102048
PHY-3002 : Step(54): len = 15765.5, overlap = 26.125
PHY-3002 : Step(55): len = 16061.6, overlap = 26.125
PHY-3002 : Step(56): len = 16232.5, overlap = 25.8125
OPT-1001 : Start physical optimization ...
RUN-1002 : start command "start_timer -report"
TMR-2505 : Start building timing graph for model keyboard_instance.
TMR-2506 : Build timing graph completely. Port num: 8, tpin num: 3350, tnet num: 904, tinst num: 762, tnode num: 4045, tedge num: 5391.
TMR-2508 : Levelizing timing graph completed, there are 43 levels in total.
TMR-2501 : Timing graph initialized successfully.
OPT-1001 : Total overflow 56.12 peak overflow 4.25
OPT-1001 : Start high-fanout net optimization ...
OPT-1001 : Update timing in global mode
PHY-1001 : Start incremental global routing, caller is place ...
RUN-1001 : Generating global routing grids ...
RUN-1001 : Building simple global routing graph ...
PHY-1001 : Generate routing nets ...
PHY-1001 : Reuse net number 0/906.
PHY-1001 : Global iterations in 16 thread ...
PHY-1002 : len = 17792, over cnt = 101(0%), over = 369, worst = 20
PHY-1001 : End global iterations;  0.044420s wall, 0.015625s user + 0.015625s system = 0.031250s CPU (70.4%)

PHY-1001 : Congestion index: top1 = 23.99, top5 = 11.78, top10 = 6.64, top15 = 4.43.
PHY-1001 : End incremental global routing;  0.090058s wall, 0.031250s user + 0.031250s system = 0.062500s CPU (69.4%)

TMR-2503 : Start to update net delay, extr mode = 5.
TMR-2504 : Update delay of 904 nets completely.
TMR-2502 : Annotate delay completely, extr mode = 5.
TMR-3001 : Initiate 0 clocks from SDC.
TMR-3004 : Map sdc constraints, there are 0 constraints in total.
TMR-3003 : Constraints initiated successfully.
TMR-3501 : Forward propagation: start to calculate arrival time...
TMR-3502 : Backward propagation: start to calculate required time...
TMR-3503 : Timing propagation completes.
OPT-1001 : End timing update;  0.012548s wall, 0.015625s user + 0.000000s system = 0.015625s CPU (124.5%)

OPT-1001 : 0 high-fanout net processed.
OPT-1001 : End high-fanout net optimization;  0.110737s wall, 0.046875s user + 0.031250s system = 0.078125s CPU (70.6%)

OPT-1001 : Current memory(MB): used = 151, reserve = 121, peak = 151.
OPT-1001 : Start global optimization ...
OPT-1001 : Start congestion update ...
RUN-1001 : Generating global routing grids ...
PHY-1001 : Generate routing nets ...
PHY-1001 : Reuse net number 579/906.
PHY-1001 : Global iterations in 16 thread ...
PHY-1002 : len = 17792, over cnt = 101(0%), over = 369, worst = 20
PHY-1002 : len = 19896, over cnt = 60(0%), over = 160, worst = 10
PHY-1002 : len = 20448, over cnt = 39(0%), over = 110, worst = 7
PHY-1002 : len = 21912, over cnt = 1(0%), over = 1, worst = 1
PHY-1002 : len = 21944, over cnt = 0(0%), over = 0, worst = 0
PHY-1001 : End global iterations;  0.043584s wall, 0.031250s user + 0.000000s system = 0.031250s CPU (71.7%)

PHY-1001 : Congestion index: top1 = 22.26, top5 = 12.85, top10 = 7.65, top15 = 5.15.
OPT-1001 : End congestion update;  0.079723s wall, 0.046875s user + 0.000000s system = 0.046875s CPU (58.8%)

OPT-1001 : Update timing in Manhattan mode
TMR-2503 : Start to update net delay, extr mode = 3.
TMR-2504 : Update delay of 904 nets completely.
TMR-2502 : Annotate delay completely, extr mode = 3.
TMR-3501 : Forward propagation: start to calculate arrival time...
TMR-3502 : Backward propagation: start to calculate required time...
TMR-3503 : Timing propagation completes.
OPT-1001 : End timing update;  0.008892s wall, 0.000000s user + 0.000000s system = 0.000000s CPU (n/a%)

OPT-0007 : Start: WNS 2147483647 TNS 0 NUM_FEPS 0
OPT-1001 : End global optimization;  0.088727s wall, 0.046875s user + 0.000000s system = 0.046875s CPU (52.8%)

OPT-1001 : Current memory(MB): used = 151, reserve = 122, peak = 151.
OPT-1001 : End physical optimization;  0.348661s wall, 0.125000s user + 0.031250s system = 0.156250s CPU (44.8%)

PHY-3001 : Start packing ...
SYN-4007 : Packing 0 MUX to BLE ...
SYN-4008 : Packed 0 MUX and 0 SEQ to BLE.
SYN-4007 : Packing 358 LUT to BLE ...
SYN-4008 : Packed 358 LUT and 106 SEQ to BLE.
SYN-4003 : Packing 135 remaining SEQ's ...
SYN-4005 : Packed 62 SEQ with LUT/SLICE
SYN-4006 : 202 single LUT's are left
SYN-4006 : 73 single SEQ's are left
SYN-4011 : Packing model "keyboard_instance" (AL_USER_NORMAL) with 431/596 primitive instances ...
PHY-3001 : End packing;  0.025330s wall, 0.031250s user + 0.000000s system = 0.031250s CPU (123.4%)

PHY-1001 : Populate physical database on model keyboard_instance.
RUN-1001 : There are total 391 instances
RUN-1001 : 182 mslices, 181 lslices, 24 pads, 0 brams, 0 dsps
RUN-1001 : There are total 812 nets
RUN-1001 : 462 nets have 2 pins
RUN-1001 : 225 nets have [3 - 5] pins
RUN-1001 : 98 nets have [6 - 10] pins
RUN-1001 : 18 nets have [11 - 20] pins
RUN-1001 : 7 nets have [21 - 99] pins
RUN-1001 : 2 nets have 100+ pins
PHY-3001 : design contains 389 instances, 363 slices, 14 macros(137 instances: 96 mslices 41 lslices)
PHY-3001 : Cell area utilization is 4%
PHY-3001 : After packing: Len = 16508.2, Over = 33.25
PHY-3001 : Run with size of 2
PHY-3001 : Cell area utilization is 4%
PHY-3001 : Update timing in Manhattan mode ...
RUN-1002 : start command "start_timer -report"
TMR-2505 : Start building timing graph for model keyboard_instance.
TMR-2506 : Build timing graph completely. Port num: 8, tpin num: 2971, tnet num: 810, tinst num: 389, tnode num: 3479, tedge num: 4944.
TMR-2508 : Levelizing timing graph completed, there are 41 levels in total.
TMR-2501 : Timing graph initialized successfully.
TMR-2503 : Start to update net delay, extr mode = 3.
TMR-2504 : Update delay of 810 nets completely.
TMR-2502 : Annotate delay completely, extr mode = 3.
TMR-3001 : Initiate 0 clocks from SDC.
TMR-3004 : Map sdc constraints, there are 0 constraints in total.
TMR-3003 : Constraints initiated successfully.
TMR-3501 : Forward propagation: start to calculate arrival time...
TMR-3502 : Backward propagation: start to calculate required time...
TMR-3503 : Timing propagation completes.
PHY-3001 : End timing update;  0.148696s wall, 0.093750s user + 0.000000s system = 0.093750s CPU (63.0%)

PHY-3001 : :::0::: Try harder cell spreading with beta_ = 2.19311e-05
PHY-3002 : Step(57): len = 15233.7, overlap = 34.5
PHY-3002 : Step(58): len = 15333.7, overlap = 34.75
PHY-3002 : Step(59): len = 15142.1, overlap = 34.5
PHY-3002 : Step(60): len = 15023.3, overlap = 32.75
PHY-3002 : Step(61): len = 14960.9, overlap = 30.75
PHY-3001 : :::1::: Try harder cell spreading with beta_ = 4.38622e-05
PHY-3002 : Step(62): len = 15269, overlap = 29.25
PHY-3002 : Step(63): len = 15425.3, overlap = 28.75
PHY-3002 : Step(64): len = 15566.9, overlap = 28.5
PHY-3001 : :::2::: Try harder cell spreading with beta_ = 8.77245e-05
PHY-3002 : Step(65): len = 16168, overlap = 27.25
PHY-3002 : Step(66): len = 16337.2, overlap = 27.75
PHY-3002 : Step(67): len = 16560.6, overlap = 27.5
PHY-3001 : Legalization ...
PHY-3001 : End legalization;  0.051821s wall, 0.000000s user + 0.000000s system = 0.000000s CPU (n/a%)

PHY-3001 : Trial Legalized: Len = 25054.2
PHY-3001 : Run with size of 2
PHY-3001 : Cell area utilization is 4%
PHY-3001 : Update timing in Manhattan mode ...
TMR-2503 : Start to update net delay, extr mode = 3.
TMR-2504 : Update delay of 810 nets completely.
TMR-2502 : Annotate delay completely, extr mode = 3.
TMR-3501 : Forward propagation: start to calculate arrival time...
TMR-3502 : Backward propagation: start to calculate required time...
TMR-3503 : Timing propagation completes.
PHY-3001 : End timing update;  0.008366s wall, 0.000000s user + 0.000000s system = 0.000000s CPU (n/a%)

PHY-3001 : :::0::: Try harder cell spreading with beta_ = 0.00109781
PHY-3002 : Step(68): len = 21498.8, overlap = 4.25
PHY-3002 : Step(69): len = 20271.5, overlap = 6.5
PHY-3002 : Step(70): len = 18095.1, overlap = 9.5
PHY-3002 : Step(71): len = 17501.4, overlap = 12.75
PHY-3002 : Step(72): len = 17531.3, overlap = 12.75
PHY-3002 : Step(73): len = 17504.8, overlap = 12.75
PHY-3002 : Step(74): len = 17138.4, overlap = 13.25
PHY-3002 : Step(75): len = 17043.7, overlap = 14
PHY-3002 : Step(76): len = 17019, overlap = 15.25
PHY-3001 : :::1::: Try harder cell spreading with beta_ = 0.0020619
PHY-3002 : Step(77): len = 17056.5, overlap = 15.25
PHY-3002 : Step(78): len = 17057.5, overlap = 15.25
PHY-3001 : :::2::: Try harder cell spreading with beta_ = 0.00412381
PHY-3002 : Step(79): len = 17013.3, overlap = 14.75
PHY-3002 : Step(80): len = 17013.3, overlap = 14.75
PHY-3001 : Legalization ...
PHY-3001 : End legalization;  0.005398s wall, 0.000000s user + 0.000000s system = 0.000000s CPU (n/a%)

PHY-3001 : Legalized: Len = 20648.1, Over = 0
PHY-3001 : End spreading;  0.002909s wall, 0.000000s user + 0.000000s system = 0.000000s CPU (n/a%)

PHY-3001 : Final: Len = 20648.1, Over = 0
OPT-1001 : Start physical optimization ...
RUN-1002 : start command "start_timer -report"
TMR-2505 : Start building timing graph for model keyboard_instance.
TMR-2506 : Build timing graph completely. Port num: 8, tpin num: 2971, tnet num: 810, tinst num: 389, tnode num: 3479, tedge num: 4944.
TMR-2508 : Levelizing timing graph completed, there are 41 levels in total.
TMR-2501 : Timing graph initialized successfully.
OPT-1001 : Total overflow 0.00 peak overflow 0.00
OPT-1001 : Start high-fanout net optimization ...
OPT-1001 : Update timing in global mode
PHY-1001 : Start incremental global routing, caller is place ...
RUN-1001 : Generating global routing grids ...
PHY-1001 : Generate routing nets ...
PHY-1001 : Reuse net number 30/812.
PHY-1001 : Global iterations in 16 thread ...
PHY-1002 : len = 23864, over cnt = 66(0%), over = 108, worst = 6
PHY-1002 : len = 24304, over cnt = 43(0%), over = 60, worst = 4
PHY-1002 : len = 24784, over cnt = 11(0%), over = 19, worst = 4
PHY-1002 : len = 25008, over cnt = 3(0%), over = 5, worst = 2
PHY-1002 : len = 25088, over cnt = 0(0%), over = 0, worst = 0
PHY-1001 : End global iterations;  0.070264s wall, 0.031250s user + 0.000000s system = 0.031250s CPU (44.5%)

PHY-1001 : Congestion index: top1 = 21.59, top5 = 13.62, top10 = 8.61, top15 = 5.96.
PHY-1001 : End incremental global routing;  0.111895s wall, 0.062500s user + 0.000000s system = 0.062500s CPU (55.9%)

TMR-2503 : Start to update net delay, extr mode = 5.
TMR-2504 : Update delay of 810 nets completely.
TMR-2502 : Annotate delay completely, extr mode = 5.
TMR-3001 : Initiate 0 clocks from SDC.
TMR-3004 : Map sdc constraints, there are 0 constraints in total.
TMR-3003 : Constraints initiated successfully.
TMR-3501 : Forward propagation: start to calculate arrival time...
TMR-3502 : Backward propagation: start to calculate required time...
TMR-3503 : Timing propagation completes.
OPT-1001 : End timing update;  0.013000s wall, 0.000000s user + 0.000000s system = 0.000000s CPU (n/a%)

OPT-1001 : 0 high-fanout net processed.
OPT-1001 : End high-fanout net optimization;  0.132907s wall, 0.078125s user + 0.000000s system = 0.078125s CPU (58.8%)

OPT-1001 : Current memory(MB): used = 155, reserve = 126, peak = 155.
OPT-1001 : Start path based optimization ...
OPT-1001 : Start congestion update ...
RUN-1001 : Generating global routing grids ...
PHY-1001 : Generate routing nets ...
PHY-1001 : Reuse net number 656/812.
PHY-1001 : Global iterations in 16 thread ...
PHY-1002 : len = 25088, over cnt = 0(0%), over = 0, worst = 0
PHY-1001 : End global iterations;  0.002131s wall, 0.000000s user + 0.000000s system = 0.000000s CPU (n/a%)

PHY-1001 : Congestion index: top1 = 21.59, top5 = 13.62, top10 = 8.61, top15 = 5.96.
OPT-1001 : End congestion update;  0.041578s wall, 0.015625s user + 0.000000s system = 0.015625s CPU (37.6%)

OPT-1001 : Update timing in Manhattan mode
TMR-2503 : Start to update net delay, extr mode = 3.
TMR-2504 : Update delay of 810 nets completely.
TMR-2502 : Annotate delay completely, extr mode = 3.
TMR-3501 : Forward propagation: start to calculate arrival time...
TMR-3502 : Backward propagation: start to calculate required time...
TMR-3503 : Timing propagation completes.
OPT-1001 : End timing update;  0.010838s wall, 0.015625s user + 0.000000s system = 0.015625s CPU (144.2%)

OPT-0007 : Start: WNS 2147483647 TNS 0 NUM_FEPS 0
OPT-1001 : End path based optimization;  0.052514s wall, 0.031250s user + 0.000000s system = 0.031250s CPU (59.5%)

OPT-1001 : Current memory(MB): used = 156, reserve = 126, peak = 156.
OPT-1001 : Update timing in Manhattan mode
TMR-2503 : Start to update net delay, extr mode = 3.
TMR-2504 : Update delay of 810 nets completely.
TMR-2502 : Annotate delay completely, extr mode = 3.
TMR-3501 : Forward propagation: start to calculate arrival time...
TMR-3502 : Backward propagation: start to calculate required time...
TMR-3503 : Timing propagation completes.
OPT-1001 : End timing update;  0.006336s wall, 0.000000s user + 0.000000s system = 0.000000s CPU (n/a%)

OPT-1001 : Start pin optimization...
OPT-1001 : skip pin optimization...
OPT-1001 : Update timing in global mode
PHY-1001 : Start incremental global routing, caller is place ...
RUN-1001 : Generating global routing grids ...
PHY-1001 : Generate routing nets ...
PHY-1001 : Reuse net number 656/812.
PHY-1001 : Global iterations in 16 thread ...
PHY-1002 : len = 25088, over cnt = 0(0%), over = 0, worst = 0
PHY-1001 : End global iterations;  0.002399s wall, 0.015625s user + 0.000000s system = 0.015625s CPU (651.3%)

PHY-1001 : Congestion index: top1 = 21.59, top5 = 13.62, top10 = 8.61, top15 = 5.96.
PHY-1001 : End incremental global routing;  0.044356s wall, 0.015625s user + 0.000000s system = 0.015625s CPU (35.2%)

TMR-2503 : Start to update net delay, extr mode = 5.
TMR-2504 : Update delay of 810 nets completely.
TMR-2502 : Annotate delay completely, extr mode = 5.
TMR-3501 : Forward propagation: start to calculate arrival time...
TMR-3502 : Backward propagation: start to calculate required time...
TMR-3503 : Timing propagation completes.
OPT-1001 : End timing update;  0.012353s wall, 0.000000s user + 0.000000s system = 0.000000s CPU (n/a%)

RUN-1001 : Generating global routing grids ...
PHY-1001 : Generate routing nets ...
PHY-1001 : Reuse net number 656/812.
PHY-1001 : Global iterations in 16 thread ...
PHY-1002 : len = 25088, over cnt = 0(0%), over = 0, worst = 0
PHY-1001 : End global iterations;  0.002111s wall, 0.000000s user + 0.000000s system = 0.000000s CPU (n/a%)

PHY-1001 : Congestion index: top1 = 21.59, top5 = 13.62, top10 = 8.61, top15 = 5.96.
OPT-1001 : Update timing in Manhattan mode
TMR-2503 : Start to update net delay, extr mode = 3.
TMR-2504 : Update delay of 810 nets completely.
TMR-2502 : Annotate delay completely, extr mode = 3.
TMR-3501 : Forward propagation: start to calculate arrival time...
TMR-3502 : Backward propagation: start to calculate required time...
TMR-3503 : Timing propagation completes.
OPT-1001 : End timing update;  0.009869s wall, 0.000000s user + 0.000000s system = 0.000000s CPU (n/a%)

RUN-1001 : QoR Analysis:
OPT-0007 :   WNS 2147483647 TNS 0 NUM_FEPS 0
RUN-1001 :   No local congestion issue, and most congested 1% tile average routing util is 21.172414
RUN-1001 :   Top critical paths
OPT-1001 : End physical optimization;  0.465134s wall, 0.203125s user + 0.000000s system = 0.203125s CPU (43.7%)

RUN-1003 : finish command "place" in  2.823581s wall, 0.765625s user + 0.515625s system = 1.281250s CPU (45.4%)

RUN-1004 : used memory is 137 MB, reserved memory is 107 MB, peak memory is 156 MB
RUN-1002 : start command "export_db keyboard_place.db"
RUN-1001 : Exported /
RUN-1001 : Exported flow parameters
RUN-1001 : Exported libs
RUN-1001 : Exported entities
RUN-1001 : Exported ports
RUN-1001 : Exported pins
RUN-1001 : Exported instances
RUN-1001 : Exported nets
RUN-1001 : Exported buses
RUN-1001 : Exported models
RUN-1001 : Exported congestions
RUN-1001 : Exported violations
RUN-1001 : Exported timing constraints
RUN-1001 : Exported IO constraints
RUN-1001 : Exported Inst constraints
RUN-1002 : start command "route"
RUN-1001 : Open license file E:/Anlogic/TD5.6.59063/license/Anlogic.lic
RUN-1001 : Print Global Property
RUN-1001 : ---------------------------------------------------------------
RUN-1001 :        Parameters        |  Settings  |  Default Values  |  Note  
RUN-1001 : ---------------------------------------------------------------
RUN-1001 :          message         |  standard  |     standard     |        
RUN-1001 :   mixed_pack_place_flow  |     on     |        on        |        
RUN-1001 :        qor_monitor       |    off     |       off        |        
RUN-1001 :        syn_ip_flow       |    off     |       off        |        
RUN-1001 :          thread          |    auto    |       auto       |        
RUN-1001 : ---------------------------------------------------------------
RUN-1001 : Print Route Property
RUN-1001 : -------------------------------------------------------
RUN-1001 :    Parameters    |  Settings  |  Default Values  |  Note  
RUN-1001 : -------------------------------------------------------
RUN-1001 :      effort      |   medium   |      medium      |        
RUN-1001 :     fix_hold     |    off     |       off        |        
RUN-1001 :    opt_timing    |   medium   |      medium      |        
RUN-1001 :   phy_sim_model  |    off     |       off        |        
RUN-1001 :     priority     |   timing   |      timing      |        
RUN-1001 :     swap_pin     |     on     |        on        |        
RUN-1001 : -------------------------------------------------------
PHY-1001 : Route runs in 16 thread(s)
RUN-1001 : There are total 391 instances
RUN-1001 : 182 mslices, 181 lslices, 24 pads, 0 brams, 0 dsps
RUN-1001 : There are total 812 nets
RUN-1001 : 462 nets have 2 pins
RUN-1001 : 225 nets have [3 - 5] pins
RUN-1001 : 98 nets have [6 - 10] pins
RUN-1001 : 18 nets have [11 - 20] pins
RUN-1001 : 7 nets have [21 - 99] pins
RUN-1001 : 2 nets have 100+ pins
RUN-1002 : start command "start_timer -report"
TMR-2505 : Start building timing graph for model keyboard_instance.
TMR-2506 : Build timing graph completely. Port num: 8, tpin num: 2971, tnet num: 810, tinst num: 389, tnode num: 3479, tedge num: 4944.
TMR-2508 : Levelizing timing graph completed, there are 41 levels in total.
TMR-2501 : Timing graph initialized successfully.
PHY-1001 : 182 mslices, 181 lslices, 24 pads, 0 brams, 0 dsps
TMR-2503 : Start to update net delay, extr mode = 3.
TMR-2504 : Update delay of 810 nets completely.
TMR-2502 : Annotate delay completely, extr mode = 3.
TMR-3001 : Initiate 0 clocks from SDC.
TMR-3004 : Map sdc constraints, there are 0 constraints in total.
TMR-3003 : Constraints initiated successfully.
TMR-3501 : Forward propagation: start to calculate arrival time...
TMR-3502 : Backward propagation: start to calculate required time...
TMR-3503 : Timing propagation completes.
PHY-1001 : Start global routing, caller is route ...
RUN-1001 : Generating global routing grids ...
PHY-1001 : Generate routing nets ...
PHY-1001 : Global iterations in 16 thread ...
PHY-1002 : len = 23456, over cnt = 66(0%), over = 107, worst = 5
PHY-1002 : len = 23784, over cnt = 40(0%), over = 62, worst = 5
PHY-1002 : len = 24616, over cnt = 1(0%), over = 1, worst = 1
PHY-1002 : len = 24632, over cnt = 0(0%), over = 0, worst = 0
PHY-1001 : End global iterations;  0.069870s wall, 0.015625s user + 0.000000s system = 0.015625s CPU (22.4%)

PHY-1001 : Congestion index: top1 = 21.49, top5 = 13.55, top10 = 8.50, top15 = 5.85.
PHY-1001 : End global routing;  0.112220s wall, 0.031250s user + 0.000000s system = 0.031250s CPU (27.8%)

PHY-1001 : Start detail routing ...
PHY-1001 : Current memory(MB): used = 176, reserve = 147, peak = 189.
PHY-1001 : Detailed router is running in normal mode.
PHY-1001 : Generate detailed routing grids ...
PHY-1001 : Generate nets ...
PHY-1001 : net clk_50M_dup_1 will be routed on clock mesh
PHY-1001 : clock net U1/scan_clk_syn_4 will be merged with clock U1/scan_clk
PHY-1001 : Current memory(MB): used = 442, reserve = 417, peak = 442.
PHY-1001 : End build detailed router design. 3.358059s wall, 1.484375s user + 0.015625s system = 1.500000s CPU (44.7%)

PHY-1001 : Detail Route ...
PHY-1001 : ===== Detail Route Phase 1 =====
PHY-1001 : Clock net routing.....
PHY-1001 : Routed 0% nets.
PHY-1022 : len = 11344, over cnt = 0(0%), over = 0, worst = 0, crit = 0
PHY-1001 : End initial clock net routed; 0.330713s wall, 0.015625s user + 0.000000s system = 0.015625s CPU (4.7%)

PHY-1001 : Current memory(MB): used = 472, reserve = 448, peak = 472.
PHY-1001 : End phase 1; 0.336186s wall, 0.015625s user + 0.000000s system = 0.015625s CPU (4.6%)

PHY-1001 : ===== Detail Route Phase 2 =====
PHY-1001 : Initial routing.....
PHY-1001 : Routed 21% nets.
PHY-1001 : Routed 34% nets.
PHY-1001 : Routed 37% nets.
PHY-1001 : Routed 37% nets.
PHY-1001 : Routed 37% nets.
PHY-1001 : Patch 357 net; 0.162310s wall, 0.062500s user + 0.000000s system = 0.062500s CPU (38.5%)

PHY-1022 : len = 54784, over cnt = 27(0%), over = 27, worst = 1, crit = 0
PHY-1001 : Current memory(MB): used = 472, reserve = 449, peak = 473.
PHY-1001 : End initial routed; 0.305623s wall, 0.078125s user + 0.000000s system = 0.078125s CPU (25.6%)

PHY-1001 : Update timing.....
PHY-1001 : 0/663(0%) critical/total net(s).
RUN-1001 : ------------------------------------------
RUN-1001 :   Type   |    WNS(ns)    |  TNS(ns)  |  FEP  
RUN-1001 : ------------------------------------------
RUN-1001 :   Setup  |  2147483.647  |   0.000   |   0   
RUN-1001 :   Hold   |  2147483.647  |   0.000   |   0   
RUN-1001 : ------------------------------------------
PHY-1001 : End update timing; 0.182205s wall, 0.031250s user + 0.000000s system = 0.031250s CPU (17.2%)

PHY-1001 : Current memory(MB): used = 474, reserve = 450, peak = 474.
PHY-1001 : End phase 2; 0.487927s wall, 0.109375s user + 0.000000s system = 0.109375s CPU (22.4%)

PHY-1001 : ===== Detail Route Phase 3 =====
PHY-1001 : Optimize timing.....
PHY-1022 : len = 54784, over cnt = 27(0%), over = 27, worst = 1, crit = 0
PHY-1001 : End optimize timing; 0.004599s wall, 0.000000s user + 0.000000s system = 0.000000s CPU (n/a%)

PHY-1001 : Ripup-reroute.....
PHY-1001 : ===== DR Iter 1 =====
PHY-1022 : len = 54848, over cnt = 4(0%), over = 4, worst = 1, crit = 0
PHY-1001 : End DR Iter 1; 0.024477s wall, 0.015625s user + 0.000000s system = 0.015625s CPU (63.8%)

PHY-1001 : ===== DR Iter 2 =====
PHY-1022 : len = 54888, over cnt = 0(0%), over = 0, worst = 0, crit = 0
PHY-1001 : End DR Iter 2; 0.017161s wall, 0.000000s user + 0.000000s system = 0.000000s CPU (n/a%)

PHY-1001 : Update timing.....
PHY-1001 : 0/663(0%) critical/total net(s).
RUN-1001 : ------------------------------------------
RUN-1001 :   Type   |    WNS(ns)    |  TNS(ns)  |  FEP  
RUN-1001 : ------------------------------------------
RUN-1001 :   Setup  |  2147483.647  |   0.000   |   0   
RUN-1001 :   Hold   |  2147483.647  |   0.000   |   0   
RUN-1001 : ------------------------------------------
PHY-1001 : End update timing; 0.177989s wall, 0.046875s user + 0.000000s system = 0.046875s CPU (26.3%)

PHY-1001 : Commit to database.....
PHY-1001 : 12 feed throughs used by 12 nets
PHY-1001 : End commit to database; 0.070668s wall, 0.046875s user + 0.000000s system = 0.046875s CPU (66.3%)

PHY-1001 : Current memory(MB): used = 484, reserve = 461, peak = 484.
PHY-1001 : End phase 3; 0.424652s wall, 0.140625s user + 0.000000s system = 0.140625s CPU (33.1%)

PHY-1003 : Routed, final wirelength = 54888
PHY-1001 : Current memory(MB): used = 485, reserve = 461, peak = 485.
PHY-1001 : End export database. 0.005670s wall, 0.000000s user + 0.000000s system = 0.000000s CPU (n/a%)

PHY-1001 : End detail routing;  4.819083s wall, 1.781250s user + 0.031250s system = 1.812500s CPU (37.6%)

RUN-1003 : finish command "route" in  5.136704s wall, 1.906250s user + 0.031250s system = 1.937500s CPU (37.7%)

RUN-1004 : used memory is 424 MB, reserved memory is 400 MB, peak memory is 485 MB
RUN-1002 : start command "report_area -io_info -file keyboard_phy.area"
RUN-1001 : standard
***Report Model: keyboard_instance Device: EG4S20BG256***

IO Statistics
#IO                        24
  #input                    6
  #output                  18
  #inout                    0

Utilization Statistics
#lut                      634   out of  19600    3.23%
#reg                      241   out of  19600    1.23%
#le                       707
  #lut only               466   out of    707   65.91%
  #reg only                73   out of    707   10.33%
  #lut&reg                168   out of    707   23.76%
#dsp                        0   out of     29    0.00%
#bram                       0   out of     64    0.00%
  #bram9k                   0
  #fifo9k                   0
#bram32k                    0   out of     16    0.00%
#pad                       24   out of    188   12.77%
  #ireg                     0
  #oreg                     0
  #treg                     0
#pll                        0   out of      4    0.00%
#gclk                       2   out of     16   12.50%

Clock Resource Statistics
Index     ClockNet         Type               DriverType         Driver                      Fanout
#1        clk_50M_dup_1    GCLK               io                 clk_50M_syn_2.di            132
#2        U1/scan_clk      GCLK               mslice             U1/scan_clk_reg_syn_9.q0    10


Detailed IO Report

        Name           Direction    Location    IOStandard    DriveStrength    PullType    PackReg  
        RSTn             INPUT         A9        LVCMOS33          N/A          PULLUP      NONE    
       clk_50M           INPUT         R7        LVCMOS33          N/A          PULLUP      NONE    
       col[3]            INPUT        F10        LVCMOS33          N/A          PULLUP      NONE    
       col[2]            INPUT        C11        LVCMOS33          N/A          PULLUP      NONE    
       col[1]            INPUT        D11        LVCMOS33          N/A          PULLUP      NONE    
       col[0]            INPUT        E11        LVCMOS33          N/A          PULLUP      NONE    
  DigitronCS_Out[3]     OUTPUT         A3        LVCMOS33           8            NONE       NONE    
  DigitronCS_Out[2]     OUTPUT         A5        LVCMOS33           8            NONE       NONE    
  DigitronCS_Out[1]     OUTPUT         B6        LVCMOS33           8            NONE       NONE    
  DigitronCS_Out[0]     OUTPUT         C9        LVCMOS33           8            NONE       NONE    
   Digitron_Out[7]      OUTPUT         C8        LVCMOS33           8            NONE       NONE    
   Digitron_Out[6]      OUTPUT         A8        LVCMOS33           8            NONE       NONE    
   Digitron_Out[5]      OUTPUT         B5        LVCMOS33           8            NONE       NONE    
   Digitron_Out[4]      OUTPUT         A7        LVCMOS33           8            NONE       NONE    
   Digitron_Out[3]      OUTPUT         E8        LVCMOS33           8            NONE       NONE    
   Digitron_Out[2]      OUTPUT         B8        LVCMOS33           8            NONE       NONE    
   Digitron_Out[1]      OUTPUT         A6        LVCMOS33           8            NONE       NONE    
   Digitron_Out[0]      OUTPUT         A4        LVCMOS33           8            NONE       NONE    
       buzzer           OUTPUT        H11        LVCMOS33           8            NONE       NONE    
        light           OUTPUT        B14        LVCMOS33           8            NONE       NONE    
       row[3]           OUTPUT         D9        LVCMOS33           8            NONE       NONE    
       row[2]           OUTPUT         F9        LVCMOS33           8            NONE       NONE    
       row[1]           OUTPUT        C10        LVCMOS33           8            NONE       NONE    
       row[0]           OUTPUT        E10        LVCMOS33           8            NONE       NONE    

Report Hierarchy Area:
+-------------------------------------------------------------------------------------------+
|Instance |Module                      |le     |lut     |ripple  |seq     |bram    |dsp     |
+-------------------------------------------------------------------------------------------+
|top      |keyboard_instance           |707    |497     |137     |241     |0       |0       |
|  U1     |keyboard_scan               |73     |50      |9       |53      |0       |0       |
|  U2     |key_filter                  |61     |34      |6       |51      |0       |0       |
|  U3     |onehot2binary               |526    |383     |117     |121     |0       |0       |
|  U5     |Digitron_TimeDisplay_module |43     |26      |5       |16      |0       |0       |
+-------------------------------------------------------------------------------------------+


DataNet Average Fanout:

   Index     Fanout    Nets  
    #1         1       438   
    #2         2       146   
    #3         3        41   
    #4         4        38   
    #5        5-10     101   
    #6       11-50      20   
  Average     2.54           

RUN-1002 : start command "export_db keyboard_pr.db"
RUN-1001 : Exported /
RUN-1001 : Exported flow parameters
RUN-1001 : Exported libs
RUN-1001 : Exported entities
RUN-1001 : Exported ports
RUN-1001 : Exported pins
RUN-1001 : Exported instances
RUN-1001 : Exported nets
RUN-1001 : Exported buses
RUN-1001 : Exported models
RUN-1001 : Exported congestions
RUN-1001 : Exported violations
RUN-1001 : Exported timing constraints
RUN-1001 : Exported IO constraints
RUN-1001 : Exported Inst constraints
RUN-1002 : start command "export_bid keyboard_inst.bid"
RUN-1002 : start command "bitgen -bit keyboard.bit -unused_io_status pulldown"
BIT-1003 : Start to generate bitstream. 
BIT-1002 : Bitgen processed 164 unused pads, reserve input tri_state with pulldown
BIT-1002 : Init instances with 16 threads.
BIT-1002 : Init instances completely, inst num: 553
BIT-1002 : Init pips with 16 threads.
BIT-1002 : Init pips completely, net num: 812, pip num: 5831
BIT-1002 : Init feedthrough with 16 threads.
BIT-1002 : Init feedthrough completely, num: 12
BIT-1003 : Multithreading accelaration with 16 threads.
BIT-1003 : Generate bitstream completely, there are 811 valid insts, and 19105 bits set as '1'.
BIT-1004 : PLL setting string = 0000
BIT-1004 : Generate bits file keyboard.bit.
RUN-1003 : finish command "bitgen -bit keyboard.bit -unused_io_status pulldown" in  1.489990s wall, 8.093750s user + 0.000000s system = 8.093750s CPU (543.2%)

RUN-1004 : used memory is 432 MB, reserved memory is 411 MB, peak memory is 627 MB
RUN-1002 : start command "backup_run_log run.log ../.logs/phy_1/td_20240828_162401.log"
