============================================================
   Tang Dynasty, V5.6.59063
   Copyright (c) 2012-2022 Anlogic
   Executable = E:/Anlogic/TD5.6.59063/bin/td.exe
   Built at =   12:45:13 Sep  6 2022
   Run by =     19234
   Run Date =   Thu Aug 29 00:47:14 2024

   Run on =     ERIKPSW
============================================================
RUN-1002 : start command "open_project keyboard.prj"
RUN-1001 : Print Global Property
RUN-1001 : ---------------------------------------------------------------
RUN-1001 :        Parameters        |  Settings  |  Default Values  |  Note  
RUN-1001 : ---------------------------------------------------------------
RUN-1001 :          message         |  standard  |     standard     |        
RUN-1001 :   mixed_pack_place_flow  |     on     |        on        |        
RUN-1001 :        qor_monitor       |    off     |       off        |        
RUN-1001 :        syn_ip_flow       |    off     |       off        |        
RUN-1001 :          thread          |    auto    |       auto       |        
RUN-1001 : ---------------------------------------------------------------
RUN-1001 : Print Design Property
RUN-1001 : --------------------------------------------------------------
RUN-1001 :        Parameters       |  Settings  |  Default Values  |  Note  
RUN-1001 : --------------------------------------------------------------
RUN-1001 :   default_reg_initial   |    auto    |       auto       |        
RUN-1001 :        infer_add        |     on     |        on        |        
RUN-1001 :        infer_fsm        |    off     |       off        |        
RUN-1001 :        infer_mult       |     on     |        on        |        
RUN-1001 :        infer_ram        |     on     |        on        |        
RUN-1001 :        infer_reg        |     on     |        on        |        
RUN-1001 :   infer_reg_init_value  |     on     |        on        |        
RUN-1001 :        infer_rom        |     on     |        on        |        
RUN-1001 :      infer_shifter      |     on     |        on        |        
RUN-1001 : --------------------------------------------------------------
RUN-1001 : Print Rtl Property
RUN-1001 : --------------------------------------------------------------
RUN-1001 :        Parameters       |  Settings  |  Default Values  |  Note  
RUN-1001 : --------------------------------------------------------------
RUN-1001 :       compress_add      |   ripple   |      ripple      |        
RUN-1001 :        elf_sload        |    off     |       off        |        
RUN-1001 :       fix_undriven      |     0      |        0         |        
RUN-1001 :         flatten         |    off     |       off        |        
RUN-1001 :       gate_sharing      |     on     |        on        |        
RUN-1001 :    hdl_warning_level    |   normal   |      normal      |        
RUN-1001 :   impl_internal_tribuf  |     on     |        on        |        
RUN-1001 :      impl_set_reset     |     on     |        on        |        
RUN-1001 :        infer_gsr        |    off     |       off        |        
RUN-1001 :      keep_hierarchy     |    auto    |       auto       |        
RUN-1001 :        max_fanout       |    9999    |       9999       |        
RUN-1001 :      max_oh2bin_len     |     10     |        10        |        
RUN-1001 :       merge_equal       |     on     |        on        |        
RUN-1001 :       merge_equiv       |     on     |        on        |        
RUN-1001 :        merge_mux        |    off     |       off        |        
RUN-1001 :     min_control_set     |     8      |        8         |        
RUN-1001 :      min_ripple_len     |    auto    |       auto       |        
RUN-1001 :       oh2bin_ratio      |    0.08    |       0.08       |        
RUN-1001 :     opt_adder_fanout    |     on     |        on        |        
RUN-1001 :        opt_arith        |     on     |        on        |        
RUN-1001 :       opt_big_gate      |    off     |       off        |        
RUN-1001 :        opt_const        |     on     |        on        |        
RUN-1001 :      opt_const_mult     |     on     |        on        |        
RUN-1001 :       opt_lessthan      |     on     |        on        |        
RUN-1001 :         opt_mux         |    off     |       off        |        
RUN-1001 :         opt_ram         |    high    |       high       |        
RUN-1001 :      rtl_sim_model      |    off     |       off        |        
RUN-1001 :         seq_syn         |     on     |        on        |        
RUN-1001 : --------------------------------------------------------------
HDL-1007 : analyze verilog file ../../../src/Digitron_TimeDisplay_module.v
HDL-1007 : analyze verilog file ../../../src/key_filter.v
HDL-1007 : analyze verilog file ../../../src/keyboard_instance.v
HDL-1007 : undeclared symbol 'secrect', assumed default net type 'wire' in ../../../src/keyboard_instance.v(44)
HDL-1007 : analyze verilog file ../../../src/keyboard_scan.v
HDL-1007 : analyze verilog file ../../../src/led_effect.v
HDL-1007 : analyze verilog file ../../../src/onehot2binary.v
RUN-1001 : Project manager successfully analyzed 6 source files.
RUN-1002 : start command "import_device eagle_s20.db -package EG4S20BG256"
ARC-1001 : Device Initialization.
ARC-1001 : ------------------------------------------------------------------
ARC-1001 :            OPTION            |          IO          |   SETTING   
ARC-1001 : ------------------------------------------------------------------
ARC-1001 :   cso_b/cclk/mosi/miso/dout  |  T3/R11/T10/P10/S11  |    gpio    
ARC-1001 :             done             |         P13          |    gpio    
ARC-1001 :           program_b          |          T2          |  dedicate  
ARC-1001 :        tdi/tms/tck/tdo       |   C12/A15/C14/E14    |  dedicate  
ARC-1001 : ------------------------------------------------------------------
ARC-1004 : Device setting, marked 5 dedicate IOs in total.
RUN-1002 : start command "import_db ../syn_1/keyboard_gate.db"
RUN-1001 : Importing database generated by Tang Dynasty, V5.6.59063.
RUN-1001 : Database version number 46140.
RUN-1001 : Import flow parameters
RUN-1001 : Import timing constraints
RUN-1001 : Import IO constraints
RUN-1001 : Import Inst constraints
RUN-1001 : Import design success TD_VERSION=5.6.59063 , DB_VERSION=46140
RUN-1002 : start command "read_sdc"
USR-1002 : read_sdc file_name -help -h -eco
USR-1009 : NO module with IP_SDC ...
RUN-1104 : Import SDC file  finished, there are 0 nets kept by constraints.
RUN-1002 : start command "place"
RUN-1001 : Open license file E:/Anlogic/TD5.6.59063/license/Anlogic.lic
RUN-1001 : Print Global Property
RUN-1001 : ---------------------------------------------------------------
RUN-1001 :        Parameters        |  Settings  |  Default Values  |  Note  
RUN-1001 : ---------------------------------------------------------------
RUN-1001 :          message         |  standard  |     standard     |        
RUN-1001 :   mixed_pack_place_flow  |     on     |        on        |        
RUN-1001 :        qor_monitor       |    off     |       off        |        
RUN-1001 :        syn_ip_flow       |    off     |       off        |        
RUN-1001 :          thread          |    auto    |       auto       |        
RUN-1001 : ---------------------------------------------------------------
RUN-1001 : Print Place Property
RUN-1001 : --------------------------------------------------------------
RUN-1001 :        Parameters       |  Settings  |  Default Values  |  Note  
RUN-1001 : --------------------------------------------------------------
RUN-1001 :      detailed_place     |     on     |        on        |        
RUN-1001 :          effort         |   medium   |      medium      |        
RUN-1001 :         fix_hold        |    off     |       off        |        
RUN-1001 :       legalization      |    ori     |       ori        |        
RUN-1001 :      new_spreading      |     on     |        on        |        
RUN-1001 :        opt_timing       |   medium   |      medium      |        
RUN-1001 :   post_clock_route_opt  |    off     |       off        |        
RUN-1001 :       pr_strategy       |     1      |        1         |        
RUN-1001 :        relaxation       |    1.00    |       1.00       |        
RUN-1001 :         retiming        |    off     |       off        |        
RUN-1001 : --------------------------------------------------------------
PHY-3001 : Placer runs in 16 thread(s).
RUN-1002 : start command "legalize_phy_inst"
SYN-1011 : Flatten model keyboard_instance
RUN-1002 : start command "phys_opt -simplify_lut"
SYN-4024 : Net "clk_50M_dup_1" drives clk pins.
SYN-4024 : Net "U1/scan_clk" drives clk pins.
SYN-4024 : Net "U6/slow_clk" drives clk pins.
SYN-4025 : Tag rtl::Net U1/scan_clk as clock net
SYN-4025 : Tag rtl::Net U6/slow_clk as clock net
SYN-4025 : Tag rtl::Net clk_50M_dup_1 as clock net
SYN-4026 : Tagged 3 rtl::Net as clock net
SYN-4015 : Create BUFG instance for clk Net U1/scan_clk to drive 20 clock pins.
SYN-4015 : Create BUFG instance for clk Net U6/slow_clk to drive 12 clock pins.
PHY-1001 : Populate physical database on model keyboard_instance.
RUN-1001 : There are total 963 instances
RUN-0007 : 475 luts, 292 seqs, 110 mslices, 50 lslices, 31 pads, 0 brams, 0 dsps
RUN-1001 : There are total 1136 nets
RUN-1001 : 717 nets have 2 pins
RUN-1001 : 271 nets have [3 - 5] pins
RUN-1001 : 111 nets have [6 - 10] pins
RUN-1001 : 21 nets have [11 - 20] pins
RUN-1001 : 13 nets have [21 - 99] pins
RUN-1001 : 3 nets have 100+ pins
RUN-1001 : Report Control nets information:
RUN-1001 : DFF Distribution
RUN-1001 : ----------------------------------
RUN-1001 :   CE   |  SSR  |  ASR  |  DFF Count  
RUN-1001 : ----------------------------------
RUN-1001 :   No   |  No   |  No   |     133     
RUN-1001 :   No   |  No   |  Yes  |     20      
RUN-1001 :   No   |  Yes  |  No   |     58      
RUN-1001 :   Yes  |  No   |  No   |     49      
RUN-1001 :   Yes  |  No   |  Yes  |     32      
RUN-1001 :   Yes  |  Yes  |  No   |      0      
RUN-1001 : ----------------------------------
RUN-0007 : Control Group Statistic
RUN-0007 : ---------------------------
RUN-0007 :   #CLK  |  #CE  |  #SSR/ASR  
RUN-0007 : ---------------------------
RUN-0007 :    3    |   5   |     4      
RUN-0007 : ---------------------------
RUN-0007 : Control Set = 10
PHY-3001 : Initial placement ...
PHY-3001 : design contains 961 instances, 475 luts, 292 seqs, 160 slices, 16 macros(160 instances: 110 mslices 50 lslices)
PHY-0007 : Cell area utilization is 4%
PHY-3001 : Start timing update ...
RUN-1002 : start command "start_timer -report"
TMR-2505 : Start building timing graph for model keyboard_instance.
TMR-2506 : Build timing graph completely. Port num: 9, tpin num: 4238, tnet num: 1134, tinst num: 961, tnode num: 5013, tedge num: 6819.
TMR-2508 : Levelizing timing graph completed, there are 49 levels in total.
TMR-2501 : Timing graph initialized successfully.
TMR-2503 : Start to update net delay, extr mode = 2.
TMR-2504 : Update delay of 1134 nets completely.
TMR-2502 : Annotate delay completely, extr mode = 2.
TMR-3001 : Initiate 0 clocks from SDC.
TMR-3004 : Map sdc constraints, there are 0 constraints in total.
TMR-3003 : Constraints initiated successfully.
TMR-3501 : Forward propagation: start to calculate arrival time...
TMR-3502 : Backward propagation: start to calculate required time...
TMR-3503 : Timing propagation completes.
PHY-3001 : End timing update;  0.220999s wall, 0.062500s user + 0.000000s system = 0.062500s CPU (28.3%)

PHY-3001 : Global placement ...
PHY-3001 : Initial: Len = 240141
PHY-3001 : Clustering ...
PHY-3001 : Level 0 #clusters 961.
PHY-3001 : End clustering;  0.000025s wall, 0.000000s user + 0.000000s system = 0.000000s CPU (n/a%)

PHY-3001 : Run with size of 4
PHY-3001 : Cell area utilization is 4%
PHY-3001 : :::0::: Try harder cell spreading with beta_ = 0
PHY-3002 : Step(1): len = 168744, overlap = 0
PHY-3002 : Step(2): len = 113668, overlap = 0
PHY-3002 : Step(3): len = 83036.2, overlap = 0
PHY-3002 : Step(4): len = 62593.1, overlap = 0
PHY-3002 : Step(5): len = 47476.7, overlap = 0
PHY-3002 : Step(6): len = 39569.6, overlap = 3.6875
PHY-3002 : Step(7): len = 34825.6, overlap = 0.75
PHY-3002 : Step(8): len = 29252.4, overlap = 2.5625
PHY-3002 : Step(9): len = 27469.2, overlap = 1.5
PHY-3002 : Step(10): len = 27018.7, overlap = 4.3125
PHY-3002 : Step(11): len = 25571.7, overlap = 6.9375
PHY-3002 : Step(12): len = 25639.7, overlap = 8.21875
PHY-3002 : Step(13): len = 24566.2, overlap = 12.0938
PHY-3002 : Step(14): len = 23762.9, overlap = 10.9688
PHY-3002 : Step(15): len = 23831.6, overlap = 10.9375
PHY-3002 : Step(16): len = 22807.6, overlap = 15.5625
PHY-3002 : Step(17): len = 22165, overlap = 14.4375
PHY-3002 : Step(18): len = 22421.7, overlap = 13.0625
PHY-3002 : Step(19): len = 20402.2, overlap = 14.5938
PHY-3002 : Step(20): len = 21054.4, overlap = 16.25
PHY-3002 : Step(21): len = 21444.8, overlap = 17.375
PHY-3001 : Legalization ...
PHY-3001 : End legalization;  0.003368s wall, 0.000000s user + 0.000000s system = 0.000000s CPU (n/a%)

PHY-3001 : Run with size of 4
PHY-3001 : Cell area utilization is 5%
PHY-3001 : Update timing in Manhattan mode ...
TMR-2503 : Start to update net delay, extr mode = 3.
TMR-2504 : Update delay of 1134 nets completely.
TMR-2502 : Annotate delay completely, extr mode = 3.
TMR-3501 : Forward propagation: start to calculate arrival time...
TMR-3502 : Backward propagation: start to calculate required time...
TMR-3503 : Timing propagation completes.
PHY-3001 : End timing update;  0.011739s wall, 0.000000s user + 0.000000s system = 0.000000s CPU (n/a%)

PHY-3001 : :::0::: Try harder cell spreading with beta_ = 1.32534e-05
PHY-3002 : Step(22): len = 18599.4, overlap = 35.75
PHY-3002 : Step(23): len = 18949.7, overlap = 35.2812
PHY-3002 : Step(24): len = 19334.3, overlap = 35.3125
PHY-3001 : :::1::: Try harder cell spreading with beta_ = 2.65068e-05
PHY-3002 : Step(25): len = 18640.4, overlap = 34.4688
PHY-3002 : Step(26): len = 18938.3, overlap = 34.4062
PHY-3002 : Step(27): len = 20012.7, overlap = 29.4062
PHY-3002 : Step(28): len = 20210.2, overlap = 23.375
PHY-3002 : Step(29): len = 18096.6, overlap = 17.5
PHY-3002 : Step(30): len = 18429, overlap = 17.9688
PHY-3002 : Step(31): len = 18540.7, overlap = 18.0625
PHY-3001 : :::2::: Try harder cell spreading with beta_ = 5.30136e-05
PHY-3002 : Step(32): len = 17583.7, overlap = 17.875
PHY-3002 : Step(33): len = 17766.6, overlap = 17.6562
PHY-3002 : Step(34): len = 18100.1, overlap = 18.4062
PHY-3001 : :::3::: Try harder cell spreading with beta_ = 0.000106027
PHY-3002 : Step(35): len = 17883.6, overlap = 17.0938
PHY-3002 : Step(36): len = 18163.5, overlap = 15.3438
PHY-3002 : Step(37): len = 18606.7, overlap = 14.4688
PHY-3001 : Run with size of 2
PHY-3001 : Cell area utilization is 5%
PHY-3001 : Update timing in Manhattan mode ...
TMR-2503 : Start to update net delay, extr mode = 3.
TMR-2504 : Update delay of 1134 nets completely.
TMR-2502 : Annotate delay completely, extr mode = 3.
TMR-3501 : Forward propagation: start to calculate arrival time...
TMR-3502 : Backward propagation: start to calculate required time...
TMR-3503 : Timing propagation completes.
PHY-3001 : End timing update;  0.011445s wall, 0.000000s user + 0.000000s system = 0.000000s CPU (n/a%)

PHY-3001 : :::0::: Try harder cell spreading with beta_ = 1.82143e-05
PHY-3002 : Step(38): len = 20137.2, overlap = 37.1875
PHY-3002 : Step(39): len = 20468.1, overlap = 36.9375
PHY-3002 : Step(40): len = 19933.8, overlap = 45.25
PHY-3002 : Step(41): len = 19287.5, overlap = 45.25
PHY-3002 : Step(42): len = 18716.3, overlap = 37.9688
PHY-3002 : Step(43): len = 18808.8, overlap = 37.9688
PHY-3002 : Step(44): len = 19348.2, overlap = 37.75
PHY-3001 : :::1::: Try harder cell spreading with beta_ = 3.64286e-05
PHY-3002 : Step(45): len = 19163.3, overlap = 38.8125
PHY-3002 : Step(46): len = 19478, overlap = 38.25
PHY-3002 : Step(47): len = 19912.1, overlap = 38.375
PHY-3001 : :::2::: Try harder cell spreading with beta_ = 7.28571e-05
PHY-3002 : Step(48): len = 19859.4, overlap = 36.9375
PHY-3002 : Step(49): len = 20777, overlap = 35.7812
PHY-3002 : Step(50): len = 21888.8, overlap = 37
PHY-3002 : Step(51): len = 22038.8, overlap = 37.1875
PHY-3002 : Step(52): len = 21115.2, overlap = 31.5
PHY-3002 : Step(53): len = 21554.6, overlap = 32.0625
PHY-3002 : Step(54): len = 21638.3, overlap = 28.0938
PHY-3002 : Step(55): len = 20416, overlap = 34.3438
PHY-3002 : Step(56): len = 20515.9, overlap = 32.125
PHY-3002 : Step(57): len = 20832.4, overlap = 32.0625
PHY-3002 : Step(58): len = 21006.7, overlap = 31.2188
PHY-3002 : Step(59): len = 20307.6, overlap = 24.0938
PHY-3002 : Step(60): len = 20454, overlap = 23.75
PHY-3002 : Step(61): len = 20600.3, overlap = 23.8438
PHY-3002 : Step(62): len = 19633.3, overlap = 22.1875
PHY-3002 : Step(63): len = 19933.5, overlap = 22.8125
PHY-3002 : Step(64): len = 20162.7, overlap = 24.9062
PHY-3002 : Step(65): len = 19824.4, overlap = 24.3125
PHY-3002 : Step(66): len = 20169.6, overlap = 20.9062
PHY-3002 : Step(67): len = 19715, overlap = 20.0312
PHY-3002 : Step(68): len = 20110.4, overlap = 20.2188
PHY-3002 : Step(69): len = 19245.2, overlap = 22.25
PHY-3002 : Step(70): len = 18091.7, overlap = 25.1875
PHY-3002 : Step(71): len = 18210.4, overlap = 26.2188
PHY-3002 : Step(72): len = 17680.7, overlap = 26.4688
PHY-3002 : Step(73): len = 17659.1, overlap = 25.8438
PHY-3002 : Step(74): len = 17159.8, overlap = 26.3125
PHY-3002 : Step(75): len = 17257.8, overlap = 26.25
PHY-3002 : Step(76): len = 17296.2, overlap = 26.1875
PHY-3001 : :::3::: Try harder cell spreading with beta_ = 0.000145714
PHY-3002 : Step(77): len = 16912.9, overlap = 27.2812
PHY-3002 : Step(78): len = 16932.2, overlap = 27.1875
PHY-3002 : Step(79): len = 16939.4, overlap = 27.25
PHY-3001 : :::4::: Try harder cell spreading with beta_ = 0.000291428
PHY-3002 : Step(80): len = 17280.1, overlap = 25.4062
PHY-3002 : Step(81): len = 17280.1, overlap = 25.4062
PHY-3002 : Step(82): len = 17306.1, overlap = 25.0625
OPT-1001 : Start physical optimization ...
RUN-1002 : start command "start_timer -report"
TMR-2505 : Start building timing graph for model keyboard_instance.
TMR-2506 : Build timing graph completely. Port num: 9, tpin num: 4238, tnet num: 1134, tinst num: 961, tnode num: 5013, tedge num: 6819.
TMR-2508 : Levelizing timing graph completed, there are 49 levels in total.
TMR-2501 : Timing graph initialized successfully.
OPT-1001 : Total overflow 68.75 peak overflow 2.81
OPT-1001 : Start high-fanout net optimization ...
OPT-1001 : Update timing in global mode
PHY-1001 : Start incremental global routing, caller is place ...
RUN-1001 : Generating global routing grids ...
RUN-1001 : Building simple global routing graph ...
PHY-1001 : Generate routing nets ...
PHY-1001 : Reuse net number 0/1136.
PHY-1001 : Global iterations in 16 thread ...
PHY-1002 : len = 18896, over cnt = 79(0%), over = 291, worst = 15
PHY-1001 : End global iterations;  0.055161s wall, 0.015625s user + 0.000000s system = 0.015625s CPU (28.3%)

PHY-1001 : Congestion index: top1 = 25.04, top5 = 11.79, top10 = 6.94, top15 = 4.64.
PHY-1001 : End incremental global routing;  0.104932s wall, 0.046875s user + 0.000000s system = 0.046875s CPU (44.7%)

TMR-2503 : Start to update net delay, extr mode = 5.
TMR-2504 : Update delay of 1134 nets completely.
TMR-2502 : Annotate delay completely, extr mode = 5.
TMR-3001 : Initiate 0 clocks from SDC.
TMR-3004 : Map sdc constraints, there are 0 constraints in total.
TMR-3003 : Constraints initiated successfully.
TMR-3501 : Forward propagation: start to calculate arrival time...
TMR-3502 : Backward propagation: start to calculate required time...
TMR-3503 : Timing propagation completes.
OPT-1001 : End timing update;  0.015297s wall, 0.015625s user + 0.000000s system = 0.015625s CPU (102.1%)

OPT-1001 : 0 high-fanout net processed.
OPT-1001 : End high-fanout net optimization;  0.133076s wall, 0.078125s user + 0.000000s system = 0.078125s CPU (58.7%)

OPT-1001 : Current memory(MB): used = 156, reserve = 126, peak = 156.
OPT-1001 : Start global optimization ...
OPT-1001 : Start congestion update ...
RUN-1001 : Generating global routing grids ...
PHY-1001 : Generate routing nets ...
PHY-1001 : Reuse net number 591/1136.
PHY-1001 : Global iterations in 16 thread ...
PHY-1002 : len = 18896, over cnt = 79(0%), over = 291, worst = 15
PHY-1002 : len = 21312, over cnt = 53(0%), over = 110, worst = 6
PHY-1002 : len = 21856, over cnt = 29(0%), over = 72, worst = 6
PHY-1002 : len = 22704, over cnt = 0(0%), over = 0, worst = 0
PHY-1001 : End global iterations;  0.055512s wall, 0.000000s user + 0.000000s system = 0.000000s CPU (n/a%)

PHY-1001 : Congestion index: top1 = 24.74, top5 = 12.88, top10 = 7.77, top15 = 5.27.
OPT-1001 : End congestion update;  0.097937s wall, 0.000000s user + 0.000000s system = 0.000000s CPU (n/a%)

OPT-1001 : Update timing in Manhattan mode
TMR-2503 : Start to update net delay, extr mode = 3.
TMR-2504 : Update delay of 1134 nets completely.
TMR-2502 : Annotate delay completely, extr mode = 3.
TMR-3501 : Forward propagation: start to calculate arrival time...
TMR-3502 : Backward propagation: start to calculate required time...
TMR-3503 : Timing propagation completes.
OPT-1001 : End timing update;  0.012600s wall, 0.000000s user + 0.000000s system = 0.000000s CPU (n/a%)

OPT-0007 : Start: WNS 2147483647 TNS 0 NUM_FEPS 0
OPT-1001 : End global optimization;  0.110632s wall, 0.000000s user + 0.000000s system = 0.000000s CPU (n/a%)

OPT-1001 : Current memory(MB): used = 156, reserve = 127, peak = 156.
OPT-1001 : End physical optimization;  0.449389s wall, 0.187500s user + 0.000000s system = 0.187500s CPU (41.7%)

PHY-3001 : Start packing ...
SYN-4007 : Packing 0 MUX to BLE ...
SYN-4008 : Packed 0 MUX and 0 SEQ to BLE.
SYN-4007 : Packing 475 LUT to BLE ...
SYN-4008 : Packed 475 LUT and 157 SEQ to BLE.
SYN-4003 : Packing 135 remaining SEQ's ...
SYN-4005 : Packed 68 SEQ with LUT/SLICE
SYN-4006 : 260 single LUT's are left
SYN-4006 : 67 single SEQ's are left
SYN-4011 : Packing model "keyboard_instance" (AL_USER_NORMAL) with 542/738 primitive instances ...
PHY-3001 : End packing;  0.030794s wall, 0.015625s user + 0.000000s system = 0.015625s CPU (50.7%)

PHY-1001 : Populate physical database on model keyboard_instance.
RUN-1001 : There are total 484 instances
RUN-1001 : 224 mslices, 224 lslices, 31 pads, 0 brams, 0 dsps
RUN-1001 : There are total 993 nets
RUN-1001 : 570 nets have 2 pins
RUN-1001 : 273 nets have [3 - 5] pins
RUN-1001 : 116 nets have [6 - 10] pins
RUN-1001 : 19 nets have [11 - 20] pins
RUN-1001 : 12 nets have [21 - 99] pins
RUN-1001 : 3 nets have 100+ pins
PHY-3001 : design contains 482 instances, 448 slices, 16 macros(160 instances: 110 mslices 50 lslices)
PHY-3001 : Cell area utilization is 6%
PHY-3001 : After packing: Len = 18126.6, Over = 34.75
PHY-3001 : Run with size of 2
PHY-3001 : Cell area utilization is 6%
PHY-3001 : Update timing in Manhattan mode ...
RUN-1002 : start command "start_timer -report"
TMR-2505 : Start building timing graph for model keyboard_instance.
TMR-2506 : Build timing graph completely. Port num: 9, tpin num: 3770, tnet num: 991, tinst num: 482, tnode num: 4353, tedge num: 6328.
TMR-2508 : Levelizing timing graph completed, there are 47 levels in total.
TMR-2501 : Timing graph initialized successfully.
TMR-2503 : Start to update net delay, extr mode = 3.
TMR-2504 : Update delay of 991 nets completely.
TMR-2502 : Annotate delay completely, extr mode = 3.
TMR-3001 : Initiate 0 clocks from SDC.
TMR-3004 : Map sdc constraints, there are 0 constraints in total.
TMR-3003 : Constraints initiated successfully.
TMR-3501 : Forward propagation: start to calculate arrival time...
TMR-3502 : Backward propagation: start to calculate required time...
TMR-3503 : Timing propagation completes.
PHY-3001 : End timing update;  0.234720s wall, 0.140625s user + 0.000000s system = 0.140625s CPU (59.9%)

PHY-3001 : :::0::: Try harder cell spreading with beta_ = 2.63686e-05
PHY-3002 : Step(83): len = 17609.3, overlap = 34.25
PHY-3002 : Step(84): len = 17657, overlap = 34
PHY-3002 : Step(85): len = 17300.5, overlap = 39.75
PHY-3002 : Step(86): len = 17053.6, overlap = 40.25
PHY-3002 : Step(87): len = 16956.9, overlap = 41
PHY-3001 : :::1::: Try harder cell spreading with beta_ = 5.27372e-05
PHY-3002 : Step(88): len = 17890, overlap = 37.75
PHY-3002 : Step(89): len = 18059.6, overlap = 37.25
PHY-3002 : Step(90): len = 18203.6, overlap = 35.5
PHY-3001 : :::2::: Try harder cell spreading with beta_ = 0.000105474
PHY-3002 : Step(91): len = 18827.2, overlap = 33.5
PHY-3002 : Step(92): len = 18995.2, overlap = 33.75
PHY-3002 : Step(93): len = 19115.7, overlap = 33
PHY-3001 : Legalization ...
PHY-3001 : End legalization;  0.080559s wall, 0.000000s user + 0.000000s system = 0.000000s CPU (n/a%)

PHY-3001 : Trial Legalized: Len = 27814
PHY-3001 : Run with size of 2
PHY-3001 : Cell area utilization is 5%
PHY-3001 : Update timing in Manhattan mode ...
TMR-2503 : Start to update net delay, extr mode = 3.
TMR-2504 : Update delay of 991 nets completely.
TMR-2502 : Annotate delay completely, extr mode = 3.
TMR-3501 : Forward propagation: start to calculate arrival time...
TMR-3502 : Backward propagation: start to calculate required time...
TMR-3503 : Timing propagation completes.
PHY-3001 : End timing update;  0.011699s wall, 0.000000s user + 0.000000s system = 0.000000s CPU (n/a%)

PHY-3001 : :::0::: Try harder cell spreading with beta_ = 0.000528899
PHY-3002 : Step(94): len = 24198.7, overlap = 6.25
PHY-3002 : Step(95): len = 22412.5, overlap = 10.75
PHY-3002 : Step(96): len = 21180.9, overlap = 13.5
PHY-3002 : Step(97): len = 20573.8, overlap = 12.5
PHY-3002 : Step(98): len = 20319.1, overlap = 12.25
PHY-3002 : Step(99): len = 20259, overlap = 13.75
PHY-3002 : Step(100): len = 20124.1, overlap = 13.5
PHY-3002 : Step(101): len = 20088.9, overlap = 13.75
PHY-3001 : :::1::: Try harder cell spreading with beta_ = 0.0010578
PHY-3002 : Step(102): len = 20142.6, overlap = 12.75
PHY-3002 : Step(103): len = 20154.6, overlap = 12.75
PHY-3002 : Step(104): len = 20158.9, overlap = 12.5
PHY-3001 : :::2::: Try harder cell spreading with beta_ = 0.00211559
PHY-3002 : Step(105): len = 20226.5, overlap = 12.75
PHY-3002 : Step(106): len = 20270.8, overlap = 13
PHY-3001 : Legalization ...
PHY-3001 : End legalization;  0.008993s wall, 0.000000s user + 0.000000s system = 0.000000s CPU (n/a%)

PHY-3001 : Legalized: Len = 24910.3, Over = 0
PHY-3001 : End spreading;  0.003406s wall, 0.000000s user + 0.000000s system = 0.000000s CPU (n/a%)

PHY-3001 : Final: Len = 24910.3, Over = 0
OPT-1001 : Start physical optimization ...
RUN-1002 : start command "start_timer -report"
TMR-2505 : Start building timing graph for model keyboard_instance.
TMR-2506 : Build timing graph completely. Port num: 9, tpin num: 3770, tnet num: 991, tinst num: 482, tnode num: 4353, tedge num: 6328.
TMR-2508 : Levelizing timing graph completed, there are 47 levels in total.
TMR-2501 : Timing graph initialized successfully.
OPT-1001 : Total overflow 0.00 peak overflow 0.00
OPT-1001 : Start high-fanout net optimization ...
OPT-1001 : Update timing in global mode
PHY-1001 : Start incremental global routing, caller is place ...
RUN-1001 : Generating global routing grids ...
PHY-1001 : Generate routing nets ...
PHY-1001 : Reuse net number 41/993.
PHY-1001 : Global iterations in 16 thread ...
PHY-1002 : len = 28984, over cnt = 96(0%), over = 146, worst = 4
PHY-1002 : len = 29952, over cnt = 29(0%), over = 33, worst = 4
PHY-1002 : len = 30336, over cnt = 6(0%), over = 6, worst = 1
PHY-1002 : len = 30400, over cnt = 0(0%), over = 0, worst = 0
PHY-1001 : End global iterations;  0.099457s wall, 0.015625s user + 0.000000s system = 0.015625s CPU (15.7%)

PHY-1001 : Congestion index: top1 = 22.93, top5 = 15.85, top10 = 10.51, top15 = 7.45.
PHY-1001 : End incremental global routing;  0.149644s wall, 0.015625s user + 0.000000s system = 0.015625s CPU (10.4%)

TMR-2503 : Start to update net delay, extr mode = 5.
TMR-2504 : Update delay of 991 nets completely.
TMR-2502 : Annotate delay completely, extr mode = 5.
TMR-3001 : Initiate 0 clocks from SDC.
TMR-3004 : Map sdc constraints, there are 0 constraints in total.
TMR-3003 : Constraints initiated successfully.
TMR-3501 : Forward propagation: start to calculate arrival time...
TMR-3502 : Backward propagation: start to calculate required time...
TMR-3503 : Timing propagation completes.
OPT-1001 : End timing update;  0.016481s wall, 0.015625s user + 0.000000s system = 0.015625s CPU (94.8%)

OPT-1001 : 0 high-fanout net processed.
OPT-1001 : End high-fanout net optimization;  0.177786s wall, 0.046875s user + 0.000000s system = 0.046875s CPU (26.4%)

OPT-1001 : Current memory(MB): used = 160, reserve = 131, peak = 160.
OPT-1001 : Start path based optimization ...
OPT-1001 : Start congestion update ...
RUN-1001 : Generating global routing grids ...
PHY-1001 : Generate routing nets ...
PHY-1001 : Reuse net number 817/993.
PHY-1001 : Global iterations in 16 thread ...
PHY-1002 : len = 30400, over cnt = 0(0%), over = 0, worst = 0
PHY-1001 : End global iterations;  0.003278s wall, 0.000000s user + 0.000000s system = 0.000000s CPU (n/a%)

PHY-1001 : Congestion index: top1 = 22.93, top5 = 15.85, top10 = 10.51, top15 = 7.45.
OPT-1001 : End congestion update;  0.050750s wall, 0.000000s user + 0.000000s system = 0.000000s CPU (n/a%)

OPT-1001 : Update timing in Manhattan mode
TMR-2503 : Start to update net delay, extr mode = 3.
TMR-2504 : Update delay of 991 nets completely.
TMR-2502 : Annotate delay completely, extr mode = 3.
TMR-3501 : Forward propagation: start to calculate arrival time...
TMR-3502 : Backward propagation: start to calculate required time...
TMR-3503 : Timing propagation completes.
OPT-1001 : End timing update;  0.013096s wall, 0.000000s user + 0.000000s system = 0.000000s CPU (n/a%)

OPT-0007 : Start: WNS 2147483647 TNS 0 NUM_FEPS 0
OPT-1001 : End path based optimization;  0.063934s wall, 0.000000s user + 0.000000s system = 0.000000s CPU (n/a%)

OPT-1001 : Current memory(MB): used = 161, reserve = 131, peak = 161.
OPT-1001 : Update timing in Manhattan mode
TMR-2503 : Start to update net delay, extr mode = 3.
TMR-2504 : Update delay of 991 nets completely.
TMR-2502 : Annotate delay completely, extr mode = 3.
TMR-3501 : Forward propagation: start to calculate arrival time...
TMR-3502 : Backward propagation: start to calculate required time...
TMR-3503 : Timing propagation completes.
OPT-1001 : End timing update;  0.014713s wall, 0.000000s user + 0.000000s system = 0.000000s CPU (n/a%)

OPT-1001 : Start pin optimization...
OPT-1001 : skip pin optimization...
OPT-1001 : Update timing in global mode
PHY-1001 : Start incremental global routing, caller is place ...
RUN-1001 : Generating global routing grids ...
PHY-1001 : Generate routing nets ...
PHY-1001 : Reuse net number 817/993.
PHY-1001 : Global iterations in 16 thread ...
PHY-1002 : len = 30400, over cnt = 0(0%), over = 0, worst = 0
PHY-1001 : End global iterations;  0.003081s wall, 0.000000s user + 0.000000s system = 0.000000s CPU (n/a%)

PHY-1001 : Congestion index: top1 = 22.93, top5 = 15.85, top10 = 10.51, top15 = 7.45.
PHY-1001 : End incremental global routing;  0.048794s wall, 0.000000s user + 0.000000s system = 0.000000s CPU (n/a%)

TMR-2503 : Start to update net delay, extr mode = 5.
TMR-2504 : Update delay of 991 nets completely.
TMR-2502 : Annotate delay completely, extr mode = 5.
TMR-3501 : Forward propagation: start to calculate arrival time...
TMR-3502 : Backward propagation: start to calculate required time...
TMR-3503 : Timing propagation completes.
OPT-1001 : End timing update;  0.019444s wall, 0.000000s user + 0.000000s system = 0.000000s CPU (n/a%)

RUN-1001 : Generating global routing grids ...
PHY-1001 : Generate routing nets ...
PHY-1001 : Reuse net number 817/993.
PHY-1001 : Global iterations in 16 thread ...
PHY-1002 : len = 30400, over cnt = 0(0%), over = 0, worst = 0
PHY-1001 : End global iterations;  0.004291s wall, 0.000000s user + 0.000000s system = 0.000000s CPU (n/a%)

PHY-1001 : Congestion index: top1 = 22.93, top5 = 15.85, top10 = 10.51, top15 = 7.45.
OPT-1001 : Update timing in Manhattan mode
TMR-2503 : Start to update net delay, extr mode = 3.
TMR-2504 : Update delay of 991 nets completely.
TMR-2502 : Annotate delay completely, extr mode = 3.
TMR-3501 : Forward propagation: start to calculate arrival time...
TMR-3502 : Backward propagation: start to calculate required time...
TMR-3503 : Timing propagation completes.
OPT-1001 : End timing update;  0.012199s wall, 0.015625s user + 0.000000s system = 0.015625s CPU (128.1%)

RUN-1001 : QoR Analysis:
OPT-0007 :   WNS 2147483647 TNS 0 NUM_FEPS 0
RUN-1001 :   No local congestion issue, and most congested 1% tile average routing util is 22.517241
RUN-1001 :   Top critical paths
OPT-1001 : End physical optimization;  0.606323s wall, 0.140625s user + 0.000000s system = 0.140625s CPU (23.2%)

RUN-1003 : finish command "place" in  4.359245s wall, 0.687500s user + 0.093750s system = 0.781250s CPU (17.9%)

RUN-1004 : used memory is 144 MB, reserved memory is 114 MB, peak memory is 161 MB
RUN-1002 : start command "export_db keyboard_place.db"
RUN-1001 : Exported /
RUN-1001 : Exported flow parameters
RUN-1001 : Exported libs
RUN-1001 : Exported entities
RUN-1001 : Exported ports
RUN-1001 : Exported pins
RUN-1001 : Exported instances
RUN-1001 : Exported nets
RUN-1001 : Exported buses
RUN-1001 : Exported models
RUN-1001 : Exported congestions
RUN-1001 : Exported violations
RUN-1001 : Exported timing constraints
RUN-1001 : Exported IO constraints
RUN-1001 : Exported Inst constraints
RUN-1002 : start command "route"
RUN-1001 : Open license file E:/Anlogic/TD5.6.59063/license/Anlogic.lic
RUN-1001 : Print Global Property
RUN-1001 : ---------------------------------------------------------------
RUN-1001 :        Parameters        |  Settings  |  Default Values  |  Note  
RUN-1001 : ---------------------------------------------------------------
RUN-1001 :          message         |  standard  |     standard     |        
RUN-1001 :   mixed_pack_place_flow  |     on     |        on        |        
RUN-1001 :        qor_monitor       |    off     |       off        |        
RUN-1001 :        syn_ip_flow       |    off     |       off        |        
RUN-1001 :          thread          |    auto    |       auto       |        
RUN-1001 : ---------------------------------------------------------------
RUN-1001 : Print Route Property
RUN-1001 : -------------------------------------------------------
RUN-1001 :    Parameters    |  Settings  |  Default Values  |  Note  
RUN-1001 : -------------------------------------------------------
RUN-1001 :      effort      |   medium   |      medium      |        
RUN-1001 :     fix_hold     |    off     |       off        |        
RUN-1001 :    opt_timing    |   medium   |      medium      |        
RUN-1001 :   phy_sim_model  |    off     |       off        |        
RUN-1001 :     priority     |   timing   |      timing      |        
RUN-1001 :     swap_pin     |     on     |        on        |        
RUN-1001 : -------------------------------------------------------
PHY-1001 : Route runs in 16 thread(s)
RUN-1001 : There are total 484 instances
RUN-1001 : 224 mslices, 224 lslices, 31 pads, 0 brams, 0 dsps
RUN-1001 : There are total 993 nets
RUN-1001 : 570 nets have 2 pins
RUN-1001 : 273 nets have [3 - 5] pins
RUN-1001 : 116 nets have [6 - 10] pins
RUN-1001 : 19 nets have [11 - 20] pins
RUN-1001 : 12 nets have [21 - 99] pins
RUN-1001 : 3 nets have 100+ pins
RUN-1002 : start command "start_timer -report"
TMR-2505 : Start building timing graph for model keyboard_instance.
TMR-2506 : Build timing graph completely. Port num: 9, tpin num: 3770, tnet num: 991, tinst num: 482, tnode num: 4353, tedge num: 6328.
TMR-2508 : Levelizing timing graph completed, there are 47 levels in total.
TMR-2501 : Timing graph initialized successfully.
PHY-1001 : 224 mslices, 224 lslices, 31 pads, 0 brams, 0 dsps
TMR-2503 : Start to update net delay, extr mode = 3.
TMR-2504 : Update delay of 991 nets completely.
TMR-2502 : Annotate delay completely, extr mode = 3.
TMR-3001 : Initiate 0 clocks from SDC.
TMR-3004 : Map sdc constraints, there are 0 constraints in total.
TMR-3003 : Constraints initiated successfully.
TMR-3501 : Forward propagation: start to calculate arrival time...
TMR-3502 : Backward propagation: start to calculate required time...
TMR-3503 : Timing propagation completes.
PHY-1001 : Start global routing, caller is route ...
RUN-1001 : Generating global routing grids ...
PHY-1001 : Generate routing nets ...
PHY-1001 : Global iterations in 16 thread ...
PHY-1002 : len = 28656, over cnt = 100(0%), over = 154, worst = 4
PHY-1002 : len = 29664, over cnt = 31(0%), over = 37, worst = 4
PHY-1002 : len = 30088, over cnt = 6(0%), over = 6, worst = 1
PHY-1002 : len = 30160, over cnt = 0(0%), over = 0, worst = 0
PHY-1001 : End global iterations;  0.107657s wall, 0.031250s user + 0.000000s system = 0.031250s CPU (29.0%)

PHY-1001 : Congestion index: top1 = 22.80, top5 = 15.76, top10 = 10.46, top15 = 7.39.
PHY-1001 : End global routing;  0.162853s wall, 0.046875s user + 0.000000s system = 0.046875s CPU (28.8%)

PHY-1001 : Start detail routing ...
PHY-1001 : Current memory(MB): used = 182, reserve = 153, peak = 196.
PHY-1001 : Detailed router is running in normal mode.
PHY-1001 : Generate detailed routing grids ...
PHY-1001 : Generate nets ...
PHY-1001 : net clk_50M_dup_1 will be routed on clock mesh
PHY-1001 : clock net U6/slow_clk_syn_4 will be merged with clock U6/slow_clk
PHY-1001 : clock net U1/scan_clk_syn_4 will be merged with clock U1/scan_clk
PHY-1001 : Current memory(MB): used = 449, reserve = 424, peak = 449.
PHY-1001 : End build detailed router design. 3.910978s wall, 1.171875s user + 0.031250s system = 1.203125s CPU (30.8%)

PHY-1001 : Detail Route ...
PHY-1001 : ===== Detail Route Phase 1 =====
PHY-1001 : Clock net routing.....
PHY-1001 : Routed 0% nets.
PHY-1022 : len = 10992, over cnt = 0(0%), over = 0, worst = 0, crit = 0
PHY-1001 : End initial clock net routed; 0.833215s wall, 0.234375s user + 0.000000s system = 0.234375s CPU (28.1%)

PHY-1001 : Current memory(MB): used = 479, reserve = 455, peak = 479.
PHY-1001 : End phase 1; 0.839047s wall, 0.234375s user + 0.000000s system = 0.234375s CPU (27.9%)

PHY-1001 : ===== Detail Route Phase 2 =====
PHY-1001 : Initial routing.....
PHY-1001 : Routed 19% nets.
PHY-1001 : Routed 25% nets.
PHY-1001 : Routed 25% nets.
PHY-1001 : Routed 26% nets.
PHY-1001 : Patch 555 net; 0.440093s wall, 0.109375s user + 0.000000s system = 0.109375s CPU (24.9%)

PHY-1022 : len = 58544, over cnt = 23(0%), over = 23, worst = 1, crit = 0
PHY-1001 : Current memory(MB): used = 479, reserve = 455, peak = 479.
PHY-1001 : End initial routed; 0.548766s wall, 0.140625s user + 0.000000s system = 0.140625s CPU (25.6%)

PHY-1001 : Update timing.....
PHY-1001 : 0/816(0%) critical/total net(s).
RUN-1001 : ------------------------------------------
RUN-1001 :   Type   |    WNS(ns)    |  TNS(ns)  |  FEP  
RUN-1001 : ------------------------------------------
RUN-1001 :   Setup  |  2147483.647  |   0.000   |   0   
RUN-1001 :   Hold   |  2147483.647  |   0.000   |   0   
RUN-1001 : ------------------------------------------
PHY-1001 : End update timing; 0.275950s wall, 0.093750s user + 0.000000s system = 0.093750s CPU (34.0%)

PHY-1001 : Current memory(MB): used = 480, reserve = 456, peak = 480.
PHY-1001 : End phase 2; 0.824839s wall, 0.234375s user + 0.000000s system = 0.234375s CPU (28.4%)

PHY-1001 : ===== Detail Route Phase 3 =====
PHY-1001 : Optimize timing.....
PHY-1022 : len = 58544, over cnt = 23(0%), over = 23, worst = 1, crit = 0
PHY-1001 : End optimize timing; 0.005950s wall, 0.000000s user + 0.000000s system = 0.000000s CPU (n/a%)

PHY-1001 : Ripup-reroute.....
PHY-1001 : ===== DR Iter 1 =====
PHY-1022 : len = 58536, over cnt = 3(0%), over = 3, worst = 1, crit = 0
PHY-1001 : End DR Iter 1; 0.022282s wall, 0.000000s user + 0.000000s system = 0.000000s CPU (n/a%)

PHY-1001 : ===== DR Iter 2 =====
PHY-1022 : len = 58560, over cnt = 0(0%), over = 0, worst = 0, crit = 0
PHY-1001 : End DR Iter 2; 0.015633s wall, 0.000000s user + 0.000000s system = 0.000000s CPU (n/a%)

PHY-1001 : Update timing.....
PHY-1001 : 0/816(0%) critical/total net(s).
RUN-1001 : ------------------------------------------
RUN-1001 :   Type   |    WNS(ns)    |  TNS(ns)  |  FEP  
RUN-1001 : ------------------------------------------
RUN-1001 :   Setup  |  2147483.647  |   0.000   |   0   
RUN-1001 :   Hold   |  2147483.647  |   0.000   |   0   
RUN-1001 : ------------------------------------------
PHY-1001 : End update timing; 0.248784s wall, 0.109375s user + 0.000000s system = 0.109375s CPU (44.0%)

PHY-1001 : Commit to database.....
PHY-1001 : 8 feed throughs used by 8 nets
PHY-1001 : End commit to database; 0.112339s wall, 0.062500s user + 0.000000s system = 0.062500s CPU (55.6%)

PHY-1001 : Current memory(MB): used = 491, reserve = 467, peak = 491.
PHY-1001 : End phase 3; 0.568813s wall, 0.218750s user + 0.000000s system = 0.218750s CPU (38.5%)

PHY-1003 : Routed, final wirelength = 58560
PHY-1001 : Current memory(MB): used = 491, reserve = 468, peak = 491.
PHY-1001 : End export database. 0.009234s wall, 0.000000s user + 0.000000s system = 0.000000s CPU (n/a%)

PHY-1001 : End detail routing;  6.388016s wall, 1.984375s user + 0.046875s system = 2.031250s CPU (31.8%)

RUN-1003 : finish command "route" in  6.834242s wall, 2.218750s user + 0.046875s system = 2.265625s CPU (33.2%)

RUN-1004 : used memory is 430 MB, reserved memory is 406 MB, peak memory is 491 MB
RUN-1002 : start command "report_area -io_info -file keyboard_phy.area"
RUN-1001 : standard
***Report Model: keyboard_instance Device: EG4S20BG256***

IO Statistics
#IO                        31
  #input                    6
  #output                  25
  #inout                    0

Utilization Statistics
#lut                      801   out of  19600    4.09%
#reg                      292   out of  19600    1.49%
#le                       868
  #lut only               576   out of    868   66.36%
  #reg only                67   out of    868    7.72%
  #lut&reg                225   out of    868   25.92%
#dsp                        0   out of     29    0.00%
#bram                       0   out of     64    0.00%
  #bram9k                   0
  #fifo9k                   0
#bram32k                    0   out of     16    0.00%
#pad                       31   out of    188   16.49%
  #ireg                     0
  #oreg                     0
  #treg                     0
#pll                        0   out of      4    0.00%
#gclk                       3   out of     16   18.75%

Clock Resource Statistics
Index     ClockNet         Type               DriverType         Driver                       Fanout
#1        clk_50M_dup_1    GCLK               io                 clk_50M_syn_2.di             158
#2        U1/scan_clk      GCLK               mslice             U1/scan_clk_reg_syn_9.q0     11
#3        U6/slow_clk      GCLK               lslice             U6/slow_clk_reg_syn_38.q0    9


Detailed IO Report

        Name           Direction    Location    IOStandard    DriveStrength    PullType    PackReg  
        RSTn             INPUT         A9        LVCMOS33          N/A          PULLUP      NONE    
       clk_50M           INPUT         R7        LVCMOS33          N/A          PULLUP      NONE    
       col[3]            INPUT        F10        LVCMOS33          N/A          PULLUP      NONE    
       col[2]            INPUT        C11        LVCMOS33          N/A          PULLUP      NONE    
       col[1]            INPUT        D11        LVCMOS33          N/A          PULLUP      NONE    
       col[0]            INPUT        E11        LVCMOS33          N/A          PULLUP      NONE    
  DigitronCS_Out[3]     OUTPUT         A3        LVCMOS33           8            NONE       NONE    
  DigitronCS_Out[2]     OUTPUT         A5        LVCMOS33           8            NONE       NONE    
  DigitronCS_Out[1]     OUTPUT         B6        LVCMOS33           8            NONE       NONE    
  DigitronCS_Out[0]     OUTPUT         C9        LVCMOS33           8            NONE       NONE    
   Digitron_Out[7]      OUTPUT         C8        LVCMOS33           8            NONE       NONE    
   Digitron_Out[6]      OUTPUT         A8        LVCMOS33           8            NONE       NONE    
   Digitron_Out[5]      OUTPUT         B5        LVCMOS33           8            NONE       NONE    
   Digitron_Out[4]      OUTPUT         A7        LVCMOS33           8            NONE       NONE    
   Digitron_Out[3]      OUTPUT         E8        LVCMOS33           8            NONE       NONE    
   Digitron_Out[2]      OUTPUT         B8        LVCMOS33           8            NONE       NONE    
   Digitron_Out[1]      OUTPUT         A6        LVCMOS33           8            NONE       NONE    
   Digitron_Out[0]      OUTPUT         A4        LVCMOS33           8            NONE       NONE    
       buzzer           OUTPUT        H11        LVCMOS33           8            NONE       NONE    
       leds[6]          OUTPUT        B15        LVCMOS33           8            NONE       NONE    
       leds[5]          OUTPUT        B16        LVCMOS33           8            NONE       NONE    
       leds[4]          OUTPUT        C15        LVCMOS33           8            NONE       NONE    
       leds[3]          OUTPUT        C16        LVCMOS33           8            NONE       NONE    
       leds[2]          OUTPUT        E13        LVCMOS33           8            NONE       NONE    
       leds[1]          OUTPUT        E16        LVCMOS33           8            NONE       NONE    
       leds[0]          OUTPUT        F16        LVCMOS33           8            NONE       NONE    
        light           OUTPUT        B14        LVCMOS33           8            NONE       NONE    
       row[3]           OUTPUT         D9        LVCMOS33           8            NONE       NONE    
       row[2]           OUTPUT         F9        LVCMOS33           8            NONE       NONE    
       row[1]           OUTPUT        C10        LVCMOS33           8            NONE       NONE    
       row[0]           OUTPUT        E10        LVCMOS33           8            NONE       NONE    

Report Hierarchy Area:
+-------------------------------------------------------------------------------------------+
|Instance |Module                      |le     |lut     |ripple  |seq     |bram    |dsp     |
+-------------------------------------------------------------------------------------------+
|top      |keyboard_instance           |868    |641     |160     |292     |0       |0       |
|  U1     |keyboard_scan               |73     |50      |9       |54      |0       |0       |
|  U2     |key_filter                  |61     |33      |6       |51      |0       |0       |
|  U3     |onehot2binary               |623    |492     |131     |129     |0       |0       |
|  U5     |Digitron_TimeDisplay_module |42     |26      |5       |13      |0       |0       |
|  U6     |Led_effect                  |64     |35      |9       |45      |0       |0       |
+-------------------------------------------------------------------------------------------+


DataNet Average Fanout:

   Index     Fanout    Nets  
    #1         1       539   
    #2         2       163   
    #3         3        64   
    #4         4        46   
    #5        5-10     120   
    #6       11-50      24   
    #7       51-100     1    
  Average     2.69           

RUN-1002 : start command "export_db keyboard_pr.db"
RUN-1001 : Exported /
RUN-1001 : Exported flow parameters
RUN-1001 : Exported libs
RUN-1001 : Exported entities
RUN-1001 : Exported ports
RUN-1001 : Exported pins
RUN-1001 : Exported instances
RUN-1001 : Exported nets
RUN-1001 : Exported buses
RUN-1001 : Exported models
RUN-1001 : Exported congestions
RUN-1001 : Exported violations
RUN-1001 : Exported timing constraints
RUN-1001 : Exported IO constraints
RUN-1001 : Exported Inst constraints
RUN-1002 : start command "export_bid keyboard_inst.bid"
RUN-1002 : start command "bitgen -bit keyboard.bit -unused_io_status pulldown"
BIT-1003 : Start to generate bitstream. 
BIT-1002 : Bitgen processed 157 unused pads, reserve input tri_state with pulldown
BIT-1002 : Init instances with 16 threads.
BIT-1002 : Init instances completely, inst num: 639
BIT-1002 : Init pips with 16 threads.
BIT-1002 : Init pips completely, net num: 993, pip num: 7223
BIT-1002 : Init feedthrough completely, num: 8
BIT-1003 : Multithreading accelaration with 16 threads.
BIT-1003 : Generate bitstream completely, there are 809 valid insts, and 24107 bits set as '1'.
BIT-1004 : PLL setting string = 0000
BIT-1004 : Generate bits file keyboard.bit.
RUN-1003 : finish command "bitgen -bit keyboard.bit -unused_io_status pulldown" in  1.727583s wall, 10.781250s user + 0.031250s system = 10.812500s CPU (625.9%)

RUN-1004 : used memory is 441 MB, reserved memory is 418 MB, peak memory is 634 MB
RUN-1002 : start command "backup_run_log run.log ../.logs/phy_1/td_20240829_004714.log"
