============================================================
   Tang Dynasty, V5.6.71036
      Copyright (c) 2012-2023 Anlogic Inc.
   Executable = C:/Anlogic/TD5.6.2/bin/td.exe
   Built at =   20:34:38 Mar 21 2023
   Run by =     Osscarrrrr
   Run Date =   Tue Aug 27 22:07:42 2024

   Run on =     ADMINISTRATOR
============================================================
RUN-1002 : start command "open_project keyboard.prj"
RUN-1001 : Print Global Property
RUN-1001 : ---------------------------------------------------------------
RUN-1001 :        Parameters        |  Settings  |  Default Values  |  Note  
RUN-1001 : ---------------------------------------------------------------
RUN-1001 :          message         |  standard  |     standard     |        
RUN-1001 :   mixed_pack_place_flow  |     on     |        on        |        
RUN-1001 :        qor_monitor       |    off     |       off        |        
RUN-1001 :        syn_ip_flow       |    off     |       off        |        
RUN-1001 :          thread          |    auto    |       auto       |        
RUN-1001 : ---------------------------------------------------------------
RUN-1001 : Print Design Property
RUN-1001 : --------------------------------------------------------------
RUN-1001 :        Parameters       |  Settings  |  Default Values  |  Note  
RUN-1001 : --------------------------------------------------------------
RUN-1001 :   default_reg_initial   |    auto    |       auto       |        
RUN-1001 :        infer_add        |     on     |        on        |        
RUN-1001 :        infer_fsm        |    off     |       off        |        
RUN-1001 :        infer_mult       |     on     |        on        |        
RUN-1001 :        infer_ram        |     on     |        on        |        
RUN-1001 :        infer_reg        |     on     |        on        |        
RUN-1001 :   infer_reg_init_value  |     on     |        on        |        
RUN-1001 :        infer_rom        |     on     |        on        |        
RUN-1001 :      infer_shifter      |     on     |        on        |        
RUN-1001 : --------------------------------------------------------------
RUN-1001 : Print Rtl Property
RUN-1001 : --------------------------------------------------------------
RUN-1001 :        Parameters       |  Settings  |  Default Values  |  Note  
RUN-1001 : --------------------------------------------------------------
RUN-1001 :       compress_add      |   ripple   |      ripple      |        
RUN-1001 :        elf_sload        |    off     |       off        |        
RUN-1001 :       fix_undriven      |     0      |        0         |        
RUN-1001 :         flatten         |    off     |       off        |        
RUN-1001 :       gate_sharing      |     on     |        on        |        
RUN-1001 :    hdl_warning_level    |   normal   |      normal      |        
RUN-1001 :   impl_internal_tribuf  |     on     |        on        |        
RUN-1001 :      impl_set_reset     |     on     |        on        |        
RUN-1001 :        infer_gsr        |    off     |       off        |        
RUN-1001 :      keep_hierarchy     |    auto    |       auto       |        
RUN-1001 :        max_fanout       |    9999    |       9999       |        
RUN-1001 :      max_oh2bin_len     |     10     |        10        |        
RUN-1001 :       merge_equal       |     on     |        on        |        
RUN-1001 :       merge_equiv       |     on     |        on        |        
RUN-1001 :        merge_mux        |    off     |       off        |        
RUN-1001 :     min_control_set     |     8      |        8         |        
RUN-1001 :      min_ripple_len     |    auto    |       auto       |        
RUN-1001 :       oh2bin_ratio      |    0.08    |       0.08       |        
RUN-1001 :     opt_adder_fanout    |     on     |        on        |        
RUN-1001 :        opt_arith        |     on     |        on        |        
RUN-1001 :       opt_big_gate      |    off     |       off        |        
RUN-1001 :        opt_const        |     on     |        on        |        
RUN-1001 :      opt_const_mult     |     on     |        on        |        
RUN-1001 :       opt_lessthan      |     on     |        on        |        
RUN-1001 :         opt_mux         |    off     |       off        |        
RUN-1001 :         opt_ram         |    high    |       high       |        
RUN-1001 :      rtl_sim_model      |    off     |       off        |        
RUN-1001 :         seq_syn         |     on     |        on        |        
RUN-1001 : --------------------------------------------------------------
HDL-1007 : analyze verilog file ../../../src/Digitron_TimeDisplay_module.v
HDL-1007 : analyze verilog file ../../../src/key_filter.v
HDL-1007 : analyze verilog file ../../../src/keyboard_instance.v
HDL-1007 : analyze verilog file ../../../src/keyboard_scan.v
HDL-1007 : analyze verilog file ../../../src/onehot2binary.v
RUN-1001 : Project manager successfully analyzed 5 source files.
RUN-1002 : start command "import_device eagle_s20.db -package EG4S20BG256"
ARC-1001 : Device Initialization.
ARC-1001 : ------------------------------------------------------------------
ARC-1001 :            OPTION            |          IO          |   SETTING   
ARC-1001 : ------------------------------------------------------------------
ARC-1001 :   cso_b/cclk/mosi/miso/dout  |  T3/R11/T10/P10/S11  |    gpio    
ARC-1001 :             done             |         P13          |    gpio    
ARC-1001 :           program_b          |          T2          |  dedicate  
ARC-1001 :        tdi/tms/tck/tdo       |   C12/A15/C14/E14    |  dedicate  
ARC-1001 : ------------------------------------------------------------------
ARC-1004 : Device setting, marked 5 dedicate IOs in total.
RUN-1002 : start command "import_db ../syn_1/keyboard_gate.db"
RUN-1001 : Importing database generated by Tang Dynasty, V5.6.71036.
RUN-1001 : Database version number 46146.
RUN-1001 : Import flow parameters
RUN-1001 : Import IO constraints
RUN-1001 : Import Inst constraints
RUN-1001 : Import design success TD_VERSION=5.6.71036 , DB_VERSION=46146
RUN-1002 : start command "place"
RUN-1001 : Open license file C:/Anlogic/TD5.6.2/license/Anlogic.lic
RUN-1001 : Print Global Property
RUN-1001 : ---------------------------------------------------------------
RUN-1001 :        Parameters        |  Settings  |  Default Values  |  Note  
RUN-1001 : ---------------------------------------------------------------
RUN-1001 :          message         |  standard  |     standard     |        
RUN-1001 :   mixed_pack_place_flow  |     on     |        on        |        
RUN-1001 :        qor_monitor       |    off     |       off        |        
RUN-1001 :        syn_ip_flow       |    off     |       off        |        
RUN-1001 :          thread          |    auto    |       auto       |        
RUN-1001 : ---------------------------------------------------------------
RUN-1001 : Print Place Property
RUN-1001 : --------------------------------------------------------------
RUN-1001 :        Parameters       |  Settings  |  Default Values  |  Note  
RUN-1001 : --------------------------------------------------------------
RUN-1001 :      detailed_place     |     on     |        on        |        
RUN-1001 :          effort         |   medium   |      medium      |        
RUN-1001 :         fix_hold        |    off     |       off        |        
RUN-1001 :       legalization      |    ori     |       ori        |        
RUN-1001 :      new_spreading      |     on     |        on        |        
RUN-1001 :        opt_timing       |   medium   |      medium      |        
RUN-1001 :   post_clock_route_opt  |    off     |       off        |        
RUN-1001 :       pr_strategy       |     1      |        1         |        
RUN-1001 :        relaxation       |    1.00    |       1.00       |        
RUN-1001 :         retiming        |    off     |       off        |        
RUN-1001 : --------------------------------------------------------------
PHY-3001 : Placer runs in 20 thread(s).
RUN-1002 : start command "legalize_phy_inst"
SYN-1011 : Flatten model keyboard_instance
RUN-1002 : start command "phys_opt -simplify_lut"
SYN-4024 : Net "clk_50M_dup_5" drives clk pins.
SYN-4024 : Net "U1/scan_clk" drives clk pins.
SYN-4025 : Tag rtl::Net U1/scan_clk as clock net
SYN-4025 : Tag rtl::Net clk_50M_dup_5 as clock net
SYN-4026 : Tagged 2 rtl::Net as clock net
SYN-4015 : Create BUFG instance for clk Net U1/scan_clk to drive 24 clock pins.
PHY-1001 : Populate physical database on model keyboard_instance.
RUN-1001 : There are total 436 instances
RUN-0007 : 217 luts, 143 seqs, 32 mslices, 16 lslices, 24 pads, 0 brams, 0 dsps
RUN-1001 : There are total 535 nets
RUN-1001 : 303 nets have 2 pins
RUN-1001 : 180 nets have [3 - 5] pins
RUN-1001 : 36 nets have [6 - 10] pins
RUN-1001 : 8 nets have [11 - 20] pins
RUN-1001 : 6 nets have [21 - 99] pins
RUN-1001 : 2 nets have 100+ pins
RUN-1001 : Report Control nets information:
RUN-1001 : DFF Distribution
RUN-1001 : ----------------------------------
RUN-1001 :   CE   |  SSR  |  ASR  |  DFF Count  
RUN-1001 : ----------------------------------
RUN-1001 :   No   |  No   |  No   |     77      
RUN-1001 :   No   |  No   |  Yes  |      8      
RUN-1001 :   No   |  Yes  |  No   |     26      
RUN-1001 :   Yes  |  No   |  No   |      0      
RUN-1001 :   Yes  |  No   |  Yes  |     32      
RUN-1001 :   Yes  |  Yes  |  No   |      0      
RUN-1001 : ----------------------------------
RUN-0007 : Control Group Statistic
RUN-0007 : ---------------------------
RUN-0007 :   #CLK  |  #CE  |  #SSR/ASR  
RUN-0007 : ---------------------------
RUN-0007 :    2    |   2   |     3      
RUN-0007 : ---------------------------
RUN-0007 : Control Set = 5
PHY-3001 : Initial placement ...
PHY-3001 : design contains 434 instances, 217 luts, 143 seqs, 48 slices, 5 macros(48 instances: 32 mslices 16 lslices)
PHY-0007 : Cell area utilization is 1%
PHY-3001 : Global placement ...
PHY-3001 : Initial: Len = 125946
PHY-3001 : Clustering ...
PHY-3001 : Level 0 #clusters 434.
PHY-3001 : End clustering;  0.000010s wall, 0.000000s user + 0.000000s system = 0.000000s CPU (n/a%)

PHY-3001 : Run with size of 4
PHY-3001 : Cell area utilization is 1%
PHY-3001 : :::0::: Try harder cell spreading with beta_ = 0
PHY-3002 : Step(1): len = 81189.2, overlap = 0
PHY-3002 : Step(2): len = 50435.5, overlap = 0
PHY-3002 : Step(3): len = 36119.7, overlap = 0
PHY-3002 : Step(4): len = 27953.8, overlap = 0
PHY-3002 : Step(5): len = 23072.9, overlap = 0
PHY-3002 : Step(6): len = 20987.2, overlap = 0
PHY-3002 : Step(7): len = 19549.5, overlap = 0
PHY-3002 : Step(8): len = 17690.9, overlap = 0
PHY-3002 : Step(9): len = 17814.9, overlap = 0
PHY-3002 : Step(10): len = 17848, overlap = 0
PHY-3002 : Step(11): len = 16957.9, overlap = 0
PHY-3002 : Step(12): len = 16406.9, overlap = 0
PHY-3002 : Step(13): len = 16194.7, overlap = 0
PHY-3002 : Step(14): len = 15871.2, overlap = 0
PHY-3002 : Step(15): len = 15568.1, overlap = 0
PHY-3002 : Step(16): len = 15673.2, overlap = 0
PHY-3002 : Step(17): len = 15558.7, overlap = 0
PHY-3002 : Step(18): len = 15050.6, overlap = 0
PHY-3002 : Step(19): len = 13334.9, overlap = 0
PHY-3002 : Step(20): len = 12837, overlap = 0
PHY-3002 : Step(21): len = 13094.9, overlap = 0
PHY-3002 : Step(22): len = 12508.6, overlap = 0
PHY-3002 : Step(23): len = 12194.4, overlap = 0
PHY-3002 : Step(24): len = 12313, overlap = 0
PHY-3002 : Step(25): len = 11268.9, overlap = 0
PHY-3002 : Step(26): len = 10567, overlap = 0
PHY-3002 : Step(27): len = 11156.5, overlap = 0
PHY-3002 : Step(28): len = 11541.4, overlap = 0
PHY-3002 : Step(29): len = 11162.5, overlap = 0
PHY-3002 : Step(30): len = 9794.5, overlap = 0
PHY-3002 : Step(31): len = 9262.4, overlap = 0
PHY-3002 : Step(32): len = 9657, overlap = 0
PHY-3002 : Step(33): len = 9656.3, overlap = 0
PHY-3002 : Step(34): len = 8933.7, overlap = 0
PHY-3002 : Step(35): len = 8882.9, overlap = 0
PHY-3002 : Step(36): len = 8882.9, overlap = 0
PHY-3002 : Step(37): len = 7982.7, overlap = 0
PHY-3002 : Step(38): len = 7982.7, overlap = 0
PHY-3002 : Step(39): len = 7793.1, overlap = 0
PHY-3002 : Step(40): len = 7793.1, overlap = 0
PHY-3002 : Step(41): len = 7663.6, overlap = 0
PHY-3001 : Legalization ...
PHY-3001 : End legalization;  0.003391s wall, 0.000000s user + 0.000000s system = 0.000000s CPU (n/a%)

PHY-3001 : Run with size of 4
PHY-3001 : Cell area utilization is 2%
PHY-3001 : :::0::: Try harder cell spreading with beta_ = 0
PHY-3002 : Step(42): len = 7581.3, overlap = 2.03125
PHY-3002 : Step(43): len = 7627.4, overlap = 2.03125
PHY-3002 : Step(44): len = 7750.5, overlap = 1.9375
PHY-3001 : Run with size of 2
PHY-3001 : Cell area utilization is 2%
PHY-3001 : :::0::: Try harder cell spreading with beta_ = 3.83102e-05
PHY-3002 : Step(45): len = 7631.5, overlap = 7.96875
PHY-3002 : Step(46): len = 7819.6, overlap = 7.625
PHY-3002 : Step(47): len = 8123.8, overlap = 7.46875
PHY-3001 : :::1::: Try harder cell spreading with beta_ = 7.66204e-05
PHY-3002 : Step(48): len = 7547, overlap = 7.125
PHY-3002 : Step(49): len = 7691.4, overlap = 6.875
PHY-3002 : Step(50): len = 7823.3, overlap = 6.46875
PHY-3001 : :::2::: Try harder cell spreading with beta_ = 0.000153241
PHY-3002 : Step(51): len = 7791.7, overlap = 6.3125
PHY-3002 : Step(52): len = 7860.1, overlap = 6.21875
PHY-3002 : Step(53): len = 8020, overlap = 5.28125
OPT-1001 : Start physical optimization ...
OPT-1001 : Total overflow 18.91 peak overflow 2.91
OPT-1001 : Start high-fanout net optimization ...
OPT-1001 : Update timing in global mode
PHY-1001 : Start incremental global routing, caller is place ...
RUN-1001 : Generating global routing grids ...
RUN-1001 : Building simple global routing graph ...
PHY-1001 : Generate routing nets ...
PHY-1001 : Reuse net number 0/535.
PHY-1001 : Global iterations in 20 thread ...
PHY-1002 : len = 8664, over cnt = 46(0%), over = 169, worst = 9
PHY-1001 : End global iterations;  0.021933s wall, 0.015625s user + 0.000000s system = 0.015625s CPU (71.2%)

PHY-1001 : Congestion index: top1 = 18.73, top5 = 6.39, top10 = 3.22, top15 = 2.15.
PHY-1001 : End incremental global routing;  0.056405s wall, 0.015625s user + 0.015625s system = 0.031250s CPU (55.4%)

RUN-1002 : start command "start_timer -report"
TMR-5001 WARNING: No sdc constraints found while initiating timer.
TMR-2505 : Start building timing graph for model keyboard_instance.
TMR-2506 : Build timing graph completely. Port num: 8, tpin num: 1970, tnet num: 533, tinst num: 434, tnode num: 2438, tedge num: 3154.
TMR-2508 : Levelizing timing graph completed, there are 29 levels in total.
TMR-2501 : Timing graph initialized successfully.
OPT-1001 : End timing update;  0.121258s wall, 0.093750s user + 0.000000s system = 0.093750s CPU (77.3%)

OPT-1001 : 0 high-fanout net processed.
OPT-1001 : End high-fanout net optimization;  0.181255s wall, 0.109375s user + 0.015625s system = 0.125000s CPU (69.0%)

OPT-1001 : Current memory(MB): used = 147, reserve = 119, peak = 147.
OPT-1001 : End physical optimization;  0.184942s wall, 0.109375s user + 0.015625s system = 0.125000s CPU (67.6%)

PHY-3001 : Start packing ...
SYN-4007 : Packing 0 MUX to BLE ...
SYN-4008 : Packed 0 MUX and 0 SEQ to BLE.
SYN-4007 : Packing 217 LUT to BLE ...
SYN-4008 : Packed 217 LUT and 81 SEQ to BLE.
SYN-4003 : Packing 62 remaining SEQ's ...
SYN-4005 : Packed 46 SEQ with LUT/SLICE
SYN-4006 : 92 single LUT's are left
SYN-4006 : 16 single SEQ's are left
SYN-4011 : Packing model "keyboard_instance" (AL_USER_NORMAL) with 233/309 primitive instances ...
PHY-3001 : End packing;  0.009146s wall, 0.000000s user + 0.000000s system = 0.000000s CPU (n/a%)

PHY-1001 : Populate physical database on model keyboard_instance.
RUN-1001 : There are total 208 instances
RUN-1001 : 90 mslices, 90 lslices, 24 pads, 0 brams, 0 dsps
RUN-1001 : There are total 454 nets
RUN-1001 : 220 nets have 2 pins
RUN-1001 : 173 nets have [3 - 5] pins
RUN-1001 : 45 nets have [6 - 10] pins
RUN-1001 : 9 nets have [11 - 20] pins
RUN-1001 : 5 nets have [21 - 99] pins
RUN-1001 : 2 nets have 100+ pins
PHY-3001 : design contains 206 instances, 180 slices, 5 macros(48 instances: 32 mslices 16 lslices)
PHY-3001 : Cell area utilization is 2%
PHY-3001 : After packing: Len = 8199.6, Over = 12.25
PHY-3001 : Run with size of 2
PHY-3001 : Cell area utilization is 2%
PHY-3001 : :::0::: Try harder cell spreading with beta_ = 3.44804e-05
PHY-3002 : Step(54): len = 7900.2, overlap = 11
PHY-3002 : Step(55): len = 7990.1, overlap = 10.75
PHY-3002 : Step(56): len = 8010.3, overlap = 10.5
PHY-3001 : :::1::: Try harder cell spreading with beta_ = 6.89607e-05
PHY-3002 : Step(57): len = 7919.2, overlap = 11
PHY-3002 : Step(58): len = 7969, overlap = 10.25
PHY-3002 : Step(59): len = 8050.9, overlap = 9.25
PHY-3001 : :::2::: Try harder cell spreading with beta_ = 0.000137921
PHY-3002 : Step(60): len = 7943.5, overlap = 9.5
PHY-3002 : Step(61): len = 7945.4, overlap = 9.5
PHY-3002 : Step(62): len = 7975.1, overlap = 9.25
PHY-3001 : Legalization ...
PHY-3001 : End legalization;  0.062971s wall, 0.000000s user + 0.000000s system = 0.000000s CPU (n/a%)

PHY-3001 : Trial Legalized: Len = 12386.7
PHY-3001 : Run with size of 2
PHY-3001 : Cell area utilization is 2%
PHY-3001 : :::0::: Try harder cell spreading with beta_ = 0
PHY-3002 : Step(63): len = 9394.4, overlap = 2.75
PHY-3002 : Step(64): len = 8497.5, overlap = 4.75
PHY-3002 : Step(65): len = 8313, overlap = 5.5
PHY-3002 : Step(66): len = 8301.3, overlap = 5.5
PHY-3002 : Step(67): len = 8217.6, overlap = 6.25
PHY-3001 : :::1::: Try harder cell spreading with beta_ = 0.000111494
PHY-3002 : Step(68): len = 8117.7, overlap = 5.75
PHY-3002 : Step(69): len = 8113.4, overlap = 5.5
PHY-3002 : Step(70): len = 8109.7, overlap = 5.25
PHY-3001 : :::2::: Try harder cell spreading with beta_ = 0.000222989
PHY-3002 : Step(71): len = 8020.6, overlap = 5.5
PHY-3002 : Step(72): len = 8027.5, overlap = 5.5
PHY-3001 : Legalization ...
PHY-3001 : End legalization;  0.003911s wall, 0.000000s user + 0.000000s system = 0.000000s CPU (n/a%)

PHY-3001 : Legalized: Len = 10063.2, Over = 0
PHY-3001 : End spreading;  0.001896s wall, 0.000000s user + 0.000000s system = 0.000000s CPU (n/a%)

PHY-3001 : Final: Len = 10063.2, Over = 0
OPT-1001 : Start physical optimization ...
OPT-1001 : Total overflow 0.00 peak overflow 0.00
OPT-1001 : Start high-fanout net optimization ...
OPT-1001 : Update timing in global mode
PHY-1001 : Start incremental global routing, caller is place ...
RUN-1001 : Generating global routing grids ...
PHY-1001 : Generate routing nets ...
PHY-1001 : Reuse net number 13/454.
PHY-1001 : Global iterations in 20 thread ...
PHY-1002 : len = 10880, over cnt = 28(0%), over = 30, worst = 2
PHY-1002 : len = 11032, over cnt = 5(0%), over = 5, worst = 1
PHY-1002 : len = 11112, over cnt = 0(0%), over = 0, worst = 0
PHY-1001 : End global iterations;  0.032189s wall, 0.000000s user + 0.000000s system = 0.000000s CPU (n/a%)

PHY-1001 : Congestion index: top1 = 17.56, top5 = 7.88, top10 = 4.12, top15 = 2.75.
PHY-1001 : End incremental global routing;  0.062538s wall, 0.000000s user + 0.000000s system = 0.000000s CPU (n/a%)

RUN-1002 : start command "start_timer -report"
TMR-5001 WARNING: No sdc constraints found while initiating timer.
TMR-2505 : Start building timing graph for model keyboard_instance.
TMR-2506 : Build timing graph completely. Port num: 8, tpin num: 1762, tnet num: 452, tinst num: 206, tnode num: 2136, tedge num: 2956.
TMR-2508 : Levelizing timing graph completed, there are 27 levels in total.
TMR-2501 : Timing graph initialized successfully.
OPT-1001 : End timing update;  0.098292s wall, 0.046875s user + 0.000000s system = 0.046875s CPU (47.7%)

OPT-1001 : 0 high-fanout net processed.
OPT-1001 : End high-fanout net optimization;  0.164524s wall, 0.046875s user + 0.000000s system = 0.046875s CPU (28.5%)

OPT-1001 : Current memory(MB): used = 149, reserve = 121, peak = 149.
OPT-1001 : Update timing in Manhattan mode
OPT-1001 : End timing update;  0.000216s wall, 0.000000s user + 0.000000s system = 0.000000s CPU (n/a%)

OPT-1001 : Start pin optimization...
OPT-1001 : skip pin optimization...
RUN-1001 : Generating global routing grids ...
PHY-1001 : Generate routing nets ...
PHY-1001 : Reuse net number 354/454.
PHY-1001 : Global iterations in 20 thread ...
PHY-1002 : len = 11112, over cnt = 0(0%), over = 0, worst = 0
PHY-1001 : End global iterations;  0.001010s wall, 0.000000s user + 0.000000s system = 0.000000s CPU (n/a%)

PHY-1001 : Congestion index: top1 = 17.56, top5 = 7.88, top10 = 4.12, top15 = 2.75.
OPT-1001 : Update timing in Manhattan mode
OPT-1001 : End timing update;  0.000642s wall, 0.000000s user + 0.000000s system = 0.000000s CPU (n/a%)

RUN-1001 : QoR Analysis:
OPT-0007 :   WNS 2147483647 TNS 0 NUM_FEPS 0
RUN-1001 :   No local congestion issue, and most congested 1% tile average routing util is 17.137931
RUN-1001 :   Top critical paths
OPT-1001 : End physical optimization;  0.198065s wall, 0.078125s user + 0.000000s system = 0.078125s CPU (39.4%)

RUN-1003 : finish command "place" in  1.888601s wall, 0.625000s user + 0.500000s system = 1.125000s CPU (59.6%)

RUN-1004 : used memory is 130 MB, reserved memory is 103 MB, peak memory is 150 MB
RUN-1002 : start command "export_db keyboard_place.db"
RUN-1001 : Exported /
RUN-1001 : Exported flow parameters
RUN-1001 : Exported libs
RUN-1001 : Exported entities
RUN-1001 : Exported ports
RUN-1001 : Exported pins
RUN-1001 : Exported instances
RUN-1001 : Exported nets
RUN-1001 : Exported buses
RUN-1001 : Exported models
RUN-1001 : Exported congestions
RUN-1001 : Exported violations
RUN-1001 : Exported IO constraints
RUN-1001 : Exported Inst constraints
RUN-1002 : start command "route"
RUN-1001 : Open license file C:/Anlogic/TD5.6.2/license/Anlogic.lic
RUN-1001 : Print Global Property
RUN-1001 : ---------------------------------------------------------------
RUN-1001 :        Parameters        |  Settings  |  Default Values  |  Note  
RUN-1001 : ---------------------------------------------------------------
RUN-1001 :          message         |  standard  |     standard     |        
RUN-1001 :   mixed_pack_place_flow  |     on     |        on        |        
RUN-1001 :        qor_monitor       |    off     |       off        |        
RUN-1001 :        syn_ip_flow       |    off     |       off        |        
RUN-1001 :          thread          |    auto    |       auto       |        
RUN-1001 : ---------------------------------------------------------------
RUN-1001 : Print Route Property
RUN-1001 : -------------------------------------------------------
RUN-1001 :    Parameters    |  Settings  |  Default Values  |  Note  
RUN-1001 : -------------------------------------------------------
RUN-1001 :      effort      |   medium   |      medium      |        
RUN-1001 :     fix_hold     |    off     |       off        |        
RUN-1001 :    opt_timing    |   medium   |      medium      |        
RUN-1001 :   phy_sim_model  |    off     |       off        |        
RUN-1001 :     priority     |   timing   |      timing      |        
RUN-1001 :     swap_pin     |     on     |        on        |        
RUN-1001 : -------------------------------------------------------
PHY-1001 : Route runs in 20 thread(s)
RUN-1001 : There are total 208 instances
RUN-1001 : 90 mslices, 90 lslices, 24 pads, 0 brams, 0 dsps
RUN-1001 : There are total 454 nets
RUN-1001 : 220 nets have 2 pins
RUN-1001 : 173 nets have [3 - 5] pins
RUN-1001 : 45 nets have [6 - 10] pins
RUN-1001 : 9 nets have [11 - 20] pins
RUN-1001 : 5 nets have [21 - 99] pins
RUN-1001 : 2 nets have 100+ pins
RUN-1002 : start command "start_timer -report"
TMR-5001 WARNING: No sdc constraints found while initiating timer.
TMR-2505 : Start building timing graph for model keyboard_instance.
TMR-2506 : Build timing graph completely. Port num: 8, tpin num: 1762, tnet num: 452, tinst num: 206, tnode num: 2136, tedge num: 2956.
TMR-2508 : Levelizing timing graph completed, there are 27 levels in total.
TMR-2501 : Timing graph initialized successfully.
PHY-1001 : 90 mslices, 90 lslices, 24 pads, 0 brams, 0 dsps
TMR-2503 : Start to update net delay, extr mode = 3.
TMR-2504 : Update delay of 452 nets completely.
TMR-2502 : Annotate delay completely, extr mode = 3.
TMR-3002 : No user constraint, initiate default constraint.
TMR-1501 : Assign derive clock DeriveClock to 226 clock pins, and constraint 374 relative nodes.
TMR-3003 : Constraints initiated successfully.
TMR-3501 : Forward propagation: start to calculate arrival time...
TMR-3502 : Backward propagation: start to calculate required time...
TMR-3503 : Timing propagation completes.
PHY-1001 : Start global routing, caller is route ...
RUN-1001 : Generating global routing grids ...
PHY-1001 : Generate routing nets ...
PHY-1001 : Global iterations in 20 thread ...
PHY-1002 : len = 10872, over cnt = 28(0%), over = 30, worst = 2
PHY-1002 : len = 11024, over cnt = 4(0%), over = 4, worst = 1
PHY-1002 : len = 11088, over cnt = 0(0%), over = 0, worst = 0
PHY-1001 : End global iterations;  0.031547s wall, 0.000000s user + 0.031250s system = 0.031250s CPU (99.1%)

PHY-1001 : Congestion index: top1 = 17.69, top5 = 7.86, top10 = 4.09, top15 = 2.73.
PHY-1001 : End global routing;  0.061659s wall, 0.031250s user + 0.031250s system = 0.062500s CPU (101.4%)

PHY-1001 : Start detail routing ...
PHY-1001 : Current memory(MB): used = 176, reserve = 148, peak = 194.
PHY-1001 : Detailed router is running in normal mode.
PHY-1001 : Generate detailed routing grids ...
PHY-1001 : Processed IO instance col[3]_syn_4 with INV attribute.
PHY-1001 : Processed IO instance col[2]_syn_4 with INV attribute.
PHY-1001 : Processed IO instance col[1]_syn_4 with INV attribute.
PHY-1001 : Processed IO instance col[0]_syn_4 with INV attribute.
PHY-1001 : Generate nets ...
PHY-1001 : net clk_50M_dup_5 will be routed on clock mesh
PHY-1001 : clock net U1/scan_clk_syn_4 will be merged with clock U1/scan_clk
PHY-1001 : Current memory(MB): used = 445, reserve = 421, peak = 445.
PHY-1001 : End build detailed router design. 2.617582s wall, 1.562500s user + 0.078125s system = 1.640625s CPU (62.7%)

PHY-1001 : Detail Route ...
PHY-1001 : ===== Detail Route Phase 1 =====
PHY-1001 : Clock net routing.....
PHY-1001 : Routed 0% nets.
PHY-1022 : len = 8184, over cnt = 0(0%), over = 0, worst = 0, crit = 0
PHY-1001 : End initial clock net routed; 0.278328s wall, 0.156250s user + 0.000000s system = 0.156250s CPU (56.1%)

PHY-1001 : Current memory(MB): used = 474, reserve = 451, peak = 474.
PHY-1001 : End phase 1; 0.283232s wall, 0.156250s user + 0.000000s system = 0.156250s CPU (55.2%)

PHY-1001 : ===== Detail Route Phase 2 =====
PHY-1001 : Initial routing.....
PHY-1001 : Routed 42% nets.
PHY-1001 : Routed 45% nets.
PHY-1001 : Routed 55% nets.
PHY-1001 : Routed 66% nets.
PHY-1001 : Routed 84% nets.
PHY-1022 : len = 36888, over cnt = 5(0%), over = 5, worst = 1, crit = 0
PHY-1001 : Current memory(MB): used = 474, reserve = 451, peak = 474.
PHY-1001 : End initial routed; 0.164063s wall, 0.015625s user + 0.031250s system = 0.046875s CPU (28.6%)

PHY-1001 : Current memory(MB): used = 474, reserve = 451, peak = 474.
PHY-1001 : End phase 2; 0.164098s wall, 0.015625s user + 0.031250s system = 0.046875s CPU (28.6%)

PHY-1001 : ===== Detail Route Phase 3 =====
PHY-1001 : Ripup-reroute.....
PHY-1001 : ===== DR Iter 1 =====
PHY-1022 : len = 36896, over cnt = 1(0%), over = 1, worst = 1, crit = 0
PHY-1001 : End DR Iter 1; 0.008932s wall, 0.000000s user + 0.000000s system = 0.000000s CPU (n/a%)

PHY-1001 : ===== DR Iter 2 =====
PHY-1022 : len = 36920, over cnt = 0(0%), over = 0, worst = 0, crit = 0
PHY-1001 : End DR Iter 2; 0.009023s wall, 0.000000s user + 0.000000s system = 0.000000s CPU (n/a%)

PHY-1001 : Commit to database.....
PHY-1001 : 1 feed throughs used by 1 nets
PHY-1001 : End commit to database; 0.035792s wall, 0.000000s user + 0.000000s system = 0.000000s CPU (n/a%)

PHY-1001 : Current memory(MB): used = 484, reserve = 461, peak = 484.
PHY-1001 : End phase 3; 0.139050s wall, 0.015625s user + 0.000000s system = 0.015625s CPU (11.2%)

PHY-1003 : Routed, final wirelength = 36920
PHY-1001 : Current memory(MB): used = 484, reserve = 461, peak = 484.
PHY-1001 : End export database. 0.004570s wall, 0.000000s user + 0.000000s system = 0.000000s CPU (n/a%)

PHY-1001 : End detail routing;  3.358466s wall, 1.828125s user + 0.109375s system = 1.937500s CPU (57.7%)

RUN-1003 : finish command "route" in  3.567435s wall, 1.968750s user + 0.140625s system = 2.109375s CPU (59.1%)

RUN-1004 : used memory is 420 MB, reserved memory is 397 MB, peak memory is 484 MB
RUN-1002 : start command "report_area -io_info -file keyboard_phy.area"
RUN-1001 : standard
***Report Model: keyboard_instance Device: EG4S20BG256***

IO Statistics
#IO                        24
  #input                    6
  #output                  18
  #inout                    0

Utilization Statistics
#lut                      325   out of  19600    1.66%
#reg                      171   out of  19600    0.87%
#le                       341
  #lut only               170   out of    341   49.85%
  #reg only                16   out of    341    4.69%
  #lut&reg                155   out of    341   45.45%
#dsp                        0   out of     29    0.00%
#bram                       0   out of     64    0.00%
  #bram9k                   0
  #fifo9k                   0
#bram32k                    0   out of     16    0.00%
#pad                       24   out of    188   12.77%
  #ireg                     4
  #oreg                     5
  #treg                     0
#pll                        0   out of      4    0.00%
#gclk                       1   out of     16    6.25%

Clock Resource Statistics
Index     ClockNet         Type               DriverType         Driver                      Fanout
#1        clk_50M_dup_5    GCLK               io                 clk_50M_syn_6.di            96
#2        U1/scan_clk      GCLK               lslice             U1/scan_clk_reg_syn_9.q1    17


Detailed IO Report

        Name           Direction    Location    IOStandard    DriveStrength    PullType    PackReg  
        RSTn             INPUT         A9        LVCMOS33          N/A          PULLUP      NONE    
       clk_50M           INPUT         R7        LVCMOS33          N/A          PULLUP      NONE    
       col[3]            INPUT        F10        LVCMOS33          N/A          PULLUP      IREG    
       col[2]            INPUT        C11        LVCMOS33          N/A          PULLUP      IREG    
       col[1]            INPUT        D11        LVCMOS33          N/A          PULLUP      IREG    
       col[0]            INPUT        E11        LVCMOS33          N/A          PULLUP      IREG    
  DigitronCS_Out[3]     OUTPUT         A3        LVCMOS33           8            NONE       NONE    
  DigitronCS_Out[2]     OUTPUT         A5        LVCMOS33           8            NONE       NONE    
  DigitronCS_Out[1]     OUTPUT         B6        LVCMOS33           8            NONE       NONE    
  DigitronCS_Out[0]     OUTPUT         C9        LVCMOS33           8            NONE       NONE    
   Digitron_Out[7]      OUTPUT         C8        LVCMOS33           8            NONE       NONE    
   Digitron_Out[6]      OUTPUT         A8        LVCMOS33           8            NONE       NONE    
   Digitron_Out[5]      OUTPUT         B5        LVCMOS33           8            NONE       NONE    
   Digitron_Out[4]      OUTPUT         A7        LVCMOS33           8            NONE       NONE    
   Digitron_Out[3]      OUTPUT         E8        LVCMOS33           8            NONE       NONE    
   Digitron_Out[2]      OUTPUT         B8        LVCMOS33           8            NONE       NONE    
   Digitron_Out[1]      OUTPUT         A6        LVCMOS33           8            NONE       NONE    
   Digitron_Out[0]      OUTPUT         A4        LVCMOS33           8            NONE       NONE    
       buzzer           OUTPUT        H11        LVCMOS33           8            NONE       OREG    
        light           OUTPUT        B14        LVCMOS33           8            NONE       NONE    
       row[3]           OUTPUT         D9        LVCMOS33           8            NONE       OREG    
       row[2]           OUTPUT         F9        LVCMOS33           8            NONE       OREG    
       row[1]           OUTPUT        C10        LVCMOS33           8            NONE       OREG    
       row[0]           OUTPUT        E10        LVCMOS33           8            NONE       OREG    

Report Hierarchy Area:
+-------------------------------------------------------------------------------------------+
|Instance |Module                      |le     |lut     |ripple  |seq     |bram    |dsp     |
+-------------------------------------------------------------------------------------------+
|top      |keyboard_instance           |341    |277     |48      |180     |0       |0       |
|  U1     |keyboard_scan               |69     |55      |9       |48      |0       |0       |
|  U2     |key_filter                  |61     |39      |11      |47      |0       |0       |
|  U3     |onehot2binary               |166    |148     |18      |59      |0       |0       |
|  U5     |Digitron_TimeDisplay_module |40     |30      |10      |17      |0       |0       |
+-------------------------------------------------------------------------------------------+


DataNet Average Fanout:

   Index     Fanout    Nets  
    #1         1       196   
    #2         2       104   
    #3         3        47   
    #4         4        22   
    #5        5-10      46   
    #6       11-50      11   
  Average     2.69           

RUN-1002 : start command "export_db keyboard_pr.db"
RUN-1001 : Exported /
RUN-1001 : Exported flow parameters
RUN-1001 : Exported libs
RUN-1001 : Exported entities
RUN-1001 : Exported ports
RUN-1001 : Exported pins
RUN-1001 : Exported instances
RUN-1001 : Exported nets
RUN-1001 : Exported buses
RUN-1001 : Exported models
RUN-1001 : Exported congestions
RUN-1001 : Exported violations
RUN-1001 : Exported IO constraints
RUN-1001 : Exported Inst constraints
RUN-1002 : start command "export_bid keyboard_inst.bid"
RUN-1002 : start command "bitgen -bit keyboard.bit -unused_io_status pulldown"
BIT-1003 : Start to generate bitstream. 
BIT-1002 : Bitgen processed 164 unused pads, reserve input tri_state with pulldown
BIT-1002 : Init instances with 20 threads.
BIT-1002 : Init instances completely, inst num: 370
BIT-1002 : Init pips with 20 threads.
BIT-1002 : Init pips completely, net num: 454, pip num: 3550
BIT-1002 : Init feedthrough completely, num: 1
BIT-1003 : Multithreading accelaration with 20 threads.
BIT-1003 : Generate bitstream completely, there are 625 valid insts, and 10976 bits set as '1'.
BIT-1004 : PLL setting string = 0000
BIT-1004 : Generate bits file keyboard.bit.
RUN-1003 : finish command "bitgen -bit keyboard.bit -unused_io_status pulldown" in  1.037875s wall, 1.937500s user + 0.031250s system = 1.968750s CPU (189.7%)

RUN-1004 : used memory is 425 MB, reserved memory is 405 MB, peak memory is 641 MB
RUN-1002 : start command "backup_run_log run.log ../.logs/phy_1/td_20240827_220741.log"
