============================================================
   Tang Dynasty, V5.6.59063
   Copyright (c) 2012-2022 Anlogic
   Executable = E:/Anlogic/TD5.6.59063/bin/td.exe
   Built at =   12:45:13 Sep  6 2022
   Run by =     19234
   Run Date =   Wed Aug 28 16:17:33 2024

   Run on =     ERIKPSW
============================================================
RUN-1002 : start command "open_project keyboard.prj"
RUN-1001 : Print Global Property
RUN-1001 : ---------------------------------------------------------------
RUN-1001 :        Parameters        |  Settings  |  Default Values  |  Note  
RUN-1001 : ---------------------------------------------------------------
RUN-1001 :          message         |  standard  |     standard     |        
RUN-1001 :   mixed_pack_place_flow  |     on     |        on        |        
RUN-1001 :        qor_monitor       |    off     |       off        |        
RUN-1001 :        syn_ip_flow       |    off     |       off        |        
RUN-1001 :          thread          |    auto    |       auto       |        
RUN-1001 : ---------------------------------------------------------------
RUN-1001 : Print Design Property
RUN-1001 : --------------------------------------------------------------
RUN-1001 :        Parameters       |  Settings  |  Default Values  |  Note  
RUN-1001 : --------------------------------------------------------------
RUN-1001 :   default_reg_initial   |    auto    |       auto       |        
RUN-1001 :        infer_add        |     on     |        on        |        
RUN-1001 :        infer_fsm        |    off     |       off        |        
RUN-1001 :        infer_mult       |     on     |        on        |        
RUN-1001 :        infer_ram        |     on     |        on        |        
RUN-1001 :        infer_reg        |     on     |        on        |        
RUN-1001 :   infer_reg_init_value  |     on     |        on        |        
RUN-1001 :        infer_rom        |     on     |        on        |        
RUN-1001 :      infer_shifter      |     on     |        on        |        
RUN-1001 : --------------------------------------------------------------
RUN-1001 : Print Rtl Property
RUN-1001 : --------------------------------------------------------------
RUN-1001 :        Parameters       |  Settings  |  Default Values  |  Note  
RUN-1001 : --------------------------------------------------------------
RUN-1001 :       compress_add      |   ripple   |      ripple      |        
RUN-1001 :        elf_sload        |    off     |       off        |        
RUN-1001 :       fix_undriven      |     0      |        0         |        
RUN-1001 :         flatten         |    off     |       off        |        
RUN-1001 :       gate_sharing      |     on     |        on        |        
RUN-1001 :    hdl_warning_level    |   normal   |      normal      |        
RUN-1001 :   impl_internal_tribuf  |     on     |        on        |        
RUN-1001 :      impl_set_reset     |     on     |        on        |        
RUN-1001 :        infer_gsr        |    off     |       off        |        
RUN-1001 :      keep_hierarchy     |    auto    |       auto       |        
RUN-1001 :        max_fanout       |    9999    |       9999       |        
RUN-1001 :      max_oh2bin_len     |     10     |        10        |        
RUN-1001 :       merge_equal       |     on     |        on        |        
RUN-1001 :       merge_equiv       |     on     |        on        |        
RUN-1001 :        merge_mux        |    off     |       off        |        
RUN-1001 :     min_control_set     |     8      |        8         |        
RUN-1001 :      min_ripple_len     |    auto    |       auto       |        
RUN-1001 :       oh2bin_ratio      |    0.08    |       0.08       |        
RUN-1001 :     opt_adder_fanout    |     on     |        on        |        
RUN-1001 :        opt_arith        |     on     |        on        |        
RUN-1001 :       opt_big_gate      |    off     |       off        |        
RUN-1001 :        opt_const        |     on     |        on        |        
RUN-1001 :      opt_const_mult     |     on     |        on        |        
RUN-1001 :       opt_lessthan      |     on     |        on        |        
RUN-1001 :         opt_mux         |    off     |       off        |        
RUN-1001 :         opt_ram         |    high    |       high       |        
RUN-1001 :      rtl_sim_model      |    off     |       off        |        
RUN-1001 :         seq_syn         |     on     |        on        |        
RUN-1001 : --------------------------------------------------------------
HDL-1007 : analyze verilog file ../../../src/Digitron_TimeDisplay_module.v
HDL-1007 : analyze verilog file ../../../src/key_filter.v
HDL-1007 : analyze verilog file ../../../src/keyboard_instance.v
HDL-1007 : undeclared symbol 'secrect', assumed default net type 'wire' in ../../../src/keyboard_instance.v(42)
HDL-1007 : analyze verilog file ../../../src/keyboard_scan.v
HDL-1007 : analyze verilog file ../../../src/onehot2binary.v
HDL-5007 WARNING: 'RSTn' is not declared in ../../../src/onehot2binary.v(1)
HDL-5007 WARNING: 'RSTn' is not declared in ../../../src/onehot2binary.v(1)
RUN-1001 : Project manager successfully analyzed 5 source files.
RUN-1002 : start command "import_device eagle_s20.db -package EG4S20BG256"
ARC-1001 : Device Initialization.
ARC-1001 : ------------------------------------------------------------------
ARC-1001 :            OPTION            |          IO          |   SETTING   
ARC-1001 : ------------------------------------------------------------------
ARC-1001 :   cso_b/cclk/mosi/miso/dout  |  T3/R11/T10/P10/S11  |    gpio    
ARC-1001 :             done             |         P13          |    gpio    
ARC-1001 :           program_b          |          T2          |  dedicate  
ARC-1001 :        tdi/tms/tck/tdo       |   C12/A15/C14/E14    |  dedicate  
ARC-1001 : ------------------------------------------------------------------
ARC-1004 : Device setting, marked 5 dedicate IOs in total.
RUN-1002 : start command "import_db ../syn_1/keyboard_gate.db"
RUN-1001 : Importing database generated by Tang Dynasty, V5.6.59063.
RUN-1001 : Database version number 46140.
RUN-1001 : Import flow parameters
RUN-1001 : Import timing constraints
RUN-1001 : Import IO constraints
RUN-1001 : Import Inst constraints
RUN-1001 : Import design success TD_VERSION=5.6.59063 , DB_VERSION=46140
RUN-1002 : start command "read_sdc"
USR-1002 : read_sdc file_name -help -h -eco
USR-1009 : NO module with IP_SDC ...
RUN-1104 : Import SDC file  finished, there are 0 nets kept by constraints.
RUN-1002 : start command "place"
RUN-1001 : Open license file E:/Anlogic/TD5.6.59063/license/Anlogic.lic
RUN-1001 : Print Global Property
RUN-1001 : ---------------------------------------------------------------
RUN-1001 :        Parameters        |  Settings  |  Default Values  |  Note  
RUN-1001 : ---------------------------------------------------------------
RUN-1001 :          message         |  standard  |     standard     |        
RUN-1001 :   mixed_pack_place_flow  |     on     |        on        |        
RUN-1001 :        qor_monitor       |    off     |       off        |        
RUN-1001 :        syn_ip_flow       |    off     |       off        |        
RUN-1001 :          thread          |    auto    |       auto       |        
RUN-1001 : ---------------------------------------------------------------
RUN-1001 : Print Place Property
RUN-1001 : --------------------------------------------------------------
RUN-1001 :        Parameters       |  Settings  |  Default Values  |  Note  
RUN-1001 : --------------------------------------------------------------
RUN-1001 :      detailed_place     |     on     |        on        |        
RUN-1001 :          effort         |   medium   |      medium      |        
RUN-1001 :         fix_hold        |    off     |       off        |        
RUN-1001 :       legalization      |    ori     |       ori        |        
RUN-1001 :      new_spreading      |     on     |        on        |        
RUN-1001 :        opt_timing       |   medium   |      medium      |        
RUN-1001 :   post_clock_route_opt  |    off     |       off        |        
RUN-1001 :       pr_strategy       |     1      |        1         |        
RUN-1001 :        relaxation       |    1.00    |       1.00       |        
RUN-1001 :         retiming        |    off     |       off        |        
RUN-1001 : --------------------------------------------------------------
PHY-3001 : Placer runs in 16 thread(s).
RUN-1002 : start command "legalize_phy_inst"
SYN-1011 : Flatten model keyboard_instance
RUN-1002 : start command "phys_opt -simplify_lut"
SYN-4024 : Net "clk_50M_dup_1" drives clk pins.
SYN-4024 : Net "U1/scan_clk" drives clk pins.
SYN-4025 : Tag rtl::Net U1/scan_clk as clock net
SYN-4025 : Tag rtl::Net clk_50M_dup_1 as clock net
SYN-4026 : Tagged 2 rtl::Net as clock net
SYN-4015 : Create BUFG instance for clk Net U1/scan_clk to drive 20 clock pins.
PHY-1001 : Populate physical database on model keyboard_instance.
RUN-1001 : There are total 747 instances
RUN-0007 : 341 luts, 241 seqs, 96 mslices, 41 lslices, 24 pads, 0 brams, 0 dsps
RUN-1001 : There are total 889 nets
RUN-1001 : 550 nets have 2 pins
RUN-1001 : 210 nets have [3 - 5] pins
RUN-1001 : 103 nets have [6 - 10] pins
RUN-1001 : 14 nets have [11 - 20] pins
RUN-1001 : 10 nets have [21 - 99] pins
RUN-1001 : 2 nets have 100+ pins
RUN-1001 : Report Control nets information:
RUN-1001 : DFF Distribution
RUN-1001 : ----------------------------------
RUN-1001 :   CE   |  SSR  |  ASR  |  DFF Count  
RUN-1001 : ----------------------------------
RUN-1001 :   No   |  No   |  No   |     92      
RUN-1001 :   No   |  No   |  Yes  |     20      
RUN-1001 :   No   |  Yes  |  No   |     17      
RUN-1001 :   Yes  |  No   |  No   |     48      
RUN-1001 :   Yes  |  No   |  Yes  |     32      
RUN-1001 :   Yes  |  Yes  |  No   |     32      
RUN-1001 : ----------------------------------
RUN-0007 : Control Group Statistic
RUN-0007 : ---------------------------
RUN-0007 :   #CLK  |  #CE  |  #SSR/ASR  
RUN-0007 : ---------------------------
RUN-0007 :    2    |   6   |     3      
RUN-0007 : ---------------------------
RUN-0007 : Control Set = 9
PHY-3001 : Initial placement ...
PHY-3001 : design contains 745 instances, 341 luts, 241 seqs, 137 slices, 14 macros(137 instances: 96 mslices 41 lslices)
PHY-0007 : Cell area utilization is 3%
PHY-3001 : Start timing update ...
RUN-1002 : start command "start_timer -report"
TMR-2505 : Start building timing graph for model keyboard_instance.
TMR-2506 : Build timing graph completely. Port num: 8, tpin num: 3270, tnet num: 887, tinst num: 745, tnode num: 3965, tedge num: 5265.
TMR-2508 : Levelizing timing graph completed, there are 43 levels in total.
TMR-2501 : Timing graph initialized successfully.
TMR-2503 : Start to update net delay, extr mode = 2.
TMR-2504 : Update delay of 887 nets completely.
TMR-2502 : Annotate delay completely, extr mode = 2.
TMR-3001 : Initiate 0 clocks from SDC.
TMR-3004 : Map sdc constraints, there are 0 constraints in total.
TMR-3003 : Constraints initiated successfully.
TMR-3501 : Forward propagation: start to calculate arrival time...
TMR-3502 : Backward propagation: start to calculate required time...
TMR-3503 : Timing propagation completes.
PHY-3001 : End timing update;  0.136972s wall, 0.109375s user + 0.000000s system = 0.109375s CPU (79.9%)

PHY-3001 : Global placement ...
PHY-3001 : Initial: Len = 230035
PHY-3001 : Clustering ...
PHY-3001 : Level 0 #clusters 745.
PHY-3001 : End clustering;  0.000015s wall, 0.000000s user + 0.000000s system = 0.000000s CPU (n/a%)

PHY-3001 : Run with size of 4
PHY-3001 : Cell area utilization is 3%
PHY-3001 : :::0::: Try harder cell spreading with beta_ = 0
PHY-3002 : Step(1): len = 147788, overlap = 0
PHY-3002 : Step(2): len = 98229.8, overlap = 0
PHY-3002 : Step(3): len = 72690.1, overlap = 0
PHY-3002 : Step(4): len = 51858.7, overlap = 0
PHY-3002 : Step(5): len = 40261.2, overlap = 0
PHY-3002 : Step(6): len = 34045.6, overlap = 0
PHY-3002 : Step(7): len = 26681.5, overlap = 0
PHY-3002 : Step(8): len = 22756.6, overlap = 0
PHY-3002 : Step(9): len = 22510.9, overlap = 0
PHY-3002 : Step(10): len = 21822.1, overlap = 2
PHY-3002 : Step(11): len = 19909, overlap = 2
PHY-3002 : Step(12): len = 17240.6, overlap = 2.9375
PHY-3002 : Step(13): len = 17376.7, overlap = 8.09375
PHY-3002 : Step(14): len = 17533.6, overlap = 6.96875
PHY-3002 : Step(15): len = 16226.1, overlap = 7.40625
PHY-3002 : Step(16): len = 16242.1, overlap = 7.96875
PHY-3002 : Step(17): len = 16242.1, overlap = 7.96875
PHY-3002 : Step(18): len = 15043.3, overlap = 7.84375
PHY-3002 : Step(19): len = 15357, overlap = 7.84375
PHY-3002 : Step(20): len = 15357, overlap = 7.84375
PHY-3001 : Legalization ...
PHY-3001 : End legalization;  0.003809s wall, 0.000000s user + 0.000000s system = 0.000000s CPU (n/a%)

PHY-3001 : Run with size of 4
PHY-3001 : Cell area utilization is 4%
PHY-3001 : Update timing in Manhattan mode ...
TMR-2503 : Start to update net delay, extr mode = 3.
TMR-2504 : Update delay of 887 nets completely.
TMR-2502 : Annotate delay completely, extr mode = 3.
TMR-3501 : Forward propagation: start to calculate arrival time...
TMR-3502 : Backward propagation: start to calculate required time...
TMR-3503 : Timing propagation completes.
PHY-3001 : End timing update;  0.008365s wall, 0.000000s user + 0.000000s system = 0.000000s CPU (n/a%)

PHY-3001 : :::0::: Try harder cell spreading with beta_ = 0.000111502
PHY-3002 : Step(21): len = 16154.2, overlap = 13.3125
PHY-3002 : Step(22): len = 16262.2, overlap = 12.9375
PHY-3002 : Step(23): len = 15477.4, overlap = 12.9375
PHY-3002 : Step(24): len = 15456.1, overlap = 12.9375
PHY-3002 : Step(25): len = 14995.6, overlap = 12.9375
PHY-3001 : :::1::: Try harder cell spreading with beta_ = 0.000223005
PHY-3002 : Step(26): len = 15056.4, overlap = 14.5625
PHY-3002 : Step(27): len = 15066, overlap = 14.5625
PHY-3002 : Step(28): len = 14954.6, overlap = 19.3438
PHY-3002 : Step(29): len = 15059.9, overlap = 19.2188
PHY-3002 : Step(30): len = 14834.3, overlap = 19.625
PHY-3002 : Step(31): len = 14967.4, overlap = 19.1875
PHY-3002 : Step(32): len = 14723, overlap = 17.5625
PHY-3002 : Step(33): len = 15168.2, overlap = 16.25
PHY-3002 : Step(34): len = 14928.6, overlap = 24
PHY-3002 : Step(35): len = 15308.6, overlap = 22.9062
PHY-3002 : Step(36): len = 13913.9, overlap = 21.9688
PHY-3002 : Step(37): len = 14203.4, overlap = 18.375
PHY-3002 : Step(38): len = 14334, overlap = 16.5
PHY-3002 : Step(39): len = 13025.4, overlap = 15.7188
PHY-3002 : Step(40): len = 13212.5, overlap = 15.6562
PHY-3002 : Step(41): len = 13391.1, overlap = 17.0625
PHY-3001 : :::2::: Try harder cell spreading with beta_ = 0.00044601
PHY-3002 : Step(42): len = 12439.3, overlap = 17.1875
PHY-3002 : Step(43): len = 12527, overlap = 17.0938
PHY-3002 : Step(44): len = 12641, overlap = 17.0938
PHY-3001 : :::3::: Try harder cell spreading with beta_ = 0.000892019
PHY-3002 : Step(45): len = 12527.4, overlap = 17.125
PHY-3002 : Step(46): len = 12424.6, overlap = 17.125
PHY-3001 : Run with size of 2
PHY-3001 : Cell area utilization is 4%
PHY-3001 : Update timing in Manhattan mode ...
TMR-2503 : Start to update net delay, extr mode = 3.
TMR-2504 : Update delay of 887 nets completely.
TMR-2502 : Annotate delay completely, extr mode = 3.
TMR-3501 : Forward propagation: start to calculate arrival time...
TMR-3502 : Backward propagation: start to calculate required time...
TMR-3503 : Timing propagation completes.
PHY-3001 : End timing update;  0.007849s wall, 0.000000s user + 0.000000s system = 0.000000s CPU (n/a%)

PHY-3001 : :::0::: Try harder cell spreading with beta_ = 1.23736e-05
PHY-3002 : Step(47): len = 13110.3, overlap = 46.4375
PHY-3002 : Step(48): len = 13232.7, overlap = 46
PHY-3002 : Step(49): len = 13163.3, overlap = 46.1875
PHY-3001 : :::1::: Try harder cell spreading with beta_ = 2.47471e-05
PHY-3002 : Step(50): len = 14288.9, overlap = 23.8125
PHY-3002 : Step(51): len = 14288.9, overlap = 23.8125
PHY-3002 : Step(52): len = 13999, overlap = 24.625
PHY-3002 : Step(53): len = 14083, overlap = 24.9375
PHY-3002 : Step(54): len = 14038.2, overlap = 25.625
PHY-3001 : :::2::: Try harder cell spreading with beta_ = 4.94942e-05
PHY-3002 : Step(55): len = 14258.1, overlap = 21.75
PHY-3002 : Step(56): len = 14368, overlap = 19.0625
PHY-3002 : Step(57): len = 14456, overlap = 19.0625
OPT-1001 : Start physical optimization ...
RUN-1002 : start command "start_timer -report"
TMR-2505 : Start building timing graph for model keyboard_instance.
TMR-2506 : Build timing graph completely. Port num: 8, tpin num: 3270, tnet num: 887, tinst num: 745, tnode num: 3965, tedge num: 5265.
TMR-2508 : Levelizing timing graph completed, there are 43 levels in total.
TMR-2501 : Timing graph initialized successfully.
OPT-1001 : Total overflow 53.53 peak overflow 2.72
OPT-1001 : Start high-fanout net optimization ...
OPT-1001 : Update timing in global mode
PHY-1001 : Start incremental global routing, caller is place ...
RUN-1001 : Generating global routing grids ...
RUN-1001 : Building simple global routing graph ...
PHY-1001 : Generate routing nets ...
PHY-1001 : Reuse net number 0/889.
PHY-1001 : Global iterations in 16 thread ...
PHY-1002 : len = 15440, over cnt = 51(0%), over = 227, worst = 20
PHY-1001 : End global iterations;  0.033412s wall, 0.000000s user + 0.000000s system = 0.000000s CPU (n/a%)

PHY-1001 : Congestion index: top1 = 22.13, top5 = 9.51, top10 = 5.36, top15 = 3.57.
PHY-1001 : End incremental global routing;  0.078288s wall, 0.015625s user + 0.000000s system = 0.015625s CPU (20.0%)

TMR-2503 : Start to update net delay, extr mode = 5.
TMR-2504 : Update delay of 887 nets completely.
TMR-2502 : Annotate delay completely, extr mode = 5.
TMR-3001 : Initiate 0 clocks from SDC.
TMR-3004 : Map sdc constraints, there are 0 constraints in total.
TMR-3003 : Constraints initiated successfully.
TMR-3501 : Forward propagation: start to calculate arrival time...
TMR-3502 : Backward propagation: start to calculate required time...
TMR-3503 : Timing propagation completes.
OPT-1001 : End timing update;  0.010423s wall, 0.015625s user + 0.000000s system = 0.015625s CPU (149.9%)

OPT-1001 : 0 high-fanout net processed.
OPT-1001 : End high-fanout net optimization;  0.096996s wall, 0.031250s user + 0.000000s system = 0.031250s CPU (32.2%)

OPT-1001 : Current memory(MB): used = 150, reserve = 121, peak = 150.
OPT-1001 : Start global optimization ...
OPT-1001 : Start congestion update ...
RUN-1001 : Generating global routing grids ...
PHY-1001 : Generate routing nets ...
PHY-1001 : Reuse net number 462/889.
PHY-1001 : Global iterations in 16 thread ...
PHY-1002 : len = 15440, over cnt = 51(0%), over = 227, worst = 20
PHY-1002 : len = 16960, over cnt = 36(0%), over = 80, worst = 11
PHY-1002 : len = 17920, over cnt = 4(0%), over = 5, worst = 2
PHY-1002 : len = 18000, over cnt = 0(0%), over = 0, worst = 0
PHY-1001 : End global iterations;  0.030808s wall, 0.015625s user + 0.000000s system = 0.015625s CPU (50.7%)

PHY-1001 : Congestion index: top1 = 21.81, top5 = 10.44, top10 = 6.03, top15 = 4.03.
OPT-1001 : End congestion update;  0.068479s wall, 0.015625s user + 0.000000s system = 0.015625s CPU (22.8%)

OPT-1001 : Update timing in Manhattan mode
TMR-2503 : Start to update net delay, extr mode = 3.
TMR-2504 : Update delay of 887 nets completely.
TMR-2502 : Annotate delay completely, extr mode = 3.
TMR-3501 : Forward propagation: start to calculate arrival time...
TMR-3502 : Backward propagation: start to calculate required time...
TMR-3503 : Timing propagation completes.
OPT-1001 : End timing update;  0.008628s wall, 0.000000s user + 0.000000s system = 0.000000s CPU (n/a%)

OPT-0007 : Start: WNS 2147483647 TNS 0 NUM_FEPS 0
OPT-1001 : End global optimization;  0.077184s wall, 0.015625s user + 0.000000s system = 0.015625s CPU (20.2%)

OPT-1001 : Current memory(MB): used = 151, reserve = 122, peak = 151.
OPT-1001 : End physical optimization;  0.307144s wall, 0.109375s user + 0.000000s system = 0.109375s CPU (35.6%)

PHY-3001 : Start packing ...
SYN-4007 : Packing 0 MUX to BLE ...
SYN-4008 : Packed 0 MUX and 0 SEQ to BLE.
SYN-4007 : Packing 341 LUT to BLE ...
SYN-4008 : Packed 341 LUT and 106 SEQ to BLE.
SYN-4003 : Packing 135 remaining SEQ's ...
SYN-4005 : Packed 57 SEQ with LUT/SLICE
SYN-4006 : 190 single LUT's are left
SYN-4006 : 78 single SEQ's are left
SYN-4011 : Packing model "keyboard_instance" (AL_USER_NORMAL) with 419/584 primitive instances ...
PHY-3001 : End packing;  0.019136s wall, 0.015625s user + 0.000000s system = 0.015625s CPU (81.7%)

PHY-1001 : Populate physical database on model keyboard_instance.
RUN-1001 : There are total 388 instances
RUN-1001 : 180 mslices, 180 lslices, 24 pads, 0 brams, 0 dsps
RUN-1001 : There are total 795 nets
RUN-1001 : 453 nets have 2 pins
RUN-1001 : 218 nets have [3 - 5] pins
RUN-1001 : 99 nets have [6 - 10] pins
RUN-1001 : 16 nets have [11 - 20] pins
RUN-1001 : 7 nets have [21 - 99] pins
RUN-1001 : 2 nets have 100+ pins
PHY-3001 : design contains 386 instances, 360 slices, 14 macros(137 instances: 96 mslices 41 lslices)
PHY-3001 : Cell area utilization is 4%
PHY-3001 : After packing: Len = 15164.8, Over = 30.25
PHY-3001 : Run with size of 2
PHY-3001 : Cell area utilization is 4%
PHY-3001 : Update timing in Manhattan mode ...
RUN-1002 : start command "start_timer -report"
TMR-2505 : Start building timing graph for model keyboard_instance.
TMR-2506 : Build timing graph completely. Port num: 8, tpin num: 2892, tnet num: 793, tinst num: 386, tnode num: 3397, tedge num: 4830.
TMR-2508 : Levelizing timing graph completed, there are 41 levels in total.
TMR-2501 : Timing graph initialized successfully.
TMR-2503 : Start to update net delay, extr mode = 3.
TMR-2504 : Update delay of 793 nets completely.
TMR-2502 : Annotate delay completely, extr mode = 3.
TMR-3001 : Initiate 0 clocks from SDC.
TMR-3004 : Map sdc constraints, there are 0 constraints in total.
TMR-3003 : Constraints initiated successfully.
TMR-3501 : Forward propagation: start to calculate arrival time...
TMR-3502 : Backward propagation: start to calculate required time...
TMR-3503 : Timing propagation completes.
PHY-3001 : End timing update;  0.148296s wall, 0.062500s user + 0.000000s system = 0.062500s CPU (42.1%)

PHY-3001 : :::0::: Try harder cell spreading with beta_ = 1.87948e-05
PHY-3002 : Step(58): len = 14716.3, overlap = 33.25
PHY-3002 : Step(59): len = 14766.6, overlap = 33.25
PHY-3002 : Step(60): len = 14734.2, overlap = 35.5
PHY-3001 : :::1::: Try harder cell spreading with beta_ = 3.75897e-05
PHY-3002 : Step(61): len = 14803.4, overlap = 34.75
PHY-3002 : Step(62): len = 14931.9, overlap = 34.25
PHY-3002 : Step(63): len = 15026.3, overlap = 34.25
PHY-3001 : :::2::: Try harder cell spreading with beta_ = 7.51794e-05
PHY-3002 : Step(64): len = 15406.7, overlap = 31.25
PHY-3002 : Step(65): len = 15533.9, overlap = 30
PHY-3002 : Step(66): len = 15638.6, overlap = 29.75
PHY-3001 : Legalization ...
PHY-3001 : End legalization;  0.065278s wall, 0.000000s user + 0.046875s system = 0.046875s CPU (71.8%)

PHY-3001 : Trial Legalized: Len = 24175.8
PHY-3001 : Run with size of 2
PHY-3001 : Cell area utilization is 4%
PHY-3001 : Update timing in Manhattan mode ...
TMR-2503 : Start to update net delay, extr mode = 3.
TMR-2504 : Update delay of 793 nets completely.
TMR-2502 : Annotate delay completely, extr mode = 3.
TMR-3501 : Forward propagation: start to calculate arrival time...
TMR-3502 : Backward propagation: start to calculate required time...
TMR-3503 : Timing propagation completes.
PHY-3001 : End timing update;  0.007490s wall, 0.000000s user + 0.000000s system = 0.000000s CPU (n/a%)

PHY-3001 : :::0::: Try harder cell spreading with beta_ = 0.000645102
PHY-3002 : Step(67): len = 20683.5, overlap = 6
PHY-3002 : Step(68): len = 18625.9, overlap = 9.75
PHY-3002 : Step(69): len = 17935.7, overlap = 8
PHY-3002 : Step(70): len = 17595, overlap = 10
PHY-3002 : Step(71): len = 17590.2, overlap = 9.5
PHY-3002 : Step(72): len = 17252, overlap = 11
PHY-3002 : Step(73): len = 17203.3, overlap = 10.5
PHY-3002 : Step(74): len = 17192.5, overlap = 11.5
PHY-3001 : :::1::: Try harder cell spreading with beta_ = 0.0012902
PHY-3002 : Step(75): len = 17181.4, overlap = 11.5
PHY-3002 : Step(76): len = 17176.7, overlap = 11.75
PHY-3001 : :::2::: Try harder cell spreading with beta_ = 0.00258041
PHY-3002 : Step(77): len = 17134.2, overlap = 11
PHY-3002 : Step(78): len = 17134.2, overlap = 11
PHY-3001 : Legalization ...
PHY-3001 : End legalization;  0.004856s wall, 0.000000s user + 0.000000s system = 0.000000s CPU (n/a%)

PHY-3001 : Legalized: Len = 20632.6, Over = 0
PHY-3001 : End spreading;  0.002571s wall, 0.000000s user + 0.000000s system = 0.000000s CPU (n/a%)

PHY-3001 : Final: Len = 20632.6, Over = 0
OPT-1001 : Start physical optimization ...
RUN-1002 : start command "start_timer -report"
TMR-2505 : Start building timing graph for model keyboard_instance.
TMR-2506 : Build timing graph completely. Port num: 8, tpin num: 2892, tnet num: 793, tinst num: 386, tnode num: 3397, tedge num: 4830.
TMR-2508 : Levelizing timing graph completed, there are 41 levels in total.
TMR-2501 : Timing graph initialized successfully.
OPT-1001 : Total overflow 0.00 peak overflow 0.00
OPT-1001 : Start high-fanout net optimization ...
OPT-1001 : Update timing in global mode
PHY-1001 : Start incremental global routing, caller is place ...
RUN-1001 : Generating global routing grids ...
PHY-1001 : Generate routing nets ...
PHY-1001 : Reuse net number 24/795.
PHY-1001 : Global iterations in 16 thread ...
PHY-1002 : len = 23944, over cnt = 73(0%), over = 117, worst = 5
PHY-1002 : len = 24264, over cnt = 63(0%), over = 90, worst = 3
PHY-1002 : len = 25128, over cnt = 13(0%), over = 14, worst = 2
PHY-1002 : len = 25224, over cnt = 8(0%), over = 8, worst = 1
PHY-1002 : len = 25328, over cnt = 0(0%), over = 0, worst = 0
PHY-1001 : End global iterations;  0.070493s wall, 0.000000s user + 0.015625s system = 0.015625s CPU (22.2%)

PHY-1001 : Congestion index: top1 = 21.98, top5 = 13.97, top10 = 8.57, top15 = 5.88.
PHY-1001 : End incremental global routing;  0.111978s wall, 0.000000s user + 0.015625s system = 0.015625s CPU (14.0%)

TMR-2503 : Start to update net delay, extr mode = 5.
TMR-2504 : Update delay of 793 nets completely.
TMR-2502 : Annotate delay completely, extr mode = 5.
TMR-3001 : Initiate 0 clocks from SDC.
TMR-3004 : Map sdc constraints, there are 0 constraints in total.
TMR-3003 : Constraints initiated successfully.
TMR-3501 : Forward propagation: start to calculate arrival time...
TMR-3502 : Backward propagation: start to calculate required time...
TMR-3503 : Timing propagation completes.
OPT-1001 : End timing update;  0.012003s wall, 0.015625s user + 0.000000s system = 0.015625s CPU (130.2%)

OPT-1001 : 0 high-fanout net processed.
OPT-1001 : End high-fanout net optimization;  0.132286s wall, 0.015625s user + 0.015625s system = 0.031250s CPU (23.6%)

OPT-1001 : Current memory(MB): used = 154, reserve = 125, peak = 154.
OPT-1001 : Start path based optimization ...
OPT-1001 : Start congestion update ...
RUN-1001 : Generating global routing grids ...
PHY-1001 : Generate routing nets ...
PHY-1001 : Reuse net number 638/795.
PHY-1001 : Global iterations in 16 thread ...
PHY-1002 : len = 25328, over cnt = 0(0%), over = 0, worst = 0
PHY-1001 : End global iterations;  0.002207s wall, 0.000000s user + 0.000000s system = 0.000000s CPU (n/a%)

PHY-1001 : Congestion index: top1 = 21.98, top5 = 13.97, top10 = 8.57, top15 = 5.88.
OPT-1001 : End congestion update;  0.039609s wall, 0.046875s user + 0.000000s system = 0.046875s CPU (118.3%)

OPT-1001 : Update timing in Manhattan mode
TMR-2503 : Start to update net delay, extr mode = 3.
TMR-2504 : Update delay of 793 nets completely.
TMR-2502 : Annotate delay completely, extr mode = 3.
TMR-3501 : Forward propagation: start to calculate arrival time...
TMR-3502 : Backward propagation: start to calculate required time...
TMR-3503 : Timing propagation completes.
OPT-1001 : End timing update;  0.007593s wall, 0.000000s user + 0.000000s system = 0.000000s CPU (n/a%)

OPT-0007 : Start: WNS 2147483647 TNS 0 NUM_FEPS 0
OPT-1001 : End path based optimization;  0.047273s wall, 0.046875s user + 0.000000s system = 0.046875s CPU (99.2%)

OPT-1001 : Current memory(MB): used = 155, reserve = 126, peak = 155.
OPT-1001 : Update timing in Manhattan mode
TMR-2503 : Start to update net delay, extr mode = 3.
TMR-2504 : Update delay of 793 nets completely.
TMR-2502 : Annotate delay completely, extr mode = 3.
TMR-3501 : Forward propagation: start to calculate arrival time...
TMR-3502 : Backward propagation: start to calculate required time...
TMR-3503 : Timing propagation completes.
OPT-1001 : End timing update;  0.006428s wall, 0.000000s user + 0.000000s system = 0.000000s CPU (n/a%)

OPT-1001 : Start pin optimization...
OPT-1001 : skip pin optimization...
OPT-1001 : Update timing in global mode
PHY-1001 : Start incremental global routing, caller is place ...
RUN-1001 : Generating global routing grids ...
PHY-1001 : Generate routing nets ...
PHY-1001 : Reuse net number 638/795.
PHY-1001 : Global iterations in 16 thread ...
PHY-1002 : len = 25328, over cnt = 0(0%), over = 0, worst = 0
PHY-1001 : End global iterations;  0.002327s wall, 0.000000s user + 0.000000s system = 0.000000s CPU (n/a%)

PHY-1001 : Congestion index: top1 = 21.98, top5 = 13.97, top10 = 8.57, top15 = 5.88.
PHY-1001 : End incremental global routing;  0.042066s wall, 0.015625s user + 0.000000s system = 0.015625s CPU (37.1%)

TMR-2503 : Start to update net delay, extr mode = 5.
TMR-2504 : Update delay of 793 nets completely.
TMR-2502 : Annotate delay completely, extr mode = 5.
TMR-3501 : Forward propagation: start to calculate arrival time...
TMR-3502 : Backward propagation: start to calculate required time...
TMR-3503 : Timing propagation completes.
OPT-1001 : End timing update;  0.010850s wall, 0.000000s user + 0.000000s system = 0.000000s CPU (n/a%)

RUN-1001 : Generating global routing grids ...
PHY-1001 : Generate routing nets ...
PHY-1001 : Reuse net number 638/795.
PHY-1001 : Global iterations in 16 thread ...
PHY-1002 : len = 25328, over cnt = 0(0%), over = 0, worst = 0
PHY-1001 : End global iterations;  0.002217s wall, 0.000000s user + 0.000000s system = 0.000000s CPU (n/a%)

PHY-1001 : Congestion index: top1 = 21.98, top5 = 13.97, top10 = 8.57, top15 = 5.88.
OPT-1001 : Update timing in Manhattan mode
TMR-2503 : Start to update net delay, extr mode = 3.
TMR-2504 : Update delay of 793 nets completely.
TMR-2502 : Annotate delay completely, extr mode = 3.
TMR-3501 : Forward propagation: start to calculate arrival time...
TMR-3502 : Backward propagation: start to calculate required time...
TMR-3503 : Timing propagation completes.
OPT-1001 : End timing update;  0.007789s wall, 0.000000s user + 0.000000s system = 0.000000s CPU (n/a%)

RUN-1001 : QoR Analysis:
OPT-0007 :   WNS 2147483647 TNS 0 NUM_FEPS 0
RUN-1001 :   No local congestion issue, and most congested 1% tile average routing util is 21.482759
RUN-1001 :   Top critical paths
OPT-1001 : End physical optimization;  0.440970s wall, 0.281250s user + 0.015625s system = 0.296875s CPU (67.3%)

RUN-1003 : finish command "place" in  2.749678s wall, 0.875000s user + 0.609375s system = 1.484375s CPU (54.0%)

RUN-1004 : used memory is 137 MB, reserved memory is 108 MB, peak memory is 155 MB
RUN-1002 : start command "export_db keyboard_place.db"
RUN-1001 : Exported /
RUN-1001 : Exported flow parameters
RUN-1001 : Exported libs
RUN-1001 : Exported entities
RUN-1001 : Exported ports
RUN-1001 : Exported pins
RUN-1001 : Exported instances
RUN-1001 : Exported nets
RUN-1001 : Exported buses
RUN-1001 : Exported models
RUN-1001 : Exported congestions
RUN-1001 : Exported violations
RUN-1001 : Exported timing constraints
RUN-1001 : Exported IO constraints
RUN-1001 : Exported Inst constraints
RUN-1002 : start command "route"
RUN-1001 : Open license file E:/Anlogic/TD5.6.59063/license/Anlogic.lic
RUN-1001 : Print Global Property
RUN-1001 : ---------------------------------------------------------------
RUN-1001 :        Parameters        |  Settings  |  Default Values  |  Note  
RUN-1001 : ---------------------------------------------------------------
RUN-1001 :          message         |  standard  |     standard     |        
RUN-1001 :   mixed_pack_place_flow  |     on     |        on        |        
RUN-1001 :        qor_monitor       |    off     |       off        |        
RUN-1001 :        syn_ip_flow       |    off     |       off        |        
RUN-1001 :          thread          |    auto    |       auto       |        
RUN-1001 : ---------------------------------------------------------------
RUN-1001 : Print Route Property
RUN-1001 : -------------------------------------------------------
RUN-1001 :    Parameters    |  Settings  |  Default Values  |  Note  
RUN-1001 : -------------------------------------------------------
RUN-1001 :      effort      |   medium   |      medium      |        
RUN-1001 :     fix_hold     |    off     |       off        |        
RUN-1001 :    opt_timing    |   medium   |      medium      |        
RUN-1001 :   phy_sim_model  |    off     |       off        |        
RUN-1001 :     priority     |   timing   |      timing      |        
RUN-1001 :     swap_pin     |     on     |        on        |        
RUN-1001 : -------------------------------------------------------
PHY-1001 : Route runs in 16 thread(s)
RUN-1001 : There are total 388 instances
RUN-1001 : 180 mslices, 180 lslices, 24 pads, 0 brams, 0 dsps
RUN-1001 : There are total 795 nets
RUN-1001 : 453 nets have 2 pins
RUN-1001 : 218 nets have [3 - 5] pins
RUN-1001 : 99 nets have [6 - 10] pins
RUN-1001 : 16 nets have [11 - 20] pins
RUN-1001 : 7 nets have [21 - 99] pins
RUN-1001 : 2 nets have 100+ pins
RUN-1002 : start command "start_timer -report"
TMR-2505 : Start building timing graph for model keyboard_instance.
TMR-2506 : Build timing graph completely. Port num: 8, tpin num: 2892, tnet num: 793, tinst num: 386, tnode num: 3397, tedge num: 4830.
TMR-2508 : Levelizing timing graph completed, there are 41 levels in total.
TMR-2501 : Timing graph initialized successfully.
PHY-1001 : 180 mslices, 180 lslices, 24 pads, 0 brams, 0 dsps
TMR-2503 : Start to update net delay, extr mode = 3.
TMR-2504 : Update delay of 793 nets completely.
TMR-2502 : Annotate delay completely, extr mode = 3.
TMR-3001 : Initiate 0 clocks from SDC.
TMR-3004 : Map sdc constraints, there are 0 constraints in total.
TMR-3003 : Constraints initiated successfully.
TMR-3501 : Forward propagation: start to calculate arrival time...
TMR-3502 : Backward propagation: start to calculate required time...
TMR-3503 : Timing propagation completes.
PHY-1001 : Start global routing, caller is route ...
RUN-1001 : Generating global routing grids ...
PHY-1001 : Generate routing nets ...
PHY-1001 : Global iterations in 16 thread ...
PHY-1002 : len = 23872, over cnt = 76(0%), over = 117, worst = 5
PHY-1002 : len = 24376, over cnt = 39(0%), over = 51, worst = 3
PHY-1002 : len = 24760, over cnt = 14(0%), over = 19, worst = 3
PHY-1002 : len = 25040, over cnt = 0(0%), over = 0, worst = 0
PHY-1001 : End global iterations;  0.073464s wall, 0.015625s user + 0.015625s system = 0.031250s CPU (42.5%)

PHY-1001 : Congestion index: top1 = 21.90, top5 = 13.87, top10 = 8.48, top15 = 5.80.
PHY-1001 : End global routing;  0.113066s wall, 0.046875s user + 0.015625s system = 0.062500s CPU (55.3%)

PHY-1001 : Start detail routing ...
PHY-1001 : Current memory(MB): used = 174, reserve = 145, peak = 190.
PHY-1001 : Detailed router is running in normal mode.
PHY-1001 : Generate detailed routing grids ...
PHY-1001 : Generate nets ...
PHY-1001 : net clk_50M_dup_1 will be routed on clock mesh
PHY-1001 : clock net U1/scan_clk_syn_4 will be merged with clock U1/scan_clk
PHY-1001 : Current memory(MB): used = 443, reserve = 418, peak = 443.
PHY-1001 : End build detailed router design. 3.409531s wall, 1.250000s user + 0.015625s system = 1.265625s CPU (37.1%)

PHY-1001 : Detail Route ...
PHY-1001 : ===== Detail Route Phase 1 =====
PHY-1001 : Clock net routing.....
PHY-1001 : Routed 0% nets.
PHY-1022 : len = 9152, over cnt = 0(0%), over = 0, worst = 0, crit = 0
PHY-1001 : End initial clock net routed; 0.355388s wall, 0.187500s user + 0.015625s system = 0.203125s CPU (57.2%)

PHY-1001 : Current memory(MB): used = 473, reserve = 449, peak = 473.
PHY-1001 : End phase 1; 0.361013s wall, 0.187500s user + 0.015625s system = 0.203125s CPU (56.3%)

PHY-1001 : ===== Detail Route Phase 2 =====
PHY-1001 : Initial routing.....
PHY-1001 : Routed 24% nets.
PHY-1001 : Routed 32% nets.
PHY-1001 : Routed 32% nets.
PHY-1001 : Routed 33% nets.
PHY-1001 : Patch 382 net; 0.286136s wall, 0.125000s user + 0.000000s system = 0.125000s CPU (43.7%)

PHY-1022 : len = 48800, over cnt = 26(0%), over = 26, worst = 1, crit = 0
PHY-1001 : Current memory(MB): used = 473, reserve = 449, peak = 473.
PHY-1001 : End initial routed; 0.365366s wall, 0.171875s user + 0.000000s system = 0.171875s CPU (47.0%)

PHY-1001 : Update timing.....
PHY-1001 : 0/646(0%) critical/total net(s).
RUN-1001 : ------------------------------------------
RUN-1001 :   Type   |    WNS(ns)    |  TNS(ns)  |  FEP  
RUN-1001 : ------------------------------------------
RUN-1001 :   Setup  |  2147483.647  |   0.000   |   0   
RUN-1001 :   Hold   |  2147483.647  |   0.000   |   0   
RUN-1001 : ------------------------------------------
PHY-1001 : End update timing; 0.175974s wall, 0.078125s user + 0.000000s system = 0.078125s CPU (44.4%)

PHY-1001 : Current memory(MB): used = 474, reserve = 450, peak = 474.
PHY-1001 : End phase 2; 0.541420s wall, 0.250000s user + 0.000000s system = 0.250000s CPU (46.2%)

PHY-1001 : ===== Detail Route Phase 3 =====
PHY-1001 : Optimize timing.....
PHY-1022 : len = 48800, over cnt = 26(0%), over = 26, worst = 1, crit = 0
PHY-1001 : End optimize timing; 0.004671s wall, 0.000000s user + 0.000000s system = 0.000000s CPU (n/a%)

PHY-1001 : Ripup-reroute.....
PHY-1001 : ===== DR Iter 1 =====
PHY-1022 : len = 48888, over cnt = 4(0%), over = 4, worst = 1, crit = 0
PHY-1001 : End DR Iter 1; 0.028374s wall, 0.000000s user + 0.000000s system = 0.000000s CPU (n/a%)

PHY-1001 : ===== DR Iter 2 =====
PHY-1022 : len = 48944, over cnt = 1(0%), over = 1, worst = 1, crit = 0
PHY-1001 : End DR Iter 2; 0.015207s wall, 0.031250s user + 0.000000s system = 0.031250s CPU (205.5%)

PHY-1001 : ===== DR Iter 3 =====
PHY-1022 : len = 48960, over cnt = 0(0%), over = 0, worst = 0, crit = 0
PHY-1001 : End DR Iter 3; 0.012356s wall, 0.000000s user + 0.000000s system = 0.000000s CPU (n/a%)

PHY-1001 : Update timing.....
PHY-1001 : 0/646(0%) critical/total net(s).
RUN-1001 : ------------------------------------------
RUN-1001 :   Type   |    WNS(ns)    |  TNS(ns)  |  FEP  
RUN-1001 : ------------------------------------------
RUN-1001 :   Setup  |  2147483.647  |   0.000   |   0   
RUN-1001 :   Hold   |  2147483.647  |   0.000   |   0   
RUN-1001 : ------------------------------------------
PHY-1001 : End update timing; 0.173167s wall, 0.109375s user + 0.000000s system = 0.109375s CPU (63.2%)

PHY-1001 : Commit to database.....
PHY-1001 : 4 feed throughs used by 4 nets
PHY-1001 : End commit to database; 0.067108s wall, 0.046875s user + 0.000000s system = 0.046875s CPU (69.8%)

PHY-1001 : Current memory(MB): used = 485, reserve = 462, peak = 485.
PHY-1001 : End phase 3; 0.422784s wall, 0.218750s user + 0.000000s system = 0.218750s CPU (51.7%)

PHY-1003 : Routed, final wirelength = 48960
PHY-1001 : Current memory(MB): used = 486, reserve = 462, peak = 486.
PHY-1001 : End export database. 0.005622s wall, 0.000000s user + 0.000000s system = 0.000000s CPU (n/a%)

PHY-1001 : End detail routing;  4.945110s wall, 1.968750s user + 0.031250s system = 2.000000s CPU (40.4%)

RUN-1003 : finish command "route" in  5.261416s wall, 2.062500s user + 0.062500s system = 2.125000s CPU (40.4%)

RUN-1004 : used memory is 427 MB, reserved memory is 403 MB, peak memory is 486 MB
RUN-1002 : start command "report_area -io_info -file keyboard_phy.area"
RUN-1001 : standard
***Report Model: keyboard_instance Device: EG4S20BG256***

IO Statistics
#IO                        24
  #input                    6
  #output                  18
  #inout                    0

Utilization Statistics
#lut                      618   out of  19600    3.15%
#reg                      241   out of  19600    1.23%
#le                       696
  #lut only               455   out of    696   65.37%
  #reg only                78   out of    696   11.21%
  #lut&reg                163   out of    696   23.42%
#dsp                        0   out of     29    0.00%
#bram                       0   out of     64    0.00%
  #bram9k                   0
  #fifo9k                   0
#bram32k                    0   out of     16    0.00%
#pad                       24   out of    188   12.77%
  #ireg                     0
  #oreg                     0
  #treg                     0
#pll                        0   out of      4    0.00%
#gclk                       2   out of     16   12.50%

Clock Resource Statistics
Index     ClockNet         Type               DriverType         Driver                      Fanout
#1        clk_50M_dup_1    GCLK               io                 clk_50M_syn_2.di            130
#2        U1/scan_clk      GCLK               mslice             U1/scan_clk_reg_syn_9.q0    10


Detailed IO Report

        Name           Direction    Location    IOStandard    DriveStrength    PullType    PackReg  
        RSTn             INPUT         A9        LVCMOS33          N/A          PULLUP      NONE    
       clk_50M           INPUT         R7        LVCMOS33          N/A          PULLUP      NONE    
       col[3]            INPUT        F10        LVCMOS33          N/A          PULLUP      NONE    
       col[2]            INPUT        C11        LVCMOS33          N/A          PULLUP      NONE    
       col[1]            INPUT        D11        LVCMOS33          N/A          PULLUP      NONE    
       col[0]            INPUT        E11        LVCMOS33          N/A          PULLUP      NONE    
  DigitronCS_Out[3]     OUTPUT         A3        LVCMOS33           8            NONE       NONE    
  DigitronCS_Out[2]     OUTPUT         A5        LVCMOS33           8            NONE       NONE    
  DigitronCS_Out[1]     OUTPUT         B6        LVCMOS33           8            NONE       NONE    
  DigitronCS_Out[0]     OUTPUT         C9        LVCMOS33           8            NONE       NONE    
   Digitron_Out[7]      OUTPUT         C8        LVCMOS33           8            NONE       NONE    
   Digitron_Out[6]      OUTPUT         A8        LVCMOS33           8            NONE       NONE    
   Digitron_Out[5]      OUTPUT         B5        LVCMOS33           8            NONE       NONE    
   Digitron_Out[4]      OUTPUT         A7        LVCMOS33           8            NONE       NONE    
   Digitron_Out[3]      OUTPUT         E8        LVCMOS33           8            NONE       NONE    
   Digitron_Out[2]      OUTPUT         B8        LVCMOS33           8            NONE       NONE    
   Digitron_Out[1]      OUTPUT         A6        LVCMOS33           8            NONE       NONE    
   Digitron_Out[0]      OUTPUT         A4        LVCMOS33           8            NONE       NONE    
       buzzer           OUTPUT        H11        LVCMOS33           8            NONE       NONE    
        light           OUTPUT        B14        LVCMOS33           8            NONE       NONE    
       row[3]           OUTPUT         D9        LVCMOS33           8            NONE       NONE    
       row[2]           OUTPUT         F9        LVCMOS33           8            NONE       NONE    
       row[1]           OUTPUT        C10        LVCMOS33           8            NONE       NONE    
       row[0]           OUTPUT        E10        LVCMOS33           8            NONE       NONE    

Report Hierarchy Area:
+-------------------------------------------------------------------------------------------+
|Instance |Module                      |le     |lut     |ripple  |seq     |bram    |dsp     |
+-------------------------------------------------------------------------------------------+
|top      |keyboard_instance           |696    |481     |137     |241     |0       |0       |
|  U1     |keyboard_scan               |73     |50      |9       |53      |0       |0       |
|  U2     |key_filter                  |61     |25      |6       |51      |0       |0       |
|  U3     |onehot2binary               |516    |370     |117     |121     |0       |0       |
|  U5     |Digitron_TimeDisplay_module |42     |32      |5       |16      |0       |0       |
+-------------------------------------------------------------------------------------------+


DataNet Average Fanout:

   Index     Fanout    Nets  
    #1         1       429   
    #2         2       158   
    #3         3        29   
    #4         4        31   
    #5        5-10     101   
    #6       11-50      19   
  Average     2.52           

RUN-1002 : start command "export_db keyboard_pr.db"
RUN-1001 : Exported /
RUN-1001 : Exported flow parameters
RUN-1001 : Exported libs
RUN-1001 : Exported entities
RUN-1001 : Exported ports
RUN-1001 : Exported pins
RUN-1001 : Exported instances
RUN-1001 : Exported nets
RUN-1001 : Exported buses
RUN-1001 : Exported models
RUN-1001 : Exported congestions
RUN-1001 : Exported violations
RUN-1001 : Exported timing constraints
RUN-1001 : Exported IO constraints
RUN-1001 : Exported Inst constraints
RUN-1002 : start command "export_bid keyboard_inst.bid"
RUN-1002 : start command "bitgen -bit keyboard.bit -unused_io_status pulldown"
BIT-1003 : Start to generate bitstream. 
BIT-1002 : Bitgen processed 164 unused pads, reserve input tri_state with pulldown
BIT-1002 : Init instances with 16 threads.
BIT-1002 : Init instances completely, inst num: 550
BIT-1002 : Init pips with 16 threads.
BIT-1002 : Init pips completely, net num: 795, pip num: 5613
BIT-1002 : Init feedthrough completely, num: 4
BIT-1003 : Multithreading accelaration with 16 threads.
BIT-1003 : Generate bitstream completely, there are 771 valid insts, and 18538 bits set as '1'.
BIT-1004 : PLL setting string = 0000
BIT-1004 : Generate bits file keyboard.bit.
RUN-1003 : finish command "bitgen -bit keyboard.bit -unused_io_status pulldown" in  1.433508s wall, 7.937500s user + 0.109375s system = 8.046875s CPU (561.3%)

RUN-1004 : used memory is 435 MB, reserved memory is 413 MB, peak memory is 627 MB
RUN-1002 : start command "backup_run_log run.log ../.logs/phy_1/td_20240828_161732.log"
