============================================================
   Tang Dynasty, V5.6.59063
   Copyright (c) 2012-2022 Anlogic
   Executable = E:/Anlogic/TD5.6.59063/bin/td.exe
   Built at =   12:45:13 Sep  6 2022
   Run by =     19234
   Run Date =   Wed Aug 28 15:03:16 2024

   Run on =     ERIKPSW
============================================================
RUN-1002 : start command "open_project keyboard.prj"
RUN-1001 : Print Global Property
RUN-1001 : ---------------------------------------------------------------
RUN-1001 :        Parameters        |  Settings  |  Default Values  |  Note  
RUN-1001 : ---------------------------------------------------------------
RUN-1001 :          message         |  standard  |     standard     |        
RUN-1001 :   mixed_pack_place_flow  |     on     |        on        |        
RUN-1001 :        qor_monitor       |    off     |       off        |        
RUN-1001 :        syn_ip_flow       |    off     |       off        |        
RUN-1001 :          thread          |    auto    |       auto       |        
RUN-1001 : ---------------------------------------------------------------
RUN-1001 : Print Design Property
RUN-1001 : --------------------------------------------------------------
RUN-1001 :        Parameters       |  Settings  |  Default Values  |  Note  
RUN-1001 : --------------------------------------------------------------
RUN-1001 :   default_reg_initial   |    auto    |       auto       |        
RUN-1001 :        infer_add        |     on     |        on        |        
RUN-1001 :        infer_fsm        |    off     |       off        |        
RUN-1001 :        infer_mult       |     on     |        on        |        
RUN-1001 :        infer_ram        |     on     |        on        |        
RUN-1001 :        infer_reg        |     on     |        on        |        
RUN-1001 :   infer_reg_init_value  |     on     |        on        |        
RUN-1001 :        infer_rom        |     on     |        on        |        
RUN-1001 :      infer_shifter      |     on     |        on        |        
RUN-1001 : --------------------------------------------------------------
RUN-1001 : Print Rtl Property
RUN-1001 : --------------------------------------------------------------
RUN-1001 :        Parameters       |  Settings  |  Default Values  |  Note  
RUN-1001 : --------------------------------------------------------------
RUN-1001 :       compress_add      |   ripple   |      ripple      |        
RUN-1001 :        elf_sload        |    off     |       off        |        
RUN-1001 :       fix_undriven      |     0      |        0         |        
RUN-1001 :         flatten         |    off     |       off        |        
RUN-1001 :       gate_sharing      |     on     |        on        |        
RUN-1001 :    hdl_warning_level    |   normal   |      normal      |        
RUN-1001 :   impl_internal_tribuf  |     on     |        on        |        
RUN-1001 :      impl_set_reset     |     on     |        on        |        
RUN-1001 :        infer_gsr        |    off     |       off        |        
RUN-1001 :      keep_hierarchy     |    auto    |       auto       |        
RUN-1001 :        max_fanout       |    9999    |       9999       |        
RUN-1001 :      max_oh2bin_len     |     10     |        10        |        
RUN-1001 :       merge_equal       |     on     |        on        |        
RUN-1001 :       merge_equiv       |     on     |        on        |        
RUN-1001 :        merge_mux        |    off     |       off        |        
RUN-1001 :     min_control_set     |     8      |        8         |        
RUN-1001 :      min_ripple_len     |    auto    |       auto       |        
RUN-1001 :       oh2bin_ratio      |    0.08    |       0.08       |        
RUN-1001 :     opt_adder_fanout    |     on     |        on        |        
RUN-1001 :        opt_arith        |     on     |        on        |        
RUN-1001 :       opt_big_gate      |    off     |       off        |        
RUN-1001 :        opt_const        |     on     |        on        |        
RUN-1001 :      opt_const_mult     |     on     |        on        |        
RUN-1001 :       opt_lessthan      |     on     |        on        |        
RUN-1001 :         opt_mux         |    off     |       off        |        
RUN-1001 :         opt_ram         |    high    |       high       |        
RUN-1001 :      rtl_sim_model      |    off     |       off        |        
RUN-1001 :         seq_syn         |     on     |        on        |        
RUN-1001 : --------------------------------------------------------------
HDL-1007 : analyze verilog file ../../../src/Digitron_TimeDisplay_module.v
HDL-1007 : analyze verilog file ../../../src/key_filter.v
HDL-1007 : analyze verilog file ../../../src/keyboard_instance.v
HDL-1007 : analyze verilog file ../../../src/keyboard_scan.v
HDL-1007 : analyze verilog file ../../../src/onehot2binary.v
HDL-5007 WARNING: 'RSTn' is not declared in ../../../src/onehot2binary.v(1)
HDL-5007 WARNING: 'RSTn' is not declared in ../../../src/onehot2binary.v(1)
RUN-1001 : Project manager successfully analyzed 5 source files.
RUN-1002 : start command "import_device eagle_s20.db -package EG4S20BG256"
ARC-1001 : Device Initialization.
ARC-1001 : ------------------------------------------------------------------
ARC-1001 :            OPTION            |          IO          |   SETTING   
ARC-1001 : ------------------------------------------------------------------
ARC-1001 :   cso_b/cclk/mosi/miso/dout  |  T3/R11/T10/P10/S11  |    gpio    
ARC-1001 :             done             |         P13          |    gpio    
ARC-1001 :           program_b          |          T2          |  dedicate  
ARC-1001 :        tdi/tms/tck/tdo       |   C12/A15/C14/E14    |  dedicate  
ARC-1001 : ------------------------------------------------------------------
ARC-1004 : Device setting, marked 5 dedicate IOs in total.
RUN-1002 : start command "import_db ../syn_1/keyboard_gate.db"
RUN-1001 : Importing database generated by Tang Dynasty, V5.6.59063.
RUN-1001 : Database version number 46140.
RUN-1001 : Import flow parameters
RUN-1001 : Import timing constraints
RUN-1001 : Import IO constraints
RUN-1001 : Import Inst constraints
RUN-1001 : Import design success TD_VERSION=5.6.59063 , DB_VERSION=46140
RUN-1002 : start command "read_sdc"
USR-1002 : read_sdc file_name -help -h -eco
USR-1009 : NO module with IP_SDC ...
RUN-1104 : Import SDC file  finished, there are 0 nets kept by constraints.
RUN-1002 : start command "place"
RUN-1001 : Open license file E:/Anlogic/TD5.6.59063/license/Anlogic.lic
RUN-1001 : Print Global Property
RUN-1001 : ---------------------------------------------------------------
RUN-1001 :        Parameters        |  Settings  |  Default Values  |  Note  
RUN-1001 : ---------------------------------------------------------------
RUN-1001 :          message         |  standard  |     standard     |        
RUN-1001 :   mixed_pack_place_flow  |     on     |        on        |        
RUN-1001 :        qor_monitor       |    off     |       off        |        
RUN-1001 :        syn_ip_flow       |    off     |       off        |        
RUN-1001 :          thread          |    auto    |       auto       |        
RUN-1001 : ---------------------------------------------------------------
RUN-1001 : Print Place Property
RUN-1001 : --------------------------------------------------------------
RUN-1001 :        Parameters       |  Settings  |  Default Values  |  Note  
RUN-1001 : --------------------------------------------------------------
RUN-1001 :      detailed_place     |     on     |        on        |        
RUN-1001 :          effort         |   medium   |      medium      |        
RUN-1001 :         fix_hold        |    off     |       off        |        
RUN-1001 :       legalization      |    ori     |       ori        |        
RUN-1001 :      new_spreading      |     on     |        on        |        
RUN-1001 :        opt_timing       |   medium   |      medium      |        
RUN-1001 :   post_clock_route_opt  |    off     |       off        |        
RUN-1001 :       pr_strategy       |     1      |        1         |        
RUN-1001 :        relaxation       |    1.00    |       1.00       |        
RUN-1001 :         retiming        |    off     |       off        |        
RUN-1001 : --------------------------------------------------------------
PHY-3001 : Placer runs in 16 thread(s).
RUN-1002 : start command "legalize_phy_inst"
SYN-1011 : Flatten model keyboard_instance
RUN-1002 : start command "phys_opt -simplify_lut"
SYN-4024 : Net "clk_50M_dup_1" drives clk pins.
SYN-4024 : Net "U1/scan_clk" drives clk pins.
SYN-4025 : Tag rtl::Net U1/scan_clk as clock net
SYN-4025 : Tag rtl::Net clk_50M_dup_1 as clock net
SYN-4026 : Tagged 2 rtl::Net as clock net
SYN-4015 : Create BUFG instance for clk Net U1/scan_clk to drive 20 clock pins.
PHY-1001 : Populate physical database on model keyboard_instance.
RUN-1001 : There are total 696 instances
RUN-0007 : 303 luts, 228 seqs, 96 mslices, 41 lslices, 24 pads, 0 brams, 0 dsps
RUN-1001 : There are total 838 nets
RUN-1001 : 505 nets have 2 pins
RUN-1001 : 231 nets have [3 - 5] pins
RUN-1001 : 80 nets have [6 - 10] pins
RUN-1001 : 11 nets have [11 - 20] pins
RUN-1001 : 9 nets have [21 - 99] pins
RUN-1001 : 2 nets have 100+ pins
RUN-1001 : Report Control nets information:
RUN-1001 : DFF Distribution
RUN-1001 : ----------------------------------
RUN-1001 :   CE   |  SSR  |  ASR  |  DFF Count  
RUN-1001 : ----------------------------------
RUN-1001 :   No   |  No   |  No   |     92      
RUN-1001 :   No   |  No   |  Yes  |     20      
RUN-1001 :   No   |  Yes  |  No   |     17      
RUN-1001 :   Yes  |  No   |  No   |     35      
RUN-1001 :   Yes  |  No   |  Yes  |     32      
RUN-1001 :   Yes  |  Yes  |  No   |     32      
RUN-1001 : ----------------------------------
RUN-0007 : Control Group Statistic
RUN-0007 : ---------------------------
RUN-0007 :   #CLK  |  #CE  |  #SSR/ASR  
RUN-0007 : ---------------------------
RUN-0007 :    2    |   5   |     3      
RUN-0007 : ---------------------------
RUN-0007 : Control Set = 8
PHY-3001 : Initial placement ...
PHY-3001 : design contains 694 instances, 303 luts, 228 seqs, 137 slices, 14 macros(137 instances: 96 mslices 41 lslices)
PHY-0007 : Cell area utilization is 2%
PHY-3001 : Start timing update ...
RUN-1002 : start command "start_timer -report"
TMR-2505 : Start building timing graph for model keyboard_instance.
TMR-2506 : Build timing graph completely. Port num: 8, tpin num: 3025, tnet num: 836, tinst num: 694, tnode num: 3681, tedge num: 4877.
TMR-2508 : Levelizing timing graph completed, there are 43 levels in total.
TMR-2501 : Timing graph initialized successfully.
TMR-2503 : Start to update net delay, extr mode = 2.
TMR-2504 : Update delay of 836 nets completely.
TMR-2502 : Annotate delay completely, extr mode = 2.
TMR-3001 : Initiate 0 clocks from SDC.
TMR-3004 : Map sdc constraints, there are 0 constraints in total.
TMR-3003 : Constraints initiated successfully.
TMR-3501 : Forward propagation: start to calculate arrival time...
TMR-3502 : Backward propagation: start to calculate required time...
TMR-3503 : Timing propagation completes.
PHY-3001 : End timing update;  0.146669s wall, 0.046875s user + 0.000000s system = 0.046875s CPU (32.0%)

PHY-3001 : Global placement ...
PHY-3001 : Initial: Len = 201944
PHY-3001 : Clustering ...
PHY-3001 : Level 0 #clusters 694.
PHY-3001 : End clustering;  0.000014s wall, 0.000000s user + 0.000000s system = 0.000000s CPU (n/a%)

PHY-3001 : Run with size of 4
PHY-3001 : Cell area utilization is 2%
PHY-3001 : :::0::: Try harder cell spreading with beta_ = 0
PHY-3002 : Step(1): len = 135108, overlap = 0
PHY-3002 : Step(2): len = 88602.2, overlap = 0
PHY-3002 : Step(3): len = 64714.7, overlap = 0
PHY-3002 : Step(4): len = 43945.5, overlap = 0
PHY-3002 : Step(5): len = 35307.2, overlap = 1.5
PHY-3002 : Step(6): len = 28658.1, overlap = 4
PHY-3002 : Step(7): len = 25233.5, overlap = 4.25
PHY-3002 : Step(8): len = 22310.9, overlap = 1.75
PHY-3002 : Step(9): len = 21965.8, overlap = 5.25
PHY-3002 : Step(10): len = 20412.4, overlap = 5.25
PHY-3002 : Step(11): len = 18454, overlap = 5.75
PHY-3002 : Step(12): len = 17104.3, overlap = 5.75
PHY-3002 : Step(13): len = 16441.6, overlap = 5.75
PHY-3002 : Step(14): len = 16441.6, overlap = 5.75
PHY-3002 : Step(15): len = 15524.5, overlap = 5.75
PHY-3002 : Step(16): len = 15524.5, overlap = 5.75
PHY-3002 : Step(17): len = 14954.7, overlap = 5.75
PHY-3002 : Step(18): len = 14954.7, overlap = 5.75
PHY-3002 : Step(19): len = 14937.6, overlap = 5.75
PHY-3002 : Step(20): len = 14937.6, overlap = 5.75
PHY-3002 : Step(21): len = 14534.1, overlap = 5.75
PHY-3002 : Step(22): len = 14534.1, overlap = 5.75
PHY-3002 : Step(23): len = 14443.8, overlap = 5.75
PHY-3001 : Legalization ...
PHY-3001 : End legalization;  0.002850s wall, 0.000000s user + 0.000000s system = 0.000000s CPU (n/a%)

PHY-3001 : Run with size of 4
PHY-3001 : Cell area utilization is 3%
PHY-3001 : Update timing in Manhattan mode ...
TMR-2503 : Start to update net delay, extr mode = 3.
TMR-2504 : Update delay of 836 nets completely.
TMR-2502 : Annotate delay completely, extr mode = 3.
TMR-3501 : Forward propagation: start to calculate arrival time...
TMR-3502 : Backward propagation: start to calculate required time...
TMR-3503 : Timing propagation completes.
PHY-3001 : End timing update;  0.007936s wall, 0.000000s user + 0.000000s system = 0.000000s CPU (n/a%)

PHY-3001 : :::0::: Try harder cell spreading with beta_ = 0.000455451
PHY-3002 : Step(24): len = 14559.7, overlap = 13.8125
PHY-3002 : Step(25): len = 14765.6, overlap = 14.125
PHY-3002 : Step(26): len = 14919.3, overlap = 14.125
PHY-3001 : :::1::: Try harder cell spreading with beta_ = 0.000910902
PHY-3002 : Step(27): len = 14632.2, overlap = 14
PHY-3002 : Step(28): len = 14647.5, overlap = 14.0625
PHY-3002 : Step(29): len = 14976.2, overlap = 14.125
PHY-3001 : :::2::: Try harder cell spreading with beta_ = 0.0018218
PHY-3002 : Step(30): len = 14723.4, overlap = 14.25
PHY-3002 : Step(31): len = 14594.6, overlap = 14.3125
PHY-3001 : Run with size of 2
PHY-3001 : Cell area utilization is 3%
PHY-3001 : Update timing in Manhattan mode ...
TMR-2503 : Start to update net delay, extr mode = 3.
TMR-2504 : Update delay of 836 nets completely.
TMR-2502 : Annotate delay completely, extr mode = 3.
TMR-3501 : Forward propagation: start to calculate arrival time...
TMR-3502 : Backward propagation: start to calculate required time...
TMR-3503 : Timing propagation completes.
PHY-3001 : End timing update;  0.007772s wall, 0.000000s user + 0.000000s system = 0.000000s CPU (n/a%)

PHY-3001 : :::0::: Try harder cell spreading with beta_ = 9.6122e-05
PHY-3002 : Step(32): len = 17404.9, overlap = 23.7812
PHY-3002 : Step(33): len = 17549.6, overlap = 23.125
PHY-3002 : Step(34): len = 17164, overlap = 18.625
PHY-3002 : Step(35): len = 17321.7, overlap = 16.875
PHY-3002 : Step(36): len = 17245.5, overlap = 18.4688
PHY-3002 : Step(37): len = 16485.3, overlap = 21.1875
PHY-3002 : Step(38): len = 16463.4, overlap = 19.9375
PHY-3002 : Step(39): len = 16072.7, overlap = 19.6562
PHY-3002 : Step(40): len = 15914.8, overlap = 20.6562
PHY-3002 : Step(41): len = 15861.1, overlap = 23.5938
PHY-3002 : Step(42): len = 15844.2, overlap = 23.5938
PHY-3002 : Step(43): len = 16118.8, overlap = 24.0625
PHY-3002 : Step(44): len = 16347.5, overlap = 22.3438
PHY-3002 : Step(45): len = 16364.3, overlap = 21.4062
PHY-3002 : Step(46): len = 15956.1, overlap = 15.875
PHY-3002 : Step(47): len = 16247.8, overlap = 15.5
PHY-3002 : Step(48): len = 16416.1, overlap = 14.5312
PHY-3001 : :::1::: Try harder cell spreading with beta_ = 0.000192244
PHY-3002 : Step(49): len = 16224.2, overlap = 15.0625
PHY-3002 : Step(50): len = 16184.8, overlap = 14.875
PHY-3002 : Step(51): len = 16172.2, overlap = 14.875
PHY-3001 : :::2::: Try harder cell spreading with beta_ = 0.000384488
PHY-3002 : Step(52): len = 16515.9, overlap = 14.5
PHY-3002 : Step(53): len = 16710.6, overlap = 13.8438
PHY-3002 : Step(54): len = 16807.6, overlap = 13.6562
PHY-3002 : Step(55): len = 16906.9, overlap = 13.5938
OPT-1001 : Start physical optimization ...
RUN-1002 : start command "start_timer -report"
TMR-2505 : Start building timing graph for model keyboard_instance.
TMR-2506 : Build timing graph completely. Port num: 8, tpin num: 3025, tnet num: 836, tinst num: 694, tnode num: 3681, tedge num: 4877.
TMR-2508 : Levelizing timing graph completed, there are 43 levels in total.
TMR-2501 : Timing graph initialized successfully.
OPT-1001 : Total overflow 41.84 peak overflow 2.03
OPT-1001 : Start high-fanout net optimization ...
OPT-1001 : Update timing in global mode
PHY-1001 : Start incremental global routing, caller is place ...
RUN-1001 : Generating global routing grids ...
RUN-1001 : Building simple global routing graph ...
PHY-1001 : Generate routing nets ...
PHY-1001 : Reuse net number 0/838.
PHY-1001 : Global iterations in 16 thread ...
PHY-1002 : len = 19376, over cnt = 76(0%), over = 242, worst = 16
PHY-1001 : End global iterations;  0.038071s wall, 0.015625s user + 0.000000s system = 0.015625s CPU (41.0%)

PHY-1001 : Congestion index: top1 = 23.71, top5 = 11.85, top10 = 6.67, top15 = 4.45.
PHY-1001 : End incremental global routing;  0.079614s wall, 0.031250s user + 0.000000s system = 0.031250s CPU (39.3%)

TMR-2503 : Start to update net delay, extr mode = 5.
TMR-2504 : Update delay of 836 nets completely.
TMR-2502 : Annotate delay completely, extr mode = 5.
TMR-3001 : Initiate 0 clocks from SDC.
TMR-3004 : Map sdc constraints, there are 0 constraints in total.
TMR-3003 : Constraints initiated successfully.
TMR-3501 : Forward propagation: start to calculate arrival time...
TMR-3502 : Backward propagation: start to calculate required time...
TMR-3503 : Timing propagation completes.
OPT-1001 : End timing update;  0.010030s wall, 0.015625s user + 0.000000s system = 0.015625s CPU (155.8%)

OPT-1001 : 0 high-fanout net processed.
OPT-1001 : End high-fanout net optimization;  0.096543s wall, 0.046875s user + 0.000000s system = 0.046875s CPU (48.6%)

OPT-1001 : Current memory(MB): used = 151, reserve = 121, peak = 151.
OPT-1001 : Start global optimization ...
OPT-1001 : Start congestion update ...
RUN-1001 : Generating global routing grids ...
PHY-1001 : Generate routing nets ...
PHY-1001 : Reuse net number 526/838.
PHY-1001 : Global iterations in 16 thread ...
PHY-1002 : len = 19376, over cnt = 76(0%), over = 242, worst = 16
PHY-1002 : len = 20672, over cnt = 41(0%), over = 102, worst = 8
PHY-1002 : len = 21688, over cnt = 10(0%), over = 10, worst = 1
PHY-1002 : len = 21784, over cnt = 0(0%), over = 0, worst = 0
PHY-1001 : End global iterations;  0.033834s wall, 0.000000s user + 0.000000s system = 0.000000s CPU (n/a%)

PHY-1001 : Congestion index: top1 = 22.05, top5 = 12.56, top10 = 7.31, top15 = 4.89.
OPT-1001 : End congestion update;  0.069314s wall, 0.015625s user + 0.000000s system = 0.015625s CPU (22.5%)

OPT-1001 : Update timing in Manhattan mode
TMR-2503 : Start to update net delay, extr mode = 3.
TMR-2504 : Update delay of 836 nets completely.
TMR-2502 : Annotate delay completely, extr mode = 3.
TMR-3501 : Forward propagation: start to calculate arrival time...
TMR-3502 : Backward propagation: start to calculate required time...
TMR-3503 : Timing propagation completes.
OPT-1001 : End timing update;  0.007549s wall, 0.000000s user + 0.000000s system = 0.000000s CPU (n/a%)

OPT-0007 : Start: WNS 2147483647 TNS 0 NUM_FEPS 0
OPT-1001 : End global optimization;  0.076943s wall, 0.015625s user + 0.000000s system = 0.015625s CPU (20.3%)

OPT-1001 : Current memory(MB): used = 152, reserve = 123, peak = 152.
OPT-1001 : End physical optimization;  0.312867s wall, 0.156250s user + 0.000000s system = 0.156250s CPU (49.9%)

PHY-3001 : Start packing ...
SYN-4007 : Packing 0 MUX to BLE ...
SYN-4008 : Packed 0 MUX and 0 SEQ to BLE.
SYN-4007 : Packing 303 LUT to BLE ...
SYN-4008 : Packed 303 LUT and 93 SEQ to BLE.
SYN-4003 : Packing 135 remaining SEQ's ...
SYN-4005 : Packed 64 SEQ with LUT/SLICE
SYN-4006 : 160 single LUT's are left
SYN-4006 : 71 single SEQ's are left
SYN-4011 : Packing model "keyboard_instance" (AL_USER_NORMAL) with 374/539 primitive instances ...
PHY-3001 : End packing;  0.019986s wall, 0.000000s user + 0.000000s system = 0.000000s CPU (n/a%)

PHY-1001 : Populate physical database on model keyboard_instance.
RUN-1001 : There are total 362 instances
RUN-1001 : 167 mslices, 167 lslices, 24 pads, 0 brams, 0 dsps
RUN-1001 : There are total 745 nets
RUN-1001 : 412 nets have 2 pins
RUN-1001 : 231 nets have [3 - 5] pins
RUN-1001 : 80 nets have [6 - 10] pins
RUN-1001 : 14 nets have [11 - 20] pins
RUN-1001 : 6 nets have [21 - 99] pins
RUN-1001 : 2 nets have 100+ pins
PHY-3001 : design contains 360 instances, 334 slices, 14 macros(137 instances: 96 mslices 41 lslices)
PHY-3001 : Cell area utilization is 4%
PHY-3001 : After packing: Len = 17115.8, Over = 20.5
PHY-3001 : Run with size of 2
PHY-3001 : Cell area utilization is 4%
PHY-3001 : Update timing in Manhattan mode ...
RUN-1002 : start command "start_timer -report"
TMR-2505 : Start building timing graph for model keyboard_instance.
TMR-2506 : Build timing graph completely. Port num: 8, tpin num: 2651, tnet num: 743, tinst num: 360, tnode num: 3119, tedge num: 4414.
TMR-2508 : Levelizing timing graph completed, there are 41 levels in total.
TMR-2501 : Timing graph initialized successfully.
TMR-2503 : Start to update net delay, extr mode = 3.
TMR-2504 : Update delay of 743 nets completely.
TMR-2502 : Annotate delay completely, extr mode = 3.
TMR-3001 : Initiate 0 clocks from SDC.
TMR-3004 : Map sdc constraints, there are 0 constraints in total.
TMR-3003 : Constraints initiated successfully.
TMR-3501 : Forward propagation: start to calculate arrival time...
TMR-3502 : Backward propagation: start to calculate required time...
TMR-3503 : Timing propagation completes.
PHY-3001 : End timing update;  0.147267s wall, 0.031250s user + 0.000000s system = 0.031250s CPU (21.2%)

PHY-3001 : :::0::: Try harder cell spreading with beta_ = 7.12525e-05
PHY-3002 : Step(56): len = 16607.3, overlap = 21.25
PHY-3002 : Step(57): len = 16593.2, overlap = 21
PHY-3002 : Step(58): len = 16272.6, overlap = 23
PHY-3002 : Step(59): len = 16230.7, overlap = 23.25
PHY-3002 : Step(60): len = 15825, overlap = 21
PHY-3002 : Step(61): len = 15827.9, overlap = 21
PHY-3002 : Step(62): len = 15832.1, overlap = 20.75
PHY-3001 : :::1::: Try harder cell spreading with beta_ = 0.000142505
PHY-3002 : Step(63): len = 16114.2, overlap = 19.5
PHY-3002 : Step(64): len = 16257, overlap = 19.75
PHY-3002 : Step(65): len = 16408.1, overlap = 17.75
PHY-3001 : :::2::: Try harder cell spreading with beta_ = 0.00028501
PHY-3002 : Step(66): len = 16962.7, overlap = 18
PHY-3002 : Step(67): len = 17023.8, overlap = 18.25
PHY-3002 : Step(68): len = 16917.3, overlap = 16.5
PHY-3002 : Step(69): len = 16818.4, overlap = 18
PHY-3002 : Step(70): len = 16782, overlap = 17.75
PHY-3001 : Legalization ...
PHY-3001 : End legalization;  0.070927s wall, 0.015625s user + 0.031250s system = 0.046875s CPU (66.1%)

PHY-3001 : Trial Legalized: Len = 23327.7
PHY-3001 : Run with size of 2
PHY-3001 : Cell area utilization is 4%
PHY-3001 : Update timing in Manhattan mode ...
TMR-2503 : Start to update net delay, extr mode = 3.
TMR-2504 : Update delay of 743 nets completely.
TMR-2502 : Annotate delay completely, extr mode = 3.
TMR-3501 : Forward propagation: start to calculate arrival time...
TMR-3502 : Backward propagation: start to calculate required time...
TMR-3503 : Timing propagation completes.
PHY-3001 : End timing update;  0.007237s wall, 0.000000s user + 0.000000s system = 0.000000s CPU (n/a%)

PHY-3001 : :::0::: Try harder cell spreading with beta_ = 0
PHY-3002 : Step(71): len = 18719.2, overlap = 6.25
PHY-3002 : Step(72): len = 17320.2, overlap = 10.25
PHY-3002 : Step(73): len = 16765.2, overlap = 11.5
PHY-3002 : Step(74): len = 16603.8, overlap = 11
PHY-3002 : Step(75): len = 16490.9, overlap = 10.5
PHY-3002 : Step(76): len = 16545.2, overlap = 11
PHY-3002 : Step(77): len = 16253.4, overlap = 12.25
PHY-3002 : Step(78): len = 16040, overlap = 12.5
PHY-3002 : Step(79): len = 15863.3, overlap = 13.5
PHY-3002 : Step(80): len = 15827.8, overlap = 13.5
PHY-3002 : Step(81): len = 15703.1, overlap = 15
PHY-3001 : :::1::: Try harder cell spreading with beta_ = 2.70631e-05
PHY-3002 : Step(82): len = 16069.3, overlap = 13
PHY-3002 : Step(83): len = 16212.4, overlap = 12.75
PHY-3002 : Step(84): len = 16176.4, overlap = 12
PHY-3002 : Step(85): len = 16222.5, overlap = 12
PHY-3002 : Step(86): len = 16022.6, overlap = 12.75
PHY-3001 : :::2::: Try harder cell spreading with beta_ = 5.41262e-05
PHY-3002 : Step(87): len = 16079.6, overlap = 12
PHY-3002 : Step(88): len = 16162.7, overlap = 12
PHY-3001 : Legalization ...
PHY-3001 : End legalization;  0.004712s wall, 0.000000s user + 0.000000s system = 0.000000s CPU (n/a%)

PHY-3001 : Legalized: Len = 20013.8, Over = 0
PHY-3001 : Spreading special nets. 1 overflows in 2952 tiles.
PHY-3001 : End spreading;  0.002597s wall, 0.000000s user + 0.000000s system = 0.000000s CPU (n/a%)

PHY-3001 : 2 instances has been re-located, deltaX = 0, deltaY = 2, maxDist = 1.
PHY-3001 : Final: Len = 20009.8, Over = 0
OPT-1001 : Start physical optimization ...
RUN-1002 : start command "start_timer -report"
TMR-2505 : Start building timing graph for model keyboard_instance.
TMR-2506 : Build timing graph completely. Port num: 8, tpin num: 2651, tnet num: 743, tinst num: 360, tnode num: 3119, tedge num: 4414.
TMR-2508 : Levelizing timing graph completed, there are 41 levels in total.
TMR-2501 : Timing graph initialized successfully.
OPT-1001 : Total overflow 0.00 peak overflow 0.00
OPT-1001 : Start high-fanout net optimization ...
OPT-1001 : Update timing in global mode
PHY-1001 : Start incremental global routing, caller is place ...
RUN-1001 : Generating global routing grids ...
PHY-1001 : Generate routing nets ...
PHY-1001 : Reuse net number 6/745.
PHY-1001 : Global iterations in 16 thread ...
PHY-1002 : len = 22984, over cnt = 65(0%), over = 95, worst = 4
PHY-1002 : len = 23360, over cnt = 42(0%), over = 51, worst = 3
PHY-1002 : len = 23896, over cnt = 8(0%), over = 8, worst = 1
PHY-1002 : len = 24024, over cnt = 0(0%), over = 0, worst = 0
PHY-1001 : End global iterations;  0.069227s wall, 0.015625s user + 0.000000s system = 0.015625s CPU (22.6%)

PHY-1001 : Congestion index: top1 = 23.75, top5 = 13.58, top10 = 7.97, top15 = 5.42.
PHY-1001 : End incremental global routing;  0.111272s wall, 0.015625s user + 0.000000s system = 0.015625s CPU (14.0%)

TMR-2503 : Start to update net delay, extr mode = 5.
TMR-2504 : Update delay of 743 nets completely.
TMR-2502 : Annotate delay completely, extr mode = 5.
TMR-3001 : Initiate 0 clocks from SDC.
TMR-3004 : Map sdc constraints, there are 0 constraints in total.
TMR-3003 : Constraints initiated successfully.
TMR-3501 : Forward propagation: start to calculate arrival time...
TMR-3502 : Backward propagation: start to calculate required time...
TMR-3503 : Timing propagation completes.
OPT-1001 : End timing update;  0.010297s wall, 0.000000s user + 0.000000s system = 0.000000s CPU (n/a%)

OPT-1001 : 0 high-fanout net processed.
OPT-1001 : End high-fanout net optimization;  0.129277s wall, 0.031250s user + 0.000000s system = 0.031250s CPU (24.2%)

OPT-1001 : Current memory(MB): used = 155, reserve = 126, peak = 155.
OPT-1001 : Start path based optimization ...
OPT-1001 : Start congestion update ...
RUN-1001 : Generating global routing grids ...
PHY-1001 : Generate routing nets ...
PHY-1001 : Reuse net number 590/745.
PHY-1001 : Global iterations in 16 thread ...
PHY-1002 : len = 24024, over cnt = 0(0%), over = 0, worst = 0
PHY-1001 : End global iterations;  0.001910s wall, 0.000000s user + 0.000000s system = 0.000000s CPU (n/a%)

PHY-1001 : Congestion index: top1 = 23.75, top5 = 13.58, top10 = 7.97, top15 = 5.42.
OPT-1001 : End congestion update;  0.040352s wall, 0.015625s user + 0.000000s system = 0.015625s CPU (38.7%)

OPT-1001 : Update timing in Manhattan mode
TMR-2503 : Start to update net delay, extr mode = 3.
TMR-2504 : Update delay of 743 nets completely.
TMR-2502 : Annotate delay completely, extr mode = 3.
TMR-3501 : Forward propagation: start to calculate arrival time...
TMR-3502 : Backward propagation: start to calculate required time...
TMR-3503 : Timing propagation completes.
OPT-1001 : End timing update;  0.007579s wall, 0.000000s user + 0.000000s system = 0.000000s CPU (n/a%)

OPT-0007 : Start: WNS 2147483647 TNS 0 NUM_FEPS 0
OPT-1001 : End path based optimization;  0.048027s wall, 0.015625s user + 0.000000s system = 0.015625s CPU (32.5%)

OPT-1001 : Current memory(MB): used = 156, reserve = 127, peak = 156.
OPT-1001 : Update timing in Manhattan mode
TMR-2503 : Start to update net delay, extr mode = 3.
TMR-2504 : Update delay of 743 nets completely.
TMR-2502 : Annotate delay completely, extr mode = 3.
TMR-3501 : Forward propagation: start to calculate arrival time...
TMR-3502 : Backward propagation: start to calculate required time...
TMR-3503 : Timing propagation completes.
OPT-1001 : End timing update;  0.006341s wall, 0.000000s user + 0.000000s system = 0.000000s CPU (n/a%)

OPT-1001 : Start pin optimization...
OPT-1001 : skip pin optimization...
OPT-1001 : Update timing in global mode
PHY-1001 : Start incremental global routing, caller is place ...
RUN-1001 : Generating global routing grids ...
PHY-1001 : Generate routing nets ...
PHY-1001 : Reuse net number 590/745.
PHY-1001 : Global iterations in 16 thread ...
PHY-1002 : len = 24024, over cnt = 0(0%), over = 0, worst = 0
PHY-1001 : End global iterations;  0.002202s wall, 0.000000s user + 0.000000s system = 0.000000s CPU (n/a%)

PHY-1001 : Congestion index: top1 = 23.75, top5 = 13.58, top10 = 7.97, top15 = 5.42.
PHY-1001 : End incremental global routing;  0.042347s wall, 0.015625s user + 0.000000s system = 0.015625s CPU (36.9%)

TMR-2503 : Start to update net delay, extr mode = 5.
TMR-2504 : Update delay of 743 nets completely.
TMR-2502 : Annotate delay completely, extr mode = 5.
TMR-3501 : Forward propagation: start to calculate arrival time...
TMR-3502 : Backward propagation: start to calculate required time...
TMR-3503 : Timing propagation completes.
OPT-1001 : End timing update;  0.010471s wall, 0.000000s user + 0.000000s system = 0.000000s CPU (n/a%)

RUN-1001 : Generating global routing grids ...
PHY-1001 : Generate routing nets ...
PHY-1001 : Reuse net number 590/745.
PHY-1001 : Global iterations in 16 thread ...
PHY-1002 : len = 24024, over cnt = 0(0%), over = 0, worst = 0
PHY-1001 : End global iterations;  0.001999s wall, 0.000000s user + 0.000000s system = 0.000000s CPU (n/a%)

PHY-1001 : Congestion index: top1 = 23.75, top5 = 13.58, top10 = 7.97, top15 = 5.42.
OPT-1001 : Update timing in Manhattan mode
TMR-2503 : Start to update net delay, extr mode = 3.
TMR-2504 : Update delay of 743 nets completely.
TMR-2502 : Annotate delay completely, extr mode = 3.
TMR-3501 : Forward propagation: start to calculate arrival time...
TMR-3502 : Backward propagation: start to calculate required time...
TMR-3503 : Timing propagation completes.
OPT-1001 : End timing update;  0.007548s wall, 0.000000s user + 0.000000s system = 0.000000s CPU (n/a%)

RUN-1001 : QoR Analysis:
OPT-0007 :   WNS 2147483647 TNS 0 NUM_FEPS 0
RUN-1001 :   No local congestion issue, and most congested 1% tile average routing util is 23.310345
RUN-1001 :   Top critical paths
OPT-1001 : End physical optimization;  0.441517s wall, 0.156250s user + 0.000000s system = 0.156250s CPU (35.4%)

RUN-1003 : finish command "place" in  2.985174s wall, 0.750000s user + 0.343750s system = 1.093750s CPU (36.6%)

RUN-1004 : used memory is 138 MB, reserved memory is 109 MB, peak memory is 156 MB
RUN-1002 : start command "export_db keyboard_place.db"
RUN-1001 : Exported /
RUN-1001 : Exported flow parameters
RUN-1001 : Exported libs
RUN-1001 : Exported entities
RUN-1001 : Exported ports
RUN-1001 : Exported pins
RUN-1001 : Exported instances
RUN-1001 : Exported nets
RUN-1001 : Exported buses
RUN-1001 : Exported models
RUN-1001 : Exported congestions
RUN-1001 : Exported violations
RUN-1001 : Exported timing constraints
RUN-1001 : Exported IO constraints
RUN-1001 : Exported Inst constraints
RUN-1002 : start command "route"
RUN-1001 : Open license file E:/Anlogic/TD5.6.59063/license/Anlogic.lic
RUN-1001 : Print Global Property
RUN-1001 : ---------------------------------------------------------------
RUN-1001 :        Parameters        |  Settings  |  Default Values  |  Note  
RUN-1001 : ---------------------------------------------------------------
RUN-1001 :          message         |  standard  |     standard     |        
RUN-1001 :   mixed_pack_place_flow  |     on     |        on        |        
RUN-1001 :        qor_monitor       |    off     |       off        |        
RUN-1001 :        syn_ip_flow       |    off     |       off        |        
RUN-1001 :          thread          |    auto    |       auto       |        
RUN-1001 : ---------------------------------------------------------------
RUN-1001 : Print Route Property
RUN-1001 : -------------------------------------------------------
RUN-1001 :    Parameters    |  Settings  |  Default Values  |  Note  
RUN-1001 : -------------------------------------------------------
RUN-1001 :      effort      |   medium   |      medium      |        
RUN-1001 :     fix_hold     |    off     |       off        |        
RUN-1001 :    opt_timing    |   medium   |      medium      |        
RUN-1001 :   phy_sim_model  |    off     |       off        |        
RUN-1001 :     priority     |   timing   |      timing      |        
RUN-1001 :     swap_pin     |     on     |        on        |        
RUN-1001 : -------------------------------------------------------
PHY-1001 : Route runs in 16 thread(s)
RUN-1001 : There are total 362 instances
RUN-1001 : 167 mslices, 167 lslices, 24 pads, 0 brams, 0 dsps
RUN-1001 : There are total 745 nets
RUN-1001 : 412 nets have 2 pins
RUN-1001 : 231 nets have [3 - 5] pins
RUN-1001 : 80 nets have [6 - 10] pins
RUN-1001 : 14 nets have [11 - 20] pins
RUN-1001 : 6 nets have [21 - 99] pins
RUN-1001 : 2 nets have 100+ pins
RUN-1002 : start command "start_timer -report"
TMR-2505 : Start building timing graph for model keyboard_instance.
TMR-2506 : Build timing graph completely. Port num: 8, tpin num: 2651, tnet num: 743, tinst num: 360, tnode num: 3119, tedge num: 4414.
TMR-2508 : Levelizing timing graph completed, there are 41 levels in total.
TMR-2501 : Timing graph initialized successfully.
PHY-1001 : 167 mslices, 167 lslices, 24 pads, 0 brams, 0 dsps
TMR-2503 : Start to update net delay, extr mode = 3.
TMR-2504 : Update delay of 743 nets completely.
TMR-2502 : Annotate delay completely, extr mode = 3.
TMR-3001 : Initiate 0 clocks from SDC.
TMR-3004 : Map sdc constraints, there are 0 constraints in total.
TMR-3003 : Constraints initiated successfully.
TMR-3501 : Forward propagation: start to calculate arrival time...
TMR-3502 : Backward propagation: start to calculate required time...
TMR-3503 : Timing propagation completes.
PHY-1001 : Start global routing, caller is route ...
RUN-1001 : Generating global routing grids ...
PHY-1001 : Generate routing nets ...
PHY-1001 : Global iterations in 16 thread ...
PHY-1002 : len = 22920, over cnt = 66(0%), over = 96, worst = 4
PHY-1002 : len = 23296, over cnt = 42(0%), over = 51, worst = 3
PHY-1002 : len = 23848, over cnt = 7(0%), over = 7, worst = 1
PHY-1002 : len = 23960, over cnt = 0(0%), over = 0, worst = 0
PHY-1001 : End global iterations;  0.068246s wall, 0.031250s user + 0.015625s system = 0.046875s CPU (68.7%)

PHY-1001 : Congestion index: top1 = 23.77, top5 = 13.58, top10 = 7.97, top15 = 5.40.
PHY-1001 : End global routing;  0.109789s wall, 0.031250s user + 0.015625s system = 0.046875s CPU (42.7%)

PHY-1001 : Start detail routing ...
PHY-1001 : Current memory(MB): used = 175, reserve = 146, peak = 189.
PHY-1001 : Detailed router is running in normal mode.
PHY-1001 : Generate detailed routing grids ...
PHY-1001 : Generate nets ...
PHY-1001 : net clk_50M_dup_1 will be routed on clock mesh
PHY-1001 : clock net U1/scan_clk_syn_4 will be merged with clock U1/scan_clk
PHY-1001 : Current memory(MB): used = 443, reserve = 418, peak = 443.
PHY-1001 : End build detailed router design. 3.494632s wall, 1.312500s user + 0.000000s system = 1.312500s CPU (37.6%)

PHY-1001 : Detail Route ...
PHY-1001 : ===== Detail Route Phase 1 =====
PHY-1001 : Clock net routing.....
PHY-1001 : Routed 0% nets.
PHY-1022 : len = 9248, over cnt = 0(0%), over = 0, worst = 0, crit = 0
PHY-1001 : End initial clock net routed; 0.357102s wall, 0.125000s user + 0.015625s system = 0.140625s CPU (39.4%)

PHY-1001 : Current memory(MB): used = 473, reserve = 449, peak = 473.
PHY-1001 : End phase 1; 0.363345s wall, 0.125000s user + 0.015625s system = 0.140625s CPU (38.7%)

PHY-1001 : ===== Detail Route Phase 2 =====
PHY-1001 : Initial routing.....
PHY-1001 : Routed 22% nets.
PHY-1001 : Routed 30% nets.
PHY-1001 : Routed 36% nets.
PHY-1001 : Routed 36% nets.
PHY-1001 : Routed 37% nets.
PHY-1001 : Patch 315 net; 0.274275s wall, 0.140625s user + 0.000000s system = 0.140625s CPU (51.3%)

PHY-1022 : len = 44304, over cnt = 31(0%), over = 31, worst = 1, crit = 0
PHY-1001 : Current memory(MB): used = 473, reserve = 450, peak = 473.
PHY-1001 : End initial routed; 0.527489s wall, 0.218750s user + 0.015625s system = 0.234375s CPU (44.4%)

PHY-1001 : Update timing.....
PHY-1001 : 0/596(0%) critical/total net(s).
RUN-1001 : ------------------------------------------
RUN-1001 :   Type   |    WNS(ns)    |  TNS(ns)  |  FEP  
RUN-1001 : ------------------------------------------
RUN-1001 :   Setup  |  2147483.647  |   0.000   |   0   
RUN-1001 :   Hold   |  2147483.647  |   0.000   |   0   
RUN-1001 : ------------------------------------------
PHY-1001 : End update timing; 0.172287s wall, 0.125000s user + 0.000000s system = 0.125000s CPU (72.6%)

PHY-1001 : Current memory(MB): used = 474, reserve = 451, peak = 474.
PHY-1001 : End phase 2; 0.699856s wall, 0.343750s user + 0.015625s system = 0.359375s CPU (51.3%)

PHY-1001 : ===== Detail Route Phase 3 =====
PHY-1001 : Optimize timing.....
PHY-1022 : len = 44304, over cnt = 31(0%), over = 31, worst = 1, crit = 0
PHY-1001 : End optimize timing; 0.005614s wall, 0.000000s user + 0.000000s system = 0.000000s CPU (n/a%)

PHY-1001 : Ripup-reroute.....
PHY-1001 : ===== DR Iter 1 =====
PHY-1022 : len = 44328, over cnt = 3(0%), over = 3, worst = 1, crit = 0
PHY-1001 : End DR Iter 1; 0.027341s wall, 0.000000s user + 0.000000s system = 0.000000s CPU (n/a%)

PHY-1001 : ===== DR Iter 2 =====
PHY-1022 : len = 44376, over cnt = 0(0%), over = 0, worst = 0, crit = 0
PHY-1001 : End DR Iter 2; 0.016600s wall, 0.015625s user + 0.000000s system = 0.015625s CPU (94.1%)

PHY-1001 : Update timing.....
PHY-1001 : 0/596(0%) critical/total net(s).
RUN-1001 : ------------------------------------------
RUN-1001 :   Type   |    WNS(ns)    |  TNS(ns)  |  FEP  
RUN-1001 : ------------------------------------------
RUN-1001 :   Setup  |  2147483.647  |   0.000   |   0   
RUN-1001 :   Hold   |  2147483.647  |   0.000   |   0   
RUN-1001 : ------------------------------------------
PHY-1001 : End update timing; 0.211222s wall, 0.140625s user + 0.000000s system = 0.140625s CPU (66.6%)

PHY-1001 : Commit to database.....
PHY-1001 : 10 feed throughs used by 9 nets
PHY-1001 : End commit to database; 0.079182s wall, 0.046875s user + 0.000000s system = 0.046875s CPU (59.2%)

PHY-1001 : Current memory(MB): used = 485, reserve = 462, peak = 485.
PHY-1001 : End phase 3; 0.458033s wall, 0.281250s user + 0.000000s system = 0.281250s CPU (61.4%)

PHY-1003 : Routed, final wirelength = 44376
PHY-1001 : Current memory(MB): used = 486, reserve = 462, peak = 486.
PHY-1001 : End export database. 0.006085s wall, 0.015625s user + 0.000000s system = 0.015625s CPU (256.8%)

PHY-1001 : End detail routing;  5.204638s wall, 2.203125s user + 0.031250s system = 2.234375s CPU (42.9%)

RUN-1003 : finish command "route" in  5.513718s wall, 2.343750s user + 0.046875s system = 2.390625s CPU (43.4%)

RUN-1004 : used memory is 427 MB, reserved memory is 404 MB, peak memory is 486 MB
RUN-1002 : start command "report_area -io_info -file keyboard_phy.area"
RUN-1001 : standard
***Report Model: keyboard_instance Device: EG4S20BG256***

IO Statistics
#IO                        24
  #input                    6
  #output                  18
  #inout                    0

Utilization Statistics
#lut                      577   out of  19600    2.94%
#reg                      228   out of  19600    1.16%
#le                       648
  #lut only               420   out of    648   64.81%
  #reg only                71   out of    648   10.96%
  #lut&reg                157   out of    648   24.23%
#dsp                        0   out of     29    0.00%
#bram                       0   out of     64    0.00%
  #bram9k                   0
  #fifo9k                   0
#bram32k                    0   out of     16    0.00%
#pad                       24   out of    188   12.77%
  #ireg                     0
  #oreg                     0
  #treg                     0
#pll                        0   out of      4    0.00%
#gclk                       2   out of     16   12.50%

Clock Resource Statistics
Index     ClockNet         Type               DriverType         Driver                      Fanout
#1        clk_50M_dup_1    GCLK               io                 clk_50M_syn_2.di            119
#2        U1/scan_clk      GCLK               mslice             U1/scan_clk_reg_syn_9.q0    10


Detailed IO Report

        Name           Direction    Location    IOStandard    DriveStrength    PullType    PackReg  
        RSTn             INPUT         A9        LVCMOS33          N/A          PULLUP      NONE    
       clk_50M           INPUT         R7        LVCMOS33          N/A          PULLUP      NONE    
       col[3]            INPUT        F10        LVCMOS33          N/A          PULLUP      NONE    
       col[2]            INPUT        C11        LVCMOS33          N/A          PULLUP      NONE    
       col[1]            INPUT        D11        LVCMOS33          N/A          PULLUP      NONE    
       col[0]            INPUT        E11        LVCMOS33          N/A          PULLUP      NONE    
  DigitronCS_Out[3]     OUTPUT         A3        LVCMOS33           8            NONE       NONE    
  DigitronCS_Out[2]     OUTPUT         A5        LVCMOS33           8            NONE       NONE    
  DigitronCS_Out[1]     OUTPUT         B6        LVCMOS33           8            NONE       NONE    
  DigitronCS_Out[0]     OUTPUT         C9        LVCMOS33           8            NONE       NONE    
   Digitron_Out[7]      OUTPUT         C8        LVCMOS33           8            NONE       NONE    
   Digitron_Out[6]      OUTPUT         A8        LVCMOS33           8            NONE       NONE    
   Digitron_Out[5]      OUTPUT         B5        LVCMOS33           8            NONE       NONE    
   Digitron_Out[4]      OUTPUT         A7        LVCMOS33           8            NONE       NONE    
   Digitron_Out[3]      OUTPUT         E8        LVCMOS33           8            NONE       NONE    
   Digitron_Out[2]      OUTPUT         B8        LVCMOS33           8            NONE       NONE    
   Digitron_Out[1]      OUTPUT         A6        LVCMOS33           8            NONE       NONE    
   Digitron_Out[0]      OUTPUT         A4        LVCMOS33           8            NONE       NONE    
       buzzer           OUTPUT        H11        LVCMOS33           8            NONE       NONE    
        light           OUTPUT        B14        LVCMOS33           8            NONE       NONE    
       row[3]           OUTPUT         D9        LVCMOS33           8            NONE       NONE    
       row[2]           OUTPUT         F9        LVCMOS33           8            NONE       NONE    
       row[1]           OUTPUT        C10        LVCMOS33           8            NONE       NONE    
       row[0]           OUTPUT        E10        LVCMOS33           8            NONE       NONE    

Report Hierarchy Area:
+-------------------------------------------------------------------------------------------+
|Instance |Module                      |le     |lut     |ripple  |seq     |bram    |dsp     |
+-------------------------------------------------------------------------------------------+
|top      |keyboard_instance           |648    |440     |137     |228     |0       |0       |
|  U1     |keyboard_scan               |73     |50      |9       |53      |0       |0       |
|  U2     |key_filter                  |62     |33      |6       |52      |0       |0       |
|  U3     |onehot2binary               |467    |326     |117     |109     |0       |0       |
|  U5     |Digitron_TimeDisplay_module |43     |28      |5       |14      |0       |0       |
+-------------------------------------------------------------------------------------------+


DataNet Average Fanout:

   Index     Fanout    Nets  
    #1         1       388   
    #2         2       146   
    #3         3        54   
    #4         4        31   
    #5        5-10      81   
    #6       11-50      17   
  Average     2.45           

RUN-1002 : start command "export_db keyboard_pr.db"
RUN-1001 : Exported /
RUN-1001 : Exported flow parameters
RUN-1001 : Exported libs
RUN-1001 : Exported entities
RUN-1001 : Exported ports
RUN-1001 : Exported pins
RUN-1001 : Exported instances
RUN-1001 : Exported nets
RUN-1001 : Exported buses
RUN-1001 : Exported models
RUN-1001 : Exported congestions
RUN-1001 : Exported violations
RUN-1001 : Exported timing constraints
RUN-1001 : Exported IO constraints
RUN-1001 : Exported Inst constraints
RUN-1002 : start command "export_bid keyboard_inst.bid"
RUN-1002 : start command "bitgen -bit keyboard.bit -unused_io_status pulldown"
BIT-1003 : Start to generate bitstream. 
BIT-1002 : Bitgen processed 164 unused pads, reserve input tri_state with pulldown
BIT-1002 : Init instances with 16 threads.
BIT-1002 : Init instances completely, inst num: 524
BIT-1002 : Init pips with 16 threads.
BIT-1002 : Init pips completely, net num: 745, pip num: 5190
BIT-1002 : Init feedthrough with 16 threads.
BIT-1002 : Init feedthrough completely, num: 10
BIT-1003 : Multithreading accelaration with 16 threads.
BIT-1003 : Generate bitstream completely, there are 699 valid insts, and 17115 bits set as '1'.
BIT-1004 : PLL setting string = 0000
BIT-1004 : Generate bits file keyboard.bit.
RUN-1003 : finish command "bitgen -bit keyboard.bit -unused_io_status pulldown" in  1.350387s wall, 6.750000s user + 0.062500s system = 6.812500s CPU (504.5%)

RUN-1004 : used memory is 434 MB, reserved memory is 413 MB, peak memory is 628 MB
RUN-1002 : start command "backup_run_log run.log ../.logs/phy_1/td_20240828_150316.log"
