============================================================
   Tang Dynasty, V5.6.59063
   Copyright (c) 2012-2022 Anlogic
   Executable = E:/Anlogic/TD5.6.59063/bin/td.exe
   Built at =   12:45:13 Sep  6 2022
   Run by =     19234
   Run Date =   Tue Aug 27 13:32:59 2024

   Run on =     ERIKPSW
============================================================
RUN-1002 : start command "open_project keyboard.prj"
RUN-1001 : Print Global Property
RUN-1001 : ---------------------------------------------------------------
RUN-1001 :        Parameters        |  Settings  |  Default Values  |  Note  
RUN-1001 : ---------------------------------------------------------------
RUN-1001 :          message         |  standard  |     standard     |        
RUN-1001 :   mixed_pack_place_flow  |     on     |        on        |        
RUN-1001 :        qor_monitor       |    off     |       off        |        
RUN-1001 :        syn_ip_flow       |    off     |       off        |        
RUN-1001 :          thread          |    auto    |       auto       |        
RUN-1001 : ---------------------------------------------------------------
RUN-1001 : Print Design Property
RUN-1001 : --------------------------------------------------------------
RUN-1001 :        Parameters       |  Settings  |  Default Values  |  Note  
RUN-1001 : --------------------------------------------------------------
RUN-1001 :   default_reg_initial   |    auto    |       auto       |        
RUN-1001 :        infer_add        |     on     |        on        |        
RUN-1001 :        infer_fsm        |    off     |       off        |        
RUN-1001 :        infer_mult       |     on     |        on        |        
RUN-1001 :        infer_ram        |     on     |        on        |        
RUN-1001 :        infer_reg        |     on     |        on        |        
RUN-1001 :   infer_reg_init_value  |     on     |        on        |        
RUN-1001 :        infer_rom        |     on     |        on        |        
RUN-1001 :      infer_shifter      |     on     |        on        |        
RUN-1001 : --------------------------------------------------------------
RUN-1001 : Print Rtl Property
RUN-1001 : --------------------------------------------------------------
RUN-1001 :        Parameters       |  Settings  |  Default Values  |  Note  
RUN-1001 : --------------------------------------------------------------
RUN-1001 :       compress_add      |   ripple   |      ripple      |        
RUN-1001 :        elf_sload        |    off     |       off        |        
RUN-1001 :       fix_undriven      |     0      |        0         |        
RUN-1001 :         flatten         |    off     |       off        |        
RUN-1001 :       gate_sharing      |     on     |        on        |        
RUN-1001 :    hdl_warning_level    |   normal   |      normal      |        
RUN-1001 :   impl_internal_tribuf  |     on     |        on        |        
RUN-1001 :      impl_set_reset     |     on     |        on        |        
RUN-1001 :        infer_gsr        |    off     |       off        |        
RUN-1001 :      keep_hierarchy     |    auto    |       auto       |        
RUN-1001 :        max_fanout       |    9999    |       9999       |        
RUN-1001 :      max_oh2bin_len     |     10     |        10        |        
RUN-1001 :       merge_equal       |     on     |        on        |        
RUN-1001 :       merge_equiv       |     on     |        on        |        
RUN-1001 :        merge_mux        |    off     |       off        |        
RUN-1001 :     min_control_set     |     8      |        8         |        
RUN-1001 :      min_ripple_len     |    auto    |       auto       |        
RUN-1001 :       oh2bin_ratio      |    0.08    |       0.08       |        
RUN-1001 :     opt_adder_fanout    |     on     |        on        |        
RUN-1001 :        opt_arith        |     on     |        on        |        
RUN-1001 :       opt_big_gate      |    off     |       off        |        
RUN-1001 :        opt_const        |     on     |        on        |        
RUN-1001 :      opt_const_mult     |     on     |        on        |        
RUN-1001 :       opt_lessthan      |     on     |        on        |        
RUN-1001 :         opt_mux         |    off     |       off        |        
RUN-1001 :         opt_ram         |    high    |       high       |        
RUN-1001 :      rtl_sim_model      |    off     |       off        |        
RUN-1001 :         seq_syn         |     on     |        on        |        
RUN-1001 : --------------------------------------------------------------
HDL-1007 : analyze verilog file ../../../src/Digitron_TimeDisplay_module.v
HDL-1007 : analyze verilog file ../../../src/key_filter.v
HDL-1007 : analyze verilog file ../../../src/keyboard_instance.v
HDL-1007 : analyze verilog file ../../../src/keyboard_scan.v
HDL-1007 : analyze verilog file ../../../src/onehot2binary.v
RUN-1001 : Project manager successfully analyzed 5 source files.
RUN-1002 : start command "import_device eagle_s20.db -package EG4S20BG256"
ARC-1001 : Device Initialization.
ARC-1001 : ------------------------------------------------------------------
ARC-1001 :            OPTION            |          IO          |   SETTING   
ARC-1001 : ------------------------------------------------------------------
ARC-1001 :   cso_b/cclk/mosi/miso/dout  |  T3/R11/T10/P10/S11  |    gpio    
ARC-1001 :             done             |         P13          |    gpio    
ARC-1001 :           program_b          |          T2          |  dedicate  
ARC-1001 :        tdi/tms/tck/tdo       |   C12/A15/C14/E14    |  dedicate  
ARC-1001 : ------------------------------------------------------------------
ARC-1004 : Device setting, marked 5 dedicate IOs in total.
RUN-1002 : start command "import_db ../syn_1/keyboard_gate.db"
RUN-1001 : Importing database generated by Tang Dynasty, V5.6.59063.
RUN-1001 : Database version number 46140.
RUN-1001 : Import flow parameters
RUN-1001 : Import timing constraints
RUN-1001 : Import IO constraints
RUN-1001 : Import Inst constraints
RUN-1001 : Import design success TD_VERSION=5.6.59063 , DB_VERSION=46140
RUN-1002 : start command "read_sdc"
USR-1002 : read_sdc file_name -help -h -eco
USR-1009 : NO module with IP_SDC ...
RUN-1104 : Import SDC file  finished, there are 0 nets kept by constraints.
RUN-1002 : start command "place"
RUN-1001 : Open license file E:/Anlogic/TD5.6.59063/license/Anlogic.lic
RUN-1001 : Print Global Property
RUN-1001 : ---------------------------------------------------------------
RUN-1001 :        Parameters        |  Settings  |  Default Values  |  Note  
RUN-1001 : ---------------------------------------------------------------
RUN-1001 :          message         |  standard  |     standard     |        
RUN-1001 :   mixed_pack_place_flow  |     on     |        on        |        
RUN-1001 :        qor_monitor       |    off     |       off        |        
RUN-1001 :        syn_ip_flow       |    off     |       off        |        
RUN-1001 :          thread          |    auto    |       auto       |        
RUN-1001 : ---------------------------------------------------------------
RUN-1001 : Print Place Property
RUN-1001 : --------------------------------------------------------------
RUN-1001 :        Parameters       |  Settings  |  Default Values  |  Note  
RUN-1001 : --------------------------------------------------------------
RUN-1001 :      detailed_place     |     on     |        on        |        
RUN-1001 :          effort         |   medium   |      medium      |        
RUN-1001 :         fix_hold        |    off     |       off        |        
RUN-1001 :       legalization      |    ori     |       ori        |        
RUN-1001 :      new_spreading      |     on     |        on        |        
RUN-1001 :        opt_timing       |   medium   |      medium      |        
RUN-1001 :   post_clock_route_opt  |    off     |       off        |        
RUN-1001 :       pr_strategy       |     1      |        1         |        
RUN-1001 :        relaxation       |    1.00    |       1.00       |        
RUN-1001 :         retiming        |    off     |       off        |        
RUN-1001 : --------------------------------------------------------------
PHY-3001 : Placer runs in 16 thread(s).
RUN-1002 : start command "legalize_phy_inst"
SYN-1011 : Flatten model keyboard_instance
SYN-5055 WARNING: The kept net U5/data[11] will be merged to another kept net _al_n0
SYN-5055 WARNING: The kept net U5/data[10] will be merged to another kept net _al_n0
SYN-5055 WARNING: The kept net U5/data[9] will be merged to another kept net _al_n1
SYN-5055 WARNING: The kept net U5/data[8] will be merged to another kept net _al_n1
SYN-5055 WARNING: The kept net U5/data[7] will be merged to another kept net _al_n0
SYN-5055 WARNING: The kept net U5/data[6] will be merged to another kept net _al_n0
SYN-5055 WARNING: The kept net U5/data[5] will be merged to another kept net _al_n1
SYN-5055 WARNING: The kept net U5/data[4] will be merged to another kept net _al_n1
RUN-1002 : start command "phys_opt -simplify_lut"
SYN-4024 : Net "clk_50M_dup_1" drives clk pins.
SYN-4024 : Net "U1/scan_clk" drives clk pins.
SYN-4024 : Net "U5/SingleNum_n" drives clk pins.
SYN-4025 : Tag rtl::Net U1/scan_clk as clock net
SYN-4025 : Tag rtl::Net U5/SingleNum_n as clock net
SYN-4025 : Tag rtl::Net clk_50M_dup_1 as clock net
SYN-4026 : Tagged 3 rtl::Net as clock net
SYN-4015 : Create BUFG instance for clk Net U1/scan_clk to drive 20 clock pins.
SYN-4015 : Create BUFG instance for clk Net U5/SingleNum_n to drive 4 clock pins.
PHY-1001 : Populate physical database on model keyboard_instance.
RUN-1001 : There are total 284 instances
RUN-0007 : 114 luts, 117 seqs, 10 mslices, 15 lslices, 23 pads, 0 brams, 0 dsps
RUN-1001 : There are total 354 nets
RUN-1001 : 212 nets have 2 pins
RUN-1001 : 117 nets have [3 - 5] pins
RUN-1001 : 17 nets have [6 - 10] pins
RUN-1001 : 3 nets have [11 - 20] pins
RUN-1001 : 3 nets have [21 - 99] pins
RUN-1001 : 2 nets have 100+ pins
RUN-1001 : Report Control nets information:
RUN-1001 : DFF Distribution
RUN-1001 : ----------------------------------
RUN-1001 :   CE   |  SSR  |  ASR  |  DFF Count  
RUN-1001 : ----------------------------------
RUN-1001 :   No   |  No   |  No   |     65      
RUN-1001 :   No   |  No   |  Yes  |     20      
RUN-1001 :   No   |  Yes  |  No   |      0      
RUN-1001 :   Yes  |  No   |  No   |      0      
RUN-1001 :   Yes  |  No   |  Yes  |     32      
RUN-1001 :   Yes  |  Yes  |  No   |      0      
RUN-1001 : ----------------------------------
RUN-0007 : Control Group Statistic
RUN-0007 : ---------------------------
RUN-0007 :   #CLK  |  #CE  |  #SSR/ASR  
RUN-0007 : ---------------------------
RUN-0007 :    3    |   2   |     2      
RUN-0007 : ---------------------------
RUN-0007 : Control Set = 5
PHY-3001 : Initial placement ...
PHY-3001 : design contains 282 instances, 114 luts, 117 seqs, 25 slices, 3 macros(25 instances: 10 mslices 15 lslices)
PHY-0007 : Cell area utilization is 0%
PHY-3001 : Start timing update ...
RUN-1002 : start command "start_timer -report"
TMR-2505 : Start building timing graph for model keyboard_instance.
TMR-2506 : Build timing graph completely. Port num: 7, tpin num: 1194, tnet num: 352, tinst num: 282, tnode num: 1537, tedge num: 1894.
TMR-2508 : Levelizing timing graph completed, there are 21 levels in total.
TMR-2501 : Timing graph initialized successfully.
TMR-2503 : Start to update net delay, extr mode = 2.
TMR-2504 : Update delay of 352 nets completely.
TMR-2502 : Annotate delay completely, extr mode = 2.
TMR-3001 : Initiate 0 clocks from SDC.
TMR-3004 : Map sdc constraints, there are 0 constraints in total.
TMR-3003 : Constraints initiated successfully.
TMR-3501 : Forward propagation: start to calculate arrival time...
TMR-3502 : Backward propagation: start to calculate required time...
TMR-3503 : Timing propagation completes.
PHY-3001 : End timing update;  0.118511s wall, 0.046875s user + 0.000000s system = 0.046875s CPU (39.6%)

PHY-3001 : Global placement ...
PHY-3001 : Initial: Len = 71558.8
PHY-3001 : Clustering ...
PHY-3001 : Level 0 #clusters 282.
PHY-3001 : End clustering;  0.000015s wall, 0.000000s user + 0.000000s system = 0.000000s CPU (n/a%)

PHY-3001 : Run with size of 4
PHY-3001 : Cell area utilization is 0%
PHY-3001 : :::0::: Try harder cell spreading with beta_ = 0
PHY-3002 : Step(1): len = 45355.6, overlap = 0
PHY-3002 : Step(2): len = 30026.7, overlap = 0
PHY-3002 : Step(3): len = 23269, overlap = 0
PHY-3002 : Step(4): len = 19277.3, overlap = 0
PHY-3002 : Step(5): len = 16543.7, overlap = 0
PHY-3002 : Step(6): len = 15736.2, overlap = 0
PHY-3002 : Step(7): len = 15701.1, overlap = 0
PHY-3002 : Step(8): len = 14481.7, overlap = 0
PHY-3002 : Step(9): len = 14168, overlap = 0
PHY-3002 : Step(10): len = 13992.1, overlap = 0
PHY-3002 : Step(11): len = 12711.5, overlap = 0
PHY-3002 : Step(12): len = 11691.3, overlap = 0
PHY-3002 : Step(13): len = 11140.3, overlap = 0
PHY-3002 : Step(14): len = 10792.3, overlap = 0
PHY-3002 : Step(15): len = 10537.8, overlap = 0
PHY-3002 : Step(16): len = 10207.2, overlap = 0
PHY-3002 : Step(17): len = 9073, overlap = 0
PHY-3002 : Step(18): len = 8611.6, overlap = 0
PHY-3002 : Step(19): len = 8350.3, overlap = 0
PHY-3002 : Step(20): len = 8318.2, overlap = 0
PHY-3002 : Step(21): len = 7745.4, overlap = 0
PHY-3002 : Step(22): len = 7830.3, overlap = 0
PHY-3002 : Step(23): len = 7526.8, overlap = 0
PHY-3002 : Step(24): len = 7441.8, overlap = 0
PHY-3002 : Step(25): len = 7424.1, overlap = 0
PHY-3002 : Step(26): len = 7342.2, overlap = 0
PHY-3002 : Step(27): len = 6771, overlap = 0
PHY-3002 : Step(28): len = 6780.7, overlap = 0
PHY-3002 : Step(29): len = 6679.3, overlap = 0
PHY-3002 : Step(30): len = 6821.9, overlap = 0
PHY-3002 : Step(31): len = 6385.8, overlap = 0
PHY-3002 : Step(32): len = 6505.4, overlap = 0
PHY-3002 : Step(33): len = 6568, overlap = 0
PHY-3002 : Step(34): len = 6738, overlap = 0
PHY-3002 : Step(35): len = 6394, overlap = 0
PHY-3002 : Step(36): len = 6507.8, overlap = 0
PHY-3002 : Step(37): len = 6198.1, overlap = 0
PHY-3002 : Step(38): len = 6387.4, overlap = 0
PHY-3002 : Step(39): len = 5988.1, overlap = 0
PHY-3002 : Step(40): len = 5701, overlap = 0
PHY-3002 : Step(41): len = 5835.3, overlap = 0
PHY-3002 : Step(42): len = 5326.4, overlap = 0
PHY-3002 : Step(43): len = 5389.6, overlap = 0
PHY-3002 : Step(44): len = 5503.4, overlap = 0
PHY-3002 : Step(45): len = 4702.1, overlap = 0
PHY-3002 : Step(46): len = 4810.2, overlap = 0
PHY-3002 : Step(47): len = 4918.8, overlap = 0
PHY-3002 : Step(48): len = 4711.5, overlap = 0
PHY-3002 : Step(49): len = 4641.5, overlap = 0
PHY-3002 : Step(50): len = 4838.3, overlap = 0
PHY-3002 : Step(51): len = 4957.2, overlap = 0
PHY-3002 : Step(52): len = 4180.6, overlap = 0
PHY-3002 : Step(53): len = 4248.1, overlap = 0
PHY-3002 : Step(54): len = 4393.9, overlap = 0
PHY-3001 : Legalization ...
PHY-3001 : End legalization;  0.004656s wall, 0.000000s user + 0.000000s system = 0.000000s CPU (n/a%)

PHY-3001 : Run with size of 4
PHY-3001 : Cell area utilization is 1%
PHY-3001 : Update timing in Manhattan mode ...
TMR-2503 : Start to update net delay, extr mode = 3.
TMR-2504 : Update delay of 352 nets completely.
TMR-2502 : Annotate delay completely, extr mode = 3.
TMR-3501 : Forward propagation: start to calculate arrival time...
TMR-3502 : Backward propagation: start to calculate required time...
TMR-3503 : Timing propagation completes.
PHY-3001 : End timing update;  0.003837s wall, 0.000000s user + 0.000000s system = 0.000000s CPU (n/a%)

PHY-3001 : :::0::: Try harder cell spreading with beta_ = 0
PHY-3002 : Step(55): len = 3841.3, overlap = 0
PHY-3002 : Step(56): len = 3885.8, overlap = 0
PHY-3002 : Step(57): len = 3885.8, overlap = 0
PHY-3001 : Run with size of 2
PHY-3001 : Cell area utilization is 1%
PHY-3001 : Update timing in Manhattan mode ...
TMR-2503 : Start to update net delay, extr mode = 3.
TMR-2504 : Update delay of 352 nets completely.
TMR-2502 : Annotate delay completely, extr mode = 3.
TMR-3501 : Forward propagation: start to calculate arrival time...
TMR-3502 : Backward propagation: start to calculate required time...
TMR-3503 : Timing propagation completes.
PHY-3001 : End timing update;  0.004148s wall, 0.000000s user + 0.000000s system = 0.000000s CPU (n/a%)

PHY-3001 : :::0::: Try harder cell spreading with beta_ = 0.000160849
PHY-3002 : Step(58): len = 3955.6, overlap = 4.90625
PHY-3002 : Step(59): len = 3955.6, overlap = 4.90625
PHY-3002 : Step(60): len = 3826.3, overlap = 5.21875
PHY-3001 : :::1::: Try harder cell spreading with beta_ = 0.000321697
PHY-3002 : Step(61): len = 3918.3, overlap = 5.15625
PHY-3002 : Step(62): len = 3949, overlap = 5.0625
PHY-3001 : :::2::: Try harder cell spreading with beta_ = 0.000643395
PHY-3002 : Step(63): len = 3815, overlap = 5.15625
PHY-3002 : Step(64): len = 3832.7, overlap = 5.15625
OPT-1001 : Start physical optimization ...
RUN-1002 : start command "start_timer -report"
TMR-2505 : Start building timing graph for model keyboard_instance.
TMR-2506 : Build timing graph completely. Port num: 7, tpin num: 1194, tnet num: 352, tinst num: 282, tnode num: 1537, tedge num: 1894.
TMR-2508 : Levelizing timing graph completed, there are 21 levels in total.
TMR-2501 : Timing graph initialized successfully.
OPT-1001 : Total overflow 15.94 peak overflow 3.47
OPT-1001 : Start high-fanout net optimization ...
OPT-1001 : Update timing in global mode
PHY-1001 : Start incremental global routing, caller is place ...
RUN-1001 : Generating global routing grids ...
RUN-1001 : Building simple global routing graph ...
PHY-1001 : Generate routing nets ...
PHY-1001 : Reuse net number 0/354.
PHY-1001 : Global iterations in 16 thread ...
PHY-1002 : len = 3960, over cnt = 16(0%), over = 71, worst = 10
PHY-1001 : End global iterations;  0.024830s wall, 0.000000s user + 0.000000s system = 0.000000s CPU (n/a%)

PHY-1001 : Congestion index: top1 = 10.78, top5 = 3.03, top10 = 1.51, top15 = 1.01.
PHY-1001 : End incremental global routing;  0.072696s wall, 0.000000s user + 0.000000s system = 0.000000s CPU (n/a%)

TMR-2503 : Start to update net delay, extr mode = 5.
TMR-2504 : Update delay of 352 nets completely.
TMR-2502 : Annotate delay completely, extr mode = 5.
TMR-3001 : Initiate 0 clocks from SDC.
TMR-3004 : Map sdc constraints, there are 0 constraints in total.
TMR-3003 : Constraints initiated successfully.
TMR-3501 : Forward propagation: start to calculate arrival time...
TMR-3502 : Backward propagation: start to calculate required time...
TMR-3503 : Timing propagation completes.
OPT-1001 : End timing update;  0.004530s wall, 0.000000s user + 0.000000s system = 0.000000s CPU (n/a%)

OPT-1001 : 0 high-fanout net processed.
OPT-1001 : End high-fanout net optimization;  0.080145s wall, 0.000000s user + 0.000000s system = 0.000000s CPU (n/a%)

OPT-1001 : Current memory(MB): used = 141, reserve = 111, peak = 141.
OPT-1001 : Start global optimization ...
OPT-1001 : Start congestion update ...
RUN-1001 : Generating global routing grids ...
PHY-1001 : Generate routing nets ...
PHY-1001 : Reuse net number 151/354.
PHY-1001 : Global iterations in 16 thread ...
PHY-1002 : len = 3960, over cnt = 16(0%), over = 71, worst = 10
PHY-1002 : len = 4632, over cnt = 8(0%), over = 10, worst = 2
PHY-1002 : len = 4696, over cnt = 2(0%), over = 2, worst = 1
PHY-1002 : len = 4728, over cnt = 0(0%), over = 0, worst = 0
PHY-1001 : End global iterations;  0.017340s wall, 0.000000s user + 0.000000s system = 0.000000s CPU (n/a%)

PHY-1001 : Congestion index: top1 = 11.35, top5 = 3.42, top10 = 1.70, top15 = 1.14.
OPT-1001 : End congestion update;  0.063728s wall, 0.000000s user + 0.000000s system = 0.000000s CPU (n/a%)

OPT-1001 : Update timing in Manhattan mode
TMR-2503 : Start to update net delay, extr mode = 3.
TMR-2504 : Update delay of 352 nets completely.
TMR-2502 : Annotate delay completely, extr mode = 3.
TMR-3501 : Forward propagation: start to calculate arrival time...
TMR-3502 : Backward propagation: start to calculate required time...
TMR-3503 : Timing propagation completes.
OPT-1001 : End timing update;  0.004241s wall, 0.000000s user + 0.000000s system = 0.000000s CPU (n/a%)

OPT-0007 : Start: WNS 2147483647 TNS 0 NUM_FEPS 0
OPT-1001 : End global optimization;  0.068059s wall, 0.000000s user + 0.000000s system = 0.000000s CPU (n/a%)

OPT-1001 : Current memory(MB): used = 141, reserve = 111, peak = 141.
OPT-1001 : End physical optimization;  0.319271s wall, 0.015625s user + 0.000000s system = 0.015625s CPU (4.9%)

PHY-3001 : Start packing ...
SYN-4007 : Packing 0 MUX to BLE ...
SYN-4008 : Packed 0 MUX and 0 SEQ to BLE.
SYN-4007 : Packing 114 LUT to BLE ...
SYN-4008 : Packed 114 LUT and 43 SEQ to BLE.
SYN-4003 : Packing 74 remaining SEQ's ...
SYN-4005 : Packed 48 SEQ with LUT/SLICE
SYN-4006 : 27 single LUT's are left
SYN-4006 : 26 single SEQ's are left
SYN-4011 : Packing model "keyboard_instance" (AL_USER_NORMAL) with 140/193 primitive instances ...
PHY-3001 : End packing;  0.009038s wall, 0.000000s user + 0.000000s system = 0.000000s CPU (n/a%)

PHY-1001 : Populate physical database on model keyboard_instance.
RUN-1001 : There are total 128 instances
RUN-1001 : 50 mslices, 50 lslices, 23 pads, 0 brams, 0 dsps
RUN-1001 : There are total 315 nets
RUN-1001 : 177 nets have 2 pins
RUN-1001 : 111 nets have [3 - 5] pins
RUN-1001 : 19 nets have [6 - 10] pins
RUN-1001 : 4 nets have [11 - 20] pins
RUN-1001 : 3 nets have [21 - 99] pins
RUN-1001 : 1 nets have 100+ pins
PHY-3001 : design contains 126 instances, 100 slices, 3 macros(25 instances: 10 mslices 15 lslices)
PHY-3001 : Cell area utilization is 1%
PHY-3001 : After packing: Len = 4324, Over = 6.25
PHY-3001 : Run with size of 2
PHY-3001 : Cell area utilization is 1%
PHY-3001 : Update timing in Manhattan mode ...
RUN-1002 : start command "start_timer -report"
TMR-2505 : Start building timing graph for model keyboard_instance.
TMR-2506 : Build timing graph completely. Port num: 7, tpin num: 1029, tnet num: 313, tinst num: 126, tnode num: 1281, tedge num: 1707.
TMR-2508 : Levelizing timing graph completed, there are 21 levels in total.
TMR-2501 : Timing graph initialized successfully.
TMR-2503 : Start to update net delay, extr mode = 3.
TMR-2504 : Update delay of 313 nets completely.
TMR-2502 : Annotate delay completely, extr mode = 3.
TMR-3001 : Initiate 0 clocks from SDC.
TMR-3004 : Map sdc constraints, there are 0 constraints in total.
TMR-3003 : Constraints initiated successfully.
TMR-3501 : Forward propagation: start to calculate arrival time...
TMR-3502 : Backward propagation: start to calculate required time...
TMR-3503 : Timing propagation completes.
PHY-3001 : End timing update;  0.121290s wall, 0.015625s user + 0.000000s system = 0.015625s CPU (12.9%)

PHY-3001 : :::0::: Try harder cell spreading with beta_ = 6.91634e-05
PHY-3002 : Step(65): len = 4212.1, overlap = 6
PHY-3002 : Step(66): len = 4246.6, overlap = 5.75
PHY-3002 : Step(67): len = 4216.2, overlap = 5.75
PHY-3001 : :::1::: Try harder cell spreading with beta_ = 0.000138327
PHY-3002 : Step(68): len = 4132.9, overlap = 5.75
PHY-3002 : Step(69): len = 4136.2, overlap = 5.75
PHY-3002 : Step(70): len = 4131, overlap = 5.25
PHY-3001 : :::2::: Try harder cell spreading with beta_ = 0.000276654
PHY-3002 : Step(71): len = 4156.8, overlap = 5.5
PHY-3002 : Step(72): len = 4163.4, overlap = 5.25
PHY-3002 : Step(73): len = 4157.2, overlap = 5.25
PHY-3001 : Legalization ...
PHY-3001 : End legalization;  0.056190s wall, 0.000000s user + 0.000000s system = 0.000000s CPU (n/a%)

PHY-3001 : Trial Legalized: Len = 7303.7
PHY-3001 : Run with size of 2
PHY-3001 : Cell area utilization is 1%
PHY-3001 : Update timing in Manhattan mode ...
TMR-2503 : Start to update net delay, extr mode = 3.
TMR-2504 : Update delay of 313 nets completely.
TMR-2502 : Annotate delay completely, extr mode = 3.
TMR-3501 : Forward propagation: start to calculate arrival time...
TMR-3502 : Backward propagation: start to calculate required time...
TMR-3503 : Timing propagation completes.
PHY-3001 : End timing update;  0.003520s wall, 0.000000s user + 0.000000s system = 0.000000s CPU (n/a%)

PHY-3001 : :::0::: Try harder cell spreading with beta_ = 0
PHY-3002 : Step(74): len = 5224.1, overlap = 0.75
PHY-3002 : Step(75): len = 4447.4, overlap = 0.75
PHY-3002 : Step(76): len = 4203.4, overlap = 3.25
PHY-3002 : Step(77): len = 4033.5, overlap = 5
PHY-3002 : Step(78): len = 3895.1, overlap = 6
PHY-3002 : Step(79): len = 3777.5, overlap = 5.75
PHY-3001 : :::1::: Try harder cell spreading with beta_ = 5.7576e-05
PHY-3002 : Step(80): len = 3867.3, overlap = 4.5
PHY-3002 : Step(81): len = 3918.3, overlap = 4.5
PHY-3002 : Step(82): len = 3898.3, overlap = 4.25
PHY-3001 : :::2::: Try harder cell spreading with beta_ = 0.000115152
PHY-3002 : Step(83): len = 3811.6, overlap = 4.5
PHY-3002 : Step(84): len = 3811.6, overlap = 4.5
PHY-3001 : Legalization ...
PHY-3001 : End legalization;  0.008084s wall, 0.000000s user + 0.000000s system = 0.000000s CPU (n/a%)

PHY-3001 : Legalized: Len = 5680.2, Over = 0
PHY-3001 : End spreading;  0.002193s wall, 0.000000s user + 0.000000s system = 0.000000s CPU (n/a%)

PHY-3001 : Final: Len = 5680.2, Over = 0
OPT-1001 : Start physical optimization ...
RUN-1002 : start command "start_timer -report"
TMR-2505 : Start building timing graph for model keyboard_instance.
TMR-2506 : Build timing graph completely. Port num: 7, tpin num: 1029, tnet num: 313, tinst num: 126, tnode num: 1281, tedge num: 1707.
TMR-2508 : Levelizing timing graph completed, there are 21 levels in total.
TMR-2501 : Timing graph initialized successfully.
OPT-1001 : Total overflow 0.00 peak overflow 0.00
OPT-1001 : Start high-fanout net optimization ...
OPT-1001 : Update timing in global mode
PHY-1001 : Start incremental global routing, caller is place ...
RUN-1001 : Generating global routing grids ...
PHY-1001 : Generate routing nets ...
PHY-1001 : Reuse net number 9/315.
PHY-1001 : Global iterations in 16 thread ...
PHY-1002 : len = 6064, over cnt = 15(0%), over = 26, worst = 4
PHY-1002 : len = 6216, over cnt = 7(0%), over = 9, worst = 2
PHY-1002 : len = 6296, over cnt = 4(0%), over = 4, worst = 1
PHY-1002 : len = 6352, over cnt = 0(0%), over = 0, worst = 0
PHY-1001 : End global iterations;  0.041309s wall, 0.015625s user + 0.000000s system = 0.015625s CPU (37.8%)

PHY-1001 : Congestion index: top1 = 14.85, top5 = 4.81, top10 = 2.40, top15 = 1.60.
PHY-1001 : End incremental global routing;  0.078632s wall, 0.031250s user + 0.000000s system = 0.031250s CPU (39.7%)

TMR-2503 : Start to update net delay, extr mode = 5.
TMR-2504 : Update delay of 313 nets completely.
TMR-2502 : Annotate delay completely, extr mode = 5.
TMR-3001 : Initiate 0 clocks from SDC.
TMR-3004 : Map sdc constraints, there are 0 constraints in total.
TMR-3003 : Constraints initiated successfully.
TMR-3501 : Forward propagation: start to calculate arrival time...
TMR-3502 : Backward propagation: start to calculate required time...
TMR-3503 : Timing propagation completes.
OPT-1001 : End timing update;  0.004386s wall, 0.000000s user + 0.000000s system = 0.000000s CPU (n/a%)

OPT-1001 : 0 high-fanout net processed.
OPT-1001 : End high-fanout net optimization;  0.086156s wall, 0.031250s user + 0.000000s system = 0.031250s CPU (36.3%)

OPT-1001 : Current memory(MB): used = 142, reserve = 112, peak = 143.
OPT-1001 : Start path based optimization ...
OPT-1001 : Start congestion update ...
RUN-1001 : Generating global routing grids ...
PHY-1001 : Generate routing nets ...
PHY-1001 : Reuse net number 220/315.
PHY-1001 : Global iterations in 16 thread ...
PHY-1002 : len = 6352, over cnt = 0(0%), over = 0, worst = 0
PHY-1001 : End global iterations;  0.001379s wall, 0.000000s user + 0.000000s system = 0.000000s CPU (n/a%)

PHY-1001 : Congestion index: top1 = 14.85, top5 = 4.81, top10 = 2.40, top15 = 1.60.
OPT-1001 : End congestion update;  0.044305s wall, 0.015625s user + 0.015625s system = 0.031250s CPU (70.5%)

OPT-1001 : Update timing in Manhattan mode
TMR-2503 : Start to update net delay, extr mode = 3.
TMR-2504 : Update delay of 313 nets completely.
TMR-2502 : Annotate delay completely, extr mode = 3.
TMR-3501 : Forward propagation: start to calculate arrival time...
TMR-3502 : Backward propagation: start to calculate required time...
TMR-3503 : Timing propagation completes.
OPT-1001 : End timing update;  0.004832s wall, 0.000000s user + 0.000000s system = 0.000000s CPU (n/a%)

OPT-0007 : Start: WNS 2147483647 TNS 0 NUM_FEPS 0
OPT-1001 : End path based optimization;  0.049257s wall, 0.015625s user + 0.015625s system = 0.031250s CPU (63.4%)

OPT-1001 : Current memory(MB): used = 142, reserve = 112, peak = 143.
OPT-1001 : Update timing in Manhattan mode
TMR-2503 : Start to update net delay, extr mode = 3.
TMR-2504 : Update delay of 313 nets completely.
TMR-2502 : Annotate delay completely, extr mode = 3.
TMR-3501 : Forward propagation: start to calculate arrival time...
TMR-3502 : Backward propagation: start to calculate required time...
TMR-3503 : Timing propagation completes.
OPT-1001 : End timing update;  0.004199s wall, 0.000000s user + 0.000000s system = 0.000000s CPU (n/a%)

OPT-1001 : Start pin optimization...
OPT-1001 : skip pin optimization...
OPT-1001 : Update timing in global mode
PHY-1001 : Start incremental global routing, caller is place ...
RUN-1001 : Generating global routing grids ...
PHY-1001 : Generate routing nets ...
PHY-1001 : Reuse net number 220/315.
PHY-1001 : Global iterations in 16 thread ...
PHY-1002 : len = 6352, over cnt = 0(0%), over = 0, worst = 0
PHY-1001 : End global iterations;  0.001283s wall, 0.000000s user + 0.000000s system = 0.000000s CPU (n/a%)

PHY-1001 : Congestion index: top1 = 14.85, top5 = 4.81, top10 = 2.40, top15 = 1.60.
PHY-1001 : End incremental global routing;  0.042398s wall, 0.015625s user + 0.000000s system = 0.015625s CPU (36.9%)

TMR-2503 : Start to update net delay, extr mode = 5.
TMR-2504 : Update delay of 313 nets completely.
TMR-2502 : Annotate delay completely, extr mode = 5.
TMR-3501 : Forward propagation: start to calculate arrival time...
TMR-3502 : Backward propagation: start to calculate required time...
TMR-3503 : Timing propagation completes.
OPT-1001 : End timing update;  0.004145s wall, 0.000000s user + 0.000000s system = 0.000000s CPU (n/a%)

RUN-1001 : Generating global routing grids ...
PHY-1001 : Generate routing nets ...
PHY-1001 : Reuse net number 220/315.
PHY-1001 : Global iterations in 16 thread ...
PHY-1002 : len = 6352, over cnt = 0(0%), over = 0, worst = 0
PHY-1001 : End global iterations;  0.001108s wall, 0.000000s user + 0.000000s system = 0.000000s CPU (n/a%)

PHY-1001 : Congestion index: top1 = 14.85, top5 = 4.81, top10 = 2.40, top15 = 1.60.
OPT-1001 : Update timing in Manhattan mode
TMR-2503 : Start to update net delay, extr mode = 3.
TMR-2504 : Update delay of 313 nets completely.
TMR-2502 : Annotate delay completely, extr mode = 3.
TMR-3501 : Forward propagation: start to calculate arrival time...
TMR-3502 : Backward propagation: start to calculate required time...
TMR-3503 : Timing propagation completes.
OPT-1001 : End timing update;  0.004156s wall, 0.000000s user + 0.000000s system = 0.000000s CPU (n/a%)

RUN-1001 : QoR Analysis:
OPT-0007 :   WNS 2147483647 TNS 0 NUM_FEPS 0
RUN-1001 :   No local congestion issue, and most congested 1% tile average routing util is 14.448276
RUN-1001 :   Top critical paths
OPT-1001 : End physical optimization;  0.396426s wall, 0.109375s user + 0.015625s system = 0.125000s CPU (31.5%)

RUN-1003 : finish command "place" in  2.987632s wall, 0.421875s user + 0.328125s system = 0.750000s CPU (25.1%)

RUN-1004 : used memory is 129 MB, reserved memory is 100 MB, peak memory is 143 MB
RUN-1002 : start command "export_db keyboard_place.db"
RUN-1001 : Exported /
RUN-1001 : Exported flow parameters
RUN-1001 : Exported libs
RUN-1001 : Exported entities
RUN-1001 : Exported ports
RUN-1001 : Exported pins
RUN-1001 : Exported instances
RUN-1001 : Exported nets
RUN-1001 : Exported buses
RUN-1001 : Exported models
RUN-1001 : Exported congestions
RUN-1001 : Exported violations
RUN-1001 : Exported timing constraints
RUN-1001 : Exported IO constraints
RUN-1001 : Exported Inst constraints
RUN-1002 : start command "route"
RUN-1001 : Open license file E:/Anlogic/TD5.6.59063/license/Anlogic.lic
RUN-1001 : Print Global Property
RUN-1001 : ---------------------------------------------------------------
RUN-1001 :        Parameters        |  Settings  |  Default Values  |  Note  
RUN-1001 : ---------------------------------------------------------------
RUN-1001 :          message         |  standard  |     standard     |        
RUN-1001 :   mixed_pack_place_flow  |     on     |        on        |        
RUN-1001 :        qor_monitor       |    off     |       off        |        
RUN-1001 :        syn_ip_flow       |    off     |       off        |        
RUN-1001 :          thread          |    auto    |       auto       |        
RUN-1001 : ---------------------------------------------------------------
RUN-1001 : Print Route Property
RUN-1001 : -------------------------------------------------------
RUN-1001 :    Parameters    |  Settings  |  Default Values  |  Note  
RUN-1001 : -------------------------------------------------------
RUN-1001 :      effort      |   medium   |      medium      |        
RUN-1001 :     fix_hold     |    off     |       off        |        
RUN-1001 :    opt_timing    |   medium   |      medium      |        
RUN-1001 :   phy_sim_model  |    off     |       off        |        
RUN-1001 :     priority     |   timing   |      timing      |        
RUN-1001 :     swap_pin     |     on     |        on        |        
RUN-1001 : -------------------------------------------------------
PHY-1001 : Route runs in 16 thread(s)
RUN-1001 : There are total 128 instances
RUN-1001 : 50 mslices, 50 lslices, 23 pads, 0 brams, 0 dsps
RUN-1001 : There are total 315 nets
RUN-1001 : 177 nets have 2 pins
RUN-1001 : 111 nets have [3 - 5] pins
RUN-1001 : 19 nets have [6 - 10] pins
RUN-1001 : 4 nets have [11 - 20] pins
RUN-1001 : 3 nets have [21 - 99] pins
RUN-1001 : 1 nets have 100+ pins
RUN-1002 : start command "start_timer -report"
TMR-2505 : Start building timing graph for model keyboard_instance.
TMR-2506 : Build timing graph completely. Port num: 7, tpin num: 1029, tnet num: 313, tinst num: 126, tnode num: 1281, tedge num: 1707.
TMR-2508 : Levelizing timing graph completed, there are 21 levels in total.
TMR-2501 : Timing graph initialized successfully.
PHY-1001 : 50 mslices, 50 lslices, 23 pads, 0 brams, 0 dsps
TMR-2503 : Start to update net delay, extr mode = 3.
TMR-2504 : Update delay of 313 nets completely.
TMR-2502 : Annotate delay completely, extr mode = 3.
TMR-3001 : Initiate 0 clocks from SDC.
TMR-3004 : Map sdc constraints, there are 0 constraints in total.
TMR-3003 : Constraints initiated successfully.
TMR-3501 : Forward propagation: start to calculate arrival time...
TMR-3502 : Backward propagation: start to calculate required time...
TMR-3503 : Timing propagation completes.
PHY-1001 : Start global routing, caller is route ...
RUN-1001 : Generating global routing grids ...
PHY-1001 : Generate routing nets ...
PHY-1001 : Global iterations in 16 thread ...
PHY-1002 : len = 5984, over cnt = 15(0%), over = 27, worst = 4
PHY-1002 : len = 6144, over cnt = 7(0%), over = 10, worst = 3
PHY-1002 : len = 6296, over cnt = 0(0%), over = 0, worst = 0
PHY-1001 : End global iterations;  0.033871s wall, 0.000000s user + 0.000000s system = 0.000000s CPU (n/a%)

PHY-1001 : Congestion index: top1 = 14.78, top5 = 4.73, top10 = 2.36, top15 = 1.57.
PHY-1001 : End global routing;  0.071849s wall, 0.046875s user + 0.000000s system = 0.046875s CPU (65.2%)

PHY-1001 : Start detail routing ...
PHY-1001 : Current memory(MB): used = 162, reserve = 132, peak = 177.
PHY-1001 : Detailed router is running in normal mode.
PHY-1001 : Generate detailed routing grids ...
PHY-1001 : Generate nets ...
PHY-1001 : net clk_50M_dup_1 will be routed on clock mesh
PHY-1001 : clock net U5/SingleNum_n_syn_3 will be merged with clock U5/SingleNum_n
PHY-1001 : clock net U1/scan_clk_syn_4 will be merged with clock U1/scan_clk
PHY-1001 : Current memory(MB): used = 430, reserve = 404, peak = 430.
PHY-1001 : End build detailed router design. 4.080667s wall, 1.984375s user + 0.031250s system = 2.015625s CPU (49.4%)

PHY-1001 : Detail Route ...
PHY-1001 : ===== Detail Route Phase 1 =====
PHY-1001 : Clock net routing.....
PHY-1001 : Routed 0% nets.
PHY-1022 : len = 6288, over cnt = 0(0%), over = 0, worst = 0, crit = 0
PHY-1001 : End initial clock net routed; 0.615818s wall, 0.234375s user + 0.000000s system = 0.234375s CPU (38.1%)

PHY-1001 : Current memory(MB): used = 459, reserve = 435, peak = 459.
PHY-1001 : End phase 1; 0.622460s wall, 0.234375s user + 0.000000s system = 0.234375s CPU (37.7%)

PHY-1001 : ===== Detail Route Phase 2 =====
PHY-1001 : Initial routing.....
PHY-1001 : Routed 33% nets.
PHY-1001 : Routed 34% nets.
PHY-1001 : Patch 157 net; 0.052229s wall, 0.015625s user + 0.000000s system = 0.015625s CPU (29.9%)

PHY-1022 : len = 16240, over cnt = 13(0%), over = 13, worst = 1, crit = 0
PHY-1001 : Current memory(MB): used = 459, reserve = 435, peak = 460.
PHY-1001 : End initial routed; 0.073261s wall, 0.015625s user + 0.000000s system = 0.015625s CPU (21.3%)

PHY-1001 : Update timing.....
PHY-1001 : 0/268(0%) critical/total net(s).
RUN-1001 : ------------------------------------------
RUN-1001 :   Type   |    WNS(ns)    |  TNS(ns)  |  FEP  
RUN-1001 : ------------------------------------------
RUN-1001 :   Setup  |  2147483.647  |   0.000   |   0   
RUN-1001 :   Hold   |  2147483.647  |   0.000   |   0   
RUN-1001 : ------------------------------------------
PHY-1001 : End update timing; 0.131545s wall, 0.078125s user + 0.000000s system = 0.078125s CPU (59.4%)

PHY-1001 : Current memory(MB): used = 460, reserve = 435, peak = 460.
PHY-1001 : End phase 2; 0.204908s wall, 0.093750s user + 0.015625s system = 0.109375s CPU (53.4%)

PHY-1001 : ===== Detail Route Phase 3 =====
PHY-1001 : Optimize timing.....
PHY-1022 : len = 16240, over cnt = 13(0%), over = 13, worst = 1, crit = 0
PHY-1001 : End optimize timing; 0.050546s wall, 0.000000s user + 0.000000s system = 0.000000s CPU (n/a%)

PHY-1001 : Ripup-reroute.....
PHY-1001 : ===== DR Iter 1 =====
PHY-1022 : len = 16336, over cnt = 3(0%), over = 3, worst = 1, crit = 0
PHY-1001 : End DR Iter 1; 0.015119s wall, 0.015625s user + 0.000000s system = 0.015625s CPU (103.3%)

PHY-1001 : ===== DR Iter 2 =====
PHY-1022 : len = 16368, over cnt = 0(0%), over = 0, worst = 0, crit = 0
PHY-1001 : End DR Iter 2; 0.011873s wall, 0.000000s user + 0.000000s system = 0.000000s CPU (n/a%)

PHY-1001 : Update timing.....
PHY-1001 : 0/268(0%) critical/total net(s).
RUN-1001 : ------------------------------------------
RUN-1001 :   Type   |    WNS(ns)    |  TNS(ns)  |  FEP  
RUN-1001 : ------------------------------------------
RUN-1001 :   Setup  |  2147483.647  |   0.000   |   0   
RUN-1001 :   Hold   |  2147483.647  |   0.000   |   0   
RUN-1001 : ------------------------------------------
PHY-1001 : End update timing; 0.162464s wall, 0.093750s user + 0.000000s system = 0.093750s CPU (57.7%)

PHY-1001 : Commit to database.....
PHY-1001 : 2 feed throughs used by 2 nets
PHY-1001 : End commit to database; 0.037170s wall, 0.015625s user + 0.000000s system = 0.015625s CPU (42.0%)

PHY-1001 : Current memory(MB): used = 470, reserve = 445, peak = 470.
PHY-1001 : End phase 3; 0.393717s wall, 0.187500s user + 0.000000s system = 0.187500s CPU (47.6%)

PHY-1003 : Routed, final wirelength = 16368
PHY-1001 : Current memory(MB): used = 470, reserve = 445, peak = 470.
PHY-1001 : End export database. 0.005175s wall, 0.000000s user + 0.000000s system = 0.000000s CPU (n/a%)

PHY-1001 : End detail routing;  5.524012s wall, 2.640625s user + 0.046875s system = 2.687500s CPU (48.7%)

RUN-1003 : finish command "route" in  5.775934s wall, 2.781250s user + 0.046875s system = 2.828125s CPU (49.0%)

RUN-1004 : used memory is 413 MB, reserved memory is 388 MB, peak memory is 470 MB
RUN-1002 : start command "report_area -io_info -file keyboard_phy.area"
RUN-1001 : standard
***Report Model: keyboard_instance Device: EG4S20BG256***

IO Statistics
#IO                        23
  #input                    6
  #output                  17
  #inout                    0

Utilization Statistics
#lut                      166   out of  19600    0.85%
#reg                      133   out of  19600    0.68%
#le                       192
  #lut only                59   out of    192   30.73%
  #reg only                26   out of    192   13.54%
  #lut&reg                107   out of    192   55.73%
#dsp                        0   out of     29    0.00%
#bram                       0   out of     64    0.00%
  #bram9k                   0
  #fifo9k                   0
#bram32k                    0   out of     16    0.00%
#pad                       23   out of    188   12.23%
  #ireg                     0
  #oreg                     0
  #treg                     0
#pll                        0   out of      4    0.00%
#gclk                       3   out of     16   18.75%

Clock Resource Statistics
Index     ClockNet          Type               DriverType         Driver                         Fanout
#1        clk_50M_dup_1     GCLK               io                 clk_50M_syn_2.di               59
#2        U1/scan_clk       GCLK               mslice             U1/scan_clk_reg_syn_9.q1       12
#3        U5/SingleNum_n    GCLK               mslice             DigitronCS_Out[3]_syn_13.f0    2


Detailed IO Report

        Name           Direction    Location    IOStandard    DriveStrength    PullType    PackReg  
        RSTn             INPUT         A9        LVCMOS33          N/A          PULLUP      NONE    
       clk_50M           INPUT         R7        LVCMOS33          N/A          PULLUP      NONE    
       col[3]            INPUT        F10        LVCMOS33          N/A          PULLUP      NONE    
       col[2]            INPUT        C11        LVCMOS33          N/A          PULLUP      NONE    
       col[1]            INPUT        D11        LVCMOS33          N/A          PULLUP      NONE    
       col[0]            INPUT        E11        LVCMOS33          N/A          PULLUP      NONE    
  DigitronCS_Out[3]     OUTPUT         A3        LVCMOS33           8            NONE       NONE    
  DigitronCS_Out[2]     OUTPUT         A5        LVCMOS33           8            NONE       NONE    
  DigitronCS_Out[1]     OUTPUT         B6        LVCMOS33           8            NONE       NONE    
  DigitronCS_Out[0]     OUTPUT         C9        LVCMOS33           8            NONE       NONE    
   Digitron_Out[7]      OUTPUT         C8        LVCMOS33           8            NONE       NONE    
   Digitron_Out[6]      OUTPUT         A8        LVCMOS33           8            NONE       NONE    
   Digitron_Out[5]      OUTPUT         B5        LVCMOS33           8            NONE       NONE    
   Digitron_Out[4]      OUTPUT         A7        LVCMOS33           8            NONE       NONE    
   Digitron_Out[3]      OUTPUT         E8        LVCMOS33           8            NONE       NONE    
   Digitron_Out[2]      OUTPUT         B8        LVCMOS33           8            NONE       NONE    
   Digitron_Out[1]      OUTPUT         A6        LVCMOS33           8            NONE       NONE    
   Digitron_Out[0]      OUTPUT         A4        LVCMOS33           8            NONE       NONE    
        light           OUTPUT        B14        LVCMOS33           8            NONE       NONE    
       row[3]           OUTPUT         D9        LVCMOS33           8            NONE       NONE    
       row[2]           OUTPUT         F9        LVCMOS33           8            NONE       NONE    
       row[1]           OUTPUT        C10        LVCMOS33           8            NONE       NONE    
       row[0]           OUTPUT        E10        LVCMOS33           8            NONE       NONE    

Report Hierarchy Area:
+-------------------------------------------------------------------------------------------+
|Instance |Module                      |le     |lut     |ripple  |seq     |bram    |dsp     |
+-------------------------------------------------------------------------------------------+
|top      |keyboard_instance           |192    |141     |25      |133     |0       |0       |
|  U1     |keyboard_scan               |71     |57      |9       |51      |0       |0       |
|  U2     |key_filter                  |59     |36      |6       |49      |0       |0       |
|  U3     |onehot2binary               |23     |19      |0       |13      |0       |0       |
|  U5     |Digitron_TimeDisplay_module |35     |25      |10      |20      |0       |0       |
+-------------------------------------------------------------------------------------------+


DataNet Average Fanout:

   Index     Fanout    Nets  
    #1         1       154   
    #2         2        88   
    #3         3        9    
    #4         4        13   
    #5        5-10      19   
    #6       11-50      4    
  Average     2.16           

RUN-1002 : start command "export_db keyboard_pr.db"
RUN-1001 : Exported /
RUN-1001 : Exported flow parameters
RUN-1001 : Exported libs
RUN-1001 : Exported entities
RUN-1001 : Exported ports
RUN-1001 : Exported pins
RUN-1001 : Exported instances
RUN-1001 : Exported nets
RUN-1001 : Exported buses
RUN-1001 : Exported models
RUN-1001 : Exported congestions
RUN-1001 : Exported violations
RUN-1001 : Exported timing constraints
RUN-1001 : Exported IO constraints
RUN-1001 : Exported Inst constraints
RUN-1002 : start command "export_bid keyboard_inst.bid"
RUN-1002 : start command "bitgen -bit keyboard.bit -unused_io_status pulldown"
BIT-1003 : Start to generate bitstream. 
BIT-1002 : Bitgen processed 165 unused pads, reserve input tri_state with pulldown
BIT-1002 : Init instances with 16 threads.
BIT-1002 : Init instances completely, inst num: 291
BIT-1002 : Init pips with 16 threads.
BIT-1002 : Init pips completely, net num: 315, pip num: 1904
BIT-1002 : Init feedthrough completely, num: 2
BIT-1003 : Multithreading accelaration with 16 threads.
BIT-1003 : Generate bitstream completely, there are 451 valid insts, and 6148 bits set as '1'.
BIT-1004 : PLL setting string = 0000
BIT-1004 : Generate bits file keyboard.bit.
RUN-1003 : finish command "bitgen -bit keyboard.bit -unused_io_status pulldown" in  1.154990s wall, 4.515625s user + 0.031250s system = 4.546875s CPU (393.7%)

RUN-1004 : used memory is 420 MB, reserved memory is 396 MB, peak memory is 616 MB
RUN-1002 : start command "backup_run_log run.log ../.logs/phy_1/td_20240827_133259.log"
