============================================================
   Tang Dynasty, V5.6.71036
      Copyright (c) 2012-2023 Anlogic Inc.
   Executable = C:/Anlogic/TD5.6.2/bin/td.exe
   Built at =   20:34:38 Mar 21 2023
   Run by =     Osscarrrrr
   Run Date =   Wed Aug 28 11:04:15 2024

   Run on =     ADMINISTRATOR
============================================================
RUN-1002 : start command "open_project keyboard.prj"
RUN-1001 : Print Global Property
RUN-1001 : ---------------------------------------------------------------
RUN-1001 :        Parameters        |  Settings  |  Default Values  |  Note  
RUN-1001 : ---------------------------------------------------------------
RUN-1001 :          message         |  standard  |     standard     |        
RUN-1001 :   mixed_pack_place_flow  |     on     |        on        |        
RUN-1001 :        qor_monitor       |    off     |       off        |        
RUN-1001 :        syn_ip_flow       |    off     |       off        |        
RUN-1001 :          thread          |    auto    |       auto       |        
RUN-1001 : ---------------------------------------------------------------
RUN-1001 : Print Design Property
RUN-1001 : --------------------------------------------------------------
RUN-1001 :        Parameters       |  Settings  |  Default Values  |  Note  
RUN-1001 : --------------------------------------------------------------
RUN-1001 :   default_reg_initial   |    auto    |       auto       |        
RUN-1001 :        infer_add        |     on     |        on        |        
RUN-1001 :        infer_fsm        |    off     |       off        |        
RUN-1001 :        infer_mult       |     on     |        on        |        
RUN-1001 :        infer_ram        |     on     |        on        |        
RUN-1001 :        infer_reg        |     on     |        on        |        
RUN-1001 :   infer_reg_init_value  |     on     |        on        |        
RUN-1001 :        infer_rom        |     on     |        on        |        
RUN-1001 :      infer_shifter      |     on     |        on        |        
RUN-1001 : --------------------------------------------------------------
RUN-1001 : Print Rtl Property
RUN-1001 : --------------------------------------------------------------
RUN-1001 :        Parameters       |  Settings  |  Default Values  |  Note  
RUN-1001 : --------------------------------------------------------------
RUN-1001 :       compress_add      |   ripple   |      ripple      |        
RUN-1001 :        elf_sload        |    off     |       off        |        
RUN-1001 :       fix_undriven      |     0      |        0         |        
RUN-1001 :         flatten         |    off     |       off        |        
RUN-1001 :       gate_sharing      |     on     |        on        |        
RUN-1001 :    hdl_warning_level    |   normal   |      normal      |        
RUN-1001 :   impl_internal_tribuf  |     on     |        on        |        
RUN-1001 :      impl_set_reset     |     on     |        on        |        
RUN-1001 :        infer_gsr        |    off     |       off        |        
RUN-1001 :      keep_hierarchy     |    auto    |       auto       |        
RUN-1001 :        max_fanout       |    9999    |       9999       |        
RUN-1001 :      max_oh2bin_len     |     10     |        10        |        
RUN-1001 :       merge_equal       |     on     |        on        |        
RUN-1001 :       merge_equiv       |     on     |        on        |        
RUN-1001 :        merge_mux        |    off     |       off        |        
RUN-1001 :     min_control_set     |     8      |        8         |        
RUN-1001 :      min_ripple_len     |    auto    |       auto       |        
RUN-1001 :       oh2bin_ratio      |    0.08    |       0.08       |        
RUN-1001 :     opt_adder_fanout    |     on     |        on        |        
RUN-1001 :        opt_arith        |     on     |        on        |        
RUN-1001 :       opt_big_gate      |    off     |       off        |        
RUN-1001 :        opt_const        |     on     |        on        |        
RUN-1001 :      opt_const_mult     |     on     |        on        |        
RUN-1001 :       opt_lessthan      |     on     |        on        |        
RUN-1001 :         opt_mux         |    off     |       off        |        
RUN-1001 :         opt_ram         |    high    |       high       |        
RUN-1001 :      rtl_sim_model      |    off     |       off        |        
RUN-1001 :         seq_syn         |     on     |        on        |        
RUN-1001 : --------------------------------------------------------------
HDL-1007 : analyze verilog file ../../../src/Digitron_TimeDisplay_module.v
HDL-1007 : analyze verilog file ../../../src/key_filter.v
HDL-1007 : analyze verilog file ../../../src/keyboard_instance.v
HDL-1007 : analyze verilog file ../../../src/keyboard_scan.v
HDL-1007 : analyze verilog file ../../../src/onehot2binary.v
RUN-1001 : Project manager successfully analyzed 5 source files.
RUN-1002 : start command "import_device eagle_s20.db -package EG4S20BG256"
ARC-1001 : Device Initialization.
ARC-1001 : ------------------------------------------------------------------
ARC-1001 :            OPTION            |          IO          |   SETTING   
ARC-1001 : ------------------------------------------------------------------
ARC-1001 :   cso_b/cclk/mosi/miso/dout  |  T3/R11/T10/P10/S11  |    gpio    
ARC-1001 :             done             |         P13          |    gpio    
ARC-1001 :           program_b          |          T2          |  dedicate  
ARC-1001 :        tdi/tms/tck/tdo       |   C12/A15/C14/E14    |  dedicate  
ARC-1001 : ------------------------------------------------------------------
ARC-1004 : Device setting, marked 5 dedicate IOs in total.
RUN-1002 : start command "import_db ../syn_1/keyboard_gate.db"
RUN-1001 : Importing database generated by Tang Dynasty, V5.6.71036.
RUN-1001 : Database version number 46146.
RUN-1001 : Import flow parameters
RUN-1001 : Import IO constraints
RUN-1001 : Import Inst constraints
RUN-1001 : Import design success TD_VERSION=5.6.71036 , DB_VERSION=46146
RUN-1002 : start command "place"
RUN-1001 : Open license file C:/Anlogic/TD5.6.2/license/Anlogic.lic
RUN-1001 : Print Global Property
RUN-1001 : ---------------------------------------------------------------
RUN-1001 :        Parameters        |  Settings  |  Default Values  |  Note  
RUN-1001 : ---------------------------------------------------------------
RUN-1001 :          message         |  standard  |     standard     |        
RUN-1001 :   mixed_pack_place_flow  |     on     |        on        |        
RUN-1001 :        qor_monitor       |    off     |       off        |        
RUN-1001 :        syn_ip_flow       |    off     |       off        |        
RUN-1001 :          thread          |    auto    |       auto       |        
RUN-1001 : ---------------------------------------------------------------
RUN-1001 : Print Place Property
RUN-1001 : --------------------------------------------------------------
RUN-1001 :        Parameters       |  Settings  |  Default Values  |  Note  
RUN-1001 : --------------------------------------------------------------
RUN-1001 :      detailed_place     |     on     |        on        |        
RUN-1001 :          effort         |   medium   |      medium      |        
RUN-1001 :         fix_hold        |    off     |       off        |        
RUN-1001 :       legalization      |    ori     |       ori        |        
RUN-1001 :      new_spreading      |     on     |        on        |        
RUN-1001 :        opt_timing       |   medium   |      medium      |        
RUN-1001 :   post_clock_route_opt  |    off     |       off        |        
RUN-1001 :       pr_strategy       |     1      |        1         |        
RUN-1001 :        relaxation       |    1.00    |       1.00       |        
RUN-1001 :         retiming        |    off     |       off        |        
RUN-1001 : --------------------------------------------------------------
PHY-3001 : Placer runs in 20 thread(s).
RUN-1002 : start command "legalize_phy_inst"
SYN-1011 : Flatten model keyboard_instance
RUN-1002 : start command "phys_opt -simplify_lut"
SYN-4024 : Net "clk_50M_dup_1" drives clk pins.
SYN-4024 : Net "U1/scan_clk" drives clk pins.
SYN-4025 : Tag rtl::Net U1/scan_clk as clock net
SYN-4025 : Tag rtl::Net clk_50M_dup_1 as clock net
SYN-4026 : Tagged 2 rtl::Net as clock net
SYN-4015 : Create BUFG instance for clk Net U1/scan_clk to drive 24 clock pins.
PHY-1001 : Populate physical database on model keyboard_instance.
RUN-1001 : There are total 611 instances
RUN-0007 : 256 luts, 197 seqs, 96 mslices, 34 lslices, 24 pads, 0 brams, 0 dsps
RUN-1001 : There are total 732 nets
RUN-1001 : 431 nets have 2 pins
RUN-1001 : 200 nets have [3 - 5] pins
RUN-1001 : 87 nets have [6 - 10] pins
RUN-1001 : 6 nets have [11 - 20] pins
RUN-1001 : 6 nets have [21 - 99] pins
RUN-1001 : 2 nets have 100+ pins
RUN-1001 : Report Control nets information:
RUN-1001 : DFF Distribution
RUN-1001 : ----------------------------------
RUN-1001 :   CE   |  SSR  |  ASR  |  DFF Count  
RUN-1001 : ----------------------------------
RUN-1001 :   No   |  No   |  No   |     87      
RUN-1001 :   No   |  No   |  Yes  |     20      
RUN-1001 :   No   |  Yes  |  No   |     17      
RUN-1001 :   Yes  |  No   |  No   |      9      
RUN-1001 :   Yes  |  No   |  Yes  |     32      
RUN-1001 :   Yes  |  Yes  |  No   |     32      
RUN-1001 : ----------------------------------
RUN-0007 : Control Group Statistic
RUN-0007 : ---------------------------
RUN-0007 :   #CLK  |  #CE  |  #SSR/ASR  
RUN-0007 : ---------------------------
RUN-0007 :    2    |   4   |     3      
RUN-0007 : ---------------------------
RUN-0007 : Control Set = 7
PHY-3001 : Initial placement ...
PHY-3001 : design contains 609 instances, 256 luts, 197 seqs, 130 slices, 13 macros(130 instances: 96 mslices 34 lslices)
PHY-0007 : Cell area utilization is 2%
PHY-3001 : Global placement ...
PHY-3001 : Initial: Len = 170563
PHY-3001 : Clustering ...
PHY-3001 : Level 0 #clusters 609.
PHY-3001 : End clustering;  0.000010s wall, 0.000000s user + 0.000000s system = 0.000000s CPU (n/a%)

PHY-3001 : Run with size of 4
PHY-3001 : Cell area utilization is 2%
PHY-3001 : :::0::: Try harder cell spreading with beta_ = 0
PHY-3002 : Step(1): len = 115153, overlap = 0
PHY-3002 : Step(2): len = 78799.9, overlap = 0
PHY-3002 : Step(3): len = 58190.1, overlap = 0
PHY-3002 : Step(4): len = 44387.9, overlap = 0
PHY-3002 : Step(5): len = 36578.3, overlap = 0.25
PHY-3002 : Step(6): len = 33956.2, overlap = 0
PHY-3002 : Step(7): len = 29758.1, overlap = 0
PHY-3002 : Step(8): len = 25931.7, overlap = 0
PHY-3002 : Step(9): len = 25132.2, overlap = 0
PHY-3002 : Step(10): len = 24661.2, overlap = 1.8125
PHY-3002 : Step(11): len = 21547.5, overlap = 8.5625
PHY-3002 : Step(12): len = 19330.1, overlap = 9.25
PHY-3002 : Step(13): len = 18503.8, overlap = 15.5
PHY-3002 : Step(14): len = 18376.7, overlap = 15.0938
PHY-3002 : Step(15): len = 18112.9, overlap = 15.4688
PHY-3002 : Step(16): len = 18468.2, overlap = 17.0625
PHY-3002 : Step(17): len = 18470.2, overlap = 16.5312
PHY-3002 : Step(18): len = 18185.5, overlap = 16.6875
PHY-3002 : Step(19): len = 18912.7, overlap = 17.8125
PHY-3002 : Step(20): len = 18872.8, overlap = 17.125
PHY-3002 : Step(21): len = 18068.8, overlap = 16.6562
PHY-3002 : Step(22): len = 16114.9, overlap = 16.5312
PHY-3002 : Step(23): len = 15546.2, overlap = 16.25
PHY-3002 : Step(24): len = 15583.2, overlap = 16.4062
PHY-3002 : Step(25): len = 15149.4, overlap = 16.1562
PHY-3002 : Step(26): len = 14333, overlap = 16.2188
PHY-3002 : Step(27): len = 14256.6, overlap = 16.1875
PHY-3002 : Step(28): len = 14092.4, overlap = 16.125
PHY-3002 : Step(29): len = 14030.1, overlap = 15.375
PHY-3002 : Step(30): len = 13560.8, overlap = 16.5625
PHY-3002 : Step(31): len = 13583.2, overlap = 16.75
PHY-3002 : Step(32): len = 13323.5, overlap = 17.4688
PHY-3002 : Step(33): len = 13702.4, overlap = 16.75
PHY-3002 : Step(34): len = 13763.3, overlap = 16.5625
PHY-3002 : Step(35): len = 14015.3, overlap = 16.9375
PHY-3002 : Step(36): len = 13394.2, overlap = 15.625
PHY-3002 : Step(37): len = 12620.8, overlap = 15.1875
PHY-3002 : Step(38): len = 11679.8, overlap = 14.1875
PHY-3002 : Step(39): len = 11872.2, overlap = 14.2188
PHY-3002 : Step(40): len = 12123.2, overlap = 14.4062
PHY-3001 : Legalization ...
PHY-3001 : End legalization;  0.003946s wall, 0.000000s user + 0.000000s system = 0.000000s CPU (n/a%)

PHY-3001 : Run with size of 4
PHY-3001 : Cell area utilization is 3%
PHY-3001 : :::0::: Try harder cell spreading with beta_ = 0.00031197
PHY-3002 : Step(41): len = 12363.5, overlap = 8.375
PHY-3002 : Step(42): len = 12570.3, overlap = 8.25
PHY-3002 : Step(43): len = 13156.1, overlap = 4.75
PHY-3002 : Step(44): len = 13016.8, overlap = 4.875
PHY-3002 : Step(45): len = 12109.6, overlap = 11.4062
PHY-3002 : Step(46): len = 11975.4, overlap = 12.2812
PHY-3002 : Step(47): len = 11776.9, overlap = 8.6875
PHY-3002 : Step(48): len = 11808.7, overlap = 9.03125
PHY-3002 : Step(49): len = 11380.7, overlap = 7.28125
PHY-3002 : Step(50): len = 11447.4, overlap = 6.875
PHY-3002 : Step(51): len = 11482.8, overlap = 6.375
PHY-3001 : :::1::: Try harder cell spreading with beta_ = 0.000623939
PHY-3002 : Step(52): len = 11011.3, overlap = 7.90625
PHY-3002 : Step(53): len = 10964.4, overlap = 7.8125
PHY-3002 : Step(54): len = 10979.9, overlap = 8.0625
PHY-3001 : :::2::: Try harder cell spreading with beta_ = 0.00124788
PHY-3002 : Step(55): len = 10935.1, overlap = 6.0625
PHY-3002 : Step(56): len = 10918.9, overlap = 7.34375
PHY-3002 : Step(57): len = 10898.6, overlap = 5.84375
PHY-3001 : Run with size of 2
PHY-3001 : Cell area utilization is 3%
PHY-3001 : :::0::: Try harder cell spreading with beta_ = 1.55742e-05
PHY-3002 : Step(58): len = 12124.5, overlap = 27.2188
PHY-3002 : Step(59): len = 12477.1, overlap = 27.375
PHY-3002 : Step(60): len = 13369.2, overlap = 20.625
PHY-3002 : Step(61): len = 13513.1, overlap = 18.4375
PHY-3002 : Step(62): len = 12405.3, overlap = 20.6875
PHY-3002 : Step(63): len = 12480.7, overlap = 21.0938
PHY-3002 : Step(64): len = 12554.7, overlap = 23.8438
PHY-3001 : :::1::: Try harder cell spreading with beta_ = 3.11483e-05
PHY-3002 : Step(65): len = 12503.7, overlap = 20.6875
PHY-3002 : Step(66): len = 12652, overlap = 20.3125
PHY-3002 : Step(67): len = 12702.8, overlap = 20.5625
PHY-3001 : :::2::: Try harder cell spreading with beta_ = 6.22966e-05
PHY-3002 : Step(68): len = 12730.6, overlap = 21.75
PHY-3002 : Step(69): len = 12823.2, overlap = 21.75
PHY-3002 : Step(70): len = 12970.9, overlap = 22.125
PHY-3001 : :::3::: Try harder cell spreading with beta_ = 0.000124593
PHY-3002 : Step(71): len = 13310.2, overlap = 17.5312
PHY-3002 : Step(72): len = 13412.9, overlap = 17.3125
PHY-3002 : Step(73): len = 13682.5, overlap = 16.5625
OPT-1001 : Start physical optimization ...
OPT-1001 : Total overflow 40.88 peak overflow 2.94
OPT-1001 : Start high-fanout net optimization ...
OPT-1001 : Update timing in global mode
PHY-1001 : Start incremental global routing, caller is place ...
RUN-1001 : Generating global routing grids ...
RUN-1001 : Building simple global routing graph ...
PHY-1001 : Generate routing nets ...
PHY-1001 : Reuse net number 0/732.
PHY-1001 : Global iterations in 20 thread ...
PHY-1002 : len = 15032, over cnt = 73(0%), over = 293, worst = 13
PHY-1001 : End global iterations;  0.037543s wall, 0.000000s user + 0.000000s system = 0.000000s CPU (n/a%)

PHY-1001 : Congestion index: top1 = 23.62, top5 = 10.30, top10 = 5.70, top15 = 3.80.
PHY-1001 : End incremental global routing;  0.075845s wall, 0.000000s user + 0.000000s system = 0.000000s CPU (n/a%)

RUN-1002 : start command "start_timer -report"
TMR-5001 WARNING: No sdc constraints found while initiating timer.
TMR-2505 : Start building timing graph for model keyboard_instance.
TMR-2506 : Build timing graph completely. Port num: 8, tpin num: 2670, tnet num: 730, tinst num: 609, tnode num: 3269, tedge num: 4290.
TMR-2508 : Levelizing timing graph completed, there are 45 levels in total.
TMR-2501 : Timing graph initialized successfully.
OPT-1001 : End timing update;  0.129181s wall, 0.046875s user + 0.000000s system = 0.046875s CPU (36.3%)

OPT-1001 : 0 high-fanout net processed.
OPT-1001 : End high-fanout net optimization;  0.209822s wall, 0.046875s user + 0.000000s system = 0.046875s CPU (22.3%)

OPT-1001 : Current memory(MB): used = 153, reserve = 125, peak = 153.
OPT-1001 : End physical optimization;  0.214541s wall, 0.046875s user + 0.000000s system = 0.046875s CPU (21.8%)

PHY-3001 : Start packing ...
SYN-4007 : Packing 0 MUX to BLE ...
SYN-4008 : Packed 0 MUX and 0 SEQ to BLE.
SYN-4007 : Packing 256 LUT to BLE ...
SYN-4008 : Packed 256 LUT and 75 SEQ to BLE.
SYN-4003 : Packing 122 remaining SEQ's ...
SYN-4005 : Packed 53 SEQ with LUT/SLICE
SYN-4006 : 140 single LUT's are left
SYN-4006 : 69 single SEQ's are left
SYN-4011 : Packing model "keyboard_instance" (AL_USER_NORMAL) with 325/483 primitive instances ...
PHY-3001 : End packing;  0.012231s wall, 0.015625s user + 0.000000s system = 0.015625s CPU (127.7%)

PHY-1001 : Populate physical database on model keyboard_instance.
RUN-1001 : There are total 333 instances
RUN-1001 : 152 mslices, 153 lslices, 24 pads, 0 brams, 0 dsps
RUN-1001 : There are total 657 nets
RUN-1001 : 356 nets have 2 pins
RUN-1001 : 200 nets have [3 - 5] pins
RUN-1001 : 87 nets have [6 - 10] pins
RUN-1001 : 7 nets have [11 - 20] pins
RUN-1001 : 5 nets have [21 - 99] pins
RUN-1001 : 2 nets have 100+ pins
PHY-3001 : design contains 331 instances, 305 slices, 13 macros(130 instances: 96 mslices 34 lslices)
PHY-3001 : Cell area utilization is 4%
PHY-3001 : After packing: Len = 13816.4, Over = 23.75
PHY-3001 : Run with size of 2
PHY-3001 : Cell area utilization is 4%
PHY-3001 : :::0::: Try harder cell spreading with beta_ = 1.27285e-05
PHY-3002 : Step(74): len = 13087.6, overlap = 24.75
PHY-3002 : Step(75): len = 13161.4, overlap = 24.75
PHY-3002 : Step(76): len = 13053.1, overlap = 29.25
PHY-3001 : :::1::: Try harder cell spreading with beta_ = 2.54571e-05
PHY-3002 : Step(77): len = 12991.4, overlap = 29.25
PHY-3002 : Step(78): len = 13103.7, overlap = 29.25
PHY-3002 : Step(79): len = 13298.8, overlap = 27
PHY-3001 : :::2::: Try harder cell spreading with beta_ = 5.09142e-05
PHY-3002 : Step(80): len = 13777.5, overlap = 22
PHY-3002 : Step(81): len = 13828.9, overlap = 21.75
PHY-3002 : Step(82): len = 13837.1, overlap = 21.5
PHY-3002 : Step(83): len = 13966.1, overlap = 22
PHY-3002 : Step(84): len = 14041.9, overlap = 21.25
PHY-3001 : Legalization ...
PHY-3001 : End legalization;  0.057274s wall, 0.000000s user + 0.046875s system = 0.046875s CPU (81.8%)

PHY-3001 : Trial Legalized: Len = 18930.9
PHY-3001 : Run with size of 2
PHY-3001 : Cell area utilization is 4%
PHY-3001 : :::0::: Try harder cell spreading with beta_ = 0.000934968
PHY-3002 : Step(85): len = 16775.2, overlap = 4
PHY-3002 : Step(86): len = 16049.8, overlap = 6
PHY-3002 : Step(87): len = 15691.7, overlap = 6
PHY-3002 : Step(88): len = 15512.2, overlap = 6
PHY-3002 : Step(89): len = 15420.2, overlap = 5.5
PHY-3002 : Step(90): len = 15335.5, overlap = 5.75
PHY-3002 : Step(91): len = 15287, overlap = 5.75
PHY-3002 : Step(92): len = 15161.5, overlap = 6.75
PHY-3001 : :::1::: Try harder cell spreading with beta_ = 0.00154691
PHY-3002 : Step(93): len = 15214, overlap = 6
PHY-3002 : Step(94): len = 15206.5, overlap = 5.75
PHY-3001 : :::2::: Try harder cell spreading with beta_ = 0.00309382
PHY-3002 : Step(95): len = 15230, overlap = 6.5
PHY-3002 : Step(96): len = 15240.8, overlap = 6.5
PHY-3001 : Legalization ...
PHY-3001 : End legalization;  0.004488s wall, 0.000000s user + 0.000000s system = 0.000000s CPU (n/a%)

PHY-3001 : Legalized: Len = 17560.7, Over = 0
PHY-3001 : End spreading;  0.002353s wall, 0.000000s user + 0.000000s system = 0.000000s CPU (n/a%)

PHY-3001 : Final: Len = 17560.7, Over = 0
OPT-1001 : Start physical optimization ...
OPT-1001 : Total overflow 0.00 peak overflow 0.00
OPT-1001 : Start high-fanout net optimization ...
OPT-1001 : Update timing in global mode
PHY-1001 : Start incremental global routing, caller is place ...
RUN-1001 : Generating global routing grids ...
PHY-1001 : Generate routing nets ...
PHY-1001 : Reuse net number 14/657.
PHY-1001 : Global iterations in 20 thread ...
PHY-1002 : len = 19624, over cnt = 46(0%), over = 66, worst = 4
PHY-1002 : len = 20000, over cnt = 11(0%), over = 14, worst = 2
PHY-1002 : len = 20136, over cnt = 3(0%), over = 3, worst = 1
PHY-1002 : len = 20184, over cnt = 0(0%), over = 0, worst = 0
PHY-1001 : End global iterations;  0.047913s wall, 0.000000s user + 0.000000s system = 0.000000s CPU (n/a%)

PHY-1001 : Congestion index: top1 = 19.72, top5 = 11.91, top10 = 7.26, top15 = 4.88.
PHY-1001 : End incremental global routing;  0.080508s wall, 0.000000s user + 0.000000s system = 0.000000s CPU (n/a%)

RUN-1002 : start command "start_timer -report"
TMR-5001 WARNING: No sdc constraints found while initiating timer.
TMR-2505 : Start building timing graph for model keyboard_instance.
TMR-2506 : Build timing graph completely. Port num: 8, tpin num: 2360, tnet num: 655, tinst num: 331, tnode num: 2799, tedge num: 3903.
TMR-2508 : Levelizing timing graph completed, there are 43 levels in total.
TMR-2501 : Timing graph initialized successfully.
OPT-1001 : End timing update;  0.116499s wall, 0.078125s user + 0.000000s system = 0.078125s CPU (67.1%)

OPT-1001 : 0 high-fanout net processed.
OPT-1001 : End high-fanout net optimization;  0.201987s wall, 0.078125s user + 0.000000s system = 0.078125s CPU (38.7%)

OPT-1001 : Current memory(MB): used = 156, reserve = 127, peak = 156.
OPT-1001 : Update timing in Manhattan mode
OPT-1001 : End timing update;  0.000320s wall, 0.000000s user + 0.000000s system = 0.000000s CPU (n/a%)

OPT-1001 : Start pin optimization...
OPT-1001 : skip pin optimization...
RUN-1001 : Generating global routing grids ...
PHY-1001 : Generate routing nets ...
PHY-1001 : Reuse net number 529/657.
PHY-1001 : Global iterations in 20 thread ...
PHY-1002 : len = 20184, over cnt = 0(0%), over = 0, worst = 0
PHY-1001 : End global iterations;  0.001387s wall, 0.000000s user + 0.000000s system = 0.000000s CPU (n/a%)

PHY-1001 : Congestion index: top1 = 19.72, top5 = 11.91, top10 = 7.26, top15 = 4.88.
OPT-1001 : Update timing in Manhattan mode
OPT-1001 : End timing update;  0.000865s wall, 0.000000s user + 0.000000s system = 0.000000s CPU (n/a%)

RUN-1001 : QoR Analysis:
OPT-0007 :   WNS 2147483647 TNS 0 NUM_FEPS 0
RUN-1001 :   No local congestion issue, and most congested 1% tile average routing util is 19.241379
RUN-1001 :   Top critical paths
OPT-1001 : End physical optimization;  0.239452s wall, 0.093750s user + 0.000000s system = 0.093750s CPU (39.2%)

RUN-1003 : finish command "place" in  2.734801s wall, 0.468750s user + 0.640625s system = 1.109375s CPU (40.6%)

RUN-1004 : used memory is 136 MB, reserved memory is 108 MB, peak memory is 156 MB
RUN-1002 : start command "export_db keyboard_place.db"
RUN-1001 : Exported /
RUN-1001 : Exported flow parameters
RUN-1001 : Exported libs
RUN-1001 : Exported entities
RUN-1001 : Exported ports
RUN-1001 : Exported pins
RUN-1001 : Exported instances
RUN-1001 : Exported nets
RUN-1001 : Exported buses
RUN-1001 : Exported models
RUN-1001 : Exported congestions
RUN-1001 : Exported violations
RUN-1001 : Exported IO constraints
RUN-1001 : Exported Inst constraints
RUN-1002 : start command "route"
RUN-1001 : Open license file C:/Anlogic/TD5.6.2/license/Anlogic.lic
RUN-1001 : Print Global Property
RUN-1001 : ---------------------------------------------------------------
RUN-1001 :        Parameters        |  Settings  |  Default Values  |  Note  
RUN-1001 : ---------------------------------------------------------------
RUN-1001 :          message         |  standard  |     standard     |        
RUN-1001 :   mixed_pack_place_flow  |     on     |        on        |        
RUN-1001 :        qor_monitor       |    off     |       off        |        
RUN-1001 :        syn_ip_flow       |    off     |       off        |        
RUN-1001 :          thread          |    auto    |       auto       |        
RUN-1001 : ---------------------------------------------------------------
RUN-1001 : Print Route Property
RUN-1001 : -------------------------------------------------------
RUN-1001 :    Parameters    |  Settings  |  Default Values  |  Note  
RUN-1001 : -------------------------------------------------------
RUN-1001 :      effort      |   medium   |      medium      |        
RUN-1001 :     fix_hold     |    off     |       off        |        
RUN-1001 :    opt_timing    |   medium   |      medium      |        
RUN-1001 :   phy_sim_model  |    off     |       off        |        
RUN-1001 :     priority     |   timing   |      timing      |        
RUN-1001 :     swap_pin     |     on     |        on        |        
RUN-1001 : -------------------------------------------------------
PHY-1001 : Route runs in 20 thread(s)
RUN-1001 : There are total 333 instances
RUN-1001 : 152 mslices, 153 lslices, 24 pads, 0 brams, 0 dsps
RUN-1001 : There are total 657 nets
RUN-1001 : 356 nets have 2 pins
RUN-1001 : 200 nets have [3 - 5] pins
RUN-1001 : 87 nets have [6 - 10] pins
RUN-1001 : 7 nets have [11 - 20] pins
RUN-1001 : 5 nets have [21 - 99] pins
RUN-1001 : 2 nets have 100+ pins
RUN-1002 : start command "start_timer -report"
TMR-5001 WARNING: No sdc constraints found while initiating timer.
TMR-2505 : Start building timing graph for model keyboard_instance.
TMR-2506 : Build timing graph completely. Port num: 8, tpin num: 2360, tnet num: 655, tinst num: 331, tnode num: 2799, tedge num: 3903.
TMR-2508 : Levelizing timing graph completed, there are 43 levels in total.
TMR-2501 : Timing graph initialized successfully.
PHY-1001 : 152 mslices, 153 lslices, 24 pads, 0 brams, 0 dsps
TMR-2503 : Start to update net delay, extr mode = 3.
TMR-2504 : Update delay of 655 nets completely.
TMR-2502 : Annotate delay completely, extr mode = 3.
TMR-3002 : No user constraint, initiate default constraint.
TMR-1501 : Assign derive clock DeriveClock to 246 clock pins, and constraint 439 relative nodes.
TMR-3003 : Constraints initiated successfully.
TMR-3501 : Forward propagation: start to calculate arrival time...
TMR-3502 : Backward propagation: start to calculate required time...
TMR-3503 : Timing propagation completes.
PHY-1001 : Start global routing, caller is route ...
RUN-1001 : Generating global routing grids ...
PHY-1001 : Generate routing nets ...
PHY-1001 : Global iterations in 20 thread ...
PHY-1002 : len = 19560, over cnt = 46(0%), over = 70, worst = 4
PHY-1002 : len = 19952, over cnt = 12(0%), over = 15, worst = 2
PHY-1002 : len = 20088, over cnt = 3(0%), over = 3, worst = 1
PHY-1002 : len = 20136, over cnt = 0(0%), over = 0, worst = 0
PHY-1001 : End global iterations;  0.053775s wall, 0.000000s user + 0.000000s system = 0.000000s CPU (n/a%)

PHY-1001 : Congestion index: top1 = 19.78, top5 = 11.93, top10 = 7.23, top15 = 4.86.
PHY-1001 : End global routing;  0.088407s wall, 0.000000s user + 0.000000s system = 0.000000s CPU (n/a%)

PHY-1001 : Start detail routing ...
PHY-1001 : Current memory(MB): used = 183, reserve = 156, peak = 202.
PHY-1001 : Detailed router is running in normal mode.
PHY-1001 : Generate detailed routing grids ...
PHY-1001 : Processed IO instance col[3]_syn_4 with INV attribute.
PHY-1001 : Processed IO instance col[2]_syn_4 with INV attribute.
PHY-1001 : Processed IO instance col[1]_syn_4 with INV attribute.
PHY-1001 : Processed IO instance col[0]_syn_4 with INV attribute.
PHY-1001 : Generate nets ...
PHY-1001 : net clk_50M_dup_1 will be routed on clock mesh
PHY-1001 : clock net U1/scan_clk_syn_4 will be merged with clock U1/scan_clk
PHY-1001 : Current memory(MB): used = 452, reserve = 428, peak = 452.
PHY-1001 : End build detailed router design. 2.625855s wall, 0.968750s user + 0.046875s system = 1.015625s CPU (38.7%)

PHY-1001 : Detail Route ...
PHY-1001 : ===== Detail Route Phase 1 =====
PHY-1001 : Clock net routing.....
PHY-1001 : Routed 0% nets.
PHY-1022 : len = 8120, over cnt = 0(0%), over = 0, worst = 0, crit = 0
PHY-1001 : End initial clock net routed; 0.257952s wall, 0.093750s user + 0.000000s system = 0.093750s CPU (36.3%)

PHY-1001 : Current memory(MB): used = 482, reserve = 459, peak = 482.
PHY-1001 : End phase 1; 0.264039s wall, 0.093750s user + 0.000000s system = 0.093750s CPU (35.5%)

PHY-1001 : ===== Detail Route Phase 2 =====
PHY-1001 : Initial routing.....
PHY-1001 : Routed 31% nets.
PHY-1001 : Routed 39% nets.
PHY-1001 : Routed 45% nets.
PHY-1001 : Routed 60% nets.
PHY-1001 : Routed 78% nets.
PHY-1022 : len = 52584, over cnt = 5(0%), over = 5, worst = 1, crit = 0
PHY-1001 : Current memory(MB): used = 482, reserve = 459, peak = 482.
PHY-1001 : End initial routed; 0.279074s wall, 0.031250s user + 0.046875s system = 0.078125s CPU (28.0%)

PHY-1001 : Current memory(MB): used = 482, reserve = 459, peak = 482.
PHY-1001 : End phase 2; 0.279110s wall, 0.031250s user + 0.046875s system = 0.078125s CPU (28.0%)

PHY-1001 : ===== Detail Route Phase 3 =====
PHY-1001 : Ripup-reroute.....
PHY-1001 : ===== DR Iter 1 =====
PHY-1022 : len = 52544, over cnt = 0(0%), over = 0, worst = 0, crit = 0
PHY-1001 : End DR Iter 1; 0.011237s wall, 0.031250s user + 0.000000s system = 0.031250s CPU (278.1%)

PHY-1001 : Commit to database.....
PHY-1001 : 3 feed throughs used by 3 nets
PHY-1001 : End commit to database; 0.052168s wall, 0.000000s user + 0.000000s system = 0.000000s CPU (n/a%)

PHY-1001 : Current memory(MB): used = 493, reserve = 470, peak = 493.
PHY-1001 : End phase 3; 0.152490s wall, 0.078125s user + 0.000000s system = 0.078125s CPU (51.2%)

PHY-1003 : Routed, final wirelength = 52544
PHY-1001 : Current memory(MB): used = 493, reserve = 470, peak = 493.
PHY-1001 : End export database. 0.005317s wall, 0.000000s user + 0.000000s system = 0.000000s CPU (n/a%)

PHY-1001 : End detail routing;  3.477627s wall, 1.250000s user + 0.093750s system = 1.343750s CPU (38.6%)

RUN-1003 : finish command "route" in  3.738125s wall, 1.296875s user + 0.093750s system = 1.390625s CPU (37.2%)

RUN-1004 : used memory is 426 MB, reserved memory is 404 MB, peak memory is 493 MB
RUN-1002 : start command "report_area -io_info -file keyboard_phy.area"
RUN-1001 : standard
***Report Model: keyboard_instance Device: EG4S20BG256***

IO Statistics
#IO                        24
  #input                    6
  #output                  18
  #inout                    0

Utilization Statistics
#lut                      516   out of  19600    2.63%
#reg                      197   out of  19600    1.01%
#le                       585
  #lut only               388   out of    585   66.32%
  #reg only                69   out of    585   11.79%
  #lut&reg                128   out of    585   21.88%
#dsp                        0   out of     29    0.00%
#bram                       0   out of     64    0.00%
  #bram9k                   0
  #fifo9k                   0
#bram32k                    0   out of     16    0.00%
#pad                       24   out of    188   12.77%
  #ireg                     4
  #oreg                     5
  #treg                     0
#pll                        0   out of      4    0.00%
#gclk                       1   out of     16    6.25%

Clock Resource Statistics
Index     ClockNet         Type               DriverType         Driver                      Fanout
#1        clk_50M_dup_1    GCLK               io                 clk_50M_syn_2.di            105
#2        U1/scan_clk      GCLK               lslice             U1/scan_clk_reg_syn_9.q1    18


Detailed IO Report

        Name           Direction    Location    IOStandard    DriveStrength    PullType    PackReg  
        RSTn             INPUT         A9        LVCMOS33          N/A          PULLUP      NONE    
       clk_50M           INPUT         R7        LVCMOS33          N/A          PULLUP      NONE    
       col[3]            INPUT        F10        LVCMOS33          N/A          PULLUP      IREG    
       col[2]            INPUT        C11        LVCMOS33          N/A          PULLUP      IREG    
       col[1]            INPUT        D11        LVCMOS33          N/A          PULLUP      IREG    
       col[0]            INPUT        E11        LVCMOS33          N/A          PULLUP      IREG    
  DigitronCS_Out[3]     OUTPUT         A3        LVCMOS33           8            NONE       NONE    
  DigitronCS_Out[2]     OUTPUT         A5        LVCMOS33           8            NONE       NONE    
  DigitronCS_Out[1]     OUTPUT         B6        LVCMOS33           8            NONE       NONE    
  DigitronCS_Out[0]     OUTPUT         C9        LVCMOS33           8            NONE       NONE    
   Digitron_Out[7]      OUTPUT         C8        LVCMOS33           8            NONE       NONE    
   Digitron_Out[6]      OUTPUT         A8        LVCMOS33           8            NONE       NONE    
   Digitron_Out[5]      OUTPUT         B5        LVCMOS33           8            NONE       NONE    
   Digitron_Out[4]      OUTPUT         A7        LVCMOS33           8            NONE       NONE    
   Digitron_Out[3]      OUTPUT         E8        LVCMOS33           8            NONE       NONE    
   Digitron_Out[2]      OUTPUT         B8        LVCMOS33           8            NONE       NONE    
   Digitron_Out[1]      OUTPUT         A6        LVCMOS33           8            NONE       NONE    
   Digitron_Out[0]      OUTPUT         A4        LVCMOS33           8            NONE       NONE    
       buzzer           OUTPUT        H11        LVCMOS33           8            NONE       OREG    
        light           OUTPUT        B14        LVCMOS33           8            NONE       NONE    
       row[3]           OUTPUT         D9        LVCMOS33           8            NONE       OREG    
       row[2]           OUTPUT         F9        LVCMOS33           8            NONE       OREG    
       row[1]           OUTPUT        C10        LVCMOS33           8            NONE       OREG    
       row[0]           OUTPUT        E10        LVCMOS33           8            NONE       OREG    

Report Hierarchy Area:
+-------------------------------------------------------------------------------------------+
|Instance |Module                      |le     |lut     |ripple  |seq     |bram    |dsp     |
+-------------------------------------------------------------------------------------------+
|top      |keyboard_instance           |585    |386     |130     |206     |0       |0       |
|  U1     |keyboard_scan               |68     |40      |9       |50      |0       |0       |
|  U2     |key_filter                  |60     |43      |6       |49      |0       |0       |
|  U3     |onehot2binary               |412    |277     |110     |82      |0       |0       |
|  U5     |Digitron_TimeDisplay_module |41     |22      |5       |16      |0       |0       |
+-------------------------------------------------------------------------------------------+


DataNet Average Fanout:

   Index     Fanout    Nets  
    #1         1       332   
    #2         2       131   
    #3         3        49   
    #4         4        20   
    #5        5-10      88   
    #6       11-50      9    
  Average     2.48           

RUN-1002 : start command "export_db keyboard_pr.db"
RUN-1001 : Exported /
RUN-1001 : Exported flow parameters
RUN-1001 : Exported libs
RUN-1001 : Exported entities
RUN-1001 : Exported ports
RUN-1001 : Exported pins
RUN-1001 : Exported instances
RUN-1001 : Exported nets
RUN-1001 : Exported buses
RUN-1001 : Exported models
RUN-1001 : Exported congestions
RUN-1001 : Exported violations
RUN-1001 : Exported IO constraints
RUN-1001 : Exported Inst constraints
RUN-1002 : start command "export_bid keyboard_inst.bid"
RUN-1002 : start command "bitgen -bit keyboard.bit -unused_io_status pulldown"
BIT-1003 : Start to generate bitstream. 
BIT-1002 : Bitgen processed 164 unused pads, reserve input tri_state with pulldown
BIT-1002 : Init instances with 20 threads.
BIT-1002 : Init instances completely, inst num: 495
BIT-1002 : Init pips with 20 threads.
BIT-1002 : Init pips completely, net num: 657, pip num: 5113
BIT-1002 : Init feedthrough completely, num: 3
BIT-1003 : Multithreading accelaration with 20 threads.
BIT-1003 : Generate bitstream completely, there are 731 valid insts, and 16123 bits set as '1'.
BIT-1004 : PLL setting string = 0000
BIT-1004 : Generate bits file keyboard.bit.
RUN-1003 : finish command "bitgen -bit keyboard.bit -unused_io_status pulldown" in  1.229371s wall, 2.406250s user + 0.015625s system = 2.421875s CPU (197.0%)

RUN-1004 : used memory is 431 MB, reserved memory is 414 MB, peak memory is 648 MB
RUN-1002 : start command "backup_run_log run.log ../.logs/phy_1/td_20240828_110415.log"
