============================================================
   Tang Dynasty, V5.6.59063
   Copyright (c) 2012-2022 Anlogic
   Executable = E:/Anlogic/TD5.6.59063/bin/td.exe
   Built at =   12:45:13 Sep  6 2022
   Run by =     19234
   Run Date =   Wed Aug 28 23:49:34 2024

   Run on =     ERIKPSW
============================================================
RUN-1002 : start command "open_project keyboard.prj"
RUN-1001 : Print Global Property
RUN-1001 : ---------------------------------------------------------------
RUN-1001 :        Parameters        |  Settings  |  Default Values  |  Note  
RUN-1001 : ---------------------------------------------------------------
RUN-1001 :          message         |  standard  |     standard     |        
RUN-1001 :   mixed_pack_place_flow  |     on     |        on        |        
RUN-1001 :        qor_monitor       |    off     |       off        |        
RUN-1001 :        syn_ip_flow       |    off     |       off        |        
RUN-1001 :          thread          |    auto    |       auto       |        
RUN-1001 : ---------------------------------------------------------------
RUN-1001 : Print Design Property
RUN-1001 : --------------------------------------------------------------
RUN-1001 :        Parameters       |  Settings  |  Default Values  |  Note  
RUN-1001 : --------------------------------------------------------------
RUN-1001 :   default_reg_initial   |    auto    |       auto       |        
RUN-1001 :        infer_add        |     on     |        on        |        
RUN-1001 :        infer_fsm        |    off     |       off        |        
RUN-1001 :        infer_mult       |     on     |        on        |        
RUN-1001 :        infer_ram        |     on     |        on        |        
RUN-1001 :        infer_reg        |     on     |        on        |        
RUN-1001 :   infer_reg_init_value  |     on     |        on        |        
RUN-1001 :        infer_rom        |     on     |        on        |        
RUN-1001 :      infer_shifter      |     on     |        on        |        
RUN-1001 : --------------------------------------------------------------
RUN-1001 : Print Rtl Property
RUN-1001 : --------------------------------------------------------------
RUN-1001 :        Parameters       |  Settings  |  Default Values  |  Note  
RUN-1001 : --------------------------------------------------------------
RUN-1001 :       compress_add      |   ripple   |      ripple      |        
RUN-1001 :        elf_sload        |    off     |       off        |        
RUN-1001 :       fix_undriven      |     0      |        0         |        
RUN-1001 :         flatten         |    off     |       off        |        
RUN-1001 :       gate_sharing      |     on     |        on        |        
RUN-1001 :    hdl_warning_level    |   normal   |      normal      |        
RUN-1001 :   impl_internal_tribuf  |     on     |        on        |        
RUN-1001 :      impl_set_reset     |     on     |        on        |        
RUN-1001 :        infer_gsr        |    off     |       off        |        
RUN-1001 :      keep_hierarchy     |    auto    |       auto       |        
RUN-1001 :        max_fanout       |    9999    |       9999       |        
RUN-1001 :      max_oh2bin_len     |     10     |        10        |        
RUN-1001 :       merge_equal       |     on     |        on        |        
RUN-1001 :       merge_equiv       |     on     |        on        |        
RUN-1001 :        merge_mux        |    off     |       off        |        
RUN-1001 :     min_control_set     |     8      |        8         |        
RUN-1001 :      min_ripple_len     |    auto    |       auto       |        
RUN-1001 :       oh2bin_ratio      |    0.08    |       0.08       |        
RUN-1001 :     opt_adder_fanout    |     on     |        on        |        
RUN-1001 :        opt_arith        |     on     |        on        |        
RUN-1001 :       opt_big_gate      |    off     |       off        |        
RUN-1001 :        opt_const        |     on     |        on        |        
RUN-1001 :      opt_const_mult     |     on     |        on        |        
RUN-1001 :       opt_lessthan      |     on     |        on        |        
RUN-1001 :         opt_mux         |    off     |       off        |        
RUN-1001 :         opt_ram         |    high    |       high       |        
RUN-1001 :      rtl_sim_model      |    off     |       off        |        
RUN-1001 :         seq_syn         |     on     |        on        |        
RUN-1001 : --------------------------------------------------------------
HDL-1007 : analyze verilog file ../../../src/Digitron_TimeDisplay_module.v
HDL-1007 : analyze verilog file ../../../src/key_filter.v
HDL-1007 : analyze verilog file ../../../src/keyboard_instance.v
HDL-1007 : undeclared symbol 'secrect', assumed default net type 'wire' in ../../../src/keyboard_instance.v(42)
HDL-1007 : analyze verilog file ../../../src/keyboard_scan.v
HDL-1007 : analyze verilog file ../../../src/onehot2binary.v
HDL-5007 WARNING: literal value 'd2 truncated to fit in 1 bits in ../../../src/onehot2binary.v(153)
HDL-5007 WARNING: literal value 'd3 truncated to fit in 1 bits in ../../../src/onehot2binary.v(154)
RUN-1001 : Project manager successfully analyzed 5 source files.
RUN-1002 : start command "import_device eagle_s20.db -package EG4S20BG256"
ARC-1001 : Device Initialization.
ARC-1001 : ------------------------------------------------------------------
ARC-1001 :            OPTION            |          IO          |   SETTING   
ARC-1001 : ------------------------------------------------------------------
ARC-1001 :   cso_b/cclk/mosi/miso/dout  |  T3/R11/T10/P10/S11  |    gpio    
ARC-1001 :             done             |         P13          |    gpio    
ARC-1001 :           program_b          |          T2          |  dedicate  
ARC-1001 :        tdi/tms/tck/tdo       |   C12/A15/C14/E14    |  dedicate  
ARC-1001 : ------------------------------------------------------------------
ARC-1004 : Device setting, marked 5 dedicate IOs in total.
RUN-1002 : start command "import_db ../syn_1/keyboard_gate.db"
RUN-1001 : Importing database generated by Tang Dynasty, V5.6.59063.
RUN-1001 : Database version number 46140.
RUN-1001 : Import flow parameters
RUN-1001 : Import timing constraints
RUN-1001 : Import IO constraints
RUN-1001 : Import Inst constraints
RUN-1001 : Import design success TD_VERSION=5.6.59063 , DB_VERSION=46140
RUN-1002 : start command "read_sdc"
USR-1002 : read_sdc file_name -help -h -eco
USR-1009 : NO module with IP_SDC ...
RUN-1104 : Import SDC file  finished, there are 0 nets kept by constraints.
RUN-1002 : start command "place"
RUN-1001 : Open license file E:/Anlogic/TD5.6.59063/license/Anlogic.lic
RUN-1001 : Print Global Property
RUN-1001 : ---------------------------------------------------------------
RUN-1001 :        Parameters        |  Settings  |  Default Values  |  Note  
RUN-1001 : ---------------------------------------------------------------
RUN-1001 :          message         |  standard  |     standard     |        
RUN-1001 :   mixed_pack_place_flow  |     on     |        on        |        
RUN-1001 :        qor_monitor       |    off     |       off        |        
RUN-1001 :        syn_ip_flow       |    off     |       off        |        
RUN-1001 :          thread          |    auto    |       auto       |        
RUN-1001 : ---------------------------------------------------------------
RUN-1001 : Print Place Property
RUN-1001 : --------------------------------------------------------------
RUN-1001 :        Parameters       |  Settings  |  Default Values  |  Note  
RUN-1001 : --------------------------------------------------------------
RUN-1001 :      detailed_place     |     on     |        on        |        
RUN-1001 :          effort         |   medium   |      medium      |        
RUN-1001 :         fix_hold        |    off     |       off        |        
RUN-1001 :       legalization      |    ori     |       ori        |        
RUN-1001 :      new_spreading      |     on     |        on        |        
RUN-1001 :        opt_timing       |   medium   |      medium      |        
RUN-1001 :   post_clock_route_opt  |    off     |       off        |        
RUN-1001 :       pr_strategy       |     1      |        1         |        
RUN-1001 :        relaxation       |    1.00    |       1.00       |        
RUN-1001 :         retiming        |    off     |       off        |        
RUN-1001 : --------------------------------------------------------------
PHY-3001 : Placer runs in 16 thread(s).
RUN-1002 : start command "legalize_phy_inst"
SYN-1011 : Flatten model keyboard_instance
RUN-1002 : start command "phys_opt -simplify_lut"
SYN-4024 : Net "clk_50M_dup_1" drives clk pins.
SYN-4024 : Net "U1/scan_clk" drives clk pins.
SYN-4025 : Tag rtl::Net U1/scan_clk as clock net
SYN-4025 : Tag rtl::Net clk_50M_dup_1 as clock net
SYN-4026 : Tagged 2 rtl::Net as clock net
SYN-4015 : Create BUFG instance for clk Net U1/scan_clk to drive 20 clock pins.
PHY-1001 : Populate physical database on model keyboard_instance.
RUN-1001 : There are total 837 instances
RUN-0007 : 415 luts, 243 seqs, 110 mslices, 41 lslices, 24 pads, 0 brams, 0 dsps
RUN-1001 : There are total 979 nets
RUN-1001 : 618 nets have 2 pins
RUN-1001 : 223 nets have [3 - 5] pins
RUN-1001 : 109 nets have [6 - 10] pins
RUN-1001 : 16 nets have [11 - 20] pins
RUN-1001 : 11 nets have [21 - 99] pins
RUN-1001 : 2 nets have 100+ pins
RUN-1001 : Report Control nets information:
RUN-1001 : DFF Distribution
RUN-1001 : ----------------------------------
RUN-1001 :   CE   |  SSR  |  ASR  |  DFF Count  
RUN-1001 : ----------------------------------
RUN-1001 :   No   |  No   |  No   |     94      
RUN-1001 :   No   |  No   |  Yes  |     20      
RUN-1001 :   No   |  Yes  |  No   |     49      
RUN-1001 :   Yes  |  No   |  No   |     48      
RUN-1001 :   Yes  |  No   |  Yes  |     32      
RUN-1001 :   Yes  |  Yes  |  No   |      0      
RUN-1001 : ----------------------------------
RUN-0007 : Control Group Statistic
RUN-0007 : ---------------------------
RUN-0007 :   #CLK  |  #CE  |  #SSR/ASR  
RUN-0007 : ---------------------------
RUN-0007 :    2    |   5   |     3      
RUN-0007 : ---------------------------
RUN-0007 : Control Set = 8
PHY-3001 : Initial placement ...
PHY-3001 : design contains 835 instances, 415 luts, 243 seqs, 151 slices, 15 macros(151 instances: 110 mslices 41 lslices)
PHY-0007 : Cell area utilization is 3%
PHY-3001 : Start timing update ...
RUN-1002 : start command "start_timer -report"
TMR-2505 : Start building timing graph for model keyboard_instance.
TMR-2506 : Build timing graph completely. Port num: 8, tpin num: 3691, tnet num: 977, tinst num: 835, tnode num: 4358, tedge num: 5927.
TMR-2508 : Levelizing timing graph completed, there are 47 levels in total.
TMR-2501 : Timing graph initialized successfully.
TMR-2503 : Start to update net delay, extr mode = 2.
TMR-2504 : Update delay of 977 nets completely.
TMR-2502 : Annotate delay completely, extr mode = 2.
TMR-3001 : Initiate 0 clocks from SDC.
TMR-3004 : Map sdc constraints, there are 0 constraints in total.
TMR-3003 : Constraints initiated successfully.
TMR-3501 : Forward propagation: start to calculate arrival time...
TMR-3502 : Backward propagation: start to calculate required time...
TMR-3503 : Timing propagation completes.
PHY-3001 : End timing update;  0.176536s wall, 0.078125s user + 0.000000s system = 0.078125s CPU (44.3%)

PHY-3001 : Global placement ...
PHY-3001 : Initial: Len = 239062
PHY-3001 : Clustering ...
PHY-3001 : Level 0 #clusters 835.
PHY-3001 : End clustering;  0.000015s wall, 0.000000s user + 0.000000s system = 0.000000s CPU (n/a%)

PHY-3001 : Run with size of 4
PHY-3001 : Cell area utilization is 3%
PHY-3001 : :::0::: Try harder cell spreading with beta_ = 0
PHY-3002 : Step(1): len = 157535, overlap = 0
PHY-3002 : Step(2): len = 102308, overlap = 0
PHY-3002 : Step(3): len = 75446.8, overlap = 0
PHY-3002 : Step(4): len = 54439.9, overlap = 0
PHY-3002 : Step(5): len = 43316.2, overlap = 0
PHY-3002 : Step(6): len = 37601.7, overlap = 1.875
PHY-3002 : Step(7): len = 29604.9, overlap = 4.25
PHY-3002 : Step(8): len = 25019.7, overlap = 8.53125
PHY-3002 : Step(9): len = 23007.5, overlap = 13.5625
PHY-3002 : Step(10): len = 22054.2, overlap = 12.2812
PHY-3002 : Step(11): len = 19620.2, overlap = 11.1875
PHY-3002 : Step(12): len = 18949, overlap = 10.5625
PHY-3002 : Step(13): len = 19023.4, overlap = 10.0625
PHY-3002 : Step(14): len = 17435.2, overlap = 10.8438
PHY-3002 : Step(15): len = 17139.5, overlap = 11.4375
PHY-3002 : Step(16): len = 17602.7, overlap = 10.8438
PHY-3002 : Step(17): len = 17773.2, overlap = 12.375
PHY-3002 : Step(18): len = 17214.8, overlap = 18.375
PHY-3002 : Step(19): len = 16155, overlap = 20.625
PHY-3002 : Step(20): len = 16636.4, overlap = 20.5625
PHY-3002 : Step(21): len = 17087.2, overlap = 22.2812
PHY-3001 : Legalization ...
PHY-3001 : End legalization;  0.004126s wall, 0.000000s user + 0.000000s system = 0.000000s CPU (n/a%)

PHY-3001 : Run with size of 4
PHY-3001 : Cell area utilization is 4%
PHY-3001 : Update timing in Manhattan mode ...
TMR-2503 : Start to update net delay, extr mode = 3.
TMR-2504 : Update delay of 977 nets completely.
TMR-2502 : Annotate delay completely, extr mode = 3.
TMR-3501 : Forward propagation: start to calculate arrival time...
TMR-3502 : Backward propagation: start to calculate required time...
TMR-3503 : Timing propagation completes.
PHY-3001 : End timing update;  0.010044s wall, 0.000000s user + 0.000000s system = 0.000000s CPU (n/a%)

PHY-3001 : :::0::: Try harder cell spreading with beta_ = 1.30069e-05
PHY-3002 : Step(22): len = 15374.6, overlap = 38.1562
PHY-3002 : Step(23): len = 15388.8, overlap = 37.7188
PHY-3002 : Step(24): len = 15505.3, overlap = 37.4688
PHY-3001 : :::1::: Try harder cell spreading with beta_ = 2.60137e-05
PHY-3002 : Step(25): len = 14683.8, overlap = 37.0938
PHY-3002 : Step(26): len = 14865.6, overlap = 36.9688
PHY-3002 : Step(27): len = 15191, overlap = 35.7812
PHY-3001 : :::2::: Try harder cell spreading with beta_ = 5.20275e-05
PHY-3002 : Step(28): len = 15053, overlap = 33.9062
PHY-3002 : Step(29): len = 15227, overlap = 33.5938
PHY-3002 : Step(30): len = 15984.5, overlap = 32.3438
PHY-3001 : Run with size of 2
PHY-3001 : Cell area utilization is 4%
PHY-3001 : Update timing in Manhattan mode ...
TMR-2503 : Start to update net delay, extr mode = 3.
TMR-2504 : Update delay of 977 nets completely.
TMR-2502 : Annotate delay completely, extr mode = 3.
TMR-3501 : Forward propagation: start to calculate arrival time...
TMR-3502 : Backward propagation: start to calculate required time...
TMR-3503 : Timing propagation completes.
PHY-3001 : End timing update;  0.009393s wall, 0.000000s user + 0.000000s system = 0.000000s CPU (n/a%)

PHY-3001 : :::0::: Try harder cell spreading with beta_ = 1.97359e-05
PHY-3002 : Step(31): len = 16216.5, overlap = 53.8125
PHY-3002 : Step(32): len = 16983.8, overlap = 52.0938
PHY-3002 : Step(33): len = 17535.6, overlap = 41.0938
PHY-3002 : Step(34): len = 18461.3, overlap = 31.875
PHY-3002 : Step(35): len = 18685, overlap = 30.2188
PHY-3002 : Step(36): len = 17668.1, overlap = 30.5938
PHY-3002 : Step(37): len = 17303.7, overlap = 36.5312
PHY-3002 : Step(38): len = 17316.6, overlap = 36.8125
PHY-3002 : Step(39): len = 16389, overlap = 36.3125
PHY-3002 : Step(40): len = 15960.5, overlap = 36.9062
PHY-3002 : Step(41): len = 16024.3, overlap = 36.7812
PHY-3002 : Step(42): len = 16049.7, overlap = 37.0625
PHY-3001 : :::1::: Try harder cell spreading with beta_ = 3.94717e-05
PHY-3002 : Step(43): len = 16344.4, overlap = 36.625
PHY-3002 : Step(44): len = 16344.4, overlap = 36.625
PHY-3002 : Step(45): len = 16039.6, overlap = 36.5312
PHY-3001 : :::2::: Try harder cell spreading with beta_ = 7.89435e-05
PHY-3002 : Step(46): len = 16783, overlap = 24.75
PHY-3002 : Step(47): len = 17285.7, overlap = 23.1562
PHY-3002 : Step(48): len = 17466, overlap = 22.9062
PHY-3001 : :::3::: Try harder cell spreading with beta_ = 0.000157887
PHY-3002 : Step(49): len = 17330, overlap = 24.7812
PHY-3002 : Step(50): len = 17398.7, overlap = 24.75
PHY-3002 : Step(51): len = 17820.7, overlap = 20.0625
PHY-3002 : Step(52): len = 17898, overlap = 18.2188
PHY-3002 : Step(53): len = 18005, overlap = 21.0625
OPT-1001 : Start physical optimization ...
RUN-1002 : start command "start_timer -report"
TMR-2505 : Start building timing graph for model keyboard_instance.
TMR-2506 : Build timing graph completely. Port num: 8, tpin num: 3691, tnet num: 977, tinst num: 835, tnode num: 4358, tedge num: 5927.
TMR-2508 : Levelizing timing graph completed, there are 47 levels in total.
TMR-2501 : Timing graph initialized successfully.
OPT-1001 : Total overflow 63.66 peak overflow 2.78
OPT-1001 : Start high-fanout net optimization ...
OPT-1001 : Update timing in global mode
PHY-1001 : Start incremental global routing, caller is place ...
RUN-1001 : Generating global routing grids ...
RUN-1001 : Building simple global routing graph ...
PHY-1001 : Generate routing nets ...
PHY-1001 : Reuse net number 0/979.
PHY-1001 : Global iterations in 16 thread ...
PHY-1002 : len = 20368, over cnt = 80(0%), over = 327, worst = 17
PHY-1001 : End global iterations;  0.053660s wall, 0.000000s user + 0.000000s system = 0.000000s CPU (n/a%)

PHY-1001 : Congestion index: top1 = 26.55, top5 = 12.09, top10 = 7.21, top15 = 4.87.
PHY-1001 : End incremental global routing;  0.105316s wall, 0.015625s user + 0.000000s system = 0.015625s CPU (14.8%)

TMR-2503 : Start to update net delay, extr mode = 5.
TMR-2504 : Update delay of 977 nets completely.
TMR-2502 : Annotate delay completely, extr mode = 5.
TMR-3001 : Initiate 0 clocks from SDC.
TMR-3004 : Map sdc constraints, there are 0 constraints in total.
TMR-3003 : Constraints initiated successfully.
TMR-3501 : Forward propagation: start to calculate arrival time...
TMR-3502 : Backward propagation: start to calculate required time...
TMR-3503 : Timing propagation completes.
OPT-1001 : End timing update;  0.016375s wall, 0.000000s user + 0.000000s system = 0.000000s CPU (n/a%)

OPT-1001 : 0 high-fanout net processed.
OPT-1001 : End high-fanout net optimization;  0.133092s wall, 0.015625s user + 0.000000s system = 0.015625s CPU (11.7%)

OPT-1001 : Current memory(MB): used = 151, reserve = 123, peak = 151.
OPT-1001 : Start global optimization ...
OPT-1001 : Start congestion update ...
RUN-1001 : Generating global routing grids ...
PHY-1001 : Generate routing nets ...
PHY-1001 : Reuse net number 589/979.
PHY-1001 : Global iterations in 16 thread ...
PHY-1002 : len = 20368, over cnt = 80(0%), over = 327, worst = 17
PHY-1002 : len = 23152, over cnt = 36(0%), over = 77, worst = 14
PHY-1002 : len = 23768, over cnt = 12(0%), over = 23, worst = 9
PHY-1002 : len = 24080, over cnt = 3(0%), over = 5, worst = 2
PHY-1002 : len = 24160, over cnt = 0(0%), over = 0, worst = 0
PHY-1001 : End global iterations;  0.059098s wall, 0.031250s user + 0.000000s system = 0.031250s CPU (52.9%)

PHY-1001 : Congestion index: top1 = 24.87, top5 = 12.94, top10 = 8.01, top15 = 5.49.
OPT-1001 : End congestion update;  0.102908s wall, 0.031250s user + 0.000000s system = 0.031250s CPU (30.4%)

OPT-1001 : Update timing in Manhattan mode
TMR-2503 : Start to update net delay, extr mode = 3.
TMR-2504 : Update delay of 977 nets completely.
TMR-2502 : Annotate delay completely, extr mode = 3.
TMR-3501 : Forward propagation: start to calculate arrival time...
TMR-3502 : Backward propagation: start to calculate required time...
TMR-3503 : Timing propagation completes.
OPT-1001 : End timing update;  0.011699s wall, 0.000000s user + 0.000000s system = 0.000000s CPU (n/a%)

OPT-0007 : Start: WNS 2147483647 TNS 0 NUM_FEPS 0
OPT-1001 : End global optimization;  0.114716s wall, 0.031250s user + 0.000000s system = 0.031250s CPU (27.2%)

OPT-1001 : Current memory(MB): used = 152, reserve = 124, peak = 152.
OPT-1001 : End physical optimization;  0.444568s wall, 0.156250s user + 0.000000s system = 0.156250s CPU (35.1%)

PHY-3001 : Start packing ...
SYN-4007 : Packing 0 MUX to BLE ...
SYN-4008 : Packed 0 MUX and 0 SEQ to BLE.
SYN-4007 : Packing 415 LUT to BLE ...
SYN-4008 : Packed 415 LUT and 140 SEQ to BLE.
SYN-4003 : Packing 103 remaining SEQ's ...
SYN-4005 : Packed 57 SEQ with LUT/SLICE
SYN-4006 : 226 single LUT's are left
SYN-4006 : 46 single SEQ's are left
SYN-4011 : Packing model "keyboard_instance" (AL_USER_NORMAL) with 461/640 primitive instances ...
PHY-3001 : End packing;  0.029647s wall, 0.015625s user + 0.000000s system = 0.015625s CPU (52.7%)

PHY-1001 : Populate physical database on model keyboard_instance.
RUN-1001 : There are total 419 instances
RUN-1001 : 196 mslices, 195 lslices, 24 pads, 0 brams, 0 dsps
RUN-1001 : There are total 851 nets
RUN-1001 : 490 nets have 2 pins
RUN-1001 : 226 nets have [3 - 5] pins
RUN-1001 : 107 nets have [6 - 10] pins
RUN-1001 : 17 nets have [11 - 20] pins
RUN-1001 : 9 nets have [21 - 99] pins
RUN-1001 : 2 nets have 100+ pins
PHY-3001 : design contains 417 instances, 391 slices, 15 macros(151 instances: 110 mslices 41 lslices)
PHY-3001 : Cell area utilization is 5%
PHY-3001 : After packing: Len = 18262.4, Over = 28.25
PHY-3001 : Run with size of 2
PHY-3001 : Cell area utilization is 5%
PHY-3001 : Update timing in Manhattan mode ...
RUN-1002 : start command "start_timer -report"
TMR-2505 : Start building timing graph for model keyboard_instance.
TMR-2506 : Build timing graph completely. Port num: 8, tpin num: 3251, tnet num: 849, tinst num: 417, tnode num: 3746, tedge num: 5436.
TMR-2508 : Levelizing timing graph completed, there are 45 levels in total.
TMR-2501 : Timing graph initialized successfully.
TMR-2503 : Start to update net delay, extr mode = 3.
TMR-2504 : Update delay of 849 nets completely.
TMR-2502 : Annotate delay completely, extr mode = 3.
TMR-3001 : Initiate 0 clocks from SDC.
TMR-3004 : Map sdc constraints, there are 0 constraints in total.
TMR-3003 : Constraints initiated successfully.
TMR-3501 : Forward propagation: start to calculate arrival time...
TMR-3502 : Backward propagation: start to calculate required time...
TMR-3503 : Timing propagation completes.
PHY-3001 : End timing update;  0.175047s wall, 0.125000s user + 0.000000s system = 0.125000s CPU (71.4%)

PHY-3001 : :::0::: Try harder cell spreading with beta_ = 2.29456e-05
PHY-3002 : Step(54): len = 17634.4, overlap = 29
PHY-3002 : Step(55): len = 17675.6, overlap = 28.75
PHY-3002 : Step(56): len = 17343.2, overlap = 27.5
PHY-3002 : Step(57): len = 16719.3, overlap = 29.75
PHY-3002 : Step(58): len = 16325.9, overlap = 31.75
PHY-3002 : Step(59): len = 16322.4, overlap = 37.75
PHY-3002 : Step(60): len = 16286.1, overlap = 38.5
PHY-3001 : :::1::: Try harder cell spreading with beta_ = 4.58912e-05
PHY-3002 : Step(61): len = 16741.7, overlap = 34.25
PHY-3002 : Step(62): len = 16850, overlap = 33.5
PHY-3002 : Step(63): len = 17118.8, overlap = 32.75
PHY-3001 : :::2::: Try harder cell spreading with beta_ = 9.17823e-05
PHY-3002 : Step(64): len = 18312.3, overlap = 29.25
PHY-3002 : Step(65): len = 18504.8, overlap = 29.25
PHY-3002 : Step(66): len = 18709.6, overlap = 28.5
PHY-3001 : Legalization ...
PHY-3001 : End legalization;  0.070128s wall, 0.015625s user + 0.031250s system = 0.046875s CPU (66.8%)

PHY-3001 : Trial Legalized: Len = 27903.4
PHY-3001 : Run with size of 2
PHY-3001 : Cell area utilization is 5%
PHY-3001 : Update timing in Manhattan mode ...
TMR-2503 : Start to update net delay, extr mode = 3.
TMR-2504 : Update delay of 849 nets completely.
TMR-2502 : Annotate delay completely, extr mode = 3.
TMR-3501 : Forward propagation: start to calculate arrival time...
TMR-3502 : Backward propagation: start to calculate required time...
TMR-3503 : Timing propagation completes.
PHY-3001 : End timing update;  0.008862s wall, 0.000000s user + 0.000000s system = 0.000000s CPU (n/a%)

PHY-3001 : :::0::: Try harder cell spreading with beta_ = 0.000555931
PHY-3002 : Step(67): len = 23499.9, overlap = 5.25
PHY-3002 : Step(68): len = 21344.8, overlap = 7.25
PHY-3002 : Step(69): len = 20378.7, overlap = 8.25
PHY-3002 : Step(70): len = 19815, overlap = 8.5
PHY-3002 : Step(71): len = 19358.2, overlap = 8.5
PHY-3002 : Step(72): len = 19271.3, overlap = 8.25
PHY-3002 : Step(73): len = 19244.1, overlap = 7.75
PHY-3001 : :::1::: Try harder cell spreading with beta_ = 0.00111186
PHY-3002 : Step(74): len = 19157.8, overlap = 8.25
PHY-3002 : Step(75): len = 19142.6, overlap = 8.25
PHY-3001 : :::2::: Try harder cell spreading with beta_ = 0.00215028
PHY-3002 : Step(76): len = 19212, overlap = 8.5
PHY-3002 : Step(77): len = 19180.2, overlap = 8.75
PHY-3001 : Legalization ...
PHY-3001 : End legalization;  0.005119s wall, 0.000000s user + 0.000000s system = 0.000000s CPU (n/a%)

PHY-3001 : Legalized: Len = 22573.8, Over = 0
PHY-3001 : End spreading;  0.003079s wall, 0.000000s user + 0.000000s system = 0.000000s CPU (n/a%)

PHY-3001 : Final: Len = 22573.8, Over = 0
OPT-1001 : Start physical optimization ...
RUN-1002 : start command "start_timer -report"
TMR-2505 : Start building timing graph for model keyboard_instance.
TMR-2506 : Build timing graph completely. Port num: 8, tpin num: 3251, tnet num: 849, tinst num: 417, tnode num: 3746, tedge num: 5436.
TMR-2508 : Levelizing timing graph completed, there are 45 levels in total.
TMR-2501 : Timing graph initialized successfully.
OPT-1001 : Total overflow 0.00 peak overflow 0.00
OPT-1001 : Start high-fanout net optimization ...
OPT-1001 : Update timing in global mode
PHY-1001 : Start incremental global routing, caller is place ...
RUN-1001 : Generating global routing grids ...
PHY-1001 : Generate routing nets ...
PHY-1001 : Reuse net number 29/851.
PHY-1001 : Global iterations in 16 thread ...
PHY-1002 : len = 26608, over cnt = 95(0%), over = 151, worst = 5
PHY-1002 : len = 27368, over cnt = 55(0%), over = 74, worst = 4
PHY-1002 : len = 28184, over cnt = 0(0%), over = 0, worst = 0
PHY-1001 : End global iterations;  0.082702s wall, 0.062500s user + 0.000000s system = 0.062500s CPU (75.6%)

PHY-1001 : Congestion index: top1 = 23.34, top5 = 15.24, top10 = 9.67, top15 = 6.72.
PHY-1001 : End incremental global routing;  0.129390s wall, 0.062500s user + 0.000000s system = 0.062500s CPU (48.3%)

TMR-2503 : Start to update net delay, extr mode = 5.
TMR-2504 : Update delay of 849 nets completely.
TMR-2502 : Annotate delay completely, extr mode = 5.
TMR-3001 : Initiate 0 clocks from SDC.
TMR-3004 : Map sdc constraints, there are 0 constraints in total.
TMR-3003 : Constraints initiated successfully.
TMR-3501 : Forward propagation: start to calculate arrival time...
TMR-3502 : Backward propagation: start to calculate required time...
TMR-3503 : Timing propagation completes.
OPT-1001 : End timing update;  0.014191s wall, 0.015625s user + 0.000000s system = 0.015625s CPU (110.1%)

OPT-1001 : 0 high-fanout net processed.
OPT-1001 : End high-fanout net optimization;  0.152950s wall, 0.078125s user + 0.000000s system = 0.078125s CPU (51.1%)

OPT-1001 : Current memory(MB): used = 155, reserve = 127, peak = 155.
OPT-1001 : Start path based optimization ...
OPT-1001 : Start congestion update ...
RUN-1001 : Generating global routing grids ...
PHY-1001 : Generate routing nets ...
PHY-1001 : Reuse net number 684/851.
PHY-1001 : Global iterations in 16 thread ...
PHY-1002 : len = 28184, over cnt = 0(0%), over = 0, worst = 0
PHY-1001 : End global iterations;  0.002706s wall, 0.000000s user + 0.000000s system = 0.000000s CPU (n/a%)

PHY-1001 : Congestion index: top1 = 23.34, top5 = 15.24, top10 = 9.67, top15 = 6.72.
OPT-1001 : End congestion update;  0.045208s wall, 0.031250s user + 0.000000s system = 0.031250s CPU (69.1%)

OPT-1001 : Update timing in Manhattan mode
TMR-2503 : Start to update net delay, extr mode = 3.
TMR-2504 : Update delay of 849 nets completely.
TMR-2502 : Annotate delay completely, extr mode = 3.
TMR-3501 : Forward propagation: start to calculate arrival time...
TMR-3502 : Backward propagation: start to calculate required time...
TMR-3503 : Timing propagation completes.
OPT-1001 : End timing update;  0.009994s wall, 0.000000s user + 0.000000s system = 0.000000s CPU (n/a%)

OPT-0007 : Start: WNS 2147483647 TNS 0 NUM_FEPS 0
OPT-1001 : End path based optimization;  0.055286s wall, 0.031250s user + 0.000000s system = 0.031250s CPU (56.5%)

OPT-1001 : Current memory(MB): used = 155, reserve = 127, peak = 155.
OPT-1001 : Update timing in Manhattan mode
TMR-2503 : Start to update net delay, extr mode = 3.
TMR-2504 : Update delay of 849 nets completely.
TMR-2502 : Annotate delay completely, extr mode = 3.
TMR-3501 : Forward propagation: start to calculate arrival time...
TMR-3502 : Backward propagation: start to calculate required time...
TMR-3503 : Timing propagation completes.
OPT-1001 : End timing update;  0.007832s wall, 0.015625s user + 0.000000s system = 0.015625s CPU (199.5%)

OPT-1001 : Start pin optimization...
OPT-1001 : skip pin optimization...
OPT-1001 : Update timing in global mode
PHY-1001 : Start incremental global routing, caller is place ...
RUN-1001 : Generating global routing grids ...
PHY-1001 : Generate routing nets ...
PHY-1001 : Reuse net number 684/851.
PHY-1001 : Global iterations in 16 thread ...
PHY-1002 : len = 28184, over cnt = 0(0%), over = 0, worst = 0
PHY-1001 : End global iterations;  0.003307s wall, 0.000000s user + 0.000000s system = 0.000000s CPU (n/a%)

PHY-1001 : Congestion index: top1 = 23.34, top5 = 15.24, top10 = 9.67, top15 = 6.72.
PHY-1001 : End incremental global routing;  0.045434s wall, 0.046875s user + 0.000000s system = 0.046875s CPU (103.2%)

TMR-2503 : Start to update net delay, extr mode = 5.
TMR-2504 : Update delay of 849 nets completely.
TMR-2502 : Annotate delay completely, extr mode = 5.
TMR-3501 : Forward propagation: start to calculate arrival time...
TMR-3502 : Backward propagation: start to calculate required time...
TMR-3503 : Timing propagation completes.
OPT-1001 : End timing update;  0.013023s wall, 0.000000s user + 0.000000s system = 0.000000s CPU (n/a%)

RUN-1001 : Generating global routing grids ...
PHY-1001 : Generate routing nets ...
PHY-1001 : Reuse net number 684/851.
PHY-1001 : Global iterations in 16 thread ...
PHY-1002 : len = 28184, over cnt = 0(0%), over = 0, worst = 0
PHY-1001 : End global iterations;  0.004894s wall, 0.000000s user + 0.000000s system = 0.000000s CPU (n/a%)

PHY-1001 : Congestion index: top1 = 23.34, top5 = 15.24, top10 = 9.67, top15 = 6.72.
OPT-1001 : Update timing in Manhattan mode
TMR-2503 : Start to update net delay, extr mode = 3.
TMR-2504 : Update delay of 849 nets completely.
TMR-2502 : Annotate delay completely, extr mode = 3.
TMR-3501 : Forward propagation: start to calculate arrival time...
TMR-3502 : Backward propagation: start to calculate required time...
TMR-3503 : Timing propagation completes.
OPT-1001 : End timing update;  0.012429s wall, 0.015625s user + 0.000000s system = 0.015625s CPU (125.7%)

RUN-1001 : QoR Analysis:
OPT-0007 :   WNS 2147483647 TNS 0 NUM_FEPS 0
RUN-1001 :   No local congestion issue, and most congested 1% tile average routing util is 22.862069
RUN-1001 :   Top critical paths
OPT-1001 : End physical optimization;  0.521471s wall, 0.218750s user + 0.000000s system = 0.218750s CPU (41.9%)

RUN-1003 : finish command "place" in  3.419494s wall, 1.062500s user + 0.500000s system = 1.562500s CPU (45.7%)

RUN-1004 : used memory is 138 MB, reserved memory is 109 MB, peak memory is 155 MB
RUN-1002 : start command "export_db keyboard_place.db"
RUN-1001 : Exported /
RUN-1001 : Exported flow parameters
RUN-1001 : Exported libs
RUN-1001 : Exported entities
RUN-1001 : Exported ports
RUN-1001 : Exported pins
RUN-1001 : Exported instances
RUN-1001 : Exported nets
RUN-1001 : Exported buses
RUN-1001 : Exported models
RUN-1001 : Exported congestions
RUN-1001 : Exported violations
RUN-1001 : Exported timing constraints
RUN-1001 : Exported IO constraints
RUN-1001 : Exported Inst constraints
RUN-1002 : start command "route"
RUN-1001 : Open license file E:/Anlogic/TD5.6.59063/license/Anlogic.lic
RUN-1001 : Print Global Property
RUN-1001 : ---------------------------------------------------------------
RUN-1001 :        Parameters        |  Settings  |  Default Values  |  Note  
RUN-1001 : ---------------------------------------------------------------
RUN-1001 :          message         |  standard  |     standard     |        
RUN-1001 :   mixed_pack_place_flow  |     on     |        on        |        
RUN-1001 :        qor_monitor       |    off     |       off        |        
RUN-1001 :        syn_ip_flow       |    off     |       off        |        
RUN-1001 :          thread          |    auto    |       auto       |        
RUN-1001 : ---------------------------------------------------------------
RUN-1001 : Print Route Property
RUN-1001 : -------------------------------------------------------
RUN-1001 :    Parameters    |  Settings  |  Default Values  |  Note  
RUN-1001 : -------------------------------------------------------
RUN-1001 :      effort      |   medium   |      medium      |        
RUN-1001 :     fix_hold     |    off     |       off        |        
RUN-1001 :    opt_timing    |   medium   |      medium      |        
RUN-1001 :   phy_sim_model  |    off     |       off        |        
RUN-1001 :     priority     |   timing   |      timing      |        
RUN-1001 :     swap_pin     |     on     |        on        |        
RUN-1001 : -------------------------------------------------------
PHY-1001 : Route runs in 16 thread(s)
RUN-1001 : There are total 419 instances
RUN-1001 : 196 mslices, 195 lslices, 24 pads, 0 brams, 0 dsps
RUN-1001 : There are total 851 nets
RUN-1001 : 490 nets have 2 pins
RUN-1001 : 226 nets have [3 - 5] pins
RUN-1001 : 107 nets have [6 - 10] pins
RUN-1001 : 17 nets have [11 - 20] pins
RUN-1001 : 9 nets have [21 - 99] pins
RUN-1001 : 2 nets have 100+ pins
RUN-1002 : start command "start_timer -report"
TMR-2505 : Start building timing graph for model keyboard_instance.
TMR-2506 : Build timing graph completely. Port num: 8, tpin num: 3251, tnet num: 849, tinst num: 417, tnode num: 3746, tedge num: 5436.
TMR-2508 : Levelizing timing graph completed, there are 45 levels in total.
TMR-2501 : Timing graph initialized successfully.
PHY-1001 : 196 mslices, 195 lslices, 24 pads, 0 brams, 0 dsps
TMR-2503 : Start to update net delay, extr mode = 3.
TMR-2504 : Update delay of 849 nets completely.
TMR-2502 : Annotate delay completely, extr mode = 3.
TMR-3001 : Initiate 0 clocks from SDC.
TMR-3004 : Map sdc constraints, there are 0 constraints in total.
TMR-3003 : Constraints initiated successfully.
TMR-3501 : Forward propagation: start to calculate arrival time...
TMR-3502 : Backward propagation: start to calculate required time...
TMR-3503 : Timing propagation completes.
PHY-1001 : Start global routing, caller is route ...
RUN-1001 : Generating global routing grids ...
PHY-1001 : Generate routing nets ...
PHY-1001 : Global iterations in 16 thread ...
PHY-1002 : len = 26472, over cnt = 92(0%), over = 152, worst = 5
PHY-1002 : len = 27192, over cnt = 55(0%), over = 78, worst = 4
PHY-1002 : len = 27952, over cnt = 6(0%), over = 9, worst = 4
PHY-1002 : len = 28080, over cnt = 0(0%), over = 0, worst = 0
PHY-1001 : End global iterations;  0.095535s wall, 0.015625s user + 0.031250s system = 0.046875s CPU (49.1%)

PHY-1001 : Congestion index: top1 = 23.34, top5 = 15.26, top10 = 9.66, top15 = 6.68.
PHY-1001 : End global routing;  0.141262s wall, 0.031250s user + 0.031250s system = 0.062500s CPU (44.2%)

PHY-1001 : Start detail routing ...
PHY-1001 : Current memory(MB): used = 176, reserve = 148, peak = 191.
PHY-1001 : Detailed router is running in normal mode.
PHY-1001 : Generate detailed routing grids ...
PHY-1001 : Generate nets ...
PHY-1001 : net clk_50M_dup_1 will be routed on clock mesh
PHY-1001 : clock net U1/scan_clk_syn_4 will be merged with clock U1/scan_clk
PHY-1001 : Current memory(MB): used = 444, reserve = 422, peak = 444.
PHY-1001 : End build detailed router design. 4.025774s wall, 1.656250s user + 0.000000s system = 1.656250s CPU (41.1%)

PHY-1001 : Detail Route ...
PHY-1001 : ===== Detail Route Phase 1 =====
PHY-1001 : Clock net routing.....
PHY-1001 : Routed 0% nets.
PHY-1022 : len = 10520, over cnt = 0(0%), over = 0, worst = 0, crit = 0
PHY-1001 : End initial clock net routed; 0.388996s wall, 0.171875s user + 0.015625s system = 0.187500s CPU (48.2%)

PHY-1001 : Current memory(MB): used = 474, reserve = 454, peak = 474.
PHY-1001 : End phase 1; 0.394883s wall, 0.171875s user + 0.015625s system = 0.187500s CPU (47.5%)

PHY-1001 : ===== Detail Route Phase 2 =====
PHY-1001 : Initial routing.....
PHY-1001 : Routed 24% nets.
PHY-1001 : Routed 29% nets.
PHY-1001 : Routed 31% nets.
PHY-1001 : Routed 31% nets.
PHY-1001 : Routed 31% nets.
PHY-1001 : Patch 417 net; 0.286307s wall, 0.187500s user + 0.000000s system = 0.187500s CPU (65.5%)

PHY-1022 : len = 56264, over cnt = 41(0%), over = 41, worst = 1, crit = 0
PHY-1001 : Current memory(MB): used = 474, reserve = 454, peak = 474.
PHY-1001 : End initial routed; 0.479301s wall, 0.250000s user + 0.000000s system = 0.250000s CPU (52.2%)

PHY-1001 : Update timing.....
PHY-1001 : 0/689(0%) critical/total net(s).
RUN-1001 : ------------------------------------------
RUN-1001 :   Type   |    WNS(ns)    |  TNS(ns)  |  FEP  
RUN-1001 : ------------------------------------------
RUN-1001 :   Setup  |  2147483.647  |   0.000   |   0   
RUN-1001 :   Hold   |  2147483.647  |   0.000   |   0   
RUN-1001 : ------------------------------------------
PHY-1001 : End update timing; 0.234667s wall, 0.140625s user + 0.000000s system = 0.140625s CPU (59.9%)

PHY-1001 : Current memory(MB): used = 474, reserve = 454, peak = 474.
PHY-1001 : End phase 2; 0.714101s wall, 0.390625s user + 0.000000s system = 0.390625s CPU (54.7%)

PHY-1001 : ===== Detail Route Phase 3 =====
PHY-1001 : Optimize timing.....
PHY-1022 : len = 56264, over cnt = 41(0%), over = 41, worst = 1, crit = 0
PHY-1001 : End optimize timing; 0.005746s wall, 0.000000s user + 0.000000s system = 0.000000s CPU (n/a%)

PHY-1001 : Ripup-reroute.....
PHY-1001 : ===== DR Iter 1 =====
PHY-1022 : len = 56480, over cnt = 10(0%), over = 10, worst = 1, crit = 0
PHY-1001 : End DR Iter 1; 0.056734s wall, 0.031250s user + 0.015625s system = 0.046875s CPU (82.6%)

PHY-1001 : ===== DR Iter 2 =====
PHY-1022 : len = 56536, over cnt = 0(0%), over = 0, worst = 0, crit = 0
PHY-1001 : End DR Iter 2; 0.025722s wall, 0.015625s user + 0.015625s system = 0.031250s CPU (121.5%)

PHY-1001 : Update timing.....
PHY-1001 : 0/689(0%) critical/total net(s).
RUN-1001 : ------------------------------------------
RUN-1001 :   Type   |    WNS(ns)    |  TNS(ns)  |  FEP  
RUN-1001 : ------------------------------------------
RUN-1001 :   Setup  |  2147483.647  |   0.000   |   0   
RUN-1001 :   Hold   |  2147483.647  |   0.000   |   0   
RUN-1001 : ------------------------------------------
PHY-1001 : End update timing; 0.265613s wall, 0.093750s user + 0.000000s system = 0.093750s CPU (35.3%)

PHY-1001 : Commit to database.....
PHY-1001 : 10 feed throughs used by 9 nets
PHY-1001 : End commit to database; 0.085432s wall, 0.015625s user + 0.000000s system = 0.015625s CPU (18.3%)

PHY-1001 : Current memory(MB): used = 484, reserve = 463, peak = 484.
PHY-1001 : End phase 3; 0.585778s wall, 0.218750s user + 0.031250s system = 0.250000s CPU (42.7%)

PHY-1003 : Routed, final wirelength = 56536
PHY-1001 : Current memory(MB): used = 485, reserve = 463, peak = 485.
PHY-1001 : End export database. 0.006465s wall, 0.015625s user + 0.000000s system = 0.015625s CPU (241.7%)

PHY-1001 : End detail routing;  5.935798s wall, 2.484375s user + 0.046875s system = 2.531250s CPU (42.6%)

RUN-1003 : finish command "route" in  6.347245s wall, 2.562500s user + 0.078125s system = 2.640625s CPU (41.6%)

RUN-1004 : used memory is 432 MB, reserved memory is 409 MB, peak memory is 485 MB
RUN-1002 : start command "report_area -io_info -file keyboard_phy.area"
RUN-1001 : standard
***Report Model: keyboard_instance Device: EG4S20BG256***

IO Statistics
#IO                        24
  #input                    6
  #output                  18
  #inout                    0

Utilization Statistics
#lut                      717   out of  19600    3.66%
#reg                      243   out of  19600    1.24%
#le                       763
  #lut only               520   out of    763   68.15%
  #reg only                46   out of    763    6.03%
  #lut&reg                197   out of    763   25.82%
#dsp                        0   out of     29    0.00%
#bram                       0   out of     64    0.00%
  #bram9k                   0
  #fifo9k                   0
#bram32k                    0   out of     16    0.00%
#pad                       24   out of    188   12.77%
  #ireg                     0
  #oreg                     0
  #treg                     0
#pll                        0   out of      4    0.00%
#gclk                       2   out of     16   12.50%

Clock Resource Statistics
Index     ClockNet         Type               DriverType         Driver                      Fanout
#1        clk_50M_dup_1    GCLK               io                 clk_50M_syn_2.di            133
#2        U1/scan_clk      GCLK               mslice             U1/scan_clk_reg_syn_9.q1    11


Detailed IO Report

        Name           Direction    Location    IOStandard    DriveStrength    PullType    PackReg  
        RSTn             INPUT         A9        LVCMOS33          N/A          PULLUP      NONE    
       clk_50M           INPUT         R7        LVCMOS33          N/A          PULLUP      NONE    
       col[3]            INPUT        F10        LVCMOS33          N/A          PULLUP      NONE    
       col[2]            INPUT        C11        LVCMOS33          N/A          PULLUP      NONE    
       col[1]            INPUT        D11        LVCMOS33          N/A          PULLUP      NONE    
       col[0]            INPUT        E11        LVCMOS33          N/A          PULLUP      NONE    
  DigitronCS_Out[3]     OUTPUT         A3        LVCMOS33           8            NONE       NONE    
  DigitronCS_Out[2]     OUTPUT         A5        LVCMOS33           8            NONE       NONE    
  DigitronCS_Out[1]     OUTPUT         B6        LVCMOS33           8            NONE       NONE    
  DigitronCS_Out[0]     OUTPUT         C9        LVCMOS33           8            NONE       NONE    
   Digitron_Out[7]      OUTPUT         C8        LVCMOS33           8            NONE       NONE    
   Digitron_Out[6]      OUTPUT         A8        LVCMOS33           8            NONE       NONE    
   Digitron_Out[5]      OUTPUT         B5        LVCMOS33           8            NONE       NONE    
   Digitron_Out[4]      OUTPUT         A7        LVCMOS33           8            NONE       NONE    
   Digitron_Out[3]      OUTPUT         E8        LVCMOS33           8            NONE       NONE    
   Digitron_Out[2]      OUTPUT         B8        LVCMOS33           8            NONE       NONE    
   Digitron_Out[1]      OUTPUT         A6        LVCMOS33           8            NONE       NONE    
   Digitron_Out[0]      OUTPUT         A4        LVCMOS33           8            NONE       NONE    
       buzzer           OUTPUT        H11        LVCMOS33           8            NONE       NONE    
        light           OUTPUT        B14        LVCMOS33           8            NONE       NONE    
       row[3]           OUTPUT         D9        LVCMOS33           8            NONE       NONE    
       row[2]           OUTPUT         F9        LVCMOS33           8            NONE       NONE    
       row[1]           OUTPUT        C10        LVCMOS33           8            NONE       NONE    
       row[0]           OUTPUT        E10        LVCMOS33           8            NONE       NONE    

Report Hierarchy Area:
+-------------------------------------------------------------------------------------------+
|Instance |Module                      |le     |lut     |ripple  |seq     |bram    |dsp     |
+-------------------------------------------------------------------------------------------+
|top      |keyboard_instance           |763    |566     |151     |243     |0       |0       |
|  U1     |keyboard_scan               |73     |50      |9       |53      |0       |0       |
|  U2     |key_filter                  |61     |32      |6       |51      |0       |0       |
|  U3     |onehot2binary               |585    |454     |131     |124     |0       |0       |
|  U5     |Digitron_TimeDisplay_module |41     |27      |5       |15      |0       |0       |
+-------------------------------------------------------------------------------------------+


DataNet Average Fanout:

   Index     Fanout    Nets  
    #1         1       466   
    #2         2       120   
    #3         3        68   
    #4         4        38   
    #5        5-10     110   
    #6       11-50      20   
    #7       51-100     1    
  Average     2.71           

RUN-1002 : start command "export_db keyboard_pr.db"
RUN-1001 : Exported /
RUN-1001 : Exported flow parameters
RUN-1001 : Exported libs
RUN-1001 : Exported entities
RUN-1001 : Exported ports
RUN-1001 : Exported pins
RUN-1001 : Exported instances
RUN-1001 : Exported nets
RUN-1001 : Exported buses
RUN-1001 : Exported models
RUN-1001 : Exported congestions
RUN-1001 : Exported violations
RUN-1001 : Exported timing constraints
RUN-1001 : Exported IO constraints
RUN-1001 : Exported Inst constraints
RUN-1002 : start command "export_bid keyboard_inst.bid"
RUN-1002 : start command "bitgen -bit keyboard.bit -unused_io_status pulldown"
BIT-1003 : Start to generate bitstream. 
BIT-1002 : Bitgen processed 164 unused pads, reserve input tri_state with pulldown
BIT-1002 : Init instances with 16 threads.
BIT-1002 : Init instances completely, inst num: 581
BIT-1002 : Init pips with 16 threads.
BIT-1002 : Init pips completely, net num: 851, pip num: 6425
BIT-1002 : Init feedthrough with 16 threads.
BIT-1002 : Init feedthrough completely, num: 10
BIT-1003 : Multithreading accelaration with 16 threads.
BIT-1003 : Generate bitstream completely, there are 795 valid insts, and 21631 bits set as '1'.
BIT-1004 : PLL setting string = 0000
BIT-1004 : Generate bits file keyboard.bit.
RUN-1003 : finish command "bitgen -bit keyboard.bit -unused_io_status pulldown" in  1.702328s wall, 9.062500s user + 0.046875s system = 9.109375s CPU (535.1%)

RUN-1004 : used memory is 436 MB, reserved memory is 412 MB, peak memory is 628 MB
RUN-1002 : start command "backup_run_log run.log ../.logs/phy_1/td_20240828_234934.log"
