============================================================
   Tang Dynasty, V5.6.59063
   Copyright (c) 2012-2022 Anlogic
   Executable = E:/Anlogic/TD5.6.59063/bin/td.exe
   Built at =   12:45:13 Sep  6 2022
   Run by =     19234
   Run Date =   Wed Aug 28 13:39:41 2024

   Run on =     ERIKPSW
============================================================
RUN-1002 : start command "open_project keyboard.prj"
RUN-1001 : Print Global Property
RUN-1001 : ---------------------------------------------------------------
RUN-1001 :        Parameters        |  Settings  |  Default Values  |  Note  
RUN-1001 : ---------------------------------------------------------------
RUN-1001 :          message         |  standard  |     standard     |        
RUN-1001 :   mixed_pack_place_flow  |     on     |        on        |        
RUN-1001 :        qor_monitor       |    off     |       off        |        
RUN-1001 :        syn_ip_flow       |    off     |       off        |        
RUN-1001 :          thread          |    auto    |       auto       |        
RUN-1001 : ---------------------------------------------------------------
RUN-1001 : Print Design Property
RUN-1001 : --------------------------------------------------------------
RUN-1001 :        Parameters       |  Settings  |  Default Values  |  Note  
RUN-1001 : --------------------------------------------------------------
RUN-1001 :   default_reg_initial   |    auto    |       auto       |        
RUN-1001 :        infer_add        |     on     |        on        |        
RUN-1001 :        infer_fsm        |    off     |       off        |        
RUN-1001 :        infer_mult       |     on     |        on        |        
RUN-1001 :        infer_ram        |     on     |        on        |        
RUN-1001 :        infer_reg        |     on     |        on        |        
RUN-1001 :   infer_reg_init_value  |     on     |        on        |        
RUN-1001 :        infer_rom        |     on     |        on        |        
RUN-1001 :      infer_shifter      |     on     |        on        |        
RUN-1001 : --------------------------------------------------------------
RUN-1001 : Print Rtl Property
RUN-1001 : --------------------------------------------------------------
RUN-1001 :        Parameters       |  Settings  |  Default Values  |  Note  
RUN-1001 : --------------------------------------------------------------
RUN-1001 :       compress_add      |   ripple   |      ripple      |        
RUN-1001 :        elf_sload        |    off     |       off        |        
RUN-1001 :       fix_undriven      |     0      |        0         |        
RUN-1001 :         flatten         |    off     |       off        |        
RUN-1001 :       gate_sharing      |     on     |        on        |        
RUN-1001 :    hdl_warning_level    |   normal   |      normal      |        
RUN-1001 :   impl_internal_tribuf  |     on     |        on        |        
RUN-1001 :      impl_set_reset     |     on     |        on        |        
RUN-1001 :        infer_gsr        |    off     |       off        |        
RUN-1001 :      keep_hierarchy     |    auto    |       auto       |        
RUN-1001 :        max_fanout       |    9999    |       9999       |        
RUN-1001 :      max_oh2bin_len     |     10     |        10        |        
RUN-1001 :       merge_equal       |     on     |        on        |        
RUN-1001 :       merge_equiv       |     on     |        on        |        
RUN-1001 :        merge_mux        |    off     |       off        |        
RUN-1001 :     min_control_set     |     8      |        8         |        
RUN-1001 :      min_ripple_len     |    auto    |       auto       |        
RUN-1001 :       oh2bin_ratio      |    0.08    |       0.08       |        
RUN-1001 :     opt_adder_fanout    |     on     |        on        |        
RUN-1001 :        opt_arith        |     on     |        on        |        
RUN-1001 :       opt_big_gate      |    off     |       off        |        
RUN-1001 :        opt_const        |     on     |        on        |        
RUN-1001 :      opt_const_mult     |     on     |        on        |        
RUN-1001 :       opt_lessthan      |     on     |        on        |        
RUN-1001 :         opt_mux         |    off     |       off        |        
RUN-1001 :         opt_ram         |    high    |       high       |        
RUN-1001 :      rtl_sim_model      |    off     |       off        |        
RUN-1001 :         seq_syn         |     on     |        on        |        
RUN-1001 : --------------------------------------------------------------
HDL-1007 : analyze verilog file ../../../src/Digitron_TimeDisplay_module.v
HDL-1007 : analyze verilog file ../../../src/key_filter.v
HDL-1007 : analyze verilog file ../../../src/keyboard_instance.v
HDL-1007 : analyze verilog file ../../../src/keyboard_scan.v
HDL-1007 : analyze verilog file ../../../src/onehot2binary.v
RUN-1001 : Project manager successfully analyzed 5 source files.
RUN-1002 : start command "import_device eagle_s20.db -package EG4S20BG256"
ARC-1001 : Device Initialization.
ARC-1001 : ------------------------------------------------------------------
ARC-1001 :            OPTION            |          IO          |   SETTING   
ARC-1001 : ------------------------------------------------------------------
ARC-1001 :   cso_b/cclk/mosi/miso/dout  |  T3/R11/T10/P10/S11  |    gpio    
ARC-1001 :             done             |         P13          |    gpio    
ARC-1001 :           program_b          |          T2          |  dedicate  
ARC-1001 :        tdi/tms/tck/tdo       |   C12/A15/C14/E14    |  dedicate  
ARC-1001 : ------------------------------------------------------------------
ARC-1004 : Device setting, marked 5 dedicate IOs in total.
RUN-1002 : start command "import_db ../syn_1/keyboard_gate.db"
RUN-1001 : Importing database generated by Tang Dynasty, V5.6.59063.
RUN-1001 : Database version number 46140.
RUN-1001 : Import flow parameters
RUN-1001 : Import timing constraints
RUN-1001 : Import IO constraints
RUN-1001 : Import Inst constraints
RUN-1001 : Import design success TD_VERSION=5.6.59063 , DB_VERSION=46140
RUN-1002 : start command "read_sdc"
USR-1002 : read_sdc file_name -help -h -eco
USR-1009 : NO module with IP_SDC ...
RUN-1104 : Import SDC file  finished, there are 0 nets kept by constraints.
RUN-1002 : start command "place"
RUN-1001 : Open license file E:/Anlogic/TD5.6.59063/license/Anlogic.lic
RUN-1001 : Print Global Property
RUN-1001 : ---------------------------------------------------------------
RUN-1001 :        Parameters        |  Settings  |  Default Values  |  Note  
RUN-1001 : ---------------------------------------------------------------
RUN-1001 :          message         |  standard  |     standard     |        
RUN-1001 :   mixed_pack_place_flow  |     on     |        on        |        
RUN-1001 :        qor_monitor       |    off     |       off        |        
RUN-1001 :        syn_ip_flow       |    off     |       off        |        
RUN-1001 :          thread          |    auto    |       auto       |        
RUN-1001 : ---------------------------------------------------------------
RUN-1001 : Print Place Property
RUN-1001 : --------------------------------------------------------------
RUN-1001 :        Parameters       |  Settings  |  Default Values  |  Note  
RUN-1001 : --------------------------------------------------------------
RUN-1001 :      detailed_place     |     on     |        on        |        
RUN-1001 :          effort         |   medium   |      medium      |        
RUN-1001 :         fix_hold        |    off     |       off        |        
RUN-1001 :       legalization      |    ori     |       ori        |        
RUN-1001 :      new_spreading      |     on     |        on        |        
RUN-1001 :        opt_timing       |   medium   |      medium      |        
RUN-1001 :   post_clock_route_opt  |    off     |       off        |        
RUN-1001 :       pr_strategy       |     1      |        1         |        
RUN-1001 :        relaxation       |    1.00    |       1.00       |        
RUN-1001 :         retiming        |    off     |       off        |        
RUN-1001 : --------------------------------------------------------------
PHY-3001 : Placer runs in 16 thread(s).
RUN-1002 : start command "legalize_phy_inst"
SYN-1011 : Flatten model keyboard_instance
RUN-1002 : start command "phys_opt -simplify_lut"
SYN-4024 : Net "clk_50M_dup_1" drives clk pins.
SYN-4024 : Net "U1/scan_clk" drives clk pins.
SYN-4025 : Tag rtl::Net U1/scan_clk as clock net
SYN-4025 : Tag rtl::Net clk_50M_dup_1 as clock net
SYN-4026 : Tagged 2 rtl::Net as clock net
SYN-4015 : Create BUFG instance for clk Net U1/scan_clk to drive 20 clock pins.
PHY-1001 : Populate physical database on model keyboard_instance.
RUN-1001 : There are total 612 instances
RUN-0007 : 253 luts, 201 seqs, 96 mslices, 34 lslices, 24 pads, 0 brams, 0 dsps
RUN-1001 : There are total 729 nets
RUN-1001 : 448 nets have 2 pins
RUN-1001 : 181 nets have [3 - 5] pins
RUN-1001 : 80 nets have [6 - 10] pins
RUN-1001 : 10 nets have [11 - 20] pins
RUN-1001 : 8 nets have [21 - 99] pins
RUN-1001 : 2 nets have 100+ pins
RUN-1001 : Report Control nets information:
RUN-1001 : DFF Distribution
RUN-1001 : ----------------------------------
RUN-1001 :   CE   |  SSR  |  ASR  |  DFF Count  
RUN-1001 : ----------------------------------
RUN-1001 :   No   |  No   |  No   |     91      
RUN-1001 :   No   |  No   |  Yes  |     20      
RUN-1001 :   No   |  Yes  |  No   |     17      
RUN-1001 :   Yes  |  No   |  No   |      9      
RUN-1001 :   Yes  |  No   |  Yes  |     32      
RUN-1001 :   Yes  |  Yes  |  No   |     32      
RUN-1001 : ----------------------------------
RUN-0007 : Control Group Statistic
RUN-0007 : ---------------------------
RUN-0007 :   #CLK  |  #CE  |  #SSR/ASR  
RUN-0007 : ---------------------------
RUN-0007 :    2    |   4   |     3      
RUN-0007 : ---------------------------
RUN-0007 : Control Set = 7
PHY-3001 : Initial placement ...
PHY-3001 : design contains 610 instances, 253 luts, 201 seqs, 130 slices, 13 macros(130 instances: 96 mslices 34 lslices)
PHY-0007 : Cell area utilization is 2%
PHY-3001 : Start timing update ...
RUN-1002 : start command "start_timer -report"
TMR-2505 : Start building timing graph for model keyboard_instance.
TMR-2506 : Build timing graph completely. Port num: 8, tpin num: 2649, tnet num: 727, tinst num: 610, tnode num: 3225, tedge num: 4250.
TMR-2508 : Levelizing timing graph completed, there are 43 levels in total.
TMR-2501 : Timing graph initialized successfully.
TMR-2503 : Start to update net delay, extr mode = 2.
TMR-2504 : Update delay of 727 nets completely.
TMR-2502 : Annotate delay completely, extr mode = 2.
TMR-3001 : Initiate 0 clocks from SDC.
TMR-3004 : Map sdc constraints, there are 0 constraints in total.
TMR-3003 : Constraints initiated successfully.
TMR-3501 : Forward propagation: start to calculate arrival time...
TMR-3502 : Backward propagation: start to calculate required time...
TMR-3503 : Timing propagation completes.
PHY-3001 : End timing update;  0.182747s wall, 0.093750s user + 0.000000s system = 0.093750s CPU (51.3%)

PHY-3001 : Global placement ...
PHY-3001 : Initial: Len = 176768
PHY-3001 : Clustering ...
PHY-3001 : Level 0 #clusters 610.
PHY-3001 : End clustering;  0.000015s wall, 0.000000s user + 0.000000s system = 0.000000s CPU (n/a%)

PHY-3001 : Run with size of 4
PHY-3001 : Cell area utilization is 2%
PHY-3001 : :::0::: Try harder cell spreading with beta_ = 0
PHY-3002 : Step(1): len = 119210, overlap = 0
PHY-3002 : Step(2): len = 76595.3, overlap = 0
PHY-3002 : Step(3): len = 56847.1, overlap = 0
PHY-3002 : Step(4): len = 42904.6, overlap = 0
PHY-3002 : Step(5): len = 34709.1, overlap = 0
PHY-3002 : Step(6): len = 29124.6, overlap = 1.75
PHY-3002 : Step(7): len = 24168.2, overlap = 0.5
PHY-3002 : Step(8): len = 21955.8, overlap = 1.25
PHY-3002 : Step(9): len = 21897.8, overlap = 2
PHY-3002 : Step(10): len = 19334.7, overlap = 2.75
PHY-3002 : Step(11): len = 18074.1, overlap = 1
PHY-3002 : Step(12): len = 17417.8, overlap = 1
PHY-3002 : Step(13): len = 17008.8, overlap = 1
PHY-3002 : Step(14): len = 16606.5, overlap = 2.25
PHY-3002 : Step(15): len = 17073.2, overlap = 3.4375
PHY-3002 : Step(16): len = 16538.7, overlap = 5.0625
PHY-3002 : Step(17): len = 15764.4, overlap = 6.3125
PHY-3002 : Step(18): len = 16159, overlap = 6.5
PHY-3002 : Step(19): len = 15487, overlap = 7.25
PHY-3002 : Step(20): len = 15105.4, overlap = 12.3438
PHY-3002 : Step(21): len = 15308.2, overlap = 13.125
PHY-3002 : Step(22): len = 14068.2, overlap = 16.0625
PHY-3002 : Step(23): len = 13643.1, overlap = 11.75
PHY-3002 : Step(24): len = 13977.1, overlap = 10.75
PHY-3002 : Step(25): len = 13743.3, overlap = 9.375
PHY-3002 : Step(26): len = 12281.3, overlap = 9.53125
PHY-3002 : Step(27): len = 11742.7, overlap = 10.5625
PHY-3002 : Step(28): len = 11874.2, overlap = 11
PHY-3002 : Step(29): len = 11431, overlap = 11.5312
PHY-3002 : Step(30): len = 11549.3, overlap = 11.5938
PHY-3002 : Step(31): len = 11462.2, overlap = 12.8125
PHY-3002 : Step(32): len = 10974.4, overlap = 12.875
PHY-3002 : Step(33): len = 11212.3, overlap = 12.3438
PHY-3002 : Step(34): len = 11800.9, overlap = 12.0625
PHY-3002 : Step(35): len = 11991.9, overlap = 10.8438
PHY-3001 : Legalization ...
PHY-3001 : End legalization;  0.003767s wall, 0.000000s user + 0.000000s system = 0.000000s CPU (n/a%)

PHY-3001 : Run with size of 4
PHY-3001 : Cell area utilization is 3%
PHY-3001 : Update timing in Manhattan mode ...
TMR-2503 : Start to update net delay, extr mode = 3.
TMR-2504 : Update delay of 727 nets completely.
TMR-2502 : Annotate delay completely, extr mode = 3.
TMR-3501 : Forward propagation: start to calculate arrival time...
TMR-3502 : Backward propagation: start to calculate required time...
TMR-3503 : Timing propagation completes.
PHY-3001 : End timing update;  0.006457s wall, 0.000000s user + 0.000000s system = 0.000000s CPU (n/a%)

PHY-3001 : :::0::: Try harder cell spreading with beta_ = 0.000274814
PHY-3002 : Step(36): len = 11628.3, overlap = 10.0312
PHY-3002 : Step(37): len = 11897.3, overlap = 9.0625
PHY-3002 : Step(38): len = 12340.2, overlap = 7.375
PHY-3002 : Step(39): len = 11864.5, overlap = 7.9375
PHY-3002 : Step(40): len = 11187.1, overlap = 8.9375
PHY-3002 : Step(41): len = 11091.2, overlap = 9.375
PHY-3002 : Step(42): len = 10743.2, overlap = 15.1875
PHY-3002 : Step(43): len = 10782.5, overlap = 15
PHY-3002 : Step(44): len = 10706.1, overlap = 15.3438
PHY-3002 : Step(45): len = 10772.6, overlap = 11.375
PHY-3002 : Step(46): len = 10791.5, overlap = 9.28125
PHY-3001 : :::1::: Try harder cell spreading with beta_ = 0.000549628
PHY-3002 : Step(47): len = 10633.8, overlap = 14.9062
PHY-3002 : Step(48): len = 10601.7, overlap = 14.9062
PHY-3001 : :::2::: Try harder cell spreading with beta_ = 0.00109926
PHY-3002 : Step(49): len = 10602.4, overlap = 14.7188
PHY-3002 : Step(50): len = 10602.4, overlap = 14.7188
PHY-3001 : Run with size of 2
PHY-3001 : Cell area utilization is 3%
PHY-3001 : Update timing in Manhattan mode ...
TMR-2503 : Start to update net delay, extr mode = 3.
TMR-2504 : Update delay of 727 nets completely.
TMR-2502 : Annotate delay completely, extr mode = 3.
TMR-3501 : Forward propagation: start to calculate arrival time...
TMR-3502 : Backward propagation: start to calculate required time...
TMR-3503 : Timing propagation completes.
PHY-3001 : End timing update;  0.006459s wall, 0.000000s user + 0.000000s system = 0.000000s CPU (n/a%)

PHY-3001 : :::0::: Try harder cell spreading with beta_ = 2.98583e-05
PHY-3002 : Step(51): len = 11305.8, overlap = 19.625
PHY-3002 : Step(52): len = 11406.2, overlap = 19.3125
PHY-3002 : Step(53): len = 11456.8, overlap = 18.625
PHY-3001 : :::1::: Try harder cell spreading with beta_ = 5.97165e-05
PHY-3002 : Step(54): len = 11739.5, overlap = 15.9375
PHY-3002 : Step(55): len = 11815.2, overlap = 15.8125
PHY-3002 : Step(56): len = 12098.4, overlap = 15.5312
PHY-3001 : :::2::: Try harder cell spreading with beta_ = 0.000119433
PHY-3002 : Step(57): len = 12229.1, overlap = 15.6875
PHY-3002 : Step(58): len = 12249.4, overlap = 15.6875
PHY-3002 : Step(59): len = 12234.7, overlap = 13.7812
OPT-1001 : Start physical optimization ...
RUN-1002 : start command "start_timer -report"
TMR-2505 : Start building timing graph for model keyboard_instance.
TMR-2506 : Build timing graph completely. Port num: 8, tpin num: 2649, tnet num: 727, tinst num: 610, tnode num: 3225, tedge num: 4250.
TMR-2508 : Levelizing timing graph completed, there are 43 levels in total.
TMR-2501 : Timing graph initialized successfully.
OPT-1001 : Total overflow 41.22 peak overflow 1.75
OPT-1001 : Start high-fanout net optimization ...
OPT-1001 : Update timing in global mode
PHY-1001 : Start incremental global routing, caller is place ...
RUN-1001 : Generating global routing grids ...
RUN-1001 : Building simple global routing graph ...
PHY-1001 : Generate routing nets ...
PHY-1001 : Reuse net number 0/729.
PHY-1001 : Global iterations in 16 thread ...
PHY-1002 : len = 13304, over cnt = 57(0%), over = 217, worst = 14
PHY-1001 : End global iterations;  0.031918s wall, 0.015625s user + 0.000000s system = 0.015625s CPU (49.0%)

PHY-1001 : Congestion index: top1 = 21.29, top5 = 8.82, top10 = 4.76, top15 = 3.17.
PHY-1001 : End incremental global routing;  0.071806s wall, 0.062500s user + 0.000000s system = 0.062500s CPU (87.0%)

TMR-2503 : Start to update net delay, extr mode = 5.
TMR-2504 : Update delay of 727 nets completely.
TMR-2502 : Annotate delay completely, extr mode = 5.
TMR-3001 : Initiate 0 clocks from SDC.
TMR-3004 : Map sdc constraints, there are 0 constraints in total.
TMR-3003 : Constraints initiated successfully.
TMR-3501 : Forward propagation: start to calculate arrival time...
TMR-3502 : Backward propagation: start to calculate required time...
TMR-3503 : Timing propagation completes.
OPT-1001 : End timing update;  0.008339s wall, 0.000000s user + 0.000000s system = 0.000000s CPU (n/a%)

OPT-1001 : 0 high-fanout net processed.
OPT-1001 : End high-fanout net optimization;  0.085973s wall, 0.078125s user + 0.000000s system = 0.078125s CPU (90.9%)

OPT-1001 : Current memory(MB): used = 146, reserve = 118, peak = 146.
OPT-1001 : Start global optimization ...
OPT-1001 : Start congestion update ...
RUN-1001 : Generating global routing grids ...
PHY-1001 : Generate routing nets ...
PHY-1001 : Reuse net number 387/729.
PHY-1001 : Global iterations in 16 thread ...
PHY-1002 : len = 13304, over cnt = 57(0%), over = 217, worst = 14
PHY-1002 : len = 14960, over cnt = 20(0%), over = 55, worst = 14
PHY-1002 : len = 15488, over cnt = 4(0%), over = 4, worst = 1
PHY-1002 : len = 15592, over cnt = 0(0%), over = 0, worst = 0
PHY-1001 : End global iterations;  0.029909s wall, 0.015625s user + 0.000000s system = 0.015625s CPU (52.2%)

PHY-1001 : Congestion index: top1 = 19.78, top5 = 9.48, top10 = 5.29, top15 = 3.53.
OPT-1001 : End congestion update;  0.065624s wall, 0.046875s user + 0.000000s system = 0.046875s CPU (71.4%)

OPT-1001 : Update timing in Manhattan mode
TMR-2503 : Start to update net delay, extr mode = 3.
TMR-2504 : Update delay of 727 nets completely.
TMR-2502 : Annotate delay completely, extr mode = 3.
TMR-3501 : Forward propagation: start to calculate arrival time...
TMR-3502 : Backward propagation: start to calculate required time...
TMR-3503 : Timing propagation completes.
OPT-1001 : End timing update;  0.006573s wall, 0.000000s user + 0.000000s system = 0.000000s CPU (n/a%)

OPT-0007 : Start: WNS 2147483647 TNS 0 NUM_FEPS 0
OPT-1001 : End global optimization;  0.072272s wall, 0.046875s user + 0.000000s system = 0.046875s CPU (64.9%)

OPT-1001 : Current memory(MB): used = 147, reserve = 119, peak = 147.
OPT-1001 : End physical optimization;  0.291407s wall, 0.187500s user + 0.000000s system = 0.187500s CPU (64.3%)

PHY-3001 : Start packing ...
SYN-4007 : Packing 0 MUX to BLE ...
SYN-4008 : Packed 0 MUX and 0 SEQ to BLE.
SYN-4007 : Packing 253 LUT to BLE ...
SYN-4008 : Packed 253 LUT and 79 SEQ to BLE.
SYN-4003 : Packing 122 remaining SEQ's ...
SYN-4005 : Packed 49 SEQ with LUT/SLICE
SYN-4006 : 134 single LUT's are left
SYN-4006 : 73 single SEQ's are left
SYN-4011 : Packing model "keyboard_instance" (AL_USER_NORMAL) with 326/484 primitive instances ...
PHY-3001 : End packing;  0.015664s wall, 0.000000s user + 0.000000s system = 0.000000s CPU (n/a%)

PHY-1001 : Populate physical database on model keyboard_instance.
RUN-1001 : There are total 330 instances
RUN-1001 : 151 mslices, 151 lslices, 24 pads, 0 brams, 0 dsps
RUN-1001 : There are total 650 nets
RUN-1001 : 369 nets have 2 pins
RUN-1001 : 181 nets have [3 - 5] pins
RUN-1001 : 80 nets have [6 - 10] pins
RUN-1001 : 12 nets have [11 - 20] pins
RUN-1001 : 6 nets have [21 - 99] pins
RUN-1001 : 2 nets have 100+ pins
PHY-3001 : design contains 328 instances, 302 slices, 13 macros(130 instances: 96 mslices 34 lslices)
PHY-3001 : Cell area utilization is 4%
PHY-3001 : After packing: Len = 12614, Over = 23.75
PHY-3001 : Run with size of 2
PHY-3001 : Cell area utilization is 4%
PHY-3001 : Update timing in Manhattan mode ...
RUN-1002 : start command "start_timer -report"
TMR-2505 : Start building timing graph for model keyboard_instance.
TMR-2506 : Build timing graph completely. Port num: 8, tpin num: 2330, tnet num: 648, tinst num: 328, tnode num: 2745, tedge num: 3854.
TMR-2508 : Levelizing timing graph completed, there are 41 levels in total.
TMR-2501 : Timing graph initialized successfully.
TMR-2503 : Start to update net delay, extr mode = 3.
TMR-2504 : Update delay of 648 nets completely.
TMR-2502 : Annotate delay completely, extr mode = 3.
TMR-3001 : Initiate 0 clocks from SDC.
TMR-3004 : Map sdc constraints, there are 0 constraints in total.
TMR-3003 : Constraints initiated successfully.
TMR-3501 : Forward propagation: start to calculate arrival time...
TMR-3502 : Backward propagation: start to calculate required time...
TMR-3503 : Timing propagation completes.
PHY-3001 : End timing update;  0.146814s wall, 0.046875s user + 0.000000s system = 0.046875s CPU (31.9%)

PHY-3001 : :::0::: Try harder cell spreading with beta_ = 1.09035e-05
PHY-3002 : Step(60): len = 12221.2, overlap = 24.25
PHY-3002 : Step(61): len = 12272.4, overlap = 24
PHY-3002 : Step(62): len = 11522, overlap = 28
PHY-3002 : Step(63): len = 11474.9, overlap = 28.25
PHY-3002 : Step(64): len = 11254, overlap = 32
PHY-3001 : :::1::: Try harder cell spreading with beta_ = 2.18069e-05
PHY-3002 : Step(65): len = 11522, overlap = 28.5
PHY-3002 : Step(66): len = 11672.1, overlap = 28.25
PHY-3002 : Step(67): len = 12009.8, overlap = 28.25
PHY-3001 : :::2::: Try harder cell spreading with beta_ = 4.36138e-05
PHY-3002 : Step(68): len = 12213.6, overlap = 26.5
PHY-3002 : Step(69): len = 12368.8, overlap = 26.25
PHY-3002 : Step(70): len = 12721.4, overlap = 24
PHY-3001 : Legalization ...
PHY-3001 : End legalization;  0.040595s wall, 0.000000s user + 0.000000s system = 0.000000s CPU (n/a%)

PHY-3001 : Trial Legalized: Len = 18765.5
PHY-3001 : Run with size of 2
PHY-3001 : Cell area utilization is 4%
PHY-3001 : Update timing in Manhattan mode ...
TMR-2503 : Start to update net delay, extr mode = 3.
TMR-2504 : Update delay of 648 nets completely.
TMR-2502 : Annotate delay completely, extr mode = 3.
TMR-3501 : Forward propagation: start to calculate arrival time...
TMR-3502 : Backward propagation: start to calculate required time...
TMR-3503 : Timing propagation completes.
PHY-3001 : End timing update;  0.005887s wall, 0.000000s user + 0.000000s system = 0.000000s CPU (n/a%)

PHY-3001 : :::0::: Try harder cell spreading with beta_ = 0.000959232
PHY-3002 : Step(71): len = 16378.5, overlap = 2.75
PHY-3002 : Step(72): len = 16153.7, overlap = 3.25
PHY-3002 : Step(73): len = 15319, overlap = 4.75
PHY-3002 : Step(74): len = 15197.5, overlap = 5.25
PHY-3002 : Step(75): len = 14955.7, overlap = 6
PHY-3002 : Step(76): len = 14869.6, overlap = 6.5
PHY-3002 : Step(77): len = 14730.9, overlap = 7.5
PHY-3002 : Step(78): len = 14656.2, overlap = 7.5
PHY-3002 : Step(79): len = 14653.2, overlap = 7.5
PHY-3001 : :::1::: Try harder cell spreading with beta_ = 0.00176035
PHY-3002 : Step(80): len = 14736.7, overlap = 7.5
PHY-3002 : Step(81): len = 14818.8, overlap = 7.25
PHY-3002 : Step(82): len = 14818.8, overlap = 7.25
PHY-3001 : :::2::: Try harder cell spreading with beta_ = 0.00352071
PHY-3002 : Step(83): len = 14858, overlap = 7.25
PHY-3002 : Step(84): len = 14858, overlap = 7.25
PHY-3001 : Legalization ...
PHY-3001 : End legalization;  0.004897s wall, 0.000000s user + 0.000000s system = 0.000000s CPU (n/a%)

PHY-3001 : Legalized: Len = 16780.5, Over = 0
PHY-3001 : Spreading special nets. 1 overflows in 2952 tiles.
PHY-3001 : End spreading;  0.002559s wall, 0.000000s user + 0.000000s system = 0.000000s CPU (n/a%)

PHY-3001 : 1 instances has been re-located, deltaX = 0, deltaY = 1, maxDist = 1.
PHY-3001 : Final: Len = 16820.5, Over = 0
OPT-1001 : Start physical optimization ...
RUN-1002 : start command "start_timer -report"
TMR-2505 : Start building timing graph for model keyboard_instance.
TMR-2506 : Build timing graph completely. Port num: 8, tpin num: 2330, tnet num: 648, tinst num: 328, tnode num: 2745, tedge num: 3854.
TMR-2508 : Levelizing timing graph completed, there are 41 levels in total.
TMR-2501 : Timing graph initialized successfully.
OPT-1001 : Total overflow 0.00 peak overflow 0.00
OPT-1001 : Start high-fanout net optimization ...
OPT-1001 : Update timing in global mode
PHY-1001 : Start incremental global routing, caller is place ...
RUN-1001 : Generating global routing grids ...
PHY-1001 : Generate routing nets ...
PHY-1001 : Reuse net number 23/650.
PHY-1001 : Global iterations in 16 thread ...
PHY-1002 : len = 19392, over cnt = 54(0%), over = 69, worst = 3
PHY-1002 : len = 19728, over cnt = 21(0%), over = 25, worst = 2
PHY-1002 : len = 19984, over cnt = 2(0%), over = 2, worst = 1
PHY-1002 : len = 20016, over cnt = 0(0%), over = 0, worst = 0
PHY-1001 : End global iterations;  0.063477s wall, 0.015625s user + 0.000000s system = 0.015625s CPU (24.6%)

PHY-1001 : Congestion index: top1 = 19.98, top5 = 12.01, top10 = 7.16, top15 = 4.81.
PHY-1001 : End incremental global routing;  0.104090s wall, 0.031250s user + 0.000000s system = 0.031250s CPU (30.0%)

TMR-2503 : Start to update net delay, extr mode = 5.
TMR-2504 : Update delay of 648 nets completely.
TMR-2502 : Annotate delay completely, extr mode = 5.
TMR-3001 : Initiate 0 clocks from SDC.
TMR-3004 : Map sdc constraints, there are 0 constraints in total.
TMR-3003 : Constraints initiated successfully.
TMR-3501 : Forward propagation: start to calculate arrival time...
TMR-3502 : Backward propagation: start to calculate required time...
TMR-3503 : Timing propagation completes.
OPT-1001 : End timing update;  0.010143s wall, 0.015625s user + 0.000000s system = 0.015625s CPU (154.0%)

OPT-1001 : 0 high-fanout net processed.
OPT-1001 : End high-fanout net optimization;  0.120103s wall, 0.046875s user + 0.000000s system = 0.046875s CPU (39.0%)

OPT-1001 : Current memory(MB): used = 150, reserve = 122, peak = 151.
OPT-1001 : Start path based optimization ...
OPT-1001 : Start congestion update ...
RUN-1001 : Generating global routing grids ...
PHY-1001 : Generate routing nets ...
PHY-1001 : Reuse net number 524/650.
PHY-1001 : Global iterations in 16 thread ...
PHY-1002 : len = 20016, over cnt = 0(0%), over = 0, worst = 0
PHY-1001 : End global iterations;  0.001842s wall, 0.000000s user + 0.000000s system = 0.000000s CPU (n/a%)

PHY-1001 : Congestion index: top1 = 19.98, top5 = 12.01, top10 = 7.16, top15 = 4.81.
OPT-1001 : End congestion update;  0.042879s wall, 0.000000s user + 0.000000s system = 0.000000s CPU (n/a%)

OPT-1001 : Update timing in Manhattan mode
TMR-2503 : Start to update net delay, extr mode = 3.
TMR-2504 : Update delay of 648 nets completely.
TMR-2502 : Annotate delay completely, extr mode = 3.
TMR-3501 : Forward propagation: start to calculate arrival time...
TMR-3502 : Backward propagation: start to calculate required time...
TMR-3503 : Timing propagation completes.
OPT-1001 : End timing update;  0.006611s wall, 0.000000s user + 0.000000s system = 0.000000s CPU (n/a%)

OPT-0007 : Start: WNS 2147483647 TNS 0 NUM_FEPS 0
OPT-1001 : End path based optimization;  0.049564s wall, 0.000000s user + 0.000000s system = 0.000000s CPU (n/a%)

OPT-1001 : Current memory(MB): used = 150, reserve = 123, peak = 151.
OPT-1001 : Update timing in Manhattan mode
TMR-2503 : Start to update net delay, extr mode = 3.
TMR-2504 : Update delay of 648 nets completely.
TMR-2502 : Annotate delay completely, extr mode = 3.
TMR-3501 : Forward propagation: start to calculate arrival time...
TMR-3502 : Backward propagation: start to calculate required time...
TMR-3503 : Timing propagation completes.
OPT-1001 : End timing update;  0.005024s wall, 0.031250s user + 0.000000s system = 0.031250s CPU (622.1%)

OPT-1001 : Start pin optimization...
OPT-1001 : skip pin optimization...
OPT-1001 : Update timing in global mode
PHY-1001 : Start incremental global routing, caller is place ...
RUN-1001 : Generating global routing grids ...
PHY-1001 : Generate routing nets ...
PHY-1001 : Reuse net number 524/650.
PHY-1001 : Global iterations in 16 thread ...
PHY-1002 : len = 20016, over cnt = 0(0%), over = 0, worst = 0
PHY-1001 : End global iterations;  0.001801s wall, 0.000000s user + 0.000000s system = 0.000000s CPU (n/a%)

PHY-1001 : Congestion index: top1 = 19.98, top5 = 12.01, top10 = 7.16, top15 = 4.81.
PHY-1001 : End incremental global routing;  0.042872s wall, 0.015625s user + 0.000000s system = 0.015625s CPU (36.4%)

TMR-2503 : Start to update net delay, extr mode = 5.
TMR-2504 : Update delay of 648 nets completely.
TMR-2502 : Annotate delay completely, extr mode = 5.
TMR-3501 : Forward propagation: start to calculate arrival time...
TMR-3502 : Backward propagation: start to calculate required time...
TMR-3503 : Timing propagation completes.
OPT-1001 : End timing update;  0.008559s wall, 0.000000s user + 0.000000s system = 0.000000s CPU (n/a%)

RUN-1001 : Generating global routing grids ...
PHY-1001 : Generate routing nets ...
PHY-1001 : Reuse net number 524/650.
PHY-1001 : Global iterations in 16 thread ...
PHY-1002 : len = 20016, over cnt = 0(0%), over = 0, worst = 0
PHY-1001 : End global iterations;  0.002391s wall, 0.015625s user + 0.000000s system = 0.015625s CPU (653.6%)

PHY-1001 : Congestion index: top1 = 19.98, top5 = 12.01, top10 = 7.16, top15 = 4.81.
OPT-1001 : Update timing in Manhattan mode
TMR-2503 : Start to update net delay, extr mode = 3.
TMR-2504 : Update delay of 648 nets completely.
TMR-2502 : Annotate delay completely, extr mode = 3.
TMR-3501 : Forward propagation: start to calculate arrival time...
TMR-3502 : Backward propagation: start to calculate required time...
TMR-3503 : Timing propagation completes.
OPT-1001 : End timing update;  0.006978s wall, 0.000000s user + 0.000000s system = 0.000000s CPU (n/a%)

RUN-1001 : QoR Analysis:
OPT-0007 :   WNS 2147483647 TNS 0 NUM_FEPS 0
RUN-1001 :   No local congestion issue, and most congested 1% tile average routing util is 19.551724
RUN-1001 :   Top critical paths
OPT-1001 : End physical optimization;  0.414020s wall, 0.203125s user + 0.000000s system = 0.203125s CPU (49.1%)

RUN-1003 : finish command "place" in  2.790869s wall, 0.812500s user + 0.437500s system = 1.250000s CPU (44.8%)

RUN-1004 : used memory is 134 MB, reserved memory is 105 MB, peak memory is 151 MB
RUN-1002 : start command "export_db keyboard_place.db"
RUN-1001 : Exported /
RUN-1001 : Exported flow parameters
RUN-1001 : Exported libs
RUN-1001 : Exported entities
RUN-1001 : Exported ports
RUN-1001 : Exported pins
RUN-1001 : Exported instances
RUN-1001 : Exported nets
RUN-1001 : Exported buses
RUN-1001 : Exported models
RUN-1001 : Exported congestions
RUN-1001 : Exported violations
RUN-1001 : Exported timing constraints
RUN-1001 : Exported IO constraints
RUN-1001 : Exported Inst constraints
RUN-1002 : start command "route"
RUN-1001 : Open license file E:/Anlogic/TD5.6.59063/license/Anlogic.lic
RUN-1001 : Print Global Property
RUN-1001 : ---------------------------------------------------------------
RUN-1001 :        Parameters        |  Settings  |  Default Values  |  Note  
RUN-1001 : ---------------------------------------------------------------
RUN-1001 :          message         |  standard  |     standard     |        
RUN-1001 :   mixed_pack_place_flow  |     on     |        on        |        
RUN-1001 :        qor_monitor       |    off     |       off        |        
RUN-1001 :        syn_ip_flow       |    off     |       off        |        
RUN-1001 :          thread          |    auto    |       auto       |        
RUN-1001 : ---------------------------------------------------------------
RUN-1001 : Print Route Property
RUN-1001 : -------------------------------------------------------
RUN-1001 :    Parameters    |  Settings  |  Default Values  |  Note  
RUN-1001 : -------------------------------------------------------
RUN-1001 :      effort      |   medium   |      medium      |        
RUN-1001 :     fix_hold     |    off     |       off        |        
RUN-1001 :    opt_timing    |   medium   |      medium      |        
RUN-1001 :   phy_sim_model  |    off     |       off        |        
RUN-1001 :     priority     |   timing   |      timing      |        
RUN-1001 :     swap_pin     |     on     |        on        |        
RUN-1001 : -------------------------------------------------------
PHY-1001 : Route runs in 16 thread(s)
RUN-1001 : There are total 330 instances
RUN-1001 : 151 mslices, 151 lslices, 24 pads, 0 brams, 0 dsps
RUN-1001 : There are total 650 nets
RUN-1001 : 369 nets have 2 pins
RUN-1001 : 181 nets have [3 - 5] pins
RUN-1001 : 80 nets have [6 - 10] pins
RUN-1001 : 12 nets have [11 - 20] pins
RUN-1001 : 6 nets have [21 - 99] pins
RUN-1001 : 2 nets have 100+ pins
RUN-1002 : start command "start_timer -report"
TMR-2505 : Start building timing graph for model keyboard_instance.
TMR-2506 : Build timing graph completely. Port num: 8, tpin num: 2330, tnet num: 648, tinst num: 328, tnode num: 2745, tedge num: 3854.
TMR-2508 : Levelizing timing graph completed, there are 41 levels in total.
TMR-2501 : Timing graph initialized successfully.
PHY-1001 : 151 mslices, 151 lslices, 24 pads, 0 brams, 0 dsps
TMR-2503 : Start to update net delay, extr mode = 3.
TMR-2504 : Update delay of 648 nets completely.
TMR-2502 : Annotate delay completely, extr mode = 3.
TMR-3001 : Initiate 0 clocks from SDC.
TMR-3004 : Map sdc constraints, there are 0 constraints in total.
TMR-3003 : Constraints initiated successfully.
TMR-3501 : Forward propagation: start to calculate arrival time...
TMR-3502 : Backward propagation: start to calculate required time...
TMR-3503 : Timing propagation completes.
PHY-1001 : Start global routing, caller is route ...
RUN-1001 : Generating global routing grids ...
PHY-1001 : Generate routing nets ...
PHY-1001 : Global iterations in 16 thread ...
PHY-1002 : len = 19280, over cnt = 50(0%), over = 66, worst = 3
PHY-1002 : len = 19616, over cnt = 18(0%), over = 23, worst = 2
PHY-1002 : len = 19896, over cnt = 0(0%), over = 0, worst = 0
PHY-1001 : End global iterations;  0.059893s wall, 0.000000s user + 0.000000s system = 0.000000s CPU (n/a%)

PHY-1001 : Congestion index: top1 = 19.91, top5 = 11.90, top10 = 7.10, top15 = 4.77.
PHY-1001 : End global routing;  0.098191s wall, 0.015625s user + 0.000000s system = 0.015625s CPU (15.9%)

PHY-1001 : Start detail routing ...
PHY-1001 : Current memory(MB): used = 170, reserve = 142, peak = 184.
PHY-1001 : Detailed router is running in normal mode.
PHY-1001 : Generate detailed routing grids ...
PHY-1001 : Generate nets ...
PHY-1001 : net clk_50M_dup_1 will be routed on clock mesh
PHY-1001 : clock net U1/scan_clk_syn_4 will be merged with clock U1/scan_clk
PHY-1001 : Current memory(MB): used = 437, reserve = 414, peak = 437.
PHY-1001 : End build detailed router design. 3.422294s wall, 1.203125s user + 0.046875s system = 1.250000s CPU (36.5%)

PHY-1001 : Detail Route ...
PHY-1001 : ===== Detail Route Phase 1 =====
PHY-1001 : Clock net routing.....
PHY-1001 : Routed 0% nets.
PHY-1022 : len = 7272, over cnt = 0(0%), over = 0, worst = 0, crit = 0
PHY-1001 : End initial clock net routed; 0.335699s wall, 0.187500s user + 0.000000s system = 0.187500s CPU (55.9%)

PHY-1001 : Current memory(MB): used = 468, reserve = 445, peak = 468.
PHY-1001 : End phase 1; 0.341711s wall, 0.187500s user + 0.000000s system = 0.187500s CPU (54.9%)

PHY-1001 : ===== Detail Route Phase 2 =====
PHY-1001 : Initial routing.....
PHY-1001 : Routed 20% nets.
PHY-1001 : Routed 20% nets.
PHY-1001 : Routed 32% nets.
PHY-1001 : Routed 33% nets.
PHY-1001 : Patch 290 net; 0.190562s wall, 0.062500s user + 0.000000s system = 0.062500s CPU (32.8%)

PHY-1022 : len = 38744, over cnt = 17(0%), over = 17, worst = 1, crit = 0
PHY-1001 : Current memory(MB): used = 468, reserve = 445, peak = 468.
PHY-1001 : End initial routed; 0.310378s wall, 0.125000s user + 0.000000s system = 0.125000s CPU (40.3%)

PHY-1001 : Update timing.....
PHY-1001 : 0/507(0%) critical/total net(s).
RUN-1001 : ------------------------------------------
RUN-1001 :   Type   |    WNS(ns)    |  TNS(ns)  |  FEP  
RUN-1001 : ------------------------------------------
RUN-1001 :   Setup  |  2147483.647  |   0.000   |   0   
RUN-1001 :   Hold   |  2147483.647  |   0.000   |   0   
RUN-1001 : ------------------------------------------
PHY-1001 : End update timing; 0.170922s wall, 0.078125s user + 0.000000s system = 0.078125s CPU (45.7%)

PHY-1001 : Current memory(MB): used = 468, reserve = 445, peak = 468.
PHY-1001 : End phase 2; 0.481384s wall, 0.203125s user + 0.000000s system = 0.203125s CPU (42.2%)

PHY-1001 : ===== Detail Route Phase 3 =====
PHY-1001 : Optimize timing.....
PHY-1022 : len = 38744, over cnt = 17(0%), over = 17, worst = 1, crit = 0
PHY-1001 : End optimize timing; 0.005022s wall, 0.000000s user + 0.000000s system = 0.000000s CPU (n/a%)

PHY-1001 : Ripup-reroute.....
PHY-1001 : ===== DR Iter 1 =====
PHY-1022 : len = 38704, over cnt = 1(0%), over = 1, worst = 1, crit = 0
PHY-1001 : End DR Iter 1; 0.022452s wall, 0.000000s user + 0.015625s system = 0.015625s CPU (69.6%)

PHY-1001 : ===== DR Iter 2 =====
PHY-1022 : len = 38704, over cnt = 0(0%), over = 0, worst = 0, crit = 0
PHY-1001 : End DR Iter 2; 0.012654s wall, 0.000000s user + 0.000000s system = 0.000000s CPU (n/a%)

PHY-1001 : Update timing.....
PHY-1001 : 0/507(0%) critical/total net(s).
RUN-1001 : ------------------------------------------
RUN-1001 :   Type   |    WNS(ns)    |  TNS(ns)  |  FEP  
RUN-1001 : ------------------------------------------
RUN-1001 :   Setup  |  2147483.647  |   0.000   |   0   
RUN-1001 :   Hold   |  2147483.647  |   0.000   |   0   
RUN-1001 : ------------------------------------------
PHY-1001 : End update timing; 0.163282s wall, 0.125000s user + 0.000000s system = 0.125000s CPU (76.6%)

PHY-1001 : Commit to database.....
PHY-1001 : 5 feed throughs used by 3 nets
PHY-1001 : End commit to database; 0.063274s wall, 0.015625s user + 0.000000s system = 0.015625s CPU (24.7%)

PHY-1001 : Current memory(MB): used = 481, reserve = 458, peak = 481.
PHY-1001 : End phase 3; 0.380816s wall, 0.250000s user + 0.015625s system = 0.265625s CPU (69.8%)

PHY-1003 : Routed, final wirelength = 38704
PHY-1001 : Current memory(MB): used = 481, reserve = 458, peak = 481.
PHY-1001 : End export database. 0.005093s wall, 0.000000s user + 0.000000s system = 0.000000s CPU (n/a%)

PHY-1001 : End detail routing;  4.826314s wall, 1.906250s user + 0.078125s system = 1.984375s CPU (41.1%)

RUN-1003 : finish command "route" in  5.129616s wall, 1.968750s user + 0.093750s system = 2.062500s CPU (40.2%)

RUN-1004 : used memory is 422 MB, reserved memory is 398 MB, peak memory is 481 MB
RUN-1002 : start command "report_area -io_info -file keyboard_phy.area"
RUN-1001 : standard
***Report Model: keyboard_instance Device: EG4S20BG256***

IO Statistics
#IO                        24
  #input                    6
  #output                  18
  #inout                    0

Utilization Statistics
#lut                      513   out of  19600    2.62%
#reg                      201   out of  19600    1.03%
#le                       586
  #lut only               385   out of    586   65.70%
  #reg only                73   out of    586   12.46%
  #lut&reg                128   out of    586   21.84%
#dsp                        0   out of     29    0.00%
#bram                       0   out of     64    0.00%
  #bram9k                   0
  #fifo9k                   0
#bram32k                    0   out of     16    0.00%
#pad                       24   out of    188   12.77%
  #ireg                     0
  #oreg                     0
  #treg                     0
#pll                        0   out of      4    0.00%
#gclk                       2   out of     16   12.50%

Clock Resource Statistics
Index     ClockNet         Type               DriverType         Driver                      Fanout
#1        clk_50M_dup_1    GCLK               io                 clk_50M_syn_2.di            107
#2        U1/scan_clk      GCLK               lslice             U1/scan_clk_reg_syn_9.q0    10


Detailed IO Report

        Name           Direction    Location    IOStandard    DriveStrength    PullType    PackReg  
        RSTn             INPUT         A9        LVCMOS33          N/A          PULLUP      NONE    
       clk_50M           INPUT         R7        LVCMOS33          N/A          PULLUP      NONE    
       col[3]            INPUT        F10        LVCMOS33          N/A          PULLUP      NONE    
       col[2]            INPUT        C11        LVCMOS33          N/A          PULLUP      NONE    
       col[1]            INPUT        D11        LVCMOS33          N/A          PULLUP      NONE    
       col[0]            INPUT        E11        LVCMOS33          N/A          PULLUP      NONE    
  DigitronCS_Out[3]     OUTPUT         A3        LVCMOS33           8            NONE       NONE    
  DigitronCS_Out[2]     OUTPUT         A5        LVCMOS33           8            NONE       NONE    
  DigitronCS_Out[1]     OUTPUT         B6        LVCMOS33           8            NONE       NONE    
  DigitronCS_Out[0]     OUTPUT         C9        LVCMOS33           8            NONE       NONE    
   Digitron_Out[7]      OUTPUT         C8        LVCMOS33           8            NONE       NONE    
   Digitron_Out[6]      OUTPUT         A8        LVCMOS33           8            NONE       NONE    
   Digitron_Out[5]      OUTPUT         B5        LVCMOS33           8            NONE       NONE    
   Digitron_Out[4]      OUTPUT         A7        LVCMOS33           8            NONE       NONE    
   Digitron_Out[3]      OUTPUT         E8        LVCMOS33           8            NONE       NONE    
   Digitron_Out[2]      OUTPUT         B8        LVCMOS33           8            NONE       NONE    
   Digitron_Out[1]      OUTPUT         A6        LVCMOS33           8            NONE       NONE    
   Digitron_Out[0]      OUTPUT         A4        LVCMOS33           8            NONE       NONE    
       buzzer           OUTPUT        H11        LVCMOS33           8            NONE       NONE    
        light           OUTPUT        B14        LVCMOS33           8            NONE       NONE    
       row[3]           OUTPUT         D9        LVCMOS33           8            NONE       NONE    
       row[2]           OUTPUT         F9        LVCMOS33           8            NONE       NONE    
       row[1]           OUTPUT        C10        LVCMOS33           8            NONE       NONE    
       row[0]           OUTPUT        E10        LVCMOS33           8            NONE       NONE    

Report Hierarchy Area:
+-------------------------------------------------------------------------------------------+
|Instance |Module                      |le     |lut     |ripple  |seq     |bram    |dsp     |
+-------------------------------------------------------------------------------------------+
|top      |keyboard_instance           |586    |383     |130     |201     |0       |0       |
|  U1     |keyboard_scan               |72     |50      |9       |53      |0       |0       |
|  U2     |key_filter                  |62     |32      |6       |51      |0       |0       |
|  U3     |onehot2binary               |408    |274     |110     |82      |0       |0       |
|  U5     |Digitron_TimeDisplay_module |39     |22      |5       |15      |0       |0       |
+-------------------------------------------------------------------------------------------+


DataNet Average Fanout:

   Index     Fanout    Nets  
    #1         1       345   
    #2         2       124   
    #3         3        34   
    #4         4        23   
    #5        5-10      82   
    #6       11-50      14   
  Average     2.48           

RUN-1002 : start command "export_db keyboard_pr.db"
RUN-1001 : Exported /
RUN-1001 : Exported flow parameters
RUN-1001 : Exported libs
RUN-1001 : Exported entities
RUN-1001 : Exported ports
RUN-1001 : Exported pins
RUN-1001 : Exported instances
RUN-1001 : Exported nets
RUN-1001 : Exported buses
RUN-1001 : Exported models
RUN-1001 : Exported congestions
RUN-1001 : Exported violations
RUN-1001 : Exported timing constraints
RUN-1001 : Exported IO constraints
RUN-1001 : Exported Inst constraints
RUN-1002 : start command "export_bid keyboard_inst.bid"
RUN-1002 : start command "bitgen -bit keyboard.bit -unused_io_status pulldown"
BIT-1003 : Start to generate bitstream. 
BIT-1002 : Bitgen processed 164 unused pads, reserve input tri_state with pulldown
BIT-1002 : Init instances with 16 threads.
BIT-1002 : Init instances completely, inst num: 492
BIT-1002 : Init pips with 16 threads.
BIT-1002 : Init pips completely, net num: 650, pip num: 4504
BIT-1002 : Init feedthrough completely, num: 5
BIT-1003 : Multithreading accelaration with 16 threads.
BIT-1003 : Generate bitstream completely, there are 695 valid insts, and 15243 bits set as '1'.
BIT-1004 : PLL setting string = 0000
BIT-1004 : Generate bits file keyboard.bit.
RUN-1003 : finish command "bitgen -bit keyboard.bit -unused_io_status pulldown" in  1.267150s wall, 5.609375s user + 0.062500s system = 5.671875s CPU (447.6%)

RUN-1004 : used memory is 431 MB, reserved memory is 411 MB, peak memory is 623 MB
RUN-1002 : start command "backup_run_log run.log ../.logs/phy_1/td_20240828_133941.log"
