============================================================
   Tang Dynasty, V5.6.59063
   Copyright (c) 2012-2022 Anlogic
   Executable = E:/Anlogic/TD5.6.59063/bin/td.exe
   Built at =   12:45:13 Sep  6 2022
   Run by =     19234
   Run Date =   Thu Aug 29 00:42:10 2024

   Run on =     ERIKPSW
============================================================
RUN-1002 : start command "open_project keyboard.prj"
RUN-1001 : Print Global Property
RUN-1001 : ---------------------------------------------------------------
RUN-1001 :        Parameters        |  Settings  |  Default Values  |  Note  
RUN-1001 : ---------------------------------------------------------------
RUN-1001 :          message         |  standard  |     standard     |        
RUN-1001 :   mixed_pack_place_flow  |     on     |        on        |        
RUN-1001 :        qor_monitor       |    off     |       off        |        
RUN-1001 :        syn_ip_flow       |    off     |       off        |        
RUN-1001 :          thread          |    auto    |       auto       |        
RUN-1001 : ---------------------------------------------------------------
RUN-1001 : Print Design Property
RUN-1001 : --------------------------------------------------------------
RUN-1001 :        Parameters       |  Settings  |  Default Values  |  Note  
RUN-1001 : --------------------------------------------------------------
RUN-1001 :   default_reg_initial   |    auto    |       auto       |        
RUN-1001 :        infer_add        |     on     |        on        |        
RUN-1001 :        infer_fsm        |    off     |       off        |        
RUN-1001 :        infer_mult       |     on     |        on        |        
RUN-1001 :        infer_ram        |     on     |        on        |        
RUN-1001 :        infer_reg        |     on     |        on        |        
RUN-1001 :   infer_reg_init_value  |     on     |        on        |        
RUN-1001 :        infer_rom        |     on     |        on        |        
RUN-1001 :      infer_shifter      |     on     |        on        |        
RUN-1001 : --------------------------------------------------------------
RUN-1001 : Print Rtl Property
RUN-1001 : --------------------------------------------------------------
RUN-1001 :        Parameters       |  Settings  |  Default Values  |  Note  
RUN-1001 : --------------------------------------------------------------
RUN-1001 :       compress_add      |   ripple   |      ripple      |        
RUN-1001 :        elf_sload        |    off     |       off        |        
RUN-1001 :       fix_undriven      |     0      |        0         |        
RUN-1001 :         flatten         |    off     |       off        |        
RUN-1001 :       gate_sharing      |     on     |        on        |        
RUN-1001 :    hdl_warning_level    |   normal   |      normal      |        
RUN-1001 :   impl_internal_tribuf  |     on     |        on        |        
RUN-1001 :      impl_set_reset     |     on     |        on        |        
RUN-1001 :        infer_gsr        |    off     |       off        |        
RUN-1001 :      keep_hierarchy     |    auto    |       auto       |        
RUN-1001 :        max_fanout       |    9999    |       9999       |        
RUN-1001 :      max_oh2bin_len     |     10     |        10        |        
RUN-1001 :       merge_equal       |     on     |        on        |        
RUN-1001 :       merge_equiv       |     on     |        on        |        
RUN-1001 :        merge_mux        |    off     |       off        |        
RUN-1001 :     min_control_set     |     8      |        8         |        
RUN-1001 :      min_ripple_len     |    auto    |       auto       |        
RUN-1001 :       oh2bin_ratio      |    0.08    |       0.08       |        
RUN-1001 :     opt_adder_fanout    |     on     |        on        |        
RUN-1001 :        opt_arith        |     on     |        on        |        
RUN-1001 :       opt_big_gate      |    off     |       off        |        
RUN-1001 :        opt_const        |     on     |        on        |        
RUN-1001 :      opt_const_mult     |     on     |        on        |        
RUN-1001 :       opt_lessthan      |     on     |        on        |        
RUN-1001 :         opt_mux         |    off     |       off        |        
RUN-1001 :         opt_ram         |    high    |       high       |        
RUN-1001 :      rtl_sim_model      |    off     |       off        |        
RUN-1001 :         seq_syn         |     on     |        on        |        
RUN-1001 : --------------------------------------------------------------
HDL-1007 : analyze verilog file ../../../src/Digitron_TimeDisplay_module.v
HDL-1007 : analyze verilog file ../../../src/key_filter.v
HDL-1007 : analyze verilog file ../../../src/keyboard_instance.v
HDL-1007 : undeclared symbol 'secrect', assumed default net type 'wire' in ../../../src/keyboard_instance.v(44)
HDL-1007 : analyze verilog file ../../../src/keyboard_scan.v
HDL-1007 : analyze verilog file ../../../src/led_effect.v
HDL-1007 : analyze verilog file ../../../src/onehot2binary.v
RUN-1001 : Project manager successfully analyzed 6 source files.
RUN-1002 : start command "import_device eagle_s20.db -package EG4S20BG256"
ARC-1001 : Device Initialization.
ARC-1001 : ------------------------------------------------------------------
ARC-1001 :            OPTION            |          IO          |   SETTING   
ARC-1001 : ------------------------------------------------------------------
ARC-1001 :   cso_b/cclk/mosi/miso/dout  |  T3/R11/T10/P10/S11  |    gpio    
ARC-1001 :             done             |         P13          |    gpio    
ARC-1001 :           program_b          |          T2          |  dedicate  
ARC-1001 :        tdi/tms/tck/tdo       |   C12/A15/C14/E14    |  dedicate  
ARC-1001 : ------------------------------------------------------------------
ARC-1004 : Device setting, marked 5 dedicate IOs in total.
RUN-1002 : start command "import_db ../syn_1/keyboard_gate.db"
RUN-1001 : Importing database generated by Tang Dynasty, V5.6.59063.
RUN-1001 : Database version number 46140.
RUN-1001 : Import flow parameters
RUN-1001 : Import timing constraints
RUN-1001 : Import IO constraints
RUN-1001 : Import Inst constraints
RUN-1001 : Import design success TD_VERSION=5.6.59063 , DB_VERSION=46140
RUN-1002 : start command "read_sdc"
USR-1002 : read_sdc file_name -help -h -eco
USR-1009 : NO module with IP_SDC ...
RUN-1104 : Import SDC file  finished, there are 0 nets kept by constraints.
RUN-1002 : start command "place"
RUN-1001 : Open license file E:/Anlogic/TD5.6.59063/license/Anlogic.lic
RUN-1001 : Print Global Property
RUN-1001 : ---------------------------------------------------------------
RUN-1001 :        Parameters        |  Settings  |  Default Values  |  Note  
RUN-1001 : ---------------------------------------------------------------
RUN-1001 :          message         |  standard  |     standard     |        
RUN-1001 :   mixed_pack_place_flow  |     on     |        on        |        
RUN-1001 :        qor_monitor       |    off     |       off        |        
RUN-1001 :        syn_ip_flow       |    off     |       off        |        
RUN-1001 :          thread          |    auto    |       auto       |        
RUN-1001 : ---------------------------------------------------------------
RUN-1001 : Print Place Property
RUN-1001 : --------------------------------------------------------------
RUN-1001 :        Parameters       |  Settings  |  Default Values  |  Note  
RUN-1001 : --------------------------------------------------------------
RUN-1001 :      detailed_place     |     on     |        on        |        
RUN-1001 :          effort         |   medium   |      medium      |        
RUN-1001 :         fix_hold        |    off     |       off        |        
RUN-1001 :       legalization      |    ori     |       ori        |        
RUN-1001 :      new_spreading      |     on     |        on        |        
RUN-1001 :        opt_timing       |   medium   |      medium      |        
RUN-1001 :   post_clock_route_opt  |    off     |       off        |        
RUN-1001 :       pr_strategy       |     1      |        1         |        
RUN-1001 :        relaxation       |    1.00    |       1.00       |        
RUN-1001 :         retiming        |    off     |       off        |        
RUN-1001 : --------------------------------------------------------------
PHY-3001 : Placer runs in 16 thread(s).
RUN-1002 : start command "legalize_phy_inst"
SYN-1011 : Flatten model keyboard_instance
RUN-1002 : start command "phys_opt -simplify_lut"
SYN-4024 : Net "clk_50M_dup_1" drives clk pins.
SYN-4024 : Net "U1/scan_clk" drives clk pins.
SYN-4025 : Tag rtl::Net U1/scan_clk as clock net
SYN-4025 : Tag rtl::Net clk_50M_dup_1 as clock net
SYN-4026 : Tagged 2 rtl::Net as clock net
SYN-4015 : Create BUFG instance for clk Net U1/scan_clk to drive 20 clock pins.
PHY-1001 : Populate physical database on model keyboard_instance.
RUN-1001 : There are total 950 instances
RUN-0007 : 468 luts, 282 seqs, 110 mslices, 55 lslices, 31 pads, 0 brams, 0 dsps
RUN-1001 : There are total 1144 nets
RUN-1001 : 727 nets have 2 pins
RUN-1001 : 281 nets have [3 - 5] pins
RUN-1001 : 105 nets have [6 - 10] pins
RUN-1001 : 17 nets have [11 - 20] pins
RUN-1001 : 11 nets have [21 - 99] pins
RUN-1001 : 3 nets have 100+ pins
RUN-1001 : Report Control nets information:
RUN-1001 : DFF Distribution
RUN-1001 : ----------------------------------
RUN-1001 :   CE   |  SSR  |  ASR  |  DFF Count  
RUN-1001 : ----------------------------------
RUN-1001 :   No   |  No   |  No   |     104     
RUN-1001 :   No   |  No   |  Yes  |     20      
RUN-1001 :   No   |  Yes  |  No   |     49      
RUN-1001 :   Yes  |  No   |  No   |     77      
RUN-1001 :   Yes  |  No   |  Yes  |     32      
RUN-1001 :   Yes  |  Yes  |  No   |      0      
RUN-1001 : ----------------------------------
RUN-0007 : Control Group Statistic
RUN-0007 : ---------------------------
RUN-0007 :   #CLK  |  #CE  |  #SSR/ASR  
RUN-0007 : ---------------------------
RUN-0007 :    2    |   6   |     3      
RUN-0007 : ---------------------------
RUN-0007 : Control Set = 9
PHY-3001 : Initial placement ...
PHY-3001 : design contains 948 instances, 468 luts, 282 seqs, 165 slices, 17 macros(165 instances: 110 mslices 55 lslices)
PHY-0007 : Cell area utilization is 4%
PHY-3001 : Start timing update ...
RUN-1002 : start command "start_timer -report"
TMR-2505 : Start building timing graph for model keyboard_instance.
TMR-2506 : Build timing graph completely. Port num: 9, tpin num: 4185, tnet num: 1142, tinst num: 948, tnode num: 4959, tedge num: 6774.
TMR-2508 : Levelizing timing graph completed, there are 49 levels in total.
TMR-2501 : Timing graph initialized successfully.
TMR-2503 : Start to update net delay, extr mode = 2.
TMR-2504 : Update delay of 1142 nets completely.
TMR-2502 : Annotate delay completely, extr mode = 2.
TMR-3001 : Initiate 0 clocks from SDC.
TMR-3004 : Map sdc constraints, there are 0 constraints in total.
TMR-3003 : Constraints initiated successfully.
TMR-3501 : Forward propagation: start to calculate arrival time...
TMR-3502 : Backward propagation: start to calculate required time...
TMR-3503 : Timing propagation completes.
PHY-3001 : End timing update;  0.187789s wall, 0.015625s user + 0.000000s system = 0.015625s CPU (8.3%)

PHY-3001 : Global placement ...
PHY-3001 : Initial: Len = 265130
PHY-3001 : Clustering ...
PHY-3001 : Level 0 #clusters 948.
PHY-3001 : End clustering;  0.000017s wall, 0.000000s user + 0.000000s system = 0.000000s CPU (n/a%)

PHY-3001 : Run with size of 4
PHY-3001 : Cell area utilization is 4%
PHY-3001 : :::0::: Try harder cell spreading with beta_ = 0
PHY-3002 : Step(1): len = 171504, overlap = 0
PHY-3002 : Step(2): len = 114794, overlap = 0
PHY-3002 : Step(3): len = 83140.4, overlap = 0
PHY-3002 : Step(4): len = 61184, overlap = 0
PHY-3002 : Step(5): len = 50294.3, overlap = 0.125
PHY-3002 : Step(6): len = 47265.8, overlap = 2.625
PHY-3002 : Step(7): len = 38059.1, overlap = 9.1875
PHY-3002 : Step(8): len = 31150, overlap = 12.3125
PHY-3002 : Step(9): len = 28811.7, overlap = 16.3125
PHY-3002 : Step(10): len = 28207, overlap = 18.4688
PHY-3002 : Step(11): len = 26692.4, overlap = 17.3438
PHY-3002 : Step(12): len = 25409, overlap = 17
PHY-3002 : Step(13): len = 24023.2, overlap = 19.625
PHY-3002 : Step(14): len = 24056.2, overlap = 20.0625
PHY-3002 : Step(15): len = 22692.1, overlap = 19.1562
PHY-3002 : Step(16): len = 22799.8, overlap = 16.1562
PHY-3002 : Step(17): len = 22641.5, overlap = 16.9688
PHY-3002 : Step(18): len = 20795.2, overlap = 16.625
PHY-3002 : Step(19): len = 20900.2, overlap = 16.25
PHY-3002 : Step(20): len = 20164, overlap = 16.75
PHY-3002 : Step(21): len = 20576, overlap = 19.7188
PHY-3002 : Step(22): len = 20252.2, overlap = 19.9062
PHY-3002 : Step(23): len = 20201.4, overlap = 22.4688
PHY-3002 : Step(24): len = 19803.6, overlap = 24.5312
PHY-3002 : Step(25): len = 19155.6, overlap = 25.9062
PHY-3002 : Step(26): len = 19733.3, overlap = 24.9062
PHY-3002 : Step(27): len = 20045.3, overlap = 25.625
PHY-3002 : Step(28): len = 19050, overlap = 27.5938
PHY-3002 : Step(29): len = 19166.7, overlap = 28.9062
PHY-3002 : Step(30): len = 19166.7, overlap = 28.9062
PHY-3002 : Step(31): len = 17553.4, overlap = 29.75
PHY-3002 : Step(32): len = 17553.4, overlap = 29.75
PHY-3002 : Step(33): len = 17052.5, overlap = 30.1875
PHY-3001 : Legalization ...
PHY-3001 : End legalization;  0.004254s wall, 0.000000s user + 0.000000s system = 0.000000s CPU (n/a%)

PHY-3001 : Run with size of 4
PHY-3001 : Cell area utilization is 5%
PHY-3001 : Update timing in Manhattan mode ...
TMR-2503 : Start to update net delay, extr mode = 3.
TMR-2504 : Update delay of 1142 nets completely.
TMR-2502 : Annotate delay completely, extr mode = 3.
TMR-3501 : Forward propagation: start to calculate arrival time...
TMR-3502 : Backward propagation: start to calculate required time...
TMR-3503 : Timing propagation completes.
PHY-3001 : End timing update;  0.012241s wall, 0.000000s user + 0.000000s system = 0.000000s CPU (n/a%)

PHY-3001 : :::0::: Try harder cell spreading with beta_ = 6.70698e-06
PHY-3002 : Step(34): len = 16794.2, overlap = 46.9062
PHY-3002 : Step(35): len = 17003.3, overlap = 44.9375
PHY-3001 : :::1::: Try harder cell spreading with beta_ = 1.3414e-05
PHY-3002 : Step(36): len = 16660.2, overlap = 46.1562
PHY-3002 : Step(37): len = 16786.3, overlap = 45.9062
PHY-3001 : :::2::: Try harder cell spreading with beta_ = 2.68279e-05
PHY-3002 : Step(38): len = 16968, overlap = 43.5938
PHY-3002 : Step(39): len = 17280.1, overlap = 44
PHY-3002 : Step(40): len = 18068.6, overlap = 46.125
PHY-3001 : :::3::: Try harder cell spreading with beta_ = 5.36558e-05
PHY-3002 : Step(41): len = 18070, overlap = 45.5
PHY-3002 : Step(42): len = 18332.8, overlap = 45.4062
PHY-3002 : Step(43): len = 19195.5, overlap = 25.0938
PHY-3002 : Step(44): len = 18076.7, overlap = 17.2188
PHY-3002 : Step(45): len = 18099.6, overlap = 23.5625
PHY-3002 : Step(46): len = 18088, overlap = 23.5625
PHY-3001 : :::4::: Try harder cell spreading with beta_ = 0.000107312
PHY-3002 : Step(47): len = 18385.3, overlap = 18.875
PHY-3002 : Step(48): len = 18385.3, overlap = 18.875
PHY-3002 : Step(49): len = 18067.2, overlap = 18.4688
PHY-3002 : Step(50): len = 18067.2, overlap = 18.4688
PHY-3002 : Step(51): len = 17923, overlap = 19.1875
PHY-3001 : :::5::: Try harder cell spreading with beta_ = 0.000214623
PHY-3002 : Step(52): len = 18048.8, overlap = 18.6562
PHY-3002 : Step(53): len = 18181.4, overlap = 18.7188
PHY-3002 : Step(54): len = 18243.1, overlap = 21.375
PHY-3001 : Run with size of 2
PHY-3001 : Cell area utilization is 5%
PHY-3001 : Update timing in Manhattan mode ...
TMR-2503 : Start to update net delay, extr mode = 3.
TMR-2504 : Update delay of 1142 nets completely.
TMR-2502 : Annotate delay completely, extr mode = 3.
TMR-3501 : Forward propagation: start to calculate arrival time...
TMR-3502 : Backward propagation: start to calculate required time...
TMR-3503 : Timing propagation completes.
PHY-3001 : End timing update;  0.011303s wall, 0.000000s user + 0.000000s system = 0.000000s CPU (n/a%)

PHY-3001 : :::0::: Try harder cell spreading with beta_ = 1.31596e-05
PHY-3002 : Step(55): len = 19106.5, overlap = 44.6562
PHY-3002 : Step(56): len = 19356.3, overlap = 44.1875
PHY-3002 : Step(57): len = 18898.2, overlap = 43.9688
PHY-3002 : Step(58): len = 18530.6, overlap = 44
PHY-3002 : Step(59): len = 17921.8, overlap = 39.9062
PHY-3002 : Step(60): len = 18055.6, overlap = 40.0938
PHY-3002 : Step(61): len = 18234.1, overlap = 40.5625
PHY-3001 : :::1::: Try harder cell spreading with beta_ = 2.63191e-05
PHY-3002 : Step(62): len = 17886, overlap = 39.9688
PHY-3002 : Step(63): len = 17969.8, overlap = 39.6562
PHY-3002 : Step(64): len = 18273.4, overlap = 38.6875
PHY-3001 : :::2::: Try harder cell spreading with beta_ = 5.26383e-05
PHY-3002 : Step(65): len = 18597.2, overlap = 36.6875
PHY-3002 : Step(66): len = 18863.8, overlap = 36.2188
PHY-3002 : Step(67): len = 19512.2, overlap = 36.5625
PHY-3001 : :::3::: Try harder cell spreading with beta_ = 0.000105277
PHY-3002 : Step(68): len = 19513.7, overlap = 35.1875
PHY-3002 : Step(69): len = 19431.5, overlap = 29.6562
PHY-3002 : Step(70): len = 19553.7, overlap = 30.4688
PHY-3001 : :::4::: Try harder cell spreading with beta_ = 0.000210553
PHY-3002 : Step(71): len = 19761.5, overlap = 28.3125
PHY-3002 : Step(72): len = 19769.4, overlap = 25.875
PHY-3002 : Step(73): len = 19946.6, overlap = 30.0938
PHY-3001 : :::5::: Try harder cell spreading with beta_ = 0.000421106
PHY-3002 : Step(74): len = 20262.5, overlap = 27.2188
PHY-3002 : Step(75): len = 20364.6, overlap = 28
PHY-3002 : Step(76): len = 20401.9, overlap = 28.0312
PHY-3001 : :::6::: Try harder cell spreading with beta_ = 0.000752337
PHY-3002 : Step(77): len = 20645.5, overlap = 25.2812
PHY-3002 : Step(78): len = 21174.2, overlap = 27.1562
PHY-3002 : Step(79): len = 21174.2, overlap = 27.1562
PHY-3002 : Step(80): len = 21071.2, overlap = 26.7188
PHY-3001 : :::7::: Try harder cell spreading with beta_ = 0.00150467
PHY-3002 : Step(81): len = 21229.1, overlap = 26.7188
PHY-3002 : Step(82): len = 21294.9, overlap = 26.9062
PHY-3002 : Step(83): len = 21499.8, overlap = 26.9688
PHY-3001 : :::8::: Try harder cell spreading with beta_ = 0.00300935
PHY-3002 : Step(84): len = 21556.8, overlap = 27
PHY-3002 : Step(85): len = 21569.3, overlap = 27
PHY-3002 : Step(86): len = 21703.6, overlap = 24.3125
PHY-3002 : Step(87): len = 21734.5, overlap = 24.2812
PHY-3002 : Step(88): len = 21837.5, overlap = 24.4375
PHY-3001 : :::9::: Try harder cell spreading with beta_ = 0.00601869
PHY-3002 : Step(89): len = 21901.1, overlap = 24.375
PHY-3002 : Step(90): len = 21897, overlap = 24.4375
PHY-3002 : Step(91): len = 21879.1, overlap = 24.375
PHY-3001 : :::10::: Try harder cell spreading with beta_ = 0.0120374
PHY-3002 : Step(92): len = 21958.4, overlap = 19.5625
PHY-3002 : Step(93): len = 22180.2, overlap = 19.0625
PHY-3002 : Step(94): len = 22148.8, overlap = 19.125
OPT-1001 : Start physical optimization ...
RUN-1002 : start command "start_timer -report"
TMR-2505 : Start building timing graph for model keyboard_instance.
TMR-2506 : Build timing graph completely. Port num: 9, tpin num: 4185, tnet num: 1142, tinst num: 948, tnode num: 4959, tedge num: 6774.
TMR-2508 : Levelizing timing graph completed, there are 49 levels in total.
TMR-2501 : Timing graph initialized successfully.
OPT-1001 : Total overflow 58.50 peak overflow 1.75
OPT-1001 : Start high-fanout net optimization ...
OPT-1001 : Update timing in global mode
PHY-1001 : Start incremental global routing, caller is place ...
RUN-1001 : Generating global routing grids ...
RUN-1001 : Building simple global routing graph ...
PHY-1001 : Generate routing nets ...
PHY-1001 : Reuse net number 0/1144.
PHY-1001 : Global iterations in 16 thread ...
PHY-1002 : len = 24688, over cnt = 81(0%), over = 298, worst = 13
PHY-1001 : End global iterations;  0.052717s wall, 0.000000s user + 0.000000s system = 0.000000s CPU (n/a%)

PHY-1001 : Congestion index: top1 = 25.02, top5 = 13.14, top10 = 8.16, top15 = 5.65.
PHY-1001 : End incremental global routing;  0.105173s wall, 0.000000s user + 0.000000s system = 0.000000s CPU (n/a%)

TMR-2503 : Start to update net delay, extr mode = 5.
TMR-2504 : Update delay of 1142 nets completely.
TMR-2502 : Annotate delay completely, extr mode = 5.
TMR-3001 : Initiate 0 clocks from SDC.
TMR-3004 : Map sdc constraints, there are 0 constraints in total.
TMR-3003 : Constraints initiated successfully.
TMR-3501 : Forward propagation: start to calculate arrival time...
TMR-3502 : Backward propagation: start to calculate required time...
TMR-3503 : Timing propagation completes.
OPT-1001 : End timing update;  0.017187s wall, 0.000000s user + 0.000000s system = 0.000000s CPU (n/a%)

OPT-1001 : 0 high-fanout net processed.
OPT-1001 : End high-fanout net optimization;  0.134296s wall, 0.000000s user + 0.000000s system = 0.000000s CPU (n/a%)

OPT-1001 : Current memory(MB): used = 156, reserve = 126, peak = 156.
OPT-1001 : Start global optimization ...
OPT-1001 : Start congestion update ...
RUN-1001 : Generating global routing grids ...
PHY-1001 : Generate routing nets ...
PHY-1001 : Reuse net number 689/1144.
PHY-1001 : Global iterations in 16 thread ...
PHY-1002 : len = 24688, over cnt = 81(0%), over = 298, worst = 13
PHY-1002 : len = 25976, over cnt = 46(0%), over = 137, worst = 13
PHY-1002 : len = 27856, over cnt = 7(0%), over = 9, worst = 2
PHY-1002 : len = 28016, over cnt = 2(0%), over = 2, worst = 1
PHY-1002 : len = 28112, over cnt = 0(0%), over = 0, worst = 0
PHY-1001 : End global iterations;  0.044077s wall, 0.000000s user + 0.000000s system = 0.000000s CPU (n/a%)

PHY-1001 : Congestion index: top1 = 24.22, top5 = 13.80, top10 = 8.92, top15 = 6.27.
OPT-1001 : End congestion update;  0.084216s wall, 0.000000s user + 0.000000s system = 0.000000s CPU (n/a%)

OPT-1001 : Update timing in Manhattan mode
TMR-2503 : Start to update net delay, extr mode = 3.
TMR-2504 : Update delay of 1142 nets completely.
TMR-2502 : Annotate delay completely, extr mode = 3.
TMR-3501 : Forward propagation: start to calculate arrival time...
TMR-3502 : Backward propagation: start to calculate required time...
TMR-3503 : Timing propagation completes.
OPT-1001 : End timing update;  0.011833s wall, 0.000000s user + 0.000000s system = 0.000000s CPU (n/a%)

OPT-0007 : Start: WNS 2147483647 TNS 0 NUM_FEPS 0
OPT-1001 : End global optimization;  0.096143s wall, 0.000000s user + 0.000000s system = 0.000000s CPU (n/a%)

OPT-1001 : Current memory(MB): used = 157, reserve = 128, peak = 157.
OPT-1001 : End physical optimization;  0.420365s wall, 0.062500s user + 0.000000s system = 0.062500s CPU (14.9%)

PHY-3001 : Start packing ...
SYN-4007 : Packing 0 MUX to BLE ...
SYN-4008 : Packed 0 MUX and 0 SEQ to BLE.
SYN-4007 : Packing 468 LUT to BLE ...
SYN-4008 : Packed 468 LUT and 179 SEQ to BLE.
SYN-4003 : Packing 103 remaining SEQ's ...
SYN-4005 : Packed 50 SEQ with LUT/SLICE
SYN-4006 : 249 single LUT's are left
SYN-4006 : 53 single SEQ's are left
SYN-4011 : Packing model "keyboard_instance" (AL_USER_NORMAL) with 521/721 primitive instances ...
PHY-3001 : End packing;  0.041999s wall, 0.031250s user + 0.000000s system = 0.031250s CPU (74.4%)

PHY-1001 : Populate physical database on model keyboard_instance.
RUN-1001 : There are total 476 instances
RUN-1001 : 220 mslices, 221 lslices, 31 pads, 0 brams, 0 dsps
RUN-1001 : There are total 977 nets
RUN-1001 : 556 nets have 2 pins
RUN-1001 : 288 nets have [3 - 5] pins
RUN-1001 : 102 nets have [6 - 10] pins
RUN-1001 : 20 nets have [11 - 20] pins
RUN-1001 : 8 nets have [21 - 99] pins
RUN-1001 : 3 nets have 100+ pins
PHY-3001 : design contains 474 instances, 441 slices, 17 macros(165 instances: 110 mslices 55 lslices)
PHY-3001 : Cell area utilization is 5%
PHY-3001 : After packing: Len = 22200.8, Over = 28.75
PHY-3001 : Run with size of 2
PHY-3001 : Cell area utilization is 5%
PHY-3001 : Update timing in Manhattan mode ...
RUN-1002 : start command "start_timer -report"
TMR-2505 : Start building timing graph for model keyboard_instance.
TMR-2506 : Build timing graph completely. Port num: 9, tpin num: 3657, tnet num: 975, tinst num: 474, tnode num: 4237, tedge num: 6198.
TMR-2508 : Levelizing timing graph completed, there are 47 levels in total.
TMR-2501 : Timing graph initialized successfully.
TMR-2503 : Start to update net delay, extr mode = 3.
TMR-2504 : Update delay of 975 nets completely.
TMR-2502 : Annotate delay completely, extr mode = 3.
TMR-3001 : Initiate 0 clocks from SDC.
TMR-3004 : Map sdc constraints, there are 0 constraints in total.
TMR-3003 : Constraints initiated successfully.
TMR-3501 : Forward propagation: start to calculate arrival time...
TMR-3502 : Backward propagation: start to calculate required time...
TMR-3503 : Timing propagation completes.
PHY-3001 : End timing update;  0.235653s wall, 0.109375s user + 0.000000s system = 0.109375s CPU (46.4%)

PHY-3001 : :::0::: Try harder cell spreading with beta_ = 4.28339e-05
PHY-3002 : Step(95): len = 21031, overlap = 28.5
PHY-3002 : Step(96): len = 21055.7, overlap = 29.25
PHY-3002 : Step(97): len = 20009.3, overlap = 32.75
PHY-3002 : Step(98): len = 19640.1, overlap = 33.25
PHY-3002 : Step(99): len = 19673.2, overlap = 33.25
PHY-3002 : Step(100): len = 19754, overlap = 33
PHY-3001 : :::1::: Try harder cell spreading with beta_ = 8.56679e-05
PHY-3002 : Step(101): len = 20352.5, overlap = 26.75
PHY-3002 : Step(102): len = 20514, overlap = 24.75
PHY-3002 : Step(103): len = 20666.5, overlap = 24.75
PHY-3001 : :::2::: Try harder cell spreading with beta_ = 0.000171336
PHY-3002 : Step(104): len = 21044.5, overlap = 24.75
PHY-3002 : Step(105): len = 21110.5, overlap = 24.75
PHY-3002 : Step(106): len = 21419.9, overlap = 24
PHY-3001 : Legalization ...
PHY-3001 : End legalization;  0.111975s wall, 0.000000s user + 0.015625s system = 0.015625s CPU (14.0%)

PHY-3001 : Trial Legalized: Len = 30534.4
PHY-3001 : Run with size of 2
PHY-3001 : Cell area utilization is 5%
PHY-3001 : Update timing in Manhattan mode ...
TMR-2503 : Start to update net delay, extr mode = 3.
TMR-2504 : Update delay of 975 nets completely.
TMR-2502 : Annotate delay completely, extr mode = 3.
TMR-3501 : Forward propagation: start to calculate arrival time...
TMR-3502 : Backward propagation: start to calculate required time...
TMR-3503 : Timing propagation completes.
PHY-3001 : End timing update;  0.010892s wall, 0.000000s user + 0.000000s system = 0.000000s CPU (n/a%)

PHY-3001 : :::0::: Try harder cell spreading with beta_ = 0.0003965
PHY-3002 : Step(107): len = 26264.4, overlap = 7.75
PHY-3002 : Step(108): len = 24026.9, overlap = 14.5
PHY-3002 : Step(109): len = 22588.9, overlap = 18.25
PHY-3002 : Step(110): len = 22270.7, overlap = 18.75
PHY-3002 : Step(111): len = 22196.8, overlap = 18.5
PHY-3001 : :::1::: Try harder cell spreading with beta_ = 0.000793
PHY-3002 : Step(112): len = 22311.9, overlap = 18
PHY-3002 : Step(113): len = 22321.5, overlap = 18
PHY-3002 : Step(114): len = 22249.7, overlap = 17.25
PHY-3001 : :::2::: Try harder cell spreading with beta_ = 0.001586
PHY-3002 : Step(115): len = 22276.2, overlap = 17.25
PHY-3002 : Step(116): len = 22276.2, overlap = 17.25
PHY-3001 : Legalization ...
PHY-3001 : End legalization;  0.005325s wall, 0.000000s user + 0.000000s system = 0.000000s CPU (n/a%)

PHY-3001 : Legalized: Len = 26159.2, Over = 0
PHY-3001 : End spreading;  0.003337s wall, 0.000000s user + 0.000000s system = 0.000000s CPU (n/a%)

PHY-3001 : Final: Len = 26159.2, Over = 0
OPT-1001 : Start physical optimization ...
RUN-1002 : start command "start_timer -report"
TMR-2505 : Start building timing graph for model keyboard_instance.
TMR-2506 : Build timing graph completely. Port num: 9, tpin num: 3657, tnet num: 975, tinst num: 474, tnode num: 4237, tedge num: 6198.
TMR-2508 : Levelizing timing graph completed, there are 47 levels in total.
TMR-2501 : Timing graph initialized successfully.
OPT-1001 : Total overflow 0.00 peak overflow 0.00
OPT-1001 : Start high-fanout net optimization ...
OPT-1001 : Update timing in global mode
PHY-1001 : Start incremental global routing, caller is place ...
RUN-1001 : Generating global routing grids ...
PHY-1001 : Generate routing nets ...
PHY-1001 : Reuse net number 34/977.
PHY-1001 : Global iterations in 16 thread ...
PHY-1002 : len = 30336, over cnt = 95(0%), over = 149, worst = 4
PHY-1002 : len = 31144, over cnt = 40(0%), over = 51, worst = 4
PHY-1002 : len = 31624, over cnt = 11(0%), over = 15, worst = 4
PHY-1002 : len = 31840, over cnt = 0(0%), over = 0, worst = 0
PHY-1001 : End global iterations;  0.090369s wall, 0.000000s user + 0.000000s system = 0.000000s CPU (n/a%)

PHY-1001 : Congestion index: top1 = 23.02, top5 = 15.88, top10 = 10.44, top15 = 7.38.
PHY-1001 : End incremental global routing;  0.139022s wall, 0.000000s user + 0.000000s system = 0.000000s CPU (n/a%)

TMR-2503 : Start to update net delay, extr mode = 5.
TMR-2504 : Update delay of 975 nets completely.
TMR-2502 : Annotate delay completely, extr mode = 5.
TMR-3001 : Initiate 0 clocks from SDC.
TMR-3004 : Map sdc constraints, there are 0 constraints in total.
TMR-3003 : Constraints initiated successfully.
TMR-3501 : Forward propagation: start to calculate arrival time...
TMR-3502 : Backward propagation: start to calculate required time...
TMR-3503 : Timing propagation completes.
OPT-1001 : End timing update;  0.022120s wall, 0.000000s user + 0.000000s system = 0.000000s CPU (n/a%)

OPT-1001 : 0 high-fanout net processed.
OPT-1001 : End high-fanout net optimization;  0.173054s wall, 0.000000s user + 0.000000s system = 0.000000s CPU (n/a%)

OPT-1001 : Current memory(MB): used = 159, reserve = 129, peak = 160.
OPT-1001 : Start path based optimization ...
OPT-1001 : Start congestion update ...
RUN-1001 : Generating global routing grids ...
PHY-1001 : Generate routing nets ...
PHY-1001 : Reuse net number 791/977.
PHY-1001 : Global iterations in 16 thread ...
PHY-1002 : len = 31840, over cnt = 0(0%), over = 0, worst = 0
PHY-1001 : End global iterations;  0.002934s wall, 0.000000s user + 0.000000s system = 0.000000s CPU (n/a%)

PHY-1001 : Congestion index: top1 = 23.02, top5 = 15.88, top10 = 10.44, top15 = 7.38.
OPT-1001 : End congestion update;  0.047384s wall, 0.000000s user + 0.000000s system = 0.000000s CPU (n/a%)

OPT-1001 : Update timing in Manhattan mode
TMR-2503 : Start to update net delay, extr mode = 3.
TMR-2504 : Update delay of 975 nets completely.
TMR-2502 : Annotate delay completely, extr mode = 3.
TMR-3501 : Forward propagation: start to calculate arrival time...
TMR-3502 : Backward propagation: start to calculate required time...
TMR-3503 : Timing propagation completes.
OPT-1001 : End timing update;  0.011046s wall, 0.000000s user + 0.000000s system = 0.000000s CPU (n/a%)

OPT-0007 : Start: WNS 2147483647 TNS 0 NUM_FEPS 0
OPT-1001 : End path based optimization;  0.058543s wall, 0.000000s user + 0.000000s system = 0.000000s CPU (n/a%)

OPT-1001 : Current memory(MB): used = 160, reserve = 130, peak = 160.
OPT-1001 : Update timing in Manhattan mode
TMR-2503 : Start to update net delay, extr mode = 3.
TMR-2504 : Update delay of 975 nets completely.
TMR-2502 : Annotate delay completely, extr mode = 3.
TMR-3501 : Forward propagation: start to calculate arrival time...
TMR-3502 : Backward propagation: start to calculate required time...
TMR-3503 : Timing propagation completes.
OPT-1001 : End timing update;  0.010350s wall, 0.000000s user + 0.000000s system = 0.000000s CPU (n/a%)

OPT-1001 : Start pin optimization...
OPT-1001 : skip pin optimization...
OPT-1001 : Update timing in global mode
PHY-1001 : Start incremental global routing, caller is place ...
RUN-1001 : Generating global routing grids ...
PHY-1001 : Generate routing nets ...
PHY-1001 : Reuse net number 791/977.
PHY-1001 : Global iterations in 16 thread ...
PHY-1002 : len = 31840, over cnt = 0(0%), over = 0, worst = 0
PHY-1001 : End global iterations;  0.003299s wall, 0.000000s user + 0.000000s system = 0.000000s CPU (n/a%)

PHY-1001 : Congestion index: top1 = 23.02, top5 = 15.88, top10 = 10.44, top15 = 7.38.
PHY-1001 : End incremental global routing;  0.048690s wall, 0.000000s user + 0.000000s system = 0.000000s CPU (n/a%)

TMR-2503 : Start to update net delay, extr mode = 5.
TMR-2504 : Update delay of 975 nets completely.
TMR-2502 : Annotate delay completely, extr mode = 5.
TMR-3501 : Forward propagation: start to calculate arrival time...
TMR-3502 : Backward propagation: start to calculate required time...
TMR-3503 : Timing propagation completes.
OPT-1001 : End timing update;  0.016192s wall, 0.000000s user + 0.000000s system = 0.000000s CPU (n/a%)

RUN-1001 : Generating global routing grids ...
PHY-1001 : Generate routing nets ...
PHY-1001 : Reuse net number 791/977.
PHY-1001 : Global iterations in 16 thread ...
PHY-1002 : len = 31840, over cnt = 0(0%), over = 0, worst = 0
PHY-1001 : End global iterations;  0.002830s wall, 0.000000s user + 0.000000s system = 0.000000s CPU (n/a%)

PHY-1001 : Congestion index: top1 = 23.02, top5 = 15.88, top10 = 10.44, top15 = 7.38.
OPT-1001 : Update timing in Manhattan mode
TMR-2503 : Start to update net delay, extr mode = 3.
TMR-2504 : Update delay of 975 nets completely.
TMR-2502 : Annotate delay completely, extr mode = 3.
TMR-3501 : Forward propagation: start to calculate arrival time...
TMR-3502 : Backward propagation: start to calculate required time...
TMR-3503 : Timing propagation completes.
OPT-1001 : End timing update;  0.010862s wall, 0.000000s user + 0.000000s system = 0.000000s CPU (n/a%)

RUN-1001 : QoR Analysis:
OPT-0007 :   WNS 2147483647 TNS 0 NUM_FEPS 0
RUN-1001 :   No local congestion issue, and most congested 1% tile average routing util is 22.620690
RUN-1001 :   Top critical paths
OPT-1001 : End physical optimization;  0.577477s wall, 0.062500s user + 0.000000s system = 0.062500s CPU (10.8%)

RUN-1003 : finish command "place" in  5.273047s wall, 0.578125s user + 0.265625s system = 0.843750s CPU (16.0%)

RUN-1004 : used memory is 142 MB, reserved memory is 112 MB, peak memory is 160 MB
RUN-1002 : start command "export_db keyboard_place.db"
RUN-1001 : Exported /
RUN-1001 : Exported flow parameters
RUN-1001 : Exported libs
RUN-1001 : Exported entities
RUN-1001 : Exported ports
RUN-1001 : Exported pins
RUN-1001 : Exported instances
RUN-1001 : Exported nets
RUN-1001 : Exported buses
RUN-1001 : Exported models
RUN-1001 : Exported congestions
RUN-1001 : Exported violations
RUN-1001 : Exported timing constraints
RUN-1001 : Exported IO constraints
RUN-1001 : Exported Inst constraints
RUN-1002 : start command "route"
RUN-1001 : Open license file E:/Anlogic/TD5.6.59063/license/Anlogic.lic
RUN-1001 : Print Global Property
RUN-1001 : ---------------------------------------------------------------
RUN-1001 :        Parameters        |  Settings  |  Default Values  |  Note  
RUN-1001 : ---------------------------------------------------------------
RUN-1001 :          message         |  standard  |     standard     |        
RUN-1001 :   mixed_pack_place_flow  |     on     |        on        |        
RUN-1001 :        qor_monitor       |    off     |       off        |        
RUN-1001 :        syn_ip_flow       |    off     |       off        |        
RUN-1001 :          thread          |    auto    |       auto       |        
RUN-1001 : ---------------------------------------------------------------
RUN-1001 : Print Route Property
RUN-1001 : -------------------------------------------------------
RUN-1001 :    Parameters    |  Settings  |  Default Values  |  Note  
RUN-1001 : -------------------------------------------------------
RUN-1001 :      effort      |   medium   |      medium      |        
RUN-1001 :     fix_hold     |    off     |       off        |        
RUN-1001 :    opt_timing    |   medium   |      medium      |        
RUN-1001 :   phy_sim_model  |    off     |       off        |        
RUN-1001 :     priority     |   timing   |      timing      |        
RUN-1001 :     swap_pin     |     on     |        on        |        
RUN-1001 : -------------------------------------------------------
PHY-1001 : Route runs in 16 thread(s)
RUN-1001 : There are total 476 instances
RUN-1001 : 220 mslices, 221 lslices, 31 pads, 0 brams, 0 dsps
RUN-1001 : There are total 977 nets
RUN-1001 : 556 nets have 2 pins
RUN-1001 : 288 nets have [3 - 5] pins
RUN-1001 : 102 nets have [6 - 10] pins
RUN-1001 : 20 nets have [11 - 20] pins
RUN-1001 : 8 nets have [21 - 99] pins
RUN-1001 : 3 nets have 100+ pins
RUN-1002 : start command "start_timer -report"
TMR-2505 : Start building timing graph for model keyboard_instance.
TMR-2506 : Build timing graph completely. Port num: 9, tpin num: 3657, tnet num: 975, tinst num: 474, tnode num: 4237, tedge num: 6198.
TMR-2508 : Levelizing timing graph completed, there are 47 levels in total.
TMR-2501 : Timing graph initialized successfully.
PHY-1001 : 220 mslices, 221 lslices, 31 pads, 0 brams, 0 dsps
TMR-2503 : Start to update net delay, extr mode = 3.
TMR-2504 : Update delay of 975 nets completely.
TMR-2502 : Annotate delay completely, extr mode = 3.
TMR-3001 : Initiate 0 clocks from SDC.
TMR-3004 : Map sdc constraints, there are 0 constraints in total.
TMR-3003 : Constraints initiated successfully.
TMR-3501 : Forward propagation: start to calculate arrival time...
TMR-3502 : Backward propagation: start to calculate required time...
TMR-3503 : Timing propagation completes.
PHY-1001 : Start global routing, caller is route ...
RUN-1001 : Generating global routing grids ...
PHY-1001 : Generate routing nets ...
PHY-1001 : Global iterations in 16 thread ...
PHY-1002 : len = 30136, over cnt = 96(0%), over = 148, worst = 4
PHY-1002 : len = 30976, over cnt = 40(0%), over = 49, worst = 3
PHY-1002 : len = 31528, over cnt = 8(0%), over = 11, worst = 3
PHY-1002 : len = 31688, over cnt = 0(0%), over = 0, worst = 0
PHY-1001 : End global iterations;  0.095706s wall, 0.000000s user + 0.000000s system = 0.000000s CPU (n/a%)

PHY-1001 : Congestion index: top1 = 23.08, top5 = 15.79, top10 = 10.41, top15 = 7.35.
PHY-1001 : End global routing;  0.138371s wall, 0.000000s user + 0.000000s system = 0.000000s CPU (n/a%)

PHY-1001 : Start detail routing ...
PHY-1001 : Current memory(MB): used = 180, reserve = 150, peak = 194.
PHY-1001 : Detailed router is running in normal mode.
PHY-1001 : Generate detailed routing grids ...
PHY-1001 : Generate nets ...
PHY-1001 : net clk_50M_dup_1 will be routed on clock mesh
PHY-1001 : clock net U1/scan_clk_syn_4 will be merged with clock U1/scan_clk
PHY-1001 : Current memory(MB): used = 448, reserve = 423, peak = 448.
PHY-1001 : End build detailed router design. 3.555584s wall, 0.406250s user + 0.000000s system = 0.406250s CPU (11.4%)

PHY-1001 : Detail Route ...
PHY-1001 : ===== Detail Route Phase 1 =====
PHY-1001 : Clock net routing.....
PHY-1001 : Routed 0% nets.
PHY-1022 : len = 11376, over cnt = 0(0%), over = 0, worst = 0, crit = 0
PHY-1001 : End initial clock net routed; 0.375528s wall, 0.031250s user + 0.000000s system = 0.031250s CPU (8.3%)

PHY-1001 : Current memory(MB): used = 478, reserve = 454, peak = 478.
PHY-1001 : End phase 1; 0.380387s wall, 0.031250s user + 0.000000s system = 0.031250s CPU (8.2%)

PHY-1001 : ===== Detail Route Phase 2 =====
PHY-1001 : Initial routing.....
PHY-1001 : Routed 14% nets.
PHY-1001 : Routed 25% nets.
PHY-1001 : Routed 32% nets.
PHY-1001 : Patch 479 net; 0.438962s wall, 0.093750s user + 0.000000s system = 0.093750s CPU (21.4%)

PHY-1022 : len = 59208, over cnt = 34(0%), over = 34, worst = 1, crit = 0
PHY-1001 : Current memory(MB): used = 478, reserve = 454, peak = 478.
PHY-1001 : End initial routed; 0.502865s wall, 0.109375s user + 0.000000s system = 0.109375s CPU (21.8%)

PHY-1001 : Update timing.....
PHY-1001 : 0/796(0%) critical/total net(s).
RUN-1001 : ------------------------------------------
RUN-1001 :   Type   |    WNS(ns)    |  TNS(ns)  |  FEP  
RUN-1001 : ------------------------------------------
RUN-1001 :   Setup  |  2147483.647  |   0.000   |   0   
RUN-1001 :   Hold   |  2147483.647  |   0.000   |   0   
RUN-1001 : ------------------------------------------
PHY-1001 : End update timing; 0.244054s wall, 0.015625s user + 0.000000s system = 0.015625s CPU (6.4%)

PHY-1001 : Current memory(MB): used = 479, reserve = 455, peak = 479.
PHY-1001 : End phase 2; 0.746997s wall, 0.125000s user + 0.000000s system = 0.125000s CPU (16.7%)

PHY-1001 : ===== Detail Route Phase 3 =====
PHY-1001 : Optimize timing.....
PHY-1022 : len = 59208, over cnt = 34(0%), over = 34, worst = 1, crit = 0
PHY-1001 : End optimize timing; 0.005503s wall, 0.000000s user + 0.000000s system = 0.000000s CPU (n/a%)

PHY-1001 : Ripup-reroute.....
PHY-1001 : ===== DR Iter 1 =====
PHY-1022 : len = 59376, over cnt = 10(0%), over = 10, worst = 1, crit = 0
PHY-1001 : End DR Iter 1; 0.034654s wall, 0.000000s user + 0.000000s system = 0.000000s CPU (n/a%)

PHY-1001 : ===== DR Iter 2 =====
PHY-1022 : len = 59456, over cnt = 0(0%), over = 0, worst = 0, crit = 0
PHY-1001 : End DR Iter 2; 0.025380s wall, 0.000000s user + 0.000000s system = 0.000000s CPU (n/a%)

PHY-1001 : Update timing.....
PHY-1001 : 0/796(0%) critical/total net(s).
RUN-1001 : ------------------------------------------
RUN-1001 :   Type   |    WNS(ns)    |  TNS(ns)  |  FEP  
RUN-1001 : ------------------------------------------
RUN-1001 :   Setup  |  2147483.647  |   0.000   |   0   
RUN-1001 :   Hold   |  2147483.647  |   0.000   |   0   
RUN-1001 : ------------------------------------------
PHY-1001 : End update timing; 0.229051s wall, 0.000000s user + 0.000000s system = 0.000000s CPU (n/a%)

PHY-1001 : Commit to database.....
PHY-1001 : 12 feed throughs used by 7 nets
PHY-1001 : End commit to database; 0.108694s wall, 0.000000s user + 0.000000s system = 0.000000s CPU (n/a%)

PHY-1001 : Current memory(MB): used = 490, reserve = 466, peak = 490.
PHY-1001 : End phase 3; 0.535609s wall, 0.000000s user + 0.000000s system = 0.000000s CPU (n/a%)

PHY-1003 : Routed, final wirelength = 59456
PHY-1001 : Current memory(MB): used = 490, reserve = 466, peak = 490.
PHY-1001 : End export database. 0.006104s wall, 0.000000s user + 0.000000s system = 0.000000s CPU (n/a%)

PHY-1001 : End detail routing;  5.416433s wall, 0.562500s user + 0.000000s system = 0.562500s CPU (10.4%)

RUN-1003 : finish command "route" in  5.822708s wall, 0.562500s user + 0.000000s system = 0.562500s CPU (9.7%)

RUN-1004 : used memory is 430 MB, reserved memory is 405 MB, peak memory is 490 MB
RUN-1002 : start command "report_area -io_info -file keyboard_phy.area"
RUN-1001 : standard
***Report Model: keyboard_instance Device: EG4S20BG256***

IO Statistics
#IO                        31
  #input                    6
  #output                  25
  #inout                    0

Utilization Statistics
#lut                      801   out of  19600    4.09%
#reg                      282   out of  19600    1.44%
#le                       854
  #lut only               572   out of    854   66.98%
  #reg only                53   out of    854    6.21%
  #lut&reg                229   out of    854   26.81%
#dsp                        0   out of     29    0.00%
#bram                       0   out of     64    0.00%
  #bram9k                   0
  #fifo9k                   0
#bram32k                    0   out of     16    0.00%
#pad                       31   out of    188   16.49%
  #ireg                     0
  #oreg                     0
  #treg                     0
#pll                        0   out of      4    0.00%
#gclk                       2   out of     16   12.50%

Clock Resource Statistics
Index     ClockNet         Type               DriverType         Driver                      Fanout
#1        clk_50M_dup_1    GCLK               io                 clk_50M_syn_2.di            159
#2        U1/scan_clk      GCLK               mslice             U1/scan_clk_reg_syn_9.q0    10


Detailed IO Report

        Name           Direction    Location    IOStandard    DriveStrength    PullType    PackReg  
        RSTn             INPUT         A9        LVCMOS33          N/A          PULLUP      NONE    
       clk_50M           INPUT         R7        LVCMOS33          N/A          PULLUP      NONE    
       col[3]            INPUT        F10        LVCMOS33          N/A          PULLUP      NONE    
       col[2]            INPUT        C11        LVCMOS33          N/A          PULLUP      NONE    
       col[1]            INPUT        D11        LVCMOS33          N/A          PULLUP      NONE    
       col[0]            INPUT        E11        LVCMOS33          N/A          PULLUP      NONE    
  DigitronCS_Out[3]     OUTPUT         A3        LVCMOS33           8            NONE       NONE    
  DigitronCS_Out[2]     OUTPUT         A5        LVCMOS33           8            NONE       NONE    
  DigitronCS_Out[1]     OUTPUT         B6        LVCMOS33           8            NONE       NONE    
  DigitronCS_Out[0]     OUTPUT         C9        LVCMOS33           8            NONE       NONE    
   Digitron_Out[7]      OUTPUT         C8        LVCMOS33           8            NONE       NONE    
   Digitron_Out[6]      OUTPUT         A8        LVCMOS33           8            NONE       NONE    
   Digitron_Out[5]      OUTPUT         B5        LVCMOS33           8            NONE       NONE    
   Digitron_Out[4]      OUTPUT         A7        LVCMOS33           8            NONE       NONE    
   Digitron_Out[3]      OUTPUT         E8        LVCMOS33           8            NONE       NONE    
   Digitron_Out[2]      OUTPUT         B8        LVCMOS33           8            NONE       NONE    
   Digitron_Out[1]      OUTPUT         A6        LVCMOS33           8            NONE       NONE    
   Digitron_Out[0]      OUTPUT         A4        LVCMOS33           8            NONE       NONE    
       buzzer           OUTPUT        H11        LVCMOS33           8            NONE       NONE    
       leds[6]          OUTPUT        B15        LVCMOS33           8            NONE       NONE    
       leds[5]          OUTPUT        B16        LVCMOS33           8            NONE       NONE    
       leds[4]          OUTPUT        C15        LVCMOS33           8            NONE       NONE    
       leds[3]          OUTPUT        C16        LVCMOS33           8            NONE       NONE    
       leds[2]          OUTPUT        E13        LVCMOS33           8            NONE       NONE    
       leds[1]          OUTPUT        E16        LVCMOS33           8            NONE       NONE    
       leds[0]          OUTPUT        F16        LVCMOS33           8            NONE       NONE    
        light           OUTPUT        B14        LVCMOS33           8            NONE       NONE    
       row[3]           OUTPUT         D9        LVCMOS33           8            NONE       NONE    
       row[2]           OUTPUT         F9        LVCMOS33           8            NONE       NONE    
       row[1]           OUTPUT        C10        LVCMOS33           8            NONE       NONE    
       row[0]           OUTPUT        E10        LVCMOS33           8            NONE       NONE    

Report Hierarchy Area:
+-------------------------------------------------------------------------------------------+
|Instance |Module                      |le     |lut     |ripple  |seq     |bram    |dsp     |
+-------------------------------------------------------------------------------------------+
|top      |keyboard_instance           |854    |636     |165     |282     |0       |0       |
|  U1     |keyboard_scan               |73     |50      |9       |53      |0       |0       |
|  U2     |key_filter                  |60     |30      |6       |50      |0       |0       |
|  U3     |onehot2binary               |603    |471     |131     |128     |0       |0       |
|  U5     |Digitron_TimeDisplay_module |39     |20      |5       |16      |0       |0       |
|  U6     |Led_effect                  |74     |60      |14      |35      |0       |0       |
+-------------------------------------------------------------------------------------------+


DataNet Average Fanout:

   Index     Fanout    Nets  
    #1         1       525   
    #2         2       147   
    #3         3        89   
    #4         4        52   
    #5        5-10     106   
    #6       11-50      22   
    #7       51-100     1    
  Average     2.63           

RUN-1002 : start command "export_db keyboard_pr.db"
RUN-1001 : Exported /
RUN-1001 : Exported flow parameters
RUN-1001 : Exported libs
RUN-1001 : Exported entities
RUN-1001 : Exported ports
RUN-1001 : Exported pins
RUN-1001 : Exported instances
RUN-1001 : Exported nets
RUN-1001 : Exported buses
RUN-1001 : Exported models
RUN-1001 : Exported congestions
RUN-1001 : Exported violations
RUN-1001 : Exported timing constraints
RUN-1001 : Exported IO constraints
RUN-1001 : Exported Inst constraints
RUN-1002 : start command "export_bid keyboard_inst.bid"
RUN-1002 : start command "bitgen -bit keyboard.bit -unused_io_status pulldown"
BIT-1003 : Start to generate bitstream. 
BIT-1002 : Bitgen processed 157 unused pads, reserve input tri_state with pulldown
BIT-1002 : Init instances with 16 threads.
BIT-1002 : Init instances completely, inst num: 631
BIT-1002 : Init pips with 16 threads.
BIT-1002 : Init pips completely, net num: 977, pip num: 7063
BIT-1002 : Init feedthrough with 16 threads.
BIT-1002 : Init feedthrough completely, num: 12
BIT-1003 : Multithreading accelaration with 16 threads.
BIT-1003 : Generate bitstream completely, there are 797 valid insts, and 23899 bits set as '1'.
BIT-1004 : PLL setting string = 0000
BIT-1004 : Generate bits file keyboard.bit.
RUN-1003 : finish command "bitgen -bit keyboard.bit -unused_io_status pulldown" in  1.656668s wall, 8.437500s user + 0.062500s system = 8.500000s CPU (513.1%)

RUN-1004 : used memory is 440 MB, reserved memory is 417 MB, peak memory is 631 MB
RUN-1002 : start command "backup_run_log run.log ../.logs/phy_1/td_20240829_004210.log"
