============================================================
   Tang Dynasty, V5.6.59063
   Copyright (c) 2012-2022 Anlogic
   Executable = E:/Anlogic/TD5.6.59063/bin/td.exe
   Built at =   12:45:13 Sep  6 2022
   Run by =     19234
   Run Date =   Tue Aug 27 23:02:15 2024

   Run on =     ERIKPSW
============================================================
RUN-1002 : start command "open_project keyboard.prj"
RUN-1001 : Print Global Property
RUN-1001 : ---------------------------------------------------------------
RUN-1001 :        Parameters        |  Settings  |  Default Values  |  Note  
RUN-1001 : ---------------------------------------------------------------
RUN-1001 :          message         |  standard  |     standard     |        
RUN-1001 :   mixed_pack_place_flow  |     on     |        on        |        
RUN-1001 :        qor_monitor       |    off     |       off        |        
RUN-1001 :        syn_ip_flow       |    off     |       off        |        
RUN-1001 :          thread          |    auto    |       auto       |        
RUN-1001 : ---------------------------------------------------------------
RUN-1001 : Print Design Property
RUN-1001 : --------------------------------------------------------------
RUN-1001 :        Parameters       |  Settings  |  Default Values  |  Note  
RUN-1001 : --------------------------------------------------------------
RUN-1001 :   default_reg_initial   |    auto    |       auto       |        
RUN-1001 :        infer_add        |     on     |        on        |        
RUN-1001 :        infer_fsm        |    off     |       off        |        
RUN-1001 :        infer_mult       |     on     |        on        |        
RUN-1001 :        infer_ram        |     on     |        on        |        
RUN-1001 :        infer_reg        |     on     |        on        |        
RUN-1001 :   infer_reg_init_value  |     on     |        on        |        
RUN-1001 :        infer_rom        |     on     |        on        |        
RUN-1001 :      infer_shifter      |     on     |        on        |        
RUN-1001 : --------------------------------------------------------------
RUN-1001 : Print Rtl Property
RUN-1001 : --------------------------------------------------------------
RUN-1001 :        Parameters       |  Settings  |  Default Values  |  Note  
RUN-1001 : --------------------------------------------------------------
RUN-1001 :       compress_add      |   ripple   |      ripple      |        
RUN-1001 :        elf_sload        |    off     |       off        |        
RUN-1001 :       fix_undriven      |     0      |        0         |        
RUN-1001 :         flatten         |    off     |       off        |        
RUN-1001 :       gate_sharing      |     on     |        on        |        
RUN-1001 :    hdl_warning_level    |   normal   |      normal      |        
RUN-1001 :   impl_internal_tribuf  |     on     |        on        |        
RUN-1001 :      impl_set_reset     |     on     |        on        |        
RUN-1001 :        infer_gsr        |    off     |       off        |        
RUN-1001 :      keep_hierarchy     |    auto    |       auto       |        
RUN-1001 :        max_fanout       |    9999    |       9999       |        
RUN-1001 :      max_oh2bin_len     |     10     |        10        |        
RUN-1001 :       merge_equal       |     on     |        on        |        
RUN-1001 :       merge_equiv       |     on     |        on        |        
RUN-1001 :        merge_mux        |    off     |       off        |        
RUN-1001 :     min_control_set     |     8      |        8         |        
RUN-1001 :      min_ripple_len     |    auto    |       auto       |        
RUN-1001 :       oh2bin_ratio      |    0.08    |       0.08       |        
RUN-1001 :     opt_adder_fanout    |     on     |        on        |        
RUN-1001 :        opt_arith        |     on     |        on        |        
RUN-1001 :       opt_big_gate      |    off     |       off        |        
RUN-1001 :        opt_const        |     on     |        on        |        
RUN-1001 :      opt_const_mult     |     on     |        on        |        
RUN-1001 :       opt_lessthan      |     on     |        on        |        
RUN-1001 :         opt_mux         |    off     |       off        |        
RUN-1001 :         opt_ram         |    high    |       high       |        
RUN-1001 :      rtl_sim_model      |    off     |       off        |        
RUN-1001 :         seq_syn         |     on     |        on        |        
RUN-1001 : --------------------------------------------------------------
HDL-1007 : analyze verilog file ../../../src/Digitron_TimeDisplay_module.v
HDL-1007 : analyze verilog file ../../../src/key_filter.v
HDL-1007 : analyze verilog file ../../../src/keyboard_instance.v
HDL-1007 : analyze verilog file ../../../src/keyboard_scan.v
HDL-1007 : analyze verilog file ../../../src/onehot2binary.v
RUN-1001 : Project manager successfully analyzed 5 source files.
RUN-1002 : start command "import_device eagle_s20.db -package EG4S20BG256"
ARC-1001 : Device Initialization.
ARC-1001 : ------------------------------------------------------------------
ARC-1001 :            OPTION            |          IO          |   SETTING   
ARC-1001 : ------------------------------------------------------------------
ARC-1001 :   cso_b/cclk/mosi/miso/dout  |  T3/R11/T10/P10/S11  |    gpio    
ARC-1001 :             done             |         P13          |    gpio    
ARC-1001 :           program_b          |          T2          |  dedicate  
ARC-1001 :        tdi/tms/tck/tdo       |   C12/A15/C14/E14    |  dedicate  
ARC-1001 : ------------------------------------------------------------------
ARC-1004 : Device setting, marked 5 dedicate IOs in total.
RUN-1002 : start command "import_db ../syn_1/keyboard_gate.db"
RUN-1001 : Importing database generated by Tang Dynasty, V5.6.59063.
RUN-1001 : Database version number 46140.
RUN-1001 : Import flow parameters
RUN-1001 : Import timing constraints
RUN-1001 : Import IO constraints
RUN-1001 : Import Inst constraints
RUN-1001 : Import design success TD_VERSION=5.6.59063 , DB_VERSION=46140
RUN-1002 : start command "read_sdc"
USR-1002 : read_sdc file_name -help -h -eco
USR-1009 : NO module with IP_SDC ...
RUN-1104 : Import SDC file  finished, there are 0 nets kept by constraints.
RUN-1002 : start command "place"
RUN-1001 : Open license file E:/Anlogic/TD5.6.59063/license/Anlogic.lic
RUN-1001 : Print Global Property
RUN-1001 : ---------------------------------------------------------------
RUN-1001 :        Parameters        |  Settings  |  Default Values  |  Note  
RUN-1001 : ---------------------------------------------------------------
RUN-1001 :          message         |  standard  |     standard     |        
RUN-1001 :   mixed_pack_place_flow  |     on     |        on        |        
RUN-1001 :        qor_monitor       |    off     |       off        |        
RUN-1001 :        syn_ip_flow       |    off     |       off        |        
RUN-1001 :          thread          |    auto    |       auto       |        
RUN-1001 : ---------------------------------------------------------------
RUN-1001 : Print Place Property
RUN-1001 : --------------------------------------------------------------
RUN-1001 :        Parameters       |  Settings  |  Default Values  |  Note  
RUN-1001 : --------------------------------------------------------------
RUN-1001 :      detailed_place     |     on     |        on        |        
RUN-1001 :          effort         |   medium   |      medium      |        
RUN-1001 :         fix_hold        |    off     |       off        |        
RUN-1001 :       legalization      |    ori     |       ori        |        
RUN-1001 :      new_spreading      |     on     |        on        |        
RUN-1001 :        opt_timing       |   medium   |      medium      |        
RUN-1001 :   post_clock_route_opt  |    off     |       off        |        
RUN-1001 :       pr_strategy       |     1      |        1         |        
RUN-1001 :        relaxation       |    1.00    |       1.00       |        
RUN-1001 :         retiming        |    off     |       off        |        
RUN-1001 : --------------------------------------------------------------
PHY-3001 : Placer runs in 16 thread(s).
RUN-1002 : start command "legalize_phy_inst"
SYN-1011 : Flatten model keyboard_instance
RUN-1002 : start command "phys_opt -simplify_lut"
SYN-4024 : Net "clk_50M_dup_1" drives clk pins.
SYN-4024 : Net "U1/scan_clk" drives clk pins.
SYN-4025 : Tag rtl::Net U1/scan_clk as clock net
SYN-4025 : Tag rtl::Net clk_50M_dup_1 as clock net
SYN-4026 : Tagged 2 rtl::Net as clock net
SYN-4015 : Create BUFG instance for clk Net U1/scan_clk to drive 20 clock pins.
PHY-1001 : Populate physical database on model keyboard_instance.
RUN-1001 : There are total 483 instances
RUN-0007 : 209 luts, 182 seqs, 40 mslices, 24 lslices, 24 pads, 0 brams, 0 dsps
RUN-1001 : There are total 599 nets
RUN-1001 : 352 nets have 2 pins
RUN-1001 : 198 nets have [3 - 5] pins
RUN-1001 : 35 nets have [6 - 10] pins
RUN-1001 : 6 nets have [11 - 20] pins
RUN-1001 : 6 nets have [21 - 99] pins
RUN-1001 : 2 nets have 100+ pins
RUN-1001 : Report Control nets information:
RUN-1001 : DFF Distribution
RUN-1001 : ----------------------------------
RUN-1001 :   CE   |  SSR  |  ASR  |  DFF Count  
RUN-1001 : ----------------------------------
RUN-1001 :   No   |  No   |  No   |     82      
RUN-1001 :   No   |  No   |  Yes  |     20      
RUN-1001 :   No   |  Yes  |  No   |      0      
RUN-1001 :   Yes  |  No   |  No   |      0      
RUN-1001 :   Yes  |  No   |  Yes  |     32      
RUN-1001 :   Yes  |  Yes  |  No   |     48      
RUN-1001 : ----------------------------------
RUN-0007 : Control Group Statistic
RUN-0007 : ---------------------------
RUN-0007 :   #CLK  |  #CE  |  #SSR/ASR  
RUN-0007 : ---------------------------
RUN-0007 :    2    |   3   |     3      
RUN-0007 : ---------------------------
RUN-0007 : Control Set = 5
PHY-3001 : Initial placement ...
PHY-3001 : design contains 481 instances, 209 luts, 182 seqs, 64 slices, 7 macros(64 instances: 40 mslices 24 lslices)
PHY-0007 : Cell area utilization is 1%
PHY-3001 : Start timing update ...
RUN-1002 : start command "start_timer -report"
TMR-2505 : Start building timing graph for model keyboard_instance.
TMR-2506 : Build timing graph completely. Port num: 8, tpin num: 2103, tnet num: 597, tinst num: 481, tnode num: 2672, tedge num: 3376.
TMR-2508 : Levelizing timing graph completed, there are 33 levels in total.
TMR-2501 : Timing graph initialized successfully.
TMR-2503 : Start to update net delay, extr mode = 2.
TMR-2504 : Update delay of 597 nets completely.
TMR-2502 : Annotate delay completely, extr mode = 2.
TMR-3001 : Initiate 0 clocks from SDC.
TMR-3004 : Map sdc constraints, there are 0 constraints in total.
TMR-3003 : Constraints initiated successfully.
TMR-3501 : Forward propagation: start to calculate arrival time...
TMR-3502 : Backward propagation: start to calculate required time...
TMR-3503 : Timing propagation completes.
PHY-3001 : End timing update;  0.187983s wall, 0.093750s user + 0.000000s system = 0.093750s CPU (49.9%)

PHY-3001 : Global placement ...
PHY-3001 : Initial: Len = 148679
PHY-3001 : Clustering ...
PHY-3001 : Level 0 #clusters 481.
PHY-3001 : End clustering;  0.000015s wall, 0.000000s user + 0.000000s system = 0.000000s CPU (n/a%)

PHY-3001 : Run with size of 4
PHY-3001 : Cell area utilization is 1%
PHY-3001 : :::0::: Try harder cell spreading with beta_ = 0
PHY-3002 : Step(1): len = 92145.5, overlap = 0
PHY-3002 : Step(2): len = 54404.2, overlap = 0
PHY-3002 : Step(3): len = 39274.7, overlap = 0
PHY-3002 : Step(4): len = 28508.7, overlap = 0
PHY-3002 : Step(5): len = 22233.8, overlap = 0
PHY-3002 : Step(6): len = 19338.6, overlap = 0
PHY-3002 : Step(7): len = 18627.3, overlap = 0
PHY-3002 : Step(8): len = 17397.7, overlap = 0
PHY-3002 : Step(9): len = 16501.5, overlap = 0
PHY-3002 : Step(10): len = 16240.4, overlap = 0
PHY-3002 : Step(11): len = 16423.9, overlap = 0
PHY-3002 : Step(12): len = 15340.9, overlap = 0
PHY-3002 : Step(13): len = 14799.5, overlap = 0
PHY-3002 : Step(14): len = 14198.4, overlap = 0
PHY-3002 : Step(15): len = 14444.6, overlap = 0
PHY-3002 : Step(16): len = 14613.3, overlap = 0
PHY-3002 : Step(17): len = 14229, overlap = 0
PHY-3002 : Step(18): len = 13482.8, overlap = 0
PHY-3002 : Step(19): len = 13583.9, overlap = 0
PHY-3002 : Step(20): len = 12275.6, overlap = 0
PHY-3002 : Step(21): len = 12697.4, overlap = 0
PHY-3002 : Step(22): len = 12403.5, overlap = 0
PHY-3002 : Step(23): len = 10954.7, overlap = 0
PHY-3002 : Step(24): len = 10743.7, overlap = 0
PHY-3002 : Step(25): len = 10774.5, overlap = 0
PHY-3002 : Step(26): len = 10185.2, overlap = 0
PHY-3002 : Step(27): len = 10185.2, overlap = 0
PHY-3002 : Step(28): len = 9750.3, overlap = 0
PHY-3002 : Step(29): len = 9750.3, overlap = 0
PHY-3002 : Step(30): len = 9783.4, overlap = 0
PHY-3001 : Legalization ...
PHY-3001 : End legalization;  0.004239s wall, 0.000000s user + 0.000000s system = 0.000000s CPU (n/a%)

PHY-3001 : Run with size of 4
PHY-3001 : Cell area utilization is 2%
PHY-3001 : Update timing in Manhattan mode ...
TMR-2503 : Start to update net delay, extr mode = 3.
TMR-2504 : Update delay of 597 nets completely.
TMR-2502 : Annotate delay completely, extr mode = 3.
TMR-3501 : Forward propagation: start to calculate arrival time...
TMR-3502 : Backward propagation: start to calculate required time...
TMR-3503 : Timing propagation completes.
PHY-3001 : End timing update;  0.006016s wall, 0.015625s user + 0.000000s system = 0.015625s CPU (259.7%)

PHY-3001 : :::0::: Try harder cell spreading with beta_ = 0
PHY-3002 : Step(31): len = 9713, overlap = 1.125
PHY-3002 : Step(32): len = 9826.8, overlap = 1.125
PHY-3002 : Step(33): len = 10077.8, overlap = 1.125
PHY-3002 : Step(34): len = 10464.2, overlap = 0.75
PHY-3002 : Step(35): len = 10837.9, overlap = 0.5
PHY-3002 : Step(36): len = 10534, overlap = 0.5625
PHY-3002 : Step(37): len = 9934, overlap = 0.5625
PHY-3002 : Step(38): len = 9989.2, overlap = 0.5
PHY-3002 : Step(39): len = 10077.1, overlap = 1
PHY-3002 : Step(40): len = 10214.6, overlap = 0.875
PHY-3002 : Step(41): len = 9641, overlap = 0.875
PHY-3002 : Step(42): len = 9795.9, overlap = 1
PHY-3002 : Step(43): len = 9896, overlap = 1
PHY-3002 : Step(44): len = 9702.1, overlap = 1.75
PHY-3002 : Step(45): len = 9091.3, overlap = 2.09375
PHY-3002 : Step(46): len = 9052.8, overlap = 2.6875
PHY-3002 : Step(47): len = 9169.8, overlap = 3.09375
PHY-3002 : Step(48): len = 8958.8, overlap = 3.59375
PHY-3002 : Step(49): len = 9163.9, overlap = 3.125
PHY-3002 : Step(50): len = 9323.6, overlap = 3.09375
PHY-3002 : Step(51): len = 9692.7, overlap = 4.4375
PHY-3002 : Step(52): len = 9151.3, overlap = 4.40625
PHY-3002 : Step(53): len = 9569.8, overlap = 0.5
PHY-3002 : Step(54): len = 9405.5, overlap = 1.875
PHY-3002 : Step(55): len = 8388.9, overlap = 1.5
PHY-3002 : Step(56): len = 8398.9, overlap = 4.3125
PHY-3002 : Step(57): len = 8134.3, overlap = 6.9375
PHY-3002 : Step(58): len = 7624.2, overlap = 5.75
PHY-3002 : Step(59): len = 7676.7, overlap = 5.46875
PHY-3002 : Step(60): len = 7357.3, overlap = 6.5625
PHY-3002 : Step(61): len = 7275.5, overlap = 6.46875
PHY-3002 : Step(62): len = 7039.5, overlap = 5.8125
PHY-3002 : Step(63): len = 7115.8, overlap = 4.4375
PHY-3002 : Step(64): len = 7065.4, overlap = 6.4375
PHY-3002 : Step(65): len = 7007.8, overlap = 5.1875
PHY-3002 : Step(66): len = 7063.1, overlap = 5.125
PHY-3002 : Step(67): len = 6906.1, overlap = 3.5625
PHY-3002 : Step(68): len = 6771.6, overlap = 0.875
PHY-3002 : Step(69): len = 6583.4, overlap = 3.1875
PHY-3002 : Step(70): len = 6491.8, overlap = 3.15625
PHY-3002 : Step(71): len = 6014.9, overlap = 5.34375
PHY-3002 : Step(72): len = 5766.1, overlap = 5.15625
PHY-3002 : Step(73): len = 5755.2, overlap = 5.8125
PHY-3002 : Step(74): len = 5556, overlap = 3.5625
PHY-3002 : Step(75): len = 5538.9, overlap = 2.8125
PHY-3002 : Step(76): len = 5536.9, overlap = 2.8125
PHY-3002 : Step(77): len = 5334.2, overlap = 2.3125
PHY-3002 : Step(78): len = 5363.6, overlap = 2.3125
PHY-3002 : Step(79): len = 5287.4, overlap = 1.5625
PHY-3002 : Step(80): len = 5376, overlap = 1.125
PHY-3002 : Step(81): len = 5425.7, overlap = 0.625
PHY-3002 : Step(82): len = 5498.4, overlap = 0.875
PHY-3002 : Step(83): len = 5331, overlap = 0.875
PHY-3002 : Step(84): len = 5309.9, overlap = 1.03125
PHY-3002 : Step(85): len = 5055.6, overlap = 0.875
PHY-3002 : Step(86): len = 5022.8, overlap = 1.0625
PHY-3002 : Step(87): len = 5020.3, overlap = 1.5
PHY-3001 : :::1::: Try harder cell spreading with beta_ = 0.000120072
PHY-3002 : Step(88): len = 4771.4, overlap = 1.6875
PHY-3002 : Step(89): len = 4873.2, overlap = 1.75
PHY-3002 : Step(90): len = 4873.2, overlap = 1.75
PHY-3001 : :::2::: Try harder cell spreading with beta_ = 0.000240145
PHY-3002 : Step(91): len = 4691.7, overlap = 1.5
PHY-3002 : Step(92): len = 4759.6, overlap = 1.5
PHY-3001 : Run with size of 2
PHY-3001 : Cell area utilization is 2%
PHY-3001 : Update timing in Manhattan mode ...
TMR-2503 : Start to update net delay, extr mode = 3.
TMR-2504 : Update delay of 597 nets completely.
TMR-2502 : Annotate delay completely, extr mode = 3.
TMR-3501 : Forward propagation: start to calculate arrival time...
TMR-3502 : Backward propagation: start to calculate required time...
TMR-3503 : Timing propagation completes.
PHY-3001 : End timing update;  0.005763s wall, 0.015625s user + 0.000000s system = 0.015625s CPU (271.1%)

PHY-3001 : :::0::: Try harder cell spreading with beta_ = 2.62522e-05
PHY-3002 : Step(93): len = 4736.3, overlap = 13.25
PHY-3002 : Step(94): len = 4829.5, overlap = 13.125
PHY-3001 : :::1::: Try harder cell spreading with beta_ = 5.25044e-05
PHY-3002 : Step(95): len = 5039.3, overlap = 11.2188
PHY-3002 : Step(96): len = 5039.3, overlap = 11.2188
PHY-3002 : Step(97): len = 4833, overlap = 10.7188
PHY-3001 : :::2::: Try harder cell spreading with beta_ = 0.000105009
PHY-3002 : Step(98): len = 5248.5, overlap = 9.78125
PHY-3002 : Step(99): len = 5345.6, overlap = 9.90625
PHY-3002 : Step(100): len = 5279.6, overlap = 7.0625
OPT-1001 : Start physical optimization ...
RUN-1002 : start command "start_timer -report"
TMR-2505 : Start building timing graph for model keyboard_instance.
TMR-2506 : Build timing graph completely. Port num: 8, tpin num: 2103, tnet num: 597, tinst num: 481, tnode num: 2672, tedge num: 3376.
TMR-2508 : Levelizing timing graph completed, there are 33 levels in total.
TMR-2501 : Timing graph initialized successfully.
OPT-1001 : Total overflow 24.06 peak overflow 2.03
OPT-1001 : Start high-fanout net optimization ...
OPT-1001 : Update timing in global mode
PHY-1001 : Start incremental global routing, caller is place ...
RUN-1001 : Generating global routing grids ...
RUN-1001 : Building simple global routing graph ...
PHY-1001 : Generate routing nets ...
PHY-1001 : Reuse net number 0/599.
PHY-1001 : Global iterations in 16 thread ...
PHY-1002 : len = 5320, over cnt = 25(0%), over = 125, worst = 16
PHY-1001 : End global iterations;  0.017162s wall, 0.000000s user + 0.000000s system = 0.000000s CPU (n/a%)

PHY-1001 : Congestion index: top1 = 14.97, top5 = 4.34, top10 = 2.16, top15 = 1.44.
PHY-1001 : End incremental global routing;  0.074255s wall, 0.000000s user + 0.015625s system = 0.015625s CPU (21.0%)

TMR-2503 : Start to update net delay, extr mode = 5.
TMR-2504 : Update delay of 597 nets completely.
TMR-2502 : Annotate delay completely, extr mode = 5.
TMR-3001 : Initiate 0 clocks from SDC.
TMR-3004 : Map sdc constraints, there are 0 constraints in total.
TMR-3003 : Constraints initiated successfully.
TMR-3501 : Forward propagation: start to calculate arrival time...
TMR-3502 : Backward propagation: start to calculate required time...
TMR-3503 : Timing propagation completes.
OPT-1001 : End timing update;  0.007367s wall, 0.000000s user + 0.000000s system = 0.000000s CPU (n/a%)

OPT-1001 : 0 high-fanout net processed.
OPT-1001 : End high-fanout net optimization;  0.086849s wall, 0.062500s user + 0.015625s system = 0.078125s CPU (90.0%)

OPT-1001 : Current memory(MB): used = 143, reserve = 115, peak = 143.
OPT-1001 : Start global optimization ...
OPT-1001 : Start congestion update ...
RUN-1001 : Generating global routing grids ...
PHY-1001 : Generate routing nets ...
PHY-1001 : Reuse net number 276/599.
PHY-1001 : Global iterations in 16 thread ...
PHY-1002 : len = 5320, over cnt = 25(0%), over = 125, worst = 16
PHY-1002 : len = 6376, over cnt = 18(0%), over = 55, worst = 12
PHY-1002 : len = 7008, over cnt = 4(0%), over = 4, worst = 1
PHY-1002 : len = 7040, over cnt = 1(0%), over = 1, worst = 1
PHY-1002 : len = 7072, over cnt = 0(0%), over = 0, worst = 0
PHY-1001 : End global iterations;  0.023411s wall, 0.000000s user + 0.000000s system = 0.000000s CPU (n/a%)

PHY-1001 : Congestion index: top1 = 17.11, top5 = 5.35, top10 = 2.67, top15 = 1.78.
OPT-1001 : End congestion update;  0.062359s wall, 0.000000s user + 0.000000s system = 0.000000s CPU (n/a%)

OPT-1001 : Update timing in Manhattan mode
TMR-2503 : Start to update net delay, extr mode = 3.
TMR-2504 : Update delay of 597 nets completely.
TMR-2502 : Annotate delay completely, extr mode = 3.
TMR-3501 : Forward propagation: start to calculate arrival time...
TMR-3502 : Backward propagation: start to calculate required time...
TMR-3503 : Timing propagation completes.
OPT-1001 : End timing update;  0.007773s wall, 0.000000s user + 0.000000s system = 0.000000s CPU (n/a%)

OPT-0007 : Start: WNS 2147483647 TNS 0 NUM_FEPS 0
OPT-1001 : End global optimization;  0.070306s wall, 0.000000s user + 0.000000s system = 0.000000s CPU (n/a%)

OPT-1001 : Current memory(MB): used = 143, reserve = 116, peak = 143.
OPT-1001 : End physical optimization;  0.334081s wall, 0.171875s user + 0.015625s system = 0.187500s CPU (56.1%)

PHY-3001 : Start packing ...
SYN-4007 : Packing 0 MUX to BLE ...
SYN-4008 : Packed 0 MUX and 0 SEQ to BLE.
SYN-4007 : Packing 209 LUT to BLE ...
SYN-4008 : Packed 209 LUT and 76 SEQ to BLE.
SYN-4003 : Packing 106 remaining SEQ's ...
SYN-4005 : Packed 48 SEQ with LUT/SLICE
SYN-4006 : 95 single LUT's are left
SYN-4006 : 58 single SEQ's are left
SYN-4011 : Packing model "keyboard_instance" (AL_USER_NORMAL) with 267/359 primitive instances ...
PHY-3001 : End packing;  0.014415s wall, 0.000000s user + 0.000000s system = 0.000000s CPU (n/a%)

PHY-1001 : Populate physical database on model keyboard_instance.
RUN-1001 : There are total 235 instances
RUN-1001 : 104 mslices, 103 lslices, 24 pads, 0 brams, 0 dsps
RUN-1001 : There are total 523 nets
RUN-1001 : 273 nets have 2 pins
RUN-1001 : 198 nets have [3 - 5] pins
RUN-1001 : 38 nets have [6 - 10] pins
RUN-1001 : 7 nets have [11 - 20] pins
RUN-1001 : 5 nets have [21 - 99] pins
RUN-1001 : 2 nets have 100+ pins
PHY-3001 : design contains 233 instances, 207 slices, 7 macros(64 instances: 40 mslices 24 lslices)
PHY-3001 : Cell area utilization is 2%
PHY-3001 : After packing: Len = 5715.6, Over = 15.75
PHY-3001 : Run with size of 2
PHY-3001 : Cell area utilization is 2%
PHY-3001 : Update timing in Manhattan mode ...
RUN-1002 : start command "start_timer -report"
TMR-2505 : Start building timing graph for model keyboard_instance.
TMR-2506 : Build timing graph completely. Port num: 8, tpin num: 1812, tnet num: 521, tinst num: 233, tnode num: 2222, tedge num: 3024.
TMR-2508 : Levelizing timing graph completed, there are 31 levels in total.
TMR-2501 : Timing graph initialized successfully.
TMR-2503 : Start to update net delay, extr mode = 3.
TMR-2504 : Update delay of 521 nets completely.
TMR-2502 : Annotate delay completely, extr mode = 3.
TMR-3001 : Initiate 0 clocks from SDC.
TMR-3004 : Map sdc constraints, there are 0 constraints in total.
TMR-3003 : Constraints initiated successfully.
TMR-3501 : Forward propagation: start to calculate arrival time...
TMR-3502 : Backward propagation: start to calculate required time...
TMR-3503 : Timing propagation completes.
PHY-3001 : End timing update;  0.152564s wall, 0.046875s user + 0.000000s system = 0.046875s CPU (30.7%)

PHY-3001 : :::0::: Try harder cell spreading with beta_ = 1.81505e-05
PHY-3002 : Step(101): len = 5484.9, overlap = 18
PHY-3002 : Step(102): len = 5484.9, overlap = 18
PHY-3002 : Step(103): len = 5312.6, overlap = 18.25
PHY-3001 : :::1::: Try harder cell spreading with beta_ = 3.63009e-05
PHY-3002 : Step(104): len = 5579.2, overlap = 17.5
PHY-3002 : Step(105): len = 5722.1, overlap = 16.75
PHY-3002 : Step(106): len = 5815.9, overlap = 15.5
PHY-3001 : :::2::: Try harder cell spreading with beta_ = 7.26019e-05
PHY-3002 : Step(107): len = 5766.5, overlap = 14
PHY-3002 : Step(108): len = 5841.4, overlap = 14.25
PHY-3002 : Step(109): len = 5905.5, overlap = 14.25
PHY-3001 : Legalization ...
PHY-3001 : End legalization;  0.048016s wall, 0.000000s user + 0.015625s system = 0.015625s CPU (32.5%)

PHY-3001 : Trial Legalized: Len = 11100.2
PHY-3001 : Run with size of 2
PHY-3001 : Cell area utilization is 2%
PHY-3001 : Update timing in Manhattan mode ...
TMR-2503 : Start to update net delay, extr mode = 3.
TMR-2504 : Update delay of 521 nets completely.
TMR-2502 : Annotate delay completely, extr mode = 3.
TMR-3501 : Forward propagation: start to calculate arrival time...
TMR-3502 : Backward propagation: start to calculate required time...
TMR-3503 : Timing propagation completes.
PHY-3001 : End timing update;  0.005268s wall, 0.000000s user + 0.000000s system = 0.000000s CPU (n/a%)

PHY-3001 : :::0::: Try harder cell spreading with beta_ = 0.00102073
PHY-3002 : Step(110): len = 8783.6, overlap = 2
PHY-3002 : Step(111): len = 7750.8, overlap = 4.25
PHY-3002 : Step(112): len = 7077.2, overlap = 6.75
PHY-3002 : Step(113): len = 6481.7, overlap = 6.25
PHY-3002 : Step(114): len = 6446.9, overlap = 6.5
PHY-3002 : Step(115): len = 6321.9, overlap = 7.5
PHY-3001 : :::1::: Try harder cell spreading with beta_ = 0.00204146
PHY-3002 : Step(116): len = 6313.3, overlap = 6.75
PHY-3002 : Step(117): len = 6313.3, overlap = 6.75
PHY-3001 : :::2::: Try harder cell spreading with beta_ = 0.00408292
PHY-3002 : Step(118): len = 6295.3, overlap = 7.25
PHY-3002 : Step(119): len = 6264.6, overlap = 7.5
PHY-3001 : Legalization ...
PHY-3001 : End legalization;  0.005089s wall, 0.015625s user + 0.000000s system = 0.015625s CPU (307.1%)

PHY-3001 : Legalized: Len = 8715.2, Over = 0
PHY-3001 : Spreading special nets. 3 overflows in 2952 tiles.
PHY-3001 : End spreading;  0.002476s wall, 0.000000s user + 0.000000s system = 0.000000s CPU (n/a%)

PHY-3001 : 4 instances has been re-located, deltaX = 3, deltaY = 1, maxDist = 1.
PHY-3001 : Final: Len = 8741.2, Over = 0
OPT-1001 : Start physical optimization ...
RUN-1002 : start command "start_timer -report"
TMR-2505 : Start building timing graph for model keyboard_instance.
TMR-2506 : Build timing graph completely. Port num: 8, tpin num: 1812, tnet num: 521, tinst num: 233, tnode num: 2222, tedge num: 3024.
TMR-2508 : Levelizing timing graph completed, there are 31 levels in total.
TMR-2501 : Timing graph initialized successfully.
OPT-1001 : Total overflow 0.00 peak overflow 0.00
OPT-1001 : Start high-fanout net optimization ...
OPT-1001 : Update timing in global mode
PHY-1001 : Start incremental global routing, caller is place ...
RUN-1001 : Generating global routing grids ...
PHY-1001 : Generate routing nets ...
PHY-1001 : Reuse net number 32/523.
PHY-1001 : Global iterations in 16 thread ...
PHY-1002 : len = 9552, over cnt = 38(0%), over = 64, worst = 5
PHY-1002 : len = 9992, over cnt = 16(0%), over = 18, worst = 2
PHY-1002 : len = 10200, over cnt = 3(0%), over = 3, worst = 1
PHY-1002 : len = 10248, over cnt = 0(0%), over = 0, worst = 0
PHY-1001 : End global iterations;  0.038978s wall, 0.000000s user + 0.000000s system = 0.000000s CPU (n/a%)

PHY-1001 : Congestion index: top1 = 19.85, top5 = 8.07, top10 = 4.07, top15 = 2.72.
PHY-1001 : End incremental global routing;  0.078744s wall, 0.000000s user + 0.000000s system = 0.000000s CPU (n/a%)

TMR-2503 : Start to update net delay, extr mode = 5.
TMR-2504 : Update delay of 521 nets completely.
TMR-2502 : Annotate delay completely, extr mode = 5.
TMR-3001 : Initiate 0 clocks from SDC.
TMR-3004 : Map sdc constraints, there are 0 constraints in total.
TMR-3003 : Constraints initiated successfully.
TMR-3501 : Forward propagation: start to calculate arrival time...
TMR-3502 : Backward propagation: start to calculate required time...
TMR-3503 : Timing propagation completes.
OPT-1001 : End timing update;  0.007310s wall, 0.000000s user + 0.000000s system = 0.000000s CPU (n/a%)

OPT-1001 : 0 high-fanout net processed.
OPT-1001 : End high-fanout net optimization;  0.091091s wall, 0.000000s user + 0.000000s system = 0.000000s CPU (n/a%)

OPT-1001 : Current memory(MB): used = 146, reserve = 118, peak = 147.
OPT-1001 : Start path based optimization ...
OPT-1001 : Start congestion update ...
RUN-1001 : Generating global routing grids ...
PHY-1001 : Generate routing nets ...
PHY-1001 : Reuse net number 404/523.
PHY-1001 : Global iterations in 16 thread ...
PHY-1002 : len = 10248, over cnt = 0(0%), over = 0, worst = 0
PHY-1001 : End global iterations;  0.001474s wall, 0.000000s user + 0.000000s system = 0.000000s CPU (n/a%)

PHY-1001 : Congestion index: top1 = 19.85, top5 = 8.07, top10 = 4.07, top15 = 2.72.
OPT-1001 : End congestion update;  0.042536s wall, 0.062500s user + 0.000000s system = 0.062500s CPU (146.9%)

OPT-1001 : Update timing in Manhattan mode
TMR-2503 : Start to update net delay, extr mode = 3.
TMR-2504 : Update delay of 521 nets completely.
TMR-2502 : Annotate delay completely, extr mode = 3.
TMR-3501 : Forward propagation: start to calculate arrival time...
TMR-3502 : Backward propagation: start to calculate required time...
TMR-3503 : Timing propagation completes.
OPT-1001 : End timing update;  0.005508s wall, 0.000000s user + 0.000000s system = 0.000000s CPU (n/a%)

OPT-0007 : Start: WNS 2147483647 TNS 0 NUM_FEPS 0
OPT-1001 : End path based optimization;  0.048118s wall, 0.062500s user + 0.000000s system = 0.062500s CPU (129.9%)

OPT-1001 : Current memory(MB): used = 147, reserve = 119, peak = 147.
OPT-1001 : Update timing in Manhattan mode
TMR-2503 : Start to update net delay, extr mode = 3.
TMR-2504 : Update delay of 521 nets completely.
TMR-2502 : Annotate delay completely, extr mode = 3.
TMR-3501 : Forward propagation: start to calculate arrival time...
TMR-3502 : Backward propagation: start to calculate required time...
TMR-3503 : Timing propagation completes.
OPT-1001 : End timing update;  0.004460s wall, 0.000000s user + 0.000000s system = 0.000000s CPU (n/a%)

OPT-1001 : Start pin optimization...
OPT-1001 : skip pin optimization...
OPT-1001 : Update timing in global mode
PHY-1001 : Start incremental global routing, caller is place ...
RUN-1001 : Generating global routing grids ...
PHY-1001 : Generate routing nets ...
PHY-1001 : Reuse net number 404/523.
PHY-1001 : Global iterations in 16 thread ...
PHY-1002 : len = 10248, over cnt = 0(0%), over = 0, worst = 0
PHY-1001 : End global iterations;  0.001461s wall, 0.000000s user + 0.000000s system = 0.000000s CPU (n/a%)

PHY-1001 : Congestion index: top1 = 19.85, top5 = 8.07, top10 = 4.07, top15 = 2.72.
PHY-1001 : End incremental global routing;  0.039046s wall, 0.015625s user + 0.000000s system = 0.015625s CPU (40.0%)

TMR-2503 : Start to update net delay, extr mode = 5.
TMR-2504 : Update delay of 521 nets completely.
TMR-2502 : Annotate delay completely, extr mode = 5.
TMR-3501 : Forward propagation: start to calculate arrival time...
TMR-3502 : Backward propagation: start to calculate required time...
TMR-3503 : Timing propagation completes.
OPT-1001 : End timing update;  0.007310s wall, 0.000000s user + 0.000000s system = 0.000000s CPU (n/a%)

RUN-1001 : Generating global routing grids ...
PHY-1001 : Generate routing nets ...
PHY-1001 : Reuse net number 404/523.
PHY-1001 : Global iterations in 16 thread ...
PHY-1002 : len = 10248, over cnt = 0(0%), over = 0, worst = 0
PHY-1001 : End global iterations;  0.001709s wall, 0.000000s user + 0.000000s system = 0.000000s CPU (n/a%)

PHY-1001 : Congestion index: top1 = 19.85, top5 = 8.07, top10 = 4.07, top15 = 2.72.
OPT-1001 : Update timing in Manhattan mode
TMR-2503 : Start to update net delay, extr mode = 3.
TMR-2504 : Update delay of 521 nets completely.
TMR-2502 : Annotate delay completely, extr mode = 3.
TMR-3501 : Forward propagation: start to calculate arrival time...
TMR-3502 : Backward propagation: start to calculate required time...
TMR-3503 : Timing propagation completes.
OPT-1001 : End timing update;  0.005619s wall, 0.000000s user + 0.000000s system = 0.000000s CPU (n/a%)

RUN-1001 : QoR Analysis:
OPT-0007 :   WNS 2147483647 TNS 0 NUM_FEPS 0
RUN-1001 :   No local congestion issue, and most congested 1% tile average routing util is 19.379310
RUN-1001 :   Top critical paths
OPT-1001 : End physical optimization;  0.384901s wall, 0.203125s user + 0.000000s system = 0.203125s CPU (52.8%)

RUN-1003 : finish command "place" in  3.569507s wall, 1.203125s user + 0.937500s system = 2.140625s CPU (60.0%)

RUN-1004 : used memory is 130 MB, reserved memory is 102 MB, peak memory is 147 MB
RUN-1002 : start command "export_db keyboard_place.db"
RUN-1001 : Exported /
RUN-1001 : Exported flow parameters
RUN-1001 : Exported libs
RUN-1001 : Exported entities
RUN-1001 : Exported ports
RUN-1001 : Exported pins
RUN-1001 : Exported instances
RUN-1001 : Exported nets
RUN-1001 : Exported buses
RUN-1001 : Exported models
RUN-1001 : Exported congestions
RUN-1001 : Exported violations
RUN-1001 : Exported timing constraints
RUN-1001 : Exported IO constraints
RUN-1001 : Exported Inst constraints
RUN-1002 : start command "route"
RUN-1001 : Open license file E:/Anlogic/TD5.6.59063/license/Anlogic.lic
RUN-1001 : Print Global Property
RUN-1001 : ---------------------------------------------------------------
RUN-1001 :        Parameters        |  Settings  |  Default Values  |  Note  
RUN-1001 : ---------------------------------------------------------------
RUN-1001 :          message         |  standard  |     standard     |        
RUN-1001 :   mixed_pack_place_flow  |     on     |        on        |        
RUN-1001 :        qor_monitor       |    off     |       off        |        
RUN-1001 :        syn_ip_flow       |    off     |       off        |        
RUN-1001 :          thread          |    auto    |       auto       |        
RUN-1001 : ---------------------------------------------------------------
RUN-1001 : Print Route Property
RUN-1001 : -------------------------------------------------------
RUN-1001 :    Parameters    |  Settings  |  Default Values  |  Note  
RUN-1001 : -------------------------------------------------------
RUN-1001 :      effort      |   medium   |      medium      |        
RUN-1001 :     fix_hold     |    off     |       off        |        
RUN-1001 :    opt_timing    |   medium   |      medium      |        
RUN-1001 :   phy_sim_model  |    off     |       off        |        
RUN-1001 :     priority     |   timing   |      timing      |        
RUN-1001 :     swap_pin     |     on     |        on        |        
RUN-1001 : -------------------------------------------------------
PHY-1001 : Route runs in 16 thread(s)
RUN-1001 : There are total 235 instances
RUN-1001 : 104 mslices, 103 lslices, 24 pads, 0 brams, 0 dsps
RUN-1001 : There are total 523 nets
RUN-1001 : 273 nets have 2 pins
RUN-1001 : 198 nets have [3 - 5] pins
RUN-1001 : 38 nets have [6 - 10] pins
RUN-1001 : 7 nets have [11 - 20] pins
RUN-1001 : 5 nets have [21 - 99] pins
RUN-1001 : 2 nets have 100+ pins
RUN-1002 : start command "start_timer -report"
TMR-2505 : Start building timing graph for model keyboard_instance.
TMR-2506 : Build timing graph completely. Port num: 8, tpin num: 1812, tnet num: 521, tinst num: 233, tnode num: 2222, tedge num: 3024.
TMR-2508 : Levelizing timing graph completed, there are 31 levels in total.
TMR-2501 : Timing graph initialized successfully.
PHY-1001 : 104 mslices, 103 lslices, 24 pads, 0 brams, 0 dsps
TMR-2503 : Start to update net delay, extr mode = 3.
TMR-2504 : Update delay of 521 nets completely.
TMR-2502 : Annotate delay completely, extr mode = 3.
TMR-3001 : Initiate 0 clocks from SDC.
TMR-3004 : Map sdc constraints, there are 0 constraints in total.
TMR-3003 : Constraints initiated successfully.
TMR-3501 : Forward propagation: start to calculate arrival time...
TMR-3502 : Backward propagation: start to calculate required time...
TMR-3503 : Timing propagation completes.
PHY-1001 : Start global routing, caller is route ...
RUN-1001 : Generating global routing grids ...
PHY-1001 : Generate routing nets ...
PHY-1001 : Global iterations in 16 thread ...
PHY-1002 : len = 9344, over cnt = 38(0%), over = 65, worst = 4
PHY-1002 : len = 9776, over cnt = 16(0%), over = 17, worst = 2
PHY-1002 : len = 9976, over cnt = 3(0%), over = 3, worst = 1
PHY-1002 : len = 10024, over cnt = 0(0%), over = 0, worst = 0
PHY-1001 : End global iterations;  0.040220s wall, 0.015625s user + 0.000000s system = 0.015625s CPU (38.8%)

PHY-1001 : Congestion index: top1 = 19.57, top5 = 7.96, top10 = 4.01, top15 = 2.67.
PHY-1001 : End global routing;  0.080510s wall, 0.031250s user + 0.015625s system = 0.046875s CPU (58.2%)

PHY-1001 : Start detail routing ...
PHY-1001 : Current memory(MB): used = 173, reserve = 145, peak = 182.
PHY-1001 : Detailed router is running in normal mode.
PHY-1001 : Generate detailed routing grids ...
PHY-1001 : Generate nets ...
PHY-1001 : net clk_50M_dup_1 will be routed on clock mesh
PHY-1001 : clock net U1/scan_clk_syn_4 will be merged with clock U1/scan_clk
PHY-1001 : Current memory(MB): used = 435, reserve = 412, peak = 435.
PHY-1001 : End build detailed router design. 3.855125s wall, 1.453125s user + 0.015625s system = 1.468750s CPU (38.1%)

PHY-1001 : Detail Route ...
PHY-1001 : ===== Detail Route Phase 1 =====
PHY-1001 : Clock net routing.....
PHY-1001 : Routed 0% nets.
PHY-1022 : len = 9320, over cnt = 0(0%), over = 0, worst = 0, crit = 0
PHY-1001 : End initial clock net routed; 0.305647s wall, 0.125000s user + 0.015625s system = 0.140625s CPU (46.0%)

PHY-1001 : Current memory(MB): used = 464, reserve = 442, peak = 464.
PHY-1001 : End phase 1; 0.311947s wall, 0.125000s user + 0.015625s system = 0.140625s CPU (45.1%)

PHY-1001 : ===== Detail Route Phase 2 =====
PHY-1001 : Initial routing.....
PHY-1001 : Routed 20% nets.
PHY-1001 : Routed 20% nets.
PHY-1001 : Routed 21% nets.
PHY-1001 : Patch 329 net; 0.073468s wall, 0.078125s user + 0.000000s system = 0.078125s CPU (106.3%)

PHY-1022 : len = 30056, over cnt = 24(0%), over = 24, worst = 1, crit = 0
PHY-1001 : Current memory(MB): used = 464, reserve = 442, peak = 464.
PHY-1001 : End initial routed; 0.145619s wall, 0.109375s user + 0.000000s system = 0.109375s CPU (75.1%)

PHY-1001 : Update timing.....
PHY-1001 : 0/440(0%) critical/total net(s).
RUN-1001 : ------------------------------------------
RUN-1001 :   Type   |    WNS(ns)    |  TNS(ns)  |  FEP  
RUN-1001 : ------------------------------------------
RUN-1001 :   Setup  |  2147483.647  |   0.000   |   0   
RUN-1001 :   Hold   |  2147483.647  |   0.000   |   0   
RUN-1001 : ------------------------------------------
PHY-1001 : End update timing; 0.155508s wall, 0.046875s user + 0.000000s system = 0.046875s CPU (30.1%)

PHY-1001 : Current memory(MB): used = 465, reserve = 442, peak = 465.
PHY-1001 : End phase 2; 0.301208s wall, 0.156250s user + 0.000000s system = 0.156250s CPU (51.9%)

PHY-1001 : ===== Detail Route Phase 3 =====
PHY-1001 : Optimize timing.....
PHY-1022 : len = 30056, over cnt = 24(0%), over = 24, worst = 1, crit = 0
PHY-1001 : End optimize timing; 0.004767s wall, 0.000000s user + 0.000000s system = 0.000000s CPU (n/a%)

PHY-1001 : Ripup-reroute.....
PHY-1001 : ===== DR Iter 1 =====
PHY-1022 : len = 30216, over cnt = 6(0%), over = 6, worst = 1, crit = 0
PHY-1001 : End DR Iter 1; 0.019725s wall, 0.000000s user + 0.000000s system = 0.000000s CPU (n/a%)

PHY-1001 : ===== DR Iter 2 =====
PHY-1022 : len = 30288, over cnt = 0(0%), over = 0, worst = 0, crit = 0
PHY-1001 : End DR Iter 2; 0.012291s wall, 0.000000s user + 0.000000s system = 0.000000s CPU (n/a%)

PHY-1001 : Update timing.....
PHY-1001 : 0/440(0%) critical/total net(s).
RUN-1001 : ------------------------------------------
RUN-1001 :   Type   |    WNS(ns)    |  TNS(ns)  |  FEP  
RUN-1001 : ------------------------------------------
RUN-1001 :   Setup  |  2147483.647  |   0.000   |   0   
RUN-1001 :   Hold   |  2147483.647  |   0.000   |   0   
RUN-1001 : ------------------------------------------
PHY-1001 : End update timing; 0.151972s wall, 0.015625s user + 0.000000s system = 0.015625s CPU (10.3%)

PHY-1001 : Commit to database.....
PHY-1001 : 7 feed throughs used by 6 nets
PHY-1001 : End commit to database; 0.049626s wall, 0.015625s user + 0.000000s system = 0.015625s CPU (31.5%)

PHY-1001 : Current memory(MB): used = 476, reserve = 453, peak = 476.
PHY-1001 : End phase 3; 0.383444s wall, 0.140625s user + 0.000000s system = 0.140625s CPU (36.7%)

PHY-1003 : Routed, final wirelength = 30288
PHY-1001 : Current memory(MB): used = 476, reserve = 453, peak = 476.
PHY-1001 : End export database. 0.005419s wall, 0.000000s user + 0.000000s system = 0.000000s CPU (n/a%)

PHY-1001 : End detail routing;  5.074229s wall, 1.984375s user + 0.031250s system = 2.015625s CPU (39.7%)

RUN-1003 : finish command "route" in  5.373658s wall, 2.125000s user + 0.046875s system = 2.171875s CPU (40.4%)

RUN-1004 : used memory is 418 MB, reserved memory is 395 MB, peak memory is 476 MB
RUN-1002 : start command "report_area -io_info -file keyboard_phy.area"
RUN-1001 : standard
***Report Model: keyboard_instance Device: EG4S20BG256***

IO Statistics
#IO                        24
  #input                    6
  #output                  18
  #inout                    0

Utilization Statistics
#lut                      342   out of  19600    1.74%
#reg                      198   out of  19600    1.01%
#le                       400
  #lut only               202   out of    400   50.50%
  #reg only                58   out of    400   14.50%
  #lut&reg                140   out of    400   35.00%
#dsp                        0   out of     29    0.00%
#bram                       0   out of     64    0.00%
  #bram9k                   0
  #fifo9k                   0
#bram32k                    0   out of     16    0.00%
#pad                       24   out of    188   12.77%
  #ireg                     0
  #oreg                     0
  #treg                     0
#pll                        0   out of      4    0.00%
#gclk                       2   out of     16   12.50%

Clock Resource Statistics
Index     ClockNet         Type               DriverType         Driver                      Fanout
#1        clk_50M_dup_1    GCLK               io                 clk_50M_syn_2.di            103
#2        U1/scan_clk      GCLK               lslice             U1/scan_clk_reg_syn_9.q1    10


Detailed IO Report

        Name           Direction    Location    IOStandard    DriveStrength    PullType    PackReg  
        RSTn             INPUT         A9        LVCMOS33          N/A          PULLUP      NONE    
       clk_50M           INPUT         R7        LVCMOS33          N/A          PULLUP      NONE    
       col[3]            INPUT        F10        LVCMOS33          N/A          PULLUP      NONE    
       col[2]            INPUT        C11        LVCMOS33          N/A          PULLUP      NONE    
       col[1]            INPUT        D11        LVCMOS33          N/A          PULLUP      NONE    
       col[0]            INPUT        E11        LVCMOS33          N/A          PULLUP      NONE    
  DigitronCS_Out[3]     OUTPUT         A3        LVCMOS33           8            NONE       NONE    
  DigitronCS_Out[2]     OUTPUT         A5        LVCMOS33           8            NONE       NONE    
  DigitronCS_Out[1]     OUTPUT         B6        LVCMOS33           8            NONE       NONE    
  DigitronCS_Out[0]     OUTPUT         C9        LVCMOS33           8            NONE       NONE    
   Digitron_Out[7]      OUTPUT         C8        LVCMOS33           8            NONE       NONE    
   Digitron_Out[6]      OUTPUT         A8        LVCMOS33           8            NONE       NONE    
   Digitron_Out[5]      OUTPUT         B5        LVCMOS33           8            NONE       NONE    
   Digitron_Out[4]      OUTPUT         A7        LVCMOS33           8            NONE       NONE    
   Digitron_Out[3]      OUTPUT         E8        LVCMOS33           8            NONE       NONE    
   Digitron_Out[2]      OUTPUT         B8        LVCMOS33           8            NONE       NONE    
   Digitron_Out[1]      OUTPUT         A6        LVCMOS33           8            NONE       NONE    
   Digitron_Out[0]      OUTPUT         A4        LVCMOS33           8            NONE       NONE    
       buzzer           OUTPUT        H11        LVCMOS33           8            NONE       NONE    
        light           OUTPUT        B14        LVCMOS33           8            NONE       NONE    
       row[3]           OUTPUT         D9        LVCMOS33           8            NONE       NONE    
       row[2]           OUTPUT         F9        LVCMOS33           8            NONE       NONE    
       row[1]           OUTPUT        C10        LVCMOS33           8            NONE       NONE    
       row[0]           OUTPUT        E10        LVCMOS33           8            NONE       NONE    

Report Hierarchy Area:
+-------------------------------------------------------------------------------------------+
|Instance |Module                      |le     |lut     |ripple  |seq     |bram    |dsp     |
+-------------------------------------------------------------------------------------------+
|top      |keyboard_instance           |400    |278     |64      |198     |0       |0       |
|  U1     |keyboard_scan               |73     |50      |9       |55      |0       |0       |
|  U2     |key_filter                  |60     |36      |6       |49      |0       |0       |
|  U3     |onehot2binary               |227    |162     |39      |78      |0       |0       |
|  U5     |Digitron_TimeDisplay_module |36     |26      |10      |16      |0       |0       |
+-------------------------------------------------------------------------------------------+


DataNet Average Fanout:

   Index     Fanout    Nets  
    #1         1       249   
    #2         2       146   
    #3         3        25   
    #4         4        27   
    #5        5-10      40   
    #6       11-50      8    
  Average     2.33           

RUN-1002 : start command "export_db keyboard_pr.db"
RUN-1001 : Exported /
RUN-1001 : Exported flow parameters
RUN-1001 : Exported libs
RUN-1001 : Exported entities
RUN-1001 : Exported ports
RUN-1001 : Exported pins
RUN-1001 : Exported instances
RUN-1001 : Exported nets
RUN-1001 : Exported buses
RUN-1001 : Exported models
RUN-1001 : Exported congestions
RUN-1001 : Exported violations
RUN-1001 : Exported timing constraints
RUN-1001 : Exported IO constraints
RUN-1001 : Exported Inst constraints
RUN-1002 : start command "export_bid keyboard_inst.bid"
RUN-1002 : start command "bitgen -bit keyboard.bit -unused_io_status pulldown"
BIT-1003 : Start to generate bitstream. 
BIT-1002 : Bitgen processed 164 unused pads, reserve input tri_state with pulldown
BIT-1002 : Init instances with 16 threads.
BIT-1002 : Init instances completely, inst num: 397
BIT-1002 : Init pips with 16 threads.
BIT-1002 : Init pips completely, net num: 523, pip num: 3335
BIT-1002 : Init feedthrough completely, num: 7
BIT-1003 : Multithreading accelaration with 16 threads.
BIT-1003 : Generate bitstream completely, there are 562 valid insts, and 10716 bits set as '1'.
BIT-1004 : PLL setting string = 0000
BIT-1004 : Generate bits file keyboard.bit.
RUN-1003 : finish command "bitgen -bit keyboard.bit -unused_io_status pulldown" in  1.442183s wall, 4.265625s user + 0.046875s system = 4.312500s CPU (299.0%)

RUN-1004 : used memory is 426 MB, reserved memory is 403 MB, peak memory is 621 MB
RUN-1002 : start command "backup_run_log run.log ../.logs/phy_1/td_20240827_230215.log"
