============================================================
   Tang Dynasty, V5.6.71036
      Copyright (c) 2012-2023 Anlogic Inc.
   Executable = C:/Anlogic/TD5.6.2/bin/td.exe
   Built at =   20:34:38 Mar 21 2023
   Run by =     Osscarrrrr
   Run Date =   Tue Aug 27 19:10:25 2024

   Run on =     ADMINISTRATOR
============================================================
RUN-1002 : start command "open_project keyboard.prj"
RUN-1001 : Print Global Property
RUN-1001 : ---------------------------------------------------------------
RUN-1001 :        Parameters        |  Settings  |  Default Values  |  Note  
RUN-1001 : ---------------------------------------------------------------
RUN-1001 :          message         |  standard  |     standard     |        
RUN-1001 :   mixed_pack_place_flow  |     on     |        on        |        
RUN-1001 :        qor_monitor       |    off     |       off        |        
RUN-1001 :        syn_ip_flow       |    off     |       off        |        
RUN-1001 :          thread          |    auto    |       auto       |        
RUN-1001 : ---------------------------------------------------------------
RUN-1001 : Print Design Property
RUN-1001 : --------------------------------------------------------------
RUN-1001 :        Parameters       |  Settings  |  Default Values  |  Note  
RUN-1001 : --------------------------------------------------------------
RUN-1001 :   default_reg_initial   |    auto    |       auto       |        
RUN-1001 :        infer_add        |     on     |        on        |        
RUN-1001 :        infer_fsm        |    off     |       off        |        
RUN-1001 :        infer_mult       |     on     |        on        |        
RUN-1001 :        infer_ram        |     on     |        on        |        
RUN-1001 :        infer_reg        |     on     |        on        |        
RUN-1001 :   infer_reg_init_value  |     on     |        on        |        
RUN-1001 :        infer_rom        |     on     |        on        |        
RUN-1001 :      infer_shifter      |     on     |        on        |        
RUN-1001 : --------------------------------------------------------------
RUN-1001 : Print Rtl Property
RUN-1001 : --------------------------------------------------------------
RUN-1001 :        Parameters       |  Settings  |  Default Values  |  Note  
RUN-1001 : --------------------------------------------------------------
RUN-1001 :       compress_add      |   ripple   |      ripple      |        
RUN-1001 :        elf_sload        |    off     |       off        |        
RUN-1001 :       fix_undriven      |     0      |        0         |        
RUN-1001 :         flatten         |    off     |       off        |        
RUN-1001 :       gate_sharing      |     on     |        on        |        
RUN-1001 :    hdl_warning_level    |   normal   |      normal      |        
RUN-1001 :   impl_internal_tribuf  |     on     |        on        |        
RUN-1001 :      impl_set_reset     |     on     |        on        |        
RUN-1001 :        infer_gsr        |    off     |       off        |        
RUN-1001 :      keep_hierarchy     |    auto    |       auto       |        
RUN-1001 :        max_fanout       |    9999    |       9999       |        
RUN-1001 :      max_oh2bin_len     |     10     |        10        |        
RUN-1001 :       merge_equal       |     on     |        on        |        
RUN-1001 :       merge_equiv       |     on     |        on        |        
RUN-1001 :        merge_mux        |    off     |       off        |        
RUN-1001 :     min_control_set     |     8      |        8         |        
RUN-1001 :      min_ripple_len     |    auto    |       auto       |        
RUN-1001 :       oh2bin_ratio      |    0.08    |       0.08       |        
RUN-1001 :     opt_adder_fanout    |     on     |        on        |        
RUN-1001 :        opt_arith        |     on     |        on        |        
RUN-1001 :       opt_big_gate      |    off     |       off        |        
RUN-1001 :        opt_const        |     on     |        on        |        
RUN-1001 :      opt_const_mult     |     on     |        on        |        
RUN-1001 :       opt_lessthan      |     on     |        on        |        
RUN-1001 :         opt_mux         |    off     |       off        |        
RUN-1001 :         opt_ram         |    high    |       high       |        
RUN-1001 :      rtl_sim_model      |    off     |       off        |        
RUN-1001 :         seq_syn         |     on     |        on        |        
RUN-1001 : --------------------------------------------------------------
HDL-1007 : analyze verilog file ../../../src/Digitron_TimeDisplay_module.v
HDL-1007 : analyze verilog file ../../../src/key_filter.v
HDL-1007 : analyze verilog file ../../../src/keyboard_instance.v
HDL-1007 : analyze verilog file ../../../src/keyboard_scan.v
HDL-1007 : analyze verilog file ../../../src/onehot2binary.v
RUN-1001 : Project manager successfully analyzed 5 source files.
RUN-1002 : start command "import_device eagle_s20.db -package EG4S20BG256"
ARC-1001 : Device Initialization.
ARC-1001 : ------------------------------------------------------------------
ARC-1001 :            OPTION            |          IO          |   SETTING   
ARC-1001 : ------------------------------------------------------------------
ARC-1001 :   cso_b/cclk/mosi/miso/dout  |  T3/R11/T10/P10/S11  |    gpio    
ARC-1001 :             done             |         P13          |    gpio    
ARC-1001 :           program_b          |          T2          |  dedicate  
ARC-1001 :        tdi/tms/tck/tdo       |   C12/A15/C14/E14    |  dedicate  
ARC-1001 : ------------------------------------------------------------------
ARC-1004 : Device setting, marked 5 dedicate IOs in total.
RUN-1002 : start command "import_db ../syn_1/keyboard_gate.db"
RUN-1001 : Importing database generated by Tang Dynasty, V5.6.71036.
RUN-1001 : Database version number 46146.
RUN-1001 : Import flow parameters
RUN-1001 : Import IO constraints
RUN-1001 : Import Inst constraints
RUN-1001 : Import design success TD_VERSION=5.6.71036 , DB_VERSION=46146
RUN-1002 : start command "place"
RUN-1001 : Open license file C:/Anlogic/TD5.6.2/license/Anlogic.lic
RUN-1001 : Print Global Property
RUN-1001 : ---------------------------------------------------------------
RUN-1001 :        Parameters        |  Settings  |  Default Values  |  Note  
RUN-1001 : ---------------------------------------------------------------
RUN-1001 :          message         |  standard  |     standard     |        
RUN-1001 :   mixed_pack_place_flow  |     on     |        on        |        
RUN-1001 :        qor_monitor       |    off     |       off        |        
RUN-1001 :        syn_ip_flow       |    off     |       off        |        
RUN-1001 :          thread          |    auto    |       auto       |        
RUN-1001 : ---------------------------------------------------------------
RUN-1001 : Print Place Property
RUN-1001 : --------------------------------------------------------------
RUN-1001 :        Parameters       |  Settings  |  Default Values  |  Note  
RUN-1001 : --------------------------------------------------------------
RUN-1001 :      detailed_place     |     on     |        on        |        
RUN-1001 :          effort         |   medium   |      medium      |        
RUN-1001 :         fix_hold        |    off     |       off        |        
RUN-1001 :       legalization      |    ori     |       ori        |        
RUN-1001 :      new_spreading      |     on     |        on        |        
RUN-1001 :        opt_timing       |   medium   |      medium      |        
RUN-1001 :   post_clock_route_opt  |    off     |       off        |        
RUN-1001 :       pr_strategy       |     1      |        1         |        
RUN-1001 :        relaxation       |    1.00    |       1.00       |        
RUN-1001 :         retiming        |    off     |       off        |        
RUN-1001 : --------------------------------------------------------------
PHY-3001 : Placer runs in 20 thread(s).
RUN-1002 : start command "legalize_phy_inst"
SYN-1011 : Flatten model keyboard_instance
RUN-1002 : start command "phys_opt -simplify_lut"
SYN-4024 : Net "clk_50M_dup_1" drives clk pins.
SYN-4024 : Net "U1/scan_clk" drives clk pins.
SYN-4025 : Tag rtl::Net U1/scan_clk as clock net
SYN-4025 : Tag rtl::Net clk_50M_dup_1 as clock net
SYN-4026 : Tagged 2 rtl::Net as clock net
SYN-4015 : Create BUFG instance for clk Net U1/scan_clk to drive 24 clock pins.
PHY-1001 : Populate physical database on model keyboard_instance.
RUN-1001 : There are total 370 instances
RUN-0007 : 192 luts, 126 seqs, 10 mslices, 15 lslices, 23 pads, 0 brams, 0 dsps
RUN-1001 : There are total 444 nets
RUN-1001 : 249 nets have 2 pins
RUN-1001 : 149 nets have [3 - 5] pins
RUN-1001 : 31 nets have [6 - 10] pins
RUN-1001 : 9 nets have [11 - 20] pins
RUN-1001 : 4 nets have [21 - 99] pins
RUN-1001 : 2 nets have 100+ pins
RUN-1001 : Report Control nets information:
RUN-1001 : DFF Distribution
RUN-1001 : ----------------------------------
RUN-1001 :   CE   |  SSR  |  ASR  |  DFF Count  
RUN-1001 : ----------------------------------
RUN-1001 :   No   |  No   |  No   |     74      
RUN-1001 :   No   |  No   |  Yes  |     20      
RUN-1001 :   No   |  Yes  |  No   |      0      
RUN-1001 :   Yes  |  No   |  No   |      0      
RUN-1001 :   Yes  |  No   |  Yes  |     32      
RUN-1001 :   Yes  |  Yes  |  No   |      0      
RUN-1001 : ----------------------------------
RUN-0007 : Control Group Statistic
RUN-0007 : ---------------------------
RUN-0007 :   #CLK  |  #CE  |  #SSR/ASR  
RUN-0007 : ---------------------------
RUN-0007 :    2    |   2   |     2      
RUN-0007 : ---------------------------
RUN-0007 : Control Set = 4
PHY-3001 : Initial placement ...
PHY-3001 : design contains 368 instances, 192 luts, 126 seqs, 25 slices, 3 macros(25 instances: 10 mslices 15 lslices)
PHY-0007 : Cell area utilization is 1%
PHY-3001 : Global placement ...
PHY-3001 : Initial: Len = 108367
PHY-3001 : Clustering ...
PHY-3001 : Level 0 #clusters 368.
PHY-3001 : End clustering;  0.000009s wall, 0.000000s user + 0.000000s system = 0.000000s CPU (n/a%)

PHY-3001 : Run with size of 4
PHY-3001 : Cell area utilization is 1%
PHY-3001 : :::0::: Try harder cell spreading with beta_ = 0
PHY-3002 : Step(1): len = 70286.6, overlap = 0
PHY-3002 : Step(2): len = 43905.4, overlap = 0
PHY-3002 : Step(3): len = 29310.6, overlap = 0
PHY-3002 : Step(4): len = 22093.6, overlap = 0
PHY-3002 : Step(5): len = 18409, overlap = 0
PHY-3002 : Step(6): len = 16682.3, overlap = 0
PHY-3002 : Step(7): len = 15722.7, overlap = 0
PHY-3002 : Step(8): len = 15452.2, overlap = 0
PHY-3002 : Step(9): len = 15283.6, overlap = 0
PHY-3002 : Step(10): len = 14552.7, overlap = 0
PHY-3002 : Step(11): len = 14866.6, overlap = 0
PHY-3002 : Step(12): len = 14909.9, overlap = 0
PHY-3002 : Step(13): len = 13959.4, overlap = 0
PHY-3002 : Step(14): len = 13524.5, overlap = 0
PHY-3002 : Step(15): len = 13762.4, overlap = 0
PHY-3002 : Step(16): len = 13047.2, overlap = 0
PHY-3002 : Step(17): len = 13272.7, overlap = 0
PHY-3002 : Step(18): len = 12591.3, overlap = 0
PHY-3002 : Step(19): len = 12669.1, overlap = 0
PHY-3002 : Step(20): len = 12380.6, overlap = 0
PHY-3002 : Step(21): len = 11591.7, overlap = 0
PHY-3002 : Step(22): len = 11607.7, overlap = 0
PHY-3002 : Step(23): len = 10510.3, overlap = 0
PHY-3002 : Step(24): len = 10474.8, overlap = 0
PHY-3002 : Step(25): len = 10295.5, overlap = 0
PHY-3002 : Step(26): len = 10159.2, overlap = 0
PHY-3002 : Step(27): len = 10012.2, overlap = 0
PHY-3002 : Step(28): len = 9529.4, overlap = 0
PHY-3002 : Step(29): len = 9778.5, overlap = 0
PHY-3002 : Step(30): len = 9760.4, overlap = 0
PHY-3002 : Step(31): len = 8998.6, overlap = 0
PHY-3002 : Step(32): len = 9425.1, overlap = 0
PHY-3002 : Step(33): len = 9375.1, overlap = 0
PHY-3002 : Step(34): len = 8097.1, overlap = 0
PHY-3002 : Step(35): len = 8233.9, overlap = 0
PHY-3002 : Step(36): len = 8509.5, overlap = 0
PHY-3002 : Step(37): len = 7728.2, overlap = 0
PHY-3002 : Step(38): len = 7888.7, overlap = 0
PHY-3002 : Step(39): len = 7888.1, overlap = 0
PHY-3002 : Step(40): len = 7456.9, overlap = 0
PHY-3002 : Step(41): len = 7209.9, overlap = 0
PHY-3002 : Step(42): len = 6461.5, overlap = 0
PHY-3002 : Step(43): len = 6546.4, overlap = 0
PHY-3002 : Step(44): len = 6476.2, overlap = 0
PHY-3002 : Step(45): len = 5806.2, overlap = 0
PHY-3002 : Step(46): len = 5336.3, overlap = 0
PHY-3002 : Step(47): len = 5336.3, overlap = 0
PHY-3002 : Step(48): len = 4982.3, overlap = 0
PHY-3002 : Step(49): len = 4982.3, overlap = 0
PHY-3002 : Step(50): len = 4862.6, overlap = 0
PHY-3001 : Legalization ...
PHY-3001 : End legalization;  0.003290s wall, 0.000000s user + 0.000000s system = 0.000000s CPU (n/a%)

PHY-3001 : Run with size of 4
PHY-3001 : Cell area utilization is 1%
PHY-3001 : :::0::: Try harder cell spreading with beta_ = 0
PHY-3002 : Step(51): len = 4778.2, overlap = 0
PHY-3002 : Step(52): len = 4778.2, overlap = 0
PHY-3002 : Step(53): len = 4764.4, overlap = 0
PHY-3002 : Step(54): len = 4764.4, overlap = 0
PHY-3002 : Step(55): len = 4696.2, overlap = 0
PHY-3002 : Step(56): len = 4696.2, overlap = 0
PHY-3002 : Step(57): len = 4643.6, overlap = 0
PHY-3002 : Step(58): len = 4700.9, overlap = 0
PHY-3002 : Step(59): len = 4700.9, overlap = 0
PHY-3001 : Run with size of 2
PHY-3001 : Cell area utilization is 1%
PHY-3001 : :::0::: Try harder cell spreading with beta_ = 1.65465e-05
PHY-3002 : Step(60): len = 4734, overlap = 12.6562
PHY-3002 : Step(61): len = 4877.2, overlap = 12.7812
PHY-3001 : :::1::: Try harder cell spreading with beta_ = 3.3093e-05
PHY-3002 : Step(62): len = 4793.8, overlap = 8.78125
PHY-3002 : Step(63): len = 4916.8, overlap = 8.625
PHY-3002 : Step(64): len = 5077.1, overlap = 7.84375
PHY-3001 : :::2::: Try harder cell spreading with beta_ = 6.61861e-05
PHY-3002 : Step(65): len = 4716.2, overlap = 7.53125
PHY-3002 : Step(66): len = 4772.4, overlap = 7.5
PHY-3002 : Step(67): len = 4842, overlap = 7.40625
OPT-1001 : Start physical optimization ...
OPT-1001 : Total overflow 20.91 peak overflow 2.91
OPT-1001 : Start high-fanout net optimization ...
OPT-1001 : Update timing in global mode
PHY-1001 : Start incremental global routing, caller is place ...
RUN-1001 : Generating global routing grids ...
RUN-1001 : Building simple global routing graph ...
PHY-1001 : Generate routing nets ...
PHY-1001 : Reuse net number 0/444.
PHY-1001 : Global iterations in 20 thread ...
PHY-1002 : len = 4848, over cnt = 30(0%), over = 116, worst = 12
PHY-1001 : End global iterations;  0.015338s wall, 0.015625s user + 0.015625s system = 0.031250s CPU (203.7%)

PHY-1001 : Congestion index: top1 = 14.38, top5 = 4.03, top10 = 2.01, top15 = 1.34.
PHY-1001 : End incremental global routing;  0.049590s wall, 0.015625s user + 0.031250s system = 0.046875s CPU (94.5%)

RUN-1002 : start command "start_timer -report"
TMR-5001 WARNING: No sdc constraints found while initiating timer.
TMR-2505 : Start building timing graph for model keyboard_instance.
TMR-2506 : Build timing graph completely. Port num: 7, tpin num: 1648, tnet num: 442, tinst num: 368, tnode num: 2037, tedge num: 2626.
TMR-2508 : Levelizing timing graph completed, there are 21 levels in total.
TMR-2501 : Timing graph initialized successfully.
OPT-1001 : End timing update;  0.137922s wall, 0.078125s user + 0.000000s system = 0.078125s CPU (56.6%)

OPT-1001 : 0 high-fanout net processed.
OPT-1001 : End high-fanout net optimization;  0.190852s wall, 0.093750s user + 0.031250s system = 0.125000s CPU (65.5%)

OPT-1001 : Current memory(MB): used = 147, reserve = 118, peak = 147.
OPT-1001 : End physical optimization;  0.194362s wall, 0.093750s user + 0.046875s system = 0.140625s CPU (72.4%)

PHY-3001 : Start packing ...
SYN-4007 : Packing 0 MUX to BLE ...
SYN-4008 : Packed 0 MUX and 0 SEQ to BLE.
SYN-4007 : Packing 192 LUT to BLE ...
SYN-4008 : Packed 192 LUT and 52 SEQ to BLE.
SYN-4003 : Packing 74 remaining SEQ's ...
SYN-4005 : Packed 50 SEQ with LUT/SLICE
SYN-4006 : 94 single LUT's are left
SYN-4006 : 24 single SEQ's are left
SYN-4011 : Packing model "keyboard_instance" (AL_USER_NORMAL) with 216/268 primitive instances ...
PHY-3001 : End packing;  0.008811s wall, 0.000000s user + 0.000000s system = 0.000000s CPU (n/a%)

PHY-1001 : Populate physical database on model keyboard_instance.
RUN-1001 : There are total 177 instances
RUN-1001 : 75 mslices, 75 lslices, 23 pads, 0 brams, 0 dsps
RUN-1001 : There are total 392 nets
RUN-1001 : 185 nets have 2 pins
RUN-1001 : 155 nets have [3 - 5] pins
RUN-1001 : 33 nets have [6 - 10] pins
RUN-1001 : 12 nets have [11 - 20] pins
RUN-1001 : 6 nets have [21 - 99] pins
RUN-1001 : 1 nets have 100+ pins
PHY-3001 : design contains 175 instances, 150 slices, 3 macros(25 instances: 10 mslices 15 lslices)
PHY-3001 : Cell area utilization is 2%
PHY-3001 : After packing: Len = 5079.6, Over = 12.5
PHY-3001 : Run with size of 2
PHY-3001 : Cell area utilization is 2%
PHY-3001 : :::0::: Try harder cell spreading with beta_ = 1.69663e-05
PHY-3002 : Step(68): len = 4916.6, overlap = 13
PHY-3002 : Step(69): len = 5029.7, overlap = 13
PHY-3002 : Step(70): len = 5073.8, overlap = 12
PHY-3001 : :::1::: Try harder cell spreading with beta_ = 3.39327e-05
PHY-3002 : Step(71): len = 4806.4, overlap = 11.75
PHY-3002 : Step(72): len = 4823.4, overlap = 11.75
PHY-3002 : Step(73): len = 4838.3, overlap = 12.75
PHY-3001 : :::2::: Try harder cell spreading with beta_ = 6.78653e-05
PHY-3002 : Step(74): len = 4802.8, overlap = 13.5
PHY-3002 : Step(75): len = 4830.7, overlap = 14.25
PHY-3001 : Legalization ...
PHY-3001 : End legalization;  0.027643s wall, 0.000000s user + 0.000000s system = 0.000000s CPU (n/a%)

PHY-3001 : Trial Legalized: Len = 10136.1
PHY-3001 : Run with size of 2
PHY-3001 : Cell area utilization is 2%
PHY-3001 : :::0::: Try harder cell spreading with beta_ = 0
PHY-3002 : Step(76): len = 6535.4, overlap = 3.75
PHY-3002 : Step(77): len = 5428.1, overlap = 6.75
PHY-3002 : Step(78): len = 5170.9, overlap = 6.25
PHY-3002 : Step(79): len = 4991.5, overlap = 8
PHY-3002 : Step(80): len = 4833.6, overlap = 9.75
PHY-3002 : Step(81): len = 4842.3, overlap = 9.75
PHY-3001 : :::1::: Try harder cell spreading with beta_ = 3.95041e-05
PHY-3002 : Step(82): len = 4733, overlap = 9.5
PHY-3002 : Step(83): len = 4785.2, overlap = 9.5
PHY-3002 : Step(84): len = 4807.9, overlap = 9.5
PHY-3001 : :::2::: Try harder cell spreading with beta_ = 7.90083e-05
PHY-3002 : Step(85): len = 4713.6, overlap = 9.25
PHY-3002 : Step(86): len = 4713.6, overlap = 9.25
PHY-3001 : Legalization ...
PHY-3001 : End legalization;  0.003982s wall, 0.000000s user + 0.000000s system = 0.000000s CPU (n/a%)

PHY-3001 : Legalized: Len = 7587.5, Over = 0
PHY-3001 : Spreading special nets. 3 overflows in 2952 tiles.
PHY-3001 : End spreading;  0.001871s wall, 0.000000s user + 0.000000s system = 0.000000s CPU (n/a%)

PHY-3001 : 4 instances has been re-located, deltaX = 0, deltaY = 4, maxDist = 1.
PHY-3001 : Final: Len = 7639.5, Over = 0
OPT-1001 : Start physical optimization ...
OPT-1001 : Total overflow 0.00 peak overflow 0.00
OPT-1001 : Start high-fanout net optimization ...
OPT-1001 : Update timing in global mode
PHY-1001 : Start incremental global routing, caller is place ...
RUN-1001 : Generating global routing grids ...
PHY-1001 : Generate routing nets ...
PHY-1001 : Reuse net number 17/392.
PHY-1001 : Global iterations in 20 thread ...
PHY-1002 : len = 8480, over cnt = 41(0%), over = 108, worst = 7
PHY-1002 : len = 9336, over cnt = 12(0%), over = 23, worst = 5
PHY-1002 : len = 9624, over cnt = 1(0%), over = 1, worst = 1
PHY-1002 : len = 9640, over cnt = 0(0%), over = 0, worst = 0
PHY-1001 : End global iterations;  0.031508s wall, 0.015625s user + 0.000000s system = 0.015625s CPU (49.6%)

PHY-1001 : Congestion index: top1 = 20.99, top5 = 7.32, top10 = 3.65, top15 = 2.44.
PHY-1001 : End incremental global routing;  0.060505s wall, 0.015625s user + 0.000000s system = 0.015625s CPU (25.8%)

RUN-1002 : start command "start_timer -report"
TMR-5001 WARNING: No sdc constraints found while initiating timer.
TMR-2505 : Start building timing graph for model keyboard_instance.
TMR-2506 : Build timing graph completely. Port num: 7, tpin num: 1553, tnet num: 390, tinst num: 175, tnode num: 1855, tedge num: 2591.
TMR-2508 : Levelizing timing graph completed, there are 21 levels in total.
TMR-2501 : Timing graph initialized successfully.
OPT-1001 : End timing update;  0.096450s wall, 0.046875s user + 0.000000s system = 0.046875s CPU (48.6%)

OPT-1001 : 0 high-fanout net processed.
OPT-1001 : End high-fanout net optimization;  0.160242s wall, 0.062500s user + 0.000000s system = 0.062500s CPU (39.0%)

OPT-1001 : Current memory(MB): used = 149, reserve = 120, peak = 149.
OPT-1001 : Update timing in Manhattan mode
OPT-1001 : End timing update;  0.000175s wall, 0.000000s user + 0.000000s system = 0.000000s CPU (n/a%)

OPT-1001 : Start pin optimization...
OPT-1001 : skip pin optimization...
RUN-1001 : Generating global routing grids ...
PHY-1001 : Generate routing nets ...
PHY-1001 : Reuse net number 304/392.
PHY-1001 : Global iterations in 20 thread ...
PHY-1002 : len = 9640, over cnt = 0(0%), over = 0, worst = 0
PHY-1001 : End global iterations;  0.000924s wall, 0.000000s user + 0.000000s system = 0.000000s CPU (n/a%)

PHY-1001 : Congestion index: top1 = 20.99, top5 = 7.32, top10 = 3.65, top15 = 2.44.
OPT-1001 : Update timing in Manhattan mode
OPT-1001 : End timing update;  0.000349s wall, 0.000000s user + 0.000000s system = 0.000000s CPU (n/a%)

RUN-1001 : QoR Analysis:
OPT-0007 :   WNS 2147483647 TNS 0 NUM_FEPS 0
RUN-1001 :   No local congestion issue, and most congested 1% tile average routing util is 20.551724
RUN-1001 :   Top critical paths
OPT-1001 : End physical optimization;  0.195323s wall, 0.078125s user + 0.000000s system = 0.078125s CPU (40.0%)

RUN-1003 : finish command "place" in  2.002617s wall, 0.562500s user + 0.718750s system = 1.281250s CPU (64.0%)

RUN-1004 : used memory is 131 MB, reserved memory is 102 MB, peak memory is 150 MB
RUN-1002 : start command "export_db keyboard_place.db"
RUN-1001 : Exported /
RUN-1001 : Exported flow parameters
RUN-1001 : Exported libs
RUN-1001 : Exported entities
RUN-1001 : Exported ports
RUN-1001 : Exported pins
RUN-1001 : Exported instances
RUN-1001 : Exported nets
RUN-1001 : Exported buses
RUN-1001 : Exported models
RUN-1001 : Exported congestions
RUN-1001 : Exported violations
RUN-1001 : Exported IO constraints
RUN-1001 : Exported Inst constraints
RUN-1002 : start command "route"
RUN-1001 : Open license file C:/Anlogic/TD5.6.2/license/Anlogic.lic
RUN-1001 : Print Global Property
RUN-1001 : ---------------------------------------------------------------
RUN-1001 :        Parameters        |  Settings  |  Default Values  |  Note  
RUN-1001 : ---------------------------------------------------------------
RUN-1001 :          message         |  standard  |     standard     |        
RUN-1001 :   mixed_pack_place_flow  |     on     |        on        |        
RUN-1001 :        qor_monitor       |    off     |       off        |        
RUN-1001 :        syn_ip_flow       |    off     |       off        |        
RUN-1001 :          thread          |    auto    |       auto       |        
RUN-1001 : ---------------------------------------------------------------
RUN-1001 : Print Route Property
RUN-1001 : -------------------------------------------------------
RUN-1001 :    Parameters    |  Settings  |  Default Values  |  Note  
RUN-1001 : -------------------------------------------------------
RUN-1001 :      effort      |   medium   |      medium      |        
RUN-1001 :     fix_hold     |    off     |       off        |        
RUN-1001 :    opt_timing    |   medium   |      medium      |        
RUN-1001 :   phy_sim_model  |    off     |       off        |        
RUN-1001 :     priority     |   timing   |      timing      |        
RUN-1001 :     swap_pin     |     on     |        on        |        
RUN-1001 : -------------------------------------------------------
PHY-1001 : Route runs in 20 thread(s)
RUN-1001 : There are total 177 instances
RUN-1001 : 75 mslices, 75 lslices, 23 pads, 0 brams, 0 dsps
RUN-1001 : There are total 392 nets
RUN-1001 : 185 nets have 2 pins
RUN-1001 : 155 nets have [3 - 5] pins
RUN-1001 : 33 nets have [6 - 10] pins
RUN-1001 : 12 nets have [11 - 20] pins
RUN-1001 : 6 nets have [21 - 99] pins
RUN-1001 : 1 nets have 100+ pins
RUN-1002 : start command "start_timer -report"
TMR-5001 WARNING: No sdc constraints found while initiating timer.
TMR-2505 : Start building timing graph for model keyboard_instance.
TMR-2506 : Build timing graph completely. Port num: 7, tpin num: 1553, tnet num: 390, tinst num: 175, tnode num: 1855, tedge num: 2591.
TMR-2508 : Levelizing timing graph completed, there are 21 levels in total.
TMR-2501 : Timing graph initialized successfully.
PHY-1001 : 75 mslices, 75 lslices, 23 pads, 0 brams, 0 dsps
TMR-2503 : Start to update net delay, extr mode = 3.
TMR-2504 : Update delay of 390 nets completely.
TMR-2502 : Annotate delay completely, extr mode = 3.
TMR-3002 : No user constraint, initiate default constraint.
TMR-1501 : Assign derive clock DeriveClock to 184 clock pins, and constraint 302 relative nodes.
TMR-3003 : Constraints initiated successfully.
TMR-3501 : Forward propagation: start to calculate arrival time...
TMR-3502 : Backward propagation: start to calculate required time...
TMR-3503 : Timing propagation completes.
PHY-1001 : Start global routing, caller is route ...
RUN-1001 : Generating global routing grids ...
PHY-1001 : Generate routing nets ...
PHY-1001 : Global iterations in 20 thread ...
PHY-1002 : len = 8416, over cnt = 40(0%), over = 105, worst = 7
PHY-1002 : len = 9224, over cnt = 13(0%), over = 24, worst = 5
PHY-1002 : len = 9536, over cnt = 0(0%), over = 0, worst = 0
PHY-1001 : End global iterations;  0.033418s wall, 0.015625s user + 0.000000s system = 0.015625s CPU (46.8%)

PHY-1001 : Congestion index: top1 = 20.80, top5 = 7.23, top10 = 3.60, top15 = 2.40.
PHY-1001 : End global routing;  0.064674s wall, 0.031250s user + 0.000000s system = 0.031250s CPU (48.3%)

PHY-1001 : Start detail routing ...
PHY-1001 : Current memory(MB): used = 183, reserve = 154, peak = 194.
PHY-1001 : Detailed router is running in normal mode.
PHY-1001 : Generate detailed routing grids ...
PHY-1001 : Processed IO instance col[3]_syn_4 with INV attribute.
PHY-1001 : Processed IO instance col[2]_syn_4 with INV attribute.
PHY-1001 : Processed IO instance col[1]_syn_4 with INV attribute.
PHY-1001 : Processed IO instance col[0]_syn_4 with INV attribute.
PHY-1001 : Generate nets ...
PHY-1001 : net clk_50M_dup_1 will be routed on clock mesh
PHY-1001 : clock net U1/scan_clk_syn_4 will be merged with clock U1/scan_clk
PHY-1001 : Current memory(MB): used = 444, reserve = 420, peak = 444.
PHY-1001 : End build detailed router design. 2.619271s wall, 1.609375s user + 0.046875s system = 1.656250s CPU (63.2%)

PHY-1001 : Detail Route ...
PHY-1001 : ===== Detail Route Phase 1 =====
PHY-1001 : Clock net routing.....
PHY-1001 : Routed 0% nets.
PHY-1022 : len = 6448, over cnt = 0(0%), over = 0, worst = 0, crit = 0
PHY-1001 : End initial clock net routed; 0.198475s wall, 0.140625s user + 0.000000s system = 0.140625s CPU (70.9%)

PHY-1001 : Current memory(MB): used = 473, reserve = 450, peak = 473.
PHY-1001 : End phase 1; 0.203479s wall, 0.140625s user + 0.000000s system = 0.140625s CPU (69.1%)

PHY-1001 : ===== Detail Route Phase 2 =====
PHY-1001 : Initial routing.....
PHY-1001 : Routed 32% nets.
PHY-1001 : Routed 43% nets.
PHY-1001 : Routed 53% nets.
PHY-1001 : Routed 68% nets.
PHY-1001 : Routed 87% nets.
PHY-1022 : len = 27672, over cnt = 44(0%), over = 44, worst = 1, crit = 0
PHY-1001 : Current memory(MB): used = 474, reserve = 450, peak = 474.
PHY-1001 : End initial routed; 0.108767s wall, 0.062500s user + 0.015625s system = 0.078125s CPU (71.8%)

PHY-1001 : Current memory(MB): used = 474, reserve = 450, peak = 474.
PHY-1001 : End phase 2; 0.108804s wall, 0.062500s user + 0.015625s system = 0.078125s CPU (71.8%)

PHY-1001 : ===== Detail Route Phase 3 =====
PHY-1001 : Ripup-reroute.....
PHY-1001 : ===== DR Iter 1 =====
PHY-1022 : len = 27528, over cnt = 13(0%), over = 13, worst = 1, crit = 0
PHY-1001 : End DR Iter 1; 0.017627s wall, 0.015625s user + 0.000000s system = 0.015625s CPU (88.6%)

PHY-1001 : ===== DR Iter 2 =====
PHY-1022 : len = 27648, over cnt = 2(0%), over = 2, worst = 1, crit = 0
PHY-1001 : End DR Iter 2; 0.011694s wall, 0.015625s user + 0.000000s system = 0.015625s CPU (133.6%)

PHY-1001 : ===== DR Iter 3 =====
PHY-1022 : len = 27648, over cnt = 0(0%), over = 0, worst = 0, crit = 0
PHY-1001 : End DR Iter 3; 0.008013s wall, 0.015625s user + 0.000000s system = 0.015625s CPU (195.0%)

PHY-1001 : Commit to database.....
PHY-1001 : 4 feed throughs used by 4 nets
PHY-1001 : End commit to database; 0.035681s wall, 0.015625s user + 0.000000s system = 0.015625s CPU (43.8%)

PHY-1001 : Current memory(MB): used = 484, reserve = 460, peak = 484.
PHY-1001 : End phase 3; 0.145610s wall, 0.109375s user + 0.000000s system = 0.109375s CPU (75.1%)

PHY-1003 : Routed, final wirelength = 27648
PHY-1001 : Current memory(MB): used = 484, reserve = 460, peak = 484.
PHY-1001 : End export database. 0.004710s wall, 0.000000s user + 0.000000s system = 0.000000s CPU (n/a%)

PHY-1001 : End detail routing;  3.235810s wall, 2.015625s user + 0.062500s system = 2.078125s CPU (64.2%)

RUN-1003 : finish command "route" in  3.440227s wall, 2.125000s user + 0.062500s system = 2.187500s CPU (63.6%)

RUN-1004 : used memory is 419 MB, reserved memory is 396 MB, peak memory is 484 MB
RUN-1002 : start command "report_area -io_info -file keyboard_phy.area"
RUN-1001 : standard
***Report Model: keyboard_instance Device: EG4S20BG256***

IO Statistics
#IO                        23
  #input                    6
  #output                  17
  #inout                    0

Utilization Statistics
#lut                      266   out of  19600    1.36%
#reg                      142   out of  19600    0.72%
#le                       290
  #lut only               148   out of    290   51.03%
  #reg only                24   out of    290    8.28%
  #lut&reg                118   out of    290   40.69%
#dsp                        0   out of     29    0.00%
#bram                       0   out of     64    0.00%
  #bram9k                   0
  #fifo9k                   0
#bram32k                    0   out of     16    0.00%
#pad                       23   out of    188   12.23%
  #ireg                     4
  #oreg                     4
  #treg                     0
#pll                        0   out of      4    0.00%
#gclk                       1   out of     16    6.25%

Clock Resource Statistics
Index     ClockNet         Type               DriverType         Driver                      Fanout
#1        clk_50M_dup_1    GCLK               io                 clk_50M_syn_2.di            76
#2        U1/scan_clk      GCLK               mslice             U1/scan_clk_reg_syn_9.q0    16


Detailed IO Report

        Name           Direction    Location    IOStandard    DriveStrength    PullType    PackReg  
        RSTn             INPUT         A9        LVCMOS33          N/A          PULLUP      NONE    
       clk_50M           INPUT         R7        LVCMOS33          N/A          PULLUP      NONE    
       col[3]            INPUT        F10        LVCMOS33          N/A          PULLUP      IREG    
       col[2]            INPUT        C11        LVCMOS33          N/A          PULLUP      IREG    
       col[1]            INPUT        D11        LVCMOS33          N/A          PULLUP      IREG    
       col[0]            INPUT        E11        LVCMOS33          N/A          PULLUP      IREG    
  DigitronCS_Out[3]     OUTPUT         A3        LVCMOS33           8            NONE       NONE    
  DigitronCS_Out[2]     OUTPUT         A5        LVCMOS33           8            NONE       NONE    
  DigitronCS_Out[1]     OUTPUT         B6        LVCMOS33           8            NONE       NONE    
  DigitronCS_Out[0]     OUTPUT         C9        LVCMOS33           8            NONE       NONE    
   Digitron_Out[7]      OUTPUT         C8        LVCMOS33           8            NONE       NONE    
   Digitron_Out[6]      OUTPUT         A8        LVCMOS33           8            NONE       NONE    
   Digitron_Out[5]      OUTPUT         B5        LVCMOS33           8            NONE       NONE    
   Digitron_Out[4]      OUTPUT         A7        LVCMOS33           8            NONE       NONE    
   Digitron_Out[3]      OUTPUT         E8        LVCMOS33           8            NONE       NONE    
   Digitron_Out[2]      OUTPUT         B8        LVCMOS33           8            NONE       NONE    
   Digitron_Out[1]      OUTPUT         A6        LVCMOS33           8            NONE       NONE    
   Digitron_Out[0]      OUTPUT         A4        LVCMOS33           8            NONE       NONE    
        light           OUTPUT        B14        LVCMOS33           8            NONE       NONE    
       row[3]           OUTPUT         D9        LVCMOS33           8            NONE       OREG    
       row[2]           OUTPUT         F9        LVCMOS33           8            NONE       OREG    
       row[1]           OUTPUT        C10        LVCMOS33           8            NONE       OREG    
       row[0]           OUTPUT        E10        LVCMOS33           8            NONE       OREG    

Report Hierarchy Area:
+-------------------------------------------------------------------------------------------+
|Instance |Module                      |le     |lut     |ripple  |seq     |bram    |dsp     |
+-------------------------------------------------------------------------------------------+
|top      |keyboard_instance           |290    |241     |25      |150     |0       |0       |
|  U1     |keyboard_scan               |68     |46      |9       |50      |0       |0       |
|  U2     |key_filter                  |58     |41      |6       |48      |0       |0       |
|  U3     |onehot2binary               |126    |126     |0       |28      |0       |0       |
|  U5     |Digitron_TimeDisplay_module |33     |23      |10      |16      |0       |0       |
+-------------------------------------------------------------------------------------------+


DataNet Average Fanout:

   Index     Fanout    Nets  
    #1         1       162   
    #2         2        99   
    #3         3        39   
    #4         4        17   
    #5        5-10      34   
    #6       11-50      14   
  Average     2.87           

RUN-1002 : start command "export_db keyboard_pr.db"
RUN-1001 : Exported /
RUN-1001 : Exported flow parameters
RUN-1001 : Exported libs
RUN-1001 : Exported entities
RUN-1001 : Exported ports
RUN-1001 : Exported pins
RUN-1001 : Exported instances
RUN-1001 : Exported nets
RUN-1001 : Exported buses
RUN-1001 : Exported models
RUN-1001 : Exported congestions
RUN-1001 : Exported violations
RUN-1001 : Exported IO constraints
RUN-1001 : Exported Inst constraints
RUN-1002 : start command "export_bid keyboard_inst.bid"
RUN-1002 : start command "bitgen -bit keyboard.bit -unused_io_status pulldown"
BIT-1003 : Start to generate bitstream. 
BIT-1002 : Bitgen processed 165 unused pads, reserve input tri_state with pulldown
BIT-1002 : Init instances with 20 threads.
BIT-1002 : Init instances completely, inst num: 340
BIT-1002 : Init pips with 20 threads.
BIT-1002 : Init pips completely, net num: 392, pip num: 3011
BIT-1002 : Init feedthrough completely, num: 4
BIT-1003 : Multithreading accelaration with 20 threads.
BIT-1003 : Generate bitstream completely, there are 506 valid insts, and 9338 bits set as '1'.
BIT-1004 : PLL setting string = 0000
BIT-1004 : Generate bits file keyboard.bit.
RUN-1003 : finish command "bitgen -bit keyboard.bit -unused_io_status pulldown" in  1.079582s wall, 1.437500s user + 0.000000s system = 1.437500s CPU (133.2%)

RUN-1004 : used memory is 424 MB, reserved memory is 400 MB, peak memory is 640 MB
RUN-1002 : start command "backup_run_log run.log ../.logs/phy_1/td_20240827_191025.log"
