============================================================
   Tang Dynasty, V5.6.59063
   Copyright (c) 2012-2022 Anlogic
   Executable = E:/Anlogic/TD5.6.59063/bin/td.exe
   Built at =   12:45:13 Sep  6 2022
   Run by =     19234
   Run Date =   Wed Aug 28 23:27:33 2024

   Run on =     ERIKPSW
============================================================
RUN-1002 : start command "open_project keyboard.prj"
RUN-1001 : Print Global Property
RUN-1001 : ---------------------------------------------------------------
RUN-1001 :        Parameters        |  Settings  |  Default Values  |  Note  
RUN-1001 : ---------------------------------------------------------------
RUN-1001 :          message         |  standard  |     standard     |        
RUN-1001 :   mixed_pack_place_flow  |     on     |        on        |        
RUN-1001 :        qor_monitor       |    off     |       off        |        
RUN-1001 :        syn_ip_flow       |    off     |       off        |        
RUN-1001 :          thread          |    auto    |       auto       |        
RUN-1001 : ---------------------------------------------------------------
RUN-1001 : Print Design Property
RUN-1001 : --------------------------------------------------------------
RUN-1001 :        Parameters       |  Settings  |  Default Values  |  Note  
RUN-1001 : --------------------------------------------------------------
RUN-1001 :   default_reg_initial   |    auto    |       auto       |        
RUN-1001 :        infer_add        |     on     |        on        |        
RUN-1001 :        infer_fsm        |    off     |       off        |        
RUN-1001 :        infer_mult       |     on     |        on        |        
RUN-1001 :        infer_ram        |     on     |        on        |        
RUN-1001 :        infer_reg        |     on     |        on        |        
RUN-1001 :   infer_reg_init_value  |     on     |        on        |        
RUN-1001 :        infer_rom        |     on     |        on        |        
RUN-1001 :      infer_shifter      |     on     |        on        |        
RUN-1001 : --------------------------------------------------------------
RUN-1001 : Print Rtl Property
RUN-1001 : --------------------------------------------------------------
RUN-1001 :        Parameters       |  Settings  |  Default Values  |  Note  
RUN-1001 : --------------------------------------------------------------
RUN-1001 :       compress_add      |   ripple   |      ripple      |        
RUN-1001 :        elf_sload        |    off     |       off        |        
RUN-1001 :       fix_undriven      |     0      |        0         |        
RUN-1001 :         flatten         |    off     |       off        |        
RUN-1001 :       gate_sharing      |     on     |        on        |        
RUN-1001 :    hdl_warning_level    |   normal   |      normal      |        
RUN-1001 :   impl_internal_tribuf  |     on     |        on        |        
RUN-1001 :      impl_set_reset     |     on     |        on        |        
RUN-1001 :        infer_gsr        |    off     |       off        |        
RUN-1001 :      keep_hierarchy     |    auto    |       auto       |        
RUN-1001 :        max_fanout       |    9999    |       9999       |        
RUN-1001 :      max_oh2bin_len     |     10     |        10        |        
RUN-1001 :       merge_equal       |     on     |        on        |        
RUN-1001 :       merge_equiv       |     on     |        on        |        
RUN-1001 :        merge_mux        |    off     |       off        |        
RUN-1001 :     min_control_set     |     8      |        8         |        
RUN-1001 :      min_ripple_len     |    auto    |       auto       |        
RUN-1001 :       oh2bin_ratio      |    0.08    |       0.08       |        
RUN-1001 :     opt_adder_fanout    |     on     |        on        |        
RUN-1001 :        opt_arith        |     on     |        on        |        
RUN-1001 :       opt_big_gate      |    off     |       off        |        
RUN-1001 :        opt_const        |     on     |        on        |        
RUN-1001 :      opt_const_mult     |     on     |        on        |        
RUN-1001 :       opt_lessthan      |     on     |        on        |        
RUN-1001 :         opt_mux         |    off     |       off        |        
RUN-1001 :         opt_ram         |    high    |       high       |        
RUN-1001 :      rtl_sim_model      |    off     |       off        |        
RUN-1001 :         seq_syn         |     on     |        on        |        
RUN-1001 : --------------------------------------------------------------
HDL-1007 : analyze verilog file ../../../src/Digitron_TimeDisplay_module.v
HDL-1007 : analyze verilog file ../../../src/key_filter.v
HDL-1007 : analyze verilog file ../../../src/keyboard_instance.v
HDL-1007 : undeclared symbol 'secrect', assumed default net type 'wire' in ../../../src/keyboard_instance.v(42)
HDL-1007 : analyze verilog file ../../../src/keyboard_scan.v
HDL-1007 : analyze verilog file ../../../src/onehot2binary.v
RUN-1001 : Project manager successfully analyzed 5 source files.
RUN-1002 : start command "import_device eagle_s20.db -package EG4S20BG256"
ARC-1001 : Device Initialization.
ARC-1001 : ------------------------------------------------------------------
ARC-1001 :            OPTION            |          IO          |   SETTING   
ARC-1001 : ------------------------------------------------------------------
ARC-1001 :   cso_b/cclk/mosi/miso/dout  |  T3/R11/T10/P10/S11  |    gpio    
ARC-1001 :             done             |         P13          |    gpio    
ARC-1001 :           program_b          |          T2          |  dedicate  
ARC-1001 :        tdi/tms/tck/tdo       |   C12/A15/C14/E14    |  dedicate  
ARC-1001 : ------------------------------------------------------------------
ARC-1004 : Device setting, marked 5 dedicate IOs in total.
RUN-1002 : start command "import_db ../syn_1/keyboard_gate.db"
RUN-1001 : Importing database generated by Tang Dynasty, V5.6.59063.
RUN-1001 : Database version number 46140.
RUN-1001 : Import flow parameters
RUN-1001 : Import timing constraints
RUN-1001 : Import IO constraints
RUN-1001 : Import Inst constraints
RUN-1001 : Import design success TD_VERSION=5.6.59063 , DB_VERSION=46140
RUN-1002 : start command "read_sdc"
USR-1002 : read_sdc file_name -help -h -eco
USR-1009 : NO module with IP_SDC ...
RUN-1104 : Import SDC file  finished, there are 0 nets kept by constraints.
RUN-1002 : start command "place"
RUN-1001 : Open license file E:/Anlogic/TD5.6.59063/license/Anlogic.lic
RUN-1001 : Print Global Property
RUN-1001 : ---------------------------------------------------------------
RUN-1001 :        Parameters        |  Settings  |  Default Values  |  Note  
RUN-1001 : ---------------------------------------------------------------
RUN-1001 :          message         |  standard  |     standard     |        
RUN-1001 :   mixed_pack_place_flow  |     on     |        on        |        
RUN-1001 :        qor_monitor       |    off     |       off        |        
RUN-1001 :        syn_ip_flow       |    off     |       off        |        
RUN-1001 :          thread          |    auto    |       auto       |        
RUN-1001 : ---------------------------------------------------------------
RUN-1001 : Print Place Property
RUN-1001 : --------------------------------------------------------------
RUN-1001 :        Parameters       |  Settings  |  Default Values  |  Note  
RUN-1001 : --------------------------------------------------------------
RUN-1001 :      detailed_place     |     on     |        on        |        
RUN-1001 :          effort         |   medium   |      medium      |        
RUN-1001 :         fix_hold        |    off     |       off        |        
RUN-1001 :       legalization      |    ori     |       ori        |        
RUN-1001 :      new_spreading      |     on     |        on        |        
RUN-1001 :        opt_timing       |   medium   |      medium      |        
RUN-1001 :   post_clock_route_opt  |    off     |       off        |        
RUN-1001 :       pr_strategy       |     1      |        1         |        
RUN-1001 :        relaxation       |    1.00    |       1.00       |        
RUN-1001 :         retiming        |    off     |       off        |        
RUN-1001 : --------------------------------------------------------------
PHY-3001 : Placer runs in 16 thread(s).
RUN-1002 : start command "legalize_phy_inst"
SYN-1011 : Flatten model keyboard_instance
RUN-1002 : start command "phys_opt -simplify_lut"
SYN-4024 : Net "clk_50M_dup_1" drives clk pins.
SYN-4024 : Net "U1/scan_clk" drives clk pins.
SYN-4025 : Tag rtl::Net U1/scan_clk as clock net
SYN-4025 : Tag rtl::Net clk_50M_dup_1 as clock net
SYN-4026 : Tagged 2 rtl::Net as clock net
SYN-4015 : Create BUFG instance for clk Net U1/scan_clk to drive 20 clock pins.
PHY-1001 : Populate physical database on model keyboard_instance.
RUN-1001 : There are total 779 instances
RUN-0007 : 373 luts, 241 seqs, 96 mslices, 41 lslices, 24 pads, 0 brams, 0 dsps
RUN-1001 : There are total 921 nets
RUN-1001 : 563 nets have 2 pins
RUN-1001 : 231 nets have [3 - 5] pins
RUN-1001 : 103 nets have [6 - 10] pins
RUN-1001 : 12 nets have [11 - 20] pins
RUN-1001 : 10 nets have [21 - 99] pins
RUN-1001 : 2 nets have 100+ pins
RUN-1001 : Report Control nets information:
RUN-1001 : DFF Distribution
RUN-1001 : ----------------------------------
RUN-1001 :   CE   |  SSR  |  ASR  |  DFF Count  
RUN-1001 : ----------------------------------
RUN-1001 :   No   |  No   |  No   |     92      
RUN-1001 :   No   |  No   |  Yes  |     20      
RUN-1001 :   No   |  Yes  |  No   |     49      
RUN-1001 :   Yes  |  No   |  No   |     48      
RUN-1001 :   Yes  |  No   |  Yes  |     32      
RUN-1001 :   Yes  |  Yes  |  No   |      0      
RUN-1001 : ----------------------------------
RUN-0007 : Control Group Statistic
RUN-0007 : ---------------------------
RUN-0007 :   #CLK  |  #CE  |  #SSR/ASR  
RUN-0007 : ---------------------------
RUN-0007 :    2    |   5   |     3      
RUN-0007 : ---------------------------
RUN-0007 : Control Set = 8
PHY-3001 : Initial placement ...
PHY-3001 : design contains 777 instances, 373 luts, 241 seqs, 137 slices, 14 macros(137 instances: 96 mslices 41 lslices)
PHY-0007 : Cell area utilization is 3%
PHY-3001 : Start timing update ...
RUN-1002 : start command "start_timer -report"
TMR-2505 : Start building timing graph for model keyboard_instance.
TMR-2506 : Build timing graph completely. Port num: 8, tpin num: 3388, tnet num: 919, tinst num: 777, tnode num: 4051, tedge num: 5437.
TMR-2508 : Levelizing timing graph completed, there are 43 levels in total.
TMR-2501 : Timing graph initialized successfully.
TMR-2503 : Start to update net delay, extr mode = 2.
TMR-2504 : Update delay of 919 nets completely.
TMR-2502 : Annotate delay completely, extr mode = 2.
TMR-3001 : Initiate 0 clocks from SDC.
TMR-3004 : Map sdc constraints, there are 0 constraints in total.
TMR-3003 : Constraints initiated successfully.
TMR-3501 : Forward propagation: start to calculate arrival time...
TMR-3502 : Backward propagation: start to calculate required time...
TMR-3503 : Timing propagation completes.
PHY-3001 : End timing update;  0.168592s wall, 0.015625s user + 0.000000s system = 0.015625s CPU (9.3%)

PHY-3001 : Global placement ...
PHY-3001 : Initial: Len = 228498
PHY-3001 : Clustering ...
PHY-3001 : Level 0 #clusters 777.
PHY-3001 : End clustering;  0.000015s wall, 0.000000s user + 0.000000s system = 0.000000s CPU (n/a%)

PHY-3001 : Run with size of 4
PHY-3001 : Cell area utilization is 3%
PHY-3001 : :::0::: Try harder cell spreading with beta_ = 0
PHY-3002 : Step(1): len = 146703, overlap = 0
PHY-3002 : Step(2): len = 93270.6, overlap = 0
PHY-3002 : Step(3): len = 66955.5, overlap = 0
PHY-3002 : Step(4): len = 48084.9, overlap = 0
PHY-3002 : Step(5): len = 39544.8, overlap = 3.6875
PHY-3002 : Step(6): len = 35407.1, overlap = 10.6562
PHY-3002 : Step(7): len = 30061.2, overlap = 15.1562
PHY-3002 : Step(8): len = 25015.6, overlap = 15.125
PHY-3002 : Step(9): len = 23406, overlap = 13.4688
PHY-3002 : Step(10): len = 22833.6, overlap = 13.375
PHY-3002 : Step(11): len = 20599.2, overlap = 13
PHY-3002 : Step(12): len = 19841.4, overlap = 12.5625
PHY-3002 : Step(13): len = 19765.2, overlap = 13.3438
PHY-3002 : Step(14): len = 18727.3, overlap = 12.7812
PHY-3002 : Step(15): len = 18476.9, overlap = 9.875
PHY-3002 : Step(16): len = 18708.8, overlap = 7.5
PHY-3002 : Step(17): len = 16642.5, overlap = 7.4375
PHY-3002 : Step(18): len = 16399.4, overlap = 7.375
PHY-3002 : Step(19): len = 16653.5, overlap = 7.875
PHY-3002 : Step(20): len = 15972.4, overlap = 10.3438
PHY-3002 : Step(21): len = 16141.9, overlap = 11.5312
PHY-3002 : Step(22): len = 15262.8, overlap = 13.2188
PHY-3002 : Step(23): len = 15851.8, overlap = 13.4375
PHY-3002 : Step(24): len = 16522.7, overlap = 13.375
PHY-3001 : Legalization ...
PHY-3001 : End legalization;  0.004083s wall, 0.000000s user + 0.000000s system = 0.000000s CPU (n/a%)

PHY-3001 : Run with size of 4
PHY-3001 : Cell area utilization is 4%
PHY-3001 : Update timing in Manhattan mode ...
TMR-2503 : Start to update net delay, extr mode = 3.
TMR-2504 : Update delay of 919 nets completely.
TMR-2502 : Annotate delay completely, extr mode = 3.
TMR-3501 : Forward propagation: start to calculate arrival time...
TMR-3502 : Backward propagation: start to calculate required time...
TMR-3503 : Timing propagation completes.
PHY-3001 : End timing update;  0.009584s wall, 0.000000s user + 0.000000s system = 0.000000s CPU (n/a%)

PHY-3001 : :::0::: Try harder cell spreading with beta_ = 8.62831e-06
PHY-3002 : Step(25): len = 14638.1, overlap = 30.2188
PHY-3002 : Step(26): len = 14734.8, overlap = 30.0625
PHY-3002 : Step(27): len = 14973.7, overlap = 29.8438
PHY-3001 : :::1::: Try harder cell spreading with beta_ = 1.72566e-05
PHY-3002 : Step(28): len = 14250.7, overlap = 29.5625
PHY-3002 : Step(29): len = 14419.7, overlap = 29.5312
PHY-3002 : Step(30): len = 15118.6, overlap = 28.5312
PHY-3002 : Step(31): len = 15282.6, overlap = 28.125
PHY-3002 : Step(32): len = 14454.4, overlap = 26.625
PHY-3002 : Step(33): len = 14713.5, overlap = 25.375
PHY-3002 : Step(34): len = 14846.7, overlap = 20.0938
PHY-3002 : Step(35): len = 15106.8, overlap = 21.75
PHY-3002 : Step(36): len = 15074, overlap = 24.6875
PHY-3002 : Step(37): len = 14722.8, overlap = 24.8125
PHY-3002 : Step(38): len = 13868.8, overlap = 23.375
PHY-3002 : Step(39): len = 13790.3, overlap = 21.7812
PHY-3002 : Step(40): len = 13901.9, overlap = 21.6562
PHY-3001 : :::2::: Try harder cell spreading with beta_ = 3.45132e-05
PHY-3002 : Step(41): len = 13109.9, overlap = 21.875
PHY-3002 : Step(42): len = 13208.1, overlap = 21.8438
PHY-3002 : Step(43): len = 13358.7, overlap = 21.8438
PHY-3001 : :::3::: Try harder cell spreading with beta_ = 6.90265e-05
PHY-3002 : Step(44): len = 12897.4, overlap = 21.7188
PHY-3002 : Step(45): len = 13073.6, overlap = 22.4375
PHY-3001 : Run with size of 2
PHY-3001 : Cell area utilization is 4%
PHY-3001 : Update timing in Manhattan mode ...
TMR-2503 : Start to update net delay, extr mode = 3.
TMR-2504 : Update delay of 919 nets completely.
TMR-2502 : Annotate delay completely, extr mode = 3.
TMR-3501 : Forward propagation: start to calculate arrival time...
TMR-3502 : Backward propagation: start to calculate required time...
TMR-3503 : Timing propagation completes.
PHY-3001 : End timing update;  0.009384s wall, 0.000000s user + 0.000000s system = 0.000000s CPU (n/a%)

PHY-3001 : :::0::: Try harder cell spreading with beta_ = 1.87637e-05
PHY-3002 : Step(46): len = 13294.4, overlap = 41.9062
PHY-3002 : Step(47): len = 13450.2, overlap = 41.9062
PHY-3002 : Step(48): len = 14048.4, overlap = 32.8438
PHY-3001 : :::1::: Try harder cell spreading with beta_ = 3.75274e-05
PHY-3002 : Step(49): len = 14662.9, overlap = 34.5312
PHY-3002 : Step(50): len = 14662.9, overlap = 34.5312
PHY-3002 : Step(51): len = 14270.8, overlap = 34.5312
PHY-3002 : Step(52): len = 14394.4, overlap = 34.6562
PHY-3002 : Step(53): len = 14636.8, overlap = 33
PHY-3001 : :::2::: Try harder cell spreading with beta_ = 7.50547e-05
PHY-3002 : Step(54): len = 16284.7, overlap = 22.375
PHY-3002 : Step(55): len = 16685.2, overlap = 22.4062
PHY-3002 : Step(56): len = 17008.5, overlap = 22.2812
PHY-3002 : Step(57): len = 15916, overlap = 22.4688
PHY-3002 : Step(58): len = 16069.5, overlap = 24.0938
PHY-3002 : Step(59): len = 16145.6, overlap = 23.9375
PHY-3001 : :::3::: Try harder cell spreading with beta_ = 0.000150109
PHY-3002 : Step(60): len = 15790.2, overlap = 22.6875
PHY-3002 : Step(61): len = 15840.4, overlap = 22.5
PHY-3002 : Step(62): len = 16192.4, overlap = 23.375
PHY-3001 : :::4::: Try harder cell spreading with beta_ = 0.000300219
PHY-3002 : Step(63): len = 16186.6, overlap = 23.3125
PHY-3002 : Step(64): len = 16299, overlap = 19.8438
PHY-3002 : Step(65): len = 16339.1, overlap = 19.6875
PHY-3002 : Step(66): len = 16775.6, overlap = 19.1875
OPT-1001 : Start physical optimization ...
RUN-1002 : start command "start_timer -report"
TMR-2505 : Start building timing graph for model keyboard_instance.
TMR-2506 : Build timing graph completely. Port num: 8, tpin num: 3388, tnet num: 919, tinst num: 777, tnode num: 4051, tedge num: 5437.
TMR-2508 : Levelizing timing graph completed, there are 43 levels in total.
TMR-2501 : Timing graph initialized successfully.
OPT-1001 : Total overflow 44.81 peak overflow 1.78
OPT-1001 : Start high-fanout net optimization ...
OPT-1001 : Update timing in global mode
PHY-1001 : Start incremental global routing, caller is place ...
RUN-1001 : Generating global routing grids ...
RUN-1001 : Building simple global routing graph ...
PHY-1001 : Generate routing nets ...
PHY-1001 : Reuse net number 0/921.
PHY-1001 : Global iterations in 16 thread ...
PHY-1002 : len = 18760, over cnt = 81(0%), over = 292, worst = 20
PHY-1001 : End global iterations;  0.038869s wall, 0.000000s user + 0.000000s system = 0.000000s CPU (n/a%)

PHY-1001 : Congestion index: top1 = 25.32, top5 = 11.68, top10 = 6.71, top15 = 4.49.
PHY-1001 : End incremental global routing;  0.086631s wall, 0.000000s user + 0.000000s system = 0.000000s CPU (n/a%)

TMR-2503 : Start to update net delay, extr mode = 5.
TMR-2504 : Update delay of 919 nets completely.
TMR-2502 : Annotate delay completely, extr mode = 5.
TMR-3001 : Initiate 0 clocks from SDC.
TMR-3004 : Map sdc constraints, there are 0 constraints in total.
TMR-3003 : Constraints initiated successfully.
TMR-3501 : Forward propagation: start to calculate arrival time...
TMR-3502 : Backward propagation: start to calculate required time...
TMR-3503 : Timing propagation completes.
OPT-1001 : End timing update;  0.011586s wall, 0.000000s user + 0.000000s system = 0.000000s CPU (n/a%)

OPT-1001 : 0 high-fanout net processed.
OPT-1001 : End high-fanout net optimization;  0.106618s wall, 0.000000s user + 0.000000s system = 0.000000s CPU (n/a%)

OPT-1001 : Current memory(MB): used = 153, reserve = 125, peak = 153.
OPT-1001 : Start global optimization ...
OPT-1001 : Start congestion update ...
RUN-1001 : Generating global routing grids ...
PHY-1001 : Generate routing nets ...
PHY-1001 : Reuse net number 542/921.
PHY-1001 : Global iterations in 16 thread ...
PHY-1002 : len = 18760, over cnt = 81(0%), over = 292, worst = 20
PHY-1002 : len = 21168, over cnt = 55(0%), over = 84, worst = 6
PHY-1002 : len = 21840, over cnt = 18(0%), over = 27, worst = 4
PHY-1002 : len = 22280, over cnt = 0(0%), over = 0, worst = 0
PHY-1001 : End global iterations;  0.041286s wall, 0.000000s user + 0.000000s system = 0.000000s CPU (n/a%)

PHY-1001 : Congestion index: top1 = 24.78, top5 = 12.65, top10 = 7.54, top15 = 5.11.
OPT-1001 : End congestion update;  0.091856s wall, 0.015625s user + 0.000000s system = 0.015625s CPU (17.0%)

OPT-1001 : Update timing in Manhattan mode
TMR-2503 : Start to update net delay, extr mode = 3.
TMR-2504 : Update delay of 919 nets completely.
TMR-2502 : Annotate delay completely, extr mode = 3.
TMR-3501 : Forward propagation: start to calculate arrival time...
TMR-3502 : Backward propagation: start to calculate required time...
TMR-3503 : Timing propagation completes.
OPT-1001 : End timing update;  0.016827s wall, 0.015625s user + 0.000000s system = 0.015625s CPU (92.9%)

OPT-0007 : Start: WNS 2147483647 TNS 0 NUM_FEPS 0
OPT-1001 : End global optimization;  0.108842s wall, 0.031250s user + 0.000000s system = 0.031250s CPU (28.7%)

OPT-1001 : Current memory(MB): used = 154, reserve = 126, peak = 154.
OPT-1001 : End physical optimization;  0.367467s wall, 0.046875s user + 0.000000s system = 0.046875s CPU (12.8%)

PHY-3001 : Start packing ...
SYN-4007 : Packing 0 MUX to BLE ...
SYN-4008 : Packed 0 MUX and 0 SEQ to BLE.
SYN-4007 : Packing 373 LUT to BLE ...
SYN-4008 : Packed 373 LUT and 138 SEQ to BLE.
SYN-4003 : Packing 103 remaining SEQ's ...
SYN-4005 : Packed 55 SEQ with LUT/SLICE
SYN-4006 : 188 single LUT's are left
SYN-4006 : 48 single SEQ's are left
SYN-4011 : Packing model "keyboard_instance" (AL_USER_NORMAL) with 421/586 primitive instances ...
PHY-3001 : End packing;  0.029230s wall, 0.015625s user + 0.000000s system = 0.015625s CPU (53.5%)

PHY-1001 : Populate physical database on model keyboard_instance.
RUN-1001 : There are total 388 instances
RUN-1001 : 180 mslices, 180 lslices, 24 pads, 0 brams, 0 dsps
RUN-1001 : There are total 795 nets
RUN-1001 : 437 nets have 2 pins
RUN-1001 : 234 nets have [3 - 5] pins
RUN-1001 : 101 nets have [6 - 10] pins
RUN-1001 : 13 nets have [11 - 20] pins
RUN-1001 : 8 nets have [21 - 99] pins
RUN-1001 : 2 nets have 100+ pins
PHY-3001 : design contains 386 instances, 360 slices, 14 macros(137 instances: 96 mslices 41 lslices)
PHY-3001 : Cell area utilization is 4%
PHY-3001 : After packing: Len = 17143.8, Over = 25
PHY-3001 : Run with size of 2
PHY-3001 : Cell area utilization is 4%
PHY-3001 : Update timing in Manhattan mode ...
RUN-1002 : start command "start_timer -report"
TMR-2505 : Start building timing graph for model keyboard_instance.
TMR-2506 : Build timing graph completely. Port num: 8, tpin num: 2939, tnet num: 793, tinst num: 386, tnode num: 3417, tedge num: 4925.
TMR-2508 : Levelizing timing graph completed, there are 41 levels in total.
TMR-2501 : Timing graph initialized successfully.
TMR-2503 : Start to update net delay, extr mode = 3.
TMR-2504 : Update delay of 793 nets completely.
TMR-2502 : Annotate delay completely, extr mode = 3.
TMR-3001 : Initiate 0 clocks from SDC.
TMR-3004 : Map sdc constraints, there are 0 constraints in total.
TMR-3003 : Constraints initiated successfully.
TMR-3501 : Forward propagation: start to calculate arrival time...
TMR-3502 : Backward propagation: start to calculate required time...
TMR-3503 : Timing propagation completes.
PHY-3001 : End timing update;  0.171019s wall, 0.093750s user + 0.000000s system = 0.093750s CPU (54.8%)

PHY-3001 : :::0::: Try harder cell spreading with beta_ = 3.7969e-05
PHY-3002 : Step(67): len = 16368.4, overlap = 25.5
PHY-3002 : Step(68): len = 16396.6, overlap = 25.75
PHY-3002 : Step(69): len = 16227.2, overlap = 25.25
PHY-3001 : :::1::: Try harder cell spreading with beta_ = 7.5938e-05
PHY-3002 : Step(70): len = 16333.3, overlap = 24.75
PHY-3002 : Step(71): len = 16484.7, overlap = 23.25
PHY-3002 : Step(72): len = 16560.1, overlap = 22.75
PHY-3001 : :::2::: Try harder cell spreading with beta_ = 0.000151876
PHY-3002 : Step(73): len = 17020.8, overlap = 21
PHY-3002 : Step(74): len = 17091.6, overlap = 21.25
PHY-3002 : Step(75): len = 17237.5, overlap = 21.5
PHY-3001 : Legalization ...
PHY-3001 : End legalization;  0.072581s wall, 0.000000s user + 0.000000s system = 0.000000s CPU (n/a%)

PHY-3001 : Trial Legalized: Len = 24698.3
PHY-3001 : Run with size of 2
PHY-3001 : Cell area utilization is 4%
PHY-3001 : Update timing in Manhattan mode ...
TMR-2503 : Start to update net delay, extr mode = 3.
TMR-2504 : Update delay of 793 nets completely.
TMR-2502 : Annotate delay completely, extr mode = 3.
TMR-3501 : Forward propagation: start to calculate arrival time...
TMR-3502 : Backward propagation: start to calculate required time...
TMR-3503 : Timing propagation completes.
PHY-3001 : End timing update;  0.009054s wall, 0.000000s user + 0.000000s system = 0.000000s CPU (n/a%)

PHY-3001 : :::0::: Try harder cell spreading with beta_ = 0.00170307
PHY-3002 : Step(76): len = 22542.2, overlap = 2.25
PHY-3002 : Step(77): len = 21456.3, overlap = 5.75
PHY-3002 : Step(78): len = 18392.6, overlap = 8
PHY-3002 : Step(79): len = 18286.4, overlap = 8.25
PHY-3002 : Step(80): len = 18227.5, overlap = 9.25
PHY-3002 : Step(81): len = 18042.1, overlap = 9.75
PHY-3002 : Step(82): len = 17967.5, overlap = 10.75
PHY-3001 : :::1::: Try harder cell spreading with beta_ = 0.00340614
PHY-3002 : Step(83): len = 17921.1, overlap = 10.75
PHY-3002 : Step(84): len = 17893.9, overlap = 10.75
PHY-3001 : :::2::: Try harder cell spreading with beta_ = 0.00681228
PHY-3002 : Step(85): len = 17865, overlap = 10.5
PHY-3002 : Step(86): len = 17858, overlap = 10
PHY-3001 : Legalization ...
PHY-3001 : End legalization;  0.005275s wall, 0.000000s user + 0.000000s system = 0.000000s CPU (n/a%)

PHY-3001 : Legalized: Len = 21023.3, Over = 0
PHY-3001 : End spreading;  0.002955s wall, 0.000000s user + 0.000000s system = 0.000000s CPU (n/a%)

PHY-3001 : Final: Len = 21023.3, Over = 0
OPT-1001 : Start physical optimization ...
RUN-1002 : start command "start_timer -report"
TMR-2505 : Start building timing graph for model keyboard_instance.
TMR-2506 : Build timing graph completely. Port num: 8, tpin num: 2939, tnet num: 793, tinst num: 386, tnode num: 3417, tedge num: 4925.
TMR-2508 : Levelizing timing graph completed, there are 41 levels in total.
TMR-2501 : Timing graph initialized successfully.
OPT-1001 : Total overflow 0.00 peak overflow 0.00
OPT-1001 : Start high-fanout net optimization ...
OPT-1001 : Update timing in global mode
PHY-1001 : Start incremental global routing, caller is place ...
RUN-1001 : Generating global routing grids ...
PHY-1001 : Generate routing nets ...
PHY-1001 : Reuse net number 26/795.
PHY-1001 : Global iterations in 16 thread ...
PHY-1002 : len = 23672, over cnt = 68(0%), over = 98, worst = 6
PHY-1002 : len = 24232, over cnt = 26(0%), over = 32, worst = 3
PHY-1002 : len = 24552, over cnt = 9(0%), over = 9, worst = 1
PHY-1002 : len = 24680, over cnt = 1(0%), over = 1, worst = 1
PHY-1002 : len = 24696, over cnt = 0(0%), over = 0, worst = 0
PHY-1001 : End global iterations;  0.078367s wall, 0.000000s user + 0.000000s system = 0.000000s CPU (n/a%)

PHY-1001 : Congestion index: top1 = 21.14, top5 = 13.49, top10 = 8.43, top15 = 5.81.
PHY-1001 : End incremental global routing;  0.125342s wall, 0.000000s user + 0.000000s system = 0.000000s CPU (n/a%)

TMR-2503 : Start to update net delay, extr mode = 5.
TMR-2504 : Update delay of 793 nets completely.
TMR-2502 : Annotate delay completely, extr mode = 5.
TMR-3001 : Initiate 0 clocks from SDC.
TMR-3004 : Map sdc constraints, there are 0 constraints in total.
TMR-3003 : Constraints initiated successfully.
TMR-3501 : Forward propagation: start to calculate arrival time...
TMR-3502 : Backward propagation: start to calculate required time...
TMR-3503 : Timing propagation completes.
OPT-1001 : End timing update;  0.012400s wall, 0.000000s user + 0.000000s system = 0.000000s CPU (n/a%)

OPT-1001 : 0 high-fanout net processed.
OPT-1001 : End high-fanout net optimization;  0.149642s wall, 0.015625s user + 0.000000s system = 0.015625s CPU (10.4%)

OPT-1001 : Current memory(MB): used = 157, reserve = 129, peak = 157.
OPT-1001 : Start path based optimization ...
OPT-1001 : Start congestion update ...
RUN-1001 : Generating global routing grids ...
PHY-1001 : Generate routing nets ...
PHY-1001 : Reuse net number 619/795.
PHY-1001 : Global iterations in 16 thread ...
PHY-1002 : len = 24696, over cnt = 0(0%), over = 0, worst = 0
PHY-1001 : End global iterations;  0.002296s wall, 0.000000s user + 0.000000s system = 0.000000s CPU (n/a%)

PHY-1001 : Congestion index: top1 = 21.14, top5 = 13.49, top10 = 8.43, top15 = 5.81.
OPT-1001 : End congestion update;  0.043191s wall, 0.031250s user + 0.000000s system = 0.031250s CPU (72.4%)

OPT-1001 : Update timing in Manhattan mode
TMR-2503 : Start to update net delay, extr mode = 3.
TMR-2504 : Update delay of 793 nets completely.
TMR-2502 : Annotate delay completely, extr mode = 3.
TMR-3501 : Forward propagation: start to calculate arrival time...
TMR-3502 : Backward propagation: start to calculate required time...
TMR-3503 : Timing propagation completes.
OPT-1001 : End timing update;  0.008912s wall, 0.000000s user + 0.000000s system = 0.000000s CPU (n/a%)

OPT-0007 : Start: WNS 2147483647 TNS 0 NUM_FEPS 0
OPT-1001 : End path based optimization;  0.052200s wall, 0.031250s user + 0.000000s system = 0.031250s CPU (59.9%)

OPT-1001 : Current memory(MB): used = 157, reserve = 129, peak = 157.
OPT-1001 : Update timing in Manhattan mode
TMR-2503 : Start to update net delay, extr mode = 3.
TMR-2504 : Update delay of 793 nets completely.
TMR-2502 : Annotate delay completely, extr mode = 3.
TMR-3501 : Forward propagation: start to calculate arrival time...
TMR-3502 : Backward propagation: start to calculate required time...
TMR-3503 : Timing propagation completes.
OPT-1001 : End timing update;  0.010010s wall, 0.000000s user + 0.000000s system = 0.000000s CPU (n/a%)

OPT-1001 : Start pin optimization...
OPT-1001 : skip pin optimization...
OPT-1001 : Update timing in global mode
PHY-1001 : Start incremental global routing, caller is place ...
RUN-1001 : Generating global routing grids ...
PHY-1001 : Generate routing nets ...
PHY-1001 : Reuse net number 619/795.
PHY-1001 : Global iterations in 16 thread ...
PHY-1002 : len = 24696, over cnt = 0(0%), over = 0, worst = 0
PHY-1001 : End global iterations;  0.002335s wall, 0.000000s user + 0.000000s system = 0.000000s CPU (n/a%)

PHY-1001 : Congestion index: top1 = 21.14, top5 = 13.49, top10 = 8.43, top15 = 5.81.
PHY-1001 : End incremental global routing;  0.043700s wall, 0.015625s user + 0.000000s system = 0.015625s CPU (35.8%)

TMR-2503 : Start to update net delay, extr mode = 5.
TMR-2504 : Update delay of 793 nets completely.
TMR-2502 : Annotate delay completely, extr mode = 5.
TMR-3501 : Forward propagation: start to calculate arrival time...
TMR-3502 : Backward propagation: start to calculate required time...
TMR-3503 : Timing propagation completes.
OPT-1001 : End timing update;  0.011725s wall, 0.000000s user + 0.000000s system = 0.000000s CPU (n/a%)

RUN-1001 : Generating global routing grids ...
PHY-1001 : Generate routing nets ...
PHY-1001 : Reuse net number 619/795.
PHY-1001 : Global iterations in 16 thread ...
PHY-1002 : len = 24696, over cnt = 0(0%), over = 0, worst = 0
PHY-1001 : End global iterations;  0.002331s wall, 0.000000s user + 0.000000s system = 0.000000s CPU (n/a%)

PHY-1001 : Congestion index: top1 = 21.14, top5 = 13.49, top10 = 8.43, top15 = 5.81.
OPT-1001 : Update timing in Manhattan mode
TMR-2503 : Start to update net delay, extr mode = 3.
TMR-2504 : Update delay of 793 nets completely.
TMR-2502 : Annotate delay completely, extr mode = 3.
TMR-3501 : Forward propagation: start to calculate arrival time...
TMR-3502 : Backward propagation: start to calculate required time...
TMR-3503 : Timing propagation completes.
OPT-1001 : End timing update;  0.008739s wall, 0.000000s user + 0.000000s system = 0.000000s CPU (n/a%)

RUN-1001 : QoR Analysis:
OPT-0007 :   WNS 2147483647 TNS 0 NUM_FEPS 0
RUN-1001 :   No local congestion issue, and most congested 1% tile average routing util is 20.793103
RUN-1001 :   Top critical paths
OPT-1001 : End physical optimization;  0.527920s wall, 0.109375s user + 0.000000s system = 0.109375s CPU (20.7%)

RUN-1003 : finish command "place" in  3.529230s wall, 0.484375s user + 0.187500s system = 0.671875s CPU (19.0%)

RUN-1004 : used memory is 141 MB, reserved memory is 112 MB, peak memory is 157 MB
RUN-1002 : start command "export_db keyboard_place.db"
RUN-1001 : Exported /
RUN-1001 : Exported flow parameters
RUN-1001 : Exported libs
RUN-1001 : Exported entities
RUN-1001 : Exported ports
RUN-1001 : Exported pins
RUN-1001 : Exported instances
RUN-1001 : Exported nets
RUN-1001 : Exported buses
RUN-1001 : Exported models
RUN-1001 : Exported congestions
RUN-1001 : Exported violations
RUN-1001 : Exported timing constraints
RUN-1001 : Exported IO constraints
RUN-1001 : Exported Inst constraints
RUN-1002 : start command "route"
RUN-1001 : Open license file E:/Anlogic/TD5.6.59063/license/Anlogic.lic
RUN-1001 : Print Global Property
RUN-1001 : ---------------------------------------------------------------
RUN-1001 :        Parameters        |  Settings  |  Default Values  |  Note  
RUN-1001 : ---------------------------------------------------------------
RUN-1001 :          message         |  standard  |     standard     |        
RUN-1001 :   mixed_pack_place_flow  |     on     |        on        |        
RUN-1001 :        qor_monitor       |    off     |       off        |        
RUN-1001 :        syn_ip_flow       |    off     |       off        |        
RUN-1001 :          thread          |    auto    |       auto       |        
RUN-1001 : ---------------------------------------------------------------
RUN-1001 : Print Route Property
RUN-1001 : -------------------------------------------------------
RUN-1001 :    Parameters    |  Settings  |  Default Values  |  Note  
RUN-1001 : -------------------------------------------------------
RUN-1001 :      effort      |   medium   |      medium      |        
RUN-1001 :     fix_hold     |    off     |       off        |        
RUN-1001 :    opt_timing    |   medium   |      medium      |        
RUN-1001 :   phy_sim_model  |    off     |       off        |        
RUN-1001 :     priority     |   timing   |      timing      |        
RUN-1001 :     swap_pin     |     on     |        on        |        
RUN-1001 : -------------------------------------------------------
PHY-1001 : Route runs in 16 thread(s)
RUN-1001 : There are total 388 instances
RUN-1001 : 180 mslices, 180 lslices, 24 pads, 0 brams, 0 dsps
RUN-1001 : There are total 795 nets
RUN-1001 : 437 nets have 2 pins
RUN-1001 : 234 nets have [3 - 5] pins
RUN-1001 : 101 nets have [6 - 10] pins
RUN-1001 : 13 nets have [11 - 20] pins
RUN-1001 : 8 nets have [21 - 99] pins
RUN-1001 : 2 nets have 100+ pins
RUN-1002 : start command "start_timer -report"
TMR-2505 : Start building timing graph for model keyboard_instance.
TMR-2506 : Build timing graph completely. Port num: 8, tpin num: 2939, tnet num: 793, tinst num: 386, tnode num: 3417, tedge num: 4925.
TMR-2508 : Levelizing timing graph completed, there are 41 levels in total.
TMR-2501 : Timing graph initialized successfully.
PHY-1001 : 180 mslices, 180 lslices, 24 pads, 0 brams, 0 dsps
TMR-2503 : Start to update net delay, extr mode = 3.
TMR-2504 : Update delay of 793 nets completely.
TMR-2502 : Annotate delay completely, extr mode = 3.
TMR-3001 : Initiate 0 clocks from SDC.
TMR-3004 : Map sdc constraints, there are 0 constraints in total.
TMR-3003 : Constraints initiated successfully.
TMR-3501 : Forward propagation: start to calculate arrival time...
TMR-3502 : Backward propagation: start to calculate required time...
TMR-3503 : Timing propagation completes.
PHY-1001 : Start global routing, caller is route ...
RUN-1001 : Generating global routing grids ...
PHY-1001 : Generate routing nets ...
PHY-1001 : Global iterations in 16 thread ...
PHY-1002 : len = 23608, over cnt = 72(0%), over = 100, worst = 6
PHY-1002 : len = 24192, over cnt = 30(0%), over = 34, worst = 3
PHY-1002 : len = 24624, over cnt = 3(0%), over = 3, worst = 1
PHY-1002 : len = 24672, over cnt = 0(0%), over = 0, worst = 0
PHY-1001 : End global iterations;  0.081910s wall, 0.015625s user + 0.000000s system = 0.015625s CPU (19.1%)

PHY-1001 : Congestion index: top1 = 21.25, top5 = 13.52, top10 = 8.41, top15 = 5.79.
PHY-1001 : End global routing;  0.129880s wall, 0.015625s user + 0.000000s system = 0.015625s CPU (12.0%)

PHY-1001 : Start detail routing ...
PHY-1001 : Current memory(MB): used = 182, reserve = 155, peak = 191.
PHY-1001 : Detailed router is running in normal mode.
PHY-1001 : Generate detailed routing grids ...
PHY-1001 : Generate nets ...
PHY-1001 : net clk_50M_dup_1 will be routed on clock mesh
PHY-1001 : clock net U1/scan_clk_syn_4 will be merged with clock U1/scan_clk
PHY-1001 : Current memory(MB): used = 443, reserve = 420, peak = 443.
PHY-1001 : End build detailed router design. 3.930322s wall, 0.656250s user + 0.015625s system = 0.671875s CPU (17.1%)

PHY-1001 : Detail Route ...
PHY-1001 : ===== Detail Route Phase 1 =====
PHY-1001 : Clock net routing.....
PHY-1001 : Routed 0% nets.
PHY-1022 : len = 9264, over cnt = 0(0%), over = 0, worst = 0, crit = 0
PHY-1001 : End initial clock net routed; 0.399374s wall, 0.062500s user + 0.000000s system = 0.062500s CPU (15.6%)

PHY-1001 : Current memory(MB): used = 473, reserve = 451, peak = 473.
PHY-1001 : End phase 1; 0.406763s wall, 0.062500s user + 0.000000s system = 0.062500s CPU (15.4%)

PHY-1001 : ===== Detail Route Phase 2 =====
PHY-1001 : Initial routing.....
PHY-1001 : Routed 23% nets.
PHY-1001 : Routed 26% nets.
PHY-1001 : Routed 31% nets.
PHY-1001 : Routed 32% nets.
PHY-1001 : Routed 32% nets.
PHY-1001 : Patch 386 net; 0.265347s wall, 0.046875s user + 0.000000s system = 0.046875s CPU (17.7%)

PHY-1022 : len = 49272, over cnt = 27(0%), over = 27, worst = 1, crit = 0
PHY-1001 : Current memory(MB): used = 474, reserve = 451, peak = 474.
PHY-1001 : End initial routed; 0.427503s wall, 0.062500s user + 0.000000s system = 0.062500s CPU (14.6%)

PHY-1001 : Update timing.....
PHY-1001 : 0/646(0%) critical/total net(s).
RUN-1001 : ------------------------------------------
RUN-1001 :   Type   |    WNS(ns)    |  TNS(ns)  |  FEP  
RUN-1001 : ------------------------------------------
RUN-1001 :   Setup  |  2147483.647  |   0.000   |   0   
RUN-1001 :   Hold   |  2147483.647  |   0.000   |   0   
RUN-1001 : ------------------------------------------
PHY-1001 : End update timing; 0.241753s wall, 0.015625s user + 0.000000s system = 0.015625s CPU (6.5%)

PHY-1001 : Current memory(MB): used = 475, reserve = 452, peak = 475.
PHY-1001 : End phase 2; 0.669346s wall, 0.078125s user + 0.000000s system = 0.078125s CPU (11.7%)

PHY-1001 : ===== Detail Route Phase 3 =====
PHY-1001 : Optimize timing.....
PHY-1022 : len = 49272, over cnt = 27(0%), over = 27, worst = 1, crit = 0
PHY-1001 : End optimize timing; 0.005571s wall, 0.000000s user + 0.000000s system = 0.000000s CPU (n/a%)

PHY-1001 : Ripup-reroute.....
PHY-1001 : ===== DR Iter 1 =====
PHY-1022 : len = 49336, over cnt = 6(0%), over = 6, worst = 1, crit = 0
PHY-1001 : End DR Iter 1; 0.029116s wall, 0.000000s user + 0.000000s system = 0.000000s CPU (n/a%)

PHY-1001 : ===== DR Iter 2 =====
PHY-1022 : len = 49424, over cnt = 0(0%), over = 0, worst = 0, crit = 0
PHY-1001 : End DR Iter 2; 0.020135s wall, 0.000000s user + 0.000000s system = 0.000000s CPU (n/a%)

PHY-1001 : Update timing.....
PHY-1001 : 0/646(0%) critical/total net(s).
RUN-1001 : ------------------------------------------
RUN-1001 :   Type   |    WNS(ns)    |  TNS(ns)  |  FEP  
RUN-1001 : ------------------------------------------
RUN-1001 :   Setup  |  2147483.647  |   0.000   |   0   
RUN-1001 :   Hold   |  2147483.647  |   0.000   |   0   
RUN-1001 : ------------------------------------------
PHY-1001 : End update timing; 0.211484s wall, 0.046875s user + 0.000000s system = 0.046875s CPU (22.2%)

PHY-1001 : Commit to database.....
PHY-1001 : 7 feed throughs used by 6 nets
PHY-1001 : End commit to database; 0.083113s wall, 0.015625s user + 0.000000s system = 0.015625s CPU (18.8%)

PHY-1001 : Current memory(MB): used = 486, reserve = 463, peak = 486.
PHY-1001 : End phase 3; 0.509089s wall, 0.078125s user + 0.000000s system = 0.078125s CPU (15.3%)

PHY-1003 : Routed, final wirelength = 49424
PHY-1001 : Current memory(MB): used = 486, reserve = 463, peak = 486.
PHY-1001 : End export database. 0.007048s wall, 0.000000s user + 0.000000s system = 0.000000s CPU (n/a%)

PHY-1001 : End detail routing;  5.779178s wall, 0.921875s user + 0.015625s system = 0.937500s CPU (16.2%)

RUN-1003 : finish command "route" in  6.196609s wall, 0.968750s user + 0.015625s system = 0.984375s CPU (15.9%)

RUN-1004 : used memory is 425 MB, reserved memory is 402 MB, peak memory is 486 MB
RUN-1002 : start command "report_area -io_info -file keyboard_phy.area"
RUN-1001 : standard
***Report Model: keyboard_instance Device: EG4S20BG256***

IO Statistics
#IO                        24
  #input                    6
  #output                  18
  #inout                    0

Utilization Statistics
#lut                      647   out of  19600    3.30%
#reg                      241   out of  19600    1.23%
#le                       695
  #lut only               454   out of    695   65.32%
  #reg only                48   out of    695    6.91%
  #lut&reg                193   out of    695   27.77%
#dsp                        0   out of     29    0.00%
#bram                       0   out of     64    0.00%
  #bram9k                   0
  #fifo9k                   0
#bram32k                    0   out of     16    0.00%
#pad                       24   out of    188   12.77%
  #ireg                     0
  #oreg                     0
  #treg                     0
#pll                        0   out of      4    0.00%
#gclk                       2   out of     16   12.50%

Clock Resource Statistics
Index     ClockNet         Type               DriverType         Driver                      Fanout
#1        clk_50M_dup_1    GCLK               io                 clk_50M_syn_2.di            126
#2        U1/scan_clk      GCLK               mslice             U1/scan_clk_reg_syn_9.q1    10


Detailed IO Report

        Name           Direction    Location    IOStandard    DriveStrength    PullType    PackReg  
        RSTn             INPUT         A9        LVCMOS33          N/A          PULLUP      NONE    
       clk_50M           INPUT         R7        LVCMOS33          N/A          PULLUP      NONE    
       col[3]            INPUT        F10        LVCMOS33          N/A          PULLUP      NONE    
       col[2]            INPUT        C11        LVCMOS33          N/A          PULLUP      NONE    
       col[1]            INPUT        D11        LVCMOS33          N/A          PULLUP      NONE    
       col[0]            INPUT        E11        LVCMOS33          N/A          PULLUP      NONE    
  DigitronCS_Out[3]     OUTPUT         A3        LVCMOS33           8            NONE       NONE    
  DigitronCS_Out[2]     OUTPUT         A5        LVCMOS33           8            NONE       NONE    
  DigitronCS_Out[1]     OUTPUT         B6        LVCMOS33           8            NONE       NONE    
  DigitronCS_Out[0]     OUTPUT         C9        LVCMOS33           8            NONE       NONE    
   Digitron_Out[7]      OUTPUT         C8        LVCMOS33           8            NONE       NONE    
   Digitron_Out[6]      OUTPUT         A8        LVCMOS33           8            NONE       NONE    
   Digitron_Out[5]      OUTPUT         B5        LVCMOS33           8            NONE       NONE    
   Digitron_Out[4]      OUTPUT         A7        LVCMOS33           8            NONE       NONE    
   Digitron_Out[3]      OUTPUT         E8        LVCMOS33           8            NONE       NONE    
   Digitron_Out[2]      OUTPUT         B8        LVCMOS33           8            NONE       NONE    
   Digitron_Out[1]      OUTPUT         A6        LVCMOS33           8            NONE       NONE    
   Digitron_Out[0]      OUTPUT         A4        LVCMOS33           8            NONE       NONE    
       buzzer           OUTPUT        H11        LVCMOS33           8            NONE       NONE    
        light           OUTPUT        B14        LVCMOS33           8            NONE       NONE    
       row[3]           OUTPUT         D9        LVCMOS33           8            NONE       NONE    
       row[2]           OUTPUT         F9        LVCMOS33           8            NONE       NONE    
       row[1]           OUTPUT        C10        LVCMOS33           8            NONE       NONE    
       row[0]           OUTPUT        E10        LVCMOS33           8            NONE       NONE    

Report Hierarchy Area:
+-------------------------------------------------------------------------------------------+
|Instance |Module                      |le     |lut     |ripple  |seq     |bram    |dsp     |
+-------------------------------------------------------------------------------------------+
|top      |keyboard_instance           |695    |510     |137     |241     |0       |0       |
|  U1     |keyboard_scan               |71     |49      |9       |53      |0       |0       |
|  U2     |key_filter                  |61     |33      |6       |51      |0       |0       |
|  U3     |onehot2binary               |518    |401     |117     |122     |0       |0       |
|  U5     |Digitron_TimeDisplay_module |40     |22      |5       |15      |0       |0       |
+-------------------------------------------------------------------------------------------+


DataNet Average Fanout:

   Index     Fanout    Nets  
    #1         1       413   
    #2         2       160   
    #3         3        40   
    #4         4        34   
    #5        5-10     102   
    #6       11-50      18   
  Average     2.59           

RUN-1002 : start command "export_db keyboard_pr.db"
RUN-1001 : Exported /
RUN-1001 : Exported flow parameters
RUN-1001 : Exported libs
RUN-1001 : Exported entities
RUN-1001 : Exported ports
RUN-1001 : Exported pins
RUN-1001 : Exported instances
RUN-1001 : Exported nets
RUN-1001 : Exported buses
RUN-1001 : Exported models
RUN-1001 : Exported congestions
RUN-1001 : Exported violations
RUN-1001 : Exported timing constraints
RUN-1001 : Exported IO constraints
RUN-1001 : Exported Inst constraints
RUN-1002 : start command "export_bid keyboard_inst.bid"
RUN-1002 : start command "bitgen -bit keyboard.bit -unused_io_status pulldown"
BIT-1003 : Start to generate bitstream. 
BIT-1002 : Bitgen processed 164 unused pads, reserve input tri_state with pulldown
BIT-1002 : Init instances with 16 threads.
BIT-1002 : Init instances completely, inst num: 550
BIT-1002 : Init pips with 16 threads.
BIT-1002 : Init pips completely, net num: 795, pip num: 5771
BIT-1002 : Init feedthrough completely, num: 7
BIT-1003 : Multithreading accelaration with 16 threads.
BIT-1003 : Generate bitstream completely, there are 766 valid insts, and 19205 bits set as '1'.
BIT-1004 : PLL setting string = 0000
BIT-1004 : Generate bits file keyboard.bit.
RUN-1003 : finish command "bitgen -bit keyboard.bit -unused_io_status pulldown" in  1.553848s wall, 8.187500s user + 0.046875s system = 8.234375s CPU (529.9%)

RUN-1004 : used memory is 441 MB, reserved memory is 421 MB, peak memory is 628 MB
RUN-1002 : start command "backup_run_log run.log ../.logs/phy_1/td_20240828_232733.log"
