============================================================
   Tang Dynasty, V5.6.59063
   Copyright (c) 2012-2022 Anlogic
   Executable = E:/Anlogic/TD5.6.59063/bin/td.exe
   Built at =   12:45:13 Sep  6 2022
   Run by =     19234
   Run Date =   Wed Aug 28 15:51:36 2024

   Run on =     ERIKPSW
============================================================
RUN-1002 : start command "open_project keyboard.prj"
RUN-1001 : Print Global Property
RUN-1001 : ---------------------------------------------------------------
RUN-1001 :        Parameters        |  Settings  |  Default Values  |  Note  
RUN-1001 : ---------------------------------------------------------------
RUN-1001 :          message         |  standard  |     standard     |        
RUN-1001 :   mixed_pack_place_flow  |     on     |        on        |        
RUN-1001 :        qor_monitor       |    off     |       off        |        
RUN-1001 :        syn_ip_flow       |    off     |       off        |        
RUN-1001 :          thread          |    auto    |       auto       |        
RUN-1001 : ---------------------------------------------------------------
RUN-1001 : Print Design Property
RUN-1001 : --------------------------------------------------------------
RUN-1001 :        Parameters       |  Settings  |  Default Values  |  Note  
RUN-1001 : --------------------------------------------------------------
RUN-1001 :   default_reg_initial   |    auto    |       auto       |        
RUN-1001 :        infer_add        |     on     |        on        |        
RUN-1001 :        infer_fsm        |    off     |       off        |        
RUN-1001 :        infer_mult       |     on     |        on        |        
RUN-1001 :        infer_ram        |     on     |        on        |        
RUN-1001 :        infer_reg        |     on     |        on        |        
RUN-1001 :   infer_reg_init_value  |     on     |        on        |        
RUN-1001 :        infer_rom        |     on     |        on        |        
RUN-1001 :      infer_shifter      |     on     |        on        |        
RUN-1001 : --------------------------------------------------------------
RUN-1001 : Print Rtl Property
RUN-1001 : --------------------------------------------------------------
RUN-1001 :        Parameters       |  Settings  |  Default Values  |  Note  
RUN-1001 : --------------------------------------------------------------
RUN-1001 :       compress_add      |   ripple   |      ripple      |        
RUN-1001 :        elf_sload        |    off     |       off        |        
RUN-1001 :       fix_undriven      |     0      |        0         |        
RUN-1001 :         flatten         |    off     |       off        |        
RUN-1001 :       gate_sharing      |     on     |        on        |        
RUN-1001 :    hdl_warning_level    |   normal   |      normal      |        
RUN-1001 :   impl_internal_tribuf  |     on     |        on        |        
RUN-1001 :      impl_set_reset     |     on     |        on        |        
RUN-1001 :        infer_gsr        |    off     |       off        |        
RUN-1001 :      keep_hierarchy     |    auto    |       auto       |        
RUN-1001 :        max_fanout       |    9999    |       9999       |        
RUN-1001 :      max_oh2bin_len     |     10     |        10        |        
RUN-1001 :       merge_equal       |     on     |        on        |        
RUN-1001 :       merge_equiv       |     on     |        on        |        
RUN-1001 :        merge_mux        |    off     |       off        |        
RUN-1001 :     min_control_set     |     8      |        8         |        
RUN-1001 :      min_ripple_len     |    auto    |       auto       |        
RUN-1001 :       oh2bin_ratio      |    0.08    |       0.08       |        
RUN-1001 :     opt_adder_fanout    |     on     |        on        |        
RUN-1001 :        opt_arith        |     on     |        on        |        
RUN-1001 :       opt_big_gate      |    off     |       off        |        
RUN-1001 :        opt_const        |     on     |        on        |        
RUN-1001 :      opt_const_mult     |     on     |        on        |        
RUN-1001 :       opt_lessthan      |     on     |        on        |        
RUN-1001 :         opt_mux         |    off     |       off        |        
RUN-1001 :         opt_ram         |    high    |       high       |        
RUN-1001 :      rtl_sim_model      |    off     |       off        |        
RUN-1001 :         seq_syn         |     on     |        on        |        
RUN-1001 : --------------------------------------------------------------
HDL-1007 : analyze verilog file ../../../src/Digitron_TimeDisplay_module.v
HDL-1007 : analyze verilog file ../../../src/key_filter.v
HDL-1007 : analyze verilog file ../../../src/keyboard_instance.v
HDL-1007 : analyze verilog file ../../../src/keyboard_scan.v
HDL-1007 : analyze verilog file ../../../src/onehot2binary.v
HDL-5007 WARNING: 'RSTn' is not declared in ../../../src/onehot2binary.v(1)
HDL-5007 WARNING: 'RSTn' is not declared in ../../../src/onehot2binary.v(1)
RUN-1001 : Project manager successfully analyzed 5 source files.
RUN-1002 : start command "import_device eagle_s20.db -package EG4S20BG256"
ARC-1001 : Device Initialization.
ARC-1001 : ------------------------------------------------------------------
ARC-1001 :            OPTION            |          IO          |   SETTING   
ARC-1001 : ------------------------------------------------------------------
ARC-1001 :   cso_b/cclk/mosi/miso/dout  |  T3/R11/T10/P10/S11  |    gpio    
ARC-1001 :             done             |         P13          |    gpio    
ARC-1001 :           program_b          |          T2          |  dedicate  
ARC-1001 :        tdi/tms/tck/tdo       |   C12/A15/C14/E14    |  dedicate  
ARC-1001 : ------------------------------------------------------------------
ARC-1004 : Device setting, marked 5 dedicate IOs in total.
RUN-1002 : start command "import_db ../syn_1/keyboard_gate.db"
RUN-1001 : Importing database generated by Tang Dynasty, V5.6.59063.
RUN-1001 : Database version number 46140.
RUN-1001 : Import flow parameters
RUN-1001 : Import timing constraints
RUN-1001 : Import IO constraints
RUN-1001 : Import Inst constraints
RUN-1001 : Import design success TD_VERSION=5.6.59063 , DB_VERSION=46140
RUN-1002 : start command "read_sdc"
USR-1002 : read_sdc file_name -help -h -eco
USR-1009 : NO module with IP_SDC ...
RUN-1104 : Import SDC file  finished, there are 0 nets kept by constraints.
RUN-1002 : start command "place"
RUN-1001 : Open license file E:/Anlogic/TD5.6.59063/license/Anlogic.lic
RUN-1001 : Print Global Property
RUN-1001 : ---------------------------------------------------------------
RUN-1001 :        Parameters        |  Settings  |  Default Values  |  Note  
RUN-1001 : ---------------------------------------------------------------
RUN-1001 :          message         |  standard  |     standard     |        
RUN-1001 :   mixed_pack_place_flow  |     on     |        on        |        
RUN-1001 :        qor_monitor       |    off     |       off        |        
RUN-1001 :        syn_ip_flow       |    off     |       off        |        
RUN-1001 :          thread          |    auto    |       auto       |        
RUN-1001 : ---------------------------------------------------------------
RUN-1001 : Print Place Property
RUN-1001 : --------------------------------------------------------------
RUN-1001 :        Parameters       |  Settings  |  Default Values  |  Note  
RUN-1001 : --------------------------------------------------------------
RUN-1001 :      detailed_place     |     on     |        on        |        
RUN-1001 :          effort         |   medium   |      medium      |        
RUN-1001 :         fix_hold        |    off     |       off        |        
RUN-1001 :       legalization      |    ori     |       ori        |        
RUN-1001 :      new_spreading      |     on     |        on        |        
RUN-1001 :        opt_timing       |   medium   |      medium      |        
RUN-1001 :   post_clock_route_opt  |    off     |       off        |        
RUN-1001 :       pr_strategy       |     1      |        1         |        
RUN-1001 :        relaxation       |    1.00    |       1.00       |        
RUN-1001 :         retiming        |    off     |       off        |        
RUN-1001 : --------------------------------------------------------------
PHY-3001 : Placer runs in 16 thread(s).
RUN-1002 : start command "legalize_phy_inst"
SYN-1011 : Flatten model keyboard_instance
RUN-1002 : start command "phys_opt -simplify_lut"
SYN-4024 : Net "clk_50M_dup_1" drives clk pins.
SYN-4024 : Net "U1/scan_clk" drives clk pins.
SYN-4025 : Tag rtl::Net U1/scan_clk as clock net
SYN-4025 : Tag rtl::Net clk_50M_dup_1 as clock net
SYN-4026 : Tagged 2 rtl::Net as clock net
SYN-4015 : Create BUFG instance for clk Net U1/scan_clk to drive 20 clock pins.
PHY-1001 : Populate physical database on model keyboard_instance.
RUN-1001 : There are total 754 instances
RUN-0007 : 348 luts, 241 seqs, 96 mslices, 41 lslices, 24 pads, 0 brams, 0 dsps
RUN-1001 : There are total 896 nets
RUN-1001 : 551 nets have 2 pins
RUN-1001 : 226 nets have [3 - 5] pins
RUN-1001 : 91 nets have [6 - 10] pins
RUN-1001 : 16 nets have [11 - 20] pins
RUN-1001 : 10 nets have [21 - 99] pins
RUN-1001 : 2 nets have 100+ pins
RUN-1001 : Report Control nets information:
RUN-1001 : DFF Distribution
RUN-1001 : ----------------------------------
RUN-1001 :   CE   |  SSR  |  ASR  |  DFF Count  
RUN-1001 : ----------------------------------
RUN-1001 :   No   |  No   |  No   |     92      
RUN-1001 :   No   |  No   |  Yes  |     20      
RUN-1001 :   No   |  Yes  |  No   |     17      
RUN-1001 :   Yes  |  No   |  No   |     48      
RUN-1001 :   Yes  |  No   |  Yes  |     32      
RUN-1001 :   Yes  |  Yes  |  No   |     32      
RUN-1001 : ----------------------------------
RUN-0007 : Control Group Statistic
RUN-0007 : ---------------------------
RUN-0007 :   #CLK  |  #CE  |  #SSR/ASR  
RUN-0007 : ---------------------------
RUN-0007 :    2    |   6   |     3      
RUN-0007 : ---------------------------
RUN-0007 : Control Set = 9
PHY-3001 : Initial placement ...
PHY-3001 : design contains 752 instances, 348 luts, 241 seqs, 137 slices, 14 macros(137 instances: 96 mslices 41 lslices)
PHY-0007 : Cell area utilization is 3%
PHY-3001 : Start timing update ...
RUN-1002 : start command "start_timer -report"
TMR-2505 : Start building timing graph for model keyboard_instance.
TMR-2506 : Build timing graph completely. Port num: 8, tpin num: 3299, tnet num: 894, tinst num: 752, tnode num: 3994, tedge num: 5309.
TMR-2508 : Levelizing timing graph completed, there are 43 levels in total.
TMR-2501 : Timing graph initialized successfully.
TMR-2503 : Start to update net delay, extr mode = 2.
TMR-2504 : Update delay of 894 nets completely.
TMR-2502 : Annotate delay completely, extr mode = 2.
TMR-3001 : Initiate 0 clocks from SDC.
TMR-3004 : Map sdc constraints, there are 0 constraints in total.
TMR-3003 : Constraints initiated successfully.
TMR-3501 : Forward propagation: start to calculate arrival time...
TMR-3502 : Backward propagation: start to calculate required time...
TMR-3503 : Timing propagation completes.
PHY-3001 : End timing update;  0.143920s wall, 0.000000s user + 0.000000s system = 0.000000s CPU (n/a%)

PHY-3001 : Global placement ...
PHY-3001 : Initial: Len = 229476
PHY-3001 : Clustering ...
PHY-3001 : Level 0 #clusters 752.
PHY-3001 : End clustering;  0.000014s wall, 0.000000s user + 0.000000s system = 0.000000s CPU (n/a%)

PHY-3001 : Run with size of 4
PHY-3001 : Cell area utilization is 3%
PHY-3001 : :::0::: Try harder cell spreading with beta_ = 0
PHY-3002 : Step(1): len = 149152, overlap = 0
PHY-3002 : Step(2): len = 94592.4, overlap = 0
PHY-3002 : Step(3): len = 69099.8, overlap = 0
PHY-3002 : Step(4): len = 50304.3, overlap = 0
PHY-3002 : Step(5): len = 41004.7, overlap = 0
PHY-3002 : Step(6): len = 36961.9, overlap = 0
PHY-3002 : Step(7): len = 29295.2, overlap = 0
PHY-3002 : Step(8): len = 24822.1, overlap = 0
PHY-3002 : Step(9): len = 24812.6, overlap = 4
PHY-3002 : Step(10): len = 21507.1, overlap = 4.875
PHY-3002 : Step(11): len = 18233.4, overlap = 5.96875
PHY-3002 : Step(12): len = 18061.9, overlap = 6.65625
PHY-3002 : Step(13): len = 17684.1, overlap = 7.46875
PHY-3002 : Step(14): len = 17124.2, overlap = 7.625
PHY-3002 : Step(15): len = 17474.1, overlap = 10.0312
PHY-3002 : Step(16): len = 17604, overlap = 10.875
PHY-3001 : :::1::: Try harder cell spreading with beta_ = 0.00112448
PHY-3002 : Step(17): len = 16145.7, overlap = 8.75
PHY-3002 : Step(18): len = 16266.4, overlap = 9.25
PHY-3002 : Step(19): len = 16396.1, overlap = 9.5
PHY-3001 : Legalization ...
PHY-3001 : End legalization;  0.003732s wall, 0.000000s user + 0.000000s system = 0.000000s CPU (n/a%)

PHY-3001 : Run with size of 4
PHY-3001 : Cell area utilization is 4%
PHY-3001 : Update timing in Manhattan mode ...
TMR-2503 : Start to update net delay, extr mode = 3.
TMR-2504 : Update delay of 894 nets completely.
TMR-2502 : Annotate delay completely, extr mode = 3.
TMR-3501 : Forward propagation: start to calculate arrival time...
TMR-3502 : Backward propagation: start to calculate required time...
TMR-3503 : Timing propagation completes.
PHY-3001 : End timing update;  0.008031s wall, 0.000000s user + 0.000000s system = 0.000000s CPU (n/a%)

PHY-3001 : :::0::: Try harder cell spreading with beta_ = 6.23937e-06
PHY-3002 : Step(20): len = 15533, overlap = 19.0312
PHY-3002 : Step(21): len = 15704.3, overlap = 19.3125
PHY-3002 : Step(22): len = 15883.5, overlap = 19.4062
PHY-3001 : :::1::: Try harder cell spreading with beta_ = 1.24787e-05
PHY-3002 : Step(23): len = 15427.7, overlap = 19.4062
PHY-3002 : Step(24): len = 15653.3, overlap = 19.6562
PHY-3002 : Step(25): len = 15829.9, overlap = 19.5625
PHY-3001 : :::2::: Try harder cell spreading with beta_ = 2.49575e-05
PHY-3002 : Step(26): len = 15999.6, overlap = 20.6562
PHY-3002 : Step(27): len = 16250.8, overlap = 20.6562
PHY-3002 : Step(28): len = 17335.2, overlap = 23.0938
PHY-3002 : Step(29): len = 18063.2, overlap = 18.9688
PHY-3002 : Step(30): len = 16869.6, overlap = 18.7188
PHY-3002 : Step(31): len = 17193, overlap = 18.6562
PHY-3002 : Step(32): len = 17739.5, overlap = 18.3438
PHY-3002 : Step(33): len = 17773.6, overlap = 5.34375
PHY-3002 : Step(34): len = 16693, overlap = 13.8125
PHY-3002 : Step(35): len = 15717.8, overlap = 15.7188
PHY-3002 : Step(36): len = 15856.6, overlap = 15.0938
PHY-3002 : Step(37): len = 15907.5, overlap = 14.125
PHY-3001 : :::3::: Try harder cell spreading with beta_ = 4.9915e-05
PHY-3002 : Step(38): len = 14710.8, overlap = 15.375
PHY-3002 : Step(39): len = 14619.9, overlap = 15.1875
PHY-3002 : Step(40): len = 14774, overlap = 15.1875
PHY-3001 : :::4::: Try harder cell spreading with beta_ = 9.983e-05
PHY-3002 : Step(41): len = 14204.1, overlap = 15.1875
PHY-3002 : Step(42): len = 14276.6, overlap = 15.0938
PHY-3002 : Step(43): len = 14610.8, overlap = 13.75
PHY-3001 : Run with size of 2
PHY-3001 : Cell area utilization is 4%
PHY-3001 : Update timing in Manhattan mode ...
TMR-2503 : Start to update net delay, extr mode = 3.
TMR-2504 : Update delay of 894 nets completely.
TMR-2502 : Annotate delay completely, extr mode = 3.
TMR-3501 : Forward propagation: start to calculate arrival time...
TMR-3502 : Backward propagation: start to calculate required time...
TMR-3503 : Timing propagation completes.
PHY-3001 : End timing update;  0.007952s wall, 0.000000s user + 0.000000s system = 0.000000s CPU (n/a%)

PHY-3001 : :::0::: Try harder cell spreading with beta_ = 6.44851e-05
PHY-3002 : Step(44): len = 15592.9, overlap = 33.9375
PHY-3002 : Step(45): len = 15805.8, overlap = 33.9062
PHY-3002 : Step(46): len = 17181.5, overlap = 16.5625
PHY-3002 : Step(47): len = 17408.1, overlap = 16.75
PHY-3002 : Step(48): len = 16447.4, overlap = 17.8438
PHY-3002 : Step(49): len = 15505.4, overlap = 24.125
PHY-3002 : Step(50): len = 15512.6, overlap = 24.0312
PHY-3002 : Step(51): len = 15382, overlap = 19.8438
PHY-3001 : :::1::: Try harder cell spreading with beta_ = 0.00012897
PHY-3002 : Step(52): len = 15590.1, overlap = 19.125
PHY-3002 : Step(53): len = 15553.1, overlap = 19.1875
PHY-3002 : Step(54): len = 15497.9, overlap = 19.3125
PHY-3001 : :::2::: Try harder cell spreading with beta_ = 0.00024534
PHY-3002 : Step(55): len = 15875.5, overlap = 20.7812
PHY-3002 : Step(56): len = 15774.9, overlap = 19.5312
PHY-3002 : Step(57): len = 15748.5, overlap = 19.4375
PHY-3001 : :::3::: Try harder cell spreading with beta_ = 0.000434047
PHY-3002 : Step(58): len = 16126.9, overlap = 17.2812
PHY-3002 : Step(59): len = 16268.7, overlap = 16.9375
PHY-3002 : Step(60): len = 16285.5, overlap = 17.2188
OPT-1001 : Start physical optimization ...
RUN-1002 : start command "start_timer -report"
TMR-2505 : Start building timing graph for model keyboard_instance.
TMR-2506 : Build timing graph completely. Port num: 8, tpin num: 3299, tnet num: 894, tinst num: 752, tnode num: 3994, tedge num: 5309.
TMR-2508 : Levelizing timing graph completed, there are 43 levels in total.
TMR-2501 : Timing graph initialized successfully.
OPT-1001 : Total overflow 42.66 peak overflow 2.22
OPT-1001 : Start high-fanout net optimization ...
OPT-1001 : Update timing in global mode
PHY-1001 : Start incremental global routing, caller is place ...
RUN-1001 : Generating global routing grids ...
RUN-1001 : Building simple global routing graph ...
PHY-1001 : Generate routing nets ...
PHY-1001 : Reuse net number 0/896.
PHY-1001 : Global iterations in 16 thread ...
PHY-1002 : len = 17776, over cnt = 67(0%), over = 260, worst = 19
PHY-1001 : End global iterations;  0.035504s wall, 0.000000s user + 0.000000s system = 0.000000s CPU (n/a%)

PHY-1001 : Congestion index: top1 = 22.50, top5 = 10.58, top10 = 6.26, top15 = 4.19.
PHY-1001 : End incremental global routing;  0.078913s wall, 0.015625s user + 0.000000s system = 0.015625s CPU (19.8%)

TMR-2503 : Start to update net delay, extr mode = 5.
TMR-2504 : Update delay of 894 nets completely.
TMR-2502 : Annotate delay completely, extr mode = 5.
TMR-3001 : Initiate 0 clocks from SDC.
TMR-3004 : Map sdc constraints, there are 0 constraints in total.
TMR-3003 : Constraints initiated successfully.
TMR-3501 : Forward propagation: start to calculate arrival time...
TMR-3502 : Backward propagation: start to calculate required time...
TMR-3503 : Timing propagation completes.
OPT-1001 : End timing update;  0.011026s wall, 0.015625s user + 0.000000s system = 0.015625s CPU (141.7%)

OPT-1001 : 0 high-fanout net processed.
OPT-1001 : End high-fanout net optimization;  0.097284s wall, 0.046875s user + 0.000000s system = 0.046875s CPU (48.2%)

OPT-1001 : Current memory(MB): used = 151, reserve = 122, peak = 151.
OPT-1001 : Start global optimization ...
OPT-1001 : Start congestion update ...
RUN-1001 : Generating global routing grids ...
PHY-1001 : Generate routing nets ...
PHY-1001 : Reuse net number 481/896.
PHY-1001 : Global iterations in 16 thread ...
PHY-1002 : len = 17776, over cnt = 67(0%), over = 260, worst = 19
PHY-1002 : len = 19272, over cnt = 27(0%), over = 68, worst = 11
PHY-1002 : len = 19856, over cnt = 2(0%), over = 10, worst = 9
PHY-1002 : len = 19984, over cnt = 0(0%), over = 0, worst = 0
PHY-1001 : End global iterations;  0.033660s wall, 0.000000s user + 0.000000s system = 0.000000s CPU (n/a%)

PHY-1001 : Congestion index: top1 = 20.86, top5 = 11.00, top10 = 6.69, top15 = 4.55.
OPT-1001 : End congestion update;  0.070247s wall, 0.015625s user + 0.000000s system = 0.015625s CPU (22.2%)

OPT-1001 : Update timing in Manhattan mode
TMR-2503 : Start to update net delay, extr mode = 3.
TMR-2504 : Update delay of 894 nets completely.
TMR-2502 : Annotate delay completely, extr mode = 3.
TMR-3501 : Forward propagation: start to calculate arrival time...
TMR-3502 : Backward propagation: start to calculate required time...
TMR-3503 : Timing propagation completes.
OPT-1001 : End timing update;  0.011179s wall, 0.000000s user + 0.000000s system = 0.000000s CPU (n/a%)

OPT-0007 : Start: WNS 2147483647 TNS 0 NUM_FEPS 0
OPT-1001 : End global optimization;  0.081587s wall, 0.015625s user + 0.000000s system = 0.015625s CPU (19.2%)

OPT-1001 : Current memory(MB): used = 152, reserve = 123, peak = 152.
OPT-1001 : End physical optimization;  0.316792s wall, 0.093750s user + 0.000000s system = 0.093750s CPU (29.6%)

PHY-3001 : Start packing ...
SYN-4007 : Packing 0 MUX to BLE ...
SYN-4008 : Packed 0 MUX and 0 SEQ to BLE.
SYN-4007 : Packing 348 LUT to BLE ...
SYN-4008 : Packed 348 LUT and 106 SEQ to BLE.
SYN-4003 : Packing 135 remaining SEQ's ...
SYN-4005 : Packed 68 SEQ with LUT/SLICE
SYN-4006 : 187 single LUT's are left
SYN-4006 : 67 single SEQ's are left
SYN-4011 : Packing model "keyboard_instance" (AL_USER_NORMAL) with 415/580 primitive instances ...
PHY-3001 : End packing;  0.019030s wall, 0.015625s user + 0.000000s system = 0.015625s CPU (82.1%)

PHY-1001 : Populate physical database on model keyboard_instance.
RUN-1001 : There are total 381 instances
RUN-1001 : 176 mslices, 177 lslices, 24 pads, 0 brams, 0 dsps
RUN-1001 : There are total 802 nets
RUN-1001 : 457 nets have 2 pins
RUN-1001 : 232 nets have [3 - 5] pins
RUN-1001 : 86 nets have [6 - 10] pins
RUN-1001 : 18 nets have [11 - 20] pins
RUN-1001 : 7 nets have [21 - 99] pins
RUN-1001 : 2 nets have 100+ pins
PHY-3001 : design contains 379 instances, 353 slices, 14 macros(137 instances: 96 mslices 41 lslices)
PHY-3001 : Cell area utilization is 4%
PHY-3001 : After packing: Len = 16994.2, Over = 26.25
PHY-3001 : Run with size of 2
PHY-3001 : Cell area utilization is 4%
PHY-3001 : Update timing in Manhattan mode ...
RUN-1002 : start command "start_timer -report"
TMR-2505 : Start building timing graph for model keyboard_instance.
TMR-2506 : Build timing graph completely. Port num: 8, tpin num: 2908, tnet num: 800, tinst num: 379, tnode num: 3412, tedge num: 4840.
TMR-2508 : Levelizing timing graph completed, there are 41 levels in total.
TMR-2501 : Timing graph initialized successfully.
TMR-2503 : Start to update net delay, extr mode = 3.
TMR-2504 : Update delay of 800 nets completely.
TMR-2502 : Annotate delay completely, extr mode = 3.
TMR-3001 : Initiate 0 clocks from SDC.
TMR-3004 : Map sdc constraints, there are 0 constraints in total.
TMR-3003 : Constraints initiated successfully.
TMR-3501 : Forward propagation: start to calculate arrival time...
TMR-3502 : Backward propagation: start to calculate required time...
TMR-3503 : Timing propagation completes.
PHY-3001 : End timing update;  0.148590s wall, 0.109375s user + 0.000000s system = 0.109375s CPU (73.6%)

PHY-3001 : :::0::: Try harder cell spreading with beta_ = 3.31343e-05
PHY-3002 : Step(61): len = 16472.6, overlap = 26
PHY-3002 : Step(62): len = 16507.3, overlap = 25.75
PHY-3002 : Step(63): len = 16041.7, overlap = 27.25
PHY-3002 : Step(64): len = 15900.3, overlap = 26
PHY-3002 : Step(65): len = 15701.2, overlap = 28
PHY-3001 : :::1::: Try harder cell spreading with beta_ = 6.62685e-05
PHY-3002 : Step(66): len = 16029.8, overlap = 25.25
PHY-3002 : Step(67): len = 16112.6, overlap = 25
PHY-3002 : Step(68): len = 16223.2, overlap = 25.5
PHY-3001 : :::2::: Try harder cell spreading with beta_ = 0.000132537
PHY-3002 : Step(69): len = 16587.1, overlap = 25.5
PHY-3002 : Step(70): len = 16678.5, overlap = 25
PHY-3002 : Step(71): len = 16737.3, overlap = 24.25
PHY-3001 : Legalization ...
PHY-3001 : End legalization;  0.067396s wall, 0.015625s user + 0.046875s system = 0.062500s CPU (92.7%)

PHY-3001 : Trial Legalized: Len = 25051.5
PHY-3001 : Run with size of 2
PHY-3001 : Cell area utilization is 4%
PHY-3001 : Update timing in Manhattan mode ...
TMR-2503 : Start to update net delay, extr mode = 3.
TMR-2504 : Update delay of 800 nets completely.
TMR-2502 : Annotate delay completely, extr mode = 3.
TMR-3501 : Forward propagation: start to calculate arrival time...
TMR-3502 : Backward propagation: start to calculate required time...
TMR-3503 : Timing propagation completes.
PHY-3001 : End timing update;  0.007605s wall, 0.000000s user + 0.000000s system = 0.000000s CPU (n/a%)

PHY-3001 : :::0::: Try harder cell spreading with beta_ = 0.0209228
PHY-3002 : Step(72): len = 24385.8, overlap = 0.25
PHY-3002 : Step(73): len = 23758.9, overlap = 0.5
PHY-3002 : Step(74): len = 20818.9, overlap = 4.5
PHY-3002 : Step(75): len = 20458.2, overlap = 5.5
PHY-3002 : Step(76): len = 20301.1, overlap = 7
PHY-3002 : Step(77): len = 19536.2, overlap = 8.5
PHY-3002 : Step(78): len = 19462.8, overlap = 8.5
PHY-3002 : Step(79): len = 19264.9, overlap = 8.5
PHY-3002 : Step(80): len = 18243.4, overlap = 8.75
PHY-3002 : Step(81): len = 18145.2, overlap = 8.75
PHY-3002 : Step(82): len = 18151.2, overlap = 9.5
PHY-3001 : :::1::: Try harder cell spreading with beta_ = 0.0418455
PHY-3002 : Step(83): len = 18117.5, overlap = 10
PHY-3002 : Step(84): len = 18117.5, overlap = 10
PHY-3001 : :::2::: Try harder cell spreading with beta_ = 0.0836911
PHY-3002 : Step(85): len = 18111.7, overlap = 9.75
PHY-3002 : Step(86): len = 18038.6, overlap = 10
PHY-3001 : Legalization ...
PHY-3001 : End legalization;  0.004693s wall, 0.000000s user + 0.000000s system = 0.000000s CPU (n/a%)

PHY-3001 : Legalized: Len = 21215.9, Over = 0
PHY-3001 : End spreading;  0.002788s wall, 0.000000s user + 0.000000s system = 0.000000s CPU (n/a%)

PHY-3001 : Final: Len = 21215.9, Over = 0
OPT-1001 : Start physical optimization ...
RUN-1002 : start command "start_timer -report"
TMR-2505 : Start building timing graph for model keyboard_instance.
TMR-2506 : Build timing graph completely. Port num: 8, tpin num: 2908, tnet num: 800, tinst num: 379, tnode num: 3412, tedge num: 4840.
TMR-2508 : Levelizing timing graph completed, there are 41 levels in total.
TMR-2501 : Timing graph initialized successfully.
OPT-1001 : Total overflow 0.00 peak overflow 0.00
OPT-1001 : Start high-fanout net optimization ...
OPT-1001 : Update timing in global mode
PHY-1001 : Start incremental global routing, caller is place ...
RUN-1001 : Generating global routing grids ...
PHY-1001 : Generate routing nets ...
PHY-1001 : Reuse net number 26/802.
PHY-1001 : Global iterations in 16 thread ...
PHY-1002 : len = 24024, over cnt = 65(0%), over = 110, worst = 5
PHY-1002 : len = 24432, over cnt = 48(0%), over = 68, worst = 4
PHY-1002 : len = 25112, over cnt = 10(0%), over = 13, worst = 2
PHY-1002 : len = 25304, over cnt = 1(0%), over = 1, worst = 1
PHY-1002 : len = 25320, over cnt = 0(0%), over = 0, worst = 0
PHY-1001 : End global iterations;  0.071909s wall, 0.031250s user + 0.000000s system = 0.031250s CPU (43.5%)

PHY-1001 : Congestion index: top1 = 20.34, top5 = 13.55, top10 = 8.59, top15 = 6.00.
PHY-1001 : End incremental global routing;  0.115988s wall, 0.031250s user + 0.000000s system = 0.031250s CPU (26.9%)

TMR-2503 : Start to update net delay, extr mode = 5.
TMR-2504 : Update delay of 800 nets completely.
TMR-2502 : Annotate delay completely, extr mode = 5.
TMR-3001 : Initiate 0 clocks from SDC.
TMR-3004 : Map sdc constraints, there are 0 constraints in total.
TMR-3003 : Constraints initiated successfully.
TMR-3501 : Forward propagation: start to calculate arrival time...
TMR-3502 : Backward propagation: start to calculate required time...
TMR-3503 : Timing propagation completes.
OPT-1001 : End timing update;  0.011881s wall, 0.015625s user + 0.000000s system = 0.015625s CPU (131.5%)

OPT-1001 : 0 high-fanout net processed.
OPT-1001 : End high-fanout net optimization;  0.136569s wall, 0.046875s user + 0.000000s system = 0.046875s CPU (34.3%)

OPT-1001 : Current memory(MB): used = 155, reserve = 126, peak = 155.
OPT-1001 : Start path based optimization ...
OPT-1001 : Start congestion update ...
RUN-1001 : Generating global routing grids ...
PHY-1001 : Generate routing nets ...
PHY-1001 : Reuse net number 639/802.
PHY-1001 : Global iterations in 16 thread ...
PHY-1002 : len = 25320, over cnt = 0(0%), over = 0, worst = 0
PHY-1001 : End global iterations;  0.002375s wall, 0.000000s user + 0.000000s system = 0.000000s CPU (n/a%)

PHY-1001 : Congestion index: top1 = 20.34, top5 = 13.55, top10 = 8.59, top15 = 6.00.
OPT-1001 : End congestion update;  0.045864s wall, 0.015625s user + 0.000000s system = 0.015625s CPU (34.1%)

OPT-1001 : Update timing in Manhattan mode
TMR-2503 : Start to update net delay, extr mode = 3.
TMR-2504 : Update delay of 800 nets completely.
TMR-2502 : Annotate delay completely, extr mode = 3.
TMR-3501 : Forward propagation: start to calculate arrival time...
TMR-3502 : Backward propagation: start to calculate required time...
TMR-3503 : Timing propagation completes.
OPT-1001 : End timing update;  0.008645s wall, 0.015625s user + 0.000000s system = 0.015625s CPU (180.7%)

OPT-0007 : Start: WNS 2147483647 TNS 0 NUM_FEPS 0
OPT-1001 : End path based optimization;  0.054586s wall, 0.031250s user + 0.000000s system = 0.031250s CPU (57.2%)

OPT-1001 : Current memory(MB): used = 156, reserve = 126, peak = 156.
OPT-1001 : Update timing in Manhattan mode
TMR-2503 : Start to update net delay, extr mode = 3.
TMR-2504 : Update delay of 800 nets completely.
TMR-2502 : Annotate delay completely, extr mode = 3.
TMR-3501 : Forward propagation: start to calculate arrival time...
TMR-3502 : Backward propagation: start to calculate required time...
TMR-3503 : Timing propagation completes.
OPT-1001 : End timing update;  0.006602s wall, 0.000000s user + 0.000000s system = 0.000000s CPU (n/a%)

OPT-1001 : Start pin optimization...
OPT-1001 : skip pin optimization...
OPT-1001 : Update timing in global mode
PHY-1001 : Start incremental global routing, caller is place ...
RUN-1001 : Generating global routing grids ...
PHY-1001 : Generate routing nets ...
PHY-1001 : Reuse net number 639/802.
PHY-1001 : Global iterations in 16 thread ...
PHY-1002 : len = 25320, over cnt = 0(0%), over = 0, worst = 0
PHY-1001 : End global iterations;  0.004011s wall, 0.000000s user + 0.000000s system = 0.000000s CPU (n/a%)

PHY-1001 : Congestion index: top1 = 20.34, top5 = 13.55, top10 = 8.59, top15 = 6.00.
PHY-1001 : End incremental global routing;  0.046553s wall, 0.000000s user + 0.000000s system = 0.000000s CPU (n/a%)

TMR-2503 : Start to update net delay, extr mode = 5.
TMR-2504 : Update delay of 800 nets completely.
TMR-2502 : Annotate delay completely, extr mode = 5.
TMR-3501 : Forward propagation: start to calculate arrival time...
TMR-3502 : Backward propagation: start to calculate required time...
TMR-3503 : Timing propagation completes.
OPT-1001 : End timing update;  0.011585s wall, 0.015625s user + 0.000000s system = 0.015625s CPU (134.9%)

RUN-1001 : Generating global routing grids ...
PHY-1001 : Generate routing nets ...
PHY-1001 : Reuse net number 639/802.
PHY-1001 : Global iterations in 16 thread ...
PHY-1002 : len = 25320, over cnt = 0(0%), over = 0, worst = 0
PHY-1001 : End global iterations;  0.002499s wall, 0.000000s user + 0.000000s system = 0.000000s CPU (n/a%)

PHY-1001 : Congestion index: top1 = 20.34, top5 = 13.55, top10 = 8.59, top15 = 6.00.
OPT-1001 : Update timing in Manhattan mode
TMR-2503 : Start to update net delay, extr mode = 3.
TMR-2504 : Update delay of 800 nets completely.
TMR-2502 : Annotate delay completely, extr mode = 3.
TMR-3501 : Forward propagation: start to calculate arrival time...
TMR-3502 : Backward propagation: start to calculate required time...
TMR-3503 : Timing propagation completes.
OPT-1001 : End timing update;  0.008205s wall, 0.000000s user + 0.000000s system = 0.000000s CPU (n/a%)

RUN-1001 : QoR Analysis:
OPT-0007 :   WNS 2147483647 TNS 0 NUM_FEPS 0
RUN-1001 :   No local congestion issue, and most congested 1% tile average routing util is 19.931034
RUN-1001 :   Top critical paths
OPT-1001 : End physical optimization;  0.461524s wall, 0.140625s user + 0.000000s system = 0.140625s CPU (30.5%)

RUN-1003 : finish command "place" in  3.013277s wall, 0.703125s user + 0.500000s system = 1.203125s CPU (39.9%)

RUN-1004 : used memory is 138 MB, reserved memory is 108 MB, peak memory is 156 MB
RUN-1002 : start command "export_db keyboard_place.db"
RUN-1001 : Exported /
RUN-1001 : Exported flow parameters
RUN-1001 : Exported libs
RUN-1001 : Exported entities
RUN-1001 : Exported ports
RUN-1001 : Exported pins
RUN-1001 : Exported instances
RUN-1001 : Exported nets
RUN-1001 : Exported buses
RUN-1001 : Exported models
RUN-1001 : Exported congestions
RUN-1001 : Exported violations
RUN-1001 : Exported timing constraints
RUN-1001 : Exported IO constraints
RUN-1001 : Exported Inst constraints
RUN-1002 : start command "route"
RUN-1001 : Open license file E:/Anlogic/TD5.6.59063/license/Anlogic.lic
RUN-1001 : Print Global Property
RUN-1001 : ---------------------------------------------------------------
RUN-1001 :        Parameters        |  Settings  |  Default Values  |  Note  
RUN-1001 : ---------------------------------------------------------------
RUN-1001 :          message         |  standard  |     standard     |        
RUN-1001 :   mixed_pack_place_flow  |     on     |        on        |        
RUN-1001 :        qor_monitor       |    off     |       off        |        
RUN-1001 :        syn_ip_flow       |    off     |       off        |        
RUN-1001 :          thread          |    auto    |       auto       |        
RUN-1001 : ---------------------------------------------------------------
RUN-1001 : Print Route Property
RUN-1001 : -------------------------------------------------------
RUN-1001 :    Parameters    |  Settings  |  Default Values  |  Note  
RUN-1001 : -------------------------------------------------------
RUN-1001 :      effort      |   medium   |      medium      |        
RUN-1001 :     fix_hold     |    off     |       off        |        
RUN-1001 :    opt_timing    |   medium   |      medium      |        
RUN-1001 :   phy_sim_model  |    off     |       off        |        
RUN-1001 :     priority     |   timing   |      timing      |        
RUN-1001 :     swap_pin     |     on     |        on        |        
RUN-1001 : -------------------------------------------------------
PHY-1001 : Route runs in 16 thread(s)
RUN-1001 : There are total 381 instances
RUN-1001 : 176 mslices, 177 lslices, 24 pads, 0 brams, 0 dsps
RUN-1001 : There are total 802 nets
RUN-1001 : 457 nets have 2 pins
RUN-1001 : 232 nets have [3 - 5] pins
RUN-1001 : 86 nets have [6 - 10] pins
RUN-1001 : 18 nets have [11 - 20] pins
RUN-1001 : 7 nets have [21 - 99] pins
RUN-1001 : 2 nets have 100+ pins
RUN-1002 : start command "start_timer -report"
TMR-2505 : Start building timing graph for model keyboard_instance.
TMR-2506 : Build timing graph completely. Port num: 8, tpin num: 2908, tnet num: 800, tinst num: 379, tnode num: 3412, tedge num: 4840.
TMR-2508 : Levelizing timing graph completed, there are 41 levels in total.
TMR-2501 : Timing graph initialized successfully.
PHY-1001 : 176 mslices, 177 lslices, 24 pads, 0 brams, 0 dsps
TMR-2503 : Start to update net delay, extr mode = 3.
TMR-2504 : Update delay of 800 nets completely.
TMR-2502 : Annotate delay completely, extr mode = 3.
TMR-3001 : Initiate 0 clocks from SDC.
TMR-3004 : Map sdc constraints, there are 0 constraints in total.
TMR-3003 : Constraints initiated successfully.
TMR-3501 : Forward propagation: start to calculate arrival time...
TMR-3502 : Backward propagation: start to calculate required time...
TMR-3503 : Timing propagation completes.
PHY-1001 : Start global routing, caller is route ...
RUN-1001 : Generating global routing grids ...
PHY-1001 : Generate routing nets ...
PHY-1001 : Global iterations in 16 thread ...
PHY-1002 : len = 23952, over cnt = 68(0%), over = 114, worst = 5
PHY-1002 : len = 24400, over cnt = 50(0%), over = 72, worst = 4
PHY-1002 : len = 25160, over cnt = 5(0%), over = 9, worst = 3
PHY-1002 : len = 25296, over cnt = 0(0%), over = 0, worst = 0
PHY-1001 : End global iterations;  0.072032s wall, 0.031250s user + 0.015625s system = 0.046875s CPU (65.1%)

PHY-1001 : Congestion index: top1 = 20.39, top5 = 13.54, top10 = 8.56, top15 = 5.98.
PHY-1001 : End global routing;  0.112664s wall, 0.062500s user + 0.015625s system = 0.078125s CPU (69.3%)

PHY-1001 : Start detail routing ...
PHY-1001 : Current memory(MB): used = 176, reserve = 147, peak = 191.
PHY-1001 : Detailed router is running in normal mode.
PHY-1001 : Generate detailed routing grids ...
PHY-1001 : Generate nets ...
PHY-1001 : net clk_50M_dup_1 will be routed on clock mesh
PHY-1001 : clock net U1/scan_clk_syn_4 will be merged with clock U1/scan_clk
PHY-1001 : Current memory(MB): used = 444, reserve = 420, peak = 444.
PHY-1001 : End build detailed router design. 3.349709s wall, 1.328125s user + 0.015625s system = 1.343750s CPU (40.1%)

PHY-1001 : Detail Route ...
PHY-1001 : ===== Detail Route Phase 1 =====
PHY-1001 : Clock net routing.....
PHY-1001 : Routed 0% nets.
PHY-1022 : len = 12424, over cnt = 0(0%), over = 0, worst = 0, crit = 0
PHY-1001 : End initial clock net routed; 0.330857s wall, 0.171875s user + 0.000000s system = 0.171875s CPU (51.9%)

PHY-1001 : Current memory(MB): used = 474, reserve = 451, peak = 474.
PHY-1001 : End phase 1; 0.336536s wall, 0.187500s user + 0.000000s system = 0.187500s CPU (55.7%)

PHY-1001 : ===== Detail Route Phase 2 =====
PHY-1001 : Initial routing.....
PHY-1001 : Routed 28% nets.
PHY-1001 : Routed 32% nets.
PHY-1001 : Routed 32% nets.
PHY-1001 : Routed 33% nets.
PHY-1001 : Routed 33% nets.
PHY-1001 : Patch 385 net; 0.215014s wall, 0.140625s user + 0.000000s system = 0.140625s CPU (65.4%)

PHY-1022 : len = 51944, over cnt = 18(0%), over = 18, worst = 1, crit = 0
PHY-1001 : Current memory(MB): used = 474, reserve = 451, peak = 474.
PHY-1001 : End initial routed; 0.359750s wall, 0.187500s user + 0.015625s system = 0.203125s CPU (56.5%)

PHY-1001 : Update timing.....
PHY-1001 : 0/653(0%) critical/total net(s).
RUN-1001 : ------------------------------------------
RUN-1001 :   Type   |    WNS(ns)    |  TNS(ns)  |  FEP  
RUN-1001 : ------------------------------------------
RUN-1001 :   Setup  |  2147483.647  |   0.000   |   0   
RUN-1001 :   Hold   |  2147483.647  |   0.000   |   0   
RUN-1001 : ------------------------------------------
PHY-1001 : End update timing; 0.169819s wall, 0.093750s user + 0.000000s system = 0.093750s CPU (55.2%)

PHY-1001 : Current memory(MB): used = 475, reserve = 452, peak = 475.
PHY-1001 : End phase 2; 0.529655s wall, 0.281250s user + 0.015625s system = 0.296875s CPU (56.1%)

PHY-1001 : ===== Detail Route Phase 3 =====
PHY-1001 : Optimize timing.....
PHY-1022 : len = 51944, over cnt = 18(0%), over = 18, worst = 1, crit = 0
PHY-1001 : End optimize timing; 0.005385s wall, 0.000000s user + 0.000000s system = 0.000000s CPU (n/a%)

PHY-1001 : Ripup-reroute.....
PHY-1001 : ===== DR Iter 1 =====
PHY-1022 : len = 52056, over cnt = 1(0%), over = 1, worst = 1, crit = 0
PHY-1001 : End DR Iter 1; 0.023434s wall, 0.015625s user + 0.000000s system = 0.015625s CPU (66.7%)

PHY-1001 : ===== DR Iter 2 =====
PHY-1022 : len = 52072, over cnt = 0(0%), over = 0, worst = 0, crit = 0
PHY-1001 : End DR Iter 2; 0.012254s wall, 0.000000s user + 0.000000s system = 0.000000s CPU (n/a%)

PHY-1001 : Update timing.....
PHY-1001 : 0/653(0%) critical/total net(s).
RUN-1001 : ------------------------------------------
RUN-1001 :   Type   |    WNS(ns)    |  TNS(ns)  |  FEP  
RUN-1001 : ------------------------------------------
RUN-1001 :   Setup  |  2147483.647  |   0.000   |   0   
RUN-1001 :   Hold   |  2147483.647  |   0.000   |   0   
RUN-1001 : ------------------------------------------
PHY-1001 : End update timing; 0.174298s wall, 0.093750s user + 0.000000s system = 0.093750s CPU (53.8%)

PHY-1001 : Commit to database.....
PHY-1001 : 2 feed throughs used by 2 nets
PHY-1001 : End commit to database; 0.080618s wall, 0.031250s user + 0.000000s system = 0.031250s CPU (38.8%)

PHY-1001 : Current memory(MB): used = 486, reserve = 463, peak = 486.
PHY-1001 : End phase 3; 0.425873s wall, 0.203125s user + 0.000000s system = 0.203125s CPU (47.7%)

PHY-1003 : Routed, final wirelength = 52072
PHY-1001 : Current memory(MB): used = 486, reserve = 463, peak = 486.
PHY-1001 : End export database. 0.005635s wall, 0.000000s user + 0.000000s system = 0.000000s CPU (n/a%)

PHY-1001 : End detail routing;  4.831624s wall, 2.078125s user + 0.046875s system = 2.125000s CPU (44.0%)

RUN-1003 : finish command "route" in  5.150540s wall, 2.203125s user + 0.062500s system = 2.265625s CPU (44.0%)

RUN-1004 : used memory is 425 MB, reserved memory is 400 MB, peak memory is 486 MB
RUN-1002 : start command "report_area -io_info -file keyboard_phy.area"
RUN-1001 : standard
***Report Model: keyboard_instance Device: EG4S20BG256***

IO Statistics
#IO                        24
  #input                    6
  #output                  18
  #inout                    0

Utilization Statistics
#lut                      622   out of  19600    3.17%
#reg                      241   out of  19600    1.23%
#le                       689
  #lut only               448   out of    689   65.02%
  #reg only                67   out of    689    9.72%
  #lut&reg                174   out of    689   25.25%
#dsp                        0   out of     29    0.00%
#bram                       0   out of     64    0.00%
  #bram9k                   0
  #fifo9k                   0
#bram32k                    0   out of     16    0.00%
#pad                       24   out of    188   12.77%
  #ireg                     0
  #oreg                     0
  #treg                     0
#pll                        0   out of      4    0.00%
#gclk                       2   out of     16   12.50%

Clock Resource Statistics
Index     ClockNet         Type               DriverType         Driver                      Fanout
#1        clk_50M_dup_1    GCLK               io                 clk_50M_syn_2.di            130
#2        U1/scan_clk      GCLK               lslice             U1/scan_clk_reg_syn_9.q0    10


Detailed IO Report

        Name           Direction    Location    IOStandard    DriveStrength    PullType    PackReg  
        RSTn             INPUT         A9        LVCMOS33          N/A          PULLUP      NONE    
       clk_50M           INPUT         R7        LVCMOS33          N/A          PULLUP      NONE    
       col[3]            INPUT        F10        LVCMOS33          N/A          PULLUP      NONE    
       col[2]            INPUT        C11        LVCMOS33          N/A          PULLUP      NONE    
       col[1]            INPUT        D11        LVCMOS33          N/A          PULLUP      NONE    
       col[0]            INPUT        E11        LVCMOS33          N/A          PULLUP      NONE    
  DigitronCS_Out[3]     OUTPUT         A3        LVCMOS33           8            NONE       NONE    
  DigitronCS_Out[2]     OUTPUT         A5        LVCMOS33           8            NONE       NONE    
  DigitronCS_Out[1]     OUTPUT         B6        LVCMOS33           8            NONE       NONE    
  DigitronCS_Out[0]     OUTPUT         C9        LVCMOS33           8            NONE       NONE    
   Digitron_Out[7]      OUTPUT         C8        LVCMOS33           8            NONE       NONE    
   Digitron_Out[6]      OUTPUT         A8        LVCMOS33           8            NONE       NONE    
   Digitron_Out[5]      OUTPUT         B5        LVCMOS33           8            NONE       NONE    
   Digitron_Out[4]      OUTPUT         A7        LVCMOS33           8            NONE       NONE    
   Digitron_Out[3]      OUTPUT         E8        LVCMOS33           8            NONE       NONE    
   Digitron_Out[2]      OUTPUT         B8        LVCMOS33           8            NONE       NONE    
   Digitron_Out[1]      OUTPUT         A6        LVCMOS33           8            NONE       NONE    
   Digitron_Out[0]      OUTPUT         A4        LVCMOS33           8            NONE       NONE    
       buzzer           OUTPUT        H11        LVCMOS33           8            NONE       NONE    
        light           OUTPUT        B14        LVCMOS33           8            NONE       NONE    
       row[3]           OUTPUT         D9        LVCMOS33           8            NONE       NONE    
       row[2]           OUTPUT         F9        LVCMOS33           8            NONE       NONE    
       row[1]           OUTPUT        C10        LVCMOS33           8            NONE       NONE    
       row[0]           OUTPUT        E10        LVCMOS33           8            NONE       NONE    

Report Hierarchy Area:
+-------------------------------------------------------------------------------------------+
|Instance |Module                      |le     |lut     |ripple  |seq     |bram    |dsp     |
+-------------------------------------------------------------------------------------------+
|top      |keyboard_instance           |689    |485     |137     |241     |0       |0       |
|  U1     |keyboard_scan               |73     |50      |9       |53      |0       |0       |
|  U2     |key_filter                  |62     |33      |6       |52      |0       |0       |
|  U3     |onehot2binary               |513    |370     |117     |126     |0       |0       |
|  U5     |Digitron_TimeDisplay_module |38     |29      |5       |10      |0       |0       |
+-------------------------------------------------------------------------------------------+


DataNet Average Fanout:

   Index     Fanout    Nets  
    #1         1       433   
    #2         2       145   
    #3         3        49   
    #4         4        38   
    #5        5-10      88   
    #6       11-50      21   
  Average     2.51           

RUN-1002 : start command "export_db keyboard_pr.db"
RUN-1001 : Exported /
RUN-1001 : Exported flow parameters
RUN-1001 : Exported libs
RUN-1001 : Exported entities
RUN-1001 : Exported ports
RUN-1001 : Exported pins
RUN-1001 : Exported instances
RUN-1001 : Exported nets
RUN-1001 : Exported buses
RUN-1001 : Exported models
RUN-1001 : Exported congestions
RUN-1001 : Exported violations
RUN-1001 : Exported timing constraints
RUN-1001 : Exported IO constraints
RUN-1001 : Exported Inst constraints
RUN-1002 : start command "export_bid keyboard_inst.bid"
RUN-1002 : start command "bitgen -bit keyboard.bit -unused_io_status pulldown"
BIT-1003 : Start to generate bitstream. 
BIT-1002 : Bitgen processed 164 unused pads, reserve input tri_state with pulldown
BIT-1002 : Init instances with 16 threads.
BIT-1002 : Init instances completely, inst num: 543
BIT-1002 : Init pips with 16 threads.
BIT-1002 : Init pips completely, net num: 802, pip num: 5644
BIT-1002 : Init feedthrough completely, num: 2
BIT-1003 : Multithreading accelaration with 16 threads.
BIT-1003 : Generate bitstream completely, there are 784 valid insts, and 18545 bits set as '1'.
BIT-1004 : PLL setting string = 0000
BIT-1004 : Generate bits file keyboard.bit.
RUN-1003 : finish command "bitgen -bit keyboard.bit -unused_io_status pulldown" in  1.440191s wall, 7.250000s user + 0.062500s system = 7.312500s CPU (507.7%)

RUN-1004 : used memory is 446 MB, reserved memory is 423 MB, peak memory is 626 MB
RUN-1002 : start command "backup_run_log run.log ../.logs/phy_1/td_20240828_155136.log"
