============================================================
   Tang Dynasty, V5.6.59063
   Copyright (c) 2012-2022 Anlogic
   Executable = E:/Anlogic/TD5.6.59063/bin/td.exe
   Built at =   12:45:13 Sep  6 2022
   Run by =     19234
   Run Date =   Wed Aug 28 14:15:45 2024

   Run on =     ERIKPSW
============================================================
RUN-1002 : start command "open_project keyboard.prj"
RUN-1001 : Print Global Property
RUN-1001 : ---------------------------------------------------------------
RUN-1001 :        Parameters        |  Settings  |  Default Values  |  Note  
RUN-1001 : ---------------------------------------------------------------
RUN-1001 :          message         |  standard  |     standard     |        
RUN-1001 :   mixed_pack_place_flow  |     on     |        on        |        
RUN-1001 :        qor_monitor       |    off     |       off        |        
RUN-1001 :        syn_ip_flow       |    off     |       off        |        
RUN-1001 :          thread          |    auto    |       auto       |        
RUN-1001 : ---------------------------------------------------------------
RUN-1001 : Print Design Property
RUN-1001 : --------------------------------------------------------------
RUN-1001 :        Parameters       |  Settings  |  Default Values  |  Note  
RUN-1001 : --------------------------------------------------------------
RUN-1001 :   default_reg_initial   |    auto    |       auto       |        
RUN-1001 :        infer_add        |     on     |        on        |        
RUN-1001 :        infer_fsm        |    off     |       off        |        
RUN-1001 :        infer_mult       |     on     |        on        |        
RUN-1001 :        infer_ram        |     on     |        on        |        
RUN-1001 :        infer_reg        |     on     |        on        |        
RUN-1001 :   infer_reg_init_value  |     on     |        on        |        
RUN-1001 :        infer_rom        |     on     |        on        |        
RUN-1001 :      infer_shifter      |     on     |        on        |        
RUN-1001 : --------------------------------------------------------------
RUN-1001 : Print Rtl Property
RUN-1001 : --------------------------------------------------------------
RUN-1001 :        Parameters       |  Settings  |  Default Values  |  Note  
RUN-1001 : --------------------------------------------------------------
RUN-1001 :       compress_add      |   ripple   |      ripple      |        
RUN-1001 :        elf_sload        |    off     |       off        |        
RUN-1001 :       fix_undriven      |     0      |        0         |        
RUN-1001 :         flatten         |    off     |       off        |        
RUN-1001 :       gate_sharing      |     on     |        on        |        
RUN-1001 :    hdl_warning_level    |   normal   |      normal      |        
RUN-1001 :   impl_internal_tribuf  |     on     |        on        |        
RUN-1001 :      impl_set_reset     |     on     |        on        |        
RUN-1001 :        infer_gsr        |    off     |       off        |        
RUN-1001 :      keep_hierarchy     |    auto    |       auto       |        
RUN-1001 :        max_fanout       |    9999    |       9999       |        
RUN-1001 :      max_oh2bin_len     |     10     |        10        |        
RUN-1001 :       merge_equal       |     on     |        on        |        
RUN-1001 :       merge_equiv       |     on     |        on        |        
RUN-1001 :        merge_mux        |    off     |       off        |        
RUN-1001 :     min_control_set     |     8      |        8         |        
RUN-1001 :      min_ripple_len     |    auto    |       auto       |        
RUN-1001 :       oh2bin_ratio      |    0.08    |       0.08       |        
RUN-1001 :     opt_adder_fanout    |     on     |        on        |        
RUN-1001 :        opt_arith        |     on     |        on        |        
RUN-1001 :       opt_big_gate      |    off     |       off        |        
RUN-1001 :        opt_const        |     on     |        on        |        
RUN-1001 :      opt_const_mult     |     on     |        on        |        
RUN-1001 :       opt_lessthan      |     on     |        on        |        
RUN-1001 :         opt_mux         |    off     |       off        |        
RUN-1001 :         opt_ram         |    high    |       high       |        
RUN-1001 :      rtl_sim_model      |    off     |       off        |        
RUN-1001 :         seq_syn         |     on     |        on        |        
RUN-1001 : --------------------------------------------------------------
HDL-1007 : analyze verilog file ../../../src/Digitron_TimeDisplay_module.v
HDL-1007 : analyze verilog file ../../../src/clock_divider.v
HDL-1007 : analyze verilog file ../../../src/key_filter.v
HDL-1007 : analyze verilog file ../../../src/keyboard_instance.v
HDL-1007 : analyze verilog file ../../../src/keyboard_scan.v
HDL-1007 : analyze verilog file ../../../src/onehot2binary.v
RUN-1001 : Project manager successfully analyzed 6 source files.
RUN-1002 : start command "import_device eagle_s20.db -package EG4S20BG256"
ARC-1001 : Device Initialization.
ARC-1001 : ------------------------------------------------------------------
ARC-1001 :            OPTION            |          IO          |   SETTING   
ARC-1001 : ------------------------------------------------------------------
ARC-1001 :   cso_b/cclk/mosi/miso/dout  |  T3/R11/T10/P10/S11  |    gpio    
ARC-1001 :             done             |         P13          |    gpio    
ARC-1001 :           program_b          |          T2          |  dedicate  
ARC-1001 :        tdi/tms/tck/tdo       |   C12/A15/C14/E14    |  dedicate  
ARC-1001 : ------------------------------------------------------------------
ARC-1004 : Device setting, marked 5 dedicate IOs in total.
RUN-1002 : start command "import_db ../syn_1/keyboard_gate.db"
RUN-1001 : Importing database generated by Tang Dynasty, V5.6.59063.
RUN-1001 : Database version number 46140.
RUN-1001 : Import flow parameters
RUN-1001 : Import timing constraints
RUN-1001 : Import IO constraints
RUN-1001 : Import Inst constraints
RUN-1001 : Import design success TD_VERSION=5.6.59063 , DB_VERSION=46140
RUN-1002 : start command "read_sdc"
USR-1002 : read_sdc file_name -help -h -eco
USR-1009 : NO module with IP_SDC ...
RUN-1104 : Import SDC file  finished, there are 0 nets kept by constraints.
RUN-1002 : start command "place"
RUN-1001 : Open license file E:/Anlogic/TD5.6.59063/license/Anlogic.lic
RUN-1001 : Print Global Property
RUN-1001 : ---------------------------------------------------------------
RUN-1001 :        Parameters        |  Settings  |  Default Values  |  Note  
RUN-1001 : ---------------------------------------------------------------
RUN-1001 :          message         |  standard  |     standard     |        
RUN-1001 :   mixed_pack_place_flow  |     on     |        on        |        
RUN-1001 :        qor_monitor       |    off     |       off        |        
RUN-1001 :        syn_ip_flow       |    off     |       off        |        
RUN-1001 :          thread          |    auto    |       auto       |        
RUN-1001 : ---------------------------------------------------------------
RUN-1001 : Print Place Property
RUN-1001 : --------------------------------------------------------------
RUN-1001 :        Parameters       |  Settings  |  Default Values  |  Note  
RUN-1001 : --------------------------------------------------------------
RUN-1001 :      detailed_place     |     on     |        on        |        
RUN-1001 :          effort         |   medium   |      medium      |        
RUN-1001 :         fix_hold        |    off     |       off        |        
RUN-1001 :       legalization      |    ori     |       ori        |        
RUN-1001 :      new_spreading      |     on     |        on        |        
RUN-1001 :        opt_timing       |   medium   |      medium      |        
RUN-1001 :   post_clock_route_opt  |    off     |       off        |        
RUN-1001 :       pr_strategy       |     1      |        1         |        
RUN-1001 :        relaxation       |    1.00    |       1.00       |        
RUN-1001 :         retiming        |    off     |       off        |        
RUN-1001 : --------------------------------------------------------------
PHY-3001 : Placer runs in 16 thread(s).
RUN-1002 : start command "legalize_phy_inst"
SYN-1011 : Flatten model keyboard_instance
RUN-1002 : start command "phys_opt -simplify_lut"
SYN-4024 : Net "clk_50M_dup_1" drives clk pins.
SYN-4024 : Net "U1/scan_clk" drives clk pins.
SYN-4025 : Tag rtl::Net U1/scan_clk as clock net
SYN-4025 : Tag rtl::Net clk_50M_dup_1 as clock net
SYN-4026 : Tagged 2 rtl::Net as clock net
SYN-4015 : Create BUFG instance for clk Net U1/scan_clk to drive 20 clock pins.
PHY-1001 : Populate physical database on model keyboard_instance.
RUN-1001 : There are total 612 instances
RUN-0007 : 253 luts, 201 seqs, 96 mslices, 34 lslices, 24 pads, 0 brams, 0 dsps
RUN-1001 : There are total 729 nets
RUN-1001 : 448 nets have 2 pins
RUN-1001 : 181 nets have [3 - 5] pins
RUN-1001 : 80 nets have [6 - 10] pins
RUN-1001 : 10 nets have [11 - 20] pins
RUN-1001 : 8 nets have [21 - 99] pins
RUN-1001 : 2 nets have 100+ pins
RUN-1001 : Report Control nets information:
RUN-1001 : DFF Distribution
RUN-1001 : ----------------------------------
RUN-1001 :   CE   |  SSR  |  ASR  |  DFF Count  
RUN-1001 : ----------------------------------
RUN-1001 :   No   |  No   |  No   |     91      
RUN-1001 :   No   |  No   |  Yes  |     20      
RUN-1001 :   No   |  Yes  |  No   |     17      
RUN-1001 :   Yes  |  No   |  No   |      9      
RUN-1001 :   Yes  |  No   |  Yes  |     32      
RUN-1001 :   Yes  |  Yes  |  No   |     32      
RUN-1001 : ----------------------------------
RUN-0007 : Control Group Statistic
RUN-0007 : ---------------------------
RUN-0007 :   #CLK  |  #CE  |  #SSR/ASR  
RUN-0007 : ---------------------------
RUN-0007 :    2    |   4   |     3      
RUN-0007 : ---------------------------
RUN-0007 : Control Set = 7
PHY-3001 : Initial placement ...
PHY-3001 : design contains 610 instances, 253 luts, 201 seqs, 130 slices, 13 macros(130 instances: 96 mslices 34 lslices)
PHY-0007 : Cell area utilization is 2%
PHY-3001 : Start timing update ...
RUN-1002 : start command "start_timer -report"
TMR-2505 : Start building timing graph for model keyboard_instance.
TMR-2506 : Build timing graph completely. Port num: 8, tpin num: 2649, tnet num: 727, tinst num: 610, tnode num: 3225, tedge num: 4250.
TMR-2508 : Levelizing timing graph completed, there are 43 levels in total.
TMR-2501 : Timing graph initialized successfully.
TMR-2503 : Start to update net delay, extr mode = 2.
TMR-2504 : Update delay of 727 nets completely.
TMR-2502 : Annotate delay completely, extr mode = 2.
TMR-3001 : Initiate 0 clocks from SDC.
TMR-3004 : Map sdc constraints, there are 0 constraints in total.
TMR-3003 : Constraints initiated successfully.
TMR-3501 : Forward propagation: start to calculate arrival time...
TMR-3502 : Backward propagation: start to calculate required time...
TMR-3503 : Timing propagation completes.
PHY-3001 : End timing update;  0.126123s wall, 0.062500s user + 0.000000s system = 0.062500s CPU (49.6%)

PHY-3001 : Global placement ...
PHY-3001 : Initial: Len = 161036
PHY-3001 : Clustering ...
PHY-3001 : Level 0 #clusters 610.
PHY-3001 : End clustering;  0.000016s wall, 0.000000s user + 0.000000s system = 0.000000s CPU (n/a%)

PHY-3001 : Run with size of 4
PHY-3001 : Cell area utilization is 2%
PHY-3001 : :::0::: Try harder cell spreading with beta_ = 0
PHY-3002 : Step(1): len = 108018, overlap = 0
PHY-3002 : Step(2): len = 68687.7, overlap = 0
PHY-3002 : Step(3): len = 49738.5, overlap = 0
PHY-3002 : Step(4): len = 37272.1, overlap = 0
PHY-3002 : Step(5): len = 30574.7, overlap = 0
PHY-3002 : Step(6): len = 27226.2, overlap = 1.5
PHY-3002 : Step(7): len = 23983, overlap = 1.75
PHY-3002 : Step(8): len = 22043.7, overlap = 1.5
PHY-3002 : Step(9): len = 22195.8, overlap = 1.5
PHY-3002 : Step(10): len = 19515.2, overlap = 2
PHY-3002 : Step(11): len = 18143.4, overlap = 2
PHY-3002 : Step(12): len = 17625.9, overlap = 2
PHY-3002 : Step(13): len = 16585.4, overlap = 2
PHY-3002 : Step(14): len = 16953.2, overlap = 2
PHY-3002 : Step(15): len = 16948.4, overlap = 1.25
PHY-3002 : Step(16): len = 16593.8, overlap = 1.3125
PHY-3002 : Step(17): len = 16087.2, overlap = 1.5
PHY-3002 : Step(18): len = 16408.4, overlap = 2.25
PHY-3002 : Step(19): len = 15199.2, overlap = 6.40625
PHY-3002 : Step(20): len = 15375.8, overlap = 13.2812
PHY-3002 : Step(21): len = 15657.5, overlap = 17.0938
PHY-3002 : Step(22): len = 13951.2, overlap = 18.25
PHY-3002 : Step(23): len = 13823.9, overlap = 18.4375
PHY-3002 : Step(24): len = 13298.3, overlap = 19.5312
PHY-3002 : Step(25): len = 12584.7, overlap = 18.6562
PHY-3002 : Step(26): len = 12554.4, overlap = 18.0312
PHY-3002 : Step(27): len = 12522.2, overlap = 17.7188
PHY-3002 : Step(28): len = 11340.1, overlap = 17.8438
PHY-3002 : Step(29): len = 11340.1, overlap = 17.8438
PHY-3002 : Step(30): len = 10967.9, overlap = 17.8438
PHY-3002 : Step(31): len = 10967.9, overlap = 17.8438
PHY-3002 : Step(32): len = 10637.7, overlap = 18.3438
PHY-3002 : Step(33): len = 10637.7, overlap = 18.3438
PHY-3002 : Step(34): len = 10556.4, overlap = 18.7812
PHY-3001 : Legalization ...
PHY-3001 : End legalization;  0.004002s wall, 0.000000s user + 0.000000s system = 0.000000s CPU (n/a%)

PHY-3001 : Run with size of 4
PHY-3001 : Cell area utilization is 3%
PHY-3001 : Update timing in Manhattan mode ...
TMR-2503 : Start to update net delay, extr mode = 3.
TMR-2504 : Update delay of 727 nets completely.
TMR-2502 : Annotate delay completely, extr mode = 3.
TMR-3501 : Forward propagation: start to calculate arrival time...
TMR-3502 : Backward propagation: start to calculate required time...
TMR-3503 : Timing propagation completes.
PHY-3001 : End timing update;  0.006580s wall, 0.000000s user + 0.000000s system = 0.000000s CPU (n/a%)

PHY-3001 : :::0::: Try harder cell spreading with beta_ = 5.53941e-05
PHY-3002 : Step(35): len = 11703.4, overlap = 23.4688
PHY-3002 : Step(36): len = 11703.4, overlap = 23.4688
PHY-3002 : Step(37): len = 10834.5, overlap = 19.8438
PHY-3002 : Step(38): len = 10942.8, overlap = 19.8438
PHY-3002 : Step(39): len = 11124.3, overlap = 19.4062
PHY-3001 : :::1::: Try harder cell spreading with beta_ = 0.000110788
PHY-3002 : Step(40): len = 11396.8, overlap = 18.5938
PHY-3002 : Step(41): len = 11396.8, overlap = 18.5938
PHY-3002 : Step(42): len = 11053.4, overlap = 18.0312
PHY-3002 : Step(43): len = 11219.8, overlap = 18.0312
PHY-3002 : Step(44): len = 11219.8, overlap = 18.0312
PHY-3001 : :::2::: Try harder cell spreading with beta_ = 0.000221576
PHY-3002 : Step(45): len = 11051, overlap = 17.625
PHY-3002 : Step(46): len = 11171.3, overlap = 12.3125
PHY-3002 : Step(47): len = 11338.2, overlap = 12.3125
PHY-3001 : Run with size of 2
PHY-3001 : Cell area utilization is 3%
PHY-3001 : Update timing in Manhattan mode ...
TMR-2503 : Start to update net delay, extr mode = 3.
TMR-2504 : Update delay of 727 nets completely.
TMR-2502 : Annotate delay completely, extr mode = 3.
TMR-3501 : Forward propagation: start to calculate arrival time...
TMR-3502 : Backward propagation: start to calculate required time...
TMR-3503 : Timing propagation completes.
PHY-3001 : End timing update;  0.006543s wall, 0.000000s user + 0.000000s system = 0.000000s CPU (n/a%)

PHY-3001 : :::0::: Try harder cell spreading with beta_ = 2.50014e-05
PHY-3002 : Step(48): len = 12152.6, overlap = 27.0938
PHY-3002 : Step(49): len = 12465.1, overlap = 27.4688
PHY-3002 : Step(50): len = 12564, overlap = 18.1875
PHY-3002 : Step(51): len = 12849.6, overlap = 16.2188
PHY-3002 : Step(52): len = 12340.5, overlap = 17.4688
PHY-3002 : Step(53): len = 12309.7, overlap = 16.7188
PHY-3002 : Step(54): len = 12320.2, overlap = 17.0938
PHY-3002 : Step(55): len = 11973.7, overlap = 24.3438
PHY-3002 : Step(56): len = 11980.9, overlap = 24.5312
PHY-3002 : Step(57): len = 11585.1, overlap = 23.875
PHY-3002 : Step(58): len = 11675.2, overlap = 23.8125
PHY-3002 : Step(59): len = 11837.4, overlap = 23.6875
PHY-3001 : :::1::: Try harder cell spreading with beta_ = 5.00027e-05
PHY-3002 : Step(60): len = 11489.3, overlap = 22.1875
PHY-3002 : Step(61): len = 11635.8, overlap = 24.5
PHY-3002 : Step(62): len = 11688.2, overlap = 24.25
PHY-3002 : Step(63): len = 11652, overlap = 22.8438
PHY-3002 : Step(64): len = 11663.2, overlap = 18.125
PHY-3002 : Step(65): len = 11631.5, overlap = 16.5
PHY-3002 : Step(66): len = 11808.4, overlap = 16.5
PHY-3002 : Step(67): len = 11948.1, overlap = 22.1875
PHY-3001 : :::2::: Try harder cell spreading with beta_ = 0.000100005
PHY-3002 : Step(68): len = 11575.5, overlap = 18.5625
PHY-3002 : Step(69): len = 11648, overlap = 18.5
PHY-3002 : Step(70): len = 11745.8, overlap = 18.7188
PHY-3001 : :::3::: Try harder cell spreading with beta_ = 0.000200011
PHY-3002 : Step(71): len = 11612.1, overlap = 25.1562
PHY-3002 : Step(72): len = 11584.8, overlap = 19.875
PHY-3002 : Step(73): len = 11584.8, overlap = 19.875
PHY-3001 : :::4::: Try harder cell spreading with beta_ = 0.000400022
PHY-3002 : Step(74): len = 11894, overlap = 23.8125
PHY-3002 : Step(75): len = 12343.6, overlap = 12.2188
PHY-3002 : Step(76): len = 12417.8, overlap = 12.2188
PHY-3002 : Step(77): len = 12417.8, overlap = 12.875
PHY-3002 : Step(78): len = 12387.8, overlap = 12.4375
PHY-3002 : Step(79): len = 12204.5, overlap = 16.1562
PHY-3002 : Step(80): len = 12191.4, overlap = 13.9062
PHY-3002 : Step(81): len = 12183.9, overlap = 14
OPT-1001 : Start physical optimization ...
RUN-1002 : start command "start_timer -report"
TMR-2505 : Start building timing graph for model keyboard_instance.
TMR-2506 : Build timing graph completely. Port num: 8, tpin num: 2649, tnet num: 727, tinst num: 610, tnode num: 3225, tedge num: 4250.
TMR-2508 : Levelizing timing graph completed, there are 43 levels in total.
TMR-2501 : Timing graph initialized successfully.
OPT-1001 : Total overflow 39.84 peak overflow 4.03
OPT-1001 : Start high-fanout net optimization ...
OPT-1001 : Update timing in global mode
PHY-1001 : Start incremental global routing, caller is place ...
RUN-1001 : Generating global routing grids ...
RUN-1001 : Building simple global routing graph ...
PHY-1001 : Generate routing nets ...
PHY-1001 : Reuse net number 0/729.
PHY-1001 : Global iterations in 16 thread ...
PHY-1002 : len = 13968, over cnt = 53(0%), over = 203, worst = 11
PHY-1001 : End global iterations;  0.036667s wall, 0.015625s user + 0.000000s system = 0.015625s CPU (42.6%)

PHY-1001 : Congestion index: top1 = 21.57, top5 = 9.02, top10 = 4.94, top15 = 3.30.
PHY-1001 : End incremental global routing;  0.078614s wall, 0.031250s user + 0.000000s system = 0.031250s CPU (39.8%)

TMR-2503 : Start to update net delay, extr mode = 5.
TMR-2504 : Update delay of 727 nets completely.
TMR-2502 : Annotate delay completely, extr mode = 5.
TMR-3001 : Initiate 0 clocks from SDC.
TMR-3004 : Map sdc constraints, there are 0 constraints in total.
TMR-3003 : Constraints initiated successfully.
TMR-3501 : Forward propagation: start to calculate arrival time...
TMR-3502 : Backward propagation: start to calculate required time...
TMR-3503 : Timing propagation completes.
OPT-1001 : End timing update;  0.009072s wall, 0.015625s user + 0.000000s system = 0.015625s CPU (172.2%)

OPT-1001 : 0 high-fanout net processed.
OPT-1001 : End high-fanout net optimization;  0.093946s wall, 0.046875s user + 0.000000s system = 0.046875s CPU (49.9%)

OPT-1001 : Current memory(MB): used = 147, reserve = 118, peak = 147.
OPT-1001 : Start global optimization ...
OPT-1001 : Start congestion update ...
RUN-1001 : Generating global routing grids ...
PHY-1001 : Generate routing nets ...
PHY-1001 : Reuse net number 410/729.
PHY-1001 : Global iterations in 16 thread ...
PHY-1002 : len = 13968, over cnt = 53(0%), over = 203, worst = 11
PHY-1002 : len = 15664, over cnt = 27(0%), over = 43, worst = 5
PHY-1002 : len = 16016, over cnt = 8(0%), over = 13, worst = 3
PHY-1002 : len = 16120, over cnt = 0(0%), over = 0, worst = 0
PHY-1001 : End global iterations;  0.030638s wall, 0.000000s user + 0.000000s system = 0.000000s CPU (n/a%)

PHY-1001 : Congestion index: top1 = 20.73, top5 = 9.77, top10 = 5.46, top15 = 3.64.
OPT-1001 : End congestion update;  0.068407s wall, 0.015625s user + 0.000000s system = 0.015625s CPU (22.8%)

OPT-1001 : Update timing in Manhattan mode
TMR-2503 : Start to update net delay, extr mode = 3.
TMR-2504 : Update delay of 727 nets completely.
TMR-2502 : Annotate delay completely, extr mode = 3.
TMR-3501 : Forward propagation: start to calculate arrival time...
TMR-3502 : Backward propagation: start to calculate required time...
TMR-3503 : Timing propagation completes.
OPT-1001 : End timing update;  0.006877s wall, 0.000000s user + 0.000000s system = 0.000000s CPU (n/a%)

OPT-0007 : Start: WNS 2147483647 TNS 0 NUM_FEPS 0
OPT-1001 : End global optimization;  0.075430s wall, 0.015625s user + 0.000000s system = 0.015625s CPU (20.7%)

OPT-1001 : Current memory(MB): used = 148, reserve = 119, peak = 148.
OPT-1001 : End physical optimization;  0.370779s wall, 0.093750s user + 0.015625s system = 0.109375s CPU (29.5%)

PHY-3001 : Start packing ...
SYN-4007 : Packing 0 MUX to BLE ...
SYN-4008 : Packed 0 MUX and 0 SEQ to BLE.
SYN-4007 : Packing 253 LUT to BLE ...
SYN-4008 : Packed 253 LUT and 79 SEQ to BLE.
SYN-4003 : Packing 122 remaining SEQ's ...
SYN-4005 : Packed 49 SEQ with LUT/SLICE
SYN-4006 : 135 single LUT's are left
SYN-4006 : 73 single SEQ's are left
SYN-4011 : Packing model "keyboard_instance" (AL_USER_NORMAL) with 326/484 primitive instances ...
PHY-3001 : End packing;  0.016373s wall, 0.015625s user + 0.000000s system = 0.015625s CPU (95.4%)

PHY-1001 : Populate physical database on model keyboard_instance.
RUN-1001 : There are total 331 instances
RUN-1001 : 152 mslices, 151 lslices, 24 pads, 0 brams, 0 dsps
RUN-1001 : There are total 650 nets
RUN-1001 : 369 nets have 2 pins
RUN-1001 : 181 nets have [3 - 5] pins
RUN-1001 : 80 nets have [6 - 10] pins
RUN-1001 : 12 nets have [11 - 20] pins
RUN-1001 : 6 nets have [21 - 99] pins
RUN-1001 : 2 nets have 100+ pins
PHY-3001 : design contains 329 instances, 303 slices, 13 macros(130 instances: 96 mslices 34 lslices)
PHY-3001 : Cell area utilization is 4%
PHY-3001 : After packing: Len = 12764, Over = 21.5
PHY-3001 : Run with size of 2
PHY-3001 : Cell area utilization is 4%
PHY-3001 : Update timing in Manhattan mode ...
RUN-1002 : start command "start_timer -report"
TMR-2505 : Start building timing graph for model keyboard_instance.
TMR-2506 : Build timing graph completely. Port num: 8, tpin num: 2333, tnet num: 648, tinst num: 329, tnode num: 2751, tedge num: 3858.
TMR-2508 : Levelizing timing graph completed, there are 41 levels in total.
TMR-2501 : Timing graph initialized successfully.
TMR-2503 : Start to update net delay, extr mode = 3.
TMR-2504 : Update delay of 648 nets completely.
TMR-2502 : Annotate delay completely, extr mode = 3.
TMR-3001 : Initiate 0 clocks from SDC.
TMR-3004 : Map sdc constraints, there are 0 constraints in total.
TMR-3003 : Constraints initiated successfully.
TMR-3501 : Forward propagation: start to calculate arrival time...
TMR-3502 : Backward propagation: start to calculate required time...
TMR-3503 : Timing propagation completes.
PHY-3001 : End timing update;  0.138182s wall, 0.109375s user + 0.000000s system = 0.109375s CPU (79.2%)

PHY-3001 : :::0::: Try harder cell spreading with beta_ = 1.37824e-05
PHY-3002 : Step(82): len = 12323.8, overlap = 21.25
PHY-3002 : Step(83): len = 12370.4, overlap = 21.5
PHY-3002 : Step(84): len = 11615.5, overlap = 24
PHY-3002 : Step(85): len = 11304.6, overlap = 27
PHY-3002 : Step(86): len = 11291.7, overlap = 27
PHY-3002 : Step(87): len = 11213.6, overlap = 26
PHY-3001 : :::1::: Try harder cell spreading with beta_ = 2.75649e-05
PHY-3002 : Step(88): len = 11811.2, overlap = 19.75
PHY-3002 : Step(89): len = 11849.1, overlap = 19.25
PHY-3002 : Step(90): len = 11968.9, overlap = 22.25
PHY-3001 : :::2::: Try harder cell spreading with beta_ = 5.51298e-05
PHY-3002 : Step(91): len = 12436.8, overlap = 22.75
PHY-3002 : Step(92): len = 12534.1, overlap = 22.75
PHY-3002 : Step(93): len = 12600.7, overlap = 22.75
PHY-3001 : Legalization ...
PHY-3001 : End legalization;  0.070885s wall, 0.000000s user + 0.000000s system = 0.000000s CPU (n/a%)

PHY-3001 : Trial Legalized: Len = 18857.1
PHY-3001 : Run with size of 2
PHY-3001 : Cell area utilization is 4%
PHY-3001 : Update timing in Manhattan mode ...
TMR-2503 : Start to update net delay, extr mode = 3.
TMR-2504 : Update delay of 648 nets completely.
TMR-2502 : Annotate delay completely, extr mode = 3.
TMR-3501 : Forward propagation: start to calculate arrival time...
TMR-3502 : Backward propagation: start to calculate required time...
TMR-3503 : Timing propagation completes.
PHY-3001 : End timing update;  0.006039s wall, 0.000000s user + 0.000000s system = 0.000000s CPU (n/a%)

PHY-3001 : :::0::: Try harder cell spreading with beta_ = 0.0014435
PHY-3002 : Step(94): len = 16427.6, overlap = 3.75
PHY-3002 : Step(95): len = 15876, overlap = 5
PHY-3002 : Step(96): len = 15217.9, overlap = 3.5
PHY-3002 : Step(97): len = 14973.9, overlap = 4
PHY-3002 : Step(98): len = 14769.8, overlap = 4.5
PHY-3001 : Legalization ...
PHY-3001 : End legalization;  0.004688s wall, 0.000000s user + 0.000000s system = 0.000000s CPU (n/a%)

PHY-3001 : Legalized: Len = 16852, Over = 0
PHY-3001 : End spreading;  0.003112s wall, 0.000000s user + 0.000000s system = 0.000000s CPU (n/a%)

PHY-3001 : Final: Len = 16852, Over = 0
OPT-1001 : Start physical optimization ...
RUN-1002 : start command "start_timer -report"
TMR-2505 : Start building timing graph for model keyboard_instance.
TMR-2506 : Build timing graph completely. Port num: 8, tpin num: 2333, tnet num: 648, tinst num: 329, tnode num: 2751, tedge num: 3858.
TMR-2508 : Levelizing timing graph completed, there are 41 levels in total.
TMR-2501 : Timing graph initialized successfully.
OPT-1001 : Total overflow 0.00 peak overflow 0.00
OPT-1001 : Start high-fanout net optimization ...
OPT-1001 : Update timing in global mode
PHY-1001 : Start incremental global routing, caller is place ...
RUN-1001 : Generating global routing grids ...
PHY-1001 : Generate routing nets ...
PHY-1001 : Reuse net number 23/650.
PHY-1001 : Global iterations in 16 thread ...
PHY-1002 : len = 19632, over cnt = 57(0%), over = 85, worst = 4
PHY-1002 : len = 19952, over cnt = 31(0%), over = 44, worst = 4
PHY-1002 : len = 20424, over cnt = 4(0%), over = 5, worst = 2
PHY-1002 : len = 20496, over cnt = 0(0%), over = 0, worst = 0
PHY-1001 : End global iterations;  0.067424s wall, 0.015625s user + 0.000000s system = 0.015625s CPU (23.2%)

PHY-1001 : Congestion index: top1 = 20.11, top5 = 12.10, top10 = 7.23, top15 = 4.88.
PHY-1001 : End incremental global routing;  0.106853s wall, 0.031250s user + 0.000000s system = 0.031250s CPU (29.2%)

TMR-2503 : Start to update net delay, extr mode = 5.
TMR-2504 : Update delay of 648 nets completely.
TMR-2502 : Annotate delay completely, extr mode = 5.
TMR-3001 : Initiate 0 clocks from SDC.
TMR-3004 : Map sdc constraints, there are 0 constraints in total.
TMR-3003 : Constraints initiated successfully.
TMR-3501 : Forward propagation: start to calculate arrival time...
TMR-3502 : Backward propagation: start to calculate required time...
TMR-3503 : Timing propagation completes.
OPT-1001 : End timing update;  0.011074s wall, 0.000000s user + 0.000000s system = 0.000000s CPU (n/a%)

OPT-1001 : 0 high-fanout net processed.
OPT-1001 : End high-fanout net optimization;  0.124464s wall, 0.046875s user + 0.000000s system = 0.046875s CPU (37.7%)

OPT-1001 : Current memory(MB): used = 151, reserve = 122, peak = 151.
OPT-1001 : Start path based optimization ...
OPT-1001 : Start congestion update ...
RUN-1001 : Generating global routing grids ...
PHY-1001 : Generate routing nets ...
PHY-1001 : Reuse net number 531/650.
PHY-1001 : Global iterations in 16 thread ...
PHY-1002 : len = 20496, over cnt = 0(0%), over = 0, worst = 0
PHY-1001 : End global iterations;  0.001993s wall, 0.000000s user + 0.000000s system = 0.000000s CPU (n/a%)

PHY-1001 : Congestion index: top1 = 20.11, top5 = 12.10, top10 = 7.23, top15 = 4.88.
OPT-1001 : End congestion update;  0.042863s wall, 0.015625s user + 0.000000s system = 0.015625s CPU (36.5%)

OPT-1001 : Update timing in Manhattan mode
TMR-2503 : Start to update net delay, extr mode = 3.
TMR-2504 : Update delay of 648 nets completely.
TMR-2502 : Annotate delay completely, extr mode = 3.
TMR-3501 : Forward propagation: start to calculate arrival time...
TMR-3502 : Backward propagation: start to calculate required time...
TMR-3503 : Timing propagation completes.
OPT-1001 : End timing update;  0.006554s wall, 0.015625s user + 0.000000s system = 0.015625s CPU (238.4%)

OPT-0007 : Start: WNS 2147483647 TNS 0 NUM_FEPS 0
OPT-1001 : End path based optimization;  0.049493s wall, 0.031250s user + 0.000000s system = 0.031250s CPU (63.1%)

OPT-1001 : Current memory(MB): used = 152, reserve = 123, peak = 152.
OPT-1001 : Update timing in Manhattan mode
TMR-2503 : Start to update net delay, extr mode = 3.
TMR-2504 : Update delay of 648 nets completely.
TMR-2502 : Annotate delay completely, extr mode = 3.
TMR-3501 : Forward propagation: start to calculate arrival time...
TMR-3502 : Backward propagation: start to calculate required time...
TMR-3503 : Timing propagation completes.
OPT-1001 : End timing update;  0.005384s wall, 0.000000s user + 0.000000s system = 0.000000s CPU (n/a%)

OPT-1001 : Start pin optimization...
OPT-1001 : skip pin optimization...
OPT-1001 : Update timing in global mode
PHY-1001 : Start incremental global routing, caller is place ...
RUN-1001 : Generating global routing grids ...
PHY-1001 : Generate routing nets ...
PHY-1001 : Reuse net number 531/650.
PHY-1001 : Global iterations in 16 thread ...
PHY-1002 : len = 20496, over cnt = 0(0%), over = 0, worst = 0
PHY-1001 : End global iterations;  0.002078s wall, 0.000000s user + 0.000000s system = 0.000000s CPU (n/a%)

PHY-1001 : Congestion index: top1 = 20.11, top5 = 12.10, top10 = 7.23, top15 = 4.88.
PHY-1001 : End incremental global routing;  0.078842s wall, 0.000000s user + 0.000000s system = 0.000000s CPU (n/a%)

TMR-2503 : Start to update net delay, extr mode = 5.
TMR-2504 : Update delay of 648 nets completely.
TMR-2502 : Annotate delay completely, extr mode = 5.
TMR-3501 : Forward propagation: start to calculate arrival time...
TMR-3502 : Backward propagation: start to calculate required time...
TMR-3503 : Timing propagation completes.
OPT-1001 : End timing update;  0.016036s wall, 0.015625s user + 0.000000s system = 0.015625s CPU (97.4%)

RUN-1001 : Generating global routing grids ...
PHY-1001 : Generate routing nets ...
PHY-1001 : Reuse net number 531/650.
PHY-1001 : Global iterations in 16 thread ...
PHY-1002 : len = 20496, over cnt = 0(0%), over = 0, worst = 0
PHY-1001 : End global iterations;  0.001989s wall, 0.000000s user + 0.000000s system = 0.000000s CPU (n/a%)

PHY-1001 : Congestion index: top1 = 20.11, top5 = 12.10, top10 = 7.23, top15 = 4.88.
OPT-1001 : Update timing in Manhattan mode
TMR-2503 : Start to update net delay, extr mode = 3.
TMR-2504 : Update delay of 648 nets completely.
TMR-2502 : Annotate delay completely, extr mode = 3.
TMR-3501 : Forward propagation: start to calculate arrival time...
TMR-3502 : Backward propagation: start to calculate required time...
TMR-3503 : Timing propagation completes.
OPT-1001 : End timing update;  0.006806s wall, 0.015625s user + 0.000000s system = 0.015625s CPU (229.6%)

RUN-1001 : QoR Analysis:
OPT-0007 :   WNS 2147483647 TNS 0 NUM_FEPS 0
RUN-1001 :   No local congestion issue, and most congested 1% tile average routing util is 19.724138
RUN-1001 :   Top critical paths
OPT-1001 : End physical optimization;  0.465001s wall, 0.171875s user + 0.015625s system = 0.187500s CPU (40.3%)

RUN-1003 : finish command "place" in  3.458997s wall, 0.718750s user + 0.562500s system = 1.281250s CPU (37.0%)

RUN-1004 : used memory is 135 MB, reserved memory is 106 MB, peak memory is 152 MB
RUN-1002 : start command "export_db keyboard_place.db"
RUN-1001 : Exported /
RUN-1001 : Exported flow parameters
RUN-1001 : Exported libs
RUN-1001 : Exported entities
RUN-1001 : Exported ports
RUN-1001 : Exported pins
RUN-1001 : Exported instances
RUN-1001 : Exported nets
RUN-1001 : Exported buses
RUN-1001 : Exported models
RUN-1001 : Exported congestions
RUN-1001 : Exported violations
RUN-1001 : Exported timing constraints
RUN-1001 : Exported IO constraints
RUN-1001 : Exported Inst constraints
RUN-1002 : start command "route"
RUN-1001 : Open license file E:/Anlogic/TD5.6.59063/license/Anlogic.lic
RUN-1001 : Print Global Property
RUN-1001 : ---------------------------------------------------------------
RUN-1001 :        Parameters        |  Settings  |  Default Values  |  Note  
RUN-1001 : ---------------------------------------------------------------
RUN-1001 :          message         |  standard  |     standard     |        
RUN-1001 :   mixed_pack_place_flow  |     on     |        on        |        
RUN-1001 :        qor_monitor       |    off     |       off        |        
RUN-1001 :        syn_ip_flow       |    off     |       off        |        
RUN-1001 :          thread          |    auto    |       auto       |        
RUN-1001 : ---------------------------------------------------------------
RUN-1001 : Print Route Property
RUN-1001 : -------------------------------------------------------
RUN-1001 :    Parameters    |  Settings  |  Default Values  |  Note  
RUN-1001 : -------------------------------------------------------
RUN-1001 :      effort      |   medium   |      medium      |        
RUN-1001 :     fix_hold     |    off     |       off        |        
RUN-1001 :    opt_timing    |   medium   |      medium      |        
RUN-1001 :   phy_sim_model  |    off     |       off        |        
RUN-1001 :     priority     |   timing   |      timing      |        
RUN-1001 :     swap_pin     |     on     |        on        |        
RUN-1001 : -------------------------------------------------------
PHY-1001 : Route runs in 16 thread(s)
RUN-1001 : There are total 331 instances
RUN-1001 : 152 mslices, 151 lslices, 24 pads, 0 brams, 0 dsps
RUN-1001 : There are total 650 nets
RUN-1001 : 369 nets have 2 pins
RUN-1001 : 181 nets have [3 - 5] pins
RUN-1001 : 80 nets have [6 - 10] pins
RUN-1001 : 12 nets have [11 - 20] pins
RUN-1001 : 6 nets have [21 - 99] pins
RUN-1001 : 2 nets have 100+ pins
RUN-1002 : start command "start_timer -report"
TMR-2505 : Start building timing graph for model keyboard_instance.
TMR-2506 : Build timing graph completely. Port num: 8, tpin num: 2333, tnet num: 648, tinst num: 329, tnode num: 2751, tedge num: 3858.
TMR-2508 : Levelizing timing graph completed, there are 41 levels in total.
TMR-2501 : Timing graph initialized successfully.
PHY-1001 : 152 mslices, 151 lslices, 24 pads, 0 brams, 0 dsps
TMR-2503 : Start to update net delay, extr mode = 3.
TMR-2504 : Update delay of 648 nets completely.
TMR-2502 : Annotate delay completely, extr mode = 3.
TMR-3001 : Initiate 0 clocks from SDC.
TMR-3004 : Map sdc constraints, there are 0 constraints in total.
TMR-3003 : Constraints initiated successfully.
TMR-3501 : Forward propagation: start to calculate arrival time...
TMR-3502 : Backward propagation: start to calculate required time...
TMR-3503 : Timing propagation completes.
PHY-1001 : Start global routing, caller is route ...
RUN-1001 : Generating global routing grids ...
PHY-1001 : Generate routing nets ...
PHY-1001 : Global iterations in 16 thread ...
PHY-1002 : len = 19480, over cnt = 58(0%), over = 87, worst = 4
PHY-1002 : len = 19800, over cnt = 31(0%), over = 45, worst = 4
PHY-1002 : len = 20336, over cnt = 0(0%), over = 0, worst = 0
PHY-1001 : End global iterations;  0.070962s wall, 0.000000s user + 0.000000s system = 0.000000s CPU (n/a%)

PHY-1001 : Congestion index: top1 = 20.09, top5 = 11.98, top10 = 7.18, top15 = 4.84.
PHY-1001 : End global routing;  0.110021s wall, 0.015625s user + 0.000000s system = 0.015625s CPU (14.2%)

PHY-1001 : Start detail routing ...
PHY-1001 : Current memory(MB): used = 171, reserve = 142, peak = 187.
PHY-1001 : Detailed router is running in normal mode.
PHY-1001 : Generate detailed routing grids ...
PHY-1001 : Generate nets ...
PHY-1001 : net clk_50M_dup_1 will be routed on clock mesh
PHY-1001 : clock net U1/scan_clk_syn_4 will be merged with clock U1/scan_clk
PHY-1001 : Current memory(MB): used = 441, reserve = 417, peak = 441.
PHY-1001 : End build detailed router design. 3.433839s wall, 1.453125s user + 0.046875s system = 1.500000s CPU (43.7%)

PHY-1001 : Detail Route ...
PHY-1001 : ===== Detail Route Phase 1 =====
PHY-1001 : Clock net routing.....
PHY-1001 : Routed 0% nets.
PHY-1022 : len = 6888, over cnt = 0(0%), over = 0, worst = 0, crit = 0
PHY-1001 : End initial clock net routed; 0.356978s wall, 0.109375s user + 0.000000s system = 0.109375s CPU (30.6%)

PHY-1001 : Current memory(MB): used = 470, reserve = 449, peak = 470.
PHY-1001 : End phase 1; 0.362899s wall, 0.125000s user + 0.000000s system = 0.125000s CPU (34.4%)

PHY-1001 : ===== Detail Route Phase 2 =====
PHY-1001 : Initial routing.....
PHY-1001 : Routed 18% nets.
PHY-1001 : Routed 20% nets.
PHY-1001 : Routed 30% nets.
PHY-1001 : Patch 310 net; 0.183255s wall, 0.125000s user + 0.000000s system = 0.125000s CPU (68.2%)

PHY-1022 : len = 36704, over cnt = 20(0%), over = 20, worst = 1, crit = 0
PHY-1001 : Current memory(MB): used = 471, reserve = 449, peak = 471.
PHY-1001 : End initial routed; 0.257499s wall, 0.171875s user + 0.015625s system = 0.187500s CPU (72.8%)

PHY-1001 : Update timing.....
PHY-1001 : 0/507(0%) critical/total net(s).
RUN-1001 : ------------------------------------------
RUN-1001 :   Type   |    WNS(ns)    |  TNS(ns)  |  FEP  
RUN-1001 : ------------------------------------------
RUN-1001 :   Setup  |  2147483.647  |   0.000   |   0   
RUN-1001 :   Hold   |  2147483.647  |   0.000   |   0   
RUN-1001 : ------------------------------------------
PHY-1001 : End update timing; 0.164330s wall, 0.078125s user + 0.000000s system = 0.078125s CPU (47.5%)

PHY-1001 : Current memory(MB): used = 471, reserve = 449, peak = 471.
PHY-1001 : End phase 2; 0.421909s wall, 0.250000s user + 0.015625s system = 0.265625s CPU (63.0%)

PHY-1001 : ===== Detail Route Phase 3 =====
PHY-1001 : Optimize timing.....
PHY-1022 : len = 36704, over cnt = 20(0%), over = 20, worst = 1, crit = 0
PHY-1001 : End optimize timing; 0.005965s wall, 0.000000s user + 0.000000s system = 0.000000s CPU (n/a%)

PHY-1001 : Ripup-reroute.....
PHY-1001 : ===== DR Iter 1 =====
PHY-1022 : len = 36840, over cnt = 1(0%), over = 1, worst = 1, crit = 0
PHY-1001 : End DR Iter 1; 0.025098s wall, 0.000000s user + 0.000000s system = 0.000000s CPU (n/a%)

PHY-1001 : ===== DR Iter 2 =====
PHY-1022 : len = 36832, over cnt = 0(0%), over = 0, worst = 0, crit = 0
PHY-1001 : End DR Iter 2; 0.011696s wall, 0.000000s user + 0.000000s system = 0.000000s CPU (n/a%)

PHY-1001 : Update timing.....
PHY-1001 : 0/507(0%) critical/total net(s).
RUN-1001 : ------------------------------------------
RUN-1001 :   Type   |    WNS(ns)    |  TNS(ns)  |  FEP  
RUN-1001 : ------------------------------------------
RUN-1001 :   Setup  |  2147483.647  |   0.000   |   0   
RUN-1001 :   Hold   |  2147483.647  |   0.000   |   0   
RUN-1001 : ------------------------------------------
PHY-1001 : End update timing; 0.152290s wall, 0.093750s user + 0.000000s system = 0.093750s CPU (61.6%)

PHY-1001 : Commit to database.....
PHY-1001 : 4 feed throughs used by 3 nets
PHY-1001 : End commit to database; 0.055622s wall, 0.046875s user + 0.000000s system = 0.046875s CPU (84.3%)

PHY-1001 : Current memory(MB): used = 483, reserve = 459, peak = 483.
PHY-1001 : End phase 3; 0.374775s wall, 0.203125s user + 0.000000s system = 0.203125s CPU (54.2%)

PHY-1003 : Routed, final wirelength = 36832
PHY-1001 : Current memory(MB): used = 483, reserve = 460, peak = 483.
PHY-1001 : End export database. 0.005428s wall, 0.000000s user + 0.000000s system = 0.000000s CPU (n/a%)

PHY-1001 : End detail routing;  4.779007s wall, 2.125000s user + 0.093750s system = 2.218750s CPU (46.4%)

RUN-1003 : finish command "route" in  5.086241s wall, 2.218750s user + 0.140625s system = 2.359375s CPU (46.4%)

RUN-1004 : used memory is 434 MB, reserved memory is 413 MB, peak memory is 483 MB
RUN-1002 : start command "report_area -io_info -file keyboard_phy.area"
RUN-1001 : standard
***Report Model: keyboard_instance Device: EG4S20BG256***

IO Statistics
#IO                        24
  #input                    6
  #output                  18
  #inout                    0

Utilization Statistics
#lut                      513   out of  19600    2.62%
#reg                      201   out of  19600    1.03%
#le                       586
  #lut only               385   out of    586   65.70%
  #reg only                73   out of    586   12.46%
  #lut&reg                128   out of    586   21.84%
#dsp                        0   out of     29    0.00%
#bram                       0   out of     64    0.00%
  #bram9k                   0
  #fifo9k                   0
#bram32k                    0   out of     16    0.00%
#pad                       24   out of    188   12.77%
  #ireg                     0
  #oreg                     0
  #treg                     0
#pll                        0   out of      4    0.00%
#gclk                       2   out of     16   12.50%

Clock Resource Statistics
Index     ClockNet         Type               DriverType         Driver                      Fanout
#1        clk_50M_dup_1    GCLK               io                 clk_50M_syn_2.di            109
#2        U1/scan_clk      GCLK               mslice             U1/scan_clk_reg_syn_9.q0    10


Detailed IO Report

        Name           Direction    Location    IOStandard    DriveStrength    PullType    PackReg  
        RSTn             INPUT         A9        LVCMOS33          N/A          PULLUP      NONE    
       clk_50M           INPUT         R7        LVCMOS33          N/A          PULLUP      NONE    
       col[3]            INPUT        F10        LVCMOS33          N/A          PULLUP      NONE    
       col[2]            INPUT        C11        LVCMOS33          N/A          PULLUP      NONE    
       col[1]            INPUT        D11        LVCMOS33          N/A          PULLUP      NONE    
       col[0]            INPUT        E11        LVCMOS33          N/A          PULLUP      NONE    
  DigitronCS_Out[3]     OUTPUT         A3        LVCMOS33           8            NONE       NONE    
  DigitronCS_Out[2]     OUTPUT         A5        LVCMOS33           8            NONE       NONE    
  DigitronCS_Out[1]     OUTPUT         B6        LVCMOS33           8            NONE       NONE    
  DigitronCS_Out[0]     OUTPUT         C9        LVCMOS33           8            NONE       NONE    
   Digitron_Out[7]      OUTPUT         C8        LVCMOS33           8            NONE       NONE    
   Digitron_Out[6]      OUTPUT         A8        LVCMOS33           8            NONE       NONE    
   Digitron_Out[5]      OUTPUT         B5        LVCMOS33           8            NONE       NONE    
   Digitron_Out[4]      OUTPUT         A7        LVCMOS33           8            NONE       NONE    
   Digitron_Out[3]      OUTPUT         E8        LVCMOS33           8            NONE       NONE    
   Digitron_Out[2]      OUTPUT         B8        LVCMOS33           8            NONE       NONE    
   Digitron_Out[1]      OUTPUT         A6        LVCMOS33           8            NONE       NONE    
   Digitron_Out[0]      OUTPUT         A4        LVCMOS33           8            NONE       NONE    
       buzzer           OUTPUT        H11        LVCMOS33           8            NONE       NONE    
        light           OUTPUT        B14        LVCMOS33           8            NONE       NONE    
       row[3]           OUTPUT         D9        LVCMOS33           8            NONE       NONE    
       row[2]           OUTPUT         F9        LVCMOS33           8            NONE       NONE    
       row[1]           OUTPUT        C10        LVCMOS33           8            NONE       NONE    
       row[0]           OUTPUT        E10        LVCMOS33           8            NONE       NONE    

Report Hierarchy Area:
+-------------------------------------------------------------------------------------------+
|Instance |Module                      |le     |lut     |ripple  |seq     |bram    |dsp     |
+-------------------------------------------------------------------------------------------+
|top      |keyboard_instance           |586    |383     |130     |201     |0       |0       |
|  U1     |keyboard_scan               |72     |50      |9       |53      |0       |0       |
|  U2     |key_filter                  |61     |21      |6       |51      |0       |0       |
|  U3     |onehot2binary               |408    |272     |110     |81      |0       |0       |
|  U5     |Digitron_TimeDisplay_module |40     |35      |5       |16      |0       |0       |
+-------------------------------------------------------------------------------------------+


DataNet Average Fanout:

   Index     Fanout    Nets  
    #1         1       345   
    #2         2       124   
    #3         3        34   
    #4         4        23   
    #5        5-10      82   
    #6       11-50      14   
  Average     2.48           

RUN-1002 : start command "export_db keyboard_pr.db"
RUN-1001 : Exported /
RUN-1001 : Exported flow parameters
RUN-1001 : Exported libs
RUN-1001 : Exported entities
RUN-1001 : Exported ports
RUN-1001 : Exported pins
RUN-1001 : Exported instances
RUN-1001 : Exported nets
RUN-1001 : Exported buses
RUN-1001 : Exported models
RUN-1001 : Exported congestions
RUN-1001 : Exported violations
RUN-1001 : Exported timing constraints
RUN-1001 : Exported IO constraints
RUN-1001 : Exported Inst constraints
RUN-1002 : start command "export_bid keyboard_inst.bid"
RUN-1002 : start command "bitgen -bit keyboard.bit -unused_io_status pulldown"
BIT-1003 : Start to generate bitstream. 
BIT-1002 : Bitgen processed 164 unused pads, reserve input tri_state with pulldown
BIT-1002 : Init instances with 16 threads.
BIT-1002 : Init instances completely, inst num: 493
BIT-1002 : Init pips with 16 threads.
BIT-1002 : Init pips completely, net num: 650, pip num: 4557
BIT-1002 : Init feedthrough completely, num: 4
BIT-1003 : Multithreading accelaration with 16 threads.
BIT-1003 : Generate bitstream completely, there are 657 valid insts, and 15290 bits set as '1'.
BIT-1004 : PLL setting string = 0000
BIT-1004 : Generate bits file keyboard.bit.
RUN-1003 : finish command "bitgen -bit keyboard.bit -unused_io_status pulldown" in  1.187252s wall, 5.875000s user + 0.046875s system = 5.921875s CPU (498.8%)

RUN-1004 : used memory is 447 MB, reserved memory is 424 MB, peak memory is 628 MB
RUN-1002 : start command "backup_run_log run.log ../.logs/phy_1/td_20240828_141545.log"
