============================================================
   Tang Dynasty, V5.6.59063
   Copyright (c) 2012-2022 Anlogic
   Executable = E:/Anlogic/TD5.6.59063/bin/td.exe
   Built at =   12:45:13 Sep  6 2022
   Run by =     19234
   Run Date =   Tue Aug 27 23:22:11 2024

   Run on =     ERIKPSW
============================================================
RUN-1002 : start command "open_project keyboard.prj"
RUN-1001 : Print Global Property
RUN-1001 : ---------------------------------------------------------------
RUN-1001 :        Parameters        |  Settings  |  Default Values  |  Note  
RUN-1001 : ---------------------------------------------------------------
RUN-1001 :          message         |  standard  |     standard     |        
RUN-1001 :   mixed_pack_place_flow  |     on     |        on        |        
RUN-1001 :        qor_monitor       |    off     |       off        |        
RUN-1001 :        syn_ip_flow       |    off     |       off        |        
RUN-1001 :          thread          |    auto    |       auto       |        
RUN-1001 : ---------------------------------------------------------------
RUN-1001 : Print Design Property
RUN-1001 : --------------------------------------------------------------
RUN-1001 :        Parameters       |  Settings  |  Default Values  |  Note  
RUN-1001 : --------------------------------------------------------------
RUN-1001 :   default_reg_initial   |    auto    |       auto       |        
RUN-1001 :        infer_add        |     on     |        on        |        
RUN-1001 :        infer_fsm        |    off     |       off        |        
RUN-1001 :        infer_mult       |     on     |        on        |        
RUN-1001 :        infer_ram        |     on     |        on        |        
RUN-1001 :        infer_reg        |     on     |        on        |        
RUN-1001 :   infer_reg_init_value  |     on     |        on        |        
RUN-1001 :        infer_rom        |     on     |        on        |        
RUN-1001 :      infer_shifter      |     on     |        on        |        
RUN-1001 : --------------------------------------------------------------
RUN-1001 : Print Rtl Property
RUN-1001 : --------------------------------------------------------------
RUN-1001 :        Parameters       |  Settings  |  Default Values  |  Note  
RUN-1001 : --------------------------------------------------------------
RUN-1001 :       compress_add      |   ripple   |      ripple      |        
RUN-1001 :        elf_sload        |    off     |       off        |        
RUN-1001 :       fix_undriven      |     0      |        0         |        
RUN-1001 :         flatten         |    off     |       off        |        
RUN-1001 :       gate_sharing      |     on     |        on        |        
RUN-1001 :    hdl_warning_level    |   normal   |      normal      |        
RUN-1001 :   impl_internal_tribuf  |     on     |        on        |        
RUN-1001 :      impl_set_reset     |     on     |        on        |        
RUN-1001 :        infer_gsr        |    off     |       off        |        
RUN-1001 :      keep_hierarchy     |    auto    |       auto       |        
RUN-1001 :        max_fanout       |    9999    |       9999       |        
RUN-1001 :      max_oh2bin_len     |     10     |        10        |        
RUN-1001 :       merge_equal       |     on     |        on        |        
RUN-1001 :       merge_equiv       |     on     |        on        |        
RUN-1001 :        merge_mux        |    off     |       off        |        
RUN-1001 :     min_control_set     |     8      |        8         |        
RUN-1001 :      min_ripple_len     |    auto    |       auto       |        
RUN-1001 :       oh2bin_ratio      |    0.08    |       0.08       |        
RUN-1001 :     opt_adder_fanout    |     on     |        on        |        
RUN-1001 :        opt_arith        |     on     |        on        |        
RUN-1001 :       opt_big_gate      |    off     |       off        |        
RUN-1001 :        opt_const        |     on     |        on        |        
RUN-1001 :      opt_const_mult     |     on     |        on        |        
RUN-1001 :       opt_lessthan      |     on     |        on        |        
RUN-1001 :         opt_mux         |    off     |       off        |        
RUN-1001 :         opt_ram         |    high    |       high       |        
RUN-1001 :      rtl_sim_model      |    off     |       off        |        
RUN-1001 :         seq_syn         |     on     |        on        |        
RUN-1001 : --------------------------------------------------------------
HDL-1007 : analyze verilog file ../../../src/Digitron_TimeDisplay_module.v
HDL-1007 : analyze verilog file ../../../src/key_filter.v
HDL-1007 : analyze verilog file ../../../src/keyboard_instance.v
HDL-1007 : analyze verilog file ../../../src/keyboard_scan.v
HDL-1007 : analyze verilog file ../../../src/onehot2binary.v
RUN-1001 : Project manager successfully analyzed 5 source files.
RUN-1002 : start command "import_device eagle_s20.db -package EG4S20BG256"
ARC-1001 : Device Initialization.
ARC-1001 : ------------------------------------------------------------------
ARC-1001 :            OPTION            |          IO          |   SETTING   
ARC-1001 : ------------------------------------------------------------------
ARC-1001 :   cso_b/cclk/mosi/miso/dout  |  T3/R11/T10/P10/S11  |    gpio    
ARC-1001 :             done             |         P13          |    gpio    
ARC-1001 :           program_b          |          T2          |  dedicate  
ARC-1001 :        tdi/tms/tck/tdo       |   C12/A15/C14/E14    |  dedicate  
ARC-1001 : ------------------------------------------------------------------
ARC-1004 : Device setting, marked 5 dedicate IOs in total.
RUN-1002 : start command "import_db ../syn_1/keyboard_gate.db"
RUN-1001 : Importing database generated by Tang Dynasty, V5.6.59063.
RUN-1001 : Database version number 46140.
RUN-1001 : Import flow parameters
RUN-1001 : Import timing constraints
RUN-1001 : Import IO constraints
RUN-1001 : Import Inst constraints
RUN-1001 : Import design success TD_VERSION=5.6.59063 , DB_VERSION=46140
RUN-1002 : start command "read_sdc"
USR-1002 : read_sdc file_name -help -h -eco
USR-1009 : NO module with IP_SDC ...
RUN-1104 : Import SDC file  finished, there are 0 nets kept by constraints.
RUN-1002 : start command "place"
RUN-1001 : Open license file E:/Anlogic/TD5.6.59063/license/Anlogic.lic
RUN-1001 : Print Global Property
RUN-1001 : ---------------------------------------------------------------
RUN-1001 :        Parameters        |  Settings  |  Default Values  |  Note  
RUN-1001 : ---------------------------------------------------------------
RUN-1001 :          message         |  standard  |     standard     |        
RUN-1001 :   mixed_pack_place_flow  |     on     |        on        |        
RUN-1001 :        qor_monitor       |    off     |       off        |        
RUN-1001 :        syn_ip_flow       |    off     |       off        |        
RUN-1001 :          thread          |    auto    |       auto       |        
RUN-1001 : ---------------------------------------------------------------
RUN-1001 : Print Place Property
RUN-1001 : --------------------------------------------------------------
RUN-1001 :        Parameters       |  Settings  |  Default Values  |  Note  
RUN-1001 : --------------------------------------------------------------
RUN-1001 :      detailed_place     |     on     |        on        |        
RUN-1001 :          effort         |   medium   |      medium      |        
RUN-1001 :         fix_hold        |    off     |       off        |        
RUN-1001 :       legalization      |    ori     |       ori        |        
RUN-1001 :      new_spreading      |     on     |        on        |        
RUN-1001 :        opt_timing       |   medium   |      medium      |        
RUN-1001 :   post_clock_route_opt  |    off     |       off        |        
RUN-1001 :       pr_strategy       |     1      |        1         |        
RUN-1001 :        relaxation       |    1.00    |       1.00       |        
RUN-1001 :         retiming        |    off     |       off        |        
RUN-1001 : --------------------------------------------------------------
PHY-3001 : Placer runs in 16 thread(s).
RUN-1002 : start command "legalize_phy_inst"
SYN-1011 : Flatten model keyboard_instance
RUN-1002 : start command "phys_opt -simplify_lut"
SYN-4024 : Net "clk_50M_dup_1" drives clk pins.
SYN-4024 : Net "U1/scan_clk" drives clk pins.
SYN-4025 : Tag rtl::Net U1/scan_clk as clock net
SYN-4025 : Tag rtl::Net clk_50M_dup_1 as clock net
SYN-4026 : Tagged 2 rtl::Net as clock net
SYN-4015 : Create BUFG instance for clk Net U1/scan_clk to drive 20 clock pins.
PHY-1001 : Populate physical database on model keyboard_instance.
RUN-1001 : There are total 564 instances
RUN-0007 : 236 luts, 201 seqs, 65 mslices, 34 lslices, 24 pads, 0 brams, 0 dsps
RUN-1001 : There are total 681 nets
RUN-1001 : 416 nets have 2 pins
RUN-1001 : 196 nets have [3 - 5] pins
RUN-1001 : 53 nets have [6 - 10] pins
RUN-1001 : 7 nets have [11 - 20] pins
RUN-1001 : 7 nets have [21 - 99] pins
RUN-1001 : 2 nets have 100+ pins
RUN-1001 : Report Control nets information:
RUN-1001 : DFF Distribution
RUN-1001 : ----------------------------------
RUN-1001 :   CE   |  SSR  |  ASR  |  DFF Count  
RUN-1001 : ----------------------------------
RUN-1001 :   No   |  No   |  No   |     100     
RUN-1001 :   No   |  No   |  Yes  |     20      
RUN-1001 :   No   |  Yes  |  No   |     17      
RUN-1001 :   Yes  |  No   |  No   |      0      
RUN-1001 :   Yes  |  No   |  Yes  |     32      
RUN-1001 :   Yes  |  Yes  |  No   |     32      
RUN-1001 : ----------------------------------
RUN-0007 : Control Group Statistic
RUN-0007 : ---------------------------
RUN-0007 :   #CLK  |  #CE  |  #SSR/ASR  
RUN-0007 : ---------------------------
RUN-0007 :    2    |   3   |     3      
RUN-0007 : ---------------------------
RUN-0007 : Control Set = 6
PHY-3001 : Initial placement ...
PHY-3001 : design contains 562 instances, 236 luts, 201 seqs, 99 slices, 11 macros(99 instances: 65 mslices 34 lslices)
PHY-0007 : Cell area utilization is 2%
PHY-3001 : Start timing update ...
RUN-1002 : start command "start_timer -report"
TMR-2505 : Start building timing graph for model keyboard_instance.
TMR-2506 : Build timing graph completely. Port num: 8, tpin num: 2430, tnet num: 679, tinst num: 562, tnode num: 2997, tedge num: 3908.
TMR-2508 : Levelizing timing graph completed, there are 35 levels in total.
TMR-2501 : Timing graph initialized successfully.
TMR-2503 : Start to update net delay, extr mode = 2.
TMR-2504 : Update delay of 679 nets completely.
TMR-2502 : Annotate delay completely, extr mode = 2.
TMR-3001 : Initiate 0 clocks from SDC.
TMR-3004 : Map sdc constraints, there are 0 constraints in total.
TMR-3003 : Constraints initiated successfully.
TMR-3501 : Forward propagation: start to calculate arrival time...
TMR-3502 : Backward propagation: start to calculate required time...
TMR-3503 : Timing propagation completes.
PHY-3001 : End timing update;  0.140414s wall, 0.062500s user + 0.000000s system = 0.062500s CPU (44.5%)

PHY-3001 : Global placement ...
PHY-3001 : Initial: Len = 163686
PHY-3001 : Clustering ...
PHY-3001 : Level 0 #clusters 562.
PHY-3001 : End clustering;  0.000031s wall, 0.000000s user + 0.000000s system = 0.000000s CPU (n/a%)

PHY-3001 : Run with size of 4
PHY-3001 : Cell area utilization is 2%
PHY-3001 : :::0::: Try harder cell spreading with beta_ = 0
PHY-3002 : Step(1): len = 106538, overlap = 0
PHY-3002 : Step(2): len = 66537.1, overlap = 0
PHY-3002 : Step(3): len = 47491.9, overlap = 0
PHY-3002 : Step(4): len = 34195.9, overlap = 0
PHY-3002 : Step(5): len = 27199.4, overlap = 0
PHY-3002 : Step(6): len = 23630.8, overlap = 0
PHY-3002 : Step(7): len = 21066.1, overlap = 0
PHY-3002 : Step(8): len = 19625.5, overlap = 0
PHY-3002 : Step(9): len = 18690.9, overlap = 0
PHY-3002 : Step(10): len = 17925.5, overlap = 0
PHY-3002 : Step(11): len = 17319.1, overlap = 0
PHY-3002 : Step(12): len = 17394.7, overlap = 0
PHY-3002 : Step(13): len = 16136.6, overlap = 0.1875
PHY-3002 : Step(14): len = 15433.3, overlap = 0.125
PHY-3002 : Step(15): len = 15700.7, overlap = 0
PHY-3002 : Step(16): len = 15109.4, overlap = 0
PHY-3002 : Step(17): len = 14205.6, overlap = 0
PHY-3002 : Step(18): len = 14457.9, overlap = 0
PHY-3002 : Step(19): len = 14482.5, overlap = 0
PHY-3002 : Step(20): len = 14328.1, overlap = 0
PHY-3002 : Step(21): len = 13994.8, overlap = 0
PHY-3002 : Step(22): len = 14504.3, overlap = 0
PHY-3002 : Step(23): len = 14574.2, overlap = 2.25
PHY-3002 : Step(24): len = 12665.6, overlap = 2.75
PHY-3002 : Step(25): len = 12103.3, overlap = 2.4375
PHY-3002 : Step(26): len = 11916.8, overlap = 2.1875
PHY-3002 : Step(27): len = 12249.9, overlap = 0.75
PHY-3002 : Step(28): len = 12163.3, overlap = 0.5
PHY-3002 : Step(29): len = 11372.6, overlap = 0.5
PHY-3002 : Step(30): len = 11017.1, overlap = 0.75
PHY-3002 : Step(31): len = 11238.1, overlap = 0.875
PHY-3002 : Step(32): len = 10372.1, overlap = 0.5625
PHY-3002 : Step(33): len = 10397.6, overlap = 0.625
PHY-3002 : Step(34): len = 10517.3, overlap = 1.1875
PHY-3002 : Step(35): len = 10135.6, overlap = 1.9375
PHY-3002 : Step(36): len = 9724.9, overlap = 2.125
PHY-3002 : Step(37): len = 9904.2, overlap = 2.4375
PHY-3002 : Step(38): len = 10224.9, overlap = 3.9375
PHY-3001 : Legalization ...
PHY-3001 : End legalization;  0.003247s wall, 0.000000s user + 0.000000s system = 0.000000s CPU (n/a%)

PHY-3001 : Run with size of 4
PHY-3001 : Cell area utilization is 2%
PHY-3001 : Update timing in Manhattan mode ...
TMR-2503 : Start to update net delay, extr mode = 3.
TMR-2504 : Update delay of 679 nets completely.
TMR-2502 : Annotate delay completely, extr mode = 3.
TMR-3501 : Forward propagation: start to calculate arrival time...
TMR-3502 : Backward propagation: start to calculate required time...
TMR-3503 : Timing propagation completes.
PHY-3001 : End timing update;  0.006651s wall, 0.000000s user + 0.000000s system = 0.000000s CPU (n/a%)

PHY-3001 : :::0::: Try harder cell spreading with beta_ = 0
PHY-3002 : Step(39): len = 9303.6, overlap = 12.9375
PHY-3002 : Step(40): len = 9415.9, overlap = 13.3125
PHY-3002 : Step(41): len = 9415.9, overlap = 13.3125
PHY-3001 : Run with size of 2
PHY-3001 : Cell area utilization is 2%
PHY-3001 : Update timing in Manhattan mode ...
TMR-2503 : Start to update net delay, extr mode = 3.
TMR-2504 : Update delay of 679 nets completely.
TMR-2502 : Annotate delay completely, extr mode = 3.
TMR-3501 : Forward propagation: start to calculate arrival time...
TMR-3502 : Backward propagation: start to calculate required time...
TMR-3503 : Timing propagation completes.
PHY-3001 : End timing update;  0.007024s wall, 0.000000s user + 0.000000s system = 0.000000s CPU (n/a%)

PHY-3001 : :::0::: Try harder cell spreading with beta_ = 4.31562e-05
PHY-3002 : Step(42): len = 10990.2, overlap = 18.1875
PHY-3002 : Step(43): len = 11085, overlap = 18.25
PHY-3002 : Step(44): len = 10365.7, overlap = 17.4375
PHY-3002 : Step(45): len = 10210.9, overlap = 16.1562
PHY-3002 : Step(46): len = 10231.4, overlap = 15.75
PHY-3002 : Step(47): len = 9861.2, overlap = 17.5938
PHY-3002 : Step(48): len = 10046.6, overlap = 12.9375
PHY-3002 : Step(49): len = 10073.3, overlap = 12
PHY-3001 : :::1::: Try harder cell spreading with beta_ = 8.63124e-05
PHY-3002 : Step(50): len = 10475.7, overlap = 9.125
PHY-3002 : Step(51): len = 10599.4, overlap = 9.09375
PHY-3002 : Step(52): len = 10816.7, overlap = 8.875
PHY-3001 : :::2::: Try harder cell spreading with beta_ = 0.000172625
PHY-3002 : Step(53): len = 10352.1, overlap = 8.84375
PHY-3002 : Step(54): len = 10601.7, overlap = 8.96875
PHY-3002 : Step(55): len = 10713.1, overlap = 8.78125
OPT-1001 : Start physical optimization ...
RUN-1002 : start command "start_timer -report"
TMR-2505 : Start building timing graph for model keyboard_instance.
TMR-2506 : Build timing graph completely. Port num: 8, tpin num: 2430, tnet num: 679, tinst num: 562, tnode num: 2997, tedge num: 3908.
TMR-2508 : Levelizing timing graph completed, there are 35 levels in total.
TMR-2501 : Timing graph initialized successfully.
OPT-1001 : Total overflow 30.03 peak overflow 2.00
OPT-1001 : Start high-fanout net optimization ...
OPT-1001 : Update timing in global mode
PHY-1001 : Start incremental global routing, caller is place ...
RUN-1001 : Generating global routing grids ...
RUN-1001 : Building simple global routing graph ...
PHY-1001 : Generate routing nets ...
PHY-1001 : Reuse net number 0/681.
PHY-1001 : Global iterations in 16 thread ...
PHY-1002 : len = 11648, over cnt = 50(0%), over = 163, worst = 11
PHY-1001 : End global iterations;  0.035043s wall, 0.000000s user + 0.000000s system = 0.000000s CPU (n/a%)

PHY-1001 : Congestion index: top1 = 19.18, top5 = 7.67, top10 = 4.12, top15 = 2.75.
PHY-1001 : End incremental global routing;  0.080984s wall, 0.031250s user + 0.000000s system = 0.031250s CPU (38.6%)

TMR-2503 : Start to update net delay, extr mode = 5.
TMR-2504 : Update delay of 679 nets completely.
TMR-2502 : Annotate delay completely, extr mode = 5.
TMR-3001 : Initiate 0 clocks from SDC.
TMR-3004 : Map sdc constraints, there are 0 constraints in total.
TMR-3003 : Constraints initiated successfully.
TMR-3501 : Forward propagation: start to calculate arrival time...
TMR-3502 : Backward propagation: start to calculate required time...
TMR-3503 : Timing propagation completes.
OPT-1001 : End timing update;  0.009625s wall, 0.015625s user + 0.000000s system = 0.015625s CPU (162.3%)

OPT-1001 : 0 high-fanout net processed.
OPT-1001 : End high-fanout net optimization;  0.096822s wall, 0.046875s user + 0.000000s system = 0.046875s CPU (48.4%)

OPT-1001 : Current memory(MB): used = 147, reserve = 119, peak = 147.
OPT-1001 : Start global optimization ...
OPT-1001 : Start congestion update ...
RUN-1001 : Generating global routing grids ...
PHY-1001 : Generate routing nets ...
PHY-1001 : Reuse net number 384/681.
PHY-1001 : Global iterations in 16 thread ...
PHY-1002 : len = 11648, over cnt = 50(0%), over = 163, worst = 11
PHY-1002 : len = 12960, over cnt = 23(0%), over = 45, worst = 9
PHY-1002 : len = 13352, over cnt = 7(0%), over = 7, worst = 1
PHY-1002 : len = 13408, over cnt = 3(0%), over = 3, worst = 1
PHY-1002 : len = 13456, over cnt = 0(0%), over = 0, worst = 0
PHY-1001 : End global iterations;  0.029122s wall, 0.015625s user + 0.000000s system = 0.015625s CPU (53.7%)

PHY-1001 : Congestion index: top1 = 18.30, top5 = 8.40, top10 = 4.63, top15 = 3.09.
OPT-1001 : End congestion update;  0.069490s wall, 0.031250s user + 0.000000s system = 0.031250s CPU (45.0%)

OPT-1001 : Update timing in Manhattan mode
TMR-2503 : Start to update net delay, extr mode = 3.
TMR-2504 : Update delay of 679 nets completely.
TMR-2502 : Annotate delay completely, extr mode = 3.
TMR-3501 : Forward propagation: start to calculate arrival time...
TMR-3502 : Backward propagation: start to calculate required time...
TMR-3503 : Timing propagation completes.
OPT-1001 : End timing update;  0.006947s wall, 0.000000s user + 0.000000s system = 0.000000s CPU (n/a%)

OPT-0007 : Start: WNS 2147483647 TNS 0 NUM_FEPS 0
OPT-1001 : End global optimization;  0.076521s wall, 0.031250s user + 0.000000s system = 0.031250s CPU (40.8%)

OPT-1001 : Current memory(MB): used = 147, reserve = 120, peak = 147.
OPT-1001 : End physical optimization;  0.352554s wall, 0.093750s user + 0.000000s system = 0.093750s CPU (26.6%)

PHY-3001 : Start packing ...
SYN-4007 : Packing 0 MUX to BLE ...
SYN-4008 : Packed 0 MUX and 0 SEQ to BLE.
SYN-4007 : Packing 236 LUT to BLE ...
SYN-4008 : Packed 236 LUT and 79 SEQ to BLE.
SYN-4003 : Packing 122 remaining SEQ's ...
SYN-4005 : Packed 50 SEQ with LUT/SLICE
SYN-4006 : 117 single LUT's are left
SYN-4006 : 72 single SEQ's are left
SYN-4011 : Packing model "keyboard_instance" (AL_USER_NORMAL) with 308/435 primitive instances ...
PHY-3001 : End packing;  0.015295s wall, 0.000000s user + 0.000000s system = 0.000000s CPU (n/a%)

PHY-1001 : Populate physical database on model keyboard_instance.
RUN-1001 : There are total 288 instances
RUN-1001 : 130 mslices, 130 lslices, 24 pads, 0 brams, 0 dsps
RUN-1001 : There are total 602 nets
RUN-1001 : 337 nets have 2 pins
RUN-1001 : 196 nets have [3 - 5] pins
RUN-1001 : 53 nets have [6 - 10] pins
RUN-1001 : 9 nets have [11 - 20] pins
RUN-1001 : 5 nets have [21 - 99] pins
RUN-1001 : 2 nets have 100+ pins
PHY-3001 : design contains 286 instances, 260 slices, 11 macros(99 instances: 65 mslices 34 lslices)
PHY-3001 : Cell area utilization is 3%
PHY-3001 : After packing: Len = 11137.2, Over = 17.25
PHY-3001 : Run with size of 2
PHY-3001 : Cell area utilization is 3%
PHY-3001 : Update timing in Manhattan mode ...
RUN-1002 : start command "start_timer -report"
TMR-2505 : Start building timing graph for model keyboard_instance.
TMR-2506 : Build timing graph completely. Port num: 8, tpin num: 2119, tnet num: 600, tinst num: 286, tnode num: 2533, tedge num: 3526.
TMR-2508 : Levelizing timing graph completed, there are 33 levels in total.
TMR-2501 : Timing graph initialized successfully.
TMR-2503 : Start to update net delay, extr mode = 3.
TMR-2504 : Update delay of 600 nets completely.
TMR-2502 : Annotate delay completely, extr mode = 3.
TMR-3001 : Initiate 0 clocks from SDC.
TMR-3004 : Map sdc constraints, there are 0 constraints in total.
TMR-3003 : Constraints initiated successfully.
TMR-3501 : Forward propagation: start to calculate arrival time...
TMR-3502 : Backward propagation: start to calculate required time...
TMR-3503 : Timing propagation completes.
PHY-3001 : End timing update;  0.165330s wall, 0.078125s user + 0.000000s system = 0.078125s CPU (47.3%)

PHY-3001 : :::0::: Try harder cell spreading with beta_ = 1.75908e-05
PHY-3002 : Step(56): len = 10604.1, overlap = 18.25
PHY-3002 : Step(57): len = 10708.4, overlap = 18.5
PHY-3002 : Step(58): len = 10737.9, overlap = 16.75
PHY-3001 : :::1::: Try harder cell spreading with beta_ = 3.51816e-05
PHY-3002 : Step(59): len = 10671.3, overlap = 16
PHY-3002 : Step(60): len = 10881.7, overlap = 15.75
PHY-3002 : Step(61): len = 11009.5, overlap = 14.5
PHY-3001 : :::2::: Try harder cell spreading with beta_ = 7.03631e-05
PHY-3002 : Step(62): len = 11251.4, overlap = 15.5
PHY-3002 : Step(63): len = 11323.6, overlap = 15.25
PHY-3002 : Step(64): len = 11349.9, overlap = 16.25
PHY-3001 : Legalization ...
PHY-3001 : End legalization;  0.069582s wall, 0.000000s user + 0.046875s system = 0.046875s CPU (67.4%)

PHY-3001 : Trial Legalized: Len = 17377
PHY-3001 : Run with size of 2
PHY-3001 : Cell area utilization is 3%
PHY-3001 : Update timing in Manhattan mode ...
TMR-2503 : Start to update net delay, extr mode = 3.
TMR-2504 : Update delay of 600 nets completely.
TMR-2502 : Annotate delay completely, extr mode = 3.
TMR-3501 : Forward propagation: start to calculate arrival time...
TMR-3502 : Backward propagation: start to calculate required time...
TMR-3503 : Timing propagation completes.
PHY-3001 : End timing update;  0.006643s wall, 0.000000s user + 0.000000s system = 0.000000s CPU (n/a%)

PHY-3001 : :::0::: Try harder cell spreading with beta_ = 0.00381096
PHY-3002 : Step(65): len = 15399.3, overlap = 1
PHY-3002 : Step(66): len = 14384.8, overlap = 3.5
PHY-3002 : Step(67): len = 12434.5, overlap = 5.75
PHY-3002 : Step(68): len = 12226.9, overlap = 7.5
PHY-3002 : Step(69): len = 12022.4, overlap = 8.25
PHY-3002 : Step(70): len = 11848.5, overlap = 8.75
PHY-3002 : Step(71): len = 11822.9, overlap = 8.75
PHY-3001 : :::1::: Try harder cell spreading with beta_ = 0.00762192
PHY-3002 : Step(72): len = 11809.9, overlap = 8.5
PHY-3002 : Step(73): len = 11688.3, overlap = 8.75
PHY-3001 : :::2::: Try harder cell spreading with beta_ = 0.0152438
PHY-3002 : Step(74): len = 11707.1, overlap = 8.75
PHY-3002 : Step(75): len = 11704.3, overlap = 8.75
PHY-3001 : Legalization ...
PHY-3001 : End legalization;  0.005220s wall, 0.000000s user + 0.000000s system = 0.000000s CPU (n/a%)

PHY-3001 : Legalized: Len = 14213.1, Over = 0
PHY-3001 : End spreading;  0.002425s wall, 0.000000s user + 0.000000s system = 0.000000s CPU (n/a%)

PHY-3001 : Final: Len = 14213.1, Over = 0
OPT-1001 : Start physical optimization ...
RUN-1002 : start command "start_timer -report"
TMR-2505 : Start building timing graph for model keyboard_instance.
TMR-2506 : Build timing graph completely. Port num: 8, tpin num: 2119, tnet num: 600, tinst num: 286, tnode num: 2533, tedge num: 3526.
TMR-2508 : Levelizing timing graph completed, there are 33 levels in total.
TMR-2501 : Timing graph initialized successfully.
OPT-1001 : Total overflow 0.00 peak overflow 0.00
OPT-1001 : Start high-fanout net optimization ...
OPT-1001 : Update timing in global mode
PHY-1001 : Start incremental global routing, caller is place ...
RUN-1001 : Generating global routing grids ...
PHY-1001 : Generate routing nets ...
PHY-1001 : Reuse net number 28/602.
PHY-1001 : Global iterations in 16 thread ...
PHY-1002 : len = 15880, over cnt = 43(0%), over = 68, worst = 4
PHY-1002 : len = 16176, over cnt = 16(0%), over = 23, worst = 3
PHY-1002 : len = 16488, over cnt = 0(0%), over = 0, worst = 0
PHY-1001 : End global iterations;  0.068900s wall, 0.000000s user + 0.000000s system = 0.000000s CPU (n/a%)

PHY-1001 : Congestion index: top1 = 17.76, top5 = 9.94, top10 = 5.86, top15 = 3.91.
PHY-1001 : End incremental global routing;  0.111779s wall, 0.000000s user + 0.000000s system = 0.000000s CPU (n/a%)

TMR-2503 : Start to update net delay, extr mode = 5.
TMR-2504 : Update delay of 600 nets completely.
TMR-2502 : Annotate delay completely, extr mode = 5.
TMR-3001 : Initiate 0 clocks from SDC.
TMR-3004 : Map sdc constraints, there are 0 constraints in total.
TMR-3003 : Constraints initiated successfully.
TMR-3501 : Forward propagation: start to calculate arrival time...
TMR-3502 : Backward propagation: start to calculate required time...
TMR-3503 : Timing propagation completes.
OPT-1001 : End timing update;  0.009300s wall, 0.015625s user + 0.000000s system = 0.015625s CPU (168.0%)

OPT-1001 : 0 high-fanout net processed.
OPT-1001 : End high-fanout net optimization;  0.129033s wall, 0.015625s user + 0.000000s system = 0.015625s CPU (12.1%)

OPT-1001 : Current memory(MB): used = 150, reserve = 122, peak = 150.
OPT-1001 : Start path based optimization ...
OPT-1001 : Start congestion update ...
RUN-1001 : Generating global routing grids ...
PHY-1001 : Generate routing nets ...
PHY-1001 : Reuse net number 480/602.
PHY-1001 : Global iterations in 16 thread ...
PHY-1002 : len = 16488, over cnt = 0(0%), over = 0, worst = 0
PHY-1001 : End global iterations;  0.001783s wall, 0.000000s user + 0.000000s system = 0.000000s CPU (n/a%)

PHY-1001 : Congestion index: top1 = 17.76, top5 = 9.94, top10 = 5.86, top15 = 3.91.
OPT-1001 : End congestion update;  0.044299s wall, 0.015625s user + 0.000000s system = 0.015625s CPU (35.3%)

OPT-1001 : Update timing in Manhattan mode
TMR-2503 : Start to update net delay, extr mode = 3.
TMR-2504 : Update delay of 600 nets completely.
TMR-2502 : Annotate delay completely, extr mode = 3.
TMR-3501 : Forward propagation: start to calculate arrival time...
TMR-3502 : Backward propagation: start to calculate required time...
TMR-3503 : Timing propagation completes.
OPT-1001 : End timing update;  0.005861s wall, 0.000000s user + 0.000000s system = 0.000000s CPU (n/a%)

OPT-0007 : Start: WNS 2147483647 TNS 0 NUM_FEPS 0
OPT-1001 : End path based optimization;  0.050231s wall, 0.015625s user + 0.000000s system = 0.015625s CPU (31.1%)

OPT-1001 : Current memory(MB): used = 150, reserve = 122, peak = 150.
OPT-1001 : Update timing in Manhattan mode
TMR-2503 : Start to update net delay, extr mode = 3.
TMR-2504 : Update delay of 600 nets completely.
TMR-2502 : Annotate delay completely, extr mode = 3.
TMR-3501 : Forward propagation: start to calculate arrival time...
TMR-3502 : Backward propagation: start to calculate required time...
TMR-3503 : Timing propagation completes.
OPT-1001 : End timing update;  0.004870s wall, 0.000000s user + 0.000000s system = 0.000000s CPU (n/a%)

OPT-1001 : Start pin optimization...
OPT-1001 : skip pin optimization...
OPT-1001 : Update timing in global mode
PHY-1001 : Start incremental global routing, caller is place ...
RUN-1001 : Generating global routing grids ...
PHY-1001 : Generate routing nets ...
PHY-1001 : Reuse net number 480/602.
PHY-1001 : Global iterations in 16 thread ...
PHY-1002 : len = 16488, over cnt = 0(0%), over = 0, worst = 0
PHY-1001 : End global iterations;  0.001645s wall, 0.000000s user + 0.000000s system = 0.000000s CPU (n/a%)

PHY-1001 : Congestion index: top1 = 17.76, top5 = 9.94, top10 = 5.86, top15 = 3.91.
PHY-1001 : End incremental global routing;  0.039676s wall, 0.000000s user + 0.000000s system = 0.000000s CPU (n/a%)

TMR-2503 : Start to update net delay, extr mode = 5.
TMR-2504 : Update delay of 600 nets completely.
TMR-2502 : Annotate delay completely, extr mode = 5.
TMR-3501 : Forward propagation: start to calculate arrival time...
TMR-3502 : Backward propagation: start to calculate required time...
TMR-3503 : Timing propagation completes.
OPT-1001 : End timing update;  0.008576s wall, 0.000000s user + 0.000000s system = 0.000000s CPU (n/a%)

RUN-1001 : Generating global routing grids ...
PHY-1001 : Generate routing nets ...
PHY-1001 : Reuse net number 480/602.
PHY-1001 : Global iterations in 16 thread ...
PHY-1002 : len = 16488, over cnt = 0(0%), over = 0, worst = 0
PHY-1001 : End global iterations;  0.001785s wall, 0.000000s user + 0.000000s system = 0.000000s CPU (n/a%)

PHY-1001 : Congestion index: top1 = 17.76, top5 = 9.94, top10 = 5.86, top15 = 3.91.
OPT-1001 : Update timing in Manhattan mode
TMR-2503 : Start to update net delay, extr mode = 3.
TMR-2504 : Update delay of 600 nets completely.
TMR-2502 : Annotate delay completely, extr mode = 3.
TMR-3501 : Forward propagation: start to calculate arrival time...
TMR-3502 : Backward propagation: start to calculate required time...
TMR-3503 : Timing propagation completes.
OPT-1001 : End timing update;  0.005864s wall, 0.000000s user + 0.000000s system = 0.000000s CPU (n/a%)

RUN-1001 : QoR Analysis:
OPT-0007 :   WNS 2147483647 TNS 0 NUM_FEPS 0
RUN-1001 :   No local congestion issue, and most congested 1% tile average routing util is 17.241379
RUN-1001 :   Top critical paths
OPT-1001 : End physical optimization;  0.476094s wall, 0.156250s user + 0.000000s system = 0.156250s CPU (32.8%)

RUN-1003 : finish command "place" in  2.895305s wall, 0.671875s user + 0.453125s system = 1.125000s CPU (38.9%)

RUN-1004 : used memory is 133 MB, reserved memory is 105 MB, peak memory is 150 MB
RUN-1002 : start command "export_db keyboard_place.db"
RUN-1001 : Exported /
RUN-1001 : Exported flow parameters
RUN-1001 : Exported libs
RUN-1001 : Exported entities
RUN-1001 : Exported ports
RUN-1001 : Exported pins
RUN-1001 : Exported instances
RUN-1001 : Exported nets
RUN-1001 : Exported buses
RUN-1001 : Exported models
RUN-1001 : Exported congestions
RUN-1001 : Exported violations
RUN-1001 : Exported timing constraints
RUN-1001 : Exported IO constraints
RUN-1001 : Exported Inst constraints
RUN-1002 : start command "route"
RUN-1001 : Open license file E:/Anlogic/TD5.6.59063/license/Anlogic.lic
RUN-1001 : Print Global Property
RUN-1001 : ---------------------------------------------------------------
RUN-1001 :        Parameters        |  Settings  |  Default Values  |  Note  
RUN-1001 : ---------------------------------------------------------------
RUN-1001 :          message         |  standard  |     standard     |        
RUN-1001 :   mixed_pack_place_flow  |     on     |        on        |        
RUN-1001 :        qor_monitor       |    off     |       off        |        
RUN-1001 :        syn_ip_flow       |    off     |       off        |        
RUN-1001 :          thread          |    auto    |       auto       |        
RUN-1001 : ---------------------------------------------------------------
RUN-1001 : Print Route Property
RUN-1001 : -------------------------------------------------------
RUN-1001 :    Parameters    |  Settings  |  Default Values  |  Note  
RUN-1001 : -------------------------------------------------------
RUN-1001 :      effort      |   medium   |      medium      |        
RUN-1001 :     fix_hold     |    off     |       off        |        
RUN-1001 :    opt_timing    |   medium   |      medium      |        
RUN-1001 :   phy_sim_model  |    off     |       off        |        
RUN-1001 :     priority     |   timing   |      timing      |        
RUN-1001 :     swap_pin     |     on     |        on        |        
RUN-1001 : -------------------------------------------------------
PHY-1001 : Route runs in 16 thread(s)
RUN-1001 : There are total 288 instances
RUN-1001 : 130 mslices, 130 lslices, 24 pads, 0 brams, 0 dsps
RUN-1001 : There are total 602 nets
RUN-1001 : 337 nets have 2 pins
RUN-1001 : 196 nets have [3 - 5] pins
RUN-1001 : 53 nets have [6 - 10] pins
RUN-1001 : 9 nets have [11 - 20] pins
RUN-1001 : 5 nets have [21 - 99] pins
RUN-1001 : 2 nets have 100+ pins
RUN-1002 : start command "start_timer -report"
TMR-2505 : Start building timing graph for model keyboard_instance.
TMR-2506 : Build timing graph completely. Port num: 8, tpin num: 2119, tnet num: 600, tinst num: 286, tnode num: 2533, tedge num: 3526.
TMR-2508 : Levelizing timing graph completed, there are 33 levels in total.
TMR-2501 : Timing graph initialized successfully.
PHY-1001 : 130 mslices, 130 lslices, 24 pads, 0 brams, 0 dsps
TMR-2503 : Start to update net delay, extr mode = 3.
TMR-2504 : Update delay of 600 nets completely.
TMR-2502 : Annotate delay completely, extr mode = 3.
TMR-3001 : Initiate 0 clocks from SDC.
TMR-3004 : Map sdc constraints, there are 0 constraints in total.
TMR-3003 : Constraints initiated successfully.
TMR-3501 : Forward propagation: start to calculate arrival time...
TMR-3502 : Backward propagation: start to calculate required time...
TMR-3503 : Timing propagation completes.
PHY-1001 : Start global routing, caller is route ...
RUN-1001 : Generating global routing grids ...
PHY-1001 : Generate routing nets ...
PHY-1001 : Global iterations in 16 thread ...
PHY-1002 : len = 15584, over cnt = 43(0%), over = 68, worst = 4
PHY-1002 : len = 15880, over cnt = 19(0%), over = 28, worst = 3
PHY-1002 : len = 16072, over cnt = 7(0%), over = 13, worst = 3
PHY-1002 : len = 16248, over cnt = 0(0%), over = 0, worst = 0
PHY-1001 : End global iterations;  0.062899s wall, 0.015625s user + 0.000000s system = 0.015625s CPU (24.8%)

PHY-1001 : Congestion index: top1 = 17.74, top5 = 9.87, top10 = 5.79, top15 = 3.86.
PHY-1001 : End global routing;  0.104134s wall, 0.031250s user + 0.000000s system = 0.031250s CPU (30.0%)

PHY-1001 : Start detail routing ...
PHY-1001 : Current memory(MB): used = 172, reserve = 146, peak = 184.
PHY-1001 : Detailed router is running in normal mode.
PHY-1001 : Generate detailed routing grids ...
PHY-1001 : Generate nets ...
PHY-1001 : net clk_50M_dup_1 will be routed on clock mesh
PHY-1001 : clock net U1/scan_clk_syn_4 will be merged with clock U1/scan_clk
PHY-1001 : Current memory(MB): used = 435, reserve = 412, peak = 435.
PHY-1001 : End build detailed router design. 3.958534s wall, 0.656250s user + 0.000000s system = 0.656250s CPU (16.6%)

PHY-1001 : Detail Route ...
PHY-1001 : ===== Detail Route Phase 1 =====
PHY-1001 : Clock net routing.....
PHY-1001 : Routed 0% nets.
PHY-1022 : len = 6408, over cnt = 0(0%), over = 0, worst = 0, crit = 0
PHY-1001 : End initial clock net routed; 0.399093s wall, 0.015625s user + 0.000000s system = 0.015625s CPU (3.9%)

PHY-1001 : Current memory(MB): used = 465, reserve = 444, peak = 465.
PHY-1001 : End phase 1; 0.405091s wall, 0.015625s user + 0.000000s system = 0.015625s CPU (3.9%)

PHY-1001 : ===== Detail Route Phase 2 =====
PHY-1001 : Initial routing.....
PHY-1001 : Routed 26% nets.
PHY-1001 : Routed 27% nets.
PHY-1001 : Routed 29% nets.
PHY-1001 : Routed 30% nets.
PHY-1001 : Patch 306 net; 0.179852s wall, 0.000000s user + 0.000000s system = 0.000000s CPU (n/a%)

PHY-1022 : len = 31360, over cnt = 12(0%), over = 12, worst = 1, crit = 0
PHY-1001 : Current memory(MB): used = 465, reserve = 444, peak = 465.
PHY-1001 : End initial routed; 0.300789s wall, 0.000000s user + 0.000000s system = 0.000000s CPU (n/a%)

PHY-1001 : Update timing.....
PHY-1001 : 0/488(0%) critical/total net(s).
RUN-1001 : ------------------------------------------
RUN-1001 :   Type   |    WNS(ns)    |  TNS(ns)  |  FEP  
RUN-1001 : ------------------------------------------
RUN-1001 :   Setup  |  2147483.647  |   0.000   |   0   
RUN-1001 :   Hold   |  2147483.647  |   0.000   |   0   
RUN-1001 : ------------------------------------------
PHY-1001 : End update timing; 0.164243s wall, 0.000000s user + 0.000000s system = 0.000000s CPU (n/a%)

PHY-1001 : Current memory(MB): used = 466, reserve = 445, peak = 466.
PHY-1001 : End phase 2; 0.465112s wall, 0.000000s user + 0.000000s system = 0.000000s CPU (n/a%)

PHY-1001 : ===== Detail Route Phase 3 =====
PHY-1001 : Optimize timing.....
PHY-1022 : len = 31360, over cnt = 12(0%), over = 12, worst = 1, crit = 0
PHY-1001 : End optimize timing; 0.004276s wall, 0.000000s user + 0.000000s system = 0.000000s CPU (n/a%)

PHY-1001 : Ripup-reroute.....
PHY-1001 : ===== DR Iter 1 =====
PHY-1022 : len = 31376, over cnt = 1(0%), over = 1, worst = 1, crit = 0
PHY-1001 : End DR Iter 1; 0.023023s wall, 0.000000s user + 0.000000s system = 0.000000s CPU (n/a%)

PHY-1001 : ===== DR Iter 2 =====
PHY-1022 : len = 31408, over cnt = 0(0%), over = 0, worst = 0, crit = 0
PHY-1001 : End DR Iter 2; 0.013647s wall, 0.000000s user + 0.000000s system = 0.000000s CPU (n/a%)

PHY-1001 : Update timing.....
PHY-1001 : 0/488(0%) critical/total net(s).
RUN-1001 : ------------------------------------------
RUN-1001 :   Type   |    WNS(ns)    |  TNS(ns)  |  FEP  
RUN-1001 : ------------------------------------------
RUN-1001 :   Setup  |  2147483.647  |   0.000   |   0   
RUN-1001 :   Hold   |  2147483.647  |   0.000   |   0   
RUN-1001 : ------------------------------------------
PHY-1001 : End update timing; 0.182674s wall, 0.000000s user + 0.000000s system = 0.000000s CPU (n/a%)

PHY-1001 : Commit to database.....
PHY-1001 : 3 feed throughs used by 2 nets
PHY-1001 : End commit to database; 0.055567s wall, 0.000000s user + 0.000000s system = 0.000000s CPU (n/a%)

PHY-1001 : Current memory(MB): used = 476, reserve = 455, peak = 476.
PHY-1001 : End phase 3; 0.431433s wall, 0.000000s user + 0.000000s system = 0.000000s CPU (n/a%)

PHY-1003 : Routed, final wirelength = 31408
PHY-1001 : Current memory(MB): used = 477, reserve = 455, peak = 477.
PHY-1001 : End export database. 0.005633s wall, 0.000000s user + 0.000000s system = 0.000000s CPU (n/a%)

PHY-1001 : End detail routing;  5.465300s wall, 0.703125s user + 0.000000s system = 0.703125s CPU (12.9%)

RUN-1003 : finish command "route" in  5.783858s wall, 0.812500s user + 0.015625s system = 0.828125s CPU (14.3%)

RUN-1004 : used memory is 428 MB, reserved memory is 407 MB, peak memory is 477 MB
RUN-1002 : start command "report_area -io_info -file keyboard_phy.area"
RUN-1001 : standard
***Report Model: keyboard_instance Device: EG4S20BG256***

IO Statistics
#IO                        24
  #input                    6
  #output                  18
  #inout                    0

Utilization Statistics
#lut                      434   out of  19600    2.21%
#reg                      201   out of  19600    1.03%
#le                       506
  #lut only               305   out of    506   60.28%
  #reg only                72   out of    506   14.23%
  #lut&reg                129   out of    506   25.49%
#dsp                        0   out of     29    0.00%
#bram                       0   out of     64    0.00%
  #bram9k                   0
  #fifo9k                   0
#bram32k                    0   out of     16    0.00%
#pad                       24   out of    188   12.77%
  #ireg                     0
  #oreg                     0
  #treg                     0
#pll                        0   out of      4    0.00%
#gclk                       2   out of     16   12.50%

Clock Resource Statistics
Index     ClockNet         Type               DriverType         Driver                      Fanout
#1        clk_50M_dup_1    GCLK               io                 clk_50M_syn_2.di            109
#2        U1/scan_clk      GCLK               mslice             U1/scan_clk_reg_syn_9.q0    10


Detailed IO Report

        Name           Direction    Location    IOStandard    DriveStrength    PullType    PackReg  
        RSTn             INPUT         A9        LVCMOS33          N/A          PULLUP      NONE    
       clk_50M           INPUT         R7        LVCMOS33          N/A          PULLUP      NONE    
       col[3]            INPUT        F10        LVCMOS33          N/A          PULLUP      NONE    
       col[2]            INPUT        C11        LVCMOS33          N/A          PULLUP      NONE    
       col[1]            INPUT        D11        LVCMOS33          N/A          PULLUP      NONE    
       col[0]            INPUT        E11        LVCMOS33          N/A          PULLUP      NONE    
  DigitronCS_Out[3]     OUTPUT         A3        LVCMOS33           8            NONE       NONE    
  DigitronCS_Out[2]     OUTPUT         A5        LVCMOS33           8            NONE       NONE    
  DigitronCS_Out[1]     OUTPUT         B6        LVCMOS33           8            NONE       NONE    
  DigitronCS_Out[0]     OUTPUT         C9        LVCMOS33           8            NONE       NONE    
   Digitron_Out[7]      OUTPUT         C8        LVCMOS33           8            NONE       NONE    
   Digitron_Out[6]      OUTPUT         A8        LVCMOS33           8            NONE       NONE    
   Digitron_Out[5]      OUTPUT         B5        LVCMOS33           8            NONE       NONE    
   Digitron_Out[4]      OUTPUT         A7        LVCMOS33           8            NONE       NONE    
   Digitron_Out[3]      OUTPUT         E8        LVCMOS33           8            NONE       NONE    
   Digitron_Out[2]      OUTPUT         B8        LVCMOS33           8            NONE       NONE    
   Digitron_Out[1]      OUTPUT         A6        LVCMOS33           8            NONE       NONE    
   Digitron_Out[0]      OUTPUT         A4        LVCMOS33           8            NONE       NONE    
       buzzer           OUTPUT        H11        LVCMOS33           8            NONE       NONE    
        light           OUTPUT        B14        LVCMOS33           8            NONE       NONE    
       row[3]           OUTPUT         D9        LVCMOS33           8            NONE       NONE    
       row[2]           OUTPUT         F9        LVCMOS33           8            NONE       NONE    
       row[1]           OUTPUT        C10        LVCMOS33           8            NONE       NONE    
       row[0]           OUTPUT        E10        LVCMOS33           8            NONE       NONE    

Report Hierarchy Area:
+-------------------------------------------------------------------------------------------+
|Instance |Module                      |le     |lut     |ripple  |seq     |bram    |dsp     |
+-------------------------------------------------------------------------------------------+
|top      |keyboard_instance           |506    |335     |99      |201     |0       |0       |
|  U1     |keyboard_scan               |70     |49      |9       |53      |0       |0       |
|  U2     |key_filter                  |60     |31      |6       |50      |0       |0       |
|  U3     |onehot2binary               |331    |224     |79      |82      |0       |0       |
|  U5     |Digitron_TimeDisplay_module |40     |26      |5       |16      |0       |0       |
+-------------------------------------------------------------------------------------------+


DataNet Average Fanout:

   Index     Fanout    Nets  
    #1         1       313   
    #2         2       125   
    #3         3        26   
    #4         4        45   
    #5        5-10      55   
    #6       11-50      10   
  Average     2.40           

RUN-1002 : start command "export_db keyboard_pr.db"
RUN-1001 : Exported /
RUN-1001 : Exported flow parameters
RUN-1001 : Exported libs
RUN-1001 : Exported entities
RUN-1001 : Exported ports
RUN-1001 : Exported pins
RUN-1001 : Exported instances
RUN-1001 : Exported nets
RUN-1001 : Exported buses
RUN-1001 : Exported models
RUN-1001 : Exported congestions
RUN-1001 : Exported violations
RUN-1001 : Exported timing constraints
RUN-1001 : Exported IO constraints
RUN-1001 : Exported Inst constraints
RUN-1002 : start command "export_bid keyboard_inst.bid"
RUN-1002 : start command "bitgen -bit keyboard.bit -unused_io_status pulldown"
BIT-1003 : Start to generate bitstream. 
BIT-1002 : Bitgen processed 164 unused pads, reserve input tri_state with pulldown
BIT-1002 : Init instances with 16 threads.
BIT-1002 : Init instances completely, inst num: 450
BIT-1002 : Init pips with 16 threads.
BIT-1002 : Init pips completely, net num: 602, pip num: 3997
BIT-1002 : Init feedthrough completely, num: 3
BIT-1003 : Multithreading accelaration with 16 threads.
BIT-1003 : Generate bitstream completely, there are 628 valid insts, and 13481 bits set as '1'.
BIT-1004 : PLL setting string = 0000
BIT-1004 : Generate bits file keyboard.bit.
RUN-1003 : finish command "bitgen -bit keyboard.bit -unused_io_status pulldown" in  1.394486s wall, 4.718750s user + 0.125000s system = 4.843750s CPU (347.4%)

RUN-1004 : used memory is 445 MB, reserved memory is 426 MB, peak memory is 621 MB
RUN-1002 : start command "backup_run_log run.log ../.logs/phy_1/td_20240827_232211.log"
