============================================================
   Tang Dynasty, V5.6.59063
   Copyright (c) 2012-2022 Anlogic
   Executable = E:/Anlogic/TD5.6.59063/bin/td.exe
   Built at =   12:45:13 Sep  6 2022
   Run by =     19234
   Run Date =   Tue Aug 27 14:36:23 2024

   Run on =     ERIKPSW
============================================================
RUN-1002 : start command "open_project keyboard.prj"
RUN-1001 : Print Global Property
RUN-1001 : ---------------------------------------------------------------
RUN-1001 :        Parameters        |  Settings  |  Default Values  |  Note  
RUN-1001 : ---------------------------------------------------------------
RUN-1001 :          message         |  standard  |     standard     |        
RUN-1001 :   mixed_pack_place_flow  |     on     |        on        |        
RUN-1001 :        qor_monitor       |    off     |       off        |        
RUN-1001 :        syn_ip_flow       |    off     |       off        |        
RUN-1001 :          thread          |    auto    |       auto       |        
RUN-1001 : ---------------------------------------------------------------
RUN-1001 : Print Design Property
RUN-1001 : --------------------------------------------------------------
RUN-1001 :        Parameters       |  Settings  |  Default Values  |  Note  
RUN-1001 : --------------------------------------------------------------
RUN-1001 :   default_reg_initial   |    auto    |       auto       |        
RUN-1001 :        infer_add        |     on     |        on        |        
RUN-1001 :        infer_fsm        |    off     |       off        |        
RUN-1001 :        infer_mult       |     on     |        on        |        
RUN-1001 :        infer_ram        |     on     |        on        |        
RUN-1001 :        infer_reg        |     on     |        on        |        
RUN-1001 :   infer_reg_init_value  |     on     |        on        |        
RUN-1001 :        infer_rom        |     on     |        on        |        
RUN-1001 :      infer_shifter      |     on     |        on        |        
RUN-1001 : --------------------------------------------------------------
RUN-1001 : Print Rtl Property
RUN-1001 : --------------------------------------------------------------
RUN-1001 :        Parameters       |  Settings  |  Default Values  |  Note  
RUN-1001 : --------------------------------------------------------------
RUN-1001 :       compress_add      |   ripple   |      ripple      |        
RUN-1001 :        elf_sload        |    off     |       off        |        
RUN-1001 :       fix_undriven      |     0      |        0         |        
RUN-1001 :         flatten         |    off     |       off        |        
RUN-1001 :       gate_sharing      |     on     |        on        |        
RUN-1001 :    hdl_warning_level    |   normal   |      normal      |        
RUN-1001 :   impl_internal_tribuf  |     on     |        on        |        
RUN-1001 :      impl_set_reset     |     on     |        on        |        
RUN-1001 :        infer_gsr        |    off     |       off        |        
RUN-1001 :      keep_hierarchy     |    auto    |       auto       |        
RUN-1001 :        max_fanout       |    9999    |       9999       |        
RUN-1001 :      max_oh2bin_len     |     10     |        10        |        
RUN-1001 :       merge_equal       |     on     |        on        |        
RUN-1001 :       merge_equiv       |     on     |        on        |        
RUN-1001 :        merge_mux        |    off     |       off        |        
RUN-1001 :     min_control_set     |     8      |        8         |        
RUN-1001 :      min_ripple_len     |    auto    |       auto       |        
RUN-1001 :       oh2bin_ratio      |    0.08    |       0.08       |        
RUN-1001 :     opt_adder_fanout    |     on     |        on        |        
RUN-1001 :        opt_arith        |     on     |        on        |        
RUN-1001 :       opt_big_gate      |    off     |       off        |        
RUN-1001 :        opt_const        |     on     |        on        |        
RUN-1001 :      opt_const_mult     |     on     |        on        |        
RUN-1001 :       opt_lessthan      |     on     |        on        |        
RUN-1001 :         opt_mux         |    off     |       off        |        
RUN-1001 :         opt_ram         |    high    |       high       |        
RUN-1001 :      rtl_sim_model      |    off     |       off        |        
RUN-1001 :         seq_syn         |     on     |        on        |        
RUN-1001 : --------------------------------------------------------------
HDL-1007 : analyze verilog file ../../../src/Digitron_TimeDisplay_module.v
HDL-1007 : analyze verilog file ../../../src/key_filter.v
HDL-1007 : analyze verilog file ../../../src/keyboard_instance.v
HDL-1007 : analyze verilog file ../../../src/keyboard_scan.v
HDL-1007 : analyze verilog file ../../../src/onehot2binary.v
RUN-1001 : Project manager successfully analyzed 5 source files.
RUN-1002 : start command "import_device eagle_s20.db -package EG4S20BG256"
ARC-1001 : Device Initialization.
ARC-1001 : ------------------------------------------------------------------
ARC-1001 :            OPTION            |          IO          |   SETTING   
ARC-1001 : ------------------------------------------------------------------
ARC-1001 :   cso_b/cclk/mosi/miso/dout  |  T3/R11/T10/P10/S11  |    gpio    
ARC-1001 :             done             |         P13          |    gpio    
ARC-1001 :           program_b          |          T2          |  dedicate  
ARC-1001 :        tdi/tms/tck/tdo       |   C12/A15/C14/E14    |  dedicate  
ARC-1001 : ------------------------------------------------------------------
ARC-1004 : Device setting, marked 5 dedicate IOs in total.
RUN-1002 : start command "import_db ../syn_1/keyboard_gate.db"
RUN-1001 : Importing database generated by Tang Dynasty, V5.6.59063.
RUN-1001 : Database version number 46140.
RUN-1001 : Import flow parameters
RUN-1001 : Import timing constraints
RUN-1001 : Import IO constraints
RUN-1001 : Import Inst constraints
RUN-1001 : Import design success TD_VERSION=5.6.59063 , DB_VERSION=46140
RUN-1002 : start command "read_sdc"
USR-1002 : read_sdc file_name -help -h -eco
USR-1009 : NO module with IP_SDC ...
RUN-1104 : Import SDC file  finished, there are 0 nets kept by constraints.
RUN-1002 : start command "place"
RUN-1001 : Open license file E:/Anlogic/TD5.6.59063/license/Anlogic.lic
RUN-1001 : Print Global Property
RUN-1001 : ---------------------------------------------------------------
RUN-1001 :        Parameters        |  Settings  |  Default Values  |  Note  
RUN-1001 : ---------------------------------------------------------------
RUN-1001 :          message         |  standard  |     standard     |        
RUN-1001 :   mixed_pack_place_flow  |     on     |        on        |        
RUN-1001 :        qor_monitor       |    off     |       off        |        
RUN-1001 :        syn_ip_flow       |    off     |       off        |        
RUN-1001 :          thread          |    auto    |       auto       |        
RUN-1001 : ---------------------------------------------------------------
RUN-1001 : Print Place Property
RUN-1001 : --------------------------------------------------------------
RUN-1001 :        Parameters       |  Settings  |  Default Values  |  Note  
RUN-1001 : --------------------------------------------------------------
RUN-1001 :      detailed_place     |     on     |        on        |        
RUN-1001 :          effort         |   medium   |      medium      |        
RUN-1001 :         fix_hold        |    off     |       off        |        
RUN-1001 :       legalization      |    ori     |       ori        |        
RUN-1001 :      new_spreading      |     on     |        on        |        
RUN-1001 :        opt_timing       |   medium   |      medium      |        
RUN-1001 :   post_clock_route_opt  |    off     |       off        |        
RUN-1001 :       pr_strategy       |     1      |        1         |        
RUN-1001 :        relaxation       |    1.00    |       1.00       |        
RUN-1001 :         retiming        |    off     |       off        |        
RUN-1001 : --------------------------------------------------------------
PHY-3001 : Placer runs in 16 thread(s).
RUN-1002 : start command "legalize_phy_inst"
SYN-1011 : Flatten model keyboard_instance
RUN-1002 : start command "phys_opt -simplify_lut"
SYN-4024 : Net "clk_50M_dup_1" drives clk pins.
SYN-4024 : Net "U1/scan_clk" drives clk pins.
SYN-4025 : Tag rtl::Net U1/scan_clk as clock net
SYN-4025 : Tag rtl::Net clk_50M_dup_1 as clock net
SYN-4026 : Tagged 2 rtl::Net as clock net
SYN-4015 : Create BUFG instance for clk Net U1/scan_clk to drive 20 clock pins.
PHY-1001 : Populate physical database on model keyboard_instance.
RUN-1001 : There are total 328 instances
RUN-0007 : 146 luts, 130 seqs, 10 mslices, 15 lslices, 23 pads, 0 brams, 0 dsps
RUN-1001 : There are total 398 nets
RUN-1001 : 229 nets have 2 pins
RUN-1001 : 137 nets have [3 - 5] pins
RUN-1001 : 24 nets have [6 - 10] pins
RUN-1001 : 3 nets have [11 - 20] pins
RUN-1001 : 3 nets have [21 - 99] pins
RUN-1001 : 2 nets have 100+ pins
RUN-1001 : Report Control nets information:
RUN-1001 : DFF Distribution
RUN-1001 : ----------------------------------
RUN-1001 :   CE   |  SSR  |  ASR  |  DFF Count  
RUN-1001 : ----------------------------------
RUN-1001 :   No   |  No   |  No   |     78      
RUN-1001 :   No   |  No   |  Yes  |     20      
RUN-1001 :   No   |  Yes  |  No   |      0      
RUN-1001 :   Yes  |  No   |  No   |      0      
RUN-1001 :   Yes  |  No   |  Yes  |     32      
RUN-1001 :   Yes  |  Yes  |  No   |      0      
RUN-1001 : ----------------------------------
RUN-0007 : Control Group Statistic
RUN-0007 : ---------------------------
RUN-0007 :   #CLK  |  #CE  |  #SSR/ASR  
RUN-0007 : ---------------------------
RUN-0007 :    2    |   2   |     2      
RUN-0007 : ---------------------------
RUN-0007 : Control Set = 4
PHY-3001 : Initial placement ...
PHY-3001 : design contains 326 instances, 146 luts, 130 seqs, 25 slices, 3 macros(25 instances: 10 mslices 15 lslices)
PHY-0007 : Cell area utilization is 0%
PHY-3001 : Start timing update ...
RUN-1002 : start command "start_timer -report"
TMR-2505 : Start building timing graph for model keyboard_instance.
TMR-2506 : Build timing graph completely. Port num: 7, tpin num: 1382, tnet num: 396, tinst num: 326, tnode num: 1751, tedge num: 2182.
TMR-2508 : Levelizing timing graph completed, there are 21 levels in total.
TMR-2501 : Timing graph initialized successfully.
TMR-2503 : Start to update net delay, extr mode = 2.
TMR-2504 : Update delay of 396 nets completely.
TMR-2502 : Annotate delay completely, extr mode = 2.
TMR-3001 : Initiate 0 clocks from SDC.
TMR-3004 : Map sdc constraints, there are 0 constraints in total.
TMR-3003 : Constraints initiated successfully.
TMR-3501 : Forward propagation: start to calculate arrival time...
TMR-3502 : Backward propagation: start to calculate required time...
TMR-3503 : Timing propagation completes.
PHY-3001 : End timing update;  0.125178s wall, 0.046875s user + 0.000000s system = 0.046875s CPU (37.4%)

PHY-3001 : Global placement ...
PHY-3001 : Initial: Len = 86794.8
PHY-3001 : Clustering ...
PHY-3001 : Level 0 #clusters 326.
PHY-3001 : End clustering;  0.000028s wall, 0.000000s user + 0.000000s system = 0.000000s CPU (n/a%)

PHY-3001 : Run with size of 4
PHY-3001 : Cell area utilization is 0%
PHY-3001 : :::0::: Try harder cell spreading with beta_ = 0
PHY-3002 : Step(1): len = 55464.9, overlap = 0
PHY-3002 : Step(2): len = 33744.3, overlap = 0
PHY-3002 : Step(3): len = 25031.4, overlap = 0
PHY-3002 : Step(4): len = 20584.9, overlap = 0
PHY-3002 : Step(5): len = 17798.4, overlap = 0
PHY-3002 : Step(6): len = 16339.4, overlap = 0
PHY-3002 : Step(7): len = 16459.3, overlap = 0
PHY-3002 : Step(8): len = 14708.2, overlap = 0
PHY-3002 : Step(9): len = 13466.6, overlap = 0
PHY-3002 : Step(10): len = 13952.4, overlap = 0
PHY-3002 : Step(11): len = 14010, overlap = 0
PHY-3002 : Step(12): len = 13220.8, overlap = 0
PHY-3002 : Step(13): len = 12873.7, overlap = 0
PHY-3002 : Step(14): len = 12409.2, overlap = 0
PHY-3002 : Step(15): len = 11346.8, overlap = 0
PHY-3002 : Step(16): len = 10893.7, overlap = 0
PHY-3002 : Step(17): len = 11085, overlap = 0
PHY-3002 : Step(18): len = 10191.8, overlap = 0
PHY-3002 : Step(19): len = 10233.8, overlap = 0
PHY-3002 : Step(20): len = 10382.8, overlap = 0
PHY-3002 : Step(21): len = 9379.1, overlap = 0
PHY-3002 : Step(22): len = 9198.7, overlap = 0
PHY-3002 : Step(23): len = 9166.3, overlap = 0
PHY-3002 : Step(24): len = 8282.9, overlap = 0
PHY-3002 : Step(25): len = 8159.7, overlap = 0
PHY-3002 : Step(26): len = 8079.7, overlap = 0
PHY-3002 : Step(27): len = 7627.8, overlap = 0
PHY-3002 : Step(28): len = 7627.8, overlap = 0
PHY-3002 : Step(29): len = 7348.1, overlap = 0
PHY-3002 : Step(30): len = 7348.1, overlap = 0
PHY-3002 : Step(31): len = 7406.3, overlap = 0
PHY-3002 : Step(32): len = 7406.3, overlap = 0
PHY-3002 : Step(33): len = 7199.3, overlap = 0
PHY-3001 : Legalization ...
PHY-3001 : End legalization;  0.006407s wall, 0.000000s user + 0.000000s system = 0.000000s CPU (n/a%)

PHY-3001 : Run with size of 4
PHY-3001 : Cell area utilization is 1%
PHY-3001 : Update timing in Manhattan mode ...
TMR-2503 : Start to update net delay, extr mode = 3.
TMR-2504 : Update delay of 396 nets completely.
TMR-2502 : Annotate delay completely, extr mode = 3.
TMR-3501 : Forward propagation: start to calculate arrival time...
TMR-3502 : Backward propagation: start to calculate required time...
TMR-3503 : Timing propagation completes.
PHY-3001 : End timing update;  0.004027s wall, 0.000000s user + 0.000000s system = 0.000000s CPU (n/a%)

PHY-3001 : :::0::: Try harder cell spreading with beta_ = 0
PHY-3002 : Step(34): len = 7761.1, overlap = 0
PHY-3002 : Step(35): len = 7842.3, overlap = 0
PHY-3002 : Step(36): len = 7248.8, overlap = 0
PHY-3002 : Step(37): len = 7459.6, overlap = 0
PHY-3002 : Step(38): len = 7639.2, overlap = 0
PHY-3002 : Step(39): len = 8535.6, overlap = 0.625
PHY-3002 : Step(40): len = 8815.5, overlap = 0.4375
PHY-3002 : Step(41): len = 7380, overlap = 0.625
PHY-3002 : Step(42): len = 7447.7, overlap = 0.53125
PHY-3002 : Step(43): len = 7535.5, overlap = 0.53125
PHY-3002 : Step(44): len = 7356.4, overlap = 0
PHY-3002 : Step(45): len = 7447.7, overlap = 0
PHY-3002 : Step(46): len = 6902.7, overlap = 0
PHY-3002 : Step(47): len = 7052, overlap = 0
PHY-3002 : Step(48): len = 6985.5, overlap = 0
PHY-3002 : Step(49): len = 6861.7, overlap = 0
PHY-3002 : Step(50): len = 6725.2, overlap = 0
PHY-3002 : Step(51): len = 7343.6, overlap = 0
PHY-3002 : Step(52): len = 6392.2, overlap = 0
PHY-3002 : Step(53): len = 6612.7, overlap = 0
PHY-3002 : Step(54): len = 6793.9, overlap = 0
PHY-3002 : Step(55): len = 6059.7, overlap = 0
PHY-3002 : Step(56): len = 5786.3, overlap = 0
PHY-3002 : Step(57): len = 5979.1, overlap = 0
PHY-3002 : Step(58): len = 5357.5, overlap = 0
PHY-3002 : Step(59): len = 5369.8, overlap = 0
PHY-3002 : Step(60): len = 5458.3, overlap = 0
PHY-3002 : Step(61): len = 5349.7, overlap = 0
PHY-3002 : Step(62): len = 5407, overlap = 0.53125
PHY-3002 : Step(63): len = 5379.9, overlap = 2.34375
PHY-3002 : Step(64): len = 5069.8, overlap = 2.5
PHY-3002 : Step(65): len = 5125.4, overlap = 2.09375
PHY-3002 : Step(66): len = 5190, overlap = 1.78125
PHY-3002 : Step(67): len = 5090, overlap = 1.125
PHY-3002 : Step(68): len = 4780.3, overlap = 0.59375
PHY-3002 : Step(69): len = 4683.7, overlap = 0
PHY-3002 : Step(70): len = 4391.3, overlap = 0
PHY-3002 : Step(71): len = 4294.5, overlap = 0
PHY-3002 : Step(72): len = 4186.4, overlap = 0
PHY-3002 : Step(73): len = 4087.7, overlap = 0
PHY-3002 : Step(74): len = 3910.8, overlap = 0
PHY-3002 : Step(75): len = 3808.5, overlap = 0
PHY-3002 : Step(76): len = 3702.4, overlap = 0
PHY-3002 : Step(77): len = 3509.6, overlap = 0
PHY-3002 : Step(78): len = 3514.9, overlap = 0
PHY-3002 : Step(79): len = 3536.1, overlap = 0
PHY-3002 : Step(80): len = 3326.6, overlap = 0
PHY-3002 : Step(81): len = 3344.1, overlap = 0
PHY-3002 : Step(82): len = 3360.8, overlap = 0
PHY-3002 : Step(83): len = 3362.1, overlap = 0
PHY-3002 : Step(84): len = 3306.3, overlap = 0
PHY-3002 : Step(85): len = 3238.6, overlap = 0
PHY-3002 : Step(86): len = 3197.8, overlap = 0
PHY-3001 : Run with size of 2
PHY-3001 : Cell area utilization is 1%
PHY-3001 : Update timing in Manhattan mode ...
TMR-2503 : Start to update net delay, extr mode = 3.
TMR-2504 : Update delay of 396 nets completely.
TMR-2502 : Annotate delay completely, extr mode = 3.
TMR-3501 : Forward propagation: start to calculate arrival time...
TMR-3502 : Backward propagation: start to calculate required time...
TMR-3503 : Timing propagation completes.
PHY-3001 : End timing update;  0.003897s wall, 0.000000s user + 0.000000s system = 0.000000s CPU (n/a%)

PHY-3001 : :::0::: Try harder cell spreading with beta_ = 8.53404e-05
PHY-3002 : Step(87): len = 3117.4, overlap = 3.625
PHY-3002 : Step(88): len = 3117.4, overlap = 3.625
PHY-3002 : Step(89): len = 3035.8, overlap = 3.5
PHY-3001 : :::1::: Try harder cell spreading with beta_ = 0.000170681
PHY-3002 : Step(90): len = 3114.3, overlap = 3
PHY-3002 : Step(91): len = 3114.3, overlap = 3
PHY-3001 : :::2::: Try harder cell spreading with beta_ = 0.000341362
PHY-3002 : Step(92): len = 3057, overlap = 2.5625
PHY-3002 : Step(93): len = 3057, overlap = 2.5625
OPT-1001 : Start physical optimization ...
RUN-1002 : start command "start_timer -report"
TMR-2505 : Start building timing graph for model keyboard_instance.
TMR-2506 : Build timing graph completely. Port num: 7, tpin num: 1382, tnet num: 396, tinst num: 326, tnode num: 1751, tedge num: 2182.
TMR-2508 : Levelizing timing graph completed, there are 21 levels in total.
TMR-2501 : Timing graph initialized successfully.
OPT-1001 : Total overflow 8.09 peak overflow 1.41
OPT-1001 : Start high-fanout net optimization ...
OPT-1001 : Update timing in global mode
PHY-1001 : Start incremental global routing, caller is place ...
RUN-1001 : Generating global routing grids ...
RUN-1001 : Building simple global routing graph ...
PHY-1001 : Generate routing nets ...
PHY-1001 : Reuse net number 0/398.
PHY-1001 : Global iterations in 16 thread ...
PHY-1002 : len = 3136, over cnt = 16(0%), over = 70, worst = 11
PHY-1001 : End global iterations;  0.011718s wall, 0.000000s user + 0.000000s system = 0.000000s CPU (n/a%)

PHY-1001 : Congestion index: top1 = 10.87, top5 = 2.69, top10 = 1.34, top15 = 0.89.
PHY-1001 : End incremental global routing;  0.059780s wall, 0.046875s user + 0.000000s system = 0.046875s CPU (78.4%)

TMR-2503 : Start to update net delay, extr mode = 5.
TMR-2504 : Update delay of 396 nets completely.
TMR-2502 : Annotate delay completely, extr mode = 5.
TMR-3001 : Initiate 0 clocks from SDC.
TMR-3004 : Map sdc constraints, there are 0 constraints in total.
TMR-3003 : Constraints initiated successfully.
TMR-3501 : Forward propagation: start to calculate arrival time...
TMR-3502 : Backward propagation: start to calculate required time...
TMR-3503 : Timing propagation completes.
OPT-1001 : End timing update;  0.005053s wall, 0.000000s user + 0.000000s system = 0.000000s CPU (n/a%)

OPT-1001 : 0 high-fanout net processed.
OPT-1001 : End high-fanout net optimization;  0.068260s wall, 0.046875s user + 0.000000s system = 0.046875s CPU (68.7%)

OPT-1001 : Current memory(MB): used = 143, reserve = 113, peak = 143.
OPT-1001 : Start global optimization ...
OPT-1001 : Start congestion update ...
RUN-1001 : Generating global routing grids ...
PHY-1001 : Generate routing nets ...
PHY-1001 : Reuse net number 169/398.
PHY-1001 : Global iterations in 16 thread ...
PHY-1002 : len = 3136, over cnt = 16(0%), over = 70, worst = 11
PHY-1002 : len = 3872, over cnt = 11(0%), over = 17, worst = 5
PHY-1002 : len = 4008, over cnt = 3(0%), over = 4, worst = 2
PHY-1002 : len = 4080, over cnt = 1(0%), over = 1, worst = 1
PHY-1001 : End global iterations;  0.016372s wall, 0.015625s user + 0.015625s system = 0.031250s CPU (190.9%)

PHY-1001 : Congestion index: top1 = 12.32, top5 = 3.18, top10 = 1.58, top15 = 1.06.
OPT-1001 : End congestion update;  0.053062s wall, 0.031250s user + 0.015625s system = 0.046875s CPU (88.3%)

OPT-1001 : Update timing in Manhattan mode
TMR-2503 : Start to update net delay, extr mode = 3.
TMR-2504 : Update delay of 396 nets completely.
TMR-2502 : Annotate delay completely, extr mode = 3.
TMR-3501 : Forward propagation: start to calculate arrival time...
TMR-3502 : Backward propagation: start to calculate required time...
TMR-3503 : Timing propagation completes.
OPT-1001 : End timing update;  0.004832s wall, 0.000000s user + 0.000000s system = 0.000000s CPU (n/a%)

OPT-0007 : Start: WNS 2147483647 TNS 0 NUM_FEPS 0
OPT-1001 : End global optimization;  0.057996s wall, 0.031250s user + 0.015625s system = 0.046875s CPU (80.8%)

OPT-1001 : Current memory(MB): used = 143, reserve = 114, peak = 143.
OPT-1001 : End physical optimization;  0.246733s wall, 0.203125s user + 0.015625s system = 0.218750s CPU (88.7%)

PHY-3001 : Start packing ...
SYN-4007 : Packing 0 MUX to BLE ...
SYN-4008 : Packed 0 MUX and 0 SEQ to BLE.
SYN-4007 : Packing 146 LUT to BLE ...
SYN-4008 : Packed 146 LUT and 56 SEQ to BLE.
SYN-4003 : Packing 74 remaining SEQ's ...
SYN-4005 : Packed 48 SEQ with LUT/SLICE
SYN-4006 : 46 single LUT's are left
SYN-4006 : 26 single SEQ's are left
SYN-4011 : Packing model "keyboard_instance" (AL_USER_NORMAL) with 172/224 primitive instances ...
PHY-3001 : End packing;  0.009631s wall, 0.015625s user + 0.000000s system = 0.015625s CPU (162.2%)

PHY-1001 : Populate physical database on model keyboard_instance.
RUN-1001 : There are total 146 instances
RUN-1001 : 59 mslices, 60 lslices, 23 pads, 0 brams, 0 dsps
RUN-1001 : There are total 342 nets
RUN-1001 : 171 nets have 2 pins
RUN-1001 : 134 nets have [3 - 5] pins
RUN-1001 : 28 nets have [6 - 10] pins
RUN-1001 : 5 nets have [11 - 20] pins
RUN-1001 : 3 nets have [21 - 99] pins
RUN-1001 : 1 nets have 100+ pins
PHY-3001 : design contains 144 instances, 119 slices, 3 macros(25 instances: 10 mslices 15 lslices)
PHY-3001 : Cell area utilization is 1%
PHY-3001 : After packing: Len = 3219.6, Over = 5.5
PHY-3001 : Run with size of 2
PHY-3001 : Cell area utilization is 1%
PHY-3001 : Update timing in Manhattan mode ...
RUN-1002 : start command "start_timer -report"
TMR-2505 : Start building timing graph for model keyboard_instance.
TMR-2506 : Build timing graph completely. Port num: 7, tpin num: 1200, tnet num: 340, tinst num: 144, tnode num: 1471, tedge num: 1989.
TMR-2508 : Levelizing timing graph completed, there are 21 levels in total.
TMR-2501 : Timing graph initialized successfully.
TMR-2503 : Start to update net delay, extr mode = 3.
TMR-2504 : Update delay of 340 nets completely.
TMR-2502 : Annotate delay completely, extr mode = 3.
TMR-3001 : Initiate 0 clocks from SDC.
TMR-3004 : Map sdc constraints, there are 0 constraints in total.
TMR-3003 : Constraints initiated successfully.
TMR-3501 : Forward propagation: start to calculate arrival time...
TMR-3502 : Backward propagation: start to calculate required time...
TMR-3503 : Timing propagation completes.
PHY-3001 : End timing update;  0.127490s wall, 0.062500s user + 0.000000s system = 0.062500s CPU (49.0%)

PHY-3001 : :::0::: Try harder cell spreading with beta_ = 3.1608e-05
PHY-3002 : Step(94): len = 3198.3, overlap = 5.75
PHY-3002 : Step(95): len = 3251.7, overlap = 5.75
PHY-3002 : Step(96): len = 3251.7, overlap = 5.75
PHY-3001 : :::1::: Try harder cell spreading with beta_ = 6.3216e-05
PHY-3002 : Step(97): len = 3264, overlap = 5.25
PHY-3002 : Step(98): len = 3264, overlap = 5.25
PHY-3001 : :::2::: Try harder cell spreading with beta_ = 0.000126432
PHY-3002 : Step(99): len = 3344.4, overlap = 5
PHY-3002 : Step(100): len = 3356.9, overlap = 5
PHY-3001 : Legalization ...
PHY-3001 : End legalization;  0.030500s wall, 0.000000s user + 0.031250s system = 0.031250s CPU (102.5%)

PHY-3001 : Trial Legalized: Len = 5454.8
PHY-3001 : Run with size of 2
PHY-3001 : Cell area utilization is 1%
PHY-3001 : Update timing in Manhattan mode ...
TMR-2503 : Start to update net delay, extr mode = 3.
TMR-2504 : Update delay of 340 nets completely.
TMR-2502 : Annotate delay completely, extr mode = 3.
TMR-3501 : Forward propagation: start to calculate arrival time...
TMR-3502 : Backward propagation: start to calculate required time...
TMR-3503 : Timing propagation completes.
PHY-3001 : End timing update;  0.003554s wall, 0.000000s user + 0.000000s system = 0.000000s CPU (n/a%)

PHY-3001 : :::0::: Try harder cell spreading with beta_ = 0.048044
PHY-3002 : Step(101): len = 4789.2, overlap = 1.25
PHY-3002 : Step(102): len = 4608.2, overlap = 1.75
PHY-3002 : Step(103): len = 3920.7, overlap = 2.75
PHY-3002 : Step(104): len = 3616.3, overlap = 3.25
PHY-3002 : Step(105): len = 3616.3, overlap = 3.25
PHY-3002 : Step(106): len = 3560.2, overlap = 3.5
PHY-3001 : Legalization ...
PHY-3001 : End legalization;  0.005099s wall, 0.015625s user + 0.000000s system = 0.015625s CPU (306.4%)

PHY-3001 : Legalized: Len = 5005.4, Over = 0
PHY-3001 : Spreading special nets. 2 overflows in 2952 tiles.
PHY-3001 : End spreading;  0.002475s wall, 0.000000s user + 0.000000s system = 0.000000s CPU (n/a%)

PHY-3001 : 3 instances has been re-located, deltaX = 1, deltaY = 0, maxDist = 1.
PHY-3001 : Final: Len = 5015.4, Over = 0
OPT-1001 : Start physical optimization ...
RUN-1002 : start command "start_timer -report"
TMR-2505 : Start building timing graph for model keyboard_instance.
TMR-2506 : Build timing graph completely. Port num: 7, tpin num: 1200, tnet num: 340, tinst num: 144, tnode num: 1471, tedge num: 1989.
TMR-2508 : Levelizing timing graph completed, there are 21 levels in total.
TMR-2501 : Timing graph initialized successfully.
OPT-1001 : Total overflow 0.00 peak overflow 0.00
OPT-1001 : Start high-fanout net optimization ...
OPT-1001 : Update timing in global mode
PHY-1001 : Start incremental global routing, caller is place ...
RUN-1001 : Generating global routing grids ...
PHY-1001 : Generate routing nets ...
PHY-1001 : Reuse net number 32/342.
PHY-1001 : Global iterations in 16 thread ...
PHY-1002 : len = 5432, over cnt = 17(0%), over = 30, worst = 4
PHY-1002 : len = 5680, over cnt = 7(0%), over = 7, worst = 1
PHY-1002 : len = 5792, over cnt = 0(0%), over = 0, worst = 0
PHY-1001 : End global iterations;  0.039171s wall, 0.015625s user + 0.000000s system = 0.015625s CPU (39.9%)

PHY-1001 : Congestion index: top1 = 16.03, top5 = 4.80, top10 = 2.39, top15 = 1.60.
PHY-1001 : End incremental global routing;  0.081980s wall, 0.046875s user + 0.000000s system = 0.046875s CPU (57.2%)

TMR-2503 : Start to update net delay, extr mode = 5.
TMR-2504 : Update delay of 340 nets completely.
TMR-2502 : Annotate delay completely, extr mode = 5.
TMR-3001 : Initiate 0 clocks from SDC.
TMR-3004 : Map sdc constraints, there are 0 constraints in total.
TMR-3003 : Constraints initiated successfully.
TMR-3501 : Forward propagation: start to calculate arrival time...
TMR-3502 : Backward propagation: start to calculate required time...
TMR-3503 : Timing propagation completes.
OPT-1001 : End timing update;  0.005729s wall, 0.015625s user + 0.000000s system = 0.015625s CPU (272.7%)

OPT-1001 : 0 high-fanout net processed.
OPT-1001 : End high-fanout net optimization;  0.091263s wall, 0.062500s user + 0.000000s system = 0.062500s CPU (68.5%)

OPT-1001 : Current memory(MB): used = 144, reserve = 114, peak = 146.
OPT-1001 : Start path based optimization ...
OPT-1001 : Start congestion update ...
RUN-1001 : Generating global routing grids ...
PHY-1001 : Generate routing nets ...
PHY-1001 : Reuse net number 252/342.
PHY-1001 : Global iterations in 16 thread ...
PHY-1002 : len = 5792, over cnt = 0(0%), over = 0, worst = 0
PHY-1001 : End global iterations;  0.001148s wall, 0.000000s user + 0.000000s system = 0.000000s CPU (n/a%)

PHY-1001 : Congestion index: top1 = 16.03, top5 = 4.80, top10 = 2.39, top15 = 1.60.
OPT-1001 : End congestion update;  0.040104s wall, 0.015625s user + 0.000000s system = 0.015625s CPU (39.0%)

OPT-1001 : Update timing in Manhattan mode
TMR-2503 : Start to update net delay, extr mode = 3.
TMR-2504 : Update delay of 340 nets completely.
TMR-2502 : Annotate delay completely, extr mode = 3.
TMR-3501 : Forward propagation: start to calculate arrival time...
TMR-3502 : Backward propagation: start to calculate required time...
TMR-3503 : Timing propagation completes.
OPT-1001 : End timing update;  0.003912s wall, 0.000000s user + 0.000000s system = 0.000000s CPU (n/a%)

OPT-0007 : Start: WNS 2147483647 TNS 0 NUM_FEPS 0
OPT-1001 : End path based optimization;  0.044088s wall, 0.015625s user + 0.000000s system = 0.015625s CPU (35.4%)

OPT-1001 : Current memory(MB): used = 145, reserve = 115, peak = 146.
OPT-1001 : Update timing in Manhattan mode
TMR-2503 : Start to update net delay, extr mode = 3.
TMR-2504 : Update delay of 340 nets completely.
TMR-2502 : Annotate delay completely, extr mode = 3.
TMR-3501 : Forward propagation: start to calculate arrival time...
TMR-3502 : Backward propagation: start to calculate required time...
TMR-3503 : Timing propagation completes.
OPT-1001 : End timing update;  0.003009s wall, 0.000000s user + 0.000000s system = 0.000000s CPU (n/a%)

OPT-1001 : Start pin optimization...
OPT-1001 : skip pin optimization...
OPT-1001 : Update timing in global mode
PHY-1001 : Start incremental global routing, caller is place ...
RUN-1001 : Generating global routing grids ...
PHY-1001 : Generate routing nets ...
PHY-1001 : Reuse net number 252/342.
PHY-1001 : Global iterations in 16 thread ...
PHY-1002 : len = 5792, over cnt = 0(0%), over = 0, worst = 0
PHY-1001 : End global iterations;  0.001177s wall, 0.000000s user + 0.000000s system = 0.000000s CPU (n/a%)

PHY-1001 : Congestion index: top1 = 16.03, top5 = 4.80, top10 = 2.39, top15 = 1.60.
PHY-1001 : End incremental global routing;  0.038201s wall, 0.031250s user + 0.015625s system = 0.046875s CPU (122.7%)

TMR-2503 : Start to update net delay, extr mode = 5.
TMR-2504 : Update delay of 340 nets completely.
TMR-2502 : Annotate delay completely, extr mode = 5.
TMR-3501 : Forward propagation: start to calculate arrival time...
TMR-3502 : Backward propagation: start to calculate required time...
TMR-3503 : Timing propagation completes.
OPT-1001 : End timing update;  0.005294s wall, 0.000000s user + 0.000000s system = 0.000000s CPU (n/a%)

RUN-1001 : Generating global routing grids ...
PHY-1001 : Generate routing nets ...
PHY-1001 : Reuse net number 252/342.
PHY-1001 : Global iterations in 16 thread ...
PHY-1002 : len = 5792, over cnt = 0(0%), over = 0, worst = 0
PHY-1001 : End global iterations;  0.001455s wall, 0.000000s user + 0.000000s system = 0.000000s CPU (n/a%)

PHY-1001 : Congestion index: top1 = 16.03, top5 = 4.80, top10 = 2.39, top15 = 1.60.
OPT-1001 : Update timing in Manhattan mode
TMR-2503 : Start to update net delay, extr mode = 3.
TMR-2504 : Update delay of 340 nets completely.
TMR-2502 : Annotate delay completely, extr mode = 3.
TMR-3501 : Forward propagation: start to calculate arrival time...
TMR-3502 : Backward propagation: start to calculate required time...
TMR-3503 : Timing propagation completes.
OPT-1001 : End timing update;  0.003612s wall, 0.000000s user + 0.000000s system = 0.000000s CPU (n/a%)

RUN-1001 : QoR Analysis:
OPT-0007 :   WNS 2147483647 TNS 0 NUM_FEPS 0
RUN-1001 :   No local congestion issue, and most congested 1% tile average routing util is 15.551724
RUN-1001 :   Top critical paths
OPT-1001 : End physical optimization;  0.356127s wall, 0.265625s user + 0.015625s system = 0.281250s CPU (79.0%)

RUN-1003 : finish command "place" in  2.951726s wall, 1.187500s user + 1.015625s system = 2.203125s CPU (74.6%)

RUN-1004 : used memory is 132 MB, reserved memory is 102 MB, peak memory is 146 MB
RUN-1002 : start command "export_db keyboard_place.db"
RUN-1001 : Exported /
RUN-1001 : Exported flow parameters
RUN-1001 : Exported libs
RUN-1001 : Exported entities
RUN-1001 : Exported ports
RUN-1001 : Exported pins
RUN-1001 : Exported instances
RUN-1001 : Exported nets
RUN-1001 : Exported buses
RUN-1001 : Exported models
RUN-1001 : Exported congestions
RUN-1001 : Exported violations
RUN-1001 : Exported timing constraints
RUN-1001 : Exported IO constraints
RUN-1001 : Exported Inst constraints
RUN-1002 : start command "route"
RUN-1001 : Open license file E:/Anlogic/TD5.6.59063/license/Anlogic.lic
RUN-1001 : Print Global Property
RUN-1001 : ---------------------------------------------------------------
RUN-1001 :        Parameters        |  Settings  |  Default Values  |  Note  
RUN-1001 : ---------------------------------------------------------------
RUN-1001 :          message         |  standard  |     standard     |        
RUN-1001 :   mixed_pack_place_flow  |     on     |        on        |        
RUN-1001 :        qor_monitor       |    off     |       off        |        
RUN-1001 :        syn_ip_flow       |    off     |       off        |        
RUN-1001 :          thread          |    auto    |       auto       |        
RUN-1001 : ---------------------------------------------------------------
RUN-1001 : Print Route Property
RUN-1001 : -------------------------------------------------------
RUN-1001 :    Parameters    |  Settings  |  Default Values  |  Note  
RUN-1001 : -------------------------------------------------------
RUN-1001 :      effort      |   medium   |      medium      |        
RUN-1001 :     fix_hold     |    off     |       off        |        
RUN-1001 :    opt_timing    |   medium   |      medium      |        
RUN-1001 :   phy_sim_model  |    off     |       off        |        
RUN-1001 :     priority     |   timing   |      timing      |        
RUN-1001 :     swap_pin     |     on     |        on        |        
RUN-1001 : -------------------------------------------------------
PHY-1001 : Route runs in 16 thread(s)
RUN-1001 : There are total 146 instances
RUN-1001 : 59 mslices, 60 lslices, 23 pads, 0 brams, 0 dsps
RUN-1001 : There are total 342 nets
RUN-1001 : 171 nets have 2 pins
RUN-1001 : 134 nets have [3 - 5] pins
RUN-1001 : 28 nets have [6 - 10] pins
RUN-1001 : 5 nets have [11 - 20] pins
RUN-1001 : 3 nets have [21 - 99] pins
RUN-1001 : 1 nets have 100+ pins
RUN-1002 : start command "start_timer -report"
TMR-2505 : Start building timing graph for model keyboard_instance.
TMR-2506 : Build timing graph completely. Port num: 7, tpin num: 1200, tnet num: 340, tinst num: 144, tnode num: 1471, tedge num: 1989.
TMR-2508 : Levelizing timing graph completed, there are 21 levels in total.
TMR-2501 : Timing graph initialized successfully.
PHY-1001 : 59 mslices, 60 lslices, 23 pads, 0 brams, 0 dsps
TMR-2503 : Start to update net delay, extr mode = 3.
TMR-2504 : Update delay of 340 nets completely.
TMR-2502 : Annotate delay completely, extr mode = 3.
TMR-3001 : Initiate 0 clocks from SDC.
TMR-3004 : Map sdc constraints, there are 0 constraints in total.
TMR-3003 : Constraints initiated successfully.
TMR-3501 : Forward propagation: start to calculate arrival time...
TMR-3502 : Backward propagation: start to calculate required time...
TMR-3503 : Timing propagation completes.
PHY-1001 : Start global routing, caller is route ...
RUN-1001 : Generating global routing grids ...
PHY-1001 : Generate routing nets ...
PHY-1001 : Global iterations in 16 thread ...
PHY-1002 : len = 5240, over cnt = 20(0%), over = 36, worst = 4
PHY-1002 : len = 5496, over cnt = 8(0%), over = 9, worst = 2
PHY-1002 : len = 5640, over cnt = 0(0%), over = 0, worst = 0
PHY-1001 : End global iterations;  0.029036s wall, 0.000000s user + 0.015625s system = 0.015625s CPU (53.8%)

PHY-1001 : Congestion index: top1 = 16.01, top5 = 4.71, top10 = 2.35, top15 = 1.57.
PHY-1001 : End global routing;  0.065184s wall, 0.000000s user + 0.015625s system = 0.015625s CPU (24.0%)

PHY-1001 : Start detail routing ...
PHY-1001 : Current memory(MB): used = 163, reserve = 134, peak = 179.
PHY-1001 : Detailed router is running in normal mode.
PHY-1001 : Generate detailed routing grids ...
PHY-1001 : Generate nets ...
PHY-1001 : net clk_50M_dup_1 will be routed on clock mesh
PHY-1001 : clock net U1/scan_clk_syn_4 will be merged with clock U1/scan_clk
PHY-1001 : Current memory(MB): used = 432, reserve = 407, peak = 432.
PHY-1001 : End build detailed router design. 4.105590s wall, 1.921875s user + 0.046875s system = 1.968750s CPU (48.0%)

PHY-1001 : Detail Route ...
PHY-1001 : ===== Detail Route Phase 1 =====
PHY-1001 : Clock net routing.....
PHY-1001 : Routed 0% nets.
PHY-1022 : len = 6064, over cnt = 0(0%), over = 0, worst = 0, crit = 0
PHY-1001 : End initial clock net routed; 0.318402s wall, 0.109375s user + 0.000000s system = 0.109375s CPU (34.4%)

PHY-1001 : Current memory(MB): used = 461, reserve = 437, peak = 461.
PHY-1001 : End phase 1; 0.324374s wall, 0.109375s user + 0.000000s system = 0.109375s CPU (33.7%)

PHY-1001 : ===== Detail Route Phase 2 =====
PHY-1001 : Initial routing.....
PHY-1001 : Routed 41% nets.
PHY-1001 : Patch 152 net; 0.044047s wall, 0.000000s user + 0.000000s system = 0.000000s CPU (n/a%)

PHY-1022 : len = 16096, over cnt = 19(0%), over = 19, worst = 1, crit = 0
PHY-1001 : Current memory(MB): used = 461, reserve = 437, peak = 461.
PHY-1001 : End initial routed; 0.060423s wall, 0.000000s user + 0.000000s system = 0.000000s CPU (n/a%)

PHY-1001 : Update timing.....
PHY-1001 : 0/295(0%) critical/total net(s).
RUN-1001 : ------------------------------------------
RUN-1001 :   Type   |    WNS(ns)    |  TNS(ns)  |  FEP  
RUN-1001 : ------------------------------------------
RUN-1001 :   Setup  |  2147483.647  |   0.000   |   0   
RUN-1001 :   Hold   |  2147483.647  |   0.000   |   0   
RUN-1001 : ------------------------------------------
PHY-1001 : End update timing; 0.141836s wall, 0.046875s user + 0.000000s system = 0.046875s CPU (33.0%)

PHY-1001 : Current memory(MB): used = 462, reserve = 438, peak = 462.
PHY-1001 : End phase 2; 0.202329s wall, 0.046875s user + 0.000000s system = 0.046875s CPU (23.2%)

PHY-1001 : ===== Detail Route Phase 3 =====
PHY-1001 : Optimize timing.....
PHY-1022 : len = 16096, over cnt = 19(0%), over = 19, worst = 1, crit = 0
PHY-1001 : End optimize timing; 0.003734s wall, 0.000000s user + 0.000000s system = 0.000000s CPU (n/a%)

PHY-1001 : Ripup-reroute.....
PHY-1001 : ===== DR Iter 1 =====
PHY-1022 : len = 16144, over cnt = 8(0%), over = 8, worst = 1, crit = 0
PHY-1001 : End DR Iter 1; 0.017725s wall, 0.015625s user + 0.000000s system = 0.015625s CPU (88.2%)

PHY-1001 : ===== DR Iter 2 =====
PHY-1022 : len = 16232, over cnt = 0(0%), over = 0, worst = 0, crit = 0
PHY-1001 : End DR Iter 2; 0.015283s wall, 0.000000s user + 0.000000s system = 0.000000s CPU (n/a%)

PHY-1001 : Update timing.....
PHY-1001 : 0/295(0%) critical/total net(s).
RUN-1001 : ------------------------------------------
RUN-1001 :   Type   |    WNS(ns)    |  TNS(ns)  |  FEP  
RUN-1001 : ------------------------------------------
RUN-1001 :   Setup  |  2147483.647  |   0.000   |   0   
RUN-1001 :   Hold   |  2147483.647  |   0.000   |   0   
RUN-1001 : ------------------------------------------
PHY-1001 : End update timing; 0.163620s wall, 0.078125s user + 0.000000s system = 0.078125s CPU (47.7%)

PHY-1001 : Commit to database.....
PHY-1001 : 3 feed throughs used by 3 nets
PHY-1001 : End commit to database; 0.028744s wall, 0.031250s user + 0.000000s system = 0.031250s CPU (108.7%)

PHY-1001 : Current memory(MB): used = 472, reserve = 448, peak = 472.
PHY-1001 : End phase 3; 0.357606s wall, 0.171875s user + 0.000000s system = 0.171875s CPU (48.1%)

PHY-1003 : Routed, final wirelength = 16232
PHY-1001 : Current memory(MB): used = 473, reserve = 448, peak = 473.
PHY-1001 : End export database. 0.004879s wall, 0.000000s user + 0.000000s system = 0.000000s CPU (n/a%)

PHY-1001 : End detail routing;  5.188279s wall, 2.375000s user + 0.062500s system = 2.437500s CPU (47.0%)

RUN-1003 : finish command "route" in  5.449084s wall, 2.484375s user + 0.078125s system = 2.562500s CPU (47.0%)

RUN-1004 : used memory is 426 MB, reserved memory is 403 MB, peak memory is 473 MB
RUN-1002 : start command "report_area -io_info -file keyboard_phy.area"
RUN-1001 : standard
***Report Model: keyboard_instance Device: EG4S20BG256***

IO Statistics
#IO                        23
  #input                    6
  #output                  17
  #inout                    0

Utilization Statistics
#lut                      203   out of  19600    1.04%
#reg                      146   out of  19600    0.74%
#le                       229
  #lut only                83   out of    229   36.24%
  #reg only                26   out of    229   11.35%
  #lut&reg                120   out of    229   52.40%
#dsp                        0   out of     29    0.00%
#bram                       0   out of     64    0.00%
  #bram9k                   0
  #fifo9k                   0
#bram32k                    0   out of     16    0.00%
#pad                       23   out of    188   12.23%
  #ireg                     0
  #oreg                     0
  #treg                     0
#pll                        0   out of      4    0.00%
#gclk                       2   out of     16   12.50%

Clock Resource Statistics
Index     ClockNet         Type               DriverType         Driver                      Fanout
#1        clk_50M_dup_1    GCLK               io                 clk_50M_syn_2.di            70
#2        U1/scan_clk      GCLK               mslice             U1/scan_clk_reg_syn_9.q1    10


Detailed IO Report

        Name           Direction    Location    IOStandard    DriveStrength    PullType    PackReg  
        RSTn             INPUT         A9        LVCMOS33          N/A          PULLUP      NONE    
       clk_50M           INPUT         R7        LVCMOS33          N/A          PULLUP      NONE    
       col[3]            INPUT        F10        LVCMOS33          N/A          PULLUP      NONE    
       col[2]            INPUT        C11        LVCMOS33          N/A          PULLUP      NONE    
       col[1]            INPUT        D11        LVCMOS33          N/A          PULLUP      NONE    
       col[0]            INPUT        E11        LVCMOS33          N/A          PULLUP      NONE    
  DigitronCS_Out[3]     OUTPUT         A3        LVCMOS33           8            NONE       NONE    
  DigitronCS_Out[2]     OUTPUT         A5        LVCMOS33           8            NONE       NONE    
  DigitronCS_Out[1]     OUTPUT         B6        LVCMOS33           8            NONE       NONE    
  DigitronCS_Out[0]     OUTPUT         C9        LVCMOS33           8            NONE       NONE    
   Digitron_Out[7]      OUTPUT         C8        LVCMOS33           8            NONE       NONE    
   Digitron_Out[6]      OUTPUT         A8        LVCMOS33           8            NONE       NONE    
   Digitron_Out[5]      OUTPUT         B5        LVCMOS33           8            NONE       NONE    
   Digitron_Out[4]      OUTPUT         A7        LVCMOS33           8            NONE       NONE    
   Digitron_Out[3]      OUTPUT         E8        LVCMOS33           8            NONE       NONE    
   Digitron_Out[2]      OUTPUT         B8        LVCMOS33           8            NONE       NONE    
   Digitron_Out[1]      OUTPUT         A6        LVCMOS33           8            NONE       NONE    
   Digitron_Out[0]      OUTPUT         A4        LVCMOS33           8            NONE       NONE    
        light           OUTPUT        B14        LVCMOS33           8            NONE       NONE    
       row[3]           OUTPUT         D9        LVCMOS33           8            NONE       NONE    
       row[2]           OUTPUT         F9        LVCMOS33           8            NONE       NONE    
       row[1]           OUTPUT        C10        LVCMOS33           8            NONE       NONE    
       row[0]           OUTPUT        E10        LVCMOS33           8            NONE       NONE    

Report Hierarchy Area:
+-------------------------------------------------------------------------------------------+
|Instance |Module                      |le     |lut     |ripple  |seq     |bram    |dsp     |
+-------------------------------------------------------------------------------------------+
|top      |keyboard_instance           |229    |178     |25      |146     |0       |0       |
|  U1     |keyboard_scan               |71     |49      |9       |54      |0       |0       |
|  U2     |key_filter                  |60     |41      |6       |50      |0       |0       |
|  U3     |onehot2binary               |57     |57      |0       |25      |0       |0       |
|  U5     |Digitron_TimeDisplay_module |35     |25      |10      |17      |0       |0       |
+-------------------------------------------------------------------------------------------+


DataNet Average Fanout:

   Index     Fanout    Nets  
    #1         1       148   
    #2         2        94   
    #3         3        22   
    #4         4        18   
    #5        5-10      28   
    #6       11-50      5    
  Average     2.40           

RUN-1002 : start command "export_db keyboard_pr.db"
RUN-1001 : Exported /
RUN-1001 : Exported flow parameters
RUN-1001 : Exported libs
RUN-1001 : Exported entities
RUN-1001 : Exported ports
RUN-1001 : Exported pins
RUN-1001 : Exported instances
RUN-1001 : Exported nets
RUN-1001 : Exported buses
RUN-1001 : Exported models
RUN-1001 : Exported congestions
RUN-1001 : Exported violations
RUN-1001 : Exported timing constraints
RUN-1001 : Exported IO constraints
RUN-1001 : Exported Inst constraints
RUN-1002 : start command "export_bid keyboard_inst.bid"
RUN-1002 : start command "bitgen -bit keyboard.bit -unused_io_status pulldown"
BIT-1003 : Start to generate bitstream. 
BIT-1002 : Bitgen processed 165 unused pads, reserve input tri_state with pulldown
BIT-1002 : Init instances with 16 threads.
BIT-1002 : Init instances completely, inst num: 309
BIT-1002 : Init pips with 16 threads.
BIT-1002 : Init pips completely, net num: 342, pip num: 2085
BIT-1002 : Init feedthrough completely, num: 3
BIT-1003 : Multithreading accelaration with 16 threads.
BIT-1003 : Generate bitstream completely, there are 428 valid insts, and 6887 bits set as '1'.
BIT-1004 : PLL setting string = 0000
BIT-1004 : Generate bits file keyboard.bit.
RUN-1003 : finish command "bitgen -bit keyboard.bit -unused_io_status pulldown" in  1.295332s wall, 4.453125s user + 0.046875s system = 4.500000s CPU (347.4%)

RUN-1004 : used memory is 443 MB, reserved memory is 421 MB, peak memory is 619 MB
RUN-1002 : start command "backup_run_log run.log ../.logs/phy_1/td_20240827_143623.log"
