============================================================
   Tang Dynasty, V5.6.59063
   Copyright (c) 2012-2022 Anlogic
   Executable = E:/Anlogic/TD5.6.59063/bin/td.exe
   Built at =   12:45:13 Sep  6 2022
   Run by =     19234
   Run Date =   Wed Aug 28 23:57:38 2024

   Run on =     ERIKPSW
============================================================
RUN-1002 : start command "open_project keyboard.prj"
RUN-1001 : Print Global Property
RUN-1001 : ---------------------------------------------------------------
RUN-1001 :        Parameters        |  Settings  |  Default Values  |  Note  
RUN-1001 : ---------------------------------------------------------------
RUN-1001 :          message         |  standard  |     standard     |        
RUN-1001 :   mixed_pack_place_flow  |     on     |        on        |        
RUN-1001 :        qor_monitor       |    off     |       off        |        
RUN-1001 :        syn_ip_flow       |    off     |       off        |        
RUN-1001 :          thread          |    auto    |       auto       |        
RUN-1001 : ---------------------------------------------------------------
RUN-1001 : Print Design Property
RUN-1001 : --------------------------------------------------------------
RUN-1001 :        Parameters       |  Settings  |  Default Values  |  Note  
RUN-1001 : --------------------------------------------------------------
RUN-1001 :   default_reg_initial   |    auto    |       auto       |        
RUN-1001 :        infer_add        |     on     |        on        |        
RUN-1001 :        infer_fsm        |    off     |       off        |        
RUN-1001 :        infer_mult       |     on     |        on        |        
RUN-1001 :        infer_ram        |     on     |        on        |        
RUN-1001 :        infer_reg        |     on     |        on        |        
RUN-1001 :   infer_reg_init_value  |     on     |        on        |        
RUN-1001 :        infer_rom        |     on     |        on        |        
RUN-1001 :      infer_shifter      |     on     |        on        |        
RUN-1001 : --------------------------------------------------------------
RUN-1001 : Print Rtl Property
RUN-1001 : --------------------------------------------------------------
RUN-1001 :        Parameters       |  Settings  |  Default Values  |  Note  
RUN-1001 : --------------------------------------------------------------
RUN-1001 :       compress_add      |   ripple   |      ripple      |        
RUN-1001 :        elf_sload        |    off     |       off        |        
RUN-1001 :       fix_undriven      |     0      |        0         |        
RUN-1001 :         flatten         |    off     |       off        |        
RUN-1001 :       gate_sharing      |     on     |        on        |        
RUN-1001 :    hdl_warning_level    |   normal   |      normal      |        
RUN-1001 :   impl_internal_tribuf  |     on     |        on        |        
RUN-1001 :      impl_set_reset     |     on     |        on        |        
RUN-1001 :        infer_gsr        |    off     |       off        |        
RUN-1001 :      keep_hierarchy     |    auto    |       auto       |        
RUN-1001 :        max_fanout       |    9999    |       9999       |        
RUN-1001 :      max_oh2bin_len     |     10     |        10        |        
RUN-1001 :       merge_equal       |     on     |        on        |        
RUN-1001 :       merge_equiv       |     on     |        on        |        
RUN-1001 :        merge_mux        |    off     |       off        |        
RUN-1001 :     min_control_set     |     8      |        8         |        
RUN-1001 :      min_ripple_len     |    auto    |       auto       |        
RUN-1001 :       oh2bin_ratio      |    0.08    |       0.08       |        
RUN-1001 :     opt_adder_fanout    |     on     |        on        |        
RUN-1001 :        opt_arith        |     on     |        on        |        
RUN-1001 :       opt_big_gate      |    off     |       off        |        
RUN-1001 :        opt_const        |     on     |        on        |        
RUN-1001 :      opt_const_mult     |     on     |        on        |        
RUN-1001 :       opt_lessthan      |     on     |        on        |        
RUN-1001 :         opt_mux         |    off     |       off        |        
RUN-1001 :         opt_ram         |    high    |       high       |        
RUN-1001 :      rtl_sim_model      |    off     |       off        |        
RUN-1001 :         seq_syn         |     on     |        on        |        
RUN-1001 : --------------------------------------------------------------
HDL-1007 : analyze verilog file ../../../src/Digitron_TimeDisplay_module.v
HDL-1007 : analyze verilog file ../../../src/key_filter.v
HDL-1007 : analyze verilog file ../../../src/keyboard_instance.v
HDL-1007 : undeclared symbol 'secrect', assumed default net type 'wire' in ../../../src/keyboard_instance.v(42)
HDL-1007 : analyze verilog file ../../../src/keyboard_scan.v
HDL-1007 : analyze verilog file ../../../src/onehot2binary.v
HDL-5007 WARNING: literal value 'd2 truncated to fit in 1 bits in ../../../src/onehot2binary.v(153)
HDL-5007 WARNING: literal value 'd3 truncated to fit in 1 bits in ../../../src/onehot2binary.v(154)
RUN-1001 : Project manager successfully analyzed 5 source files.
RUN-1002 : start command "import_device eagle_s20.db -package EG4S20BG256"
ARC-1001 : Device Initialization.
ARC-1001 : ------------------------------------------------------------------
ARC-1001 :            OPTION            |          IO          |   SETTING   
ARC-1001 : ------------------------------------------------------------------
ARC-1001 :   cso_b/cclk/mosi/miso/dout  |  T3/R11/T10/P10/S11  |    gpio    
ARC-1001 :             done             |         P13          |    gpio    
ARC-1001 :           program_b          |          T2          |  dedicate  
ARC-1001 :        tdi/tms/tck/tdo       |   C12/A15/C14/E14    |  dedicate  
ARC-1001 : ------------------------------------------------------------------
ARC-1004 : Device setting, marked 5 dedicate IOs in total.
RUN-1002 : start command "import_db ../syn_1/keyboard_gate.db"
RUN-1001 : Importing database generated by Tang Dynasty, V5.6.59063.
RUN-1001 : Database version number 46140.
RUN-1001 : Import flow parameters
RUN-1001 : Import timing constraints
RUN-1001 : Import IO constraints
RUN-1001 : Import Inst constraints
RUN-1001 : Import design success TD_VERSION=5.6.59063 , DB_VERSION=46140
RUN-1002 : start command "read_sdc"
USR-1002 : read_sdc file_name -help -h -eco
USR-1009 : NO module with IP_SDC ...
RUN-1104 : Import SDC file  finished, there are 0 nets kept by constraints.
RUN-1002 : start command "place"
RUN-1001 : Open license file E:/Anlogic/TD5.6.59063/license/Anlogic.lic
RUN-1001 : Print Global Property
RUN-1001 : ---------------------------------------------------------------
RUN-1001 :        Parameters        |  Settings  |  Default Values  |  Note  
RUN-1001 : ---------------------------------------------------------------
RUN-1001 :          message         |  standard  |     standard     |        
RUN-1001 :   mixed_pack_place_flow  |     on     |        on        |        
RUN-1001 :        qor_monitor       |    off     |       off        |        
RUN-1001 :        syn_ip_flow       |    off     |       off        |        
RUN-1001 :          thread          |    auto    |       auto       |        
RUN-1001 : ---------------------------------------------------------------
RUN-1001 : Print Place Property
RUN-1001 : --------------------------------------------------------------
RUN-1001 :        Parameters       |  Settings  |  Default Values  |  Note  
RUN-1001 : --------------------------------------------------------------
RUN-1001 :      detailed_place     |     on     |        on        |        
RUN-1001 :          effort         |   medium   |      medium      |        
RUN-1001 :         fix_hold        |    off     |       off        |        
RUN-1001 :       legalization      |    ori     |       ori        |        
RUN-1001 :      new_spreading      |     on     |        on        |        
RUN-1001 :        opt_timing       |   medium   |      medium      |        
RUN-1001 :   post_clock_route_opt  |    off     |       off        |        
RUN-1001 :       pr_strategy       |     1      |        1         |        
RUN-1001 :        relaxation       |    1.00    |       1.00       |        
RUN-1001 :         retiming        |    off     |       off        |        
RUN-1001 : --------------------------------------------------------------
PHY-3001 : Placer runs in 16 thread(s).
RUN-1002 : start command "legalize_phy_inst"
SYN-1011 : Flatten model keyboard_instance
RUN-1002 : start command "phys_opt -simplify_lut"
SYN-4024 : Net "clk_50M_dup_1" drives clk pins.
SYN-4024 : Net "U1/scan_clk" drives clk pins.
SYN-4025 : Tag rtl::Net U1/scan_clk as clock net
SYN-4025 : Tag rtl::Net clk_50M_dup_1 as clock net
SYN-4026 : Tagged 2 rtl::Net as clock net
SYN-4015 : Create BUFG instance for clk Net U1/scan_clk to drive 20 clock pins.
PHY-1001 : Populate physical database on model keyboard_instance.
RUN-1001 : There are total 870 instances
RUN-0007 : 448 luts, 243 seqs, 110 mslices, 41 lslices, 24 pads, 0 brams, 0 dsps
RUN-1001 : There are total 1012 nets
RUN-1001 : 642 nets have 2 pins
RUN-1001 : 234 nets have [3 - 5] pins
RUN-1001 : 102 nets have [6 - 10] pins
RUN-1001 : 19 nets have [11 - 20] pins
RUN-1001 : 13 nets have [21 - 99] pins
RUN-1001 : 2 nets have 100+ pins
RUN-1001 : Report Control nets information:
RUN-1001 : DFF Distribution
RUN-1001 : ----------------------------------
RUN-1001 :   CE   |  SSR  |  ASR  |  DFF Count  
RUN-1001 : ----------------------------------
RUN-1001 :   No   |  No   |  No   |     94      
RUN-1001 :   No   |  No   |  Yes  |     20      
RUN-1001 :   No   |  Yes  |  No   |     49      
RUN-1001 :   Yes  |  No   |  No   |     48      
RUN-1001 :   Yes  |  No   |  Yes  |     32      
RUN-1001 :   Yes  |  Yes  |  No   |      0      
RUN-1001 : ----------------------------------
RUN-0007 : Control Group Statistic
RUN-0007 : ---------------------------
RUN-0007 :   #CLK  |  #CE  |  #SSR/ASR  
RUN-0007 : ---------------------------
RUN-0007 :    2    |   5   |     3      
RUN-0007 : ---------------------------
RUN-0007 : Control Set = 8
PHY-3001 : Initial placement ...
PHY-3001 : design contains 868 instances, 448 luts, 243 seqs, 151 slices, 15 macros(151 instances: 110 mslices 41 lslices)
PHY-0007 : Cell area utilization is 3%
PHY-3001 : Start timing update ...
RUN-1002 : start command "start_timer -report"
TMR-2505 : Start building timing graph for model keyboard_instance.
TMR-2506 : Build timing graph completely. Port num: 8, tpin num: 3837, tnet num: 1010, tinst num: 868, tnode num: 4504, tedge num: 6153.
TMR-2508 : Levelizing timing graph completed, there are 51 levels in total.
TMR-2501 : Timing graph initialized successfully.
TMR-2503 : Start to update net delay, extr mode = 2.
TMR-2504 : Update delay of 1010 nets completely.
TMR-2502 : Annotate delay completely, extr mode = 2.
TMR-3001 : Initiate 0 clocks from SDC.
TMR-3004 : Map sdc constraints, there are 0 constraints in total.
TMR-3003 : Constraints initiated successfully.
TMR-3501 : Forward propagation: start to calculate arrival time...
TMR-3502 : Backward propagation: start to calculate required time...
TMR-3503 : Timing propagation completes.
PHY-3001 : End timing update;  0.154487s wall, 0.078125s user + 0.000000s system = 0.078125s CPU (50.6%)

PHY-3001 : Global placement ...
PHY-3001 : Initial: Len = 244669
PHY-3001 : Clustering ...
PHY-3001 : Level 0 #clusters 868.
PHY-3001 : End clustering;  0.000020s wall, 0.000000s user + 0.000000s system = 0.000000s CPU (n/a%)

PHY-3001 : Run with size of 4
PHY-3001 : Cell area utilization is 3%
PHY-3001 : :::0::: Try harder cell spreading with beta_ = 0
PHY-3002 : Step(1): len = 159776, overlap = 0
PHY-3002 : Step(2): len = 107180, overlap = 0
PHY-3002 : Step(3): len = 77960.3, overlap = 0
PHY-3002 : Step(4): len = 55379.1, overlap = 0
PHY-3002 : Step(5): len = 43305, overlap = 1.25
PHY-3002 : Step(6): len = 36097.4, overlap = 11.4688
PHY-3002 : Step(7): len = 29649.2, overlap = 15.4062
PHY-3002 : Step(8): len = 26382.9, overlap = 15.9688
PHY-3002 : Step(9): len = 23945.4, overlap = 13.7188
PHY-3002 : Step(10): len = 22268.4, overlap = 11.625
PHY-3002 : Step(11): len = 21881, overlap = 11.4688
PHY-3002 : Step(12): len = 20023.5, overlap = 11.3438
PHY-3002 : Step(13): len = 18982.2, overlap = 11.5312
PHY-3002 : Step(14): len = 19040.4, overlap = 11.4375
PHY-3002 : Step(15): len = 18051.1, overlap = 13.7812
PHY-3002 : Step(16): len = 17510.8, overlap = 15.4062
PHY-3002 : Step(17): len = 16285.2, overlap = 18.375
PHY-3002 : Step(18): len = 16615.1, overlap = 19.0312
PHY-3002 : Step(19): len = 16834.3, overlap = 19.7188
PHY-3001 : Legalization ...
PHY-3001 : End legalization;  0.006462s wall, 0.000000s user + 0.000000s system = 0.000000s CPU (n/a%)

PHY-3001 : Run with size of 4
PHY-3001 : Cell area utilization is 5%
PHY-3001 : Update timing in Manhattan mode ...
TMR-2503 : Start to update net delay, extr mode = 3.
TMR-2504 : Update delay of 1010 nets completely.
TMR-2502 : Annotate delay completely, extr mode = 3.
TMR-3501 : Forward propagation: start to calculate arrival time...
TMR-3502 : Backward propagation: start to calculate required time...
TMR-3503 : Timing propagation completes.
PHY-3001 : End timing update;  0.010451s wall, 0.000000s user + 0.000000s system = 0.000000s CPU (n/a%)

PHY-3001 : :::0::: Try harder cell spreading with beta_ = 6.05299e-06
PHY-3002 : Step(20): len = 15308.9, overlap = 37.2188
PHY-3002 : Step(21): len = 15310.9, overlap = 37.9375
PHY-3002 : Step(22): len = 15447.8, overlap = 37.9375
PHY-3001 : :::1::: Try harder cell spreading with beta_ = 1.2106e-05
PHY-3002 : Step(23): len = 15099.9, overlap = 38.3438
PHY-3002 : Step(24): len = 15144.3, overlap = 38.4375
PHY-3002 : Step(25): len = 16379.3, overlap = 35.2812
PHY-3002 : Step(26): len = 16560.9, overlap = 34.7188
PHY-3002 : Step(27): len = 15200.1, overlap = 34.3438
PHY-3002 : Step(28): len = 15240.4, overlap = 34.2188
PHY-3002 : Step(29): len = 15484, overlap = 34.0625
PHY-3001 : :::2::: Try harder cell spreading with beta_ = 2.42119e-05
PHY-3002 : Step(30): len = 14698.3, overlap = 34.3438
PHY-3002 : Step(31): len = 14758.5, overlap = 33.4688
PHY-3002 : Step(32): len = 14885.9, overlap = 33.4688
PHY-3001 : Run with size of 2
PHY-3001 : Cell area utilization is 5%
PHY-3001 : Update timing in Manhattan mode ...
TMR-2503 : Start to update net delay, extr mode = 3.
TMR-2504 : Update delay of 1010 nets completely.
TMR-2502 : Annotate delay completely, extr mode = 3.
TMR-3501 : Forward propagation: start to calculate arrival time...
TMR-3502 : Backward propagation: start to calculate required time...
TMR-3503 : Timing propagation completes.
PHY-3001 : End timing update;  0.010202s wall, 0.015625s user + 0.000000s system = 0.015625s CPU (153.2%)

PHY-3001 : :::0::: Try harder cell spreading with beta_ = 9.74546e-06
PHY-3002 : Step(33): len = 15391, overlap = 54.6562
PHY-3002 : Step(34): len = 15505.2, overlap = 54.5938
PHY-3002 : Step(35): len = 16248.2, overlap = 37.8438
PHY-3002 : Step(36): len = 16786, overlap = 38.875
PHY-3002 : Step(37): len = 17542.6, overlap = 36.375
PHY-3002 : Step(38): len = 17536.7, overlap = 28.5
PHY-3002 : Step(39): len = 16416.3, overlap = 36.1562
PHY-3002 : Step(40): len = 16404.3, overlap = 36.625
PHY-3002 : Step(41): len = 15890, overlap = 34.75
PHY-3002 : Step(42): len = 15804.1, overlap = 33.4062
PHY-3002 : Step(43): len = 15900.6, overlap = 32.8125
PHY-3001 : :::1::: Try harder cell spreading with beta_ = 1.94909e-05
PHY-3002 : Step(44): len = 16259, overlap = 27.6562
PHY-3002 : Step(45): len = 16587.9, overlap = 29.0625
PHY-3002 : Step(46): len = 16760.6, overlap = 29.0625
PHY-3002 : Step(47): len = 17020.3, overlap = 28.25
PHY-3001 : :::2::: Try harder cell spreading with beta_ = 3.89819e-05
PHY-3002 : Step(48): len = 16618.5, overlap = 27.9688
PHY-3002 : Step(49): len = 16691.6, overlap = 28.0312
PHY-3002 : Step(50): len = 16976.1, overlap = 28.3438
OPT-1001 : Start physical optimization ...
RUN-1002 : start command "start_timer -report"
TMR-2505 : Start building timing graph for model keyboard_instance.
TMR-2506 : Build timing graph completely. Port num: 8, tpin num: 3837, tnet num: 1010, tinst num: 868, tnode num: 4504, tedge num: 6153.
TMR-2508 : Levelizing timing graph completed, there are 51 levels in total.
TMR-2501 : Timing graph initialized successfully.
OPT-1001 : Total overflow 65.31 peak overflow 5.00
OPT-1001 : Start high-fanout net optimization ...
OPT-1001 : Update timing in global mode
PHY-1001 : Start incremental global routing, caller is place ...
RUN-1001 : Generating global routing grids ...
RUN-1001 : Building simple global routing graph ...
PHY-1001 : Generate routing nets ...
PHY-1001 : Reuse net number 0/1012.
PHY-1001 : Global iterations in 16 thread ...
PHY-1002 : len = 18632, over cnt = 87(0%), over = 360, worst = 19
PHY-1001 : End global iterations;  0.048381s wall, 0.000000s user + 0.000000s system = 0.000000s CPU (n/a%)

PHY-1001 : Congestion index: top1 = 26.94, top5 = 11.76, top10 = 6.68, top15 = 4.46.
PHY-1001 : End incremental global routing;  0.108594s wall, 0.015625s user + 0.015625s system = 0.031250s CPU (28.8%)

TMR-2503 : Start to update net delay, extr mode = 5.
TMR-2504 : Update delay of 1010 nets completely.
TMR-2502 : Annotate delay completely, extr mode = 5.
TMR-3001 : Initiate 0 clocks from SDC.
TMR-3004 : Map sdc constraints, there are 0 constraints in total.
TMR-3003 : Constraints initiated successfully.
TMR-3501 : Forward propagation: start to calculate arrival time...
TMR-3502 : Backward propagation: start to calculate required time...
TMR-3503 : Timing propagation completes.
OPT-1001 : End timing update;  0.015164s wall, 0.000000s user + 0.000000s system = 0.000000s CPU (n/a%)

OPT-1001 : 0 high-fanout net processed.
OPT-1001 : End high-fanout net optimization;  0.143980s wall, 0.015625s user + 0.015625s system = 0.031250s CPU (21.7%)

OPT-1001 : Current memory(MB): used = 153, reserve = 125, peak = 153.
OPT-1001 : Start global optimization ...
OPT-1001 : Start congestion update ...
RUN-1001 : Generating global routing grids ...
PHY-1001 : Generate routing nets ...
PHY-1001 : Reuse net number 626/1012.
PHY-1001 : Global iterations in 16 thread ...
PHY-1002 : len = 18632, over cnt = 87(0%), over = 360, worst = 19
PHY-1002 : len = 21832, over cnt = 62(0%), over = 140, worst = 12
PHY-1002 : len = 23392, over cnt = 10(0%), over = 10, worst = 1
PHY-1002 : len = 23536, over cnt = 0(0%), over = 0, worst = 0
PHY-1001 : End global iterations;  0.084957s wall, 0.046875s user + 0.000000s system = 0.046875s CPU (55.2%)

PHY-1001 : Congestion index: top1 = 26.06, top5 = 13.32, top10 = 7.91, top15 = 5.33.
OPT-1001 : End congestion update;  0.133676s wall, 0.062500s user + 0.000000s system = 0.062500s CPU (46.8%)

OPT-1001 : Update timing in Manhattan mode
TMR-2503 : Start to update net delay, extr mode = 3.
TMR-2504 : Update delay of 1010 nets completely.
TMR-2502 : Annotate delay completely, extr mode = 3.
TMR-3501 : Forward propagation: start to calculate arrival time...
TMR-3502 : Backward propagation: start to calculate required time...
TMR-3503 : Timing propagation completes.
OPT-1001 : End timing update;  0.016542s wall, 0.015625s user + 0.000000s system = 0.015625s CPU (94.5%)

OPT-0007 : Start: WNS 2147483647 TNS 0 NUM_FEPS 0
OPT-1001 : End global optimization;  0.150334s wall, 0.078125s user + 0.000000s system = 0.078125s CPU (52.0%)

OPT-1001 : Current memory(MB): used = 154, reserve = 126, peak = 154.
OPT-1001 : End physical optimization;  0.466483s wall, 0.125000s user + 0.015625s system = 0.140625s CPU (30.1%)

PHY-3001 : Start packing ...
SYN-4007 : Packing 0 MUX to BLE ...
SYN-4008 : Packed 0 MUX and 0 SEQ to BLE.
SYN-4007 : Packing 448 LUT to BLE ...
SYN-4008 : Packed 448 LUT and 140 SEQ to BLE.
SYN-4003 : Packing 103 remaining SEQ's ...
SYN-4005 : Packed 57 SEQ with LUT/SLICE
SYN-4006 : 259 single LUT's are left
SYN-4006 : 46 single SEQ's are left
SYN-4011 : Packing model "keyboard_instance" (AL_USER_NORMAL) with 494/673 primitive instances ...
PHY-3001 : End packing;  0.027299s wall, 0.000000s user + 0.000000s system = 0.000000s CPU (n/a%)

PHY-1001 : Populate physical database on model keyboard_instance.
RUN-1001 : There are total 438 instances
RUN-1001 : 205 mslices, 205 lslices, 24 pads, 0 brams, 0 dsps
RUN-1001 : There are total 884 nets
RUN-1001 : 514 nets have 2 pins
RUN-1001 : 237 nets have [3 - 5] pins
RUN-1001 : 99 nets have [6 - 10] pins
RUN-1001 : 20 nets have [11 - 20] pins
RUN-1001 : 12 nets have [21 - 99] pins
RUN-1001 : 2 nets have 100+ pins
PHY-3001 : design contains 436 instances, 410 slices, 15 macros(151 instances: 110 mslices 41 lslices)
PHY-3001 : Cell area utilization is 5%
PHY-3001 : After packing: Len = 17267, Over = 35.75
PHY-3001 : Run with size of 2
PHY-3001 : Cell area utilization is 5%
PHY-3001 : Update timing in Manhattan mode ...
RUN-1002 : start command "start_timer -report"
TMR-2505 : Start building timing graph for model keyboard_instance.
TMR-2506 : Build timing graph completely. Port num: 8, tpin num: 3393, tnet num: 882, tinst num: 436, tnode num: 3884, tedge num: 5658.
TMR-2508 : Levelizing timing graph completed, there are 49 levels in total.
TMR-2501 : Timing graph initialized successfully.
TMR-2503 : Start to update net delay, extr mode = 3.
TMR-2504 : Update delay of 882 nets completely.
TMR-2502 : Annotate delay completely, extr mode = 3.
TMR-3001 : Initiate 0 clocks from SDC.
TMR-3004 : Map sdc constraints, there are 0 constraints in total.
TMR-3003 : Constraints initiated successfully.
TMR-3501 : Forward propagation: start to calculate arrival time...
TMR-3502 : Backward propagation: start to calculate required time...
TMR-3503 : Timing propagation completes.
PHY-3001 : End timing update;  0.182769s wall, 0.093750s user + 0.000000s system = 0.093750s CPU (51.3%)

PHY-3001 : :::0::: Try harder cell spreading with beta_ = 1.20494e-05
PHY-3002 : Step(51): len = 16773.7, overlap = 35.5
PHY-3002 : Step(52): len = 16886.7, overlap = 35.5
PHY-3002 : Step(53): len = 16824.6, overlap = 38
PHY-3001 : :::1::: Try harder cell spreading with beta_ = 2.40987e-05
PHY-3002 : Step(54): len = 16828.7, overlap = 39.5
PHY-3002 : Step(55): len = 16947.3, overlap = 39.25
PHY-3002 : Step(56): len = 17153.8, overlap = 39
PHY-3002 : Step(57): len = 17345.4, overlap = 39.5
PHY-3002 : Step(58): len = 17464.7, overlap = 39.5
PHY-3001 : :::2::: Try harder cell spreading with beta_ = 4.81975e-05
PHY-3002 : Step(59): len = 17523.1, overlap = 38.75
PHY-3002 : Step(60): len = 17655, overlap = 38.5
PHY-3002 : Step(61): len = 17892.9, overlap = 38.25
PHY-3001 : Legalization ...
PHY-3001 : End legalization;  0.071217s wall, 0.000000s user + 0.046875s system = 0.046875s CPU (65.8%)

PHY-3001 : Trial Legalized: Len = 28599.1
PHY-3001 : Run with size of 2
PHY-3001 : Cell area utilization is 5%
PHY-3001 : Update timing in Manhattan mode ...
TMR-2503 : Start to update net delay, extr mode = 3.
TMR-2504 : Update delay of 882 nets completely.
TMR-2502 : Annotate delay completely, extr mode = 3.
TMR-3501 : Forward propagation: start to calculate arrival time...
TMR-3502 : Backward propagation: start to calculate required time...
TMR-3503 : Timing propagation completes.
PHY-3001 : End timing update;  0.009925s wall, 0.000000s user + 0.000000s system = 0.000000s CPU (n/a%)

PHY-3001 : :::0::: Try harder cell spreading with beta_ = 0.000333455
PHY-3002 : Step(62): len = 23604.3, overlap = 8.25
PHY-3002 : Step(63): len = 21896.6, overlap = 10.25
PHY-3002 : Step(64): len = 20749.4, overlap = 12.25
PHY-3002 : Step(65): len = 20438.8, overlap = 15.25
PHY-3002 : Step(66): len = 20324.2, overlap = 16.5
PHY-3002 : Step(67): len = 19959, overlap = 15.75
PHY-3001 : :::1::: Try harder cell spreading with beta_ = 0.000666911
PHY-3002 : Step(68): len = 20138.5, overlap = 15.75
PHY-3002 : Step(69): len = 20182.4, overlap = 15.5
PHY-3002 : Step(70): len = 20266.2, overlap = 15.75
PHY-3001 : :::2::: Try harder cell spreading with beta_ = 0.00133382
PHY-3002 : Step(71): len = 20265, overlap = 15.5
PHY-3002 : Step(72): len = 20295.8, overlap = 15
PHY-3001 : Legalization ...
PHY-3001 : End legalization;  0.005344s wall, 0.000000s user + 0.000000s system = 0.000000s CPU (n/a%)

PHY-3001 : Legalized: Len = 23921.5, Over = 0
PHY-3001 : End spreading;  0.003340s wall, 0.000000s user + 0.000000s system = 0.000000s CPU (n/a%)

PHY-3001 : Final: Len = 23921.5, Over = 0
OPT-1001 : Start physical optimization ...
RUN-1002 : start command "start_timer -report"
TMR-2505 : Start building timing graph for model keyboard_instance.
TMR-2506 : Build timing graph completely. Port num: 8, tpin num: 3393, tnet num: 882, tinst num: 436, tnode num: 3884, tedge num: 5658.
TMR-2508 : Levelizing timing graph completed, there are 49 levels in total.
TMR-2501 : Timing graph initialized successfully.
OPT-1001 : Total overflow 0.00 peak overflow 0.00
OPT-1001 : Start high-fanout net optimization ...
OPT-1001 : Update timing in global mode
PHY-1001 : Start incremental global routing, caller is place ...
RUN-1001 : Generating global routing grids ...
PHY-1001 : Generate routing nets ...
PHY-1001 : Reuse net number 33/884.
PHY-1001 : Global iterations in 16 thread ...
PHY-1002 : len = 27920, over cnt = 77(0%), over = 125, worst = 5
PHY-1002 : len = 28416, over cnt = 48(0%), over = 65, worst = 3
PHY-1002 : len = 29144, over cnt = 5(0%), over = 5, worst = 1
PHY-1002 : len = 29208, over cnt = 1(0%), over = 1, worst = 1
PHY-1002 : len = 29224, over cnt = 0(0%), over = 0, worst = 0
PHY-1001 : End global iterations;  0.108760s wall, 0.062500s user + 0.000000s system = 0.062500s CPU (57.5%)

PHY-1001 : Congestion index: top1 = 22.97, top5 = 15.43, top10 = 9.96, top15 = 6.90.
PHY-1001 : End incremental global routing;  0.160588s wall, 0.062500s user + 0.000000s system = 0.062500s CPU (38.9%)

TMR-2503 : Start to update net delay, extr mode = 5.
TMR-2504 : Update delay of 882 nets completely.
TMR-2502 : Annotate delay completely, extr mode = 5.
TMR-3001 : Initiate 0 clocks from SDC.
TMR-3004 : Map sdc constraints, there are 0 constraints in total.
TMR-3003 : Constraints initiated successfully.
TMR-3501 : Forward propagation: start to calculate arrival time...
TMR-3502 : Backward propagation: start to calculate required time...
TMR-3503 : Timing propagation completes.
OPT-1001 : End timing update;  0.015652s wall, 0.015625s user + 0.000000s system = 0.015625s CPU (99.8%)

OPT-1001 : 0 high-fanout net processed.
OPT-1001 : End high-fanout net optimization;  0.189766s wall, 0.078125s user + 0.000000s system = 0.078125s CPU (41.2%)

OPT-1001 : Current memory(MB): used = 158, reserve = 130, peak = 158.
OPT-1001 : Start path based optimization ...
OPT-1001 : Start congestion update ...
RUN-1001 : Generating global routing grids ...
PHY-1001 : Generate routing nets ...
PHY-1001 : Reuse net number 716/884.
PHY-1001 : Global iterations in 16 thread ...
PHY-1002 : len = 29224, over cnt = 0(0%), over = 0, worst = 0
PHY-1001 : End global iterations;  0.003787s wall, 0.000000s user + 0.000000s system = 0.000000s CPU (n/a%)

PHY-1001 : Congestion index: top1 = 22.97, top5 = 15.43, top10 = 9.96, top15 = 6.90.
OPT-1001 : End congestion update;  0.049071s wall, 0.031250s user + 0.000000s system = 0.031250s CPU (63.7%)

OPT-1001 : Update timing in Manhattan mode
TMR-2503 : Start to update net delay, extr mode = 3.
TMR-2504 : Update delay of 882 nets completely.
TMR-2502 : Annotate delay completely, extr mode = 3.
TMR-3501 : Forward propagation: start to calculate arrival time...
TMR-3502 : Backward propagation: start to calculate required time...
TMR-3503 : Timing propagation completes.
OPT-1001 : End timing update;  0.010287s wall, 0.000000s user + 0.000000s system = 0.000000s CPU (n/a%)

OPT-0007 : Start: WNS 2147483647 TNS 0 NUM_FEPS 0
OPT-1001 : End path based optimization;  0.059442s wall, 0.031250s user + 0.000000s system = 0.031250s CPU (52.6%)

OPT-1001 : Current memory(MB): used = 158, reserve = 130, peak = 158.
OPT-1001 : Update timing in Manhattan mode
TMR-2503 : Start to update net delay, extr mode = 3.
TMR-2504 : Update delay of 882 nets completely.
TMR-2502 : Annotate delay completely, extr mode = 3.
TMR-3501 : Forward propagation: start to calculate arrival time...
TMR-3502 : Backward propagation: start to calculate required time...
TMR-3503 : Timing propagation completes.
OPT-1001 : End timing update;  0.008218s wall, 0.000000s user + 0.000000s system = 0.000000s CPU (n/a%)

OPT-1001 : Start pin optimization...
OPT-1001 : skip pin optimization...
OPT-1001 : Update timing in global mode
PHY-1001 : Start incremental global routing, caller is place ...
RUN-1001 : Generating global routing grids ...
PHY-1001 : Generate routing nets ...
PHY-1001 : Reuse net number 716/884.
PHY-1001 : Global iterations in 16 thread ...
PHY-1002 : len = 29224, over cnt = 0(0%), over = 0, worst = 0
PHY-1001 : End global iterations;  0.002894s wall, 0.000000s user + 0.000000s system = 0.000000s CPU (n/a%)

PHY-1001 : Congestion index: top1 = 22.97, top5 = 15.43, top10 = 9.96, top15 = 6.90.
PHY-1001 : End incremental global routing;  0.054155s wall, 0.031250s user + 0.000000s system = 0.031250s CPU (57.7%)

TMR-2503 : Start to update net delay, extr mode = 5.
TMR-2504 : Update delay of 882 nets completely.
TMR-2502 : Annotate delay completely, extr mode = 5.
TMR-3501 : Forward propagation: start to calculate arrival time...
TMR-3502 : Backward propagation: start to calculate required time...
TMR-3503 : Timing propagation completes.
OPT-1001 : End timing update;  0.014655s wall, 0.000000s user + 0.000000s system = 0.000000s CPU (n/a%)

RUN-1001 : Generating global routing grids ...
PHY-1001 : Generate routing nets ...
PHY-1001 : Reuse net number 716/884.
PHY-1001 : Global iterations in 16 thread ...
PHY-1002 : len = 29224, over cnt = 0(0%), over = 0, worst = 0
PHY-1001 : End global iterations;  0.002706s wall, 0.000000s user + 0.000000s system = 0.000000s CPU (n/a%)

PHY-1001 : Congestion index: top1 = 22.97, top5 = 15.43, top10 = 9.96, top15 = 6.90.
OPT-1001 : Update timing in Manhattan mode
TMR-2503 : Start to update net delay, extr mode = 3.
TMR-2504 : Update delay of 882 nets completely.
TMR-2502 : Annotate delay completely, extr mode = 3.
TMR-3501 : Forward propagation: start to calculate arrival time...
TMR-3502 : Backward propagation: start to calculate required time...
TMR-3503 : Timing propagation completes.
OPT-1001 : End timing update;  0.009835s wall, 0.015625s user + 0.000000s system = 0.015625s CPU (158.9%)

RUN-1001 : QoR Analysis:
OPT-0007 :   WNS 2147483647 TNS 0 NUM_FEPS 0
RUN-1001 :   No local congestion issue, and most congested 1% tile average routing util is 22.551724
RUN-1001 :   Top critical paths
OPT-1001 : End physical optimization;  0.572378s wall, 0.218750s user + 0.000000s system = 0.218750s CPU (38.2%)

RUN-1003 : finish command "place" in  3.315815s wall, 0.875000s user + 0.906250s system = 1.781250s CPU (53.7%)

RUN-1004 : used memory is 142 MB, reserved memory is 113 MB, peak memory is 159 MB
RUN-1002 : start command "export_db keyboard_place.db"
RUN-1001 : Exported /
RUN-1001 : Exported flow parameters
RUN-1001 : Exported libs
RUN-1001 : Exported entities
RUN-1001 : Exported ports
RUN-1001 : Exported pins
RUN-1001 : Exported instances
RUN-1001 : Exported nets
RUN-1001 : Exported buses
RUN-1001 : Exported models
RUN-1001 : Exported congestions
RUN-1001 : Exported violations
RUN-1001 : Exported timing constraints
RUN-1001 : Exported IO constraints
RUN-1001 : Exported Inst constraints
RUN-1002 : start command "route"
RUN-1001 : Open license file E:/Anlogic/TD5.6.59063/license/Anlogic.lic
RUN-1001 : Print Global Property
RUN-1001 : ---------------------------------------------------------------
RUN-1001 :        Parameters        |  Settings  |  Default Values  |  Note  
RUN-1001 : ---------------------------------------------------------------
RUN-1001 :          message         |  standard  |     standard     |        
RUN-1001 :   mixed_pack_place_flow  |     on     |        on        |        
RUN-1001 :        qor_monitor       |    off     |       off        |        
RUN-1001 :        syn_ip_flow       |    off     |       off        |        
RUN-1001 :          thread          |    auto    |       auto       |        
RUN-1001 : ---------------------------------------------------------------
RUN-1001 : Print Route Property
RUN-1001 : -------------------------------------------------------
RUN-1001 :    Parameters    |  Settings  |  Default Values  |  Note  
RUN-1001 : -------------------------------------------------------
RUN-1001 :      effort      |   medium   |      medium      |        
RUN-1001 :     fix_hold     |    off     |       off        |        
RUN-1001 :    opt_timing    |   medium   |      medium      |        
RUN-1001 :   phy_sim_model  |    off     |       off        |        
RUN-1001 :     priority     |   timing   |      timing      |        
RUN-1001 :     swap_pin     |     on     |        on        |        
RUN-1001 : -------------------------------------------------------
PHY-1001 : Route runs in 16 thread(s)
RUN-1001 : There are total 438 instances
RUN-1001 : 205 mslices, 205 lslices, 24 pads, 0 brams, 0 dsps
RUN-1001 : There are total 884 nets
RUN-1001 : 514 nets have 2 pins
RUN-1001 : 237 nets have [3 - 5] pins
RUN-1001 : 99 nets have [6 - 10] pins
RUN-1001 : 20 nets have [11 - 20] pins
RUN-1001 : 12 nets have [21 - 99] pins
RUN-1001 : 2 nets have 100+ pins
RUN-1002 : start command "start_timer -report"
TMR-2505 : Start building timing graph for model keyboard_instance.
TMR-2506 : Build timing graph completely. Port num: 8, tpin num: 3393, tnet num: 882, tinst num: 436, tnode num: 3884, tedge num: 5658.
TMR-2508 : Levelizing timing graph completed, there are 49 levels in total.
TMR-2501 : Timing graph initialized successfully.
PHY-1001 : 205 mslices, 205 lslices, 24 pads, 0 brams, 0 dsps
TMR-2503 : Start to update net delay, extr mode = 3.
TMR-2504 : Update delay of 882 nets completely.
TMR-2502 : Annotate delay completely, extr mode = 3.
TMR-3001 : Initiate 0 clocks from SDC.
TMR-3004 : Map sdc constraints, there are 0 constraints in total.
TMR-3003 : Constraints initiated successfully.
TMR-3501 : Forward propagation: start to calculate arrival time...
TMR-3502 : Backward propagation: start to calculate required time...
TMR-3503 : Timing propagation completes.
PHY-1001 : Start global routing, caller is route ...
RUN-1001 : Generating global routing grids ...
PHY-1001 : Generate routing nets ...
PHY-1001 : Global iterations in 16 thread ...
PHY-1002 : len = 27640, over cnt = 74(0%), over = 123, worst = 5
PHY-1002 : len = 28136, over cnt = 47(0%), over = 65, worst = 3
PHY-1002 : len = 28968, over cnt = 0(0%), over = 0, worst = 0
PHY-1001 : End global iterations;  0.108125s wall, 0.046875s user + 0.000000s system = 0.046875s CPU (43.4%)

PHY-1001 : Congestion index: top1 = 22.91, top5 = 15.37, top10 = 9.88, top15 = 6.84.
PHY-1001 : End global routing;  0.160747s wall, 0.062500s user + 0.000000s system = 0.062500s CPU (38.9%)

PHY-1001 : Start detail routing ...
PHY-1001 : Current memory(MB): used = 177, reserve = 149, peak = 193.
PHY-1001 : Detailed router is running in normal mode.
PHY-1001 : Generate detailed routing grids ...
PHY-1001 : Generate nets ...
PHY-1001 : net clk_50M_dup_1 will be routed on clock mesh
PHY-1001 : clock net U1/scan_clk_syn_4 will be merged with clock U1/scan_clk
PHY-1001 : Current memory(MB): used = 447, reserve = 424, peak = 447.
PHY-1001 : End build detailed router design. 4.321448s wall, 1.750000s user + 0.046875s system = 1.796875s CPU (41.6%)

PHY-1001 : Detail Route ...
PHY-1001 : ===== Detail Route Phase 1 =====
PHY-1001 : Clock net routing.....
PHY-1001 : Routed 0% nets.
PHY-1022 : len = 10864, over cnt = 0(0%), over = 0, worst = 0, crit = 0
PHY-1001 : End initial clock net routed; 0.393056s wall, 0.171875s user + 0.000000s system = 0.171875s CPU (43.7%)

PHY-1001 : Current memory(MB): used = 477, reserve = 455, peak = 477.
PHY-1001 : End phase 1; 0.398930s wall, 0.187500s user + 0.000000s system = 0.187500s CPU (47.0%)

PHY-1001 : ===== Detail Route Phase 2 =====
PHY-1001 : Initial routing.....
PHY-1001 : Routed 20% nets.
PHY-1001 : Routed 30% nets.
PHY-1001 : Routed 30% nets.
PHY-1001 : Routed 31% nets.
PHY-1001 : Routed 31% nets.
PHY-1001 : Patch 444 net; 0.318598s wall, 0.203125s user + 0.000000s system = 0.203125s CPU (63.8%)

PHY-1022 : len = 57896, over cnt = 33(0%), over = 33, worst = 1, crit = 0
PHY-1001 : Current memory(MB): used = 477, reserve = 455, peak = 477.
PHY-1001 : End initial routed; 0.528330s wall, 0.296875s user + 0.000000s system = 0.296875s CPU (56.2%)

PHY-1001 : Update timing.....
PHY-1001 : 0/722(0%) critical/total net(s).
RUN-1001 : ------------------------------------------
RUN-1001 :   Type   |    WNS(ns)    |  TNS(ns)  |  FEP  
RUN-1001 : ------------------------------------------
RUN-1001 :   Setup  |  2147483.647  |   0.000   |   0   
RUN-1001 :   Hold   |  2147483.647  |   0.000   |   0   
RUN-1001 : ------------------------------------------
PHY-1001 : End update timing; 0.249239s wall, 0.093750s user + 0.000000s system = 0.093750s CPU (37.6%)

PHY-1001 : Current memory(MB): used = 478, reserve = 456, peak = 478.
PHY-1001 : End phase 2; 0.777661s wall, 0.390625s user + 0.000000s system = 0.390625s CPU (50.2%)

PHY-1001 : ===== Detail Route Phase 3 =====
PHY-1001 : Optimize timing.....
PHY-1022 : len = 57896, over cnt = 33(0%), over = 33, worst = 1, crit = 0
PHY-1001 : End optimize timing; 0.007219s wall, 0.015625s user + 0.000000s system = 0.015625s CPU (216.4%)

PHY-1001 : Ripup-reroute.....
PHY-1001 : ===== DR Iter 1 =====
PHY-1022 : len = 57704, over cnt = 6(0%), over = 6, worst = 1, crit = 0
PHY-1001 : End DR Iter 1; 0.052842s wall, 0.000000s user + 0.000000s system = 0.000000s CPU (n/a%)

PHY-1001 : ===== DR Iter 2 =====
PHY-1022 : len = 57688, over cnt = 1(0%), over = 1, worst = 1, crit = 0
PHY-1001 : End DR Iter 2; 0.017924s wall, 0.015625s user + 0.000000s system = 0.015625s CPU (87.2%)

PHY-1001 : ===== DR Iter 3 =====
PHY-1022 : len = 57688, over cnt = 0(0%), over = 0, worst = 0, crit = 0
PHY-1001 : End DR Iter 3; 0.017760s wall, 0.000000s user + 0.000000s system = 0.000000s CPU (n/a%)

PHY-1001 : Update timing.....
PHY-1001 : 0/722(0%) critical/total net(s).
RUN-1001 : ------------------------------------------
RUN-1001 :   Type   |    WNS(ns)    |  TNS(ns)  |  FEP  
RUN-1001 : ------------------------------------------
RUN-1001 :   Setup  |  2147483.647  |   0.000   |   0   
RUN-1001 :   Hold   |  2147483.647  |   0.000   |   0   
RUN-1001 : ------------------------------------------
PHY-1001 : End update timing; 0.230447s wall, 0.093750s user + 0.000000s system = 0.093750s CPU (40.7%)

PHY-1001 : Commit to database.....
PHY-1001 : 13 feed throughs used by 10 nets
PHY-1001 : End commit to database; 0.102130s wall, 0.031250s user + 0.000000s system = 0.031250s CPU (30.6%)

PHY-1001 : Current memory(MB): used = 488, reserve = 467, peak = 488.
PHY-1001 : End phase 3; 0.593180s wall, 0.218750s user + 0.000000s system = 0.218750s CPU (36.9%)

PHY-1003 : Routed, final wirelength = 57688
PHY-1001 : Current memory(MB): used = 489, reserve = 467, peak = 489.
PHY-1001 : End export database. 0.006930s wall, 0.000000s user + 0.000000s system = 0.000000s CPU (n/a%)

PHY-1001 : End detail routing;  6.311101s wall, 2.656250s user + 0.046875s system = 2.703125s CPU (42.8%)

RUN-1003 : finish command "route" in  6.733789s wall, 2.828125s user + 0.046875s system = 2.875000s CPU (42.7%)

RUN-1004 : used memory is 429 MB, reserved memory is 406 MB, peak memory is 489 MB
RUN-1002 : start command "report_area -io_info -file keyboard_phy.area"
RUN-1001 : standard
***Report Model: keyboard_instance Device: EG4S20BG256***

IO Statistics
#IO                        24
  #input                    6
  #output                  18
  #inout                    0

Utilization Statistics
#lut                      750   out of  19600    3.83%
#reg                      243   out of  19600    1.24%
#le                       796
  #lut only               553   out of    796   69.47%
  #reg only                46   out of    796    5.78%
  #lut&reg                197   out of    796   24.75%
#dsp                        0   out of     29    0.00%
#bram                       0   out of     64    0.00%
  #bram9k                   0
  #fifo9k                   0
#bram32k                    0   out of     16    0.00%
#pad                       24   out of    188   12.77%
  #ireg                     0
  #oreg                     0
  #treg                     0
#pll                        0   out of      4    0.00%
#gclk                       2   out of     16   12.50%

Clock Resource Statistics
Index     ClockNet         Type               DriverType         Driver                      Fanout
#1        clk_50M_dup_1    GCLK               io                 clk_50M_syn_2.di            132
#2        U1/scan_clk      GCLK               mslice             U1/scan_clk_reg_syn_9.q0    10


Detailed IO Report

        Name           Direction    Location    IOStandard    DriveStrength    PullType    PackReg  
        RSTn             INPUT         A9        LVCMOS33          N/A          PULLUP      NONE    
       clk_50M           INPUT         R7        LVCMOS33          N/A          PULLUP      NONE    
       col[3]            INPUT        F10        LVCMOS33          N/A          PULLUP      NONE    
       col[2]            INPUT        C11        LVCMOS33          N/A          PULLUP      NONE    
       col[1]            INPUT        D11        LVCMOS33          N/A          PULLUP      NONE    
       col[0]            INPUT        E11        LVCMOS33          N/A          PULLUP      NONE    
  DigitronCS_Out[3]     OUTPUT         A3        LVCMOS33           8            NONE       NONE    
  DigitronCS_Out[2]     OUTPUT         A5        LVCMOS33           8            NONE       NONE    
  DigitronCS_Out[1]     OUTPUT         B6        LVCMOS33           8            NONE       NONE    
  DigitronCS_Out[0]     OUTPUT         C9        LVCMOS33           8            NONE       NONE    
   Digitron_Out[7]      OUTPUT         C8        LVCMOS33           8            NONE       NONE    
   Digitron_Out[6]      OUTPUT         A8        LVCMOS33           8            NONE       NONE    
   Digitron_Out[5]      OUTPUT         B5        LVCMOS33           8            NONE       NONE    
   Digitron_Out[4]      OUTPUT         A7        LVCMOS33           8            NONE       NONE    
   Digitron_Out[3]      OUTPUT         E8        LVCMOS33           8            NONE       NONE    
   Digitron_Out[2]      OUTPUT         B8        LVCMOS33           8            NONE       NONE    
   Digitron_Out[1]      OUTPUT         A6        LVCMOS33           8            NONE       NONE    
   Digitron_Out[0]      OUTPUT         A4        LVCMOS33           8            NONE       NONE    
       buzzer           OUTPUT        H11        LVCMOS33           8            NONE       NONE    
        light           OUTPUT        B14        LVCMOS33           8            NONE       NONE    
       row[3]           OUTPUT         D9        LVCMOS33           8            NONE       NONE    
       row[2]           OUTPUT         F9        LVCMOS33           8            NONE       NONE    
       row[1]           OUTPUT        C10        LVCMOS33           8            NONE       NONE    
       row[0]           OUTPUT        E10        LVCMOS33           8            NONE       NONE    

Report Hierarchy Area:
+-------------------------------------------------------------------------------------------+
|Instance |Module                      |le     |lut     |ripple  |seq     |bram    |dsp     |
+-------------------------------------------------------------------------------------------+
|top      |keyboard_instance           |796    |599     |151     |243     |0       |0       |
|  U1     |keyboard_scan               |73     |50      |9       |53      |0       |0       |
|  U2     |key_filter                  |62     |33      |6       |52      |0       |0       |
|  U3     |onehot2binary               |613    |482     |131     |120     |0       |0       |
|  U5     |Digitron_TimeDisplay_module |45     |31      |5       |18      |0       |0       |
+-------------------------------------------------------------------------------------------+


DataNet Average Fanout:

   Index     Fanout    Nets  
    #1         1       490   
    #2         2       121   
    #3         3        74   
    #4         4        42   
    #5        5-10     103   
    #6       11-50      25   
    #7       51-100     1    
  Average     2.74           

RUN-1002 : start command "export_db keyboard_pr.db"
RUN-1001 : Exported /
RUN-1001 : Exported flow parameters
RUN-1001 : Exported libs
RUN-1001 : Exported entities
RUN-1001 : Exported ports
RUN-1001 : Exported pins
RUN-1001 : Exported instances
RUN-1001 : Exported nets
RUN-1001 : Exported buses
RUN-1001 : Exported models
RUN-1001 : Exported congestions
RUN-1001 : Exported violations
RUN-1001 : Exported timing constraints
RUN-1001 : Exported IO constraints
RUN-1001 : Exported Inst constraints
RUN-1002 : start command "export_bid keyboard_inst.bid"
RUN-1002 : start command "bitgen -bit keyboard.bit -unused_io_status pulldown"
BIT-1003 : Start to generate bitstream. 
BIT-1002 : Bitgen processed 164 unused pads, reserve input tri_state with pulldown
BIT-1002 : Init instances with 16 threads.
BIT-1002 : Init instances completely, inst num: 600
BIT-1002 : Init pips with 16 threads.
BIT-1002 : Init pips completely, net num: 884, pip num: 6591
BIT-1002 : Init feedthrough with 16 threads.
BIT-1002 : Init feedthrough completely, num: 13
BIT-1003 : Multithreading accelaration with 16 threads.
BIT-1003 : Generate bitstream completely, there are 779 valid insts, and 22125 bits set as '1'.
BIT-1004 : PLL setting string = 0000
BIT-1004 : Generate bits file keyboard.bit.
RUN-1003 : finish command "bitgen -bit keyboard.bit -unused_io_status pulldown" in  1.644980s wall, 10.750000s user + 0.062500s system = 10.812500s CPU (657.3%)

RUN-1004 : used memory is 438 MB, reserved memory is 417 MB, peak memory is 630 MB
RUN-1002 : start command "backup_run_log run.log ../.logs/phy_1/td_20240828_235738.log"
