============================================================
   Tang Dynasty, V5.6.59063
   Copyright (c) 2012-2022 Anlogic
   Executable = E:/Anlogic/TD5.6.59063/bin/td.exe
   Built at =   12:45:13 Sep  6 2022
   Run by =     19234
   Run Date =   Tue Aug 27 23:34:27 2024

   Run on =     ERIKPSW
============================================================
RUN-1002 : start command "open_project keyboard.prj"
RUN-1001 : Print Global Property
RUN-1001 : ---------------------------------------------------------------
RUN-1001 :        Parameters        |  Settings  |  Default Values  |  Note  
RUN-1001 : ---------------------------------------------------------------
RUN-1001 :          message         |  standard  |     standard     |        
RUN-1001 :   mixed_pack_place_flow  |     on     |        on        |        
RUN-1001 :        qor_monitor       |    off     |       off        |        
RUN-1001 :        syn_ip_flow       |    off     |       off        |        
RUN-1001 :          thread          |    auto    |       auto       |        
RUN-1001 : ---------------------------------------------------------------
RUN-1001 : Print Design Property
RUN-1001 : --------------------------------------------------------------
RUN-1001 :        Parameters       |  Settings  |  Default Values  |  Note  
RUN-1001 : --------------------------------------------------------------
RUN-1001 :   default_reg_initial   |    auto    |       auto       |        
RUN-1001 :        infer_add        |     on     |        on        |        
RUN-1001 :        infer_fsm        |    off     |       off        |        
RUN-1001 :        infer_mult       |     on     |        on        |        
RUN-1001 :        infer_ram        |     on     |        on        |        
RUN-1001 :        infer_reg        |     on     |        on        |        
RUN-1001 :   infer_reg_init_value  |     on     |        on        |        
RUN-1001 :        infer_rom        |     on     |        on        |        
RUN-1001 :      infer_shifter      |     on     |        on        |        
RUN-1001 : --------------------------------------------------------------
RUN-1001 : Print Rtl Property
RUN-1001 : --------------------------------------------------------------
RUN-1001 :        Parameters       |  Settings  |  Default Values  |  Note  
RUN-1001 : --------------------------------------------------------------
RUN-1001 :       compress_add      |   ripple   |      ripple      |        
RUN-1001 :        elf_sload        |    off     |       off        |        
RUN-1001 :       fix_undriven      |     0      |        0         |        
RUN-1001 :         flatten         |    off     |       off        |        
RUN-1001 :       gate_sharing      |     on     |        on        |        
RUN-1001 :    hdl_warning_level    |   normal   |      normal      |        
RUN-1001 :   impl_internal_tribuf  |     on     |        on        |        
RUN-1001 :      impl_set_reset     |     on     |        on        |        
RUN-1001 :        infer_gsr        |    off     |       off        |        
RUN-1001 :      keep_hierarchy     |    auto    |       auto       |        
RUN-1001 :        max_fanout       |    9999    |       9999       |        
RUN-1001 :      max_oh2bin_len     |     10     |        10        |        
RUN-1001 :       merge_equal       |     on     |        on        |        
RUN-1001 :       merge_equiv       |     on     |        on        |        
RUN-1001 :        merge_mux        |    off     |       off        |        
RUN-1001 :     min_control_set     |     8      |        8         |        
RUN-1001 :      min_ripple_len     |    auto    |       auto       |        
RUN-1001 :       oh2bin_ratio      |    0.08    |       0.08       |        
RUN-1001 :     opt_adder_fanout    |     on     |        on        |        
RUN-1001 :        opt_arith        |     on     |        on        |        
RUN-1001 :       opt_big_gate      |    off     |       off        |        
RUN-1001 :        opt_const        |     on     |        on        |        
RUN-1001 :      opt_const_mult     |     on     |        on        |        
RUN-1001 :       opt_lessthan      |     on     |        on        |        
RUN-1001 :         opt_mux         |    off     |       off        |        
RUN-1001 :         opt_ram         |    high    |       high       |        
RUN-1001 :      rtl_sim_model      |    off     |       off        |        
RUN-1001 :         seq_syn         |     on     |        on        |        
RUN-1001 : --------------------------------------------------------------
HDL-1007 : analyze verilog file ../../../src/Digitron_TimeDisplay_module.v
HDL-1007 : analyze verilog file ../../../src/key_filter.v
HDL-1007 : analyze verilog file ../../../src/keyboard_instance.v
HDL-1007 : analyze verilog file ../../../src/keyboard_scan.v
HDL-1007 : analyze verilog file ../../../src/onehot2binary.v
RUN-1001 : Project manager successfully analyzed 5 source files.
RUN-1002 : start command "import_device eagle_s20.db -package EG4S20BG256"
ARC-1001 : Device Initialization.
ARC-1001 : ------------------------------------------------------------------
ARC-1001 :            OPTION            |          IO          |   SETTING   
ARC-1001 : ------------------------------------------------------------------
ARC-1001 :   cso_b/cclk/mosi/miso/dout  |  T3/R11/T10/P10/S11  |    gpio    
ARC-1001 :             done             |         P13          |    gpio    
ARC-1001 :           program_b          |          T2          |  dedicate  
ARC-1001 :        tdi/tms/tck/tdo       |   C12/A15/C14/E14    |  dedicate  
ARC-1001 : ------------------------------------------------------------------
ARC-1004 : Device setting, marked 5 dedicate IOs in total.
RUN-1002 : start command "import_db ../syn_1/keyboard_gate.db"
RUN-1001 : Importing database generated by Tang Dynasty, V5.6.59063.
RUN-1001 : Database version number 46140.
RUN-1001 : Import flow parameters
RUN-1001 : Import timing constraints
RUN-1001 : Import IO constraints
RUN-1001 : Import Inst constraints
RUN-1001 : Import design success TD_VERSION=5.6.59063 , DB_VERSION=46140
RUN-1002 : start command "read_sdc"
USR-1002 : read_sdc file_name -help -h -eco
USR-1009 : NO module with IP_SDC ...
RUN-1104 : Import SDC file  finished, there are 0 nets kept by constraints.
RUN-1002 : start command "place"
RUN-1001 : Open license file E:/Anlogic/TD5.6.59063/license/Anlogic.lic
RUN-1001 : Print Global Property
RUN-1001 : ---------------------------------------------------------------
RUN-1001 :        Parameters        |  Settings  |  Default Values  |  Note  
RUN-1001 : ---------------------------------------------------------------
RUN-1001 :          message         |  standard  |     standard     |        
RUN-1001 :   mixed_pack_place_flow  |     on     |        on        |        
RUN-1001 :        qor_monitor       |    off     |       off        |        
RUN-1001 :        syn_ip_flow       |    off     |       off        |        
RUN-1001 :          thread          |    auto    |       auto       |        
RUN-1001 : ---------------------------------------------------------------
RUN-1001 : Print Place Property
RUN-1001 : --------------------------------------------------------------
RUN-1001 :        Parameters       |  Settings  |  Default Values  |  Note  
RUN-1001 : --------------------------------------------------------------
RUN-1001 :      detailed_place     |     on     |        on        |        
RUN-1001 :          effort         |   medium   |      medium      |        
RUN-1001 :         fix_hold        |    off     |       off        |        
RUN-1001 :       legalization      |    ori     |       ori        |        
RUN-1001 :      new_spreading      |     on     |        on        |        
RUN-1001 :        opt_timing       |   medium   |      medium      |        
RUN-1001 :   post_clock_route_opt  |    off     |       off        |        
RUN-1001 :       pr_strategy       |     1      |        1         |        
RUN-1001 :        relaxation       |    1.00    |       1.00       |        
RUN-1001 :         retiming        |    off     |       off        |        
RUN-1001 : --------------------------------------------------------------
PHY-3001 : Placer runs in 16 thread(s).
RUN-1002 : start command "legalize_phy_inst"
SYN-1011 : Flatten model keyboard_instance
RUN-1002 : start command "phys_opt -simplify_lut"
SYN-4024 : Net "clk_50M_dup_1" drives clk pins.
SYN-4024 : Net "U1/scan_clk" drives clk pins.
SYN-4025 : Tag rtl::Net U1/scan_clk as clock net
SYN-4025 : Tag rtl::Net clk_50M_dup_1 as clock net
SYN-4026 : Tagged 2 rtl::Net as clock net
SYN-4015 : Create BUFG instance for clk Net U1/scan_clk to drive 20 clock pins.
PHY-1001 : Populate physical database on model keyboard_instance.
RUN-1001 : There are total 602 instances
RUN-0007 : 243 luts, 201 seqs, 96 mslices, 34 lslices, 24 pads, 0 brams, 0 dsps
RUN-1001 : There are total 719 nets
RUN-1001 : 447 nets have 2 pins
RUN-1001 : 180 nets have [3 - 5] pins
RUN-1001 : 72 nets have [6 - 10] pins
RUN-1001 : 10 nets have [11 - 20] pins
RUN-1001 : 8 nets have [21 - 99] pins
RUN-1001 : 2 nets have 100+ pins
RUN-1001 : Report Control nets information:
RUN-1001 : DFF Distribution
RUN-1001 : ----------------------------------
RUN-1001 :   CE   |  SSR  |  ASR  |  DFF Count  
RUN-1001 : ----------------------------------
RUN-1001 :   No   |  No   |  No   |     100     
RUN-1001 :   No   |  No   |  Yes  |     20      
RUN-1001 :   No   |  Yes  |  No   |     17      
RUN-1001 :   Yes  |  No   |  No   |      0      
RUN-1001 :   Yes  |  No   |  Yes  |     32      
RUN-1001 :   Yes  |  Yes  |  No   |     32      
RUN-1001 : ----------------------------------
RUN-0007 : Control Group Statistic
RUN-0007 : ---------------------------
RUN-0007 :   #CLK  |  #CE  |  #SSR/ASR  
RUN-0007 : ---------------------------
RUN-0007 :    2    |   3   |     3      
RUN-0007 : ---------------------------
RUN-0007 : Control Set = 6
PHY-3001 : Initial placement ...
PHY-3001 : design contains 600 instances, 243 luts, 201 seqs, 130 slices, 13 macros(130 instances: 96 mslices 34 lslices)
PHY-0007 : Cell area utilization is 2%
PHY-3001 : Start timing update ...
RUN-1002 : start command "start_timer -report"
TMR-2505 : Start building timing graph for model keyboard_instance.
TMR-2506 : Build timing graph completely. Port num: 8, tpin num: 2592, tnet num: 717, tinst num: 600, tnode num: 3159, tedge num: 4156.
TMR-2508 : Levelizing timing graph completed, there are 43 levels in total.
TMR-2501 : Timing graph initialized successfully.
TMR-2503 : Start to update net delay, extr mode = 2.
TMR-2504 : Update delay of 717 nets completely.
TMR-2502 : Annotate delay completely, extr mode = 2.
TMR-3001 : Initiate 0 clocks from SDC.
TMR-3004 : Map sdc constraints, there are 0 constraints in total.
TMR-3003 : Constraints initiated successfully.
TMR-3501 : Forward propagation: start to calculate arrival time...
TMR-3502 : Backward propagation: start to calculate required time...
TMR-3503 : Timing propagation completes.
PHY-3001 : End timing update;  0.138629s wall, 0.093750s user + 0.000000s system = 0.093750s CPU (67.6%)

PHY-3001 : Global placement ...
PHY-3001 : Initial: Len = 177972
PHY-3001 : Clustering ...
PHY-3001 : Level 0 #clusters 600.
PHY-3001 : End clustering;  0.000031s wall, 0.000000s user + 0.000000s system = 0.000000s CPU (n/a%)

PHY-3001 : Run with size of 4
PHY-3001 : Cell area utilization is 2%
PHY-3001 : :::0::: Try harder cell spreading with beta_ = 0
PHY-3002 : Step(1): len = 119552, overlap = 0
PHY-3002 : Step(2): len = 76129.7, overlap = 0
PHY-3002 : Step(3): len = 56518.5, overlap = 0
PHY-3002 : Step(4): len = 41197.5, overlap = 0
PHY-3002 : Step(5): len = 32742, overlap = 0
PHY-3002 : Step(6): len = 28369, overlap = 0
PHY-3002 : Step(7): len = 23637.8, overlap = 0
PHY-3002 : Step(8): len = 20564.3, overlap = 0
PHY-3002 : Step(9): len = 19134.8, overlap = 0
PHY-3002 : Step(10): len = 18941.6, overlap = 1
PHY-3002 : Step(11): len = 16672.2, overlap = 1
PHY-3002 : Step(12): len = 16790.1, overlap = 1.75
PHY-3002 : Step(13): len = 17002.9, overlap = 1.75
PHY-3002 : Step(14): len = 15947.9, overlap = 2
PHY-3002 : Step(15): len = 15993.8, overlap = 2
PHY-3002 : Step(16): len = 15630.3, overlap = 2
PHY-3002 : Step(17): len = 15788.3, overlap = 2
PHY-3002 : Step(18): len = 14916, overlap = 2
PHY-3002 : Step(19): len = 15020, overlap = 2
PHY-3002 : Step(20): len = 15102.3, overlap = 2
PHY-3002 : Step(21): len = 14061.3, overlap = 6.25
PHY-3002 : Step(22): len = 13361.8, overlap = 9.34375
PHY-3002 : Step(23): len = 13824.4, overlap = 10
PHY-3002 : Step(24): len = 14233.6, overlap = 10.9375
PHY-3001 : Legalization ...
PHY-3001 : End legalization;  0.004344s wall, 0.000000s user + 0.000000s system = 0.000000s CPU (n/a%)

PHY-3001 : Run with size of 4
PHY-3001 : Cell area utilization is 3%
PHY-3001 : Update timing in Manhattan mode ...
TMR-2503 : Start to update net delay, extr mode = 3.
TMR-2504 : Update delay of 717 nets completely.
TMR-2502 : Annotate delay completely, extr mode = 3.
TMR-3501 : Forward propagation: start to calculate arrival time...
TMR-3502 : Backward propagation: start to calculate required time...
TMR-3503 : Timing propagation completes.
PHY-3001 : End timing update;  0.007019s wall, 0.000000s user + 0.000000s system = 0.000000s CPU (n/a%)

PHY-3001 : :::0::: Try harder cell spreading with beta_ = 3.95487e-05
PHY-3002 : Step(25): len = 12640.4, overlap = 20.3125
PHY-3002 : Step(26): len = 13188, overlap = 19.9688
PHY-3002 : Step(27): len = 13576.7, overlap = 19.4688
PHY-3001 : :::1::: Try harder cell spreading with beta_ = 7.90974e-05
PHY-3002 : Step(28): len = 12729.1, overlap = 11.1562
PHY-3002 : Step(29): len = 12947.1, overlap = 12.8438
PHY-3002 : Step(30): len = 13255.9, overlap = 11.0938
PHY-3001 : :::2::: Try harder cell spreading with beta_ = 0.000158195
PHY-3002 : Step(31): len = 12549.9, overlap = 11.5312
PHY-3002 : Step(32): len = 12732.4, overlap = 10.875
PHY-3002 : Step(33): len = 13038.8, overlap = 11.4062
PHY-3001 : Run with size of 2
PHY-3001 : Cell area utilization is 3%
PHY-3001 : Update timing in Manhattan mode ...
TMR-2503 : Start to update net delay, extr mode = 3.
TMR-2504 : Update delay of 717 nets completely.
TMR-2502 : Annotate delay completely, extr mode = 3.
TMR-3501 : Forward propagation: start to calculate arrival time...
TMR-3502 : Backward propagation: start to calculate required time...
TMR-3503 : Timing propagation completes.
PHY-3001 : End timing update;  0.006840s wall, 0.000000s user + 0.000000s system = 0.000000s CPU (n/a%)

PHY-3001 : :::0::: Try harder cell spreading with beta_ = 4.88073e-05
PHY-3002 : Step(34): len = 14721.2, overlap = 26.375
PHY-3002 : Step(35): len = 15928.1, overlap = 22.5625
PHY-3002 : Step(36): len = 16310.2, overlap = 21.3438
PHY-3002 : Step(37): len = 15033.6, overlap = 12.0312
PHY-3002 : Step(38): len = 15422.5, overlap = 11.5
PHY-3002 : Step(39): len = 15744.1, overlap = 10.6562
PHY-3002 : Step(40): len = 15238.2, overlap = 14.375
PHY-3002 : Step(41): len = 13513.8, overlap = 17
PHY-3002 : Step(42): len = 13609.5, overlap = 16.8438
PHY-3002 : Step(43): len = 13702.4, overlap = 16.5312
PHY-3001 : :::1::: Try harder cell spreading with beta_ = 9.76147e-05
PHY-3002 : Step(44): len = 13632.9, overlap = 13.875
PHY-3002 : Step(45): len = 13495.6, overlap = 13.1562
PHY-3002 : Step(46): len = 13638.4, overlap = 11.8125
PHY-3002 : Step(47): len = 13726.9, overlap = 11.625
PHY-3002 : Step(48): len = 13736.2, overlap = 11.3125
PHY-3001 : :::2::: Try harder cell spreading with beta_ = 0.000195229
PHY-3002 : Step(49): len = 13713.3, overlap = 11.8125
PHY-3002 : Step(50): len = 13749.8, overlap = 13.4062
PHY-3002 : Step(51): len = 13750.9, overlap = 13.6875
OPT-1001 : Start physical optimization ...
RUN-1002 : start command "start_timer -report"
TMR-2505 : Start building timing graph for model keyboard_instance.
TMR-2506 : Build timing graph completely. Port num: 8, tpin num: 2592, tnet num: 717, tinst num: 600, tnode num: 3159, tedge num: 4156.
TMR-2508 : Levelizing timing graph completed, there are 43 levels in total.
TMR-2501 : Timing graph initialized successfully.
OPT-1001 : Total overflow 39.44 peak overflow 2.06
OPT-1001 : Start high-fanout net optimization ...
OPT-1001 : Update timing in global mode
PHY-1001 : Start incremental global routing, caller is place ...
RUN-1001 : Generating global routing grids ...
RUN-1001 : Building simple global routing graph ...
PHY-1001 : Generate routing nets ...
PHY-1001 : Reuse net number 0/719.
PHY-1001 : Global iterations in 16 thread ...
PHY-1002 : len = 14872, over cnt = 62(0%), over = 199, worst = 14
PHY-1001 : End global iterations;  0.031772s wall, 0.015625s user + 0.000000s system = 0.015625s CPU (49.2%)

PHY-1001 : Congestion index: top1 = 20.47, top5 = 9.00, top10 = 4.92, top15 = 3.29.
PHY-1001 : End incremental global routing;  0.083941s wall, 0.031250s user + 0.000000s system = 0.031250s CPU (37.2%)

TMR-2503 : Start to update net delay, extr mode = 5.
TMR-2504 : Update delay of 717 nets completely.
TMR-2502 : Annotate delay completely, extr mode = 5.
TMR-3001 : Initiate 0 clocks from SDC.
TMR-3004 : Map sdc constraints, there are 0 constraints in total.
TMR-3003 : Constraints initiated successfully.
TMR-3501 : Forward propagation: start to calculate arrival time...
TMR-3502 : Backward propagation: start to calculate required time...
TMR-3503 : Timing propagation completes.
OPT-1001 : End timing update;  0.010759s wall, 0.000000s user + 0.000000s system = 0.000000s CPU (n/a%)

OPT-1001 : 0 high-fanout net processed.
OPT-1001 : End high-fanout net optimization;  0.101910s wall, 0.031250s user + 0.000000s system = 0.031250s CPU (30.7%)

OPT-1001 : Current memory(MB): used = 146, reserve = 118, peak = 146.
OPT-1001 : Start global optimization ...
OPT-1001 : Start congestion update ...
RUN-1001 : Generating global routing grids ...
PHY-1001 : Generate routing nets ...
PHY-1001 : Reuse net number 391/719.
PHY-1001 : Global iterations in 16 thread ...
PHY-1002 : len = 14872, over cnt = 62(0%), over = 199, worst = 14
PHY-1002 : len = 16216, over cnt = 23(0%), over = 53, worst = 9
PHY-1002 : len = 16608, over cnt = 10(0%), over = 21, worst = 5
PHY-1002 : len = 16880, over cnt = 0(0%), over = 0, worst = 0
PHY-1001 : End global iterations;  0.034292s wall, 0.000000s user + 0.000000s system = 0.000000s CPU (n/a%)

PHY-1001 : Congestion index: top1 = 19.44, top5 = 9.62, top10 = 5.39, top15 = 3.60.
OPT-1001 : End congestion update;  0.076158s wall, 0.093750s user + 0.000000s system = 0.093750s CPU (123.1%)

OPT-1001 : Update timing in Manhattan mode
TMR-2503 : Start to update net delay, extr mode = 3.
TMR-2504 : Update delay of 717 nets completely.
TMR-2502 : Annotate delay completely, extr mode = 3.
TMR-3501 : Forward propagation: start to calculate arrival time...
TMR-3502 : Backward propagation: start to calculate required time...
TMR-3503 : Timing propagation completes.
OPT-1001 : End timing update;  0.007943s wall, 0.000000s user + 0.000000s system = 0.000000s CPU (n/a%)

OPT-0007 : Start: WNS 2147483647 TNS 0 NUM_FEPS 0
OPT-1001 : End global optimization;  0.084196s wall, 0.093750s user + 0.000000s system = 0.093750s CPU (111.3%)

OPT-1001 : Current memory(MB): used = 146, reserve = 119, peak = 146.
OPT-1001 : End physical optimization;  0.354237s wall, 0.203125s user + 0.015625s system = 0.218750s CPU (61.8%)

PHY-3001 : Start packing ...
SYN-4007 : Packing 0 MUX to BLE ...
SYN-4008 : Packed 0 MUX and 0 SEQ to BLE.
SYN-4007 : Packing 243 LUT to BLE ...
SYN-4008 : Packed 243 LUT and 79 SEQ to BLE.
SYN-4003 : Packing 122 remaining SEQ's ...
SYN-4005 : Packed 56 SEQ with LUT/SLICE
SYN-4006 : 118 single LUT's are left
SYN-4006 : 66 single SEQ's are left
SYN-4011 : Packing model "keyboard_instance" (AL_USER_NORMAL) with 309/467 primitive instances ...
PHY-3001 : End packing;  0.018793s wall, 0.015625s user + 0.000000s system = 0.015625s CPU (83.1%)

PHY-1001 : Populate physical database on model keyboard_instance.
RUN-1001 : There are total 321 instances
RUN-1001 : 146 mslices, 147 lslices, 24 pads, 0 brams, 0 dsps
RUN-1001 : There are total 640 nets
RUN-1001 : 368 nets have 2 pins
RUN-1001 : 180 nets have [3 - 5] pins
RUN-1001 : 72 nets have [6 - 10] pins
RUN-1001 : 12 nets have [11 - 20] pins
RUN-1001 : 6 nets have [21 - 99] pins
RUN-1001 : 2 nets have 100+ pins
PHY-3001 : design contains 319 instances, 293 slices, 13 macros(130 instances: 96 mslices 34 lslices)
PHY-3001 : Cell area utilization is 3%
PHY-3001 : After packing: Len = 14118, Over = 24.5
PHY-3001 : Run with size of 2
PHY-3001 : Cell area utilization is 3%
PHY-3001 : Update timing in Manhattan mode ...
RUN-1002 : start command "start_timer -report"
TMR-2505 : Start building timing graph for model keyboard_instance.
TMR-2506 : Build timing graph completely. Port num: 8, tpin num: 2281, tnet num: 638, tinst num: 319, tnode num: 2695, tedge num: 3775.
TMR-2508 : Levelizing timing graph completed, there are 41 levels in total.
TMR-2501 : Timing graph initialized successfully.
TMR-2503 : Start to update net delay, extr mode = 3.
TMR-2504 : Update delay of 638 nets completely.
TMR-2502 : Annotate delay completely, extr mode = 3.
TMR-3001 : Initiate 0 clocks from SDC.
TMR-3004 : Map sdc constraints, there are 0 constraints in total.
TMR-3003 : Constraints initiated successfully.
TMR-3501 : Forward propagation: start to calculate arrival time...
TMR-3502 : Backward propagation: start to calculate required time...
TMR-3503 : Timing propagation completes.
PHY-3001 : End timing update;  0.179695s wall, 0.109375s user + 0.000000s system = 0.109375s CPU (60.9%)

PHY-3001 : :::0::: Try harder cell spreading with beta_ = 3.63836e-05
PHY-3002 : Step(52): len = 13686.5, overlap = 21.25
PHY-3002 : Step(53): len = 13725, overlap = 21
PHY-3002 : Step(54): len = 13326, overlap = 22
PHY-3002 : Step(55): len = 13160.6, overlap = 21.75
PHY-3002 : Step(56): len = 12932.4, overlap = 23
PHY-3002 : Step(57): len = 12975.9, overlap = 23.75
PHY-3002 : Step(58): len = 12963.2, overlap = 22.25
PHY-3002 : Step(59): len = 13045.9, overlap = 23
PHY-3002 : Step(60): len = 12903, overlap = 23.75
PHY-3002 : Step(61): len = 13052.1, overlap = 22
PHY-3002 : Step(62): len = 12864.1, overlap = 25
PHY-3002 : Step(63): len = 12908.9, overlap = 21.25
PHY-3002 : Step(64): len = 12797.4, overlap = 25
PHY-3002 : Step(65): len = 12564.6, overlap = 23.25
PHY-3002 : Step(66): len = 12661.6, overlap = 23.25
PHY-3002 : Step(67): len = 12747.8, overlap = 23.75
PHY-3001 : :::1::: Try harder cell spreading with beta_ = 7.27672e-05
PHY-3002 : Step(68): len = 12818.2, overlap = 24.25
PHY-3002 : Step(69): len = 12987.2, overlap = 23.75
PHY-3002 : Step(70): len = 13061.6, overlap = 22.25
PHY-3001 : :::2::: Try harder cell spreading with beta_ = 0.000145534
PHY-3002 : Step(71): len = 13578.3, overlap = 19.25
PHY-3002 : Step(72): len = 13667.2, overlap = 19
PHY-3002 : Step(73): len = 13815, overlap = 18.5
PHY-3001 : Legalization ...
PHY-3001 : End legalization;  0.060780s wall, 0.000000s user + 0.031250s system = 0.031250s CPU (51.4%)

PHY-3001 : Trial Legalized: Len = 19457
PHY-3001 : Run with size of 2
PHY-3001 : Cell area utilization is 3%
PHY-3001 : Update timing in Manhattan mode ...
TMR-2503 : Start to update net delay, extr mode = 3.
TMR-2504 : Update delay of 638 nets completely.
TMR-2502 : Annotate delay completely, extr mode = 3.
TMR-3501 : Forward propagation: start to calculate arrival time...
TMR-3502 : Backward propagation: start to calculate required time...
TMR-3503 : Timing propagation completes.
PHY-3001 : End timing update;  0.006786s wall, 0.000000s user + 0.000000s system = 0.000000s CPU (n/a%)

PHY-3001 : :::0::: Try harder cell spreading with beta_ = 0.0138626
PHY-3002 : Step(74): len = 17668.6, overlap = 2
PHY-3002 : Step(75): len = 17244.9, overlap = 2.75
PHY-3002 : Step(76): len = 16597.7, overlap = 3.75
PHY-3002 : Step(77): len = 16397.3, overlap = 4
PHY-3002 : Step(78): len = 15841.8, overlap = 6
PHY-3002 : Step(79): len = 15622.6, overlap = 6
PHY-3002 : Step(80): len = 15374.4, overlap = 6.25
PHY-3002 : Step(81): len = 15143.3, overlap = 7
PHY-3002 : Step(82): len = 15068.4, overlap = 7
PHY-3002 : Step(83): len = 14857.7, overlap = 7.25
PHY-3002 : Step(84): len = 14857.7, overlap = 7.25
PHY-3002 : Step(85): len = 14877.8, overlap = 7.25
PHY-3001 : Legalization ...
PHY-3001 : End legalization;  0.005215s wall, 0.000000s user + 0.000000s system = 0.000000s CPU (n/a%)

PHY-3001 : Legalized: Len = 17075.5, Over = 0
PHY-3001 : End spreading;  0.002513s wall, 0.000000s user + 0.000000s system = 0.000000s CPU (n/a%)

PHY-3001 : Final: Len = 17075.5, Over = 0
OPT-1001 : Start physical optimization ...
RUN-1002 : start command "start_timer -report"
TMR-2505 : Start building timing graph for model keyboard_instance.
TMR-2506 : Build timing graph completely. Port num: 8, tpin num: 2281, tnet num: 638, tinst num: 319, tnode num: 2695, tedge num: 3775.
TMR-2508 : Levelizing timing graph completed, there are 41 levels in total.
TMR-2501 : Timing graph initialized successfully.
OPT-1001 : Total overflow 0.00 peak overflow 0.00
OPT-1001 : Start high-fanout net optimization ...
OPT-1001 : Update timing in global mode
PHY-1001 : Start incremental global routing, caller is place ...
RUN-1001 : Generating global routing grids ...
PHY-1001 : Generate routing nets ...
PHY-1001 : Reuse net number 1/640.
PHY-1001 : Global iterations in 16 thread ...
PHY-1002 : len = 19496, over cnt = 50(0%), over = 80, worst = 4
PHY-1002 : len = 19808, over cnt = 30(0%), over = 43, worst = 4
PHY-1002 : len = 20272, over cnt = 1(0%), over = 1, worst = 1
PHY-1002 : len = 20272, over cnt = 0(0%), over = 0, worst = 0
PHY-1001 : End global iterations;  0.052615s wall, 0.031250s user + 0.000000s system = 0.031250s CPU (59.4%)

PHY-1001 : Congestion index: top1 = 19.25, top5 = 11.66, top10 = 7.09, top15 = 4.77.
PHY-1001 : End incremental global routing;  0.094700s wall, 0.078125s user + 0.000000s system = 0.078125s CPU (82.5%)

TMR-2503 : Start to update net delay, extr mode = 5.
TMR-2504 : Update delay of 638 nets completely.
TMR-2502 : Annotate delay completely, extr mode = 5.
TMR-3001 : Initiate 0 clocks from SDC.
TMR-3004 : Map sdc constraints, there are 0 constraints in total.
TMR-3003 : Constraints initiated successfully.
TMR-3501 : Forward propagation: start to calculate arrival time...
TMR-3502 : Backward propagation: start to calculate required time...
TMR-3503 : Timing propagation completes.
OPT-1001 : End timing update;  0.010812s wall, 0.000000s user + 0.000000s system = 0.000000s CPU (n/a%)

OPT-1001 : 0 high-fanout net processed.
OPT-1001 : End high-fanout net optimization;  0.112536s wall, 0.078125s user + 0.000000s system = 0.078125s CPU (69.4%)

OPT-1001 : Current memory(MB): used = 149, reserve = 121, peak = 149.
OPT-1001 : Start path based optimization ...
OPT-1001 : Start congestion update ...
RUN-1001 : Generating global routing grids ...
PHY-1001 : Generate routing nets ...
PHY-1001 : Reuse net number 509/640.
PHY-1001 : Global iterations in 16 thread ...
PHY-1002 : len = 20272, over cnt = 0(0%), over = 0, worst = 0
PHY-1001 : End global iterations;  0.003996s wall, 0.000000s user + 0.000000s system = 0.000000s CPU (n/a%)

PHY-1001 : Congestion index: top1 = 19.25, top5 = 11.66, top10 = 7.09, top15 = 4.77.
OPT-1001 : End congestion update;  0.044124s wall, 0.046875s user + 0.000000s system = 0.046875s CPU (106.2%)

OPT-1001 : Update timing in Manhattan mode
TMR-2503 : Start to update net delay, extr mode = 3.
TMR-2504 : Update delay of 638 nets completely.
TMR-2502 : Annotate delay completely, extr mode = 3.
TMR-3501 : Forward propagation: start to calculate arrival time...
TMR-3502 : Backward propagation: start to calculate required time...
TMR-3503 : Timing propagation completes.
OPT-1001 : End timing update;  0.006585s wall, 0.015625s user + 0.000000s system = 0.015625s CPU (237.3%)

OPT-0007 : Start: WNS 2147483647 TNS 0 NUM_FEPS 0
OPT-1001 : End path based optimization;  0.050788s wall, 0.062500s user + 0.000000s system = 0.062500s CPU (123.1%)

OPT-1001 : Current memory(MB): used = 149, reserve = 121, peak = 149.
OPT-1001 : Update timing in Manhattan mode
TMR-2503 : Start to update net delay, extr mode = 3.
TMR-2504 : Update delay of 638 nets completely.
TMR-2502 : Annotate delay completely, extr mode = 3.
TMR-3501 : Forward propagation: start to calculate arrival time...
TMR-3502 : Backward propagation: start to calculate required time...
TMR-3503 : Timing propagation completes.
OPT-1001 : End timing update;  0.005779s wall, 0.000000s user + 0.000000s system = 0.000000s CPU (n/a%)

OPT-1001 : Start pin optimization...
OPT-1001 : skip pin optimization...
OPT-1001 : Update timing in global mode
PHY-1001 : Start incremental global routing, caller is place ...
RUN-1001 : Generating global routing grids ...
PHY-1001 : Generate routing nets ...
PHY-1001 : Reuse net number 509/640.
PHY-1001 : Global iterations in 16 thread ...
PHY-1002 : len = 20272, over cnt = 0(0%), over = 0, worst = 0
PHY-1001 : End global iterations;  0.001956s wall, 0.015625s user + 0.000000s system = 0.015625s CPU (799.0%)

PHY-1001 : Congestion index: top1 = 19.25, top5 = 11.66, top10 = 7.09, top15 = 4.77.
PHY-1001 : End incremental global routing;  0.043605s wall, 0.031250s user + 0.000000s system = 0.031250s CPU (71.7%)

TMR-2503 : Start to update net delay, extr mode = 5.
TMR-2504 : Update delay of 638 nets completely.
TMR-2502 : Annotate delay completely, extr mode = 5.
TMR-3501 : Forward propagation: start to calculate arrival time...
TMR-3502 : Backward propagation: start to calculate required time...
TMR-3503 : Timing propagation completes.
OPT-1001 : End timing update;  0.009969s wall, 0.000000s user + 0.000000s system = 0.000000s CPU (n/a%)

RUN-1001 : Generating global routing grids ...
PHY-1001 : Generate routing nets ...
PHY-1001 : Reuse net number 509/640.
PHY-1001 : Global iterations in 16 thread ...
PHY-1002 : len = 20272, over cnt = 0(0%), over = 0, worst = 0
PHY-1001 : End global iterations;  0.002831s wall, 0.000000s user + 0.000000s system = 0.000000s CPU (n/a%)

PHY-1001 : Congestion index: top1 = 19.25, top5 = 11.66, top10 = 7.09, top15 = 4.77.
OPT-1001 : Update timing in Manhattan mode
TMR-2503 : Start to update net delay, extr mode = 3.
TMR-2504 : Update delay of 638 nets completely.
TMR-2502 : Annotate delay completely, extr mode = 3.
TMR-3501 : Forward propagation: start to calculate arrival time...
TMR-3502 : Backward propagation: start to calculate required time...
TMR-3503 : Timing propagation completes.
OPT-1001 : End timing update;  0.007576s wall, 0.000000s user + 0.000000s system = 0.000000s CPU (n/a%)

RUN-1001 : QoR Analysis:
OPT-0007 :   WNS 2147483647 TNS 0 NUM_FEPS 0
RUN-1001 :   No local congestion issue, and most congested 1% tile average routing util is 18.793103
RUN-1001 :   Top critical paths
OPT-1001 : End physical optimization;  0.439031s wall, 0.250000s user + 0.000000s system = 0.250000s CPU (56.9%)

RUN-1003 : finish command "place" in  3.286222s wall, 0.984375s user + 0.656250s system = 1.640625s CPU (49.9%)

RUN-1004 : used memory is 133 MB, reserved memory is 105 MB, peak memory is 149 MB
RUN-1002 : start command "export_db keyboard_place.db"
RUN-1001 : Exported /
RUN-1001 : Exported flow parameters
RUN-1001 : Exported libs
RUN-1001 : Exported entities
RUN-1001 : Exported ports
RUN-1001 : Exported pins
RUN-1001 : Exported instances
RUN-1001 : Exported nets
RUN-1001 : Exported buses
RUN-1001 : Exported models
RUN-1001 : Exported congestions
RUN-1001 : Exported violations
RUN-1001 : Exported timing constraints
RUN-1001 : Exported IO constraints
RUN-1001 : Exported Inst constraints
RUN-1002 : start command "route"
RUN-1001 : Open license file E:/Anlogic/TD5.6.59063/license/Anlogic.lic
RUN-1001 : Print Global Property
RUN-1001 : ---------------------------------------------------------------
RUN-1001 :        Parameters        |  Settings  |  Default Values  |  Note  
RUN-1001 : ---------------------------------------------------------------
RUN-1001 :          message         |  standard  |     standard     |        
RUN-1001 :   mixed_pack_place_flow  |     on     |        on        |        
RUN-1001 :        qor_monitor       |    off     |       off        |        
RUN-1001 :        syn_ip_flow       |    off     |       off        |        
RUN-1001 :          thread          |    auto    |       auto       |        
RUN-1001 : ---------------------------------------------------------------
RUN-1001 : Print Route Property
RUN-1001 : -------------------------------------------------------
RUN-1001 :    Parameters    |  Settings  |  Default Values  |  Note  
RUN-1001 : -------------------------------------------------------
RUN-1001 :      effort      |   medium   |      medium      |        
RUN-1001 :     fix_hold     |    off     |       off        |        
RUN-1001 :    opt_timing    |   medium   |      medium      |        
RUN-1001 :   phy_sim_model  |    off     |       off        |        
RUN-1001 :     priority     |   timing   |      timing      |        
RUN-1001 :     swap_pin     |     on     |        on        |        
RUN-1001 : -------------------------------------------------------
PHY-1001 : Route runs in 16 thread(s)
RUN-1001 : There are total 321 instances
RUN-1001 : 146 mslices, 147 lslices, 24 pads, 0 brams, 0 dsps
RUN-1001 : There are total 640 nets
RUN-1001 : 368 nets have 2 pins
RUN-1001 : 180 nets have [3 - 5] pins
RUN-1001 : 72 nets have [6 - 10] pins
RUN-1001 : 12 nets have [11 - 20] pins
RUN-1001 : 6 nets have [21 - 99] pins
RUN-1001 : 2 nets have 100+ pins
RUN-1002 : start command "start_timer -report"
TMR-2505 : Start building timing graph for model keyboard_instance.
TMR-2506 : Build timing graph completely. Port num: 8, tpin num: 2281, tnet num: 638, tinst num: 319, tnode num: 2695, tedge num: 3775.
TMR-2508 : Levelizing timing graph completed, there are 41 levels in total.
TMR-2501 : Timing graph initialized successfully.
PHY-1001 : 146 mslices, 147 lslices, 24 pads, 0 brams, 0 dsps
TMR-2503 : Start to update net delay, extr mode = 3.
TMR-2504 : Update delay of 638 nets completely.
TMR-2502 : Annotate delay completely, extr mode = 3.
TMR-3001 : Initiate 0 clocks from SDC.
TMR-3004 : Map sdc constraints, there are 0 constraints in total.
TMR-3003 : Constraints initiated successfully.
TMR-3501 : Forward propagation: start to calculate arrival time...
TMR-3502 : Backward propagation: start to calculate required time...
TMR-3503 : Timing propagation completes.
PHY-1001 : Start global routing, caller is route ...
RUN-1001 : Generating global routing grids ...
PHY-1001 : Generate routing nets ...
PHY-1001 : Global iterations in 16 thread ...
PHY-1002 : len = 19496, over cnt = 50(0%), over = 80, worst = 4
PHY-1002 : len = 19808, over cnt = 30(0%), over = 43, worst = 4
PHY-1002 : len = 19984, over cnt = 17(0%), over = 24, worst = 3
PHY-1002 : len = 20272, over cnt = 0(0%), over = 0, worst = 0
PHY-1001 : End global iterations;  0.061638s wall, 0.000000s user + 0.000000s system = 0.000000s CPU (n/a%)

PHY-1001 : Congestion index: top1 = 19.25, top5 = 11.66, top10 = 7.09, top15 = 4.77.
PHY-1001 : End global routing;  0.104659s wall, 0.000000s user + 0.000000s system = 0.000000s CPU (n/a%)

PHY-1001 : Start detail routing ...
PHY-1001 : Current memory(MB): used = 169, reserve = 142, peak = 185.
PHY-1001 : Detailed router is running in normal mode.
PHY-1001 : Generate detailed routing grids ...
PHY-1001 : Generate nets ...
PHY-1001 : net clk_50M_dup_1 will be routed on clock mesh
PHY-1001 : clock net U1/scan_clk_syn_4 will be merged with clock U1/scan_clk
PHY-1001 : Current memory(MB): used = 437, reserve = 414, peak = 437.
PHY-1001 : End build detailed router design. 3.871074s wall, 1.468750s user + 0.000000s system = 1.468750s CPU (37.9%)

PHY-1001 : Detail Route ...
PHY-1001 : ===== Detail Route Phase 1 =====
PHY-1001 : Clock net routing.....
PHY-1001 : Routed 0% nets.
PHY-1022 : len = 7624, over cnt = 0(0%), over = 0, worst = 0, crit = 0
PHY-1001 : End initial clock net routed; 0.389580s wall, 0.125000s user + 0.000000s system = 0.125000s CPU (32.1%)

PHY-1001 : Current memory(MB): used = 467, reserve = 445, peak = 467.
PHY-1001 : End phase 1; 0.394448s wall, 0.125000s user + 0.000000s system = 0.125000s CPU (31.7%)

PHY-1001 : ===== Detail Route Phase 2 =====
PHY-1001 : Initial routing.....
PHY-1001 : Routed 17% nets.
PHY-1001 : Routed 31% nets.
PHY-1001 : Routed 33% nets.
PHY-1001 : Routed 33% nets.
PHY-1001 : Patch 283 net; 0.263089s wall, 0.171875s user + 0.000000s system = 0.171875s CPU (65.3%)

PHY-1022 : len = 42896, over cnt = 10(0%), over = 10, worst = 1, crit = 0
PHY-1001 : Current memory(MB): used = 467, reserve = 445, peak = 467.
PHY-1001 : End initial routed; 0.356471s wall, 0.234375s user + 0.015625s system = 0.250000s CPU (70.1%)

PHY-1001 : Update timing.....
PHY-1001 : 0/497(0%) critical/total net(s).
RUN-1001 : ------------------------------------------
RUN-1001 :   Type   |    WNS(ns)    |  TNS(ns)  |  FEP  
RUN-1001 : ------------------------------------------
RUN-1001 :   Setup  |  2147483.647  |   0.000   |   0   
RUN-1001 :   Hold   |  2147483.647  |   0.000   |   0   
RUN-1001 : ------------------------------------------
PHY-1001 : End update timing; 0.176494s wall, 0.125000s user + 0.000000s system = 0.125000s CPU (70.8%)

PHY-1001 : Current memory(MB): used = 468, reserve = 446, peak = 468.
PHY-1001 : End phase 2; 0.533041s wall, 0.359375s user + 0.015625s system = 0.375000s CPU (70.4%)

PHY-1001 : ===== Detail Route Phase 3 =====
PHY-1001 : Optimize timing.....
PHY-1022 : len = 42896, over cnt = 10(0%), over = 10, worst = 1, crit = 0
PHY-1001 : End optimize timing; 0.004855s wall, 0.000000s user + 0.000000s system = 0.000000s CPU (n/a%)

PHY-1001 : Ripup-reroute.....
PHY-1001 : ===== DR Iter 1 =====
PHY-1022 : len = 42848, over cnt = 0(0%), over = 0, worst = 0, crit = 0
PHY-1001 : End DR Iter 1; 0.018861s wall, 0.015625s user + 0.000000s system = 0.015625s CPU (82.8%)

PHY-1001 : Update timing.....
PHY-1001 : 0/497(0%) critical/total net(s).
RUN-1001 : ------------------------------------------
RUN-1001 :   Type   |    WNS(ns)    |  TNS(ns)  |  FEP  
RUN-1001 : ------------------------------------------
RUN-1001 :   Setup  |  2147483.647  |   0.000   |   0   
RUN-1001 :   Hold   |  2147483.647  |   0.000   |   0   
RUN-1001 : ------------------------------------------
PHY-1001 : End update timing; 0.168779s wall, 0.093750s user + 0.000000s system = 0.093750s CPU (55.5%)

PHY-1001 : Commit to database.....
PHY-1001 : 2 feed throughs used by 2 nets
PHY-1001 : End commit to database; 0.065573s wall, 0.031250s user + 0.000000s system = 0.031250s CPU (47.7%)

PHY-1001 : Current memory(MB): used = 479, reserve = 456, peak = 479.
PHY-1001 : End phase 3; 0.393676s wall, 0.203125s user + 0.000000s system = 0.203125s CPU (51.6%)

PHY-1003 : Routed, final wirelength = 42848
PHY-1001 : Current memory(MB): used = 479, reserve = 456, peak = 479.
PHY-1001 : End export database. 0.006690s wall, 0.015625s user + 0.000000s system = 0.015625s CPU (233.6%)

PHY-1001 : End detail routing;  5.420751s wall, 2.218750s user + 0.046875s system = 2.265625s CPU (41.8%)

RUN-1003 : finish command "route" in  5.750593s wall, 2.281250s user + 0.046875s system = 2.328125s CPU (40.5%)

RUN-1004 : used memory is 420 MB, reserved memory is 397 MB, peak memory is 479 MB
RUN-1002 : start command "report_area -io_info -file keyboard_phy.area"
RUN-1001 : standard
***Report Model: keyboard_instance Device: EG4S20BG256***

IO Statistics
#IO                        24
  #input                    6
  #output                  18
  #inout                    0

Utilization Statistics
#lut                      503   out of  19600    2.57%
#reg                      201   out of  19600    1.03%
#le                       569
  #lut only               368   out of    569   64.67%
  #reg only                66   out of    569   11.60%
  #lut&reg                135   out of    569   23.73%
#dsp                        0   out of     29    0.00%
#bram                       0   out of     64    0.00%
  #bram9k                   0
  #fifo9k                   0
#bram32k                    0   out of     16    0.00%
#pad                       24   out of    188   12.77%
  #ireg                     0
  #oreg                     0
  #treg                     0
#pll                        0   out of      4    0.00%
#gclk                       2   out of     16   12.50%

Clock Resource Statistics
Index     ClockNet         Type               DriverType         Driver                      Fanout
#1        clk_50M_dup_1    GCLK               io                 clk_50M_syn_2.di            108
#2        U1/scan_clk      GCLK               mslice             U1/scan_clk_reg_syn_9.q0    10


Detailed IO Report

        Name           Direction    Location    IOStandard    DriveStrength    PullType    PackReg  
        RSTn             INPUT         A9        LVCMOS33          N/A          PULLUP      NONE    
       clk_50M           INPUT         R7        LVCMOS33          N/A          PULLUP      NONE    
       col[3]            INPUT        F10        LVCMOS33          N/A          PULLUP      NONE    
       col[2]            INPUT        C11        LVCMOS33          N/A          PULLUP      NONE    
       col[1]            INPUT        D11        LVCMOS33          N/A          PULLUP      NONE    
       col[0]            INPUT        E11        LVCMOS33          N/A          PULLUP      NONE    
  DigitronCS_Out[3]     OUTPUT         A3        LVCMOS33           8            NONE       NONE    
  DigitronCS_Out[2]     OUTPUT         A5        LVCMOS33           8            NONE       NONE    
  DigitronCS_Out[1]     OUTPUT         B6        LVCMOS33           8            NONE       NONE    
  DigitronCS_Out[0]     OUTPUT         C9        LVCMOS33           8            NONE       NONE    
   Digitron_Out[7]      OUTPUT         C8        LVCMOS33           8            NONE       NONE    
   Digitron_Out[6]      OUTPUT         A8        LVCMOS33           8            NONE       NONE    
   Digitron_Out[5]      OUTPUT         B5        LVCMOS33           8            NONE       NONE    
   Digitron_Out[4]      OUTPUT         A7        LVCMOS33           8            NONE       NONE    
   Digitron_Out[3]      OUTPUT         E8        LVCMOS33           8            NONE       NONE    
   Digitron_Out[2]      OUTPUT         B8        LVCMOS33           8            NONE       NONE    
   Digitron_Out[1]      OUTPUT         A6        LVCMOS33           8            NONE       NONE    
   Digitron_Out[0]      OUTPUT         A4        LVCMOS33           8            NONE       NONE    
       buzzer           OUTPUT        H11        LVCMOS33           8            NONE       NONE    
        light           OUTPUT        B14        LVCMOS33           8            NONE       NONE    
       row[3]           OUTPUT         D9        LVCMOS33           8            NONE       NONE    
       row[2]           OUTPUT         F9        LVCMOS33           8            NONE       NONE    
       row[1]           OUTPUT        C10        LVCMOS33           8            NONE       NONE    
       row[0]           OUTPUT        E10        LVCMOS33           8            NONE       NONE    

Report Hierarchy Area:
+-------------------------------------------------------------------------------------------+
|Instance |Module                      |le     |lut     |ripple  |seq     |bram    |dsp     |
+-------------------------------------------------------------------------------------------+
|top      |keyboard_instance           |569    |373     |130     |201     |0       |0       |
|  U1     |keyboard_scan               |73     |50      |9       |53      |0       |0       |
|  U2     |key_filter                  |62     |34      |6       |52      |0       |0       |
|  U3     |onehot2binary               |393    |257     |110     |82      |0       |0       |
|  U5     |Digitron_TimeDisplay_module |36     |27      |5       |14      |0       |0       |
+-------------------------------------------------------------------------------------------+


DataNet Average Fanout:

   Index     Fanout    Nets  
    #1         1       344   
    #2         2       121   
    #3         3        28   
    #4         4        31   
    #5        5-10      74   
    #6       11-50      14   
  Average     2.45           

RUN-1002 : start command "export_db keyboard_pr.db"
RUN-1001 : Exported /
RUN-1001 : Exported flow parameters
RUN-1001 : Exported libs
RUN-1001 : Exported entities
RUN-1001 : Exported ports
RUN-1001 : Exported pins
RUN-1001 : Exported instances
RUN-1001 : Exported nets
RUN-1001 : Exported buses
RUN-1001 : Exported models
RUN-1001 : Exported congestions
RUN-1001 : Exported violations
RUN-1001 : Exported timing constraints
RUN-1001 : Exported IO constraints
RUN-1001 : Exported Inst constraints
RUN-1002 : start command "export_bid keyboard_inst.bid"
RUN-1002 : start command "bitgen -bit keyboard.bit -unused_io_status pulldown"
BIT-1003 : Start to generate bitstream. 
BIT-1002 : Bitgen processed 164 unused pads, reserve input tri_state with pulldown
BIT-1002 : Init instances with 16 threads.
BIT-1002 : Init instances completely, inst num: 483
BIT-1002 : Init pips with 16 threads.
BIT-1002 : Init pips completely, net num: 640, pip num: 4491
BIT-1002 : Init feedthrough completely, num: 2
BIT-1003 : Multithreading accelaration with 16 threads.
BIT-1003 : Generate bitstream completely, there are 724 valid insts, and 15045 bits set as '1'.
BIT-1004 : PLL setting string = 0000
BIT-1004 : Generate bits file keyboard.bit.
RUN-1003 : finish command "bitgen -bit keyboard.bit -unused_io_status pulldown" in  1.521301s wall, 6.312500s user + 0.046875s system = 6.359375s CPU (418.0%)

RUN-1004 : used memory is 428 MB, reserved memory is 404 MB, peak memory is 620 MB
RUN-1002 : start command "backup_run_log run.log ../.logs/phy_1/td_20240827_233427.log"
