============================================================
   Tang Dynasty, V5.6.59063
   Copyright (c) 2012-2022 Anlogic
   Executable = E:/Anlogic/TD5.6.59063/bin/td.exe
   Built at =   12:45:13 Sep  6 2022
   Run by =     19234
   Run Date =   Tue Aug 27 23:17:32 2024

   Run on =     ERIKPSW
============================================================
RUN-1002 : start command "open_project keyboard.prj"
RUN-1001 : Print Global Property
RUN-1001 : ---------------------------------------------------------------
RUN-1001 :        Parameters        |  Settings  |  Default Values  |  Note  
RUN-1001 : ---------------------------------------------------------------
RUN-1001 :          message         |  standard  |     standard     |        
RUN-1001 :   mixed_pack_place_flow  |     on     |        on        |        
RUN-1001 :        qor_monitor       |    off     |       off        |        
RUN-1001 :        syn_ip_flow       |    off     |       off        |        
RUN-1001 :          thread          |    auto    |       auto       |        
RUN-1001 : ---------------------------------------------------------------
RUN-1001 : Print Design Property
RUN-1001 : --------------------------------------------------------------
RUN-1001 :        Parameters       |  Settings  |  Default Values  |  Note  
RUN-1001 : --------------------------------------------------------------
RUN-1001 :   default_reg_initial   |    auto    |       auto       |        
RUN-1001 :        infer_add        |     on     |        on        |        
RUN-1001 :        infer_fsm        |    off     |       off        |        
RUN-1001 :        infer_mult       |     on     |        on        |        
RUN-1001 :        infer_ram        |     on     |        on        |        
RUN-1001 :        infer_reg        |     on     |        on        |        
RUN-1001 :   infer_reg_init_value  |     on     |        on        |        
RUN-1001 :        infer_rom        |     on     |        on        |        
RUN-1001 :      infer_shifter      |     on     |        on        |        
RUN-1001 : --------------------------------------------------------------
RUN-1001 : Print Rtl Property
RUN-1001 : --------------------------------------------------------------
RUN-1001 :        Parameters       |  Settings  |  Default Values  |  Note  
RUN-1001 : --------------------------------------------------------------
RUN-1001 :       compress_add      |   ripple   |      ripple      |        
RUN-1001 :        elf_sload        |    off     |       off        |        
RUN-1001 :       fix_undriven      |     0      |        0         |        
RUN-1001 :         flatten         |    off     |       off        |        
RUN-1001 :       gate_sharing      |     on     |        on        |        
RUN-1001 :    hdl_warning_level    |   normal   |      normal      |        
RUN-1001 :   impl_internal_tribuf  |     on     |        on        |        
RUN-1001 :      impl_set_reset     |     on     |        on        |        
RUN-1001 :        infer_gsr        |    off     |       off        |        
RUN-1001 :      keep_hierarchy     |    auto    |       auto       |        
RUN-1001 :        max_fanout       |    9999    |       9999       |        
RUN-1001 :      max_oh2bin_len     |     10     |        10        |        
RUN-1001 :       merge_equal       |     on     |        on        |        
RUN-1001 :       merge_equiv       |     on     |        on        |        
RUN-1001 :        merge_mux        |    off     |       off        |        
RUN-1001 :     min_control_set     |     8      |        8         |        
RUN-1001 :      min_ripple_len     |    auto    |       auto       |        
RUN-1001 :       oh2bin_ratio      |    0.08    |       0.08       |        
RUN-1001 :     opt_adder_fanout    |     on     |        on        |        
RUN-1001 :        opt_arith        |     on     |        on        |        
RUN-1001 :       opt_big_gate      |    off     |       off        |        
RUN-1001 :        opt_const        |     on     |        on        |        
RUN-1001 :      opt_const_mult     |     on     |        on        |        
RUN-1001 :       opt_lessthan      |     on     |        on        |        
RUN-1001 :         opt_mux         |    off     |       off        |        
RUN-1001 :         opt_ram         |    high    |       high       |        
RUN-1001 :      rtl_sim_model      |    off     |       off        |        
RUN-1001 :         seq_syn         |     on     |        on        |        
RUN-1001 : --------------------------------------------------------------
HDL-1007 : analyze verilog file ../../../src/Digitron_TimeDisplay_module.v
HDL-1007 : analyze verilog file ../../../src/key_filter.v
HDL-1007 : analyze verilog file ../../../src/keyboard_instance.v
HDL-1007 : analyze verilog file ../../../src/keyboard_scan.v
HDL-1007 : analyze verilog file ../../../src/onehot2binary.v
RUN-1001 : Project manager successfully analyzed 5 source files.
RUN-1002 : start command "import_device eagle_s20.db -package EG4S20BG256"
ARC-1001 : Device Initialization.
ARC-1001 : ------------------------------------------------------------------
ARC-1001 :            OPTION            |          IO          |   SETTING   
ARC-1001 : ------------------------------------------------------------------
ARC-1001 :   cso_b/cclk/mosi/miso/dout  |  T3/R11/T10/P10/S11  |    gpio    
ARC-1001 :             done             |         P13          |    gpio    
ARC-1001 :           program_b          |          T2          |  dedicate  
ARC-1001 :        tdi/tms/tck/tdo       |   C12/A15/C14/E14    |  dedicate  
ARC-1001 : ------------------------------------------------------------------
ARC-1004 : Device setting, marked 5 dedicate IOs in total.
RUN-1002 : start command "import_db ../syn_1/keyboard_gate.db"
RUN-1001 : Importing database generated by Tang Dynasty, V5.6.59063.
RUN-1001 : Database version number 46140.
RUN-1001 : Import flow parameters
RUN-1001 : Import timing constraints
RUN-1001 : Import IO constraints
RUN-1001 : Import Inst constraints
RUN-1001 : Import design success TD_VERSION=5.6.59063 , DB_VERSION=46140
RUN-1002 : start command "read_sdc"
USR-1002 : read_sdc file_name -help -h -eco
USR-1009 : NO module with IP_SDC ...
RUN-1104 : Import SDC file  finished, there are 0 nets kept by constraints.
RUN-1002 : start command "place"
RUN-1001 : Open license file E:/Anlogic/TD5.6.59063/license/Anlogic.lic
RUN-1001 : Print Global Property
RUN-1001 : ---------------------------------------------------------------
RUN-1001 :        Parameters        |  Settings  |  Default Values  |  Note  
RUN-1001 : ---------------------------------------------------------------
RUN-1001 :          message         |  standard  |     standard     |        
RUN-1001 :   mixed_pack_place_flow  |     on     |        on        |        
RUN-1001 :        qor_monitor       |    off     |       off        |        
RUN-1001 :        syn_ip_flow       |    off     |       off        |        
RUN-1001 :          thread          |    auto    |       auto       |        
RUN-1001 : ---------------------------------------------------------------
RUN-1001 : Print Place Property
RUN-1001 : --------------------------------------------------------------
RUN-1001 :        Parameters       |  Settings  |  Default Values  |  Note  
RUN-1001 : --------------------------------------------------------------
RUN-1001 :      detailed_place     |     on     |        on        |        
RUN-1001 :          effort         |   medium   |      medium      |        
RUN-1001 :         fix_hold        |    off     |       off        |        
RUN-1001 :       legalization      |    ori     |       ori        |        
RUN-1001 :      new_spreading      |     on     |        on        |        
RUN-1001 :        opt_timing       |   medium   |      medium      |        
RUN-1001 :   post_clock_route_opt  |    off     |       off        |        
RUN-1001 :       pr_strategy       |     1      |        1         |        
RUN-1001 :        relaxation       |    1.00    |       1.00       |        
RUN-1001 :         retiming        |    off     |       off        |        
RUN-1001 : --------------------------------------------------------------
PHY-3001 : Placer runs in 16 thread(s).
RUN-1002 : start command "legalize_phy_inst"
SYN-1011 : Flatten model keyboard_instance
RUN-1002 : start command "phys_opt -simplify_lut"
SYN-4024 : Net "clk_50M_dup_1" drives clk pins.
SYN-4024 : Net "U1/scan_clk" drives clk pins.
SYN-4025 : Tag rtl::Net U1/scan_clk as clock net
SYN-4025 : Tag rtl::Net clk_50M_dup_1 as clock net
SYN-4026 : Tagged 2 rtl::Net as clock net
SYN-4015 : Create BUFG instance for clk Net U1/scan_clk to drive 20 clock pins.
PHY-1001 : Populate physical database on model keyboard_instance.
RUN-1001 : There are total 513 instances
RUN-0007 : 206 luts, 199 seqs, 51 mslices, 29 lslices, 24 pads, 0 brams, 0 dsps
RUN-1001 : There are total 629 nets
RUN-1001 : 382 nets have 2 pins
RUN-1001 : 198 nets have [3 - 5] pins
RUN-1001 : 37 nets have [6 - 10] pins
RUN-1001 : 4 nets have [11 - 20] pins
RUN-1001 : 6 nets have [21 - 99] pins
RUN-1001 : 2 nets have 100+ pins
RUN-1001 : Report Control nets information:
RUN-1001 : DFF Distribution
RUN-1001 : ----------------------------------
RUN-1001 :   CE   |  SSR  |  ASR  |  DFF Count  
RUN-1001 : ----------------------------------
RUN-1001 :   No   |  No   |  No   |     99      
RUN-1001 :   No   |  No   |  Yes  |     20      
RUN-1001 :   No   |  Yes  |  No   |     16      
RUN-1001 :   Yes  |  No   |  No   |      0      
RUN-1001 :   Yes  |  No   |  Yes  |     32      
RUN-1001 :   Yes  |  Yes  |  No   |     32      
RUN-1001 : ----------------------------------
RUN-0007 : Control Group Statistic
RUN-0007 : ---------------------------
RUN-0007 :   #CLK  |  #CE  |  #SSR/ASR  
RUN-0007 : ---------------------------
RUN-0007 :    2    |   3   |     3      
RUN-0007 : ---------------------------
RUN-0007 : Control Set = 6
PHY-3001 : Initial placement ...
PHY-3001 : design contains 511 instances, 206 luts, 199 seqs, 80 slices, 9 macros(80 instances: 51 mslices 29 lslices)
PHY-0007 : Cell area utilization is 1%
PHY-3001 : Start timing update ...
RUN-1002 : start command "start_timer -report"
TMR-2505 : Start building timing graph for model keyboard_instance.
TMR-2506 : Build timing graph completely. Port num: 8, tpin num: 2210, tnet num: 627, tinst num: 511, tnode num: 2772, tedge num: 3550.
TMR-2508 : Levelizing timing graph completed, there are 35 levels in total.
TMR-2501 : Timing graph initialized successfully.
TMR-2503 : Start to update net delay, extr mode = 2.
TMR-2504 : Update delay of 627 nets completely.
TMR-2502 : Annotate delay completely, extr mode = 2.
TMR-3001 : Initiate 0 clocks from SDC.
TMR-3004 : Map sdc constraints, there are 0 constraints in total.
TMR-3003 : Constraints initiated successfully.
TMR-3501 : Forward propagation: start to calculate arrival time...
TMR-3502 : Backward propagation: start to calculate required time...
TMR-3503 : Timing propagation completes.
PHY-3001 : End timing update;  0.130251s wall, 0.031250s user + 0.000000s system = 0.031250s CPU (24.0%)

PHY-3001 : Global placement ...
PHY-3001 : Initial: Len = 158591
PHY-3001 : Clustering ...
PHY-3001 : Level 0 #clusters 511.
PHY-3001 : End clustering;  0.000015s wall, 0.000000s user + 0.000000s system = 0.000000s CPU (n/a%)

PHY-3001 : Run with size of 4
PHY-3001 : Cell area utilization is 1%
PHY-3001 : :::0::: Try harder cell spreading with beta_ = 0
PHY-3002 : Step(1): len = 101679, overlap = 0
PHY-3002 : Step(2): len = 69207, overlap = 0
PHY-3002 : Step(3): len = 50384.9, overlap = 0
PHY-3002 : Step(4): len = 39236.3, overlap = 0
PHY-3002 : Step(5): len = 29502.1, overlap = 0
PHY-3002 : Step(6): len = 25533.9, overlap = 0
PHY-3002 : Step(7): len = 21448, overlap = 0
PHY-3002 : Step(8): len = 19613.6, overlap = 0
PHY-3002 : Step(9): len = 19089.6, overlap = 0
PHY-3002 : Step(10): len = 17119.1, overlap = 0
PHY-3002 : Step(11): len = 17401.3, overlap = 0
PHY-3002 : Step(12): len = 16557.8, overlap = 0
PHY-3002 : Step(13): len = 16276.7, overlap = 0
PHY-3002 : Step(14): len = 16399.7, overlap = 0
PHY-3002 : Step(15): len = 15690.1, overlap = 0
PHY-3002 : Step(16): len = 15215.3, overlap = 1.5
PHY-3002 : Step(17): len = 14953, overlap = 1.5
PHY-3002 : Step(18): len = 14572.3, overlap = 2
PHY-3002 : Step(19): len = 14353.1, overlap = 2
PHY-3002 : Step(20): len = 13783.8, overlap = 0
PHY-3002 : Step(21): len = 13279, overlap = 0
PHY-3002 : Step(22): len = 12471.4, overlap = 0
PHY-3002 : Step(23): len = 11837.4, overlap = 0
PHY-3002 : Step(24): len = 11899.2, overlap = 0
PHY-3002 : Step(25): len = 10765.4, overlap = 0
PHY-3002 : Step(26): len = 10824.4, overlap = 0
PHY-3002 : Step(27): len = 10928.3, overlap = 0
PHY-3002 : Step(28): len = 9674.9, overlap = 0
PHY-3002 : Step(29): len = 9634.7, overlap = 0
PHY-3002 : Step(30): len = 9951.8, overlap = 0
PHY-3002 : Step(31): len = 10301.6, overlap = 0
PHY-3002 : Step(32): len = 9993.4, overlap = 0
PHY-3002 : Step(33): len = 10121.6, overlap = 0
PHY-3002 : Step(34): len = 9185, overlap = 0
PHY-3002 : Step(35): len = 9201.6, overlap = 0
PHY-3002 : Step(36): len = 9201.6, overlap = 0
PHY-3002 : Step(37): len = 8778.5, overlap = 0
PHY-3002 : Step(38): len = 8778.5, overlap = 0
PHY-3002 : Step(39): len = 8508, overlap = 0
PHY-3001 : Legalization ...
PHY-3001 : End legalization;  0.004294s wall, 0.000000s user + 0.000000s system = 0.000000s CPU (n/a%)

PHY-3001 : Run with size of 4
PHY-3001 : Cell area utilization is 2%
PHY-3001 : Update timing in Manhattan mode ...
TMR-2503 : Start to update net delay, extr mode = 3.
TMR-2504 : Update delay of 627 nets completely.
TMR-2502 : Annotate delay completely, extr mode = 3.
TMR-3501 : Forward propagation: start to calculate arrival time...
TMR-3502 : Backward propagation: start to calculate required time...
TMR-3503 : Timing propagation completes.
PHY-3001 : End timing update;  0.007314s wall, 0.000000s user + 0.000000s system = 0.000000s CPU (n/a%)

PHY-3001 : :::0::: Try harder cell spreading with beta_ = 0
PHY-3002 : Step(40): len = 8459.4, overlap = 2.4375
PHY-3002 : Step(41): len = 8553.1, overlap = 3.96875
PHY-3002 : Step(42): len = 8683.8, overlap = 4.65625
PHY-3001 : Run with size of 2
PHY-3001 : Cell area utilization is 2%
PHY-3001 : Update timing in Manhattan mode ...
TMR-2503 : Start to update net delay, extr mode = 3.
TMR-2504 : Update delay of 627 nets completely.
TMR-2502 : Annotate delay completely, extr mode = 3.
TMR-3501 : Forward propagation: start to calculate arrival time...
TMR-3502 : Backward propagation: start to calculate required time...
TMR-3503 : Timing propagation completes.
PHY-3001 : End timing update;  0.005938s wall, 0.000000s user + 0.000000s system = 0.000000s CPU (n/a%)

PHY-3001 : :::0::: Try harder cell spreading with beta_ = 6.71921e-05
PHY-3002 : Step(43): len = 10246.9, overlap = 11.9062
PHY-3002 : Step(44): len = 10327.8, overlap = 11.9062
PHY-3002 : Step(45): len = 9508.5, overlap = 6.40625
PHY-3002 : Step(46): len = 9498.6, overlap = 9.84375
PHY-3002 : Step(47): len = 9272.2, overlap = 8.40625
PHY-3002 : Step(48): len = 9373.5, overlap = 11.1562
PHY-3002 : Step(49): len = 9380.4, overlap = 11.375
PHY-3001 : :::1::: Try harder cell spreading with beta_ = 0.000134384
PHY-3002 : Step(50): len = 9002.4, overlap = 9.8125
PHY-3002 : Step(51): len = 9053.2, overlap = 9.71875
PHY-3002 : Step(52): len = 9101.2, overlap = 9.625
PHY-3001 : :::2::: Try harder cell spreading with beta_ = 0.000268768
PHY-3002 : Step(53): len = 8956, overlap = 9.15625
PHY-3002 : Step(54): len = 8998.4, overlap = 9.1875
OPT-1001 : Start physical optimization ...
RUN-1002 : start command "start_timer -report"
TMR-2505 : Start building timing graph for model keyboard_instance.
TMR-2506 : Build timing graph completely. Port num: 8, tpin num: 2210, tnet num: 627, tinst num: 511, tnode num: 2772, tedge num: 3550.
TMR-2508 : Levelizing timing graph completed, there are 35 levels in total.
TMR-2501 : Timing graph initialized successfully.
OPT-1001 : Total overflow 26.06 peak overflow 1.66
OPT-1001 : Start high-fanout net optimization ...
OPT-1001 : Update timing in global mode
PHY-1001 : Start incremental global routing, caller is place ...
RUN-1001 : Generating global routing grids ...
RUN-1001 : Building simple global routing graph ...
PHY-1001 : Generate routing nets ...
PHY-1001 : Reuse net number 0/629.
PHY-1001 : Global iterations in 16 thread ...
PHY-1002 : len = 10000, over cnt = 45(0%), over = 137, worst = 12
PHY-1001 : End global iterations;  0.030706s wall, 0.000000s user + 0.015625s system = 0.015625s CPU (50.9%)

PHY-1001 : Congestion index: top1 = 16.01, top5 = 6.60, top10 = 3.44, top15 = 2.30.
PHY-1001 : End incremental global routing;  0.082138s wall, 0.031250s user + 0.015625s system = 0.046875s CPU (57.1%)

TMR-2503 : Start to update net delay, extr mode = 5.
TMR-2504 : Update delay of 627 nets completely.
TMR-2502 : Annotate delay completely, extr mode = 5.
TMR-3001 : Initiate 0 clocks from SDC.
TMR-3004 : Map sdc constraints, there are 0 constraints in total.
TMR-3003 : Constraints initiated successfully.
TMR-3501 : Forward propagation: start to calculate arrival time...
TMR-3502 : Backward propagation: start to calculate required time...
TMR-3503 : Timing propagation completes.
OPT-1001 : End timing update;  0.008120s wall, 0.000000s user + 0.000000s system = 0.000000s CPU (n/a%)

OPT-1001 : 0 high-fanout net processed.
OPT-1001 : End high-fanout net optimization;  0.095933s wall, 0.046875s user + 0.015625s system = 0.062500s CPU (65.1%)

OPT-1001 : Current memory(MB): used = 146, reserve = 118, peak = 146.
OPT-1001 : Start global optimization ...
OPT-1001 : Start congestion update ...
RUN-1001 : Generating global routing grids ...
PHY-1001 : Generate routing nets ...
PHY-1001 : Reuse net number 364/629.
PHY-1001 : Global iterations in 16 thread ...
PHY-1002 : len = 10000, over cnt = 45(0%), over = 137, worst = 12
PHY-1002 : len = 10792, over cnt = 24(0%), over = 53, worst = 7
PHY-1002 : len = 11560, over cnt = 1(0%), over = 1, worst = 1
PHY-1002 : len = 11576, over cnt = 0(0%), over = 0, worst = 0
PHY-1001 : End global iterations;  0.019141s wall, 0.000000s user + 0.000000s system = 0.000000s CPU (n/a%)

PHY-1001 : Congestion index: top1 = 15.93, top5 = 7.26, top10 = 3.87, top15 = 2.58.
OPT-1001 : End congestion update;  0.058212s wall, 0.015625s user + 0.000000s system = 0.015625s CPU (26.8%)

OPT-1001 : Update timing in Manhattan mode
TMR-2503 : Start to update net delay, extr mode = 3.
TMR-2504 : Update delay of 627 nets completely.
TMR-2502 : Annotate delay completely, extr mode = 3.
TMR-3501 : Forward propagation: start to calculate arrival time...
TMR-3502 : Backward propagation: start to calculate required time...
TMR-3503 : Timing propagation completes.
OPT-1001 : End timing update;  0.006469s wall, 0.000000s user + 0.000000s system = 0.000000s CPU (n/a%)

OPT-0007 : Start: WNS 2147483647 TNS 0 NUM_FEPS 0
OPT-1001 : End global optimization;  0.064766s wall, 0.015625s user + 0.000000s system = 0.015625s CPU (24.1%)

OPT-1001 : Current memory(MB): used = 147, reserve = 119, peak = 147.
OPT-1001 : End physical optimization;  0.304453s wall, 0.125000s user + 0.015625s system = 0.140625s CPU (46.2%)

PHY-3001 : Start packing ...
SYN-4007 : Packing 0 MUX to BLE ...
SYN-4008 : Packed 0 MUX and 0 SEQ to BLE.
SYN-4007 : Packing 206 LUT to BLE ...
SYN-4008 : Packed 206 LUT and 77 SEQ to BLE.
SYN-4003 : Packing 122 remaining SEQ's ...
SYN-4005 : Packed 48 SEQ with LUT/SLICE
SYN-4006 : 89 single LUT's are left
SYN-4006 : 74 single SEQ's are left
SYN-4011 : Packing model "keyboard_instance" (AL_USER_NORMAL) with 280/388 primitive instances ...
PHY-3001 : End packing;  0.014710s wall, 0.031250s user + 0.000000s system = 0.031250s CPU (212.4%)

PHY-1001 : Populate physical database on model keyboard_instance.
RUN-1001 : There are total 259 instances
RUN-1001 : 115 mslices, 116 lslices, 24 pads, 0 brams, 0 dsps
RUN-1001 : There are total 552 nets
RUN-1001 : 305 nets have 2 pins
RUN-1001 : 198 nets have [3 - 5] pins
RUN-1001 : 37 nets have [6 - 10] pins
RUN-1001 : 5 nets have [11 - 20] pins
RUN-1001 : 5 nets have [21 - 99] pins
RUN-1001 : 2 nets have 100+ pins
PHY-3001 : design contains 257 instances, 231 slices, 9 macros(80 instances: 51 mslices 29 lslices)
PHY-3001 : Cell area utilization is 3%
PHY-3001 : After packing: Len = 9140.6, Over = 15.75
PHY-3001 : Run with size of 2
PHY-3001 : Cell area utilization is 3%
PHY-3001 : Update timing in Manhattan mode ...
RUN-1002 : start command "start_timer -report"
TMR-2505 : Start building timing graph for model keyboard_instance.
TMR-2506 : Build timing graph completely. Port num: 8, tpin num: 1896, tnet num: 550, tinst num: 257, tnode num: 2298, tedge num: 3162.
TMR-2508 : Levelizing timing graph completed, there are 33 levels in total.
TMR-2501 : Timing graph initialized successfully.
TMR-2503 : Start to update net delay, extr mode = 3.
TMR-2504 : Update delay of 550 nets completely.
TMR-2502 : Annotate delay completely, extr mode = 3.
TMR-3001 : Initiate 0 clocks from SDC.
TMR-3004 : Map sdc constraints, there are 0 constraints in total.
TMR-3003 : Constraints initiated successfully.
TMR-3501 : Forward propagation: start to calculate arrival time...
TMR-3502 : Backward propagation: start to calculate required time...
TMR-3503 : Timing propagation completes.
PHY-3001 : End timing update;  0.193627s wall, 0.093750s user + 0.000000s system = 0.093750s CPU (48.4%)

PHY-3001 : :::0::: Try harder cell spreading with beta_ = 1.65775e-05
PHY-3002 : Step(55): len = 9011.9, overlap = 17.25
PHY-3002 : Step(56): len = 9108.1, overlap = 17.25
PHY-3002 : Step(57): len = 9221.6, overlap = 16.5
PHY-3001 : :::1::: Try harder cell spreading with beta_ = 3.31549e-05
PHY-3002 : Step(58): len = 8949.1, overlap = 17.25
PHY-3002 : Step(59): len = 8953.2, overlap = 17
PHY-3002 : Step(60): len = 8999.1, overlap = 16.75
PHY-3001 : :::2::: Try harder cell spreading with beta_ = 6.63098e-05
PHY-3002 : Step(61): len = 9126.9, overlap = 16.25
PHY-3002 : Step(62): len = 9210.7, overlap = 16.25
PHY-3002 : Step(63): len = 9283.8, overlap = 15.5
PHY-3001 : Legalization ...
PHY-3001 : End legalization;  0.065376s wall, 0.015625s user + 0.000000s system = 0.015625s CPU (23.9%)

PHY-3001 : Trial Legalized: Len = 13875.6
PHY-3001 : Run with size of 2
PHY-3001 : Cell area utilization is 3%
PHY-3001 : Update timing in Manhattan mode ...
TMR-2503 : Start to update net delay, extr mode = 3.
TMR-2504 : Update delay of 550 nets completely.
TMR-2502 : Annotate delay completely, extr mode = 3.
TMR-3501 : Forward propagation: start to calculate arrival time...
TMR-3502 : Backward propagation: start to calculate required time...
TMR-3503 : Timing propagation completes.
PHY-3001 : End timing update;  0.005513s wall, 0.015625s user + 0.000000s system = 0.015625s CPU (283.4%)

PHY-3001 : :::0::: Try harder cell spreading with beta_ = 0.00591203
PHY-3002 : Step(64): len = 12319.9, overlap = 2.25
PHY-3002 : Step(65): len = 11099.6, overlap = 5.5
PHY-3002 : Step(66): len = 11009.3, overlap = 6.5
PHY-3002 : Step(67): len = 10322, overlap = 7
PHY-3002 : Step(68): len = 10327.5, overlap = 7
PHY-3002 : Step(69): len = 10113.8, overlap = 7.75
PHY-3002 : Step(70): len = 10094.7, overlap = 7.75
PHY-3002 : Step(71): len = 10094.7, overlap = 7.75
PHY-3001 : :::1::: Try harder cell spreading with beta_ = 0.0118241
PHY-3002 : Step(72): len = 10055.4, overlap = 8.25
PHY-3002 : Step(73): len = 10027.7, overlap = 7.75
PHY-3001 : Legalization ...
PHY-3001 : End legalization;  0.005421s wall, 0.000000s user + 0.000000s system = 0.000000s CPU (n/a%)

PHY-3001 : Legalized: Len = 12273.9, Over = 0
PHY-3001 : End spreading;  0.002514s wall, 0.000000s user + 0.000000s system = 0.000000s CPU (n/a%)

PHY-3001 : Final: Len = 12273.9, Over = 0
OPT-1001 : Start physical optimization ...
RUN-1002 : start command "start_timer -report"
TMR-2505 : Start building timing graph for model keyboard_instance.
TMR-2506 : Build timing graph completely. Port num: 8, tpin num: 1896, tnet num: 550, tinst num: 257, tnode num: 2298, tedge num: 3162.
TMR-2508 : Levelizing timing graph completed, there are 33 levels in total.
TMR-2501 : Timing graph initialized successfully.
OPT-1001 : Total overflow 0.00 peak overflow 0.00
OPT-1001 : Start high-fanout net optimization ...
OPT-1001 : Update timing in global mode
PHY-1001 : Start incremental global routing, caller is place ...
RUN-1001 : Generating global routing grids ...
PHY-1001 : Generate routing nets ...
PHY-1001 : Reuse net number 16/552.
PHY-1001 : Global iterations in 16 thread ...
PHY-1002 : len = 13744, over cnt = 42(0%), over = 59, worst = 5
PHY-1002 : len = 14008, over cnt = 17(0%), over = 18, worst = 2
PHY-1002 : len = 14224, over cnt = 4(0%), over = 4, worst = 1
PHY-1002 : len = 14288, over cnt = 0(0%), over = 0, worst = 0
PHY-1001 : End global iterations;  0.061729s wall, 0.000000s user + 0.000000s system = 0.000000s CPU (n/a%)

PHY-1001 : Congestion index: top1 = 16.96, top5 = 9.25, top10 = 5.13, top15 = 3.43.
PHY-1001 : End incremental global routing;  0.104910s wall, 0.000000s user + 0.000000s system = 0.000000s CPU (n/a%)

TMR-2503 : Start to update net delay, extr mode = 5.
TMR-2504 : Update delay of 550 nets completely.
TMR-2502 : Annotate delay completely, extr mode = 5.
TMR-3001 : Initiate 0 clocks from SDC.
TMR-3004 : Map sdc constraints, there are 0 constraints in total.
TMR-3003 : Constraints initiated successfully.
TMR-3501 : Forward propagation: start to calculate arrival time...
TMR-3502 : Backward propagation: start to calculate required time...
TMR-3503 : Timing propagation completes.
OPT-1001 : End timing update;  0.010288s wall, 0.000000s user + 0.000000s system = 0.000000s CPU (n/a%)

OPT-1001 : 0 high-fanout net processed.
OPT-1001 : End high-fanout net optimization;  0.120954s wall, 0.046875s user + 0.000000s system = 0.046875s CPU (38.8%)

OPT-1001 : Current memory(MB): used = 148, reserve = 121, peak = 150.
OPT-1001 : Start path based optimization ...
OPT-1001 : Start congestion update ...
RUN-1001 : Generating global routing grids ...
PHY-1001 : Generate routing nets ...
PHY-1001 : Reuse net number 439/552.
PHY-1001 : Global iterations in 16 thread ...
PHY-1002 : len = 14288, over cnt = 0(0%), over = 0, worst = 0
PHY-1001 : End global iterations;  0.001656s wall, 0.000000s user + 0.000000s system = 0.000000s CPU (n/a%)

PHY-1001 : Congestion index: top1 = 16.96, top5 = 9.25, top10 = 5.13, top15 = 3.43.
OPT-1001 : End congestion update;  0.044005s wall, 0.015625s user + 0.000000s system = 0.015625s CPU (35.5%)

OPT-1001 : Update timing in Manhattan mode
TMR-2503 : Start to update net delay, extr mode = 3.
TMR-2504 : Update delay of 550 nets completely.
TMR-2502 : Annotate delay completely, extr mode = 3.
TMR-3501 : Forward propagation: start to calculate arrival time...
TMR-3502 : Backward propagation: start to calculate required time...
TMR-3503 : Timing propagation completes.
OPT-1001 : End timing update;  0.005625s wall, 0.000000s user + 0.000000s system = 0.000000s CPU (n/a%)

OPT-0007 : Start: WNS 2147483647 TNS 0 NUM_FEPS 0
OPT-1001 : End path based optimization;  0.049717s wall, 0.015625s user + 0.000000s system = 0.015625s CPU (31.4%)

OPT-1001 : Current memory(MB): used = 149, reserve = 121, peak = 150.
OPT-1001 : Update timing in Manhattan mode
TMR-2503 : Start to update net delay, extr mode = 3.
TMR-2504 : Update delay of 550 nets completely.
TMR-2502 : Annotate delay completely, extr mode = 3.
TMR-3501 : Forward propagation: start to calculate arrival time...
TMR-3502 : Backward propagation: start to calculate required time...
TMR-3503 : Timing propagation completes.
OPT-1001 : End timing update;  0.004933s wall, 0.000000s user + 0.000000s system = 0.000000s CPU (n/a%)

OPT-1001 : Start pin optimization...
OPT-1001 : skip pin optimization...
OPT-1001 : Update timing in global mode
PHY-1001 : Start incremental global routing, caller is place ...
RUN-1001 : Generating global routing grids ...
PHY-1001 : Generate routing nets ...
PHY-1001 : Reuse net number 439/552.
PHY-1001 : Global iterations in 16 thread ...
PHY-1002 : len = 14288, over cnt = 0(0%), over = 0, worst = 0
PHY-1001 : End global iterations;  0.001678s wall, 0.000000s user + 0.000000s system = 0.000000s CPU (n/a%)

PHY-1001 : Congestion index: top1 = 16.96, top5 = 9.25, top10 = 5.13, top15 = 3.43.
PHY-1001 : End incremental global routing;  0.042391s wall, 0.015625s user + 0.000000s system = 0.015625s CPU (36.9%)

TMR-2503 : Start to update net delay, extr mode = 5.
TMR-2504 : Update delay of 550 nets completely.
TMR-2502 : Annotate delay completely, extr mode = 5.
TMR-3501 : Forward propagation: start to calculate arrival time...
TMR-3502 : Backward propagation: start to calculate required time...
TMR-3503 : Timing propagation completes.
OPT-1001 : End timing update;  0.007806s wall, 0.015625s user + 0.000000s system = 0.015625s CPU (200.2%)

RUN-1001 : Generating global routing grids ...
PHY-1001 : Generate routing nets ...
PHY-1001 : Reuse net number 439/552.
PHY-1001 : Global iterations in 16 thread ...
PHY-1002 : len = 14288, over cnt = 0(0%), over = 0, worst = 0
PHY-1001 : End global iterations;  0.001814s wall, 0.000000s user + 0.000000s system = 0.000000s CPU (n/a%)

PHY-1001 : Congestion index: top1 = 16.96, top5 = 9.25, top10 = 5.13, top15 = 3.43.
OPT-1001 : Update timing in Manhattan mode
TMR-2503 : Start to update net delay, extr mode = 3.
TMR-2504 : Update delay of 550 nets completely.
TMR-2502 : Annotate delay completely, extr mode = 3.
TMR-3501 : Forward propagation: start to calculate arrival time...
TMR-3502 : Backward propagation: start to calculate required time...
TMR-3503 : Timing propagation completes.
OPT-1001 : End timing update;  0.006974s wall, 0.000000s user + 0.000000s system = 0.000000s CPU (n/a%)

RUN-1001 : QoR Analysis:
OPT-0007 :   WNS 2147483647 TNS 0 NUM_FEPS 0
RUN-1001 :   No local congestion issue, and most congested 1% tile average routing util is 16.620690
RUN-1001 :   Top critical paths
OPT-1001 : End physical optimization;  0.431761s wall, 0.187500s user + 0.000000s system = 0.187500s CPU (43.4%)

RUN-1003 : finish command "place" in  2.890045s wall, 0.906250s user + 0.750000s system = 1.656250s CPU (57.3%)

RUN-1004 : used memory is 136 MB, reserved memory is 109 MB, peak memory is 150 MB
RUN-1002 : start command "export_db keyboard_place.db"
RUN-1001 : Exported /
RUN-1001 : Exported flow parameters
RUN-1001 : Exported libs
RUN-1001 : Exported entities
RUN-1001 : Exported ports
RUN-1001 : Exported pins
RUN-1001 : Exported instances
RUN-1001 : Exported nets
RUN-1001 : Exported buses
RUN-1001 : Exported models
RUN-1001 : Exported congestions
RUN-1001 : Exported violations
RUN-1001 : Exported timing constraints
RUN-1001 : Exported IO constraints
RUN-1001 : Exported Inst constraints
RUN-1002 : start command "route"
RUN-1001 : Open license file E:/Anlogic/TD5.6.59063/license/Anlogic.lic
RUN-1001 : Print Global Property
RUN-1001 : ---------------------------------------------------------------
RUN-1001 :        Parameters        |  Settings  |  Default Values  |  Note  
RUN-1001 : ---------------------------------------------------------------
RUN-1001 :          message         |  standard  |     standard     |        
RUN-1001 :   mixed_pack_place_flow  |     on     |        on        |        
RUN-1001 :        qor_monitor       |    off     |       off        |        
RUN-1001 :        syn_ip_flow       |    off     |       off        |        
RUN-1001 :          thread          |    auto    |       auto       |        
RUN-1001 : ---------------------------------------------------------------
RUN-1001 : Print Route Property
RUN-1001 : -------------------------------------------------------
RUN-1001 :    Parameters    |  Settings  |  Default Values  |  Note  
RUN-1001 : -------------------------------------------------------
RUN-1001 :      effort      |   medium   |      medium      |        
RUN-1001 :     fix_hold     |    off     |       off        |        
RUN-1001 :    opt_timing    |   medium   |      medium      |        
RUN-1001 :   phy_sim_model  |    off     |       off        |        
RUN-1001 :     priority     |   timing   |      timing      |        
RUN-1001 :     swap_pin     |     on     |        on        |        
RUN-1001 : -------------------------------------------------------
PHY-1001 : Route runs in 16 thread(s)
RUN-1001 : There are total 259 instances
RUN-1001 : 115 mslices, 116 lslices, 24 pads, 0 brams, 0 dsps
RUN-1001 : There are total 552 nets
RUN-1001 : 305 nets have 2 pins
RUN-1001 : 198 nets have [3 - 5] pins
RUN-1001 : 37 nets have [6 - 10] pins
RUN-1001 : 5 nets have [11 - 20] pins
RUN-1001 : 5 nets have [21 - 99] pins
RUN-1001 : 2 nets have 100+ pins
RUN-1002 : start command "start_timer -report"
TMR-2505 : Start building timing graph for model keyboard_instance.
TMR-2506 : Build timing graph completely. Port num: 8, tpin num: 1896, tnet num: 550, tinst num: 257, tnode num: 2298, tedge num: 3162.
TMR-2508 : Levelizing timing graph completed, there are 33 levels in total.
TMR-2501 : Timing graph initialized successfully.
PHY-1001 : 115 mslices, 116 lslices, 24 pads, 0 brams, 0 dsps
TMR-2503 : Start to update net delay, extr mode = 3.
TMR-2504 : Update delay of 550 nets completely.
TMR-2502 : Annotate delay completely, extr mode = 3.
TMR-3001 : Initiate 0 clocks from SDC.
TMR-3004 : Map sdc constraints, there are 0 constraints in total.
TMR-3003 : Constraints initiated successfully.
TMR-3501 : Forward propagation: start to calculate arrival time...
TMR-3502 : Backward propagation: start to calculate required time...
TMR-3503 : Timing propagation completes.
PHY-1001 : Start global routing, caller is route ...
RUN-1001 : Generating global routing grids ...
PHY-1001 : Generate routing nets ...
PHY-1001 : Global iterations in 16 thread ...
PHY-1002 : len = 13632, over cnt = 46(0%), over = 64, worst = 5
PHY-1002 : len = 13960, over cnt = 19(0%), over = 20, worst = 2
PHY-1002 : len = 14184, over cnt = 4(0%), over = 4, worst = 1
PHY-1002 : len = 14248, over cnt = 0(0%), over = 0, worst = 0
PHY-1001 : End global iterations;  0.059622s wall, 0.000000s user + 0.000000s system = 0.000000s CPU (n/a%)

PHY-1001 : Congestion index: top1 = 16.79, top5 = 9.20, top10 = 5.12, top15 = 3.42.
PHY-1001 : End global routing;  0.097565s wall, 0.000000s user + 0.000000s system = 0.000000s CPU (n/a%)

PHY-1001 : Start detail routing ...
PHY-1001 : Current memory(MB): used = 169, reserve = 141, peak = 185.
PHY-1001 : Detailed router is running in normal mode.
PHY-1001 : Generate detailed routing grids ...
PHY-1001 : Generate nets ...
PHY-1001 : net clk_50M_dup_1 will be routed on clock mesh
PHY-1001 : clock net U1/scan_clk_syn_4 will be merged with clock U1/scan_clk
PHY-1001 : Current memory(MB): used = 437, reserve = 414, peak = 437.
PHY-1001 : End build detailed router design. 4.011410s wall, 1.218750s user + 0.078125s system = 1.296875s CPU (32.3%)

PHY-1001 : Detail Route ...
PHY-1001 : ===== Detail Route Phase 1 =====
PHY-1001 : Clock net routing.....
PHY-1001 : Routed 0% nets.
PHY-1022 : len = 6096, over cnt = 0(0%), over = 0, worst = 0, crit = 0
PHY-1001 : End initial clock net routed; 0.458771s wall, 0.156250s user + 0.015625s system = 0.171875s CPU (37.5%)

PHY-1001 : Current memory(MB): used = 467, reserve = 445, peak = 467.
PHY-1001 : End phase 1; 0.464609s wall, 0.156250s user + 0.015625s system = 0.171875s CPU (37.0%)

PHY-1001 : ===== Detail Route Phase 2 =====
PHY-1001 : Initial routing.....
PHY-1001 : Routed 23% nets.
PHY-1001 : Routed 25% nets.
PHY-1001 : Routed 25% nets.
PHY-1001 : Routed 25% nets.
PHY-1001 : Patch 312 net; 0.114786s wall, 0.046875s user + 0.000000s system = 0.046875s CPU (40.8%)

PHY-1022 : len = 29368, over cnt = 21(0%), over = 21, worst = 1, crit = 0
PHY-1001 : Current memory(MB): used = 467, reserve = 445, peak = 467.
PHY-1001 : End initial routed; 0.242700s wall, 0.109375s user + 0.000000s system = 0.109375s CPU (45.1%)

PHY-1001 : Update timing.....
PHY-1001 : 0/455(0%) critical/total net(s).
RUN-1001 : ------------------------------------------
RUN-1001 :   Type   |    WNS(ns)    |  TNS(ns)  |  FEP  
RUN-1001 : ------------------------------------------
RUN-1001 :   Setup  |  2147483.647  |   0.000   |   0   
RUN-1001 :   Hold   |  2147483.647  |   0.000   |   0   
RUN-1001 : ------------------------------------------
PHY-1001 : End update timing; 0.197151s wall, 0.093750s user + 0.000000s system = 0.093750s CPU (47.6%)

PHY-1001 : Current memory(MB): used = 468, reserve = 445, peak = 468.
PHY-1001 : End phase 2; 0.439934s wall, 0.203125s user + 0.000000s system = 0.203125s CPU (46.2%)

PHY-1001 : ===== Detail Route Phase 3 =====
PHY-1001 : Optimize timing.....
PHY-1022 : len = 29368, over cnt = 21(0%), over = 21, worst = 1, crit = 0
PHY-1001 : End optimize timing; 0.004836s wall, 0.000000s user + 0.000000s system = 0.000000s CPU (n/a%)

PHY-1001 : Ripup-reroute.....
PHY-1001 : ===== DR Iter 1 =====
PHY-1022 : len = 29352, over cnt = 2(0%), over = 2, worst = 1, crit = 0
PHY-1001 : End DR Iter 1; 0.022125s wall, 0.015625s user + 0.000000s system = 0.015625s CPU (70.6%)

PHY-1001 : ===== DR Iter 2 =====
PHY-1022 : len = 29384, over cnt = 0(0%), over = 0, worst = 0, crit = 0
PHY-1001 : End DR Iter 2; 0.011303s wall, 0.000000s user + 0.000000s system = 0.000000s CPU (n/a%)

PHY-1001 : Update timing.....
PHY-1001 : 0/455(0%) critical/total net(s).
RUN-1001 : ------------------------------------------
RUN-1001 :   Type   |    WNS(ns)    |  TNS(ns)  |  FEP  
RUN-1001 : ------------------------------------------
RUN-1001 :   Setup  |  2147483.647  |   0.000   |   0   
RUN-1001 :   Hold   |  2147483.647  |   0.000   |   0   
RUN-1001 : ------------------------------------------
PHY-1001 : End update timing; 0.166136s wall, 0.046875s user + 0.000000s system = 0.046875s CPU (28.2%)

PHY-1001 : Commit to database.....
PHY-1001 : 8 feed throughs used by 7 nets
PHY-1001 : End commit to database; 0.070916s wall, 0.031250s user + 0.000000s system = 0.031250s CPU (44.1%)

PHY-1001 : Current memory(MB): used = 478, reserve = 456, peak = 478.
PHY-1001 : End phase 3; 0.398923s wall, 0.109375s user + 0.000000s system = 0.109375s CPU (27.4%)

PHY-1003 : Routed, final wirelength = 29384
PHY-1001 : Current memory(MB): used = 478, reserve = 456, peak = 478.
PHY-1001 : End export database. 0.008779s wall, 0.000000s user + 0.000000s system = 0.000000s CPU (n/a%)

PHY-1001 : End detail routing;  5.603936s wall, 1.828125s user + 0.109375s system = 1.937500s CPU (34.6%)

RUN-1003 : finish command "route" in  5.937192s wall, 1.906250s user + 0.109375s system = 2.015625s CPU (33.9%)

RUN-1004 : used memory is 420 MB, reserved memory is 398 MB, peak memory is 478 MB
RUN-1002 : start command "report_area -io_info -file keyboard_phy.area"
RUN-1001 : standard
***Report Model: keyboard_instance Device: EG4S20BG256***

IO Statistics
#IO                        24
  #input                    6
  #output                  18
  #inout                    0

Utilization Statistics
#lut                      366   out of  19600    1.87%
#reg                      199   out of  19600    1.02%
#le                       440
  #lut only               241   out of    440   54.77%
  #reg only                74   out of    440   16.82%
  #lut&reg                125   out of    440   28.41%
#dsp                        0   out of     29    0.00%
#bram                       0   out of     64    0.00%
  #bram9k                   0
  #fifo9k                   0
#bram32k                    0   out of     16    0.00%
#pad                       24   out of    188   12.77%
  #ireg                     0
  #oreg                     0
  #treg                     0
#pll                        0   out of      4    0.00%
#gclk                       2   out of     16   12.50%

Clock Resource Statistics
Index     ClockNet         Type               DriverType         Driver                      Fanout
#1        clk_50M_dup_1    GCLK               io                 clk_50M_syn_2.di            103
#2        U1/scan_clk      GCLK               lslice             U1/scan_clk_reg_syn_9.q1    10


Detailed IO Report

        Name           Direction    Location    IOStandard    DriveStrength    PullType    PackReg  
        RSTn             INPUT         A9        LVCMOS33          N/A          PULLUP      NONE    
       clk_50M           INPUT         R7        LVCMOS33          N/A          PULLUP      NONE    
       col[3]            INPUT        F10        LVCMOS33          N/A          PULLUP      NONE    
       col[2]            INPUT        C11        LVCMOS33          N/A          PULLUP      NONE    
       col[1]            INPUT        D11        LVCMOS33          N/A          PULLUP      NONE    
       col[0]            INPUT        E11        LVCMOS33          N/A          PULLUP      NONE    
  DigitronCS_Out[3]     OUTPUT         A3        LVCMOS33           8            NONE       NONE    
  DigitronCS_Out[2]     OUTPUT         A5        LVCMOS33           8            NONE       NONE    
  DigitronCS_Out[1]     OUTPUT         B6        LVCMOS33           8            NONE       NONE    
  DigitronCS_Out[0]     OUTPUT         C9        LVCMOS33           8            NONE       NONE    
   Digitron_Out[7]      OUTPUT         C8        LVCMOS33           8            NONE       NONE    
   Digitron_Out[6]      OUTPUT         A8        LVCMOS33           8            NONE       NONE    
   Digitron_Out[5]      OUTPUT         B5        LVCMOS33           8            NONE       NONE    
   Digitron_Out[4]      OUTPUT         A7        LVCMOS33           8            NONE       NONE    
   Digitron_Out[3]      OUTPUT         E8        LVCMOS33           8            NONE       NONE    
   Digitron_Out[2]      OUTPUT         B8        LVCMOS33           8            NONE       NONE    
   Digitron_Out[1]      OUTPUT         A6        LVCMOS33           8            NONE       NONE    
   Digitron_Out[0]      OUTPUT         A4        LVCMOS33           8            NONE       NONE    
       buzzer           OUTPUT        H11        LVCMOS33           8            NONE       NONE    
        light           OUTPUT        B14        LVCMOS33           8            NONE       NONE    
       row[3]           OUTPUT         D9        LVCMOS33           8            NONE       NONE    
       row[2]           OUTPUT         F9        LVCMOS33           8            NONE       NONE    
       row[1]           OUTPUT        C10        LVCMOS33           8            NONE       NONE    
       row[0]           OUTPUT        E10        LVCMOS33           8            NONE       NONE    

Report Hierarchy Area:
+-------------------------------------------------------------------------------------------+
|Instance |Module                      |le     |lut     |ripple  |seq     |bram    |dsp     |
+-------------------------------------------------------------------------------------------+
|top      |keyboard_instance           |440    |286     |80      |199     |0       |0       |
|  U1     |keyboard_scan               |71     |49      |9       |54      |0       |0       |
|  U2     |key_filter                  |61     |35      |6       |51      |0       |0       |
|  U3     |onehot2binary               |264    |176     |60      |79      |0       |0       |
|  U5     |Digitron_TimeDisplay_module |40     |22      |5       |15      |0       |0       |
+-------------------------------------------------------------------------------------------+


DataNet Average Fanout:

   Index     Fanout    Nets  
    #1         1       281   
    #2         2       105   
    #3         3        54   
    #4         4        39   
    #5        5-10      37   
    #6       11-50      8    
  Average     2.31           

RUN-1002 : start command "export_db keyboard_pr.db"
RUN-1001 : Exported /
RUN-1001 : Exported flow parameters
RUN-1001 : Exported libs
RUN-1001 : Exported entities
RUN-1001 : Exported ports
RUN-1001 : Exported pins
RUN-1001 : Exported instances
RUN-1001 : Exported nets
RUN-1001 : Exported buses
RUN-1001 : Exported models
RUN-1001 : Exported congestions
RUN-1001 : Exported violations
RUN-1001 : Exported timing constraints
RUN-1001 : Exported IO constraints
RUN-1001 : Exported Inst constraints
RUN-1002 : start command "export_bid keyboard_inst.bid"
RUN-1002 : start command "bitgen -bit keyboard.bit -unused_io_status pulldown"
BIT-1003 : Start to generate bitstream. 
BIT-1002 : Bitgen processed 164 unused pads, reserve input tri_state with pulldown
BIT-1002 : Init instances with 16 threads.
BIT-1002 : Init instances completely, inst num: 421
BIT-1002 : Init pips with 16 threads.
BIT-1002 : Init pips completely, net num: 552, pip num: 3650
BIT-1002 : Init feedthrough completely, num: 8
BIT-1003 : Multithreading accelaration with 16 threads.
BIT-1003 : Generate bitstream completely, there are 616 valid insts, and 11907 bits set as '1'.
BIT-1004 : PLL setting string = 0000
BIT-1004 : Generate bits file keyboard.bit.
RUN-1003 : finish command "bitgen -bit keyboard.bit -unused_io_status pulldown" in  1.298537s wall, 5.609375s user + 0.031250s system = 5.640625s CPU (434.4%)

RUN-1004 : used memory is 425 MB, reserved memory is 403 MB, peak memory is 621 MB
RUN-1002 : start command "backup_run_log run.log ../.logs/phy_1/td_20240827_231732.log"
