============================================================
   Tang Dynasty, V5.6.59063
   Copyright (c) 2012-2022 Anlogic
   Executable = E:/Anlogic/TD5.6.59063/bin/td.exe
   Built at =   12:45:13 Sep  6 2022
   Run by =     19234
   Run Date =   Wed Aug 28 14:44:56 2024

   Run on =     ERIKPSW
============================================================
RUN-1002 : start command "open_project keyboard.prj"
RUN-1001 : Print Global Property
RUN-1001 : ---------------------------------------------------------------
RUN-1001 :        Parameters        |  Settings  |  Default Values  |  Note  
RUN-1001 : ---------------------------------------------------------------
RUN-1001 :          message         |  standard  |     standard     |        
RUN-1001 :   mixed_pack_place_flow  |     on     |        on        |        
RUN-1001 :        qor_monitor       |    off     |       off        |        
RUN-1001 :        syn_ip_flow       |    off     |       off        |        
RUN-1001 :          thread          |    auto    |       auto       |        
RUN-1001 : ---------------------------------------------------------------
RUN-1001 : Print Design Property
RUN-1001 : --------------------------------------------------------------
RUN-1001 :        Parameters       |  Settings  |  Default Values  |  Note  
RUN-1001 : --------------------------------------------------------------
RUN-1001 :   default_reg_initial   |    auto    |       auto       |        
RUN-1001 :        infer_add        |     on     |        on        |        
RUN-1001 :        infer_fsm        |    off     |       off        |        
RUN-1001 :        infer_mult       |     on     |        on        |        
RUN-1001 :        infer_ram        |     on     |        on        |        
RUN-1001 :        infer_reg        |     on     |        on        |        
RUN-1001 :   infer_reg_init_value  |     on     |        on        |        
RUN-1001 :        infer_rom        |     on     |        on        |        
RUN-1001 :      infer_shifter      |     on     |        on        |        
RUN-1001 : --------------------------------------------------------------
RUN-1001 : Print Rtl Property
RUN-1001 : --------------------------------------------------------------
RUN-1001 :        Parameters       |  Settings  |  Default Values  |  Note  
RUN-1001 : --------------------------------------------------------------
RUN-1001 :       compress_add      |   ripple   |      ripple      |        
RUN-1001 :        elf_sload        |    off     |       off        |        
RUN-1001 :       fix_undriven      |     0      |        0         |        
RUN-1001 :         flatten         |    off     |       off        |        
RUN-1001 :       gate_sharing      |     on     |        on        |        
RUN-1001 :    hdl_warning_level    |   normal   |      normal      |        
RUN-1001 :   impl_internal_tribuf  |     on     |        on        |        
RUN-1001 :      impl_set_reset     |     on     |        on        |        
RUN-1001 :        infer_gsr        |    off     |       off        |        
RUN-1001 :      keep_hierarchy     |    auto    |       auto       |        
RUN-1001 :        max_fanout       |    9999    |       9999       |        
RUN-1001 :      max_oh2bin_len     |     10     |        10        |        
RUN-1001 :       merge_equal       |     on     |        on        |        
RUN-1001 :       merge_equiv       |     on     |        on        |        
RUN-1001 :        merge_mux        |    off     |       off        |        
RUN-1001 :     min_control_set     |     8      |        8         |        
RUN-1001 :      min_ripple_len     |    auto    |       auto       |        
RUN-1001 :       oh2bin_ratio      |    0.08    |       0.08       |        
RUN-1001 :     opt_adder_fanout    |     on     |        on        |        
RUN-1001 :        opt_arith        |     on     |        on        |        
RUN-1001 :       opt_big_gate      |    off     |       off        |        
RUN-1001 :        opt_const        |     on     |        on        |        
RUN-1001 :      opt_const_mult     |     on     |        on        |        
RUN-1001 :       opt_lessthan      |     on     |        on        |        
RUN-1001 :         opt_mux         |    off     |       off        |        
RUN-1001 :         opt_ram         |    high    |       high       |        
RUN-1001 :      rtl_sim_model      |    off     |       off        |        
RUN-1001 :         seq_syn         |     on     |        on        |        
RUN-1001 : --------------------------------------------------------------
HDL-1007 : analyze verilog file ../../../src/Digitron_TimeDisplay_module.v
HDL-1007 : analyze verilog file ../../../src/key_filter.v
HDL-1007 : analyze verilog file ../../../src/keyboard_instance.v
HDL-1007 : analyze verilog file ../../../src/keyboard_scan.v
HDL-1007 : analyze verilog file ../../../src/onehot2binary.v
RUN-1001 : Project manager successfully analyzed 5 source files.
RUN-1002 : start command "import_device eagle_s20.db -package EG4S20BG256"
ARC-1001 : Device Initialization.
ARC-1001 : ------------------------------------------------------------------
ARC-1001 :            OPTION            |          IO          |   SETTING   
ARC-1001 : ------------------------------------------------------------------
ARC-1001 :   cso_b/cclk/mosi/miso/dout  |  T3/R11/T10/P10/S11  |    gpio    
ARC-1001 :             done             |         P13          |    gpio    
ARC-1001 :           program_b          |          T2          |  dedicate  
ARC-1001 :        tdi/tms/tck/tdo       |   C12/A15/C14/E14    |  dedicate  
ARC-1001 : ------------------------------------------------------------------
ARC-1004 : Device setting, marked 5 dedicate IOs in total.
RUN-1002 : start command "import_db ../syn_1/keyboard_gate.db"
RUN-1001 : Importing database generated by Tang Dynasty, V5.6.59063.
RUN-1001 : Database version number 46140.
RUN-1001 : Import flow parameters
RUN-1001 : Import timing constraints
RUN-1001 : Import IO constraints
RUN-1001 : Import Inst constraints
RUN-1001 : Import design success TD_VERSION=5.6.59063 , DB_VERSION=46140
RUN-1002 : start command "read_sdc"
USR-1002 : read_sdc file_name -help -h -eco
USR-1009 : NO module with IP_SDC ...
RUN-1104 : Import SDC file  finished, there are 0 nets kept by constraints.
RUN-1002 : start command "place"
RUN-1001 : Open license file E:/Anlogic/TD5.6.59063/license/Anlogic.lic
RUN-1001 : Print Global Property
RUN-1001 : ---------------------------------------------------------------
RUN-1001 :        Parameters        |  Settings  |  Default Values  |  Note  
RUN-1001 : ---------------------------------------------------------------
RUN-1001 :          message         |  standard  |     standard     |        
RUN-1001 :   mixed_pack_place_flow  |     on     |        on        |        
RUN-1001 :        qor_monitor       |    off     |       off        |        
RUN-1001 :        syn_ip_flow       |    off     |       off        |        
RUN-1001 :          thread          |    auto    |       auto       |        
RUN-1001 : ---------------------------------------------------------------
RUN-1001 : Print Place Property
RUN-1001 : --------------------------------------------------------------
RUN-1001 :        Parameters       |  Settings  |  Default Values  |  Note  
RUN-1001 : --------------------------------------------------------------
RUN-1001 :      detailed_place     |     on     |        on        |        
RUN-1001 :          effort         |   medium   |      medium      |        
RUN-1001 :         fix_hold        |    off     |       off        |        
RUN-1001 :       legalization      |    ori     |       ori        |        
RUN-1001 :      new_spreading      |     on     |        on        |        
RUN-1001 :        opt_timing       |   medium   |      medium      |        
RUN-1001 :   post_clock_route_opt  |    off     |       off        |        
RUN-1001 :       pr_strategy       |     1      |        1         |        
RUN-1001 :        relaxation       |    1.00    |       1.00       |        
RUN-1001 :         retiming        |    off     |       off        |        
RUN-1001 : --------------------------------------------------------------
PHY-3001 : Placer runs in 16 thread(s).
RUN-1002 : start command "legalize_phy_inst"
SYN-1011 : Flatten model keyboard_instance
RUN-1002 : start command "phys_opt -simplify_lut"
SYN-4024 : Net "U3/binary_n" drives clk pins.
SYN-4024 : Net "clk_50M_dup_1" drives clk pins.
SYN-4024 : Net "U1/scan_clk" drives clk pins.
SYN-4025 : Tag rtl::Net U1/scan_clk as clock net
SYN-4025 : Tag rtl::Net U3/binary_n as clock net
SYN-4025 : Tag rtl::Net clk_50M_dup_1 as clock net
SYN-4026 : Tagged 3 rtl::Net as clock net
SYN-4015 : Create BUFG instance for clk Net U3/binary_n to drive 107 clock pins.
SYN-4015 : Create BUFG instance for clk Net U1/scan_clk to drive 20 clock pins.
PHY-1001 : Populate physical database on model keyboard_instance.
RUN-1001 : There are total 692 instances
RUN-0007 : 298 luts, 228 seqs, 96 mslices, 41 lslices, 24 pads, 0 brams, 0 dsps
RUN-1001 : There are total 834 nets
RUN-1001 : 509 nets have 2 pins
RUN-1001 : 219 nets have [3 - 5] pins
RUN-1001 : 84 nets have [6 - 10] pins
RUN-1001 : 10 nets have [11 - 20] pins
RUN-1001 : 9 nets have [21 - 99] pins
RUN-1001 : 3 nets have 100+ pins
RUN-1001 : Report Control nets information:
RUN-1001 : DFF Distribution
RUN-1001 : ----------------------------------
RUN-1001 :   CE   |  SSR  |  ASR  |  DFF Count  
RUN-1001 : ----------------------------------
RUN-1001 :   No   |  No   |  No   |     92      
RUN-1001 :   No   |  No   |  Yes  |     20      
RUN-1001 :   No   |  Yes  |  No   |     17      
RUN-1001 :   Yes  |  No   |  No   |     35      
RUN-1001 :   Yes  |  No   |  Yes  |     32      
RUN-1001 :   Yes  |  Yes  |  No   |     32      
RUN-1001 : ----------------------------------
RUN-0007 : Control Group Statistic
RUN-0007 : ---------------------------
RUN-0007 :   #CLK  |  #CE  |  #SSR/ASR  
RUN-0007 : ---------------------------
RUN-0007 :    3    |   5   |     3      
RUN-0007 : ---------------------------
RUN-0007 : Control Set = 9
PHY-3001 : Initial placement ...
PHY-3001 : design contains 690 instances, 298 luts, 228 seqs, 137 slices, 14 macros(137 instances: 96 mslices 41 lslices)
PHY-0007 : Cell area utilization is 2%
PHY-3001 : Start timing update ...
RUN-1002 : start command "start_timer -report"
TMR-2505 : Start building timing graph for model keyboard_instance.
TMR-2506 : Build timing graph completely. Port num: 8, tpin num: 3007, tnet num: 832, tinst num: 690, tnode num: 3663, tedge num: 4849.
TMR-2508 : Levelizing timing graph completed, there are 43 levels in total.
TMR-2501 : Timing graph initialized successfully.
TMR-2503 : Start to update net delay, extr mode = 2.
TMR-2504 : Update delay of 832 nets completely.
TMR-2502 : Annotate delay completely, extr mode = 2.
TMR-3001 : Initiate 0 clocks from SDC.
TMR-3004 : Map sdc constraints, there are 0 constraints in total.
TMR-3003 : Constraints initiated successfully.
TMR-3501 : Forward propagation: start to calculate arrival time...
TMR-3502 : Backward propagation: start to calculate required time...
TMR-3503 : Timing propagation completes.
PHY-3001 : End timing update;  0.129875s wall, 0.093750s user + 0.000000s system = 0.093750s CPU (72.2%)

PHY-3001 : Global placement ...
PHY-3001 : Initial: Len = 200304
PHY-3001 : Clustering ...
PHY-3001 : Level 0 #clusters 690.
PHY-3001 : End clustering;  0.000013s wall, 0.000000s user + 0.000000s system = 0.000000s CPU (n/a%)

PHY-3001 : Run with size of 4
PHY-3001 : Cell area utilization is 2%
PHY-3001 : :::0::: Try harder cell spreading with beta_ = 0
PHY-3002 : Step(1): len = 133090, overlap = 0
PHY-3002 : Step(2): len = 84212.3, overlap = 0
PHY-3002 : Step(3): len = 62788.2, overlap = 0
PHY-3002 : Step(4): len = 43973.7, overlap = 0
PHY-3002 : Step(5): len = 34517.9, overlap = 1
PHY-3002 : Step(6): len = 29331, overlap = 4
PHY-3002 : Step(7): len = 25473.8, overlap = 1.5
PHY-3002 : Step(8): len = 22340.1, overlap = 1.5
PHY-3002 : Step(9): len = 21365.2, overlap = 5
PHY-3002 : Step(10): len = 19721.8, overlap = 5.25
PHY-3002 : Step(11): len = 18041.4, overlap = 5.75
PHY-3002 : Step(12): len = 17627, overlap = 5.75
PHY-3002 : Step(13): len = 16810.2, overlap = 5.5
PHY-3002 : Step(14): len = 17060, overlap = 5.5
PHY-3002 : Step(15): len = 16427.5, overlap = 5.25
PHY-3002 : Step(16): len = 16393.2, overlap = 5
PHY-3002 : Step(17): len = 16334, overlap = 5.5
PHY-3002 : Step(18): len = 16652, overlap = 5.5
PHY-3002 : Step(19): len = 16158, overlap = 6
PHY-3002 : Step(20): len = 15697.5, overlap = 6
PHY-3002 : Step(21): len = 15169.4, overlap = 6
PHY-3002 : Step(22): len = 14738.3, overlap = 6
PHY-3002 : Step(23): len = 14154.6, overlap = 6
PHY-3002 : Step(24): len = 14372.6, overlap = 10.0625
PHY-3002 : Step(25): len = 13470, overlap = 15
PHY-3002 : Step(26): len = 12949.8, overlap = 18.1875
PHY-3002 : Step(27): len = 13156.5, overlap = 18.3438
PHY-3002 : Step(28): len = 12197.4, overlap = 18.375
PHY-3002 : Step(29): len = 12259, overlap = 18.1875
PHY-3002 : Step(30): len = 12578.9, overlap = 17.5312
PHY-3002 : Step(31): len = 12465.2, overlap = 17.0625
PHY-3002 : Step(32): len = 12230.5, overlap = 16.875
PHY-3002 : Step(33): len = 12230.5, overlap = 16.875
PHY-3002 : Step(34): len = 11430.7, overlap = 16.7812
PHY-3002 : Step(35): len = 11531.5, overlap = 16.8125
PHY-3002 : Step(36): len = 11531.5, overlap = 16.8125
PHY-3001 : Legalization ...
PHY-3001 : End legalization;  0.003871s wall, 0.000000s user + 0.000000s system = 0.000000s CPU (n/a%)

PHY-3001 : Run with size of 4
PHY-3001 : Cell area utilization is 3%
PHY-3001 : Update timing in Manhattan mode ...
TMR-2503 : Start to update net delay, extr mode = 3.
TMR-2504 : Update delay of 832 nets completely.
TMR-2502 : Annotate delay completely, extr mode = 3.
TMR-3501 : Forward propagation: start to calculate arrival time...
TMR-3502 : Backward propagation: start to calculate required time...
TMR-3503 : Timing propagation completes.
PHY-3001 : End timing update;  0.007525s wall, 0.000000s user + 0.000000s system = 0.000000s CPU (n/a%)

PHY-3001 : :::0::: Try harder cell spreading with beta_ = 3.73543e-05
PHY-3002 : Step(37): len = 11452.8, overlap = 30.9688
PHY-3002 : Step(38): len = 11550.4, overlap = 31.0625
PHY-3002 : Step(39): len = 11839.3, overlap = 14.1875
PHY-3001 : :::1::: Try harder cell spreading with beta_ = 7.47086e-05
PHY-3002 : Step(40): len = 11621.3, overlap = 15.125
PHY-3002 : Step(41): len = 11818.9, overlap = 15.125
PHY-3002 : Step(42): len = 12173, overlap = 15.125
PHY-3001 : :::2::: Try harder cell spreading with beta_ = 0.000149417
PHY-3002 : Step(43): len = 11863.2, overlap = 14.1875
PHY-3002 : Step(44): len = 11863.2, overlap = 14.1875
PHY-3002 : Step(45): len = 11748, overlap = 13.6562
PHY-3001 : Run with size of 2
PHY-3001 : Cell area utilization is 3%
PHY-3001 : Update timing in Manhattan mode ...
TMR-2503 : Start to update net delay, extr mode = 3.
TMR-2504 : Update delay of 832 nets completely.
TMR-2502 : Annotate delay completely, extr mode = 3.
TMR-3501 : Forward propagation: start to calculate arrival time...
TMR-3502 : Backward propagation: start to calculate required time...
TMR-3503 : Timing propagation completes.
PHY-3001 : End timing update;  0.007594s wall, 0.000000s user + 0.000000s system = 0.000000s CPU (n/a%)

PHY-3001 : :::0::: Try harder cell spreading with beta_ = 2.96127e-05
PHY-3002 : Step(46): len = 13357.6, overlap = 23.4062
PHY-3002 : Step(47): len = 13457.7, overlap = 23.1875
PHY-3002 : Step(48): len = 13257.4, overlap = 16.5
PHY-3002 : Step(49): len = 13353.8, overlap = 16.0938
PHY-3002 : Step(50): len = 13104.6, overlap = 14.6562
PHY-3002 : Step(51): len = 13195.3, overlap = 14.25
PHY-3002 : Step(52): len = 13237.7, overlap = 19.0625
PHY-3001 : :::1::: Try harder cell spreading with beta_ = 5.92255e-05
PHY-3002 : Step(53): len = 12459.8, overlap = 18.7188
PHY-3002 : Step(54): len = 12545.7, overlap = 18.8125
PHY-3002 : Step(55): len = 12545.7, overlap = 18.8125
PHY-3001 : :::2::: Try harder cell spreading with beta_ = 0.000118451
PHY-3002 : Step(56): len = 12570.8, overlap = 18.6562
PHY-3002 : Step(57): len = 12853.3, overlap = 15.2188
PHY-3002 : Step(58): len = 12906.3, overlap = 15.125
OPT-1001 : Start physical optimization ...
RUN-1002 : start command "start_timer -report"
TMR-2505 : Start building timing graph for model keyboard_instance.
TMR-2506 : Build timing graph completely. Port num: 8, tpin num: 3007, tnet num: 832, tinst num: 690, tnode num: 3663, tedge num: 4849.
TMR-2508 : Levelizing timing graph completed, there are 43 levels in total.
TMR-2501 : Timing graph initialized successfully.
OPT-1001 : Total overflow 46.28 peak overflow 1.97
OPT-1001 : Start high-fanout net optimization ...
OPT-1001 : Update timing in global mode
PHY-1001 : Start incremental global routing, caller is place ...
RUN-1001 : Generating global routing grids ...
RUN-1001 : Building simple global routing graph ...
PHY-1001 : Generate routing nets ...
PHY-1001 : Reuse net number 0/834.
PHY-1001 : Global iterations in 16 thread ...
PHY-1002 : len = 14696, over cnt = 70(0%), over = 243, worst = 12
PHY-1001 : End global iterations;  0.028531s wall, 0.015625s user + 0.000000s system = 0.015625s CPU (54.8%)

PHY-1001 : Congestion index: top1 = 20.50, top5 = 9.47, top10 = 5.32, top15 = 3.55.
PHY-1001 : End incremental global routing;  0.069802s wall, 0.046875s user + 0.000000s system = 0.046875s CPU (67.2%)

TMR-2503 : Start to update net delay, extr mode = 5.
TMR-2504 : Update delay of 832 nets completely.
TMR-2502 : Annotate delay completely, extr mode = 5.
TMR-3001 : Initiate 0 clocks from SDC.
TMR-3004 : Map sdc constraints, there are 0 constraints in total.
TMR-3003 : Constraints initiated successfully.
TMR-3501 : Forward propagation: start to calculate arrival time...
TMR-3502 : Backward propagation: start to calculate required time...
TMR-3503 : Timing propagation completes.
OPT-1001 : End timing update;  0.010005s wall, 0.015625s user + 0.000000s system = 0.015625s CPU (156.2%)

OPT-1001 : 0 high-fanout net processed.
OPT-1001 : End high-fanout net optimization;  0.086820s wall, 0.062500s user + 0.000000s system = 0.062500s CPU (72.0%)

OPT-1001 : Current memory(MB): used = 149, reserve = 120, peak = 149.
OPT-1001 : Start global optimization ...
OPT-1001 : Start congestion update ...
RUN-1001 : Generating global routing grids ...
PHY-1001 : Generate routing nets ...
PHY-1001 : Reuse net number 503/834.
PHY-1001 : Global iterations in 16 thread ...
PHY-1002 : len = 14696, over cnt = 70(0%), over = 243, worst = 12
PHY-1002 : len = 16112, over cnt = 45(0%), over = 116, worst = 10
PHY-1002 : len = 17072, over cnt = 25(0%), over = 54, worst = 10
PHY-1002 : len = 17752, over cnt = 0(0%), over = 0, worst = 0
PHY-1001 : End global iterations;  0.033924s wall, 0.015625s user + 0.000000s system = 0.015625s CPU (46.1%)

PHY-1001 : Congestion index: top1 = 20.04, top5 = 10.44, top10 = 6.11, top15 = 4.08.
OPT-1001 : End congestion update;  0.070268s wall, 0.015625s user + 0.000000s system = 0.015625s CPU (22.2%)

OPT-1001 : Update timing in Manhattan mode
TMR-2503 : Start to update net delay, extr mode = 3.
TMR-2504 : Update delay of 832 nets completely.
TMR-2502 : Annotate delay completely, extr mode = 3.
TMR-3501 : Forward propagation: start to calculate arrival time...
TMR-3502 : Backward propagation: start to calculate required time...
TMR-3503 : Timing propagation completes.
OPT-1001 : End timing update;  0.007496s wall, 0.000000s user + 0.000000s system = 0.000000s CPU (n/a%)

OPT-0007 : Start: WNS 2147483647 TNS 0 NUM_FEPS 0
OPT-1001 : End global optimization;  0.077839s wall, 0.015625s user + 0.000000s system = 0.015625s CPU (20.1%)

OPT-1001 : Current memory(MB): used = 149, reserve = 121, peak = 149.
OPT-1001 : End physical optimization;  0.302577s wall, 0.171875s user + 0.000000s system = 0.171875s CPU (56.8%)

PHY-3001 : Start packing ...
SYN-4007 : Packing 0 MUX to BLE ...
SYN-4008 : Packed 0 MUX and 0 SEQ to BLE.
SYN-4007 : Packing 298 LUT to BLE ...
SYN-4008 : Packed 298 LUT and 93 SEQ to BLE.
SYN-4003 : Packing 135 remaining SEQ's ...
SYN-4005 : Packed 55 SEQ with LUT/SLICE
SYN-4006 : 160 single LUT's are left
SYN-4006 : 80 single SEQ's are left
SYN-4011 : Packing model "keyboard_instance" (AL_USER_NORMAL) with 378/544 primitive instances ...
PHY-3001 : End packing;  0.020145s wall, 0.015625s user + 0.000000s system = 0.015625s CPU (77.6%)

PHY-1001 : Populate physical database on model keyboard_instance.
RUN-1001 : There are total 365 instances
RUN-1001 : 168 mslices, 168 lslices, 24 pads, 0 brams, 0 dsps
RUN-1001 : There are total 741 nets
RUN-1001 : 416 nets have 2 pins
RUN-1001 : 219 nets have [3 - 5] pins
RUN-1001 : 84 nets have [6 - 10] pins
RUN-1001 : 13 nets have [11 - 20] pins
RUN-1001 : 8 nets have [21 - 99] pins
RUN-1001 : 1 nets have 100+ pins
PHY-3001 : design contains 363 instances, 336 slices, 14 macros(137 instances: 96 mslices 41 lslices)
PHY-3001 : Cell area utilization is 4%
PHY-3001 : After packing: Len = 13238.8, Over = 23.75
PHY-3001 : Run with size of 2
PHY-3001 : Cell area utilization is 4%
PHY-3001 : Update timing in Manhattan mode ...
RUN-1002 : start command "start_timer -report"
TMR-2505 : Start building timing graph for model keyboard_instance.
TMR-2506 : Build timing graph completely. Port num: 8, tpin num: 2632, tnet num: 739, tinst num: 363, tnode num: 3099, tedge num: 4384.
TMR-2508 : Levelizing timing graph completed, there are 41 levels in total.
TMR-2501 : Timing graph initialized successfully.
TMR-2503 : Start to update net delay, extr mode = 3.
TMR-2504 : Update delay of 739 nets completely.
TMR-2502 : Annotate delay completely, extr mode = 3.
TMR-3001 : Initiate 0 clocks from SDC.
TMR-3004 : Map sdc constraints, there are 0 constraints in total.
TMR-3003 : Constraints initiated successfully.
TMR-3501 : Forward propagation: start to calculate arrival time...
TMR-3502 : Backward propagation: start to calculate required time...
TMR-3503 : Timing propagation completes.
PHY-3001 : End timing update;  0.144420s wall, 0.078125s user + 0.000000s system = 0.078125s CPU (54.1%)

PHY-3001 : :::0::: Try harder cell spreading with beta_ = 2.55914e-05
PHY-3002 : Step(59): len = 12862, overlap = 25
PHY-3002 : Step(60): len = 12927.2, overlap = 24.75
PHY-3002 : Step(61): len = 12894.4, overlap = 24.5
PHY-3001 : :::1::: Try harder cell spreading with beta_ = 5.11827e-05
PHY-3002 : Step(62): len = 12839.6, overlap = 24.5
PHY-3002 : Step(63): len = 12924.2, overlap = 24.75
PHY-3002 : Step(64): len = 12995.8, overlap = 23.25
PHY-3001 : :::2::: Try harder cell spreading with beta_ = 0.000102365
PHY-3002 : Step(65): len = 13279.7, overlap = 22
PHY-3002 : Step(66): len = 13369.9, overlap = 22
PHY-3002 : Step(67): len = 13527.8, overlap = 21.25
PHY-3001 : Legalization ...
PHY-3001 : End legalization;  0.062365s wall, 0.015625s user + 0.015625s system = 0.031250s CPU (50.1%)

PHY-3001 : Trial Legalized: Len = 20687.9
PHY-3001 : Run with size of 2
PHY-3001 : Cell area utilization is 4%
PHY-3001 : Update timing in Manhattan mode ...
TMR-2503 : Start to update net delay, extr mode = 3.
TMR-2504 : Update delay of 739 nets completely.
TMR-2502 : Annotate delay completely, extr mode = 3.
TMR-3501 : Forward propagation: start to calculate arrival time...
TMR-3502 : Backward propagation: start to calculate required time...
TMR-3503 : Timing propagation completes.
PHY-3001 : End timing update;  0.006699s wall, 0.000000s user + 0.000000s system = 0.000000s CPU (n/a%)

PHY-3001 : :::0::: Try harder cell spreading with beta_ = 0.00432332
PHY-3002 : Step(68): len = 18507.7, overlap = 2
PHY-3002 : Step(69): len = 17827.2, overlap = 3.5
PHY-3002 : Step(70): len = 16498.7, overlap = 4.75
PHY-3002 : Step(71): len = 15745.4, overlap = 5.75
PHY-3002 : Step(72): len = 15672.9, overlap = 5.75
PHY-3002 : Step(73): len = 15306.1, overlap = 5
PHY-3002 : Step(74): len = 14985.2, overlap = 4.75
PHY-3002 : Step(75): len = 14959, overlap = 5.25
PHY-3002 : Step(76): len = 14874.1, overlap = 6.5
PHY-3002 : Step(77): len = 14701.7, overlap = 6.75
PHY-3002 : Step(78): len = 14520.2, overlap = 6.25
PHY-3001 : Legalization ...
PHY-3001 : End legalization;  0.004642s wall, 0.000000s user + 0.000000s system = 0.000000s CPU (n/a%)

PHY-3001 : Legalized: Len = 17426.4, Over = 0
PHY-3001 : End spreading;  0.002511s wall, 0.000000s user + 0.000000s system = 0.000000s CPU (n/a%)

PHY-3001 : Final: Len = 17426.4, Over = 0
OPT-1001 : Start physical optimization ...
RUN-1002 : start command "start_timer -report"
TMR-2505 : Start building timing graph for model keyboard_instance.
TMR-2506 : Build timing graph completely. Port num: 8, tpin num: 2632, tnet num: 739, tinst num: 363, tnode num: 3099, tedge num: 4384.
TMR-2508 : Levelizing timing graph completed, there are 41 levels in total.
TMR-2501 : Timing graph initialized successfully.
OPT-1001 : Total overflow 0.00 peak overflow 0.00
OPT-1001 : Start high-fanout net optimization ...
OPT-1001 : Update timing in global mode
PHY-1001 : Start incremental global routing, caller is place ...
RUN-1001 : Generating global routing grids ...
PHY-1001 : Generate routing nets ...
PHY-1001 : Reuse net number 19/741.
PHY-1001 : Global iterations in 16 thread ...
PHY-1002 : len = 19952, over cnt = 59(0%), over = 88, worst = 5
PHY-1002 : len = 20376, over cnt = 29(0%), over = 37, worst = 3
PHY-1002 : len = 20816, over cnt = 3(0%), over = 3, worst = 1
PHY-1002 : len = 20864, over cnt = 0(0%), over = 0, worst = 0
PHY-1001 : End global iterations;  0.073676s wall, 0.031250s user + 0.000000s system = 0.031250s CPU (42.4%)

PHY-1001 : Congestion index: top1 = 19.44, top5 = 12.05, top10 = 7.39, top15 = 5.09.
PHY-1001 : End incremental global routing;  0.113425s wall, 0.046875s user + 0.000000s system = 0.046875s CPU (41.3%)

TMR-2503 : Start to update net delay, extr mode = 5.
TMR-2504 : Update delay of 739 nets completely.
TMR-2502 : Annotate delay completely, extr mode = 5.
TMR-3001 : Initiate 0 clocks from SDC.
TMR-3004 : Map sdc constraints, there are 0 constraints in total.
TMR-3003 : Constraints initiated successfully.
TMR-3501 : Forward propagation: start to calculate arrival time...
TMR-3502 : Backward propagation: start to calculate required time...
TMR-3503 : Timing propagation completes.
OPT-1001 : End timing update;  0.009836s wall, 0.000000s user + 0.000000s system = 0.000000s CPU (n/a%)

OPT-1001 : 0 high-fanout net processed.
OPT-1001 : End high-fanout net optimization;  0.130662s wall, 0.046875s user + 0.000000s system = 0.046875s CPU (35.9%)

OPT-1001 : Current memory(MB): used = 153, reserve = 124, peak = 153.
OPT-1001 : Start path based optimization ...
OPT-1001 : Start congestion update ...
RUN-1001 : Generating global routing grids ...
PHY-1001 : Generate routing nets ...
PHY-1001 : Reuse net number 585/741.
PHY-1001 : Global iterations in 16 thread ...
PHY-1002 : len = 20864, over cnt = 0(0%), over = 0, worst = 0
PHY-1001 : End global iterations;  0.001933s wall, 0.000000s user + 0.000000s system = 0.000000s CPU (n/a%)

PHY-1001 : Congestion index: top1 = 19.44, top5 = 12.05, top10 = 7.39, top15 = 5.09.
OPT-1001 : End congestion update;  0.042209s wall, 0.031250s user + 0.000000s system = 0.031250s CPU (74.0%)

OPT-1001 : Update timing in Manhattan mode
TMR-2503 : Start to update net delay, extr mode = 3.
TMR-2504 : Update delay of 739 nets completely.
TMR-2502 : Annotate delay completely, extr mode = 3.
TMR-3501 : Forward propagation: start to calculate arrival time...
TMR-3502 : Backward propagation: start to calculate required time...
TMR-3503 : Timing propagation completes.
OPT-1001 : End timing update;  0.007503s wall, 0.015625s user + 0.000000s system = 0.015625s CPU (208.2%)

OPT-0007 : Start: WNS 2147483647 TNS 0 NUM_FEPS 0
OPT-1001 : End path based optimization;  0.049792s wall, 0.046875s user + 0.000000s system = 0.046875s CPU (94.1%)

OPT-1001 : Current memory(MB): used = 153, reserve = 124, peak = 153.
OPT-1001 : Update timing in Manhattan mode
TMR-2503 : Start to update net delay, extr mode = 3.
TMR-2504 : Update delay of 739 nets completely.
TMR-2502 : Annotate delay completely, extr mode = 3.
TMR-3501 : Forward propagation: start to calculate arrival time...
TMR-3502 : Backward propagation: start to calculate required time...
TMR-3503 : Timing propagation completes.
OPT-1001 : End timing update;  0.005683s wall, 0.000000s user + 0.000000s system = 0.000000s CPU (n/a%)

OPT-1001 : Start pin optimization...
OPT-1001 : skip pin optimization...
OPT-1001 : Update timing in global mode
PHY-1001 : Start incremental global routing, caller is place ...
RUN-1001 : Generating global routing grids ...
PHY-1001 : Generate routing nets ...
PHY-1001 : Reuse net number 585/741.
PHY-1001 : Global iterations in 16 thread ...
PHY-1002 : len = 20864, over cnt = 0(0%), over = 0, worst = 0
PHY-1001 : End global iterations;  0.002082s wall, 0.000000s user + 0.000000s system = 0.000000s CPU (n/a%)

PHY-1001 : Congestion index: top1 = 19.44, top5 = 12.05, top10 = 7.39, top15 = 5.09.
PHY-1001 : End incremental global routing;  0.038779s wall, 0.031250s user + 0.000000s system = 0.031250s CPU (80.6%)

TMR-2503 : Start to update net delay, extr mode = 5.
TMR-2504 : Update delay of 739 nets completely.
TMR-2502 : Annotate delay completely, extr mode = 5.
TMR-3501 : Forward propagation: start to calculate arrival time...
TMR-3502 : Backward propagation: start to calculate required time...
TMR-3503 : Timing propagation completes.
OPT-1001 : End timing update;  0.009644s wall, 0.000000s user + 0.000000s system = 0.000000s CPU (n/a%)

RUN-1001 : Generating global routing grids ...
PHY-1001 : Generate routing nets ...
PHY-1001 : Reuse net number 585/741.
PHY-1001 : Global iterations in 16 thread ...
PHY-1002 : len = 20864, over cnt = 0(0%), over = 0, worst = 0
PHY-1001 : End global iterations;  0.002019s wall, 0.000000s user + 0.000000s system = 0.000000s CPU (n/a%)

PHY-1001 : Congestion index: top1 = 19.44, top5 = 12.05, top10 = 7.39, top15 = 5.09.
OPT-1001 : Update timing in Manhattan mode
TMR-2503 : Start to update net delay, extr mode = 3.
TMR-2504 : Update delay of 739 nets completely.
TMR-2502 : Annotate delay completely, extr mode = 3.
TMR-3501 : Forward propagation: start to calculate arrival time...
TMR-3502 : Backward propagation: start to calculate required time...
TMR-3503 : Timing propagation completes.
OPT-1001 : End timing update;  0.007245s wall, 0.000000s user + 0.000000s system = 0.000000s CPU (n/a%)

RUN-1001 : QoR Analysis:
OPT-0007 :   WNS 2147483647 TNS 0 NUM_FEPS 0
RUN-1001 :   No local congestion issue, and most congested 1% tile average routing util is 19.068966
RUN-1001 :   Top critical paths
OPT-1001 : End physical optimization;  0.426871s wall, 0.187500s user + 0.000000s system = 0.187500s CPU (43.9%)

RUN-1003 : finish command "place" in  2.626023s wall, 0.953125s user + 0.265625s system = 1.218750s CPU (46.4%)

RUN-1004 : used memory is 136 MB, reserved memory is 108 MB, peak memory is 153 MB
RUN-1002 : start command "export_db keyboard_place.db"
RUN-1001 : Exported /
RUN-1001 : Exported flow parameters
RUN-1001 : Exported libs
RUN-1001 : Exported entities
RUN-1001 : Exported ports
RUN-1001 : Exported pins
RUN-1001 : Exported instances
RUN-1001 : Exported nets
RUN-1001 : Exported buses
RUN-1001 : Exported models
RUN-1001 : Exported congestions
RUN-1001 : Exported violations
RUN-1001 : Exported timing constraints
RUN-1001 : Exported IO constraints
RUN-1001 : Exported Inst constraints
RUN-1002 : start command "route"
RUN-1001 : Open license file E:/Anlogic/TD5.6.59063/license/Anlogic.lic
RUN-1001 : Print Global Property
RUN-1001 : ---------------------------------------------------------------
RUN-1001 :        Parameters        |  Settings  |  Default Values  |  Note  
RUN-1001 : ---------------------------------------------------------------
RUN-1001 :          message         |  standard  |     standard     |        
RUN-1001 :   mixed_pack_place_flow  |     on     |        on        |        
RUN-1001 :        qor_monitor       |    off     |       off        |        
RUN-1001 :        syn_ip_flow       |    off     |       off        |        
RUN-1001 :          thread          |    auto    |       auto       |        
RUN-1001 : ---------------------------------------------------------------
RUN-1001 : Print Route Property
RUN-1001 : -------------------------------------------------------
RUN-1001 :    Parameters    |  Settings  |  Default Values  |  Note  
RUN-1001 : -------------------------------------------------------
RUN-1001 :      effort      |   medium   |      medium      |        
RUN-1001 :     fix_hold     |    off     |       off        |        
RUN-1001 :    opt_timing    |   medium   |      medium      |        
RUN-1001 :   phy_sim_model  |    off     |       off        |        
RUN-1001 :     priority     |   timing   |      timing      |        
RUN-1001 :     swap_pin     |     on     |        on        |        
RUN-1001 : -------------------------------------------------------
PHY-1001 : Route runs in 16 thread(s)
RUN-1001 : There are total 365 instances
RUN-1001 : 168 mslices, 168 lslices, 24 pads, 0 brams, 0 dsps
RUN-1001 : There are total 741 nets
RUN-1001 : 416 nets have 2 pins
RUN-1001 : 219 nets have [3 - 5] pins
RUN-1001 : 84 nets have [6 - 10] pins
RUN-1001 : 13 nets have [11 - 20] pins
RUN-1001 : 8 nets have [21 - 99] pins
RUN-1001 : 1 nets have 100+ pins
RUN-1002 : start command "start_timer -report"
TMR-2505 : Start building timing graph for model keyboard_instance.
TMR-2506 : Build timing graph completely. Port num: 8, tpin num: 2632, tnet num: 739, tinst num: 363, tnode num: 3099, tedge num: 4384.
TMR-2508 : Levelizing timing graph completed, there are 41 levels in total.
TMR-2501 : Timing graph initialized successfully.
PHY-1001 : 168 mslices, 168 lslices, 24 pads, 0 brams, 0 dsps
TMR-2503 : Start to update net delay, extr mode = 3.
TMR-2504 : Update delay of 739 nets completely.
TMR-2502 : Annotate delay completely, extr mode = 3.
TMR-3001 : Initiate 0 clocks from SDC.
TMR-3004 : Map sdc constraints, there are 0 constraints in total.
TMR-3003 : Constraints initiated successfully.
TMR-3501 : Forward propagation: start to calculate arrival time...
TMR-3502 : Backward propagation: start to calculate required time...
TMR-3503 : Timing propagation completes.
PHY-1001 : Start global routing, caller is route ...
RUN-1001 : Generating global routing grids ...
PHY-1001 : Generate routing nets ...
PHY-1001 : Global iterations in 16 thread ...
PHY-1002 : len = 19856, over cnt = 57(0%), over = 86, worst = 5
PHY-1002 : len = 20280, over cnt = 28(0%), over = 36, worst = 3
PHY-1002 : len = 20728, over cnt = 0(0%), over = 0, worst = 0
PHY-1001 : End global iterations;  0.071053s wall, 0.015625s user + 0.000000s system = 0.015625s CPU (22.0%)

PHY-1001 : Congestion index: top1 = 19.31, top5 = 12.00, top10 = 7.35, top15 = 5.04.
PHY-1001 : End global routing;  0.111638s wall, 0.046875s user + 0.000000s system = 0.046875s CPU (42.0%)

PHY-1001 : Start detail routing ...
PHY-1001 : Current memory(MB): used = 173, reserve = 144, peak = 189.
PHY-1001 : Detailed router is running in normal mode.
PHY-1001 : Generate detailed routing grids ...
PHY-1001 : Generate nets ...
PHY-1001 : net clk_50M_dup_1 will be routed on clock mesh
PHY-1001 : clock net U1/scan_clk_syn_4 will be merged with clock U1/scan_clk
PHY-1001 : clock net U3/binary_n_syn_3 will be merged with clock U3/binary_n
PHY-1001 : Current memory(MB): used = 442, reserve = 418, peak = 442.
PHY-1001 : End build detailed router design. 3.418245s wall, 1.375000s user + 0.031250s system = 1.406250s CPU (41.1%)

PHY-1001 : Detail Route ...
PHY-1001 : ===== Detail Route Phase 1 =====
PHY-1001 : Clock net routing.....
PHY-1001 : Routed 0% nets.
PHY-1022 : len = 8888, over cnt = 0(0%), over = 0, worst = 0, crit = 0
PHY-1001 : End initial clock net routed; 0.713101s wall, 0.343750s user + 0.000000s system = 0.343750s CPU (48.2%)

PHY-1001 : Current memory(MB): used = 473, reserve = 450, peak = 473.
PHY-1001 : End phase 1; 0.719025s wall, 0.343750s user + 0.000000s system = 0.343750s CPU (47.8%)

PHY-1001 : ===== Detail Route Phase 2 =====
PHY-1001 : Initial routing.....
PHY-1001 : Routed 26% nets.
PHY-1001 : Routed 37% nets.
PHY-1001 : Routed 37% nets.
PHY-1001 : Routed 38% nets.
PHY-1001 : Routed 38% nets.
PHY-1001 : Patch 307 net; 0.141146s wall, 0.046875s user + 0.000000s system = 0.046875s CPU (33.2%)

PHY-1022 : len = 43872, over cnt = 24(0%), over = 24, worst = 1, crit = 0
PHY-1001 : Current memory(MB): used = 473, reserve = 450, peak = 473.
PHY-1001 : End initial routed; 0.278097s wall, 0.093750s user + 0.000000s system = 0.093750s CPU (33.7%)

PHY-1001 : Update timing.....
PHY-1001 : 0/592(0%) critical/total net(s).
RUN-1001 : ------------------------------------------
RUN-1001 :   Type   |    WNS(ns)    |  TNS(ns)  |  FEP  
RUN-1001 : ------------------------------------------
RUN-1001 :   Setup  |  2147483.647  |   0.000   |   0   
RUN-1001 :   Hold   |  2147483.647  |   0.000   |   0   
RUN-1001 : ------------------------------------------
PHY-1001 : End update timing; 0.168988s wall, 0.031250s user + 0.000000s system = 0.031250s CPU (18.5%)

PHY-1001 : Current memory(MB): used = 474, reserve = 451, peak = 474.
PHY-1001 : End phase 2; 0.447153s wall, 0.125000s user + 0.000000s system = 0.125000s CPU (28.0%)

PHY-1001 : ===== Detail Route Phase 3 =====
PHY-1001 : Optimize timing.....
PHY-1022 : len = 43872, over cnt = 24(0%), over = 24, worst = 1, crit = 0
PHY-1001 : End optimize timing; 0.004535s wall, 0.000000s user + 0.000000s system = 0.000000s CPU (n/a%)

PHY-1001 : Ripup-reroute.....
PHY-1001 : ===== DR Iter 1 =====
PHY-1022 : len = 43816, over cnt = 2(0%), over = 2, worst = 1, crit = 0
PHY-1001 : End DR Iter 1; 0.020441s wall, 0.000000s user + 0.000000s system = 0.000000s CPU (n/a%)

PHY-1001 : ===== DR Iter 2 =====
PHY-1022 : len = 43816, over cnt = 0(0%), over = 0, worst = 0, crit = 0
PHY-1001 : End DR Iter 2; 0.012557s wall, 0.000000s user + 0.000000s system = 0.000000s CPU (n/a%)

PHY-1001 : Update timing.....
PHY-1001 : 0/592(0%) critical/total net(s).
RUN-1001 : ------------------------------------------
RUN-1001 :   Type   |    WNS(ns)    |  TNS(ns)  |  FEP  
RUN-1001 : ------------------------------------------
RUN-1001 :   Setup  |  2147483.647  |   0.000   |   0   
RUN-1001 :   Hold   |  2147483.647  |   0.000   |   0   
RUN-1001 : ------------------------------------------
PHY-1001 : End update timing; 0.159634s wall, 0.062500s user + 0.000000s system = 0.062500s CPU (39.2%)

PHY-1001 : Commit to database.....
PHY-1001 : 10 feed throughs used by 9 nets
PHY-1001 : End commit to database; 0.060029s wall, 0.046875s user + 0.000000s system = 0.046875s CPU (78.1%)

PHY-1001 : Current memory(MB): used = 485, reserve = 462, peak = 485.
PHY-1001 : End phase 3; 0.387378s wall, 0.156250s user + 0.000000s system = 0.156250s CPU (40.3%)

PHY-1003 : Routed, final wirelength = 43816
PHY-1001 : Current memory(MB): used = 485, reserve = 462, peak = 485.
PHY-1001 : End export database. 0.005665s wall, 0.000000s user + 0.000000s system = 0.000000s CPU (n/a%)

PHY-1001 : End detail routing;  5.163250s wall, 2.093750s user + 0.031250s system = 2.125000s CPU (41.2%)

RUN-1003 : finish command "route" in  5.482902s wall, 2.250000s user + 0.031250s system = 2.281250s CPU (41.6%)

RUN-1004 : used memory is 425 MB, reserved memory is 401 MB, peak memory is 485 MB
RUN-1002 : start command "report_area -io_info -file keyboard_phy.area"
RUN-1001 : standard
***Report Model: keyboard_instance Device: EG4S20BG256***

IO Statistics
#IO                        24
  #input                    6
  #output                  18
  #inout                    0

Utilization Statistics
#lut                      572   out of  19600    2.92%
#reg                      228   out of  19600    1.16%
#le                       652
  #lut only               424   out of    652   65.03%
  #reg only                80   out of    652   12.27%
  #lut&reg                148   out of    652   22.70%
#dsp                        0   out of     29    0.00%
#bram                       0   out of     64    0.00%
  #bram9k                   0
  #fifo9k                   0
#bram32k                    0   out of     16    0.00%
#pad                       24   out of    188   12.77%
  #ireg                     0
  #oreg                     0
  #treg                     0
#pll                        0   out of      4    0.00%
#gclk                       3   out of     16   18.75%

Clock Resource Statistics
Index     ClockNet         Type               DriverType         Driver                      Fanout
#1        U3/binary_n      GCLK               mslice             U3/binary_n_syn_7.f0        65
#2        clk_50M_dup_1    GCLK               io                 clk_50M_syn_2.di            54
#3        U1/scan_clk      GCLK               mslice             U1/scan_clk_reg_syn_9.q0    10


Detailed IO Report

        Name           Direction    Location    IOStandard    DriveStrength    PullType    PackReg  
        RSTn             INPUT         A9        LVCMOS33          N/A          PULLUP      NONE    
       clk_50M           INPUT         R7        LVCMOS33          N/A          PULLUP      NONE    
       col[3]            INPUT        F10        LVCMOS33          N/A          PULLUP      NONE    
       col[2]            INPUT        C11        LVCMOS33          N/A          PULLUP      NONE    
       col[1]            INPUT        D11        LVCMOS33          N/A          PULLUP      NONE    
       col[0]            INPUT        E11        LVCMOS33          N/A          PULLUP      NONE    
  DigitronCS_Out[3]     OUTPUT         A3        LVCMOS33           8            NONE       NONE    
  DigitronCS_Out[2]     OUTPUT         A5        LVCMOS33           8            NONE       NONE    
  DigitronCS_Out[1]     OUTPUT         B6        LVCMOS33           8            NONE       NONE    
  DigitronCS_Out[0]     OUTPUT         C9        LVCMOS33           8            NONE       NONE    
   Digitron_Out[7]      OUTPUT         C8        LVCMOS33           8            NONE       NONE    
   Digitron_Out[6]      OUTPUT         A8        LVCMOS33           8            NONE       NONE    
   Digitron_Out[5]      OUTPUT         B5        LVCMOS33           8            NONE       NONE    
   Digitron_Out[4]      OUTPUT         A7        LVCMOS33           8            NONE       NONE    
   Digitron_Out[3]      OUTPUT         E8        LVCMOS33           8            NONE       NONE    
   Digitron_Out[2]      OUTPUT         B8        LVCMOS33           8            NONE       NONE    
   Digitron_Out[1]      OUTPUT         A6        LVCMOS33           8            NONE       NONE    
   Digitron_Out[0]      OUTPUT         A4        LVCMOS33           8            NONE       NONE    
       buzzer           OUTPUT        H11        LVCMOS33           8            NONE       NONE    
        light           OUTPUT        B14        LVCMOS33           8            NONE       NONE    
       row[3]           OUTPUT         D9        LVCMOS33           8            NONE       NONE    
       row[2]           OUTPUT         F9        LVCMOS33           8            NONE       NONE    
       row[1]           OUTPUT        C10        LVCMOS33           8            NONE       NONE    
       row[0]           OUTPUT        E10        LVCMOS33           8            NONE       NONE    

Report Hierarchy Area:
+-------------------------------------------------------------------------------------------+
|Instance |Module                      |le     |lut     |ripple  |seq     |bram    |dsp     |
+-------------------------------------------------------------------------------------------+
|top      |keyboard_instance           |652    |435     |137     |228     |0       |0       |
|  U1     |keyboard_scan               |73     |50      |9       |53      |0       |0       |
|  U2     |key_filter                  |60     |30      |6       |50      |0       |0       |
|  U3     |onehot2binary               |470    |322     |117     |109     |0       |0       |
|  U5     |Digitron_TimeDisplay_module |44     |28      |5       |16      |0       |0       |
+-------------------------------------------------------------------------------------------+


DataNet Average Fanout:

   Index     Fanout    Nets  
    #1         1       392   
    #2         2       155   
    #3         3        27   
    #4         4        37   
    #5        5-10      85   
    #6       11-50      16   
  Average     2.44           

RUN-1002 : start command "export_db keyboard_pr.db"
RUN-1001 : Exported /
RUN-1001 : Exported flow parameters
RUN-1001 : Exported libs
RUN-1001 : Exported entities
RUN-1001 : Exported ports
RUN-1001 : Exported pins
RUN-1001 : Exported instances
RUN-1001 : Exported nets
RUN-1001 : Exported buses
RUN-1001 : Exported models
RUN-1001 : Exported congestions
RUN-1001 : Exported violations
RUN-1001 : Exported timing constraints
RUN-1001 : Exported IO constraints
RUN-1001 : Exported Inst constraints
RUN-1002 : start command "export_bid keyboard_inst.bid"
RUN-1002 : start command "bitgen -bit keyboard.bit -unused_io_status pulldown"
BIT-1003 : Start to generate bitstream. 
BIT-1002 : Bitgen processed 164 unused pads, reserve input tri_state with pulldown
BIT-1002 : Init instances with 16 threads.
BIT-1002 : Init instances completely, inst num: 527
BIT-1002 : Init pips with 16 threads.
BIT-1002 : Init pips completely, net num: 741, pip num: 5108
BIT-1002 : Init feedthrough with 16 threads.
BIT-1002 : Init feedthrough completely, num: 10
BIT-1003 : Multithreading accelaration with 16 threads.
BIT-1003 : Generate bitstream completely, there are 735 valid insts, and 16967 bits set as '1'.
BIT-1004 : PLL setting string = 0000
BIT-1004 : Generate bits file keyboard.bit.
RUN-1003 : finish command "bitgen -bit keyboard.bit -unused_io_status pulldown" in  1.401774s wall, 6.593750s user + 0.000000s system = 6.593750s CPU (470.4%)

RUN-1004 : used memory is 432 MB, reserved memory is 414 MB, peak memory is 626 MB
RUN-1002 : start command "backup_run_log run.log ../.logs/phy_1/td_20240828_144456.log"
