============================================================
   Tang Dynasty, V5.6.59063
   Copyright (c) 2012-2022 Anlogic
   Executable = E:/Anlogic/TD5.6.59063/bin/td.exe
   Built at =   12:45:13 Sep  6 2022
   Run by =     19234
   Run Date =   Thu Aug 29 00:38:11 2024

   Run on =     ERIKPSW
============================================================
RUN-1002 : start command "open_project keyboard.prj"
RUN-1001 : Print Global Property
RUN-1001 : ---------------------------------------------------------------
RUN-1001 :        Parameters        |  Settings  |  Default Values  |  Note  
RUN-1001 : ---------------------------------------------------------------
RUN-1001 :          message         |  standard  |     standard     |        
RUN-1001 :   mixed_pack_place_flow  |     on     |        on        |        
RUN-1001 :        qor_monitor       |    off     |       off        |        
RUN-1001 :        syn_ip_flow       |    off     |       off        |        
RUN-1001 :          thread          |    auto    |       auto       |        
RUN-1001 : ---------------------------------------------------------------
RUN-1001 : Print Design Property
RUN-1001 : --------------------------------------------------------------
RUN-1001 :        Parameters       |  Settings  |  Default Values  |  Note  
RUN-1001 : --------------------------------------------------------------
RUN-1001 :   default_reg_initial   |    auto    |       auto       |        
RUN-1001 :        infer_add        |     on     |        on        |        
RUN-1001 :        infer_fsm        |    off     |       off        |        
RUN-1001 :        infer_mult       |     on     |        on        |        
RUN-1001 :        infer_ram        |     on     |        on        |        
RUN-1001 :        infer_reg        |     on     |        on        |        
RUN-1001 :   infer_reg_init_value  |     on     |        on        |        
RUN-1001 :        infer_rom        |     on     |        on        |        
RUN-1001 :      infer_shifter      |     on     |        on        |        
RUN-1001 : --------------------------------------------------------------
RUN-1001 : Print Rtl Property
RUN-1001 : --------------------------------------------------------------
RUN-1001 :        Parameters       |  Settings  |  Default Values  |  Note  
RUN-1001 : --------------------------------------------------------------
RUN-1001 :       compress_add      |   ripple   |      ripple      |        
RUN-1001 :        elf_sload        |    off     |       off        |        
RUN-1001 :       fix_undriven      |     0      |        0         |        
RUN-1001 :         flatten         |    off     |       off        |        
RUN-1001 :       gate_sharing      |     on     |        on        |        
RUN-1001 :    hdl_warning_level    |   normal   |      normal      |        
RUN-1001 :   impl_internal_tribuf  |     on     |        on        |        
RUN-1001 :      impl_set_reset     |     on     |        on        |        
RUN-1001 :        infer_gsr        |    off     |       off        |        
RUN-1001 :      keep_hierarchy     |    auto    |       auto       |        
RUN-1001 :        max_fanout       |    9999    |       9999       |        
RUN-1001 :      max_oh2bin_len     |     10     |        10        |        
RUN-1001 :       merge_equal       |     on     |        on        |        
RUN-1001 :       merge_equiv       |     on     |        on        |        
RUN-1001 :        merge_mux        |    off     |       off        |        
RUN-1001 :     min_control_set     |     8      |        8         |        
RUN-1001 :      min_ripple_len     |    auto    |       auto       |        
RUN-1001 :       oh2bin_ratio      |    0.08    |       0.08       |        
RUN-1001 :     opt_adder_fanout    |     on     |        on        |        
RUN-1001 :        opt_arith        |     on     |        on        |        
RUN-1001 :       opt_big_gate      |    off     |       off        |        
RUN-1001 :        opt_const        |     on     |        on        |        
RUN-1001 :      opt_const_mult     |     on     |        on        |        
RUN-1001 :       opt_lessthan      |     on     |        on        |        
RUN-1001 :         opt_mux         |    off     |       off        |        
RUN-1001 :         opt_ram         |    high    |       high       |        
RUN-1001 :      rtl_sim_model      |    off     |       off        |        
RUN-1001 :         seq_syn         |     on     |        on        |        
RUN-1001 : --------------------------------------------------------------
HDL-1007 : analyze verilog file ../../../src/Digitron_TimeDisplay_module.v
HDL-1007 : analyze verilog file ../../../src/key_filter.v
HDL-1007 : analyze verilog file ../../../src/keyboard_instance.v
HDL-1007 : undeclared symbol 'secrect', assumed default net type 'wire' in ../../../src/keyboard_instance.v(44)
HDL-1007 : analyze verilog file ../../../src/keyboard_scan.v
HDL-1007 : analyze verilog file ../../../src/led_effect.v
HDL-1007 : analyze verilog file ../../../src/onehot2binary.v
RUN-1001 : Project manager successfully analyzed 6 source files.
RUN-1002 : start command "import_device eagle_s20.db -package EG4S20BG256"
ARC-1001 : Device Initialization.
ARC-1001 : ------------------------------------------------------------------
ARC-1001 :            OPTION            |          IO          |   SETTING   
ARC-1001 : ------------------------------------------------------------------
ARC-1001 :   cso_b/cclk/mosi/miso/dout  |  T3/R11/T10/P10/S11  |    gpio    
ARC-1001 :             done             |         P13          |    gpio    
ARC-1001 :           program_b          |          T2          |  dedicate  
ARC-1001 :        tdi/tms/tck/tdo       |   C12/A15/C14/E14    |  dedicate  
ARC-1001 : ------------------------------------------------------------------
ARC-1004 : Device setting, marked 5 dedicate IOs in total.
RUN-1002 : start command "import_db ../syn_1/keyboard_gate.db"
RUN-1001 : Importing database generated by Tang Dynasty, V5.6.59063.
RUN-1001 : Database version number 46140.
RUN-1001 : Import flow parameters
RUN-1001 : Import timing constraints
RUN-1001 : Import IO constraints
RUN-1001 : Import Inst constraints
RUN-1001 : Import design success TD_VERSION=5.6.59063 , DB_VERSION=46140
RUN-1002 : start command "read_sdc"
USR-1002 : read_sdc file_name -help -h -eco
USR-1009 : NO module with IP_SDC ...
RUN-1104 : Import SDC file  finished, there are 0 nets kept by constraints.
RUN-1002 : start command "place"
RUN-1001 : Open license file E:/Anlogic/TD5.6.59063/license/Anlogic.lic
RUN-1001 : Print Global Property
RUN-1001 : ---------------------------------------------------------------
RUN-1001 :        Parameters        |  Settings  |  Default Values  |  Note  
RUN-1001 : ---------------------------------------------------------------
RUN-1001 :          message         |  standard  |     standard     |        
RUN-1001 :   mixed_pack_place_flow  |     on     |        on        |        
RUN-1001 :        qor_monitor       |    off     |       off        |        
RUN-1001 :        syn_ip_flow       |    off     |       off        |        
RUN-1001 :          thread          |    auto    |       auto       |        
RUN-1001 : ---------------------------------------------------------------
RUN-1001 : Print Place Property
RUN-1001 : --------------------------------------------------------------
RUN-1001 :        Parameters       |  Settings  |  Default Values  |  Note  
RUN-1001 : --------------------------------------------------------------
RUN-1001 :      detailed_place     |     on     |        on        |        
RUN-1001 :          effort         |   medium   |      medium      |        
RUN-1001 :         fix_hold        |    off     |       off        |        
RUN-1001 :       legalization      |    ori     |       ori        |        
RUN-1001 :      new_spreading      |     on     |        on        |        
RUN-1001 :        opt_timing       |   medium   |      medium      |        
RUN-1001 :   post_clock_route_opt  |    off     |       off        |        
RUN-1001 :       pr_strategy       |     1      |        1         |        
RUN-1001 :        relaxation       |    1.00    |       1.00       |        
RUN-1001 :         retiming        |    off     |       off        |        
RUN-1001 : --------------------------------------------------------------
PHY-3001 : Placer runs in 16 thread(s).
RUN-1002 : start command "legalize_phy_inst"
SYN-1011 : Flatten model keyboard_instance
RUN-1002 : start command "phys_opt -simplify_lut"
SYN-4024 : Net "clk_50M_dup_1" drives clk pins.
SYN-4024 : Net "U1/scan_clk" drives clk pins.
SYN-4025 : Tag rtl::Net U1/scan_clk as clock net
SYN-4025 : Tag rtl::Net clk_50M_dup_1 as clock net
SYN-4026 : Tagged 2 rtl::Net as clock net
SYN-4015 : Create BUFG instance for clk Net U1/scan_clk to drive 20 clock pins.
PHY-1001 : Populate physical database on model keyboard_instance.
RUN-1001 : There are total 880 instances
RUN-0007 : 435 luts, 259 seqs, 110 mslices, 41 lslices, 31 pads, 0 brams, 0 dsps
RUN-1001 : There are total 1022 nets
RUN-1001 : 646 nets have 2 pins
RUN-1001 : 238 nets have [3 - 5] pins
RUN-1001 : 108 nets have [6 - 10] pins
RUN-1001 : 18 nets have [11 - 20] pins
RUN-1001 : 10 nets have [21 - 99] pins
RUN-1001 : 2 nets have 100+ pins
RUN-1001 : Report Control nets information:
RUN-1001 : DFF Distribution
RUN-1001 : ----------------------------------
RUN-1001 :   CE   |  SSR  |  ASR  |  DFF Count  
RUN-1001 : ----------------------------------
RUN-1001 :   No   |  No   |  No   |     109     
RUN-1001 :   No   |  No   |  Yes  |     20      
RUN-1001 :   No   |  Yes  |  No   |     49      
RUN-1001 :   Yes  |  No   |  No   |     49      
RUN-1001 :   Yes  |  No   |  Yes  |     32      
RUN-1001 :   Yes  |  Yes  |  No   |      0      
RUN-1001 : ----------------------------------
RUN-0007 : Control Group Statistic
RUN-0007 : ---------------------------
RUN-0007 :   #CLK  |  #CE  |  #SSR/ASR  
RUN-0007 : ---------------------------
RUN-0007 :    2    |   5   |     3      
RUN-0007 : ---------------------------
RUN-0007 : Control Set = 8
PHY-3001 : Initial placement ...
PHY-3001 : design contains 878 instances, 435 luts, 259 seqs, 151 slices, 15 macros(151 instances: 110 mslices 41 lslices)
PHY-0007 : Cell area utilization is 3%
PHY-3001 : Start timing update ...
RUN-1002 : start command "start_timer -report"
TMR-2505 : Start building timing graph for model keyboard_instance.
TMR-2506 : Build timing graph completely. Port num: 9, tpin num: 3807, tnet num: 1020, tinst num: 878, tnode num: 4507, tedge num: 6066.
TMR-2508 : Levelizing timing graph completed, there are 49 levels in total.
TMR-2501 : Timing graph initialized successfully.
TMR-2503 : Start to update net delay, extr mode = 2.
TMR-2504 : Update delay of 1020 nets completely.
TMR-2502 : Annotate delay completely, extr mode = 2.
TMR-3001 : Initiate 0 clocks from SDC.
TMR-3004 : Map sdc constraints, there are 0 constraints in total.
TMR-3003 : Constraints initiated successfully.
TMR-3501 : Forward propagation: start to calculate arrival time...
TMR-3502 : Backward propagation: start to calculate required time...
TMR-3503 : Timing propagation completes.
PHY-3001 : End timing update;  0.186758s wall, 0.000000s user + 0.000000s system = 0.000000s CPU (n/a%)

PHY-3001 : Global placement ...
PHY-3001 : Initial: Len = 231860
PHY-3001 : Clustering ...
PHY-3001 : Level 0 #clusters 878.
PHY-3001 : End clustering;  0.000016s wall, 0.000000s user + 0.000000s system = 0.000000s CPU (n/a%)

PHY-3001 : Run with size of 4
PHY-3001 : Cell area utilization is 3%
PHY-3001 : :::0::: Try harder cell spreading with beta_ = 0
PHY-3002 : Step(1): len = 153947, overlap = 0
PHY-3002 : Step(2): len = 106200, overlap = 0
PHY-3002 : Step(3): len = 75370.4, overlap = 0
PHY-3002 : Step(4): len = 54162.6, overlap = 0
PHY-3002 : Step(5): len = 43371.2, overlap = 1.25
PHY-3002 : Step(6): len = 36037.4, overlap = 7.0625
PHY-3002 : Step(7): len = 30770.8, overlap = 10.8125
PHY-3002 : Step(8): len = 30006.7, overlap = 13.375
PHY-3002 : Step(9): len = 26984.7, overlap = 13.125
PHY-3002 : Step(10): len = 25657.2, overlap = 13.1562
PHY-3002 : Step(11): len = 25955.1, overlap = 12.9688
PHY-3002 : Step(12): len = 24436.3, overlap = 13.5
PHY-3002 : Step(13): len = 24682.4, overlap = 12.25
PHY-3002 : Step(14): len = 24395.9, overlap = 11.5312
PHY-3002 : Step(15): len = 22296.6, overlap = 12.125
PHY-3002 : Step(16): len = 21234.7, overlap = 11
PHY-3002 : Step(17): len = 21752.6, overlap = 10.625
PHY-3002 : Step(18): len = 21386.9, overlap = 10.8438
PHY-3002 : Step(19): len = 20513.5, overlap = 9.6875
PHY-3002 : Step(20): len = 19696.1, overlap = 12.625
PHY-3002 : Step(21): len = 19958.5, overlap = 16
PHY-3002 : Step(22): len = 19802.3, overlap = 21
PHY-3002 : Step(23): len = 20168.7, overlap = 23.4375
PHY-3002 : Step(24): len = 18634.1, overlap = 25.25
PHY-3002 : Step(25): len = 18796.2, overlap = 25.6875
PHY-3002 : Step(26): len = 18972.3, overlap = 28.3438
PHY-3002 : Step(27): len = 18170.1, overlap = 29.875
PHY-3002 : Step(28): len = 17808.5, overlap = 29.4688
PHY-3002 : Step(29): len = 18402, overlap = 29.0625
PHY-3002 : Step(30): len = 18909.7, overlap = 26.625
PHY-3001 : :::1::: Try harder cell spreading with beta_ = 0.0123796
PHY-3002 : Step(31): len = 18855.4, overlap = 27.9375
PHY-3002 : Step(32): len = 16275.4, overlap = 28.4688
PHY-3002 : Step(33): len = 16138.5, overlap = 28.1562
PHY-3002 : Step(34): len = 16270.2, overlap = 28.1562
PHY-3001 : Legalization ...
PHY-3001 : End legalization;  0.004189s wall, 0.000000s user + 0.000000s system = 0.000000s CPU (n/a%)

PHY-3001 : Run with size of 4
PHY-3001 : Cell area utilization is 4%
PHY-3001 : Update timing in Manhattan mode ...
TMR-2503 : Start to update net delay, extr mode = 3.
TMR-2504 : Update delay of 1020 nets completely.
TMR-2502 : Annotate delay completely, extr mode = 3.
TMR-3501 : Forward propagation: start to calculate arrival time...
TMR-3502 : Backward propagation: start to calculate required time...
TMR-3503 : Timing propagation completes.
PHY-3001 : End timing update;  0.010623s wall, 0.000000s user + 0.000000s system = 0.000000s CPU (n/a%)

PHY-3001 : :::0::: Try harder cell spreading with beta_ = 2.41903e-05
PHY-3002 : Step(35): len = 15902.3, overlap = 44.375
PHY-3002 : Step(36): len = 15902.3, overlap = 44.375
PHY-3002 : Step(37): len = 16528.5, overlap = 37.8438
PHY-3002 : Step(38): len = 16528.5, overlap = 37.8438
PHY-3002 : Step(39): len = 16138.1, overlap = 37.4062
PHY-3002 : Step(40): len = 16413.6, overlap = 37.4062
PHY-3002 : Step(41): len = 16673.2, overlap = 31.4062
PHY-3001 : :::1::: Try harder cell spreading with beta_ = 4.83806e-05
PHY-3002 : Step(42): len = 17710.3, overlap = 23.2188
PHY-3002 : Step(43): len = 17900.1, overlap = 22.7812
PHY-3002 : Step(44): len = 17641.2, overlap = 22.0625
PHY-3002 : Step(45): len = 17257.6, overlap = 22.1562
PHY-3002 : Step(46): len = 17334.8, overlap = 22.0625
PHY-3001 : :::2::: Try harder cell spreading with beta_ = 9.67612e-05
PHY-3002 : Step(47): len = 17407, overlap = 20.9375
PHY-3002 : Step(48): len = 17507.5, overlap = 20.75
PHY-3002 : Step(49): len = 17997, overlap = 11.625
PHY-3002 : Step(50): len = 18106.8, overlap = 11.1562
PHY-3002 : Step(51): len = 16974.1, overlap = 14.2188
PHY-3002 : Step(52): len = 16992.7, overlap = 14.9062
PHY-3002 : Step(53): len = 17015.8, overlap = 14.875
PHY-3001 : :::3::: Try harder cell spreading with beta_ = 0.000193522
PHY-3002 : Step(54): len = 16717.4, overlap = 15.0938
PHY-3002 : Step(55): len = 16735.1, overlap = 15.3125
PHY-3002 : Step(56): len = 16744.2, overlap = 15.4375
PHY-3001 : Run with size of 2
PHY-3001 : Cell area utilization is 4%
PHY-3001 : Update timing in Manhattan mode ...
TMR-2503 : Start to update net delay, extr mode = 3.
TMR-2504 : Update delay of 1020 nets completely.
TMR-2502 : Annotate delay completely, extr mode = 3.
TMR-3501 : Forward propagation: start to calculate arrival time...
TMR-3502 : Backward propagation: start to calculate required time...
TMR-3503 : Timing propagation completes.
PHY-3001 : End timing update;  0.010531s wall, 0.000000s user + 0.000000s system = 0.000000s CPU (n/a%)

PHY-3001 : :::0::: Try harder cell spreading with beta_ = 1.88075e-05
PHY-3002 : Step(57): len = 17625.8, overlap = 29.3125
PHY-3002 : Step(58): len = 17837.6, overlap = 29.0625
PHY-3002 : Step(59): len = 18048, overlap = 28.625
PHY-3001 : :::1::: Try harder cell spreading with beta_ = 3.76149e-05
PHY-3002 : Step(60): len = 18044.9, overlap = 26
PHY-3002 : Step(61): len = 18226.3, overlap = 25.4688
PHY-3002 : Step(62): len = 18626, overlap = 22.8438
PHY-3002 : Step(63): len = 18840.8, overlap = 20.9375
PHY-3002 : Step(64): len = 18687.1, overlap = 19.8125
PHY-3002 : Step(65): len = 18886, overlap = 19.9375
PHY-3002 : Step(66): len = 18902.5, overlap = 28.0312
PHY-3002 : Step(67): len = 18897.8, overlap = 26.8125
PHY-3002 : Step(68): len = 18387, overlap = 27.9062
PHY-3002 : Step(69): len = 18626, overlap = 26.9062
PHY-3002 : Step(70): len = 18751.3, overlap = 27.8438
PHY-3002 : Step(71): len = 18492.7, overlap = 28.0938
PHY-3002 : Step(72): len = 17354.7, overlap = 27.7188
PHY-3002 : Step(73): len = 17454.9, overlap = 28.0625
PHY-3002 : Step(74): len = 17490.7, overlap = 28
PHY-3001 : :::2::: Try harder cell spreading with beta_ = 7.52299e-05
PHY-3002 : Step(75): len = 17200.9, overlap = 25.2188
PHY-3002 : Step(76): len = 17205.6, overlap = 25.3438
PHY-3002 : Step(77): len = 17203.4, overlap = 24.3125
PHY-3001 : :::3::: Try harder cell spreading with beta_ = 0.00015046
PHY-3002 : Step(78): len = 18000.5, overlap = 27.125
PHY-3002 : Step(79): len = 18528.4, overlap = 27.2188
PHY-3002 : Step(80): len = 18729.9, overlap = 26.3438
PHY-3001 : :::4::: Try harder cell spreading with beta_ = 0.00030092
PHY-3002 : Step(81): len = 18691, overlap = 25.9375
PHY-3002 : Step(82): len = 18698.9, overlap = 26.2188
PHY-3002 : Step(83): len = 18957.4, overlap = 19.6562
PHY-3002 : Step(84): len = 19029.7, overlap = 19.2188
PHY-3002 : Step(85): len = 19057.8, overlap = 21.7188
OPT-1001 : Start physical optimization ...
RUN-1002 : start command "start_timer -report"
TMR-2505 : Start building timing graph for model keyboard_instance.
TMR-2506 : Build timing graph completely. Port num: 9, tpin num: 3807, tnet num: 1020, tinst num: 878, tnode num: 4507, tedge num: 6066.
TMR-2508 : Levelizing timing graph completed, there are 49 levels in total.
TMR-2501 : Timing graph initialized successfully.
OPT-1001 : Total overflow 58.28 peak overflow 2.94
OPT-1001 : Start high-fanout net optimization ...
OPT-1001 : Update timing in global mode
PHY-1001 : Start incremental global routing, caller is place ...
RUN-1001 : Generating global routing grids ...
RUN-1001 : Building simple global routing graph ...
PHY-1001 : Generate routing nets ...
PHY-1001 : Reuse net number 0/1022.
PHY-1001 : Global iterations in 16 thread ...
PHY-1002 : len = 22024, over cnt = 86(0%), over = 323, worst = 17
PHY-1001 : End global iterations;  0.062878s wall, 0.000000s user + 0.000000s system = 0.000000s CPU (n/a%)

PHY-1001 : Congestion index: top1 = 26.77, top5 = 13.02, top10 = 7.71, top15 = 5.31.
PHY-1001 : End incremental global routing;  0.117210s wall, 0.015625s user + 0.000000s system = 0.015625s CPU (13.3%)

TMR-2503 : Start to update net delay, extr mode = 5.
TMR-2504 : Update delay of 1020 nets completely.
TMR-2502 : Annotate delay completely, extr mode = 5.
TMR-3001 : Initiate 0 clocks from SDC.
TMR-3004 : Map sdc constraints, there are 0 constraints in total.
TMR-3003 : Constraints initiated successfully.
TMR-3501 : Forward propagation: start to calculate arrival time...
TMR-3502 : Backward propagation: start to calculate required time...
TMR-3503 : Timing propagation completes.
OPT-1001 : End timing update;  0.015499s wall, 0.000000s user + 0.000000s system = 0.000000s CPU (n/a%)

OPT-1001 : 0 high-fanout net processed.
OPT-1001 : End high-fanout net optimization;  0.143814s wall, 0.015625s user + 0.000000s system = 0.015625s CPU (10.9%)

OPT-1001 : Current memory(MB): used = 154, reserve = 125, peak = 154.
OPT-1001 : Start global optimization ...
OPT-1001 : Start congestion update ...
RUN-1001 : Generating global routing grids ...
PHY-1001 : Generate routing nets ...
PHY-1001 : Reuse net number 631/1022.
PHY-1001 : Global iterations in 16 thread ...
PHY-1002 : len = 22024, over cnt = 86(0%), over = 323, worst = 17
PHY-1002 : len = 24576, over cnt = 62(0%), over = 121, worst = 10
PHY-1002 : len = 25880, over cnt = 16(0%), over = 16, worst = 1
PHY-1002 : len = 25960, over cnt = 10(0%), over = 10, worst = 1
PHY-1002 : len = 26104, over cnt = 0(0%), over = 0, worst = 0
PHY-1001 : End global iterations;  0.049430s wall, 0.000000s user + 0.000000s system = 0.000000s CPU (n/a%)

PHY-1001 : Congestion index: top1 = 25.60, top5 = 13.90, top10 = 8.63, top15 = 6.01.
OPT-1001 : End congestion update;  0.092417s wall, 0.000000s user + 0.000000s system = 0.000000s CPU (n/a%)

OPT-1001 : Update timing in Manhattan mode
TMR-2503 : Start to update net delay, extr mode = 3.
TMR-2504 : Update delay of 1020 nets completely.
TMR-2502 : Annotate delay completely, extr mode = 3.
TMR-3501 : Forward propagation: start to calculate arrival time...
TMR-3502 : Backward propagation: start to calculate required time...
TMR-3503 : Timing propagation completes.
OPT-1001 : End timing update;  0.011204s wall, 0.000000s user + 0.000000s system = 0.000000s CPU (n/a%)

OPT-0007 : Start: WNS 2147483647 TNS 0 NUM_FEPS 0
OPT-1001 : End global optimization;  0.103717s wall, 0.000000s user + 0.000000s system = 0.000000s CPU (n/a%)

OPT-1001 : Current memory(MB): used = 155, reserve = 126, peak = 155.
OPT-1001 : End physical optimization;  0.439694s wall, 0.125000s user + 0.000000s system = 0.125000s CPU (28.4%)

PHY-3001 : Start packing ...
SYN-4007 : Packing 0 MUX to BLE ...
SYN-4008 : Packed 0 MUX and 0 SEQ to BLE.
SYN-4007 : Packing 435 LUT to BLE ...
SYN-4008 : Packed 435 LUT and 156 SEQ to BLE.
SYN-4003 : Packing 103 remaining SEQ's ...
SYN-4005 : Packed 55 SEQ with LUT/SLICE
SYN-4006 : 232 single LUT's are left
SYN-4006 : 48 single SEQ's are left
SYN-4011 : Packing model "keyboard_instance" (AL_USER_NORMAL) with 483/669 primitive instances ...
PHY-3001 : End packing;  0.028798s wall, 0.000000s user + 0.000000s system = 0.000000s CPU (n/a%)

PHY-1001 : Populate physical database on model keyboard_instance.
RUN-1001 : There are total 442 instances
RUN-1001 : 204 mslices, 203 lslices, 31 pads, 0 brams, 0 dsps
RUN-1001 : There are total 880 nets
RUN-1001 : 506 nets have 2 pins
RUN-1001 : 239 nets have [3 - 5] pins
RUN-1001 : 106 nets have [6 - 10] pins
RUN-1001 : 19 nets have [11 - 20] pins
RUN-1001 : 8 nets have [21 - 99] pins
RUN-1001 : 2 nets have 100+ pins
PHY-3001 : design contains 440 instances, 407 slices, 15 macros(151 instances: 110 mslices 41 lslices)
PHY-3001 : Cell area utilization is 5%
PHY-3001 : After packing: Len = 19507.8, Over = 29.5
PHY-3001 : Run with size of 2
PHY-3001 : Cell area utilization is 5%
PHY-3001 : Update timing in Manhattan mode ...
RUN-1002 : start command "start_timer -report"
TMR-2505 : Start building timing graph for model keyboard_instance.
TMR-2506 : Build timing graph completely. Port num: 9, tpin num: 3336, tnet num: 878, tinst num: 440, tnode num: 3863, tedge num: 5554.
TMR-2508 : Levelizing timing graph completed, there are 47 levels in total.
TMR-2501 : Timing graph initialized successfully.
TMR-2503 : Start to update net delay, extr mode = 3.
TMR-2504 : Update delay of 878 nets completely.
TMR-2502 : Annotate delay completely, extr mode = 3.
TMR-3001 : Initiate 0 clocks from SDC.
TMR-3004 : Map sdc constraints, there are 0 constraints in total.
TMR-3003 : Constraints initiated successfully.
TMR-3501 : Forward propagation: start to calculate arrival time...
TMR-3502 : Backward propagation: start to calculate required time...
TMR-3503 : Timing propagation completes.
PHY-3001 : End timing update;  0.210901s wall, 0.093750s user + 0.000000s system = 0.093750s CPU (44.5%)

PHY-3001 : :::0::: Try harder cell spreading with beta_ = 3.00166e-05
PHY-3002 : Step(86): len = 18824.5, overlap = 28.75
PHY-3002 : Step(87): len = 18935.2, overlap = 26.75
PHY-3002 : Step(88): len = 18112.8, overlap = 28.5
PHY-3002 : Step(89): len = 17485, overlap = 31.75
PHY-3002 : Step(90): len = 17520.7, overlap = 32
PHY-3002 : Step(91): len = 17534.3, overlap = 32.25
PHY-3001 : :::1::: Try harder cell spreading with beta_ = 6.00332e-05
PHY-3002 : Step(92): len = 17975.5, overlap = 30.5
PHY-3002 : Step(93): len = 18108, overlap = 30
PHY-3002 : Step(94): len = 18385.2, overlap = 29.25
PHY-3001 : :::2::: Try harder cell spreading with beta_ = 0.000120066
PHY-3002 : Step(95): len = 19195.1, overlap = 24
PHY-3002 : Step(96): len = 19352.9, overlap = 22
PHY-3002 : Step(97): len = 19742.4, overlap = 21.25
PHY-3001 : Legalization ...
PHY-3001 : End legalization;  0.174927s wall, 0.031250s user + 0.000000s system = 0.031250s CPU (17.9%)

PHY-3001 : Trial Legalized: Len = 27001.8
PHY-3001 : Run with size of 2
PHY-3001 : Cell area utilization is 5%
PHY-3001 : Update timing in Manhattan mode ...
TMR-2503 : Start to update net delay, extr mode = 3.
TMR-2504 : Update delay of 878 nets completely.
TMR-2502 : Annotate delay completely, extr mode = 3.
TMR-3501 : Forward propagation: start to calculate arrival time...
TMR-3502 : Backward propagation: start to calculate required time...
TMR-3503 : Timing propagation completes.
PHY-3001 : End timing update;  0.015285s wall, 0.000000s user + 0.000000s system = 0.000000s CPU (n/a%)

PHY-3001 : :::0::: Try harder cell spreading with beta_ = 0.000686969
PHY-3002 : Step(98): len = 24250.9, overlap = 5.25
PHY-3002 : Step(99): len = 22025.8, overlap = 11.75
PHY-3002 : Step(100): len = 21005.2, overlap = 13.25
PHY-3002 : Step(101): len = 20662.3, overlap = 14.75
PHY-3002 : Step(102): len = 20305, overlap = 16
PHY-3002 : Step(103): len = 20242.9, overlap = 16.25
PHY-3002 : Step(104): len = 20203, overlap = 16.75
PHY-3001 : :::1::: Try harder cell spreading with beta_ = 0.00137394
PHY-3002 : Step(105): len = 20125, overlap = 16.5
PHY-3002 : Step(106): len = 20113.1, overlap = 16.5
PHY-3001 : :::2::: Try harder cell spreading with beta_ = 0.00244361
PHY-3002 : Step(107): len = 20162.4, overlap = 16.5
PHY-3002 : Step(108): len = 20167, overlap = 16.5
PHY-3001 : Legalization ...
PHY-3001 : End legalization;  0.005786s wall, 0.000000s user + 0.000000s system = 0.000000s CPU (n/a%)

PHY-3001 : Legalized: Len = 23916.7, Over = 0
PHY-3001 : End spreading;  0.003510s wall, 0.000000s user + 0.000000s system = 0.000000s CPU (n/a%)

PHY-3001 : Final: Len = 23916.7, Over = 0
OPT-1001 : Start physical optimization ...
RUN-1002 : start command "start_timer -report"
TMR-2505 : Start building timing graph for model keyboard_instance.
TMR-2506 : Build timing graph completely. Port num: 9, tpin num: 3336, tnet num: 878, tinst num: 440, tnode num: 3863, tedge num: 5554.
TMR-2508 : Levelizing timing graph completed, there are 47 levels in total.
TMR-2501 : Timing graph initialized successfully.
OPT-1001 : Total overflow 0.00 peak overflow 0.00
OPT-1001 : Start high-fanout net optimization ...
OPT-1001 : Update timing in global mode
PHY-1001 : Start incremental global routing, caller is place ...
RUN-1001 : Generating global routing grids ...
PHY-1001 : Generate routing nets ...
PHY-1001 : Reuse net number 24/880.
PHY-1001 : Global iterations in 16 thread ...
PHY-1002 : len = 28088, over cnt = 85(0%), over = 119, worst = 5
PHY-1002 : len = 28712, over cnt = 31(0%), over = 42, worst = 5
PHY-1002 : len = 29112, over cnt = 15(0%), over = 16, worst = 2
PHY-1002 : len = 29320, over cnt = 2(0%), over = 2, worst = 1
PHY-1002 : len = 29336, over cnt = 0(0%), over = 0, worst = 0
PHY-1001 : End global iterations;  0.078426s wall, 0.015625s user + 0.000000s system = 0.015625s CPU (19.9%)

PHY-1001 : Congestion index: top1 = 22.56, top5 = 15.51, top10 = 9.97, top15 = 7.03.
PHY-1001 : End incremental global routing;  0.127538s wall, 0.046875s user + 0.000000s system = 0.046875s CPU (36.8%)

TMR-2503 : Start to update net delay, extr mode = 5.
TMR-2504 : Update delay of 878 nets completely.
TMR-2502 : Annotate delay completely, extr mode = 5.
TMR-3001 : Initiate 0 clocks from SDC.
TMR-3004 : Map sdc constraints, there are 0 constraints in total.
TMR-3003 : Constraints initiated successfully.
TMR-3501 : Forward propagation: start to calculate arrival time...
TMR-3502 : Backward propagation: start to calculate required time...
TMR-3503 : Timing propagation completes.
OPT-1001 : End timing update;  0.015506s wall, 0.000000s user + 0.000000s system = 0.000000s CPU (n/a%)

OPT-1001 : 0 high-fanout net processed.
OPT-1001 : End high-fanout net optimization;  0.153327s wall, 0.046875s user + 0.000000s system = 0.046875s CPU (30.6%)

OPT-1001 : Current memory(MB): used = 159, reserve = 130, peak = 159.
OPT-1001 : Start path based optimization ...
OPT-1001 : Start congestion update ...
RUN-1001 : Generating global routing grids ...
PHY-1001 : Generate routing nets ...
PHY-1001 : Reuse net number 713/880.
PHY-1001 : Global iterations in 16 thread ...
PHY-1002 : len = 29336, over cnt = 0(0%), over = 0, worst = 0
PHY-1001 : End global iterations;  0.002994s wall, 0.000000s user + 0.000000s system = 0.000000s CPU (n/a%)

PHY-1001 : Congestion index: top1 = 22.56, top5 = 15.51, top10 = 9.97, top15 = 7.03.
OPT-1001 : End congestion update;  0.046506s wall, 0.000000s user + 0.000000s system = 0.000000s CPU (n/a%)

OPT-1001 : Update timing in Manhattan mode
TMR-2503 : Start to update net delay, extr mode = 3.
TMR-2504 : Update delay of 878 nets completely.
TMR-2502 : Annotate delay completely, extr mode = 3.
TMR-3501 : Forward propagation: start to calculate arrival time...
TMR-3502 : Backward propagation: start to calculate required time...
TMR-3503 : Timing propagation completes.
OPT-1001 : End timing update;  0.011574s wall, 0.000000s user + 0.000000s system = 0.000000s CPU (n/a%)

OPT-0007 : Start: WNS 2147483647 TNS 0 NUM_FEPS 0
OPT-1001 : End path based optimization;  0.058181s wall, 0.015625s user + 0.000000s system = 0.015625s CPU (26.9%)

OPT-1001 : Current memory(MB): used = 160, reserve = 131, peak = 160.
OPT-1001 : Update timing in Manhattan mode
TMR-2503 : Start to update net delay, extr mode = 3.
TMR-2504 : Update delay of 878 nets completely.
TMR-2502 : Annotate delay completely, extr mode = 3.
TMR-3501 : Forward propagation: start to calculate arrival time...
TMR-3502 : Backward propagation: start to calculate required time...
TMR-3503 : Timing propagation completes.
OPT-1001 : End timing update;  0.008338s wall, 0.000000s user + 0.000000s system = 0.000000s CPU (n/a%)

OPT-1001 : Start pin optimization...
OPT-1001 : skip pin optimization...
OPT-1001 : Update timing in global mode
PHY-1001 : Start incremental global routing, caller is place ...
RUN-1001 : Generating global routing grids ...
PHY-1001 : Generate routing nets ...
PHY-1001 : Reuse net number 713/880.
PHY-1001 : Global iterations in 16 thread ...
PHY-1002 : len = 29336, over cnt = 0(0%), over = 0, worst = 0
PHY-1001 : End global iterations;  0.002980s wall, 0.000000s user + 0.000000s system = 0.000000s CPU (n/a%)

PHY-1001 : Congestion index: top1 = 22.56, top5 = 15.51, top10 = 9.97, top15 = 7.03.
PHY-1001 : End incremental global routing;  0.047814s wall, 0.000000s user + 0.000000s system = 0.000000s CPU (n/a%)

TMR-2503 : Start to update net delay, extr mode = 5.
TMR-2504 : Update delay of 878 nets completely.
TMR-2502 : Annotate delay completely, extr mode = 5.
TMR-3501 : Forward propagation: start to calculate arrival time...
TMR-3502 : Backward propagation: start to calculate required time...
TMR-3503 : Timing propagation completes.
OPT-1001 : End timing update;  0.012747s wall, 0.000000s user + 0.000000s system = 0.000000s CPU (n/a%)

RUN-1001 : Generating global routing grids ...
PHY-1001 : Generate routing nets ...
PHY-1001 : Reuse net number 713/880.
PHY-1001 : Global iterations in 16 thread ...
PHY-1002 : len = 29336, over cnt = 0(0%), over = 0, worst = 0
PHY-1001 : End global iterations;  0.002792s wall, 0.015625s user + 0.000000s system = 0.015625s CPU (559.6%)

PHY-1001 : Congestion index: top1 = 22.56, top5 = 15.51, top10 = 9.97, top15 = 7.03.
OPT-1001 : Update timing in Manhattan mode
TMR-2503 : Start to update net delay, extr mode = 3.
TMR-2504 : Update delay of 878 nets completely.
TMR-2502 : Annotate delay completely, extr mode = 3.
TMR-3501 : Forward propagation: start to calculate arrival time...
TMR-3502 : Backward propagation: start to calculate required time...
TMR-3503 : Timing propagation completes.
OPT-1001 : End timing update;  0.009358s wall, 0.000000s user + 0.000000s system = 0.000000s CPU (n/a%)

RUN-1001 : QoR Analysis:
OPT-0007 :   WNS 2147483647 TNS 0 NUM_FEPS 0
RUN-1001 :   No local congestion issue, and most congested 1% tile average routing util is 22.172414
RUN-1001 :   Top critical paths
OPT-1001 : End physical optimization;  0.538636s wall, 0.187500s user + 0.000000s system = 0.187500s CPU (34.8%)

RUN-1003 : finish command "place" in  4.772015s wall, 0.812500s user + 0.281250s system = 1.093750s CPU (22.9%)

RUN-1004 : used memory is 144 MB, reserved memory is 114 MB, peak memory is 161 MB
RUN-1002 : start command "export_db keyboard_place.db"
RUN-1001 : Exported /
RUN-1001 : Exported flow parameters
RUN-1001 : Exported libs
RUN-1001 : Exported entities
RUN-1001 : Exported ports
RUN-1001 : Exported pins
RUN-1001 : Exported instances
RUN-1001 : Exported nets
RUN-1001 : Exported buses
RUN-1001 : Exported models
RUN-1001 : Exported congestions
RUN-1001 : Exported violations
RUN-1001 : Exported timing constraints
RUN-1001 : Exported IO constraints
RUN-1001 : Exported Inst constraints
RUN-1002 : start command "route"
RUN-1001 : Open license file E:/Anlogic/TD5.6.59063/license/Anlogic.lic
RUN-1001 : Print Global Property
RUN-1001 : ---------------------------------------------------------------
RUN-1001 :        Parameters        |  Settings  |  Default Values  |  Note  
RUN-1001 : ---------------------------------------------------------------
RUN-1001 :          message         |  standard  |     standard     |        
RUN-1001 :   mixed_pack_place_flow  |     on     |        on        |        
RUN-1001 :        qor_monitor       |    off     |       off        |        
RUN-1001 :        syn_ip_flow       |    off     |       off        |        
RUN-1001 :          thread          |    auto    |       auto       |        
RUN-1001 : ---------------------------------------------------------------
RUN-1001 : Print Route Property
RUN-1001 : -------------------------------------------------------
RUN-1001 :    Parameters    |  Settings  |  Default Values  |  Note  
RUN-1001 : -------------------------------------------------------
RUN-1001 :      effort      |   medium   |      medium      |        
RUN-1001 :     fix_hold     |    off     |       off        |        
RUN-1001 :    opt_timing    |   medium   |      medium      |        
RUN-1001 :   phy_sim_model  |    off     |       off        |        
RUN-1001 :     priority     |   timing   |      timing      |        
RUN-1001 :     swap_pin     |     on     |        on        |        
RUN-1001 : -------------------------------------------------------
PHY-1001 : Route runs in 16 thread(s)
RUN-1001 : There are total 442 instances
RUN-1001 : 204 mslices, 203 lslices, 31 pads, 0 brams, 0 dsps
RUN-1001 : There are total 880 nets
RUN-1001 : 506 nets have 2 pins
RUN-1001 : 239 nets have [3 - 5] pins
RUN-1001 : 106 nets have [6 - 10] pins
RUN-1001 : 19 nets have [11 - 20] pins
RUN-1001 : 8 nets have [21 - 99] pins
RUN-1001 : 2 nets have 100+ pins
RUN-1002 : start command "start_timer -report"
TMR-2505 : Start building timing graph for model keyboard_instance.
TMR-2506 : Build timing graph completely. Port num: 9, tpin num: 3336, tnet num: 878, tinst num: 440, tnode num: 3863, tedge num: 5554.
TMR-2508 : Levelizing timing graph completed, there are 47 levels in total.
TMR-2501 : Timing graph initialized successfully.
PHY-1001 : 204 mslices, 203 lslices, 31 pads, 0 brams, 0 dsps
TMR-2503 : Start to update net delay, extr mode = 3.
TMR-2504 : Update delay of 878 nets completely.
TMR-2502 : Annotate delay completely, extr mode = 3.
TMR-3001 : Initiate 0 clocks from SDC.
TMR-3004 : Map sdc constraints, there are 0 constraints in total.
TMR-3003 : Constraints initiated successfully.
TMR-3501 : Forward propagation: start to calculate arrival time...
TMR-3502 : Backward propagation: start to calculate required time...
TMR-3503 : Timing propagation completes.
PHY-1001 : Start global routing, caller is route ...
RUN-1001 : Generating global routing grids ...
PHY-1001 : Generate routing nets ...
PHY-1001 : Global iterations in 16 thread ...
PHY-1002 : len = 27912, over cnt = 84(0%), over = 120, worst = 5
PHY-1002 : len = 28392, over cnt = 56(0%), over = 69, worst = 3
PHY-1002 : len = 29216, over cnt = 5(0%), over = 5, worst = 1
PHY-1002 : len = 29288, over cnt = 0(0%), over = 0, worst = 0
PHY-1001 : End global iterations;  0.082588s wall, 0.031250s user + 0.000000s system = 0.031250s CPU (37.8%)

PHY-1001 : Congestion index: top1 = 22.82, top5 = 15.62, top10 = 9.99, top15 = 7.02.
PHY-1001 : End global routing;  0.125122s wall, 0.031250s user + 0.000000s system = 0.031250s CPU (25.0%)

PHY-1001 : Start detail routing ...
PHY-1001 : Current memory(MB): used = 180, reserve = 151, peak = 194.
PHY-1001 : Detailed router is running in normal mode.
PHY-1001 : Generate detailed routing grids ...
PHY-1001 : Generate nets ...
PHY-1001 : net clk_50M_dup_1 will be routed on clock mesh
PHY-1001 : clock net U1/scan_clk_syn_4 will be merged with clock U1/scan_clk
PHY-1001 : Current memory(MB): used = 447, reserve = 422, peak = 447.
PHY-1001 : End build detailed router design. 3.524030s wall, 1.234375s user + 0.015625s system = 1.250000s CPU (35.5%)

PHY-1001 : Detail Route ...
PHY-1001 : ===== Detail Route Phase 1 =====
PHY-1001 : Clock net routing.....
PHY-1001 : Routed 0% nets.
PHY-1022 : len = 10144, over cnt = 0(0%), over = 0, worst = 0, crit = 0
PHY-1001 : End initial clock net routed; 0.340186s wall, 0.015625s user + 0.000000s system = 0.015625s CPU (4.6%)

PHY-1001 : Current memory(MB): used = 477, reserve = 455, peak = 477.
PHY-1001 : End phase 1; 0.346040s wall, 0.015625s user + 0.000000s system = 0.015625s CPU (4.5%)

PHY-1001 : ===== Detail Route Phase 2 =====
PHY-1001 : Initial routing.....
PHY-1001 : Routed 20% nets.
PHY-1001 : Routed 35% nets.
PHY-1001 : Routed 37% nets.
PHY-1001 : Routed 37% nets.
PHY-1001 : Routed 37% nets.
PHY-1001 : Patch 377 net; 0.301400s wall, 0.000000s user + 0.000000s system = 0.000000s CPU (n/a%)

PHY-1022 : len = 58008, over cnt = 31(0%), over = 31, worst = 1, crit = 0
PHY-1001 : Current memory(MB): used = 477, reserve = 455, peak = 477.
PHY-1001 : End initial routed; 0.430781s wall, 0.015625s user + 0.000000s system = 0.015625s CPU (3.6%)

PHY-1001 : Update timing.....
PHY-1001 : 0/711(0%) critical/total net(s).
RUN-1001 : ------------------------------------------
RUN-1001 :   Type   |    WNS(ns)    |  TNS(ns)  |  FEP  
RUN-1001 : ------------------------------------------
RUN-1001 :   Setup  |  2147483.647  |   0.000   |   0   
RUN-1001 :   Hold   |  2147483.647  |   0.000   |   0   
RUN-1001 : ------------------------------------------
PHY-1001 : End update timing; 0.238150s wall, 0.046875s user + 0.000000s system = 0.046875s CPU (19.7%)

PHY-1001 : Current memory(MB): used = 478, reserve = 455, peak = 478.
PHY-1001 : End phase 2; 0.669017s wall, 0.062500s user + 0.000000s system = 0.062500s CPU (9.3%)

PHY-1001 : ===== Detail Route Phase 3 =====
PHY-1001 : Optimize timing.....
PHY-1022 : len = 58008, over cnt = 31(0%), over = 31, worst = 1, crit = 0
PHY-1001 : End optimize timing; 0.004700s wall, 0.000000s user + 0.000000s system = 0.000000s CPU (n/a%)

PHY-1001 : Ripup-reroute.....
PHY-1001 : ===== DR Iter 1 =====
PHY-1022 : len = 58088, over cnt = 4(0%), over = 4, worst = 1, crit = 0
PHY-1001 : End DR Iter 1; 0.029477s wall, 0.000000s user + 0.000000s system = 0.000000s CPU (n/a%)

PHY-1001 : ===== DR Iter 2 =====
PHY-1022 : len = 58048, over cnt = 0(0%), over = 0, worst = 0, crit = 0
PHY-1001 : End DR Iter 2; 0.016734s wall, 0.000000s user + 0.000000s system = 0.000000s CPU (n/a%)

PHY-1001 : Update timing.....
PHY-1001 : 0/711(0%) critical/total net(s).
RUN-1001 : ------------------------------------------
RUN-1001 :   Type   |    WNS(ns)    |  TNS(ns)  |  FEP  
RUN-1001 : ------------------------------------------
RUN-1001 :   Setup  |  2147483.647  |   0.000   |   0   
RUN-1001 :   Hold   |  2147483.647  |   0.000   |   0   
RUN-1001 : ------------------------------------------
PHY-1001 : End update timing; 0.218033s wall, 0.078125s user + 0.000000s system = 0.078125s CPU (35.8%)

PHY-1001 : Commit to database.....
PHY-1001 : 8 feed throughs used by 8 nets
PHY-1001 : End commit to database; 0.085369s wall, 0.000000s user + 0.000000s system = 0.000000s CPU (n/a%)

PHY-1001 : Current memory(MB): used = 490, reserve = 466, peak = 490.
PHY-1001 : End phase 3; 0.484274s wall, 0.078125s user + 0.000000s system = 0.078125s CPU (16.1%)

PHY-1003 : Routed, final wirelength = 58048
PHY-1001 : Current memory(MB): used = 490, reserve = 467, peak = 490.
PHY-1001 : End export database. 0.006362s wall, 0.000000s user + 0.000000s system = 0.000000s CPU (n/a%)

PHY-1001 : End detail routing;  5.219491s wall, 1.406250s user + 0.031250s system = 1.437500s CPU (27.5%)

RUN-1003 : finish command "route" in  5.601951s wall, 1.515625s user + 0.031250s system = 1.546875s CPU (27.6%)

RUN-1004 : used memory is 438 MB, reserved memory is 414 MB, peak memory is 490 MB
RUN-1002 : start command "report_area -io_info -file keyboard_phy.area"
RUN-1001 : standard
***Report Model: keyboard_instance Device: EG4S20BG256***

IO Statistics
#IO                        31
  #input                    6
  #output                  25
  #inout                    0

Utilization Statistics
#lut                      737   out of  19600    3.76%
#reg                      259   out of  19600    1.32%
#le                       785
  #lut only               526   out of    785   67.01%
  #reg only                48   out of    785    6.11%
  #lut&reg                211   out of    785   26.88%
#dsp                        0   out of     29    0.00%
#bram                       0   out of     64    0.00%
  #bram9k                   0
  #fifo9k                   0
#bram32k                    0   out of     16    0.00%
#pad                       31   out of    188   16.49%
  #ireg                     0
  #oreg                     0
  #treg                     0
#pll                        0   out of      4    0.00%
#gclk                       2   out of     16   12.50%

Clock Resource Statistics
Index     ClockNet         Type               DriverType         Driver                      Fanout
#1        clk_50M_dup_1    GCLK               io                 clk_50M_syn_2.di            147
#2        U1/scan_clk      GCLK               lslice             U1/scan_clk_reg_syn_9.q0    10


Detailed IO Report

        Name           Direction    Location    IOStandard    DriveStrength    PullType    PackReg  
        RSTn             INPUT         A9        LVCMOS33          N/A          PULLUP      NONE    
       clk_50M           INPUT         R7        LVCMOS33          N/A          PULLUP      NONE    
       col[3]            INPUT        F10        LVCMOS33          N/A          PULLUP      NONE    
       col[2]            INPUT        C11        LVCMOS33          N/A          PULLUP      NONE    
       col[1]            INPUT        D11        LVCMOS33          N/A          PULLUP      NONE    
       col[0]            INPUT        E11        LVCMOS33          N/A          PULLUP      NONE    
  DigitronCS_Out[3]     OUTPUT         A3        LVCMOS33           8            NONE       NONE    
  DigitronCS_Out[2]     OUTPUT         A5        LVCMOS33           8            NONE       NONE    
  DigitronCS_Out[1]     OUTPUT         B6        LVCMOS33           8            NONE       NONE    
  DigitronCS_Out[0]     OUTPUT         C9        LVCMOS33           8            NONE       NONE    
   Digitron_Out[7]      OUTPUT         C8        LVCMOS33           8            NONE       NONE    
   Digitron_Out[6]      OUTPUT         A8        LVCMOS33           8            NONE       NONE    
   Digitron_Out[5]      OUTPUT         B5        LVCMOS33           8            NONE       NONE    
   Digitron_Out[4]      OUTPUT         A7        LVCMOS33           8            NONE       NONE    
   Digitron_Out[3]      OUTPUT         E8        LVCMOS33           8            NONE       NONE    
   Digitron_Out[2]      OUTPUT         B8        LVCMOS33           8            NONE       NONE    
   Digitron_Out[1]      OUTPUT         A6        LVCMOS33           8            NONE       NONE    
   Digitron_Out[0]      OUTPUT         A4        LVCMOS33           8            NONE       NONE    
       buzzer           OUTPUT        H11        LVCMOS33           8            NONE       NONE    
       leds[6]          OUTPUT        B15        LVCMOS33           8            NONE       NONE    
       leds[5]          OUTPUT        B16        LVCMOS33           8            NONE       NONE    
       leds[4]          OUTPUT        C15        LVCMOS33           8            NONE       NONE    
       leds[3]          OUTPUT        C16        LVCMOS33           8            NONE       NONE    
       leds[2]          OUTPUT        E13        LVCMOS33           8            NONE       NONE    
       leds[1]          OUTPUT        E16        LVCMOS33           8            NONE       NONE    
       leds[0]          OUTPUT        F16        LVCMOS33           8            NONE       NONE    
        light           OUTPUT        B14        LVCMOS33           8            NONE       NONE    
       row[3]           OUTPUT         D9        LVCMOS33           8            NONE       NONE    
       row[2]           OUTPUT         F9        LVCMOS33           8            NONE       NONE    
       row[1]           OUTPUT        C10        LVCMOS33           8            NONE       NONE    
       row[0]           OUTPUT        E10        LVCMOS33           8            NONE       NONE    

Report Hierarchy Area:
+-------------------------------------------------------------------------------------------+
|Instance |Module                      |le     |lut     |ripple  |seq     |bram    |dsp     |
+-------------------------------------------------------------------------------------------+
|top      |keyboard_instance           |785    |586     |151     |259     |0       |0       |
|  U1     |keyboard_scan               |71     |49      |9       |53      |0       |0       |
|  U2     |key_filter                  |59     |20      |6       |49      |0       |0       |
|  U3     |onehot2binary               |595    |463     |131     |129     |0       |0       |
|  U5     |Digitron_TimeDisplay_module |40     |34      |5       |16      |0       |0       |
|  U6     |Led_effect                  |15     |15      |0       |12      |0       |0       |
+-------------------------------------------------------------------------------------------+


DataNet Average Fanout:

   Index     Fanout    Nets  
    #1         1       475   
    #2         2       151   
    #3         3        42   
    #4         4        46   
    #5        5-10     108   
    #6       11-50      22   
    #7       51-100     1    
  Average     2.69           

RUN-1002 : start command "export_db keyboard_pr.db"
RUN-1001 : Exported /
RUN-1001 : Exported flow parameters
RUN-1001 : Exported libs
RUN-1001 : Exported entities
RUN-1001 : Exported ports
RUN-1001 : Exported pins
RUN-1001 : Exported instances
RUN-1001 : Exported nets
RUN-1001 : Exported buses
RUN-1001 : Exported models
RUN-1001 : Exported congestions
RUN-1001 : Exported violations
RUN-1001 : Exported timing constraints
RUN-1001 : Exported IO constraints
RUN-1001 : Exported Inst constraints
RUN-1002 : start command "export_bid keyboard_inst.bid"
RUN-1002 : start command "bitgen -bit keyboard.bit -unused_io_status pulldown"
BIT-1003 : Start to generate bitstream. 
BIT-1002 : Bitgen processed 157 unused pads, reserve input tri_state with pulldown
BIT-1002 : Init instances with 16 threads.
BIT-1002 : Init instances completely, inst num: 597
BIT-1002 : Init pips with 16 threads.
BIT-1002 : Init pips completely, net num: 880, pip num: 6628
BIT-1002 : Init feedthrough completely, num: 8
BIT-1003 : Multithreading accelaration with 16 threads.
BIT-1003 : Generate bitstream completely, there are 808 valid insts, and 22187 bits set as '1'.
BIT-1004 : PLL setting string = 0000
BIT-1004 : Generate bits file keyboard.bit.
RUN-1003 : finish command "bitgen -bit keyboard.bit -unused_io_status pulldown" in  1.654298s wall, 8.703125s user + 0.046875s system = 8.750000s CPU (528.9%)

RUN-1004 : used memory is 440 MB, reserved memory is 414 MB, peak memory is 631 MB
RUN-1002 : start command "backup_run_log run.log ../.logs/phy_1/td_20240829_003811.log"
