============================================================
   Tang Dynasty, V5.6.59063
   Copyright (c) 2012-2022 Anlogic
   Executable = E:/Anlogic/TD5.6.59063/bin/td.exe
   Built at =   12:45:13 Sep  6 2022
   Run by =     19234
   Run Date =   Wed Aug 28 23:35:12 2024

   Run on =     ERIKPSW
============================================================
RUN-1002 : start command "open_project keyboard.prj"
RUN-1001 : Print Global Property
RUN-1001 : ---------------------------------------------------------------
RUN-1001 :        Parameters        |  Settings  |  Default Values  |  Note  
RUN-1001 : ---------------------------------------------------------------
RUN-1001 :          message         |  standard  |     standard     |        
RUN-1001 :   mixed_pack_place_flow  |     on     |        on        |        
RUN-1001 :        qor_monitor       |    off     |       off        |        
RUN-1001 :        syn_ip_flow       |    off     |       off        |        
RUN-1001 :          thread          |    auto    |       auto       |        
RUN-1001 : ---------------------------------------------------------------
RUN-1001 : Print Design Property
RUN-1001 : --------------------------------------------------------------
RUN-1001 :        Parameters       |  Settings  |  Default Values  |  Note  
RUN-1001 : --------------------------------------------------------------
RUN-1001 :   default_reg_initial   |    auto    |       auto       |        
RUN-1001 :        infer_add        |     on     |        on        |        
RUN-1001 :        infer_fsm        |    off     |       off        |        
RUN-1001 :        infer_mult       |     on     |        on        |        
RUN-1001 :        infer_ram        |     on     |        on        |        
RUN-1001 :        infer_reg        |     on     |        on        |        
RUN-1001 :   infer_reg_init_value  |     on     |        on        |        
RUN-1001 :        infer_rom        |     on     |        on        |        
RUN-1001 :      infer_shifter      |     on     |        on        |        
RUN-1001 : --------------------------------------------------------------
RUN-1001 : Print Rtl Property
RUN-1001 : --------------------------------------------------------------
RUN-1001 :        Parameters       |  Settings  |  Default Values  |  Note  
RUN-1001 : --------------------------------------------------------------
RUN-1001 :       compress_add      |   ripple   |      ripple      |        
RUN-1001 :        elf_sload        |    off     |       off        |        
RUN-1001 :       fix_undriven      |     0      |        0         |        
RUN-1001 :         flatten         |    off     |       off        |        
RUN-1001 :       gate_sharing      |     on     |        on        |        
RUN-1001 :    hdl_warning_level    |   normal   |      normal      |        
RUN-1001 :   impl_internal_tribuf  |     on     |        on        |        
RUN-1001 :      impl_set_reset     |     on     |        on        |        
RUN-1001 :        infer_gsr        |    off     |       off        |        
RUN-1001 :      keep_hierarchy     |    auto    |       auto       |        
RUN-1001 :        max_fanout       |    9999    |       9999       |        
RUN-1001 :      max_oh2bin_len     |     10     |        10        |        
RUN-1001 :       merge_equal       |     on     |        on        |        
RUN-1001 :       merge_equiv       |     on     |        on        |        
RUN-1001 :        merge_mux        |    off     |       off        |        
RUN-1001 :     min_control_set     |     8      |        8         |        
RUN-1001 :      min_ripple_len     |    auto    |       auto       |        
RUN-1001 :       oh2bin_ratio      |    0.08    |       0.08       |        
RUN-1001 :     opt_adder_fanout    |     on     |        on        |        
RUN-1001 :        opt_arith        |     on     |        on        |        
RUN-1001 :       opt_big_gate      |    off     |       off        |        
RUN-1001 :        opt_const        |     on     |        on        |        
RUN-1001 :      opt_const_mult     |     on     |        on        |        
RUN-1001 :       opt_lessthan      |     on     |        on        |        
RUN-1001 :         opt_mux         |    off     |       off        |        
RUN-1001 :         opt_ram         |    high    |       high       |        
RUN-1001 :      rtl_sim_model      |    off     |       off        |        
RUN-1001 :         seq_syn         |     on     |        on        |        
RUN-1001 : --------------------------------------------------------------
HDL-1007 : analyze verilog file ../../../src/Digitron_TimeDisplay_module.v
HDL-1007 : analyze verilog file ../../../src/key_filter.v
HDL-1007 : analyze verilog file ../../../src/keyboard_instance.v
HDL-1007 : undeclared symbol 'secrect', assumed default net type 'wire' in ../../../src/keyboard_instance.v(42)
HDL-1007 : analyze verilog file ../../../src/keyboard_scan.v
HDL-1007 : analyze verilog file ../../../src/onehot2binary.v
RUN-1001 : Project manager successfully analyzed 5 source files.
RUN-1002 : start command "import_device eagle_s20.db -package EG4S20BG256"
ARC-1001 : Device Initialization.
ARC-1001 : ------------------------------------------------------------------
ARC-1001 :            OPTION            |          IO          |   SETTING   
ARC-1001 : ------------------------------------------------------------------
ARC-1001 :   cso_b/cclk/mosi/miso/dout  |  T3/R11/T10/P10/S11  |    gpio    
ARC-1001 :             done             |         P13          |    gpio    
ARC-1001 :           program_b          |          T2          |  dedicate  
ARC-1001 :        tdi/tms/tck/tdo       |   C12/A15/C14/E14    |  dedicate  
ARC-1001 : ------------------------------------------------------------------
ARC-1004 : Device setting, marked 5 dedicate IOs in total.
RUN-1002 : start command "import_db ../syn_1/keyboard_gate.db"
RUN-1001 : Importing database generated by Tang Dynasty, V5.6.59063.
RUN-1001 : Database version number 46140.
RUN-1001 : Import flow parameters
RUN-1001 : Import timing constraints
RUN-1001 : Import IO constraints
RUN-1001 : Import Inst constraints
RUN-1001 : Import design success TD_VERSION=5.6.59063 , DB_VERSION=46140
RUN-1002 : start command "read_sdc"
USR-1002 : read_sdc file_name -help -h -eco
USR-1009 : NO module with IP_SDC ...
RUN-1104 : Import SDC file  finished, there are 0 nets kept by constraints.
RUN-1002 : start command "place"
RUN-1001 : Open license file E:/Anlogic/TD5.6.59063/license/Anlogic.lic
RUN-1001 : Print Global Property
RUN-1001 : ---------------------------------------------------------------
RUN-1001 :        Parameters        |  Settings  |  Default Values  |  Note  
RUN-1001 : ---------------------------------------------------------------
RUN-1001 :          message         |  standard  |     standard     |        
RUN-1001 :   mixed_pack_place_flow  |     on     |        on        |        
RUN-1001 :        qor_monitor       |    off     |       off        |        
RUN-1001 :        syn_ip_flow       |    off     |       off        |        
RUN-1001 :          thread          |    auto    |       auto       |        
RUN-1001 : ---------------------------------------------------------------
RUN-1001 : Print Place Property
RUN-1001 : --------------------------------------------------------------
RUN-1001 :        Parameters       |  Settings  |  Default Values  |  Note  
RUN-1001 : --------------------------------------------------------------
RUN-1001 :      detailed_place     |     on     |        on        |        
RUN-1001 :          effort         |   medium   |      medium      |        
RUN-1001 :         fix_hold        |    off     |       off        |        
RUN-1001 :       legalization      |    ori     |       ori        |        
RUN-1001 :      new_spreading      |     on     |        on        |        
RUN-1001 :        opt_timing       |   medium   |      medium      |        
RUN-1001 :   post_clock_route_opt  |    off     |       off        |        
RUN-1001 :       pr_strategy       |     1      |        1         |        
RUN-1001 :        relaxation       |    1.00    |       1.00       |        
RUN-1001 :         retiming        |    off     |       off        |        
RUN-1001 : --------------------------------------------------------------
PHY-3001 : Placer runs in 16 thread(s).
RUN-1002 : start command "legalize_phy_inst"
SYN-1011 : Flatten model keyboard_instance
RUN-1002 : start command "phys_opt -simplify_lut"
SYN-4024 : Net "clk_50M_dup_1" drives clk pins.
SYN-4024 : Net "U1/scan_clk" drives clk pins.
SYN-4025 : Tag rtl::Net U1/scan_clk as clock net
SYN-4025 : Tag rtl::Net clk_50M_dup_1 as clock net
SYN-4026 : Tagged 2 rtl::Net as clock net
SYN-4015 : Create BUFG instance for clk Net U1/scan_clk to drive 20 clock pins.
PHY-1001 : Populate physical database on model keyboard_instance.
RUN-1001 : There are total 832 instances
RUN-0007 : 411 luts, 242 seqs, 110 mslices, 41 lslices, 24 pads, 0 brams, 0 dsps
RUN-1001 : There are total 974 nets
RUN-1001 : 600 nets have 2 pins
RUN-1001 : 254 nets have [3 - 5] pins
RUN-1001 : 91 nets have [6 - 10] pins
RUN-1001 : 17 nets have [11 - 20] pins
RUN-1001 : 10 nets have [21 - 99] pins
RUN-1001 : 2 nets have 100+ pins
RUN-1001 : Report Control nets information:
RUN-1001 : DFF Distribution
RUN-1001 : ----------------------------------
RUN-1001 :   CE   |  SSR  |  ASR  |  DFF Count  
RUN-1001 : ----------------------------------
RUN-1001 :   No   |  No   |  No   |     93      
RUN-1001 :   No   |  No   |  Yes  |     20      
RUN-1001 :   No   |  Yes  |  No   |     49      
RUN-1001 :   Yes  |  No   |  No   |     48      
RUN-1001 :   Yes  |  No   |  Yes  |     32      
RUN-1001 :   Yes  |  Yes  |  No   |      0      
RUN-1001 : ----------------------------------
RUN-0007 : Control Group Statistic
RUN-0007 : ---------------------------
RUN-0007 :   #CLK  |  #CE  |  #SSR/ASR  
RUN-0007 : ---------------------------
RUN-0007 :    2    |   5   |     3      
RUN-0007 : ---------------------------
RUN-0007 : Control Set = 8
PHY-3001 : Initial placement ...
PHY-3001 : design contains 830 instances, 411 luts, 242 seqs, 151 slices, 15 macros(151 instances: 110 mslices 41 lslices)
PHY-0007 : Cell area utilization is 3%
PHY-3001 : Start timing update ...
RUN-1002 : start command "start_timer -report"
TMR-2505 : Start building timing graph for model keyboard_instance.
TMR-2506 : Build timing graph completely. Port num: 8, tpin num: 3670, tnet num: 972, tinst num: 830, tnode num: 4335, tedge num: 5895.
TMR-2508 : Levelizing timing graph completed, there are 47 levels in total.
TMR-2501 : Timing graph initialized successfully.
TMR-2503 : Start to update net delay, extr mode = 2.
TMR-2504 : Update delay of 972 nets completely.
TMR-2502 : Annotate delay completely, extr mode = 2.
TMR-3001 : Initiate 0 clocks from SDC.
TMR-3004 : Map sdc constraints, there are 0 constraints in total.
TMR-3003 : Constraints initiated successfully.
TMR-3501 : Forward propagation: start to calculate arrival time...
TMR-3502 : Backward propagation: start to calculate required time...
TMR-3503 : Timing propagation completes.
PHY-3001 : End timing update;  0.188909s wall, 0.015625s user + 0.000000s system = 0.015625s CPU (8.3%)

PHY-3001 : Global placement ...
PHY-3001 : Initial: Len = 242075
PHY-3001 : Clustering ...
PHY-3001 : Level 0 #clusters 830.
PHY-3001 : End clustering;  0.000026s wall, 0.000000s user + 0.000000s system = 0.000000s CPU (n/a%)

PHY-3001 : Run with size of 4
PHY-3001 : Cell area utilization is 3%
PHY-3001 : :::0::: Try harder cell spreading with beta_ = 0
PHY-3002 : Step(1): len = 158615, overlap = 0
PHY-3002 : Step(2): len = 103797, overlap = 0
PHY-3002 : Step(3): len = 77422.9, overlap = 0
PHY-3002 : Step(4): len = 51478.8, overlap = 0
PHY-3002 : Step(5): len = 41330.6, overlap = 0
PHY-3002 : Step(6): len = 37049.5, overlap = 3.125
PHY-3002 : Step(7): len = 30142.4, overlap = 9.1875
PHY-3002 : Step(8): len = 24949.3, overlap = 12.7188
PHY-3002 : Step(9): len = 24155.2, overlap = 13.4062
PHY-3002 : Step(10): len = 23022, overlap = 14.6875
PHY-3002 : Step(11): len = 20106.2, overlap = 15.1875
PHY-3002 : Step(12): len = 19602, overlap = 16.1562
PHY-3002 : Step(13): len = 19479.7, overlap = 17.3438
PHY-3002 : Step(14): len = 18301.8, overlap = 18.6562
PHY-3002 : Step(15): len = 18634.9, overlap = 18.2812
PHY-3002 : Step(16): len = 18966.2, overlap = 17.2812
PHY-3002 : Step(17): len = 18369.4, overlap = 14.5625
PHY-3002 : Step(18): len = 16533.7, overlap = 12.4688
PHY-3002 : Step(19): len = 16660.3, overlap = 12.75
PHY-3002 : Step(20): len = 16290.5, overlap = 19.125
PHY-3001 : :::1::: Try harder cell spreading with beta_ = 0.000228377
PHY-3002 : Step(21): len = 15409.6, overlap = 17.4375
PHY-3002 : Step(22): len = 15285.1, overlap = 17.5
PHY-3002 : Step(23): len = 15375.9, overlap = 17.75
PHY-3001 : :::2::: Try harder cell spreading with beta_ = 0.000456755
PHY-3002 : Step(24): len = 14651, overlap = 17.875
PHY-3002 : Step(25): len = 14716.2, overlap = 18.2812
PHY-3002 : Step(26): len = 14881.4, overlap = 19.125
PHY-3001 : Legalization ...
PHY-3001 : End legalization;  0.004110s wall, 0.000000s user + 0.000000s system = 0.000000s CPU (n/a%)

PHY-3001 : Run with size of 4
PHY-3001 : Cell area utilization is 4%
PHY-3001 : Update timing in Manhattan mode ...
TMR-2503 : Start to update net delay, extr mode = 3.
TMR-2504 : Update delay of 972 nets completely.
TMR-2502 : Annotate delay completely, extr mode = 3.
TMR-3501 : Forward propagation: start to calculate arrival time...
TMR-3502 : Backward propagation: start to calculate required time...
TMR-3503 : Timing propagation completes.
PHY-3001 : End timing update;  0.009319s wall, 0.000000s user + 0.000000s system = 0.000000s CPU (n/a%)

PHY-3001 : :::0::: Try harder cell spreading with beta_ = 2.45913e-06
PHY-3002 : Step(27): len = 14619, overlap = 38.0625
PHY-3002 : Step(28): len = 14692.7, overlap = 38.0625
PHY-3002 : Step(29): len = 15469.1, overlap = 38.5938
PHY-3001 : :::1::: Try harder cell spreading with beta_ = 4.91825e-06
PHY-3002 : Step(30): len = 14325.3, overlap = 38.9375
PHY-3002 : Step(31): len = 14733.2, overlap = 38.1562
PHY-3002 : Step(32): len = 14868.7, overlap = 37.7188
PHY-3001 : :::2::: Try harder cell spreading with beta_ = 9.83651e-06
PHY-3002 : Step(33): len = 14971.6, overlap = 36.1875
PHY-3002 : Step(34): len = 15209, overlap = 36
PHY-3002 : Step(35): len = 16751.3, overlap = 34.2812
PHY-3002 : Step(36): len = 17418.1, overlap = 33.0938
PHY-3002 : Step(37): len = 16797.1, overlap = 28.25
PHY-3002 : Step(38): len = 15965, overlap = 27.1875
PHY-3002 : Step(39): len = 16152.7, overlap = 27.3125
PHY-3002 : Step(40): len = 16334.4, overlap = 31.4688
PHY-3002 : Step(41): len = 16632, overlap = 33.875
PHY-3002 : Step(42): len = 15396.4, overlap = 24.5625
PHY-3002 : Step(43): len = 14312.9, overlap = 23.9688
PHY-3002 : Step(44): len = 14409.2, overlap = 25.7812
PHY-3002 : Step(45): len = 14531.3, overlap = 25.3438
PHY-3001 : :::3::: Try harder cell spreading with beta_ = 1.9673e-05
PHY-3002 : Step(46): len = 13855.5, overlap = 25.75
PHY-3002 : Step(47): len = 13987.2, overlap = 24.4375
PHY-3002 : Step(48): len = 13987.2, overlap = 24.4375
PHY-3001 : :::4::: Try harder cell spreading with beta_ = 3.9346e-05
PHY-3002 : Step(49): len = 13973.4, overlap = 25.75
PHY-3002 : Step(50): len = 13973.4, overlap = 25.75
PHY-3001 : Run with size of 2
PHY-3001 : Cell area utilization is 4%
PHY-3001 : Update timing in Manhattan mode ...
TMR-2503 : Start to update net delay, extr mode = 3.
TMR-2504 : Update delay of 972 nets completely.
TMR-2502 : Annotate delay completely, extr mode = 3.
TMR-3501 : Forward propagation: start to calculate arrival time...
TMR-3502 : Backward propagation: start to calculate required time...
TMR-3503 : Timing propagation completes.
PHY-3001 : End timing update;  0.009770s wall, 0.000000s user + 0.000000s system = 0.000000s CPU (n/a%)

PHY-3001 : :::0::: Try harder cell spreading with beta_ = 1.3322e-05
PHY-3002 : Step(51): len = 14891.5, overlap = 48.5938
PHY-3002 : Step(52): len = 15258.6, overlap = 48.0938
PHY-3002 : Step(53): len = 16372.9, overlap = 39.625
PHY-3002 : Step(54): len = 16658.6, overlap = 33.7812
PHY-3002 : Step(55): len = 15998, overlap = 32.3438
PHY-3002 : Step(56): len = 16381.9, overlap = 31.375
PHY-3002 : Step(57): len = 16592.1, overlap = 30.625
PHY-3001 : :::1::: Try harder cell spreading with beta_ = 2.6644e-05
PHY-3002 : Step(58): len = 15790.1, overlap = 30.375
PHY-3002 : Step(59): len = 15867.5, overlap = 30.4688
PHY-3002 : Step(60): len = 15960.2, overlap = 30.1562
PHY-3001 : :::2::: Try harder cell spreading with beta_ = 5.3288e-05
PHY-3002 : Step(61): len = 16150.2, overlap = 26.125
PHY-3002 : Step(62): len = 16250.3, overlap = 25
PHY-3002 : Step(63): len = 16633.2, overlap = 24.3438
OPT-1001 : Start physical optimization ...
RUN-1002 : start command "start_timer -report"
TMR-2505 : Start building timing graph for model keyboard_instance.
TMR-2506 : Build timing graph completely. Port num: 8, tpin num: 3670, tnet num: 972, tinst num: 830, tnode num: 4335, tedge num: 5895.
TMR-2508 : Levelizing timing graph completed, there are 47 levels in total.
TMR-2501 : Timing graph initialized successfully.
OPT-1001 : Total overflow 55.38 peak overflow 2.97
OPT-1001 : Start high-fanout net optimization ...
OPT-1001 : Update timing in global mode
PHY-1001 : Start incremental global routing, caller is place ...
RUN-1001 : Generating global routing grids ...
RUN-1001 : Building simple global routing graph ...
PHY-1001 : Generate routing nets ...
PHY-1001 : Reuse net number 0/974.
PHY-1001 : Global iterations in 16 thread ...
PHY-1002 : len = 17792, over cnt = 75(0%), over = 315, worst = 15
PHY-1001 : End global iterations;  0.044196s wall, 0.000000s user + 0.000000s system = 0.000000s CPU (n/a%)

PHY-1001 : Congestion index: top1 = 25.69, top5 = 11.02, top10 = 6.45, top15 = 4.30.
PHY-1001 : End incremental global routing;  0.102188s wall, 0.000000s user + 0.000000s system = 0.000000s CPU (n/a%)

TMR-2503 : Start to update net delay, extr mode = 5.
TMR-2504 : Update delay of 972 nets completely.
TMR-2502 : Annotate delay completely, extr mode = 5.
TMR-3001 : Initiate 0 clocks from SDC.
TMR-3004 : Map sdc constraints, there are 0 constraints in total.
TMR-3003 : Constraints initiated successfully.
TMR-3501 : Forward propagation: start to calculate arrival time...
TMR-3502 : Backward propagation: start to calculate required time...
TMR-3503 : Timing propagation completes.
OPT-1001 : End timing update;  0.021182s wall, 0.000000s user + 0.000000s system = 0.000000s CPU (n/a%)

OPT-1001 : 0 high-fanout net processed.
OPT-1001 : End high-fanout net optimization;  0.138157s wall, 0.000000s user + 0.000000s system = 0.000000s CPU (n/a%)

OPT-1001 : Current memory(MB): used = 151, reserve = 123, peak = 151.
OPT-1001 : Start global optimization ...
OPT-1001 : Start congestion update ...
RUN-1001 : Generating global routing grids ...
PHY-1001 : Generate routing nets ...
PHY-1001 : Reuse net number 521/974.
PHY-1001 : Global iterations in 16 thread ...
PHY-1002 : len = 17792, over cnt = 75(0%), over = 315, worst = 15
PHY-1002 : len = 20712, over cnt = 36(0%), over = 58, worst = 11
PHY-1002 : len = 21064, over cnt = 13(0%), over = 23, worst = 5
PHY-1002 : len = 21472, over cnt = 1(0%), over = 1, worst = 1
PHY-1002 : len = 21520, over cnt = 0(0%), over = 0, worst = 0
PHY-1001 : End global iterations;  0.046416s wall, 0.000000s user + 0.000000s system = 0.000000s CPU (n/a%)

PHY-1001 : Congestion index: top1 = 24.48, top5 = 12.07, top10 = 7.37, top15 = 4.97.
OPT-1001 : End congestion update;  0.087108s wall, 0.015625s user + 0.000000s system = 0.015625s CPU (17.9%)

OPT-1001 : Update timing in Manhattan mode
TMR-2503 : Start to update net delay, extr mode = 3.
TMR-2504 : Update delay of 972 nets completely.
TMR-2502 : Annotate delay completely, extr mode = 3.
TMR-3501 : Forward propagation: start to calculate arrival time...
TMR-3502 : Backward propagation: start to calculate required time...
TMR-3503 : Timing propagation completes.
OPT-1001 : End timing update;  0.010290s wall, 0.015625s user + 0.000000s system = 0.015625s CPU (151.8%)

OPT-0007 : Start: WNS 2147483647 TNS 0 NUM_FEPS 0
OPT-1001 : End global optimization;  0.097487s wall, 0.031250s user + 0.000000s system = 0.031250s CPU (32.1%)

OPT-1001 : Current memory(MB): used = 152, reserve = 124, peak = 152.
OPT-1001 : End physical optimization;  0.397130s wall, 0.031250s user + 0.000000s system = 0.031250s CPU (7.9%)

PHY-3001 : Start packing ...
SYN-4007 : Packing 0 MUX to BLE ...
SYN-4008 : Packed 0 MUX and 0 SEQ to BLE.
SYN-4007 : Packing 411 LUT to BLE ...
SYN-4008 : Packed 411 LUT and 139 SEQ to BLE.
SYN-4003 : Packing 103 remaining SEQ's ...
SYN-4005 : Packed 53 SEQ with LUT/SLICE
SYN-4006 : 226 single LUT's are left
SYN-4006 : 50 single SEQ's are left
SYN-4011 : Packing model "keyboard_instance" (AL_USER_NORMAL) with 461/640 primitive instances ...
PHY-3001 : End packing;  0.025155s wall, 0.000000s user + 0.000000s system = 0.000000s CPU (n/a%)

PHY-1001 : Populate physical database on model keyboard_instance.
RUN-1001 : There are total 418 instances
RUN-1001 : 195 mslices, 195 lslices, 24 pads, 0 brams, 0 dsps
RUN-1001 : There are total 847 nets
RUN-1001 : 473 nets have 2 pins
RUN-1001 : 258 nets have [3 - 5] pins
RUN-1001 : 88 nets have [6 - 10] pins
RUN-1001 : 17 nets have [11 - 20] pins
RUN-1001 : 9 nets have [21 - 99] pins
RUN-1001 : 2 nets have 100+ pins
PHY-3001 : design contains 416 instances, 390 slices, 15 macros(151 instances: 110 mslices 41 lslices)
PHY-3001 : Cell area utilization is 5%
PHY-3001 : After packing: Len = 16772.6, Over = 31
PHY-3001 : Run with size of 2
PHY-3001 : Cell area utilization is 5%
PHY-3001 : Update timing in Manhattan mode ...
RUN-1002 : start command "start_timer -report"
TMR-2505 : Start building timing graph for model keyboard_instance.
TMR-2506 : Build timing graph completely. Port num: 8, tpin num: 3235, tnet num: 845, tinst num: 416, tnode num: 3731, tedge num: 5410.
TMR-2508 : Levelizing timing graph completed, there are 45 levels in total.
TMR-2501 : Timing graph initialized successfully.
TMR-2503 : Start to update net delay, extr mode = 3.
TMR-2504 : Update delay of 845 nets completely.
TMR-2502 : Annotate delay completely, extr mode = 3.
TMR-3001 : Initiate 0 clocks from SDC.
TMR-3004 : Map sdc constraints, there are 0 constraints in total.
TMR-3003 : Constraints initiated successfully.
TMR-3501 : Forward propagation: start to calculate arrival time...
TMR-3502 : Backward propagation: start to calculate required time...
TMR-3503 : Timing propagation completes.
PHY-3001 : End timing update;  0.173081s wall, 0.125000s user + 0.000000s system = 0.125000s CPU (72.2%)

PHY-3001 : :::0::: Try harder cell spreading with beta_ = 2.3953e-05
PHY-3002 : Step(64): len = 16254.4, overlap = 31.5
PHY-3002 : Step(65): len = 16323.3, overlap = 31.75
PHY-3002 : Step(66): len = 15913.4, overlap = 31.75
PHY-3002 : Step(67): len = 15864.6, overlap = 32.25
PHY-3002 : Step(68): len = 15617.5, overlap = 33
PHY-3001 : :::1::: Try harder cell spreading with beta_ = 4.7906e-05
PHY-3002 : Step(69): len = 16136.6, overlap = 33.25
PHY-3002 : Step(70): len = 16212.2, overlap = 33
PHY-3002 : Step(71): len = 16422.9, overlap = 32.5
PHY-3001 : :::2::: Try harder cell spreading with beta_ = 9.58119e-05
PHY-3002 : Step(72): len = 17131.7, overlap = 31.25
PHY-3002 : Step(73): len = 17282.9, overlap = 29.25
PHY-3002 : Step(74): len = 17632.9, overlap = 29.75
PHY-3001 : Legalization ...
PHY-3001 : End legalization;  0.078553s wall, 0.000000s user + 0.000000s system = 0.000000s CPU (n/a%)

PHY-3001 : Trial Legalized: Len = 26015.8
PHY-3001 : Run with size of 2
PHY-3001 : Cell area utilization is 5%
PHY-3001 : Update timing in Manhattan mode ...
TMR-2503 : Start to update net delay, extr mode = 3.
TMR-2504 : Update delay of 845 nets completely.
TMR-2502 : Annotate delay completely, extr mode = 3.
TMR-3501 : Forward propagation: start to calculate arrival time...
TMR-3502 : Backward propagation: start to calculate required time...
TMR-3503 : Timing propagation completes.
PHY-3001 : End timing update;  0.010257s wall, 0.000000s user + 0.000000s system = 0.000000s CPU (n/a%)

PHY-3001 : :::0::: Try harder cell spreading with beta_ = 0.00274526
PHY-3002 : Step(75): len = 23908.5, overlap = 1
PHY-3002 : Step(76): len = 21872.5, overlap = 4.75
PHY-3002 : Step(77): len = 19872.9, overlap = 7.25
PHY-3002 : Step(78): len = 19611.7, overlap = 7.75
PHY-3002 : Step(79): len = 19466.3, overlap = 8
PHY-3002 : Step(80): len = 19056.8, overlap = 7.75
PHY-3002 : Step(81): len = 18897.2, overlap = 8.75
PHY-3002 : Step(82): len = 18869.8, overlap = 9
PHY-3002 : Step(83): len = 18839.2, overlap = 9
PHY-3002 : Step(84): len = 18782.9, overlap = 9.75
PHY-3001 : :::1::: Try harder cell spreading with beta_ = 0.00549053
PHY-3002 : Step(85): len = 18753.9, overlap = 9.25
PHY-3002 : Step(86): len = 18673.6, overlap = 9.25
PHY-3001 : :::2::: Try harder cell spreading with beta_ = 0.0109811
PHY-3002 : Step(87): len = 18687, overlap = 9.25
PHY-3002 : Step(88): len = 18678.1, overlap = 9.5
PHY-3001 : Legalization ...
PHY-3001 : End legalization;  0.005530s wall, 0.000000s user + 0.000000s system = 0.000000s CPU (n/a%)

PHY-3001 : Legalized: Len = 22709.1, Over = 0
PHY-3001 : End spreading;  0.002989s wall, 0.000000s user + 0.000000s system = 0.000000s CPU (n/a%)

PHY-3001 : Final: Len = 22709.1, Over = 0
OPT-1001 : Start physical optimization ...
RUN-1002 : start command "start_timer -report"
TMR-2505 : Start building timing graph for model keyboard_instance.
TMR-2506 : Build timing graph completely. Port num: 8, tpin num: 3235, tnet num: 845, tinst num: 416, tnode num: 3731, tedge num: 5410.
TMR-2508 : Levelizing timing graph completed, there are 45 levels in total.
TMR-2501 : Timing graph initialized successfully.
OPT-1001 : Total overflow 0.00 peak overflow 0.00
OPT-1001 : Start high-fanout net optimization ...
OPT-1001 : Update timing in global mode
PHY-1001 : Start incremental global routing, caller is place ...
RUN-1001 : Generating global routing grids ...
PHY-1001 : Generate routing nets ...
PHY-1001 : Reuse net number 30/847.
PHY-1001 : Global iterations in 16 thread ...
PHY-1002 : len = 26224, over cnt = 84(0%), over = 132, worst = 4
PHY-1002 : len = 26984, over cnt = 35(0%), over = 43, worst = 4
PHY-1002 : len = 27480, over cnt = 5(0%), over = 6, worst = 2
PHY-1002 : len = 27560, over cnt = 0(0%), over = 0, worst = 0
PHY-1001 : End global iterations;  0.082613s wall, 0.000000s user + 0.000000s system = 0.000000s CPU (n/a%)

PHY-1001 : Congestion index: top1 = 21.36, top5 = 14.44, top10 = 9.43, top15 = 6.54.
PHY-1001 : End incremental global routing;  0.132444s wall, 0.000000s user + 0.000000s system = 0.000000s CPU (n/a%)

TMR-2503 : Start to update net delay, extr mode = 5.
TMR-2504 : Update delay of 845 nets completely.
TMR-2502 : Annotate delay completely, extr mode = 5.
TMR-3001 : Initiate 0 clocks from SDC.
TMR-3004 : Map sdc constraints, there are 0 constraints in total.
TMR-3003 : Constraints initiated successfully.
TMR-3501 : Forward propagation: start to calculate arrival time...
TMR-3502 : Backward propagation: start to calculate required time...
TMR-3503 : Timing propagation completes.
OPT-1001 : End timing update;  0.015575s wall, 0.015625s user + 0.000000s system = 0.015625s CPU (100.3%)

OPT-1001 : 0 high-fanout net processed.
OPT-1001 : End high-fanout net optimization;  0.157418s wall, 0.015625s user + 0.000000s system = 0.015625s CPU (9.9%)

OPT-1001 : Current memory(MB): used = 155, reserve = 127, peak = 155.
OPT-1001 : Start path based optimization ...
OPT-1001 : Start congestion update ...
RUN-1001 : Generating global routing grids ...
PHY-1001 : Generate routing nets ...
PHY-1001 : Reuse net number 684/847.
PHY-1001 : Global iterations in 16 thread ...
PHY-1002 : len = 27560, over cnt = 0(0%), over = 0, worst = 0
PHY-1001 : End global iterations;  0.002543s wall, 0.000000s user + 0.000000s system = 0.000000s CPU (n/a%)

PHY-1001 : Congestion index: top1 = 21.36, top5 = 14.44, top10 = 9.43, top15 = 6.54.
OPT-1001 : End congestion update;  0.052213s wall, 0.000000s user + 0.000000s system = 0.000000s CPU (n/a%)

OPT-1001 : Update timing in Manhattan mode
TMR-2503 : Start to update net delay, extr mode = 3.
TMR-2504 : Update delay of 845 nets completely.
TMR-2502 : Annotate delay completely, extr mode = 3.
TMR-3501 : Forward propagation: start to calculate arrival time...
TMR-3502 : Backward propagation: start to calculate required time...
TMR-3503 : Timing propagation completes.
OPT-1001 : End timing update;  0.011535s wall, 0.000000s user + 0.000000s system = 0.000000s CPU (n/a%)

OPT-0007 : Start: WNS 2147483647 TNS 0 NUM_FEPS 0
OPT-1001 : End path based optimization;  0.063841s wall, 0.000000s user + 0.000000s system = 0.000000s CPU (n/a%)

OPT-1001 : Current memory(MB): used = 156, reserve = 128, peak = 156.
OPT-1001 : Update timing in Manhattan mode
TMR-2503 : Start to update net delay, extr mode = 3.
TMR-2504 : Update delay of 845 nets completely.
TMR-2502 : Annotate delay completely, extr mode = 3.
TMR-3501 : Forward propagation: start to calculate arrival time...
TMR-3502 : Backward propagation: start to calculate required time...
TMR-3503 : Timing propagation completes.
OPT-1001 : End timing update;  0.009958s wall, 0.000000s user + 0.000000s system = 0.000000s CPU (n/a%)

OPT-1001 : Start pin optimization...
OPT-1001 : skip pin optimization...
OPT-1001 : Update timing in global mode
PHY-1001 : Start incremental global routing, caller is place ...
RUN-1001 : Generating global routing grids ...
PHY-1001 : Generate routing nets ...
PHY-1001 : Reuse net number 684/847.
PHY-1001 : Global iterations in 16 thread ...
PHY-1002 : len = 27560, over cnt = 0(0%), over = 0, worst = 0
PHY-1001 : End global iterations;  0.002589s wall, 0.000000s user + 0.000000s system = 0.000000s CPU (n/a%)

PHY-1001 : Congestion index: top1 = 21.36, top5 = 14.44, top10 = 9.43, top15 = 6.54.
PHY-1001 : End incremental global routing;  0.050896s wall, 0.000000s user + 0.000000s system = 0.000000s CPU (n/a%)

TMR-2503 : Start to update net delay, extr mode = 5.
TMR-2504 : Update delay of 845 nets completely.
TMR-2502 : Annotate delay completely, extr mode = 5.
TMR-3501 : Forward propagation: start to calculate arrival time...
TMR-3502 : Backward propagation: start to calculate required time...
TMR-3503 : Timing propagation completes.
OPT-1001 : End timing update;  0.024819s wall, 0.000000s user + 0.000000s system = 0.000000s CPU (n/a%)

RUN-1001 : Generating global routing grids ...
PHY-1001 : Generate routing nets ...
PHY-1001 : Reuse net number 684/847.
PHY-1001 : Global iterations in 16 thread ...
PHY-1002 : len = 27560, over cnt = 0(0%), over = 0, worst = 0
PHY-1001 : End global iterations;  0.002885s wall, 0.000000s user + 0.000000s system = 0.000000s CPU (n/a%)

PHY-1001 : Congestion index: top1 = 21.36, top5 = 14.44, top10 = 9.43, top15 = 6.54.
OPT-1001 : Update timing in Manhattan mode
TMR-2503 : Start to update net delay, extr mode = 3.
TMR-2504 : Update delay of 845 nets completely.
TMR-2502 : Annotate delay completely, extr mode = 3.
TMR-3501 : Forward propagation: start to calculate arrival time...
TMR-3502 : Backward propagation: start to calculate required time...
TMR-3503 : Timing propagation completes.
OPT-1001 : End timing update;  0.010351s wall, 0.000000s user + 0.000000s system = 0.000000s CPU (n/a%)

RUN-1001 : QoR Analysis:
OPT-0007 :   WNS 2147483647 TNS 0 NUM_FEPS 0
RUN-1001 :   No local congestion issue, and most congested 1% tile average routing util is 21.000000
RUN-1001 :   Top critical paths
OPT-1001 : End physical optimization;  0.552024s wall, 0.031250s user + 0.000000s system = 0.031250s CPU (5.7%)

RUN-1003 : finish command "place" in  3.609573s wall, 0.218750s user + 0.015625s system = 0.234375s CPU (6.5%)

RUN-1004 : used memory is 138 MB, reserved memory is 110 MB, peak memory is 156 MB
RUN-1002 : start command "export_db keyboard_place.db"
RUN-1001 : Exported /
RUN-1001 : Exported flow parameters
RUN-1001 : Exported libs
RUN-1001 : Exported entities
RUN-1001 : Exported ports
RUN-1001 : Exported pins
RUN-1001 : Exported instances
RUN-1001 : Exported nets
RUN-1001 : Exported buses
RUN-1001 : Exported models
RUN-1001 : Exported congestions
RUN-1001 : Exported violations
RUN-1001 : Exported timing constraints
RUN-1001 : Exported IO constraints
RUN-1001 : Exported Inst constraints
RUN-1002 : start command "route"
RUN-1001 : Open license file E:/Anlogic/TD5.6.59063/license/Anlogic.lic
RUN-1001 : Print Global Property
RUN-1001 : ---------------------------------------------------------------
RUN-1001 :        Parameters        |  Settings  |  Default Values  |  Note  
RUN-1001 : ---------------------------------------------------------------
RUN-1001 :          message         |  standard  |     standard     |        
RUN-1001 :   mixed_pack_place_flow  |     on     |        on        |        
RUN-1001 :        qor_monitor       |    off     |       off        |        
RUN-1001 :        syn_ip_flow       |    off     |       off        |        
RUN-1001 :          thread          |    auto    |       auto       |        
RUN-1001 : ---------------------------------------------------------------
RUN-1001 : Print Route Property
RUN-1001 : -------------------------------------------------------
RUN-1001 :    Parameters    |  Settings  |  Default Values  |  Note  
RUN-1001 : -------------------------------------------------------
RUN-1001 :      effort      |   medium   |      medium      |        
RUN-1001 :     fix_hold     |    off     |       off        |        
RUN-1001 :    opt_timing    |   medium   |      medium      |        
RUN-1001 :   phy_sim_model  |    off     |       off        |        
RUN-1001 :     priority     |   timing   |      timing      |        
RUN-1001 :     swap_pin     |     on     |        on        |        
RUN-1001 : -------------------------------------------------------
PHY-1001 : Route runs in 16 thread(s)
RUN-1001 : There are total 418 instances
RUN-1001 : 195 mslices, 195 lslices, 24 pads, 0 brams, 0 dsps
RUN-1001 : There are total 847 nets
RUN-1001 : 473 nets have 2 pins
RUN-1001 : 258 nets have [3 - 5] pins
RUN-1001 : 88 nets have [6 - 10] pins
RUN-1001 : 17 nets have [11 - 20] pins
RUN-1001 : 9 nets have [21 - 99] pins
RUN-1001 : 2 nets have 100+ pins
RUN-1002 : start command "start_timer -report"
TMR-2505 : Start building timing graph for model keyboard_instance.
TMR-2506 : Build timing graph completely. Port num: 8, tpin num: 3235, tnet num: 845, tinst num: 416, tnode num: 3731, tedge num: 5410.
TMR-2508 : Levelizing timing graph completed, there are 45 levels in total.
TMR-2501 : Timing graph initialized successfully.
PHY-1001 : 195 mslices, 195 lslices, 24 pads, 0 brams, 0 dsps
TMR-2503 : Start to update net delay, extr mode = 3.
TMR-2504 : Update delay of 845 nets completely.
TMR-2502 : Annotate delay completely, extr mode = 3.
TMR-3001 : Initiate 0 clocks from SDC.
TMR-3004 : Map sdc constraints, there are 0 constraints in total.
TMR-3003 : Constraints initiated successfully.
TMR-3501 : Forward propagation: start to calculate arrival time...
TMR-3502 : Backward propagation: start to calculate required time...
TMR-3503 : Timing propagation completes.
PHY-1001 : Start global routing, caller is route ...
RUN-1001 : Generating global routing grids ...
PHY-1001 : Generate routing nets ...
PHY-1001 : Global iterations in 16 thread ...
PHY-1002 : len = 26016, over cnt = 88(0%), over = 134, worst = 5
PHY-1002 : len = 26688, over cnt = 35(0%), over = 43, worst = 4
PHY-1002 : len = 27008, over cnt = 20(0%), over = 21, worst = 2
PHY-1002 : len = 27248, over cnt = 0(0%), over = 0, worst = 0
PHY-1001 : End global iterations;  0.124187s wall, 0.000000s user + 0.000000s system = 0.000000s CPU (n/a%)

PHY-1001 : Congestion index: top1 = 21.29, top5 = 14.36, top10 = 9.34, top15 = 6.47.
PHY-1001 : End global routing;  0.167453s wall, 0.000000s user + 0.000000s system = 0.000000s CPU (n/a%)

PHY-1001 : Start detail routing ...
PHY-1001 : Current memory(MB): used = 177, reserve = 149, peak = 191.
PHY-1001 : Detailed router is running in normal mode.
PHY-1001 : Generate detailed routing grids ...
PHY-1001 : Generate nets ...
PHY-1001 : net clk_50M_dup_1 will be routed on clock mesh
PHY-1001 : clock net U1/scan_clk_syn_4 will be merged with clock U1/scan_clk
PHY-1001 : Current memory(MB): used = 443, reserve = 420, peak = 443.
PHY-1001 : End build detailed router design. 3.886474s wall, 1.203125s user + 0.000000s system = 1.203125s CPU (31.0%)

PHY-1001 : Detail Route ...
PHY-1001 : ===== Detail Route Phase 1 =====
PHY-1001 : Clock net routing.....
PHY-1001 : Routed 0% nets.
PHY-1022 : len = 10240, over cnt = 0(0%), over = 0, worst = 0, crit = 0
PHY-1001 : End initial clock net routed; 0.353602s wall, 0.078125s user + 0.031250s system = 0.109375s CPU (30.9%)

PHY-1001 : Current memory(MB): used = 473, reserve = 451, peak = 473.
PHY-1001 : End phase 1; 0.358997s wall, 0.078125s user + 0.031250s system = 0.109375s CPU (30.5%)

PHY-1001 : ===== Detail Route Phase 2 =====
PHY-1001 : Initial routing.....
PHY-1001 : Routed 23% nets.
PHY-1001 : Routed 28% nets.
PHY-1001 : Routed 28% nets.
PHY-1001 : Routed 29% nets.
PHY-1001 : Routed 29% nets.
PHY-1001 : Patch 436 net; 0.251727s wall, 0.078125s user + 0.000000s system = 0.078125s CPU (31.0%)

PHY-1022 : len = 55056, over cnt = 33(0%), over = 33, worst = 1, crit = 0
PHY-1001 : Current memory(MB): used = 473, reserve = 451, peak = 473.
PHY-1001 : End initial routed; 0.423095s wall, 0.156250s user + 0.000000s system = 0.156250s CPU (36.9%)

PHY-1001 : Update timing.....
PHY-1001 : 0/685(0%) critical/total net(s).
RUN-1001 : ------------------------------------------
RUN-1001 :   Type   |    WNS(ns)    |  TNS(ns)  |  FEP  
RUN-1001 : ------------------------------------------
RUN-1001 :   Setup  |  2147483.647  |   0.000   |   0   
RUN-1001 :   Hold   |  2147483.647  |   0.000   |   0   
RUN-1001 : ------------------------------------------
PHY-1001 : End update timing; 0.188700s wall, 0.062500s user + 0.000000s system = 0.062500s CPU (33.1%)

PHY-1001 : Current memory(MB): used = 474, reserve = 451, peak = 474.
PHY-1001 : End phase 2; 0.611877s wall, 0.218750s user + 0.000000s system = 0.218750s CPU (35.8%)

PHY-1001 : ===== Detail Route Phase 3 =====
PHY-1001 : Optimize timing.....
PHY-1022 : len = 55056, over cnt = 33(0%), over = 33, worst = 1, crit = 0
PHY-1001 : End optimize timing; 0.004958s wall, 0.000000s user + 0.000000s system = 0.000000s CPU (n/a%)

PHY-1001 : Ripup-reroute.....
PHY-1001 : ===== DR Iter 1 =====
PHY-1022 : len = 55192, over cnt = 2(0%), over = 2, worst = 1, crit = 0
PHY-1001 : End DR Iter 1; 0.033961s wall, 0.015625s user + 0.000000s system = 0.015625s CPU (46.0%)

PHY-1001 : ===== DR Iter 2 =====
PHY-1022 : len = 55192, over cnt = 0(0%), over = 0, worst = 0, crit = 0
PHY-1001 : End DR Iter 2; 0.015894s wall, 0.000000s user + 0.000000s system = 0.000000s CPU (n/a%)

PHY-1001 : Update timing.....
PHY-1001 : 0/685(0%) critical/total net(s).
RUN-1001 : ------------------------------------------
RUN-1001 :   Type   |    WNS(ns)    |  TNS(ns)  |  FEP  
RUN-1001 : ------------------------------------------
RUN-1001 :   Setup  |  2147483.647  |   0.000   |   0   
RUN-1001 :   Hold   |  2147483.647  |   0.000   |   0   
RUN-1001 : ------------------------------------------
PHY-1001 : End update timing; 0.238667s wall, 0.078125s user + 0.000000s system = 0.078125s CPU (32.7%)

PHY-1001 : Commit to database.....
PHY-1001 : 8 feed throughs used by 7 nets
PHY-1001 : End commit to database; 0.111214s wall, 0.000000s user + 0.000000s system = 0.000000s CPU (n/a%)

PHY-1001 : Current memory(MB): used = 486, reserve = 463, peak = 486.
PHY-1001 : End phase 3; 0.563119s wall, 0.109375s user + 0.000000s system = 0.109375s CPU (19.4%)

PHY-1003 : Routed, final wirelength = 55192
PHY-1001 : Current memory(MB): used = 486, reserve = 464, peak = 486.
PHY-1001 : End export database. 0.006469s wall, 0.000000s user + 0.000000s system = 0.000000s CPU (n/a%)

PHY-1001 : End detail routing;  5.628236s wall, 1.687500s user + 0.031250s system = 1.718750s CPU (30.5%)

RUN-1003 : finish command "route" in  6.073561s wall, 1.734375s user + 0.031250s system = 1.765625s CPU (29.1%)

RUN-1004 : used memory is 426 MB, reserved memory is 404 MB, peak memory is 486 MB
RUN-1002 : start command "report_area -io_info -file keyboard_phy.area"
RUN-1001 : standard
***Report Model: keyboard_instance Device: EG4S20BG256***

IO Statistics
#IO                        24
  #input                    6
  #output                  18
  #inout                    0

Utilization Statistics
#lut                      713   out of  19600    3.64%
#reg                      242   out of  19600    1.23%
#le                       763
  #lut only               521   out of    763   68.28%
  #reg only                50   out of    763    6.55%
  #lut&reg                192   out of    763   25.16%
#dsp                        0   out of     29    0.00%
#bram                       0   out of     64    0.00%
  #bram9k                   0
  #fifo9k                   0
#bram32k                    0   out of     16    0.00%
#pad                       24   out of    188   12.77%
  #ireg                     0
  #oreg                     0
  #treg                     0
#pll                        0   out of      4    0.00%
#gclk                       2   out of     16   12.50%

Clock Resource Statistics
Index     ClockNet         Type               DriverType         Driver                      Fanout
#1        clk_50M_dup_1    GCLK               io                 clk_50M_syn_2.di            136
#2        U1/scan_clk      GCLK               lslice             U1/scan_clk_reg_syn_9.q1    10


Detailed IO Report

        Name           Direction    Location    IOStandard    DriveStrength    PullType    PackReg  
        RSTn             INPUT         A9        LVCMOS33          N/A          PULLUP      NONE    
       clk_50M           INPUT         R7        LVCMOS33          N/A          PULLUP      NONE    
       col[3]            INPUT        F10        LVCMOS33          N/A          PULLUP      NONE    
       col[2]            INPUT        C11        LVCMOS33          N/A          PULLUP      NONE    
       col[1]            INPUT        D11        LVCMOS33          N/A          PULLUP      NONE    
       col[0]            INPUT        E11        LVCMOS33          N/A          PULLUP      NONE    
  DigitronCS_Out[3]     OUTPUT         A3        LVCMOS33           8            NONE       NONE    
  DigitronCS_Out[2]     OUTPUT         A5        LVCMOS33           8            NONE       NONE    
  DigitronCS_Out[1]     OUTPUT         B6        LVCMOS33           8            NONE       NONE    
  DigitronCS_Out[0]     OUTPUT         C9        LVCMOS33           8            NONE       NONE    
   Digitron_Out[7]      OUTPUT         C8        LVCMOS33           8            NONE       NONE    
   Digitron_Out[6]      OUTPUT         A8        LVCMOS33           8            NONE       NONE    
   Digitron_Out[5]      OUTPUT         B5        LVCMOS33           8            NONE       NONE    
   Digitron_Out[4]      OUTPUT         A7        LVCMOS33           8            NONE       NONE    
   Digitron_Out[3]      OUTPUT         E8        LVCMOS33           8            NONE       NONE    
   Digitron_Out[2]      OUTPUT         B8        LVCMOS33           8            NONE       NONE    
   Digitron_Out[1]      OUTPUT         A6        LVCMOS33           8            NONE       NONE    
   Digitron_Out[0]      OUTPUT         A4        LVCMOS33           8            NONE       NONE    
       buzzer           OUTPUT        H11        LVCMOS33           8            NONE       NONE    
        light           OUTPUT        B14        LVCMOS33           8            NONE       NONE    
       row[3]           OUTPUT         D9        LVCMOS33           8            NONE       NONE    
       row[2]           OUTPUT         F9        LVCMOS33           8            NONE       NONE    
       row[1]           OUTPUT        C10        LVCMOS33           8            NONE       NONE    
       row[0]           OUTPUT        E10        LVCMOS33           8            NONE       NONE    

Report Hierarchy Area:
+-------------------------------------------------------------------------------------------+
|Instance |Module                      |le     |lut     |ripple  |seq     |bram    |dsp     |
+-------------------------------------------------------------------------------------------+
|top      |keyboard_instance           |763    |562     |151     |242     |0       |0       |
|  U1     |keyboard_scan               |73     |50      |9       |53      |0       |0       |
|  U2     |key_filter                  |61     |32      |6       |51      |0       |0       |
|  U3     |onehot2binary               |583    |452     |131     |123     |0       |0       |
|  U5     |Digitron_TimeDisplay_module |42     |24      |5       |15      |0       |0       |
+-------------------------------------------------------------------------------------------+


DataNet Average Fanout:

   Index     Fanout    Nets  
    #1         1       449   
    #2         2       123   
    #3         3        77   
    #4         4        58   
    #5        5-10      90   
    #6       11-50      21   
    #7       51-100     1    
  Average     2.71           

RUN-1002 : start command "export_db keyboard_pr.db"
RUN-1001 : Exported /
RUN-1001 : Exported flow parameters
RUN-1001 : Exported libs
RUN-1001 : Exported entities
RUN-1001 : Exported ports
RUN-1001 : Exported pins
RUN-1001 : Exported instances
RUN-1001 : Exported nets
RUN-1001 : Exported buses
RUN-1001 : Exported models
RUN-1001 : Exported congestions
RUN-1001 : Exported violations
RUN-1001 : Exported timing constraints
RUN-1001 : Exported IO constraints
RUN-1001 : Exported Inst constraints
RUN-1002 : start command "export_bid keyboard_inst.bid"
RUN-1002 : start command "bitgen -bit keyboard.bit -unused_io_status pulldown"
BIT-1003 : Start to generate bitstream. 
BIT-1002 : Bitgen processed 164 unused pads, reserve input tri_state with pulldown
BIT-1002 : Init instances with 16 threads.
BIT-1002 : Init instances completely, inst num: 580
BIT-1002 : Init pips with 16 threads.
BIT-1002 : Init pips completely, net num: 847, pip num: 6226
BIT-1002 : Init feedthrough completely, num: 8
BIT-1003 : Multithreading accelaration with 16 threads.
BIT-1003 : Generate bitstream completely, there are 785 valid insts, and 21158 bits set as '1'.
BIT-1004 : PLL setting string = 0000
BIT-1004 : Generate bits file keyboard.bit.
RUN-1003 : finish command "bitgen -bit keyboard.bit -unused_io_status pulldown" in  1.655150s wall, 7.187500s user + 0.031250s system = 7.218750s CPU (436.1%)

RUN-1004 : used memory is 436 MB, reserved memory is 413 MB, peak memory is 629 MB
RUN-1002 : start command "backup_run_log run.log ../.logs/phy_1/td_20240828_233512.log"
