============================================================
   Tang Dynasty, V5.6.59063
   Copyright (c) 2012-2022 Anlogic
   Executable = E:/Anlogic/TD5.6.59063/bin/td.exe
   Built at =   12:45:13 Sep  6 2022
   Run by =     19234
   Run Date =   Tue Aug 27 13:39:07 2024

   Run on =     ERIKPSW
============================================================
RUN-1002 : start command "open_project keyboard.prj"
RUN-1001 : Print Global Property
RUN-1001 : ---------------------------------------------------------------
RUN-1001 :        Parameters        |  Settings  |  Default Values  |  Note  
RUN-1001 : ---------------------------------------------------------------
RUN-1001 :          message         |  standard  |     standard     |        
RUN-1001 :   mixed_pack_place_flow  |     on     |        on        |        
RUN-1001 :        qor_monitor       |    off     |       off        |        
RUN-1001 :        syn_ip_flow       |    off     |       off        |        
RUN-1001 :          thread          |    auto    |       auto       |        
RUN-1001 : ---------------------------------------------------------------
RUN-1001 : Print Design Property
RUN-1001 : --------------------------------------------------------------
RUN-1001 :        Parameters       |  Settings  |  Default Values  |  Note  
RUN-1001 : --------------------------------------------------------------
RUN-1001 :   default_reg_initial   |    auto    |       auto       |        
RUN-1001 :        infer_add        |     on     |        on        |        
RUN-1001 :        infer_fsm        |    off     |       off        |        
RUN-1001 :        infer_mult       |     on     |        on        |        
RUN-1001 :        infer_ram        |     on     |        on        |        
RUN-1001 :        infer_reg        |     on     |        on        |        
RUN-1001 :   infer_reg_init_value  |     on     |        on        |        
RUN-1001 :        infer_rom        |     on     |        on        |        
RUN-1001 :      infer_shifter      |     on     |        on        |        
RUN-1001 : --------------------------------------------------------------
RUN-1001 : Print Rtl Property
RUN-1001 : --------------------------------------------------------------
RUN-1001 :        Parameters       |  Settings  |  Default Values  |  Note  
RUN-1001 : --------------------------------------------------------------
RUN-1001 :       compress_add      |   ripple   |      ripple      |        
RUN-1001 :        elf_sload        |    off     |       off        |        
RUN-1001 :       fix_undriven      |     0      |        0         |        
RUN-1001 :         flatten         |    off     |       off        |        
RUN-1001 :       gate_sharing      |     on     |        on        |        
RUN-1001 :    hdl_warning_level    |   normal   |      normal      |        
RUN-1001 :   impl_internal_tribuf  |     on     |        on        |        
RUN-1001 :      impl_set_reset     |     on     |        on        |        
RUN-1001 :        infer_gsr        |    off     |       off        |        
RUN-1001 :      keep_hierarchy     |    auto    |       auto       |        
RUN-1001 :        max_fanout       |    9999    |       9999       |        
RUN-1001 :      max_oh2bin_len     |     10     |        10        |        
RUN-1001 :       merge_equal       |     on     |        on        |        
RUN-1001 :       merge_equiv       |     on     |        on        |        
RUN-1001 :        merge_mux        |    off     |       off        |        
RUN-1001 :     min_control_set     |     8      |        8         |        
RUN-1001 :      min_ripple_len     |    auto    |       auto       |        
RUN-1001 :       oh2bin_ratio      |    0.08    |       0.08       |        
RUN-1001 :     opt_adder_fanout    |     on     |        on        |        
RUN-1001 :        opt_arith        |     on     |        on        |        
RUN-1001 :       opt_big_gate      |    off     |       off        |        
RUN-1001 :        opt_const        |     on     |        on        |        
RUN-1001 :      opt_const_mult     |     on     |        on        |        
RUN-1001 :       opt_lessthan      |     on     |        on        |        
RUN-1001 :         opt_mux         |    off     |       off        |        
RUN-1001 :         opt_ram         |    high    |       high       |        
RUN-1001 :      rtl_sim_model      |    off     |       off        |        
RUN-1001 :         seq_syn         |     on     |        on        |        
RUN-1001 : --------------------------------------------------------------
HDL-1007 : analyze verilog file ../../../src/Digitron_TimeDisplay_module.v
HDL-1007 : analyze verilog file ../../../src/key_filter.v
HDL-1007 : analyze verilog file ../../../src/keyboard_instance.v
HDL-1007 : analyze verilog file ../../../src/keyboard_scan.v
HDL-1007 : analyze verilog file ../../../src/onehot2binary.v
RUN-1001 : Project manager successfully analyzed 5 source files.
RUN-1002 : start command "import_device eagle_s20.db -package EG4S20BG256"
ARC-1001 : Device Initialization.
ARC-1001 : ------------------------------------------------------------------
ARC-1001 :            OPTION            |          IO          |   SETTING   
ARC-1001 : ------------------------------------------------------------------
ARC-1001 :   cso_b/cclk/mosi/miso/dout  |  T3/R11/T10/P10/S11  |    gpio    
ARC-1001 :             done             |         P13          |    gpio    
ARC-1001 :           program_b          |          T2          |  dedicate  
ARC-1001 :        tdi/tms/tck/tdo       |   C12/A15/C14/E14    |  dedicate  
ARC-1001 : ------------------------------------------------------------------
ARC-1004 : Device setting, marked 5 dedicate IOs in total.
RUN-1002 : start command "import_db ../syn_1/keyboard_gate.db"
RUN-1001 : Importing database generated by Tang Dynasty, V5.6.59063.
RUN-1001 : Database version number 46140.
RUN-1001 : Import flow parameters
RUN-1001 : Import timing constraints
RUN-1001 : Import IO constraints
RUN-1001 : Import Inst constraints
RUN-1001 : Import design success TD_VERSION=5.6.59063 , DB_VERSION=46140
RUN-1002 : start command "read_sdc"
USR-1002 : read_sdc file_name -help -h -eco
USR-1009 : NO module with IP_SDC ...
RUN-1104 : Import SDC file  finished, there are 0 nets kept by constraints.
RUN-1002 : start command "place"
RUN-1001 : Open license file E:/Anlogic/TD5.6.59063/license/Anlogic.lic
RUN-1001 : Print Global Property
RUN-1001 : ---------------------------------------------------------------
RUN-1001 :        Parameters        |  Settings  |  Default Values  |  Note  
RUN-1001 : ---------------------------------------------------------------
RUN-1001 :          message         |  standard  |     standard     |        
RUN-1001 :   mixed_pack_place_flow  |     on     |        on        |        
RUN-1001 :        qor_monitor       |    off     |       off        |        
RUN-1001 :        syn_ip_flow       |    off     |       off        |        
RUN-1001 :          thread          |    auto    |       auto       |        
RUN-1001 : ---------------------------------------------------------------
RUN-1001 : Print Place Property
RUN-1001 : --------------------------------------------------------------
RUN-1001 :        Parameters       |  Settings  |  Default Values  |  Note  
RUN-1001 : --------------------------------------------------------------
RUN-1001 :      detailed_place     |     on     |        on        |        
RUN-1001 :          effort         |   medium   |      medium      |        
RUN-1001 :         fix_hold        |    off     |       off        |        
RUN-1001 :       legalization      |    ori     |       ori        |        
RUN-1001 :      new_spreading      |     on     |        on        |        
RUN-1001 :        opt_timing       |   medium   |      medium      |        
RUN-1001 :   post_clock_route_opt  |    off     |       off        |        
RUN-1001 :       pr_strategy       |     1      |        1         |        
RUN-1001 :        relaxation       |    1.00    |       1.00       |        
RUN-1001 :         retiming        |    off     |       off        |        
RUN-1001 : --------------------------------------------------------------
PHY-3001 : Placer runs in 16 thread(s).
RUN-1002 : start command "legalize_phy_inst"
SYN-1011 : Flatten model keyboard_instance
RUN-1002 : start command "phys_opt -simplify_lut"
SYN-4024 : Net "clk_50M_dup_1" drives clk pins.
SYN-4024 : Net "U1/scan_clk" drives clk pins.
SYN-4024 : Net "U5/SingleNum_n" drives clk pins.
SYN-4025 : Tag rtl::Net U1/scan_clk as clock net
SYN-4025 : Tag rtl::Net U5/SingleNum_n as clock net
SYN-4025 : Tag rtl::Net clk_50M_dup_1 as clock net
SYN-4026 : Tagged 3 rtl::Net as clock net
SYN-4015 : Create BUFG instance for clk Net U1/scan_clk to drive 20 clock pins.
SYN-4015 : Create BUFG instance for clk Net U5/SingleNum_n to drive 4 clock pins.
PHY-1001 : Populate physical database on model keyboard_instance.
RUN-1001 : There are total 316 instances
RUN-0007 : 132 luts, 131 seqs, 10 mslices, 15 lslices, 23 pads, 0 brams, 0 dsps
RUN-1001 : There are total 386 nets
RUN-1001 : 225 nets have 2 pins
RUN-1001 : 132 nets have [3 - 5] pins
RUN-1001 : 21 nets have [6 - 10] pins
RUN-1001 : 3 nets have [11 - 20] pins
RUN-1001 : 3 nets have [21 - 99] pins
RUN-1001 : 2 nets have 100+ pins
RUN-1001 : Report Control nets information:
RUN-1001 : DFF Distribution
RUN-1001 : ----------------------------------
RUN-1001 :   CE   |  SSR  |  ASR  |  DFF Count  
RUN-1001 : ----------------------------------
RUN-1001 :   No   |  No   |  No   |     79      
RUN-1001 :   No   |  No   |  Yes  |     20      
RUN-1001 :   No   |  Yes  |  No   |      0      
RUN-1001 :   Yes  |  No   |  No   |      0      
RUN-1001 :   Yes  |  No   |  Yes  |     32      
RUN-1001 :   Yes  |  Yes  |  No   |      0      
RUN-1001 : ----------------------------------
RUN-0007 : Control Group Statistic
RUN-0007 : ---------------------------
RUN-0007 :   #CLK  |  #CE  |  #SSR/ASR  
RUN-0007 : ---------------------------
RUN-0007 :    3    |   2   |     2      
RUN-0007 : ---------------------------
RUN-0007 : Control Set = 5
PHY-3001 : Initial placement ...
PHY-3001 : design contains 314 instances, 132 luts, 131 seqs, 25 slices, 3 macros(25 instances: 10 mslices 15 lslices)
PHY-0007 : Cell area utilization is 0%
PHY-3001 : Start timing update ...
RUN-1002 : start command "start_timer -report"
TMR-2505 : Start building timing graph for model keyboard_instance.
TMR-2506 : Build timing graph completely. Port num: 7, tpin num: 1326, tnet num: 384, tinst num: 314, tnode num: 1697, tedge num: 2094.
TMR-2508 : Levelizing timing graph completed, there are 21 levels in total.
TMR-2501 : Timing graph initialized successfully.
TMR-2503 : Start to update net delay, extr mode = 2.
TMR-2504 : Update delay of 384 nets completely.
TMR-2502 : Annotate delay completely, extr mode = 2.
TMR-3001 : Initiate 0 clocks from SDC.
TMR-3004 : Map sdc constraints, there are 0 constraints in total.
TMR-3003 : Constraints initiated successfully.
TMR-3501 : Forward propagation: start to calculate arrival time...
TMR-3502 : Backward propagation: start to calculate required time...
TMR-3503 : Timing propagation completes.
PHY-3001 : End timing update;  0.124585s wall, 0.078125s user + 0.000000s system = 0.078125s CPU (62.7%)

PHY-3001 : Global placement ...
PHY-3001 : Initial: Len = 86812.2
PHY-3001 : Clustering ...
PHY-3001 : Level 0 #clusters 314.
PHY-3001 : End clustering;  0.000014s wall, 0.000000s user + 0.000000s system = 0.000000s CPU (n/a%)

PHY-3001 : Run with size of 4
PHY-3001 : Cell area utilization is 0%
PHY-3001 : :::0::: Try harder cell spreading with beta_ = 0
PHY-3002 : Step(1): len = 54479.4, overlap = 0
PHY-3002 : Step(2): len = 34347.9, overlap = 0
PHY-3002 : Step(3): len = 24401.6, overlap = 0
PHY-3002 : Step(4): len = 19843.5, overlap = 0
PHY-3002 : Step(5): len = 17001.7, overlap = 0
PHY-3002 : Step(6): len = 15987.4, overlap = 0
PHY-3002 : Step(7): len = 15711.5, overlap = 0
PHY-3002 : Step(8): len = 14511.8, overlap = 0
PHY-3002 : Step(9): len = 14487, overlap = 0
PHY-3002 : Step(10): len = 14831.1, overlap = 0
PHY-3002 : Step(11): len = 13110.8, overlap = 0
PHY-3002 : Step(12): len = 13073.4, overlap = 0
PHY-3002 : Step(13): len = 12548.5, overlap = 0
PHY-3002 : Step(14): len = 11811.1, overlap = 0
PHY-3002 : Step(15): len = 11472.9, overlap = 0
PHY-3002 : Step(16): len = 11422.9, overlap = 0
PHY-3002 : Step(17): len = 10608.3, overlap = 0
PHY-3002 : Step(18): len = 10496.4, overlap = 0
PHY-3002 : Step(19): len = 10498.6, overlap = 0
PHY-3002 : Step(20): len = 10187.2, overlap = 0
PHY-3002 : Step(21): len = 9211.3, overlap = 0
PHY-3002 : Step(22): len = 8708.7, overlap = 0
PHY-3002 : Step(23): len = 8866, overlap = 0
PHY-3002 : Step(24): len = 8599.8, overlap = 0
PHY-3002 : Step(25): len = 8342.2, overlap = 0
PHY-3002 : Step(26): len = 8523.9, overlap = 0
PHY-3002 : Step(27): len = 8121.8, overlap = 0
PHY-3002 : Step(28): len = 8220.3, overlap = 0
PHY-3002 : Step(29): len = 7682.6, overlap = 0
PHY-3002 : Step(30): len = 7648.7, overlap = 0
PHY-3002 : Step(31): len = 7785.2, overlap = 0
PHY-3002 : Step(32): len = 7278.8, overlap = 0
PHY-3002 : Step(33): len = 7355, overlap = 0
PHY-3002 : Step(34): len = 7399.1, overlap = 0
PHY-3002 : Step(35): len = 6797.8, overlap = 0
PHY-3002 : Step(36): len = 6897.4, overlap = 0
PHY-3002 : Step(37): len = 6848.9, overlap = 0
PHY-3002 : Step(38): len = 6364.3, overlap = 0
PHY-3002 : Step(39): len = 6305.3, overlap = 0
PHY-3002 : Step(40): len = 6416.6, overlap = 0
PHY-3002 : Step(41): len = 5697.9, overlap = 0
PHY-3002 : Step(42): len = 5776.6, overlap = 0
PHY-3002 : Step(43): len = 5767, overlap = 0
PHY-3002 : Step(44): len = 6102.3, overlap = 0
PHY-3002 : Step(45): len = 5769.3, overlap = 0
PHY-3002 : Step(46): len = 5603.2, overlap = 0
PHY-3002 : Step(47): len = 5427.2, overlap = 0
PHY-3002 : Step(48): len = 5250.6, overlap = 0
PHY-3002 : Step(49): len = 4882.6, overlap = 0
PHY-3002 : Step(50): len = 4348.3, overlap = 0
PHY-3002 : Step(51): len = 4348.3, overlap = 0
PHY-3002 : Step(52): len = 3939.5, overlap = 0
PHY-3002 : Step(53): len = 3939.5, overlap = 0
PHY-3002 : Step(54): len = 3820.6, overlap = 0
PHY-3001 : Legalization ...
PHY-3001 : End legalization;  0.004199s wall, 0.000000s user + 0.000000s system = 0.000000s CPU (n/a%)

PHY-3001 : Run with size of 4
PHY-3001 : Cell area utilization is 1%
PHY-3001 : Update timing in Manhattan mode ...
TMR-2503 : Start to update net delay, extr mode = 3.
TMR-2504 : Update delay of 384 nets completely.
TMR-2502 : Annotate delay completely, extr mode = 3.
TMR-3501 : Forward propagation: start to calculate arrival time...
TMR-3502 : Backward propagation: start to calculate required time...
TMR-3503 : Timing propagation completes.
PHY-3001 : End timing update;  0.003742s wall, 0.000000s user + 0.000000s system = 0.000000s CPU (n/a%)

PHY-3001 : :::0::: Try harder cell spreading with beta_ = 0
PHY-3002 : Step(55): len = 3803.6, overlap = 0
PHY-3002 : Step(56): len = 3803.6, overlap = 0
PHY-3002 : Step(57): len = 3707.4, overlap = 0
PHY-3002 : Step(58): len = 3707.4, overlap = 0
PHY-3002 : Step(59): len = 3713.9, overlap = 0
PHY-3002 : Step(60): len = 3713.9, overlap = 0
PHY-3002 : Step(61): len = 3627, overlap = 0
PHY-3002 : Step(62): len = 3627, overlap = 0
PHY-3002 : Step(63): len = 3604.5, overlap = 0
PHY-3002 : Step(64): len = 3664.6, overlap = 0
PHY-3002 : Step(65): len = 3664.6, overlap = 0
PHY-3001 : Run with size of 2
PHY-3001 : Cell area utilization is 1%
PHY-3001 : Update timing in Manhattan mode ...
TMR-2503 : Start to update net delay, extr mode = 3.
TMR-2504 : Update delay of 384 nets completely.
TMR-2502 : Annotate delay completely, extr mode = 3.
TMR-3501 : Forward propagation: start to calculate arrival time...
TMR-3502 : Backward propagation: start to calculate required time...
TMR-3503 : Timing propagation completes.
PHY-3001 : End timing update;  0.003826s wall, 0.000000s user + 0.000000s system = 0.000000s CPU (n/a%)

PHY-3001 : :::0::: Try harder cell spreading with beta_ = 0
PHY-3002 : Step(66): len = 3610.8, overlap = 4.8125
PHY-3002 : Step(67): len = 3610.8, overlap = 4.8125
PHY-3002 : Step(68): len = 3593.5, overlap = 5.3125
PHY-3002 : Step(69): len = 3593.5, overlap = 5.3125
PHY-3002 : Step(70): len = 3537.1, overlap = 4.71875
PHY-3002 : Step(71): len = 3537.1, overlap = 4.71875
PHY-3002 : Step(72): len = 3541.9, overlap = 4.5
PHY-3002 : Step(73): len = 3541.9, overlap = 4.5
PHY-3002 : Step(74): len = 3523.4, overlap = 4.375
PHY-3002 : Step(75): len = 3523.4, overlap = 4.375
PHY-3002 : Step(76): len = 3537, overlap = 3.9375
PHY-3002 : Step(77): len = 3537, overlap = 3.9375
PHY-3002 : Step(78): len = 3464.7, overlap = 3.9375
PHY-3002 : Step(79): len = 3506.7, overlap = 3.875
PHY-3002 : Step(80): len = 3506.7, overlap = 3.875
OPT-1001 : Start physical optimization ...
RUN-1002 : start command "start_timer -report"
TMR-2505 : Start building timing graph for model keyboard_instance.
TMR-2506 : Build timing graph completely. Port num: 7, tpin num: 1326, tnet num: 384, tinst num: 314, tnode num: 1697, tedge num: 2094.
TMR-2508 : Levelizing timing graph completed, there are 21 levels in total.
TMR-2501 : Timing graph initialized successfully.
OPT-1001 : Total overflow 9.59 peak overflow 1.41
OPT-1001 : Start high-fanout net optimization ...
OPT-1001 : Update timing in global mode
PHY-1001 : Start incremental global routing, caller is place ...
RUN-1001 : Generating global routing grids ...
RUN-1001 : Building simple global routing graph ...
PHY-1001 : Generate routing nets ...
PHY-1001 : Reuse net number 0/386.
PHY-1001 : Global iterations in 16 thread ...
PHY-1002 : len = 3496, over cnt = 19(0%), over = 73, worst = 9
PHY-1001 : End global iterations;  0.017063s wall, 0.000000s user + 0.000000s system = 0.000000s CPU (n/a%)

PHY-1001 : Congestion index: top1 = 10.88, top5 = 2.81, top10 = 1.40, top15 = 0.93.
PHY-1001 : End incremental global routing;  0.059096s wall, 0.031250s user + 0.000000s system = 0.031250s CPU (52.9%)

TMR-2503 : Start to update net delay, extr mode = 5.
TMR-2504 : Update delay of 384 nets completely.
TMR-2502 : Annotate delay completely, extr mode = 5.
TMR-3001 : Initiate 0 clocks from SDC.
TMR-3004 : Map sdc constraints, there are 0 constraints in total.
TMR-3003 : Constraints initiated successfully.
TMR-3501 : Forward propagation: start to calculate arrival time...
TMR-3502 : Backward propagation: start to calculate required time...
TMR-3503 : Timing propagation completes.
OPT-1001 : End timing update;  0.004987s wall, 0.015625s user + 0.000000s system = 0.015625s CPU (313.3%)

OPT-1001 : 0 high-fanout net processed.
OPT-1001 : End high-fanout net optimization;  0.067193s wall, 0.046875s user + 0.000000s system = 0.046875s CPU (69.8%)

OPT-1001 : Current memory(MB): used = 142, reserve = 112, peak = 142.
OPT-1001 : Start global optimization ...
OPT-1001 : Start congestion update ...
RUN-1001 : Generating global routing grids ...
PHY-1001 : Generate routing nets ...
PHY-1001 : Reuse net number 157/386.
PHY-1001 : Global iterations in 16 thread ...
PHY-1002 : len = 3496, over cnt = 19(0%), over = 73, worst = 9
PHY-1002 : len = 4112, over cnt = 12(0%), over = 19, worst = 4
PHY-1002 : len = 4336, over cnt = 0(0%), over = 0, worst = 0
PHY-1001 : End global iterations;  0.010532s wall, 0.000000s user + 0.000000s system = 0.000000s CPU (n/a%)

PHY-1001 : Congestion index: top1 = 11.64, top5 = 3.22, top10 = 1.61, top15 = 1.07.
OPT-1001 : End congestion update;  0.052730s wall, 0.000000s user + 0.000000s system = 0.000000s CPU (n/a%)

OPT-1001 : Update timing in Manhattan mode
TMR-2503 : Start to update net delay, extr mode = 3.
TMR-2504 : Update delay of 384 nets completely.
TMR-2502 : Annotate delay completely, extr mode = 3.
TMR-3501 : Forward propagation: start to calculate arrival time...
TMR-3502 : Backward propagation: start to calculate required time...
TMR-3503 : Timing propagation completes.
OPT-1001 : End timing update;  0.004278s wall, 0.000000s user + 0.000000s system = 0.000000s CPU (n/a%)

OPT-0007 : Start: WNS 2147483647 TNS 0 NUM_FEPS 0
OPT-1001 : End global optimization;  0.057111s wall, 0.000000s user + 0.000000s system = 0.000000s CPU (n/a%)

OPT-1001 : Current memory(MB): used = 142, reserve = 112, peak = 142.
OPT-1001 : End physical optimization;  0.254424s wall, 0.078125s user + 0.000000s system = 0.078125s CPU (30.7%)

PHY-3001 : Start packing ...
SYN-4007 : Packing 0 MUX to BLE ...
SYN-4008 : Packed 0 MUX and 0 SEQ to BLE.
SYN-4007 : Packing 132 LUT to BLE ...
SYN-4008 : Packed 132 LUT and 57 SEQ to BLE.
SYN-4003 : Packing 74 remaining SEQ's ...
SYN-4005 : Packed 40 SEQ with LUT/SLICE
SYN-4006 : 39 single LUT's are left
SYN-4006 : 34 single SEQ's are left
SYN-4011 : Packing model "keyboard_instance" (AL_USER_NORMAL) with 166/219 primitive instances ...
PHY-3001 : End packing;  0.010231s wall, 0.015625s user + 0.000000s system = 0.015625s CPU (152.7%)

PHY-1001 : Populate physical database on model keyboard_instance.
RUN-1001 : There are total 147 instances
RUN-1001 : 60 mslices, 59 lslices, 23 pads, 0 brams, 0 dsps
RUN-1001 : There are total 333 nets
RUN-1001 : 165 nets have 2 pins
RUN-1001 : 131 nets have [3 - 5] pins
RUN-1001 : 28 nets have [6 - 10] pins
RUN-1001 : 5 nets have [11 - 20] pins
RUN-1001 : 3 nets have [21 - 99] pins
RUN-1001 : 1 nets have 100+ pins
PHY-3001 : design contains 145 instances, 119 slices, 3 macros(25 instances: 10 mslices 15 lslices)
PHY-3001 : Cell area utilization is 1%
PHY-3001 : After packing: Len = 3650.6, Over = 7
PHY-3001 : Run with size of 2
PHY-3001 : Cell area utilization is 1%
PHY-3001 : Update timing in Manhattan mode ...
RUN-1002 : start command "start_timer -report"
TMR-2505 : Start building timing graph for model keyboard_instance.
TMR-2506 : Build timing graph completely. Port num: 7, tpin num: 1173, tnet num: 331, tinst num: 145, tnode num: 1445, tedge num: 1989.
TMR-2508 : Levelizing timing graph completed, there are 21 levels in total.
TMR-2501 : Timing graph initialized successfully.
TMR-2503 : Start to update net delay, extr mode = 3.
TMR-2504 : Update delay of 331 nets completely.
TMR-2502 : Annotate delay completely, extr mode = 3.
TMR-3001 : Initiate 0 clocks from SDC.
TMR-3004 : Map sdc constraints, there are 0 constraints in total.
TMR-3003 : Constraints initiated successfully.
TMR-3501 : Forward propagation: start to calculate arrival time...
TMR-3502 : Backward propagation: start to calculate required time...
TMR-3503 : Timing propagation completes.
PHY-3001 : End timing update;  0.130831s wall, 0.078125s user + 0.000000s system = 0.078125s CPU (59.7%)

PHY-3001 : :::0::: Try harder cell spreading with beta_ = 0.000383792
PHY-3002 : Step(81): len = 3702.7, overlap = 6.5
PHY-3002 : Step(82): len = 3707.7, overlap = 6.5
PHY-3002 : Step(83): len = 3652.6, overlap = 6.5
PHY-3001 : :::1::: Try harder cell spreading with beta_ = 0.000767584
PHY-3002 : Step(84): len = 3536.3, overlap = 6.25
PHY-3002 : Step(85): len = 3536.3, overlap = 6.25
PHY-3001 : :::2::: Try harder cell spreading with beta_ = 0.00153517
PHY-3002 : Step(86): len = 3573.3, overlap = 6.25
PHY-3002 : Step(87): len = 3585, overlap = 6.25
PHY-3001 : Legalization ...
PHY-3001 : End legalization;  0.030399s wall, 0.000000s user + 0.000000s system = 0.000000s CPU (n/a%)

PHY-3001 : Trial Legalized: Len = 6890.7
PHY-3001 : Run with size of 2
PHY-3001 : Cell area utilization is 1%
PHY-3001 : Update timing in Manhattan mode ...
TMR-2503 : Start to update net delay, extr mode = 3.
TMR-2504 : Update delay of 331 nets completely.
TMR-2502 : Annotate delay completely, extr mode = 3.
TMR-3501 : Forward propagation: start to calculate arrival time...
TMR-3502 : Backward propagation: start to calculate required time...
TMR-3503 : Timing propagation completes.
PHY-3001 : End timing update;  0.003697s wall, 0.000000s user + 0.000000s system = 0.000000s CPU (n/a%)

PHY-3001 : :::0::: Try harder cell spreading with beta_ = 0
PHY-3002 : Step(88): len = 4694.9, overlap = 1.5
PHY-3002 : Step(89): len = 3943.2, overlap = 3.75
PHY-3002 : Step(90): len = 3621.5, overlap = 4
PHY-3002 : Step(91): len = 3593.7, overlap = 4
PHY-3002 : Step(92): len = 3556, overlap = 4
PHY-3001 : :::1::: Try harder cell spreading with beta_ = 0.0153146
PHY-3002 : Step(93): len = 3545.6, overlap = 4
PHY-3002 : Step(94): len = 3524.8, overlap = 4.25
PHY-3001 : Legalization ...
PHY-3001 : End legalization;  0.004919s wall, 0.000000s user + 0.000000s system = 0.000000s CPU (n/a%)

PHY-3001 : Legalized: Len = 5017.5, Over = 0
PHY-3001 : Spreading special nets. 3 overflows in 2952 tiles.
PHY-3001 : End spreading;  0.002382s wall, 0.000000s user + 0.000000s system = 0.000000s CPU (n/a%)

PHY-3001 : 4 instances has been re-located, deltaX = 0, deltaY = 4, maxDist = 1.
PHY-3001 : Final: Len = 5055.5, Over = 0
OPT-1001 : Start physical optimization ...
RUN-1002 : start command "start_timer -report"
TMR-2505 : Start building timing graph for model keyboard_instance.
TMR-2506 : Build timing graph completely. Port num: 7, tpin num: 1173, tnet num: 331, tinst num: 145, tnode num: 1445, tedge num: 1989.
TMR-2508 : Levelizing timing graph completed, there are 21 levels in total.
TMR-2501 : Timing graph initialized successfully.
OPT-1001 : Total overflow 0.00 peak overflow 0.00
OPT-1001 : Start high-fanout net optimization ...
OPT-1001 : Update timing in global mode
PHY-1001 : Start incremental global routing, caller is place ...
RUN-1001 : Generating global routing grids ...
PHY-1001 : Generate routing nets ...
PHY-1001 : Reuse net number 21/333.
PHY-1001 : Global iterations in 16 thread ...
PHY-1002 : len = 5408, over cnt = 24(0%), over = 48, worst = 4
PHY-1002 : len = 5616, over cnt = 18(0%), over = 26, worst = 3
PHY-1002 : len = 6032, over cnt = 0(0%), over = 0, worst = 0
PHY-1001 : End global iterations;  0.028530s wall, 0.000000s user + 0.000000s system = 0.000000s CPU (n/a%)

PHY-1001 : Congestion index: top1 = 14.20, top5 = 4.75, top10 = 2.37, top15 = 1.58.
PHY-1001 : End incremental global routing;  0.065627s wall, 0.046875s user + 0.000000s system = 0.046875s CPU (71.4%)

TMR-2503 : Start to update net delay, extr mode = 5.
TMR-2504 : Update delay of 331 nets completely.
TMR-2502 : Annotate delay completely, extr mode = 5.
TMR-3001 : Initiate 0 clocks from SDC.
TMR-3004 : Map sdc constraints, there are 0 constraints in total.
TMR-3003 : Constraints initiated successfully.
TMR-3501 : Forward propagation: start to calculate arrival time...
TMR-3502 : Backward propagation: start to calculate required time...
TMR-3503 : Timing propagation completes.
OPT-1001 : End timing update;  0.005591s wall, 0.000000s user + 0.000000s system = 0.000000s CPU (n/a%)

OPT-1001 : 0 high-fanout net processed.
OPT-1001 : End high-fanout net optimization;  0.074621s wall, 0.046875s user + 0.000000s system = 0.046875s CPU (62.8%)

OPT-1001 : Current memory(MB): used = 143, reserve = 113, peak = 144.
OPT-1001 : Start path based optimization ...
OPT-1001 : Start congestion update ...
RUN-1001 : Generating global routing grids ...
PHY-1001 : Generate routing nets ...
PHY-1001 : Reuse net number 238/333.
PHY-1001 : Global iterations in 16 thread ...
PHY-1002 : len = 6032, over cnt = 0(0%), over = 0, worst = 0
PHY-1001 : End global iterations;  0.001102s wall, 0.000000s user + 0.000000s system = 0.000000s CPU (n/a%)

PHY-1001 : Congestion index: top1 = 14.20, top5 = 4.75, top10 = 2.37, top15 = 1.58.
OPT-1001 : End congestion update;  0.037938s wall, 0.031250s user + 0.000000s system = 0.031250s CPU (82.4%)

OPT-1001 : Update timing in Manhattan mode
TMR-2503 : Start to update net delay, extr mode = 3.
TMR-2504 : Update delay of 331 nets completely.
TMR-2502 : Annotate delay completely, extr mode = 3.
TMR-3501 : Forward propagation: start to calculate arrival time...
TMR-3502 : Backward propagation: start to calculate required time...
TMR-3503 : Timing propagation completes.
OPT-1001 : End timing update;  0.004354s wall, 0.000000s user + 0.000000s system = 0.000000s CPU (n/a%)

OPT-0007 : Start: WNS 2147483647 TNS 0 NUM_FEPS 0
OPT-1001 : End path based optimization;  0.042431s wall, 0.031250s user + 0.000000s system = 0.031250s CPU (73.6%)

OPT-1001 : Current memory(MB): used = 144, reserve = 114, peak = 144.
OPT-1001 : Update timing in Manhattan mode
TMR-2503 : Start to update net delay, extr mode = 3.
TMR-2504 : Update delay of 331 nets completely.
TMR-2502 : Annotate delay completely, extr mode = 3.
TMR-3501 : Forward propagation: start to calculate arrival time...
TMR-3502 : Backward propagation: start to calculate required time...
TMR-3503 : Timing propagation completes.
OPT-1001 : End timing update;  0.003038s wall, 0.000000s user + 0.000000s system = 0.000000s CPU (n/a%)

OPT-1001 : Start pin optimization...
OPT-1001 : skip pin optimization...
OPT-1001 : Update timing in global mode
PHY-1001 : Start incremental global routing, caller is place ...
RUN-1001 : Generating global routing grids ...
PHY-1001 : Generate routing nets ...
PHY-1001 : Reuse net number 238/333.
PHY-1001 : Global iterations in 16 thread ...
PHY-1002 : len = 6032, over cnt = 0(0%), over = 0, worst = 0
PHY-1001 : End global iterations;  0.001522s wall, 0.000000s user + 0.000000s system = 0.000000s CPU (n/a%)

PHY-1001 : Congestion index: top1 = 14.20, top5 = 4.75, top10 = 2.37, top15 = 1.58.
PHY-1001 : End incremental global routing;  0.045963s wall, 0.015625s user + 0.000000s system = 0.015625s CPU (34.0%)

TMR-2503 : Start to update net delay, extr mode = 5.
TMR-2504 : Update delay of 331 nets completely.
TMR-2502 : Annotate delay completely, extr mode = 5.
TMR-3501 : Forward propagation: start to calculate arrival time...
TMR-3502 : Backward propagation: start to calculate required time...
TMR-3503 : Timing propagation completes.
OPT-1001 : End timing update;  0.004950s wall, 0.000000s user + 0.000000s system = 0.000000s CPU (n/a%)

RUN-1001 : Generating global routing grids ...
PHY-1001 : Generate routing nets ...
PHY-1001 : Reuse net number 238/333.
PHY-1001 : Global iterations in 16 thread ...
PHY-1002 : len = 6032, over cnt = 0(0%), over = 0, worst = 0
PHY-1001 : End global iterations;  0.001301s wall, 0.000000s user + 0.000000s system = 0.000000s CPU (n/a%)

PHY-1001 : Congestion index: top1 = 14.20, top5 = 4.75, top10 = 2.37, top15 = 1.58.
OPT-1001 : Update timing in Manhattan mode
TMR-2503 : Start to update net delay, extr mode = 3.
TMR-2504 : Update delay of 331 nets completely.
TMR-2502 : Annotate delay completely, extr mode = 3.
TMR-3501 : Forward propagation: start to calculate arrival time...
TMR-3502 : Backward propagation: start to calculate required time...
TMR-3503 : Timing propagation completes.
OPT-1001 : End timing update;  0.003688s wall, 0.000000s user + 0.000000s system = 0.000000s CPU (n/a%)

RUN-1001 : QoR Analysis:
OPT-0007 :   WNS 2147483647 TNS 0 NUM_FEPS 0
RUN-1001 :   No local congestion issue, and most congested 1% tile average routing util is 13.862069
RUN-1001 :   Top critical paths
OPT-1001 : End physical optimization;  0.347251s wall, 0.218750s user + 0.000000s system = 0.218750s CPU (63.0%)

RUN-1003 : finish command "place" in  2.661045s wall, 0.750000s user + 0.328125s system = 1.078125s CPU (40.5%)

RUN-1004 : used memory is 131 MB, reserved memory is 101 MB, peak memory is 144 MB
RUN-1002 : start command "export_db keyboard_place.db"
RUN-1001 : Exported /
RUN-1001 : Exported flow parameters
RUN-1001 : Exported libs
RUN-1001 : Exported entities
RUN-1001 : Exported ports
RUN-1001 : Exported pins
RUN-1001 : Exported instances
RUN-1001 : Exported nets
RUN-1001 : Exported buses
RUN-1001 : Exported models
RUN-1001 : Exported congestions
RUN-1001 : Exported violations
RUN-1001 : Exported timing constraints
RUN-1001 : Exported IO constraints
RUN-1001 : Exported Inst constraints
RUN-1002 : start command "route"
RUN-1001 : Open license file E:/Anlogic/TD5.6.59063/license/Anlogic.lic
RUN-1001 : Print Global Property
RUN-1001 : ---------------------------------------------------------------
RUN-1001 :        Parameters        |  Settings  |  Default Values  |  Note  
RUN-1001 : ---------------------------------------------------------------
RUN-1001 :          message         |  standard  |     standard     |        
RUN-1001 :   mixed_pack_place_flow  |     on     |        on        |        
RUN-1001 :        qor_monitor       |    off     |       off        |        
RUN-1001 :        syn_ip_flow       |    off     |       off        |        
RUN-1001 :          thread          |    auto    |       auto       |        
RUN-1001 : ---------------------------------------------------------------
RUN-1001 : Print Route Property
RUN-1001 : -------------------------------------------------------
RUN-1001 :    Parameters    |  Settings  |  Default Values  |  Note  
RUN-1001 : -------------------------------------------------------
RUN-1001 :      effort      |   medium   |      medium      |        
RUN-1001 :     fix_hold     |    off     |       off        |        
RUN-1001 :    opt_timing    |   medium   |      medium      |        
RUN-1001 :   phy_sim_model  |    off     |       off        |        
RUN-1001 :     priority     |   timing   |      timing      |        
RUN-1001 :     swap_pin     |     on     |        on        |        
RUN-1001 : -------------------------------------------------------
PHY-1001 : Route runs in 16 thread(s)
RUN-1001 : There are total 147 instances
RUN-1001 : 60 mslices, 59 lslices, 23 pads, 0 brams, 0 dsps
RUN-1001 : There are total 333 nets
RUN-1001 : 165 nets have 2 pins
RUN-1001 : 131 nets have [3 - 5] pins
RUN-1001 : 28 nets have [6 - 10] pins
RUN-1001 : 5 nets have [11 - 20] pins
RUN-1001 : 3 nets have [21 - 99] pins
RUN-1001 : 1 nets have 100+ pins
RUN-1002 : start command "start_timer -report"
TMR-2505 : Start building timing graph for model keyboard_instance.
TMR-2506 : Build timing graph completely. Port num: 7, tpin num: 1173, tnet num: 331, tinst num: 145, tnode num: 1445, tedge num: 1989.
TMR-2508 : Levelizing timing graph completed, there are 21 levels in total.
TMR-2501 : Timing graph initialized successfully.
PHY-1001 : 60 mslices, 59 lslices, 23 pads, 0 brams, 0 dsps
TMR-2503 : Start to update net delay, extr mode = 3.
TMR-2504 : Update delay of 331 nets completely.
TMR-2502 : Annotate delay completely, extr mode = 3.
TMR-3001 : Initiate 0 clocks from SDC.
TMR-3004 : Map sdc constraints, there are 0 constraints in total.
TMR-3003 : Constraints initiated successfully.
TMR-3501 : Forward propagation: start to calculate arrival time...
TMR-3502 : Backward propagation: start to calculate required time...
TMR-3503 : Timing propagation completes.
PHY-1001 : Start global routing, caller is route ...
RUN-1001 : Generating global routing grids ...
PHY-1001 : Generate routing nets ...
PHY-1001 : Global iterations in 16 thread ...
PHY-1002 : len = 5344, over cnt = 24(0%), over = 49, worst = 4
PHY-1002 : len = 5592, over cnt = 19(0%), over = 27, worst = 3
PHY-1002 : len = 6008, over cnt = 0(0%), over = 0, worst = 0
PHY-1001 : End global iterations;  0.030777s wall, 0.000000s user + 0.000000s system = 0.000000s CPU (n/a%)

PHY-1001 : Congestion index: top1 = 14.22, top5 = 4.73, top10 = 2.36, top15 = 1.57.
PHY-1001 : End global routing;  0.068376s wall, 0.015625s user + 0.000000s system = 0.015625s CPU (22.9%)

PHY-1001 : Start detail routing ...
PHY-1001 : Current memory(MB): used = 164, reserve = 134, peak = 178.
PHY-1001 : Detailed router is running in normal mode.
PHY-1001 : Generate detailed routing grids ...
PHY-1001 : Generate nets ...
PHY-1001 : net clk_50M_dup_1 will be routed on clock mesh
PHY-1001 : clock net U5/SingleNum_n_syn_3 will be merged with clock U5/SingleNum_n
PHY-1001 : clock net U1/scan_clk_syn_4 will be merged with clock U1/scan_clk
PHY-1001 : Current memory(MB): used = 432, reserve = 407, peak = 432.
PHY-1001 : End build detailed router design. 3.870648s wall, 2.046875s user + 0.062500s system = 2.109375s CPU (54.5%)

PHY-1001 : Detail Route ...
PHY-1001 : ===== Detail Route Phase 1 =====
PHY-1001 : Clock net routing.....
PHY-1001 : Routed 0% nets.
PHY-1022 : len = 6112, over cnt = 0(0%), over = 0, worst = 0, crit = 0
PHY-1001 : End initial clock net routed; 0.591286s wall, 0.343750s user + 0.000000s system = 0.343750s CPU (58.1%)

PHY-1001 : Current memory(MB): used = 461, reserve = 438, peak = 461.
PHY-1001 : End phase 1; 0.597261s wall, 0.343750s user + 0.000000s system = 0.343750s CPU (57.6%)

PHY-1001 : ===== Detail Route Phase 2 =====
PHY-1001 : Initial routing.....
PHY-1001 : Routed 18% nets.
PHY-1001 : Patch 224 net; 0.079138s wall, 0.046875s user + 0.015625s system = 0.062500s CPU (79.0%)

PHY-1022 : len = 16208, over cnt = 17(0%), over = 17, worst = 1, crit = 0
PHY-1001 : Current memory(MB): used = 462, reserve = 438, peak = 462.
PHY-1001 : End initial routed; 0.094508s wall, 0.062500s user + 0.015625s system = 0.078125s CPU (82.7%)

PHY-1001 : Update timing.....
PHY-1001 : 0/286(0%) critical/total net(s).
RUN-1001 : ------------------------------------------
RUN-1001 :   Type   |    WNS(ns)    |  TNS(ns)  |  FEP  
RUN-1001 : ------------------------------------------
RUN-1001 :   Setup  |  2147483.647  |   0.000   |   0   
RUN-1001 :   Hold   |  2147483.647  |   0.000   |   0   
RUN-1001 : ------------------------------------------
PHY-1001 : End update timing; 0.187745s wall, 0.078125s user + 0.000000s system = 0.078125s CPU (41.6%)

PHY-1001 : Current memory(MB): used = 462, reserve = 438, peak = 462.
PHY-1001 : End phase 2; 0.282336s wall, 0.140625s user + 0.015625s system = 0.156250s CPU (55.3%)

PHY-1001 : ===== Detail Route Phase 3 =====
PHY-1001 : Optimize timing.....
PHY-1022 : len = 16208, over cnt = 17(0%), over = 17, worst = 1, crit = 0
PHY-1001 : End optimize timing; 0.004765s wall, 0.000000s user + 0.000000s system = 0.000000s CPU (n/a%)

PHY-1001 : Ripup-reroute.....
PHY-1001 : ===== DR Iter 1 =====
PHY-1022 : len = 16264, over cnt = 1(0%), over = 1, worst = 1, crit = 0
PHY-1001 : End DR Iter 1; 0.024978s wall, 0.031250s user + 0.000000s system = 0.031250s CPU (125.1%)

PHY-1001 : ===== DR Iter 2 =====
PHY-1022 : len = 16280, over cnt = 0(0%), over = 0, worst = 0, crit = 0
PHY-1001 : End DR Iter 2; 0.011884s wall, 0.015625s user + 0.000000s system = 0.015625s CPU (131.5%)

PHY-1001 : Update timing.....
PHY-1001 : 0/286(0%) critical/total net(s).
RUN-1001 : ------------------------------------------
RUN-1001 :   Type   |    WNS(ns)    |  TNS(ns)  |  FEP  
RUN-1001 : ------------------------------------------
RUN-1001 :   Setup  |  2147483.647  |   0.000   |   0   
RUN-1001 :   Hold   |  2147483.647  |   0.000   |   0   
RUN-1001 : ------------------------------------------
PHY-1001 : End update timing; 0.134549s wall, 0.046875s user + 0.000000s system = 0.046875s CPU (34.8%)

PHY-1001 : Commit to database.....
PHY-1001 : 3 feed throughs used by 3 nets
PHY-1001 : End commit to database; 0.028071s wall, 0.015625s user + 0.000000s system = 0.015625s CPU (55.7%)

PHY-1001 : Current memory(MB): used = 471, reserve = 447, peak = 471.
PHY-1001 : End phase 3; 0.315387s wall, 0.187500s user + 0.000000s system = 0.187500s CPU (59.5%)

PHY-1003 : Routed, final wirelength = 16280
PHY-1001 : Current memory(MB): used = 471, reserve = 447, peak = 471.
PHY-1001 : End export database. 0.006447s wall, 0.015625s user + 0.000000s system = 0.015625s CPU (242.4%)

PHY-1001 : End detail routing;  5.287406s wall, 2.859375s user + 0.078125s system = 2.937500s CPU (55.6%)

RUN-1003 : finish command "route" in  5.545169s wall, 2.984375s user + 0.078125s system = 3.062500s CPU (55.2%)

RUN-1004 : used memory is 415 MB, reserved memory is 389 MB, peak memory is 472 MB
RUN-1002 : start command "report_area -io_info -file keyboard_phy.area"
RUN-1001 : standard
***Report Model: keyboard_instance Device: EG4S20BG256***

IO Statistics
#IO                        23
  #input                    6
  #output                  17
  #inout                    0

Utilization Statistics
#lut                      196   out of  19600    1.00%
#reg                      147   out of  19600    0.75%
#le                       230
  #lut only                83   out of    230   36.09%
  #reg only                34   out of    230   14.78%
  #lut&reg                113   out of    230   49.13%
#dsp                        0   out of     29    0.00%
#bram                       0   out of     64    0.00%
  #bram9k                   0
  #fifo9k                   0
#bram32k                    0   out of     16    0.00%
#pad                       23   out of    188   12.23%
  #ireg                     0
  #oreg                     0
  #treg                     0
#pll                        0   out of      4    0.00%
#gclk                       3   out of     16   18.75%

Clock Resource Statistics
Index     ClockNet          Type               DriverType         Driver                         Fanout
#1        clk_50M_dup_1     GCLK               io                 clk_50M_syn_2.di               66
#2        U1/scan_clk       GCLK               lslice             U1/scan_clk_reg_syn_9.q1       11
#3        U5/SingleNum_n    GCLK               mslice             DigitronCS_Out[3]_syn_13.f0    4


Detailed IO Report

        Name           Direction    Location    IOStandard    DriveStrength    PullType    PackReg  
        RSTn             INPUT         A9        LVCMOS33          N/A          PULLUP      NONE    
       clk_50M           INPUT         R7        LVCMOS33          N/A          PULLUP      NONE    
       col[3]            INPUT        F10        LVCMOS33          N/A          PULLUP      NONE    
       col[2]            INPUT        C11        LVCMOS33          N/A          PULLUP      NONE    
       col[1]            INPUT        D11        LVCMOS33          N/A          PULLUP      NONE    
       col[0]            INPUT        E11        LVCMOS33          N/A          PULLUP      NONE    
  DigitronCS_Out[3]     OUTPUT         A3        LVCMOS33           8            NONE       NONE    
  DigitronCS_Out[2]     OUTPUT         A5        LVCMOS33           8            NONE       NONE    
  DigitronCS_Out[1]     OUTPUT         B6        LVCMOS33           8            NONE       NONE    
  DigitronCS_Out[0]     OUTPUT         C9        LVCMOS33           8            NONE       NONE    
   Digitron_Out[7]      OUTPUT         C8        LVCMOS33           8            NONE       NONE    
   Digitron_Out[6]      OUTPUT         A8        LVCMOS33           8            NONE       NONE    
   Digitron_Out[5]      OUTPUT         B5        LVCMOS33           8            NONE       NONE    
   Digitron_Out[4]      OUTPUT         A7        LVCMOS33           8            NONE       NONE    
   Digitron_Out[3]      OUTPUT         E8        LVCMOS33           8            NONE       NONE    
   Digitron_Out[2]      OUTPUT         B8        LVCMOS33           8            NONE       NONE    
   Digitron_Out[1]      OUTPUT         A6        LVCMOS33           8            NONE       NONE    
   Digitron_Out[0]      OUTPUT         A4        LVCMOS33           8            NONE       NONE    
        light           OUTPUT        B14        LVCMOS33           8            NONE       NONE    
       row[3]           OUTPUT         D9        LVCMOS33           8            NONE       NONE    
       row[2]           OUTPUT         F9        LVCMOS33           8            NONE       NONE    
       row[1]           OUTPUT        C10        LVCMOS33           8            NONE       NONE    
       row[0]           OUTPUT        E10        LVCMOS33           8            NONE       NONE    

Report Hierarchy Area:
+-------------------------------------------------------------------------------------------+
|Instance |Module                      |le     |lut     |ripple  |seq     |bram    |dsp     |
+-------------------------------------------------------------------------------------------+
|top      |keyboard_instance           |230    |171     |25      |147     |0       |0       |
|  U1     |keyboard_scan               |73     |50      |9       |54      |0       |0       |
|  U2     |key_filter                  |60     |34      |6       |50      |0       |0       |
|  U3     |onehot2binary               |50     |50      |0       |23      |0       |0       |
|  U5     |Digitron_TimeDisplay_module |43     |33      |10      |20      |0       |0       |
+-------------------------------------------------------------------------------------------+


DataNet Average Fanout:

   Index     Fanout    Nets  
    #1         1       142   
    #2         2        98   
    #3         3        18   
    #4         4        14   
    #5        5-10      28   
    #6       11-50      5    
  Average     2.42           

RUN-1002 : start command "export_db keyboard_pr.db"
RUN-1001 : Exported /
RUN-1001 : Exported flow parameters
RUN-1001 : Exported libs
RUN-1001 : Exported entities
RUN-1001 : Exported ports
RUN-1001 : Exported pins
RUN-1001 : Exported instances
RUN-1001 : Exported nets
RUN-1001 : Exported buses
RUN-1001 : Exported models
RUN-1001 : Exported congestions
RUN-1001 : Exported violations
RUN-1001 : Exported timing constraints
RUN-1001 : Exported IO constraints
RUN-1001 : Exported Inst constraints
RUN-1002 : start command "export_bid keyboard_inst.bid"
RUN-1002 : start command "bitgen -bit keyboard.bit -unused_io_status pulldown"
BIT-1003 : Start to generate bitstream. 
BIT-1002 : Bitgen processed 165 unused pads, reserve input tri_state with pulldown
BIT-1002 : Init instances with 16 threads.
BIT-1002 : Init instances completely, inst num: 310
BIT-1002 : Init pips with 16 threads.
BIT-1002 : Init pips completely, net num: 333, pip num: 2044
BIT-1002 : Init feedthrough completely, num: 3
BIT-1003 : Multithreading accelaration with 16 threads.
BIT-1003 : Generate bitstream completely, there are 443 valid insts, and 6756 bits set as '1'.
BIT-1004 : PLL setting string = 0000
BIT-1004 : Generate bits file keyboard.bit.
RUN-1003 : finish command "bitgen -bit keyboard.bit -unused_io_status pulldown" in  1.384918s wall, 4.906250s user + 0.015625s system = 4.921875s CPU (355.4%)

RUN-1004 : used memory is 434 MB, reserved memory is 409 MB, peak memory is 615 MB
RUN-1002 : start command "backup_run_log run.log ../.logs/phy_1/td_20240827_133907.log"
