============================================================
   Tang Dynasty, V5.6.59063
   Copyright (c) 2012-2022 Anlogic
   Executable = E:/Anlogic/TD5.6.59063/bin/td.exe
   Built at =   12:45:13 Sep  6 2022
   Run by =     19234
   Run Date =   Thu Aug 29 00:44:56 2024

   Run on =     ERIKPSW
============================================================
RUN-1002 : start command "open_project keyboard.prj"
RUN-1001 : Print Global Property
RUN-1001 : ---------------------------------------------------------------
RUN-1001 :        Parameters        |  Settings  |  Default Values  |  Note  
RUN-1001 : ---------------------------------------------------------------
RUN-1001 :          message         |  standard  |     standard     |        
RUN-1001 :   mixed_pack_place_flow  |     on     |        on        |        
RUN-1001 :        qor_monitor       |    off     |       off        |        
RUN-1001 :        syn_ip_flow       |    off     |       off        |        
RUN-1001 :          thread          |    auto    |       auto       |        
RUN-1001 : ---------------------------------------------------------------
RUN-1001 : Print Design Property
RUN-1001 : --------------------------------------------------------------
RUN-1001 :        Parameters       |  Settings  |  Default Values  |  Note  
RUN-1001 : --------------------------------------------------------------
RUN-1001 :   default_reg_initial   |    auto    |       auto       |        
RUN-1001 :        infer_add        |     on     |        on        |        
RUN-1001 :        infer_fsm        |    off     |       off        |        
RUN-1001 :        infer_mult       |     on     |        on        |        
RUN-1001 :        infer_ram        |     on     |        on        |        
RUN-1001 :        infer_reg        |     on     |        on        |        
RUN-1001 :   infer_reg_init_value  |     on     |        on        |        
RUN-1001 :        infer_rom        |     on     |        on        |        
RUN-1001 :      infer_shifter      |     on     |        on        |        
RUN-1001 : --------------------------------------------------------------
RUN-1001 : Print Rtl Property
RUN-1001 : --------------------------------------------------------------
RUN-1001 :        Parameters       |  Settings  |  Default Values  |  Note  
RUN-1001 : --------------------------------------------------------------
RUN-1001 :       compress_add      |   ripple   |      ripple      |        
RUN-1001 :        elf_sload        |    off     |       off        |        
RUN-1001 :       fix_undriven      |     0      |        0         |        
RUN-1001 :         flatten         |    off     |       off        |        
RUN-1001 :       gate_sharing      |     on     |        on        |        
RUN-1001 :    hdl_warning_level    |   normal   |      normal      |        
RUN-1001 :   impl_internal_tribuf  |     on     |        on        |        
RUN-1001 :      impl_set_reset     |     on     |        on        |        
RUN-1001 :        infer_gsr        |    off     |       off        |        
RUN-1001 :      keep_hierarchy     |    auto    |       auto       |        
RUN-1001 :        max_fanout       |    9999    |       9999       |        
RUN-1001 :      max_oh2bin_len     |     10     |        10        |        
RUN-1001 :       merge_equal       |     on     |        on        |        
RUN-1001 :       merge_equiv       |     on     |        on        |        
RUN-1001 :        merge_mux        |    off     |       off        |        
RUN-1001 :     min_control_set     |     8      |        8         |        
RUN-1001 :      min_ripple_len     |    auto    |       auto       |        
RUN-1001 :       oh2bin_ratio      |    0.08    |       0.08       |        
RUN-1001 :     opt_adder_fanout    |     on     |        on        |        
RUN-1001 :        opt_arith        |     on     |        on        |        
RUN-1001 :       opt_big_gate      |    off     |       off        |        
RUN-1001 :        opt_const        |     on     |        on        |        
RUN-1001 :      opt_const_mult     |     on     |        on        |        
RUN-1001 :       opt_lessthan      |     on     |        on        |        
RUN-1001 :         opt_mux         |    off     |       off        |        
RUN-1001 :         opt_ram         |    high    |       high       |        
RUN-1001 :      rtl_sim_model      |    off     |       off        |        
RUN-1001 :         seq_syn         |     on     |        on        |        
RUN-1001 : --------------------------------------------------------------
HDL-1007 : analyze verilog file ../../../src/Digitron_TimeDisplay_module.v
HDL-1007 : analyze verilog file ../../../src/key_filter.v
HDL-1007 : analyze verilog file ../../../src/keyboard_instance.v
HDL-1007 : undeclared symbol 'secrect', assumed default net type 'wire' in ../../../src/keyboard_instance.v(44)
HDL-1007 : analyze verilog file ../../../src/keyboard_scan.v
HDL-1007 : analyze verilog file ../../../src/led_effect.v
HDL-1007 : analyze verilog file ../../../src/onehot2binary.v
RUN-1001 : Project manager successfully analyzed 6 source files.
RUN-1002 : start command "import_device eagle_s20.db -package EG4S20BG256"
ARC-1001 : Device Initialization.
ARC-1001 : ------------------------------------------------------------------
ARC-1001 :            OPTION            |          IO          |   SETTING   
ARC-1001 : ------------------------------------------------------------------
ARC-1001 :   cso_b/cclk/mosi/miso/dout  |  T3/R11/T10/P10/S11  |    gpio    
ARC-1001 :             done             |         P13          |    gpio    
ARC-1001 :           program_b          |          T2          |  dedicate  
ARC-1001 :        tdi/tms/tck/tdo       |   C12/A15/C14/E14    |  dedicate  
ARC-1001 : ------------------------------------------------------------------
ARC-1004 : Device setting, marked 5 dedicate IOs in total.
RUN-1002 : start command "import_db ../syn_1/keyboard_gate.db"
RUN-1001 : Importing database generated by Tang Dynasty, V5.6.59063.
RUN-1001 : Database version number 46140.
RUN-1001 : Import flow parameters
RUN-1001 : Import timing constraints
RUN-1001 : Import IO constraints
RUN-1001 : Import Inst constraints
RUN-1001 : Import design success TD_VERSION=5.6.59063 , DB_VERSION=46140
RUN-1002 : start command "read_sdc"
USR-1002 : read_sdc file_name -help -h -eco
USR-1009 : NO module with IP_SDC ...
RUN-1104 : Import SDC file  finished, there are 0 nets kept by constraints.
RUN-1002 : start command "place"
RUN-1001 : Open license file E:/Anlogic/TD5.6.59063/license/Anlogic.lic
RUN-1001 : Print Global Property
RUN-1001 : ---------------------------------------------------------------
RUN-1001 :        Parameters        |  Settings  |  Default Values  |  Note  
RUN-1001 : ---------------------------------------------------------------
RUN-1001 :          message         |  standard  |     standard     |        
RUN-1001 :   mixed_pack_place_flow  |     on     |        on        |        
RUN-1001 :        qor_monitor       |    off     |       off        |        
RUN-1001 :        syn_ip_flow       |    off     |       off        |        
RUN-1001 :          thread          |    auto    |       auto       |        
RUN-1001 : ---------------------------------------------------------------
RUN-1001 : Print Place Property
RUN-1001 : --------------------------------------------------------------
RUN-1001 :        Parameters       |  Settings  |  Default Values  |  Note  
RUN-1001 : --------------------------------------------------------------
RUN-1001 :      detailed_place     |     on     |        on        |        
RUN-1001 :          effort         |   medium   |      medium      |        
RUN-1001 :         fix_hold        |    off     |       off        |        
RUN-1001 :       legalization      |    ori     |       ori        |        
RUN-1001 :      new_spreading      |     on     |        on        |        
RUN-1001 :        opt_timing       |   medium   |      medium      |        
RUN-1001 :   post_clock_route_opt  |    off     |       off        |        
RUN-1001 :       pr_strategy       |     1      |        1         |        
RUN-1001 :        relaxation       |    1.00    |       1.00       |        
RUN-1001 :         retiming        |    off     |       off        |        
RUN-1001 : --------------------------------------------------------------
PHY-3001 : Placer runs in 16 thread(s).
RUN-1002 : start command "legalize_phy_inst"
SYN-1011 : Flatten model keyboard_instance
RUN-1002 : start command "phys_opt -simplify_lut"
SYN-4024 : Net "clk_50M_dup_1" drives clk pins.
SYN-4024 : Net "U1/scan_clk" drives clk pins.
SYN-4024 : Net "U6/slow_clk" drives clk pins.
SYN-4025 : Tag rtl::Net U1/scan_clk as clock net
SYN-4025 : Tag rtl::Net U6/slow_clk as clock net
SYN-4025 : Tag rtl::Net clk_50M_dup_1 as clock net
SYN-4026 : Tagged 3 rtl::Net as clock net
SYN-4015 : Create BUFG instance for clk Net U1/scan_clk to drive 20 clock pins.
SYN-4015 : Create BUFG instance for clk Net U6/slow_clk to drive 12 clock pins.
PHY-1001 : Populate physical database on model keyboard_instance.
RUN-1001 : There are total 934 instances
RUN-0007 : 446 luts, 292 seqs, 110 mslices, 50 lslices, 31 pads, 0 brams, 0 dsps
RUN-1001 : There are total 1107 nets
RUN-1001 : 689 nets have 2 pins
RUN-1001 : 280 nets have [3 - 5] pins
RUN-1001 : 105 nets have [6 - 10] pins
RUN-1001 : 21 nets have [11 - 20] pins
RUN-1001 : 9 nets have [21 - 99] pins
RUN-1001 : 3 nets have 100+ pins
RUN-1001 : Report Control nets information:
RUN-1001 : DFF Distribution
RUN-1001 : ----------------------------------
RUN-1001 :   CE   |  SSR  |  ASR  |  DFF Count  
RUN-1001 : ----------------------------------
RUN-1001 :   No   |  No   |  No   |     129     
RUN-1001 :   No   |  No   |  Yes  |     20      
RUN-1001 :   No   |  Yes  |  No   |     62      
RUN-1001 :   Yes  |  No   |  No   |     49      
RUN-1001 :   Yes  |  No   |  Yes  |     32      
RUN-1001 :   Yes  |  Yes  |  No   |      0      
RUN-1001 : ----------------------------------
RUN-0007 : Control Group Statistic
RUN-0007 : ---------------------------
RUN-0007 :   #CLK  |  #CE  |  #SSR/ASR  
RUN-0007 : ---------------------------
RUN-0007 :    3    |   5   |     4      
RUN-0007 : ---------------------------
RUN-0007 : Control Set = 10
PHY-3001 : Initial placement ...
PHY-3001 : design contains 932 instances, 446 luts, 292 seqs, 160 slices, 16 macros(160 instances: 110 mslices 50 lslices)
PHY-0007 : Cell area utilization is 3%
PHY-3001 : Start timing update ...
RUN-1002 : start command "start_timer -report"
TMR-2505 : Start building timing graph for model keyboard_instance.
TMR-2506 : Build timing graph completely. Port num: 9, tpin num: 4056, tnet num: 1105, tinst num: 932, tnode num: 4835, tedge num: 6513.
TMR-2508 : Levelizing timing graph completed, there are 47 levels in total.
TMR-2501 : Timing graph initialized successfully.
TMR-2503 : Start to update net delay, extr mode = 2.
TMR-2504 : Update delay of 1105 nets completely.
TMR-2502 : Annotate delay completely, extr mode = 2.
TMR-3001 : Initiate 0 clocks from SDC.
TMR-3004 : Map sdc constraints, there are 0 constraints in total.
TMR-3003 : Constraints initiated successfully.
TMR-3501 : Forward propagation: start to calculate arrival time...
TMR-3502 : Backward propagation: start to calculate required time...
TMR-3503 : Timing propagation completes.
PHY-3001 : End timing update;  0.210556s wall, 0.046875s user + 0.000000s system = 0.046875s CPU (22.3%)

PHY-3001 : Global placement ...
PHY-3001 : Initial: Len = 238718
PHY-3001 : Clustering ...
PHY-3001 : Level 0 #clusters 932.
PHY-3001 : End clustering;  0.000024s wall, 0.000000s user + 0.000000s system = 0.000000s CPU (n/a%)

PHY-3001 : Run with size of 4
PHY-3001 : Cell area utilization is 3%
PHY-3001 : :::0::: Try harder cell spreading with beta_ = 0
PHY-3002 : Step(1): len = 161148, overlap = 0
PHY-3002 : Step(2): len = 106605, overlap = 0
PHY-3002 : Step(3): len = 78834, overlap = 0
PHY-3002 : Step(4): len = 58864.9, overlap = 0
PHY-3002 : Step(5): len = 45335.1, overlap = 0.1875
PHY-3002 : Step(6): len = 38116.8, overlap = 13.4688
PHY-3002 : Step(7): len = 34805.9, overlap = 11.5
PHY-3002 : Step(8): len = 30165.5, overlap = 14.4688
PHY-3002 : Step(9): len = 26900, overlap = 15.4375
PHY-3002 : Step(10): len = 27189.3, overlap = 15.0312
PHY-3002 : Step(11): len = 26240.7, overlap = 14.4062
PHY-3002 : Step(12): len = 25100.7, overlap = 14.2188
PHY-3002 : Step(13): len = 22644.9, overlap = 14.0938
PHY-3002 : Step(14): len = 22913.4, overlap = 13.9062
PHY-3002 : Step(15): len = 21766.9, overlap = 15.5
PHY-3002 : Step(16): len = 22764.1, overlap = 16.4375
PHY-3002 : Step(17): len = 23362.6, overlap = 16.75
PHY-3002 : Step(18): len = 22503.3, overlap = 18.5
PHY-3002 : Step(19): len = 20414.3, overlap = 22.3125
PHY-3002 : Step(20): len = 20896.6, overlap = 22.9062
PHY-3002 : Step(21): len = 19951.9, overlap = 25.0312
PHY-3002 : Step(22): len = 20047.3, overlap = 25.5625
PHY-3002 : Step(23): len = 18554.8, overlap = 26.3438
PHY-3002 : Step(24): len = 19179.3, overlap = 29.4062
PHY-3002 : Step(25): len = 19432.5, overlap = 29.0625
PHY-3002 : Step(26): len = 17949.4, overlap = 30.2812
PHY-3001 : :::1::: Try harder cell spreading with beta_ = 0.0117465
PHY-3002 : Step(27): len = 17851.4, overlap = 28.9062
PHY-3002 : Step(28): len = 17188.2, overlap = 27.5938
PHY-3002 : Step(29): len = 17370.1, overlap = 27.2812
PHY-3001 : Legalization ...
PHY-3001 : End legalization;  0.004164s wall, 0.000000s user + 0.000000s system = 0.000000s CPU (n/a%)

PHY-3001 : Run with size of 4
PHY-3001 : Cell area utilization is 5%
PHY-3001 : Update timing in Manhattan mode ...
TMR-2503 : Start to update net delay, extr mode = 3.
TMR-2504 : Update delay of 1105 nets completely.
TMR-2502 : Annotate delay completely, extr mode = 3.
TMR-3501 : Forward propagation: start to calculate arrival time...
TMR-3502 : Backward propagation: start to calculate required time...
TMR-3503 : Timing propagation completes.
PHY-3001 : End timing update;  0.010912s wall, 0.000000s user + 0.000000s system = 0.000000s CPU (n/a%)

PHY-3001 : :::0::: Try harder cell spreading with beta_ = 7.2661e-06
PHY-3002 : Step(30): len = 16928.6, overlap = 45.625
PHY-3002 : Step(31): len = 17028.3, overlap = 45.5625
PHY-3001 : :::1::: Try harder cell spreading with beta_ = 1.45322e-05
PHY-3002 : Step(32): len = 17225.8, overlap = 44.9688
PHY-3002 : Step(33): len = 17367, overlap = 44.9375
PHY-3002 : Step(34): len = 18608.6, overlap = 35.75
PHY-3002 : Step(35): len = 18874.5, overlap = 34.0625
PHY-3002 : Step(36): len = 17354.3, overlap = 32.375
PHY-3002 : Step(37): len = 17673.5, overlap = 31.75
PHY-3002 : Step(38): len = 17909.6, overlap = 32.8125
PHY-3001 : :::2::: Try harder cell spreading with beta_ = 2.90644e-05
PHY-3002 : Step(39): len = 16652.3, overlap = 33.0938
PHY-3002 : Step(40): len = 16827.1, overlap = 33.0938
PHY-3002 : Step(41): len = 16958, overlap = 33.5312
PHY-3001 : Run with size of 2
PHY-3001 : Cell area utilization is 5%
PHY-3001 : Update timing in Manhattan mode ...
TMR-2503 : Start to update net delay, extr mode = 3.
TMR-2504 : Update delay of 1105 nets completely.
TMR-2502 : Annotate delay completely, extr mode = 3.
TMR-3501 : Forward propagation: start to calculate arrival time...
TMR-3502 : Backward propagation: start to calculate required time...
TMR-3503 : Timing propagation completes.
PHY-3001 : End timing update;  0.010816s wall, 0.000000s user + 0.000000s system = 0.000000s CPU (n/a%)

PHY-3001 : :::0::: Try harder cell spreading with beta_ = 1.73216e-05
PHY-3002 : Step(42): len = 17803.3, overlap = 55.6562
PHY-3002 : Step(43): len = 18238.8, overlap = 56.5938
PHY-3002 : Step(44): len = 18870.3, overlap = 44.7188
PHY-3002 : Step(45): len = 19007.8, overlap = 38.7188
PHY-3002 : Step(46): len = 19227.1, overlap = 34.625
PHY-3002 : Step(47): len = 19600.7, overlap = 31.9062
PHY-3002 : Step(48): len = 19403.2, overlap = 33.5
PHY-3001 : :::1::: Try harder cell spreading with beta_ = 3.46433e-05
PHY-3002 : Step(49): len = 19129, overlap = 25.6875
PHY-3002 : Step(50): len = 19301.2, overlap = 26.0312
PHY-3002 : Step(51): len = 19538.6, overlap = 27.4375
PHY-3001 : :::2::: Try harder cell spreading with beta_ = 6.92866e-05
PHY-3002 : Step(52): len = 19389.4, overlap = 25.75
PHY-3002 : Step(53): len = 19534.1, overlap = 25.7812
PHY-3002 : Step(54): len = 19597.6, overlap = 23.8438
PHY-3002 : Step(55): len = 19898.3, overlap = 24.4062
PHY-3002 : Step(56): len = 20238.4, overlap = 24.375
OPT-1001 : Start physical optimization ...
RUN-1002 : start command "start_timer -report"
TMR-2505 : Start building timing graph for model keyboard_instance.
TMR-2506 : Build timing graph completely. Port num: 9, tpin num: 4056, tnet num: 1105, tinst num: 932, tnode num: 4835, tedge num: 6513.
TMR-2508 : Levelizing timing graph completed, there are 47 levels in total.
TMR-2501 : Timing graph initialized successfully.
OPT-1001 : Total overflow 57.06 peak overflow 2.34
OPT-1001 : Start high-fanout net optimization ...
OPT-1001 : Update timing in global mode
PHY-1001 : Start incremental global routing, caller is place ...
RUN-1001 : Generating global routing grids ...
RUN-1001 : Building simple global routing graph ...
PHY-1001 : Generate routing nets ...
PHY-1001 : Reuse net number 0/1107.
PHY-1001 : Global iterations in 16 thread ...
PHY-1002 : len = 22040, over cnt = 93(0%), over = 329, worst = 15
PHY-1001 : End global iterations;  0.051105s wall, 0.000000s user + 0.015625s system = 0.015625s CPU (30.6%)

PHY-1001 : Congestion index: top1 = 26.27, top5 = 12.85, top10 = 7.70, top15 = 5.32.
PHY-1001 : End incremental global routing;  0.100764s wall, 0.000000s user + 0.031250s system = 0.031250s CPU (31.0%)

TMR-2503 : Start to update net delay, extr mode = 5.
TMR-2504 : Update delay of 1105 nets completely.
TMR-2502 : Annotate delay completely, extr mode = 5.
TMR-3001 : Initiate 0 clocks from SDC.
TMR-3004 : Map sdc constraints, there are 0 constraints in total.
TMR-3003 : Constraints initiated successfully.
TMR-3501 : Forward propagation: start to calculate arrival time...
TMR-3502 : Backward propagation: start to calculate required time...
TMR-3503 : Timing propagation completes.
OPT-1001 : End timing update;  0.016394s wall, 0.015625s user + 0.000000s system = 0.015625s CPU (95.3%)

OPT-1001 : 0 high-fanout net processed.
OPT-1001 : End high-fanout net optimization;  0.128647s wall, 0.015625s user + 0.031250s system = 0.046875s CPU (36.4%)

OPT-1001 : Current memory(MB): used = 154, reserve = 124, peak = 154.
OPT-1001 : Start global optimization ...
OPT-1001 : Start congestion update ...
RUN-1001 : Generating global routing grids ...
PHY-1001 : Generate routing nets ...
PHY-1001 : Reuse net number 651/1107.
PHY-1001 : Global iterations in 16 thread ...
PHY-1002 : len = 22040, over cnt = 93(0%), over = 329, worst = 15
PHY-1002 : len = 23944, over cnt = 64(0%), over = 147, worst = 8
PHY-1002 : len = 24728, over cnt = 28(0%), over = 68, worst = 8
PHY-1002 : len = 25656, over cnt = 2(0%), over = 2, worst = 1
PHY-1002 : len = 25688, over cnt = 0(0%), over = 0, worst = 0
PHY-1001 : End global iterations;  0.068864s wall, 0.000000s user + 0.000000s system = 0.000000s CPU (n/a%)

PHY-1001 : Congestion index: top1 = 24.76, top5 = 13.86, top10 = 8.61, top15 = 5.97.
OPT-1001 : End congestion update;  0.109145s wall, 0.015625s user + 0.015625s system = 0.031250s CPU (28.6%)

OPT-1001 : Update timing in Manhattan mode
TMR-2503 : Start to update net delay, extr mode = 3.
TMR-2504 : Update delay of 1105 nets completely.
TMR-2502 : Annotate delay completely, extr mode = 3.
TMR-3501 : Forward propagation: start to calculate arrival time...
TMR-3502 : Backward propagation: start to calculate required time...
TMR-3503 : Timing propagation completes.
OPT-1001 : End timing update;  0.011611s wall, 0.031250s user + 0.000000s system = 0.031250s CPU (269.1%)

OPT-0007 : Start: WNS 2147483647 TNS 0 NUM_FEPS 0
OPT-1001 : End global optimization;  0.120860s wall, 0.046875s user + 0.015625s system = 0.062500s CPU (51.7%)

OPT-1001 : Current memory(MB): used = 155, reserve = 126, peak = 155.
OPT-1001 : End physical optimization;  0.455709s wall, 0.078125s user + 0.046875s system = 0.125000s CPU (27.4%)

PHY-3001 : Start packing ...
SYN-4007 : Packing 0 MUX to BLE ...
SYN-4008 : Packed 0 MUX and 0 SEQ to BLE.
SYN-4007 : Packing 446 LUT to BLE ...
SYN-4008 : Packed 446 LUT and 157 SEQ to BLE.
SYN-4003 : Packing 135 remaining SEQ's ...
SYN-4005 : Packed 73 SEQ with LUT/SLICE
SYN-4006 : 226 single LUT's are left
SYN-4006 : 62 single SEQ's are left
SYN-4011 : Packing model "keyboard_instance" (AL_USER_NORMAL) with 508/704 primitive instances ...
PHY-3001 : End packing;  0.028108s wall, 0.031250s user + 0.000000s system = 0.031250s CPU (111.2%)

PHY-1001 : Populate physical database on model keyboard_instance.
RUN-1001 : There are total 463 instances
RUN-1001 : 214 mslices, 213 lslices, 31 pads, 0 brams, 0 dsps
RUN-1001 : There are total 964 nets
RUN-1001 : 544 nets have 2 pins
RUN-1001 : 284 nets have [3 - 5] pins
RUN-1001 : 106 nets have [6 - 10] pins
RUN-1001 : 20 nets have [11 - 20] pins
RUN-1001 : 7 nets have [21 - 99] pins
RUN-1001 : 3 nets have 100+ pins
PHY-3001 : design contains 461 instances, 427 slices, 16 macros(160 instances: 110 mslices 50 lslices)
PHY-3001 : Cell area utilization is 5%
PHY-3001 : After packing: Len = 20407.8, Over = 32.25
PHY-3001 : Run with size of 2
PHY-3001 : Cell area utilization is 5%
PHY-3001 : Update timing in Manhattan mode ...
RUN-1002 : start command "start_timer -report"
TMR-2505 : Start building timing graph for model keyboard_instance.
TMR-2506 : Build timing graph completely. Port num: 9, tpin num: 3564, tnet num: 962, tinst num: 461, tnode num: 4143, tedge num: 5975.
TMR-2508 : Levelizing timing graph completed, there are 45 levels in total.
TMR-2501 : Timing graph initialized successfully.
TMR-2503 : Start to update net delay, extr mode = 3.
TMR-2504 : Update delay of 962 nets completely.
TMR-2502 : Annotate delay completely, extr mode = 3.
TMR-3001 : Initiate 0 clocks from SDC.
TMR-3004 : Map sdc constraints, there are 0 constraints in total.
TMR-3003 : Constraints initiated successfully.
TMR-3501 : Forward propagation: start to calculate arrival time...
TMR-3502 : Backward propagation: start to calculate required time...
TMR-3503 : Timing propagation completes.
PHY-3001 : End timing update;  0.234551s wall, 0.140625s user + 0.000000s system = 0.140625s CPU (60.0%)

PHY-3001 : :::0::: Try harder cell spreading with beta_ = 2.80381e-05
PHY-3002 : Step(57): len = 19724.6, overlap = 33.75
PHY-3002 : Step(58): len = 19944.3, overlap = 33
PHY-3002 : Step(59): len = 19741.3, overlap = 33
PHY-3002 : Step(60): len = 19257.5, overlap = 35.75
PHY-3002 : Step(61): len = 19124.6, overlap = 36.25
PHY-3002 : Step(62): len = 18963.4, overlap = 36.75
PHY-3002 : Step(63): len = 19026, overlap = 37
PHY-3002 : Step(64): len = 18847.4, overlap = 37
PHY-3002 : Step(65): len = 18924.1, overlap = 31.75
PHY-3002 : Step(66): len = 18994.5, overlap = 31
PHY-3002 : Step(67): len = 18418.7, overlap = 31.25
PHY-3002 : Step(68): len = 18454.1, overlap = 31.75
PHY-3002 : Step(69): len = 18186.5, overlap = 32.75
PHY-3002 : Step(70): len = 18239.3, overlap = 34
PHY-3002 : Step(71): len = 18247.5, overlap = 32.25
PHY-3001 : :::1::: Try harder cell spreading with beta_ = 5.60762e-05
PHY-3002 : Step(72): len = 18521.9, overlap = 32.25
PHY-3002 : Step(73): len = 18663.5, overlap = 31.75
PHY-3002 : Step(74): len = 18871.8, overlap = 29.75
PHY-3001 : :::2::: Try harder cell spreading with beta_ = 0.000112152
PHY-3002 : Step(75): len = 19776, overlap = 29.75
PHY-3002 : Step(76): len = 19868.1, overlap = 29.5
PHY-3002 : Step(77): len = 19932.3, overlap = 28.25
PHY-3002 : Step(78): len = 19979.2, overlap = 28
PHY-3002 : Step(79): len = 19946, overlap = 28
PHY-3001 : Legalization ...
PHY-3001 : End legalization;  0.076919s wall, 0.000000s user + 0.000000s system = 0.000000s CPU (n/a%)

PHY-3001 : Trial Legalized: Len = 28356.8
PHY-3001 : Run with size of 2
PHY-3001 : Cell area utilization is 5%
PHY-3001 : Update timing in Manhattan mode ...
TMR-2503 : Start to update net delay, extr mode = 3.
TMR-2504 : Update delay of 962 nets completely.
TMR-2502 : Annotate delay completely, extr mode = 3.
TMR-3501 : Forward propagation: start to calculate arrival time...
TMR-3502 : Backward propagation: start to calculate required time...
TMR-3503 : Timing propagation completes.
PHY-3001 : End timing update;  0.009810s wall, 0.000000s user + 0.000000s system = 0.000000s CPU (n/a%)

PHY-3001 : :::0::: Try harder cell spreading with beta_ = 0.000858687
PHY-3002 : Step(80): len = 25121.4, overlap = 4
PHY-3002 : Step(81): len = 22707, overlap = 7.75
PHY-3002 : Step(82): len = 22153.7, overlap = 8.25
PHY-3002 : Step(83): len = 21553.1, overlap = 10.5
PHY-3002 : Step(84): len = 21444.7, overlap = 10.5
PHY-3002 : Step(85): len = 20970, overlap = 10
PHY-3002 : Step(86): len = 20861, overlap = 11
PHY-3002 : Step(87): len = 20799.1, overlap = 10.25
PHY-3001 : :::1::: Try harder cell spreading with beta_ = 0.00171737
PHY-3002 : Step(88): len = 20699.4, overlap = 10
PHY-3002 : Step(89): len = 20699.4, overlap = 10
PHY-3001 : :::2::: Try harder cell spreading with beta_ = 0.00330807
PHY-3002 : Step(90): len = 20748.5, overlap = 10
PHY-3002 : Step(91): len = 20745.7, overlap = 10
PHY-3001 : Legalization ...
PHY-3001 : End legalization;  0.009011s wall, 0.000000s user + 0.000000s system = 0.000000s CPU (n/a%)

PHY-3001 : Legalized: Len = 24558.8, Over = 0
PHY-3001 : End spreading;  0.003095s wall, 0.000000s user + 0.000000s system = 0.000000s CPU (n/a%)

PHY-3001 : Final: Len = 24558.8, Over = 0
OPT-1001 : Start physical optimization ...
RUN-1002 : start command "start_timer -report"
TMR-2505 : Start building timing graph for model keyboard_instance.
TMR-2506 : Build timing graph completely. Port num: 9, tpin num: 3564, tnet num: 962, tinst num: 461, tnode num: 4143, tedge num: 5975.
TMR-2508 : Levelizing timing graph completed, there are 45 levels in total.
TMR-2501 : Timing graph initialized successfully.
OPT-1001 : Total overflow 0.00 peak overflow 0.00
OPT-1001 : Start high-fanout net optimization ...
OPT-1001 : Update timing in global mode
PHY-1001 : Start incremental global routing, caller is place ...
RUN-1001 : Generating global routing grids ...
PHY-1001 : Generate routing nets ...
PHY-1001 : Reuse net number 19/964.
PHY-1001 : Global iterations in 16 thread ...
PHY-1002 : len = 28520, over cnt = 87(0%), over = 131, worst = 4
PHY-1002 : len = 29240, over cnt = 39(0%), over = 51, worst = 4
PHY-1002 : len = 29800, over cnt = 7(0%), over = 7, worst = 1
PHY-1002 : len = 29880, over cnt = 2(0%), over = 2, worst = 1
PHY-1002 : len = 29912, over cnt = 0(0%), over = 0, worst = 0
PHY-1001 : End global iterations;  0.099409s wall, 0.000000s user + 0.000000s system = 0.000000s CPU (n/a%)

PHY-1001 : Congestion index: top1 = 23.17, top5 = 15.45, top10 = 10.19, top15 = 7.13.
PHY-1001 : End incremental global routing;  0.149921s wall, 0.000000s user + 0.000000s system = 0.000000s CPU (n/a%)

TMR-2503 : Start to update net delay, extr mode = 5.
TMR-2504 : Update delay of 962 nets completely.
TMR-2502 : Annotate delay completely, extr mode = 5.
TMR-3001 : Initiate 0 clocks from SDC.
TMR-3004 : Map sdc constraints, there are 0 constraints in total.
TMR-3003 : Constraints initiated successfully.
TMR-3501 : Forward propagation: start to calculate arrival time...
TMR-3502 : Backward propagation: start to calculate required time...
TMR-3503 : Timing propagation completes.
OPT-1001 : End timing update;  0.018590s wall, 0.015625s user + 0.000000s system = 0.015625s CPU (84.1%)

OPT-1001 : 0 high-fanout net processed.
OPT-1001 : End high-fanout net optimization;  0.181074s wall, 0.015625s user + 0.000000s system = 0.015625s CPU (8.6%)

OPT-1001 : Current memory(MB): used = 159, reserve = 129, peak = 159.
OPT-1001 : Start path based optimization ...
OPT-1001 : Start congestion update ...
RUN-1001 : Generating global routing grids ...
PHY-1001 : Generate routing nets ...
PHY-1001 : Reuse net number 765/964.
PHY-1001 : Global iterations in 16 thread ...
PHY-1002 : len = 29912, over cnt = 0(0%), over = 0, worst = 0
PHY-1001 : End global iterations;  0.002857s wall, 0.000000s user + 0.000000s system = 0.000000s CPU (n/a%)

PHY-1001 : Congestion index: top1 = 23.17, top5 = 15.45, top10 = 10.19, top15 = 7.13.
OPT-1001 : End congestion update;  0.048388s wall, 0.015625s user + 0.000000s system = 0.015625s CPU (32.3%)

OPT-1001 : Update timing in Manhattan mode
TMR-2503 : Start to update net delay, extr mode = 3.
TMR-2504 : Update delay of 962 nets completely.
TMR-2502 : Annotate delay completely, extr mode = 3.
TMR-3501 : Forward propagation: start to calculate arrival time...
TMR-3502 : Backward propagation: start to calculate required time...
TMR-3503 : Timing propagation completes.
OPT-1001 : End timing update;  0.012113s wall, 0.000000s user + 0.000000s system = 0.000000s CPU (n/a%)

OPT-0007 : Start: WNS 2147483647 TNS 0 NUM_FEPS 0
OPT-1001 : End path based optimization;  0.060589s wall, 0.015625s user + 0.000000s system = 0.015625s CPU (25.8%)

OPT-1001 : Current memory(MB): used = 160, reserve = 130, peak = 160.
OPT-1001 : Update timing in Manhattan mode
TMR-2503 : Start to update net delay, extr mode = 3.
TMR-2504 : Update delay of 962 nets completely.
TMR-2502 : Annotate delay completely, extr mode = 3.
TMR-3501 : Forward propagation: start to calculate arrival time...
TMR-3502 : Backward propagation: start to calculate required time...
TMR-3503 : Timing propagation completes.
OPT-1001 : End timing update;  0.012222s wall, 0.000000s user + 0.000000s system = 0.000000s CPU (n/a%)

OPT-1001 : Start pin optimization...
OPT-1001 : skip pin optimization...
OPT-1001 : Update timing in global mode
PHY-1001 : Start incremental global routing, caller is place ...
RUN-1001 : Generating global routing grids ...
PHY-1001 : Generate routing nets ...
PHY-1001 : Reuse net number 765/964.
PHY-1001 : Global iterations in 16 thread ...
PHY-1002 : len = 29912, over cnt = 0(0%), over = 0, worst = 0
PHY-1001 : End global iterations;  0.003990s wall, 0.000000s user + 0.000000s system = 0.000000s CPU (n/a%)

PHY-1001 : Congestion index: top1 = 23.17, top5 = 15.45, top10 = 10.19, top15 = 7.13.
PHY-1001 : End incremental global routing;  0.053611s wall, 0.000000s user + 0.000000s system = 0.000000s CPU (n/a%)

TMR-2503 : Start to update net delay, extr mode = 5.
TMR-2504 : Update delay of 962 nets completely.
TMR-2502 : Annotate delay completely, extr mode = 5.
TMR-3501 : Forward propagation: start to calculate arrival time...
TMR-3502 : Backward propagation: start to calculate required time...
TMR-3503 : Timing propagation completes.
OPT-1001 : End timing update;  0.014828s wall, 0.015625s user + 0.000000s system = 0.015625s CPU (105.4%)

RUN-1001 : Generating global routing grids ...
PHY-1001 : Generate routing nets ...
PHY-1001 : Reuse net number 765/964.
PHY-1001 : Global iterations in 16 thread ...
PHY-1002 : len = 29912, over cnt = 0(0%), over = 0, worst = 0
PHY-1001 : End global iterations;  0.003367s wall, 0.000000s user + 0.000000s system = 0.000000s CPU (n/a%)

PHY-1001 : Congestion index: top1 = 23.17, top5 = 15.45, top10 = 10.19, top15 = 7.13.
OPT-1001 : Update timing in Manhattan mode
TMR-2503 : Start to update net delay, extr mode = 3.
TMR-2504 : Update delay of 962 nets completely.
TMR-2502 : Annotate delay completely, extr mode = 3.
TMR-3501 : Forward propagation: start to calculate arrival time...
TMR-3502 : Backward propagation: start to calculate required time...
TMR-3503 : Timing propagation completes.
OPT-1001 : End timing update;  0.010994s wall, 0.015625s user + 0.000000s system = 0.015625s CPU (142.1%)

RUN-1001 : QoR Analysis:
OPT-0007 :   WNS 2147483647 TNS 0 NUM_FEPS 0
RUN-1001 :   No local congestion issue, and most congested 1% tile average routing util is 22.758621
RUN-1001 :   Top critical paths
OPT-1001 : End physical optimization;  0.597774s wall, 0.140625s user + 0.000000s system = 0.140625s CPU (23.5%)

RUN-1003 : finish command "place" in  3.893344s wall, 0.718750s user + 0.125000s system = 0.843750s CPU (21.7%)

RUN-1004 : used memory is 141 MB, reserved memory is 112 MB, peak memory is 160 MB
RUN-1002 : start command "export_db keyboard_place.db"
RUN-1001 : Exported /
RUN-1001 : Exported flow parameters
RUN-1001 : Exported libs
RUN-1001 : Exported entities
RUN-1001 : Exported ports
RUN-1001 : Exported pins
RUN-1001 : Exported instances
RUN-1001 : Exported nets
RUN-1001 : Exported buses
RUN-1001 : Exported models
RUN-1001 : Exported congestions
RUN-1001 : Exported violations
RUN-1001 : Exported timing constraints
RUN-1001 : Exported IO constraints
RUN-1001 : Exported Inst constraints
RUN-1002 : start command "route"
RUN-1001 : Open license file E:/Anlogic/TD5.6.59063/license/Anlogic.lic
RUN-1001 : Print Global Property
RUN-1001 : ---------------------------------------------------------------
RUN-1001 :        Parameters        |  Settings  |  Default Values  |  Note  
RUN-1001 : ---------------------------------------------------------------
RUN-1001 :          message         |  standard  |     standard     |        
RUN-1001 :   mixed_pack_place_flow  |     on     |        on        |        
RUN-1001 :        qor_monitor       |    off     |       off        |        
RUN-1001 :        syn_ip_flow       |    off     |       off        |        
RUN-1001 :          thread          |    auto    |       auto       |        
RUN-1001 : ---------------------------------------------------------------
RUN-1001 : Print Route Property
RUN-1001 : -------------------------------------------------------
RUN-1001 :    Parameters    |  Settings  |  Default Values  |  Note  
RUN-1001 : -------------------------------------------------------
RUN-1001 :      effort      |   medium   |      medium      |        
RUN-1001 :     fix_hold     |    off     |       off        |        
RUN-1001 :    opt_timing    |   medium   |      medium      |        
RUN-1001 :   phy_sim_model  |    off     |       off        |        
RUN-1001 :     priority     |   timing   |      timing      |        
RUN-1001 :     swap_pin     |     on     |        on        |        
RUN-1001 : -------------------------------------------------------
PHY-1001 : Route runs in 16 thread(s)
RUN-1001 : There are total 463 instances
RUN-1001 : 214 mslices, 213 lslices, 31 pads, 0 brams, 0 dsps
RUN-1001 : There are total 964 nets
RUN-1001 : 544 nets have 2 pins
RUN-1001 : 284 nets have [3 - 5] pins
RUN-1001 : 106 nets have [6 - 10] pins
RUN-1001 : 20 nets have [11 - 20] pins
RUN-1001 : 7 nets have [21 - 99] pins
RUN-1001 : 3 nets have 100+ pins
RUN-1002 : start command "start_timer -report"
TMR-2505 : Start building timing graph for model keyboard_instance.
TMR-2506 : Build timing graph completely. Port num: 9, tpin num: 3564, tnet num: 962, tinst num: 461, tnode num: 4143, tedge num: 5975.
TMR-2508 : Levelizing timing graph completed, there are 45 levels in total.
TMR-2501 : Timing graph initialized successfully.
PHY-1001 : 214 mslices, 213 lslices, 31 pads, 0 brams, 0 dsps
TMR-2503 : Start to update net delay, extr mode = 3.
TMR-2504 : Update delay of 962 nets completely.
TMR-2502 : Annotate delay completely, extr mode = 3.
TMR-3001 : Initiate 0 clocks from SDC.
TMR-3004 : Map sdc constraints, there are 0 constraints in total.
TMR-3003 : Constraints initiated successfully.
TMR-3501 : Forward propagation: start to calculate arrival time...
TMR-3502 : Backward propagation: start to calculate required time...
TMR-3503 : Timing propagation completes.
PHY-1001 : Start global routing, caller is route ...
RUN-1001 : Generating global routing grids ...
PHY-1001 : Generate routing nets ...
PHY-1001 : Global iterations in 16 thread ...
PHY-1002 : len = 28480, over cnt = 89(0%), over = 134, worst = 4
PHY-1002 : len = 29448, over cnt = 26(0%), over = 27, worst = 2
PHY-1002 : len = 29760, over cnt = 3(0%), over = 3, worst = 1
PHY-1002 : len = 29808, over cnt = 0(0%), over = 0, worst = 0
PHY-1001 : End global iterations;  0.107539s wall, 0.015625s user + 0.000000s system = 0.015625s CPU (14.5%)

PHY-1001 : Congestion index: top1 = 23.17, top5 = 15.42, top10 = 10.17, top15 = 7.10.
PHY-1001 : End global routing;  0.157524s wall, 0.031250s user + 0.000000s system = 0.031250s CPU (19.8%)

PHY-1001 : Start detail routing ...
PHY-1001 : Current memory(MB): used = 180, reserve = 150, peak = 195.
PHY-1001 : Detailed router is running in normal mode.
PHY-1001 : Generate detailed routing grids ...
PHY-1001 : Generate nets ...
PHY-1001 : net clk_50M_dup_1 will be routed on clock mesh
PHY-1001 : clock net U6/slow_clk_syn_4 will be merged with clock U6/slow_clk
PHY-1001 : clock net U1/scan_clk_syn_4 will be merged with clock U1/scan_clk
PHY-1001 : Current memory(MB): used = 447, reserve = 423, peak = 447.
PHY-1001 : End build detailed router design. 4.157554s wall, 1.156250s user + 0.046875s system = 1.203125s CPU (28.9%)

PHY-1001 : Detail Route ...
PHY-1001 : ===== Detail Route Phase 1 =====
PHY-1001 : Clock net routing.....
PHY-1001 : Routed 0% nets.
PHY-1022 : len = 11120, over cnt = 0(0%), over = 0, worst = 0, crit = 0
PHY-1001 : End initial clock net routed; 0.779568s wall, 0.250000s user + 0.015625s system = 0.265625s CPU (34.1%)

PHY-1001 : Current memory(MB): used = 478, reserve = 455, peak = 478.
PHY-1001 : End phase 1; 0.785451s wall, 0.250000s user + 0.015625s system = 0.265625s CPU (33.8%)

PHY-1001 : ===== Detail Route Phase 2 =====
PHY-1001 : Initial routing.....
PHY-1001 : Routed 34% nets.
PHY-1001 : Routed 40% nets.
PHY-1001 : Routed 44% nets.
PHY-1001 : Routed 44% nets.
PHY-1001 : Routed 46% nets.
PHY-1001 : Patch 337 net; 0.364656s wall, 0.109375s user + 0.000000s system = 0.109375s CPU (30.0%)

PHY-1022 : len = 62632, over cnt = 34(0%), over = 34, worst = 1, crit = 0
PHY-1001 : Current memory(MB): used = 478, reserve = 455, peak = 478.
PHY-1001 : End initial routed; 0.549596s wall, 0.140625s user + 0.000000s system = 0.140625s CPU (25.6%)

PHY-1001 : Update timing.....
PHY-1001 : 0/787(0%) critical/total net(s).
RUN-1001 : ------------------------------------------
RUN-1001 :   Type   |    WNS(ns)    |  TNS(ns)  |  FEP  
RUN-1001 : ------------------------------------------
RUN-1001 :   Setup  |  2147483.647  |   0.000   |   0   
RUN-1001 :   Hold   |  2147483.647  |   0.000   |   0   
RUN-1001 : ------------------------------------------
PHY-1001 : End update timing; 0.228887s wall, 0.031250s user + 0.000000s system = 0.031250s CPU (13.7%)

PHY-1001 : Current memory(MB): used = 478, reserve = 455, peak = 478.
PHY-1001 : End phase 2; 0.778566s wall, 0.171875s user + 0.000000s system = 0.171875s CPU (22.1%)

PHY-1001 : ===== Detail Route Phase 3 =====
PHY-1001 : Optimize timing.....
PHY-1022 : len = 62632, over cnt = 34(0%), over = 34, worst = 1, crit = 0
PHY-1001 : End optimize timing; 0.007233s wall, 0.000000s user + 0.000000s system = 0.000000s CPU (n/a%)

PHY-1001 : Ripup-reroute.....
PHY-1001 : ===== DR Iter 1 =====
PHY-1022 : len = 62704, over cnt = 4(0%), over = 4, worst = 1, crit = 0
PHY-1001 : End DR Iter 1; 0.032889s wall, 0.000000s user + 0.000000s system = 0.000000s CPU (n/a%)

PHY-1001 : ===== DR Iter 2 =====
PHY-1022 : len = 62760, over cnt = 1(0%), over = 1, worst = 1, crit = 0
PHY-1001 : End DR Iter 2; 0.022725s wall, 0.000000s user + 0.000000s system = 0.000000s CPU (n/a%)

PHY-1001 : ===== DR Iter 3 =====
PHY-1022 : len = 62744, over cnt = 0(0%), over = 0, worst = 0, crit = 0
PHY-1001 : End DR Iter 3; 0.021734s wall, 0.000000s user + 0.000000s system = 0.000000s CPU (n/a%)

PHY-1001 : Update timing.....
PHY-1001 : 0/787(0%) critical/total net(s).
RUN-1001 : ------------------------------------------
RUN-1001 :   Type   |    WNS(ns)    |  TNS(ns)  |  FEP  
RUN-1001 : ------------------------------------------
RUN-1001 :   Setup  |  2147483.647  |   0.000   |   0   
RUN-1001 :   Hold   |  2147483.647  |   0.000   |   0   
RUN-1001 : ------------------------------------------
PHY-1001 : End update timing; 0.243097s wall, 0.125000s user + 0.000000s system = 0.125000s CPU (51.4%)

PHY-1001 : Commit to database.....
PHY-1001 : 9 feed throughs used by 7 nets
PHY-1001 : End commit to database; 0.098075s wall, 0.046875s user + 0.000000s system = 0.046875s CPU (47.8%)

PHY-1001 : Current memory(MB): used = 491, reserve = 467, peak = 491.
PHY-1001 : End phase 3; 0.608311s wall, 0.218750s user + 0.000000s system = 0.218750s CPU (36.0%)

PHY-1003 : Routed, final wirelength = 62744
PHY-1001 : Current memory(MB): used = 491, reserve = 467, peak = 491.
PHY-1001 : End export database. 0.006272s wall, 0.000000s user + 0.000000s system = 0.000000s CPU (n/a%)

PHY-1001 : End detail routing;  6.618868s wall, 1.906250s user + 0.078125s system = 1.984375s CPU (30.0%)

RUN-1003 : finish command "route" in  7.080680s wall, 2.109375s user + 0.093750s system = 2.203125s CPU (31.1%)

RUN-1004 : used memory is 431 MB, reserved memory is 406 MB, peak memory is 491 MB
RUN-1002 : start command "report_area -io_info -file keyboard_phy.area"
RUN-1001 : standard
***Report Model: keyboard_instance Device: EG4S20BG256***

IO Statistics
#IO                        31
  #input                    6
  #output                  25
  #inout                    0

Utilization Statistics
#lut                      768   out of  19600    3.92%
#reg                      292   out of  19600    1.49%
#le                       830
  #lut only               538   out of    830   64.82%
  #reg only                62   out of    830    7.47%
  #lut&reg                230   out of    830   27.71%
#dsp                        0   out of     29    0.00%
#bram                       0   out of     64    0.00%
  #bram9k                   0
  #fifo9k                   0
#bram32k                    0   out of     16    0.00%
#pad                       31   out of    188   16.49%
  #ireg                     0
  #oreg                     0
  #treg                     0
#pll                        0   out of      4    0.00%
#gclk                       3   out of     16   18.75%

Clock Resource Statistics
Index     ClockNet         Type               DriverType         Driver                      Fanout
#1        clk_50M_dup_1    GCLK               io                 clk_50M_syn_2.di            157
#2        U1/scan_clk      GCLK               mslice             U1/scan_clk_reg_syn_9.q0    10
#3        U6/slow_clk      GCLK               lslice             U6/reg0_syn_141.q0          8


Detailed IO Report

        Name           Direction    Location    IOStandard    DriveStrength    PullType    PackReg  
        RSTn             INPUT         A9        LVCMOS33          N/A          PULLUP      NONE    
       clk_50M           INPUT         R7        LVCMOS33          N/A          PULLUP      NONE    
       col[3]            INPUT        F10        LVCMOS33          N/A          PULLUP      NONE    
       col[2]            INPUT        C11        LVCMOS33          N/A          PULLUP      NONE    
       col[1]            INPUT        D11        LVCMOS33          N/A          PULLUP      NONE    
       col[0]            INPUT        E11        LVCMOS33          N/A          PULLUP      NONE    
  DigitronCS_Out[3]     OUTPUT         A3        LVCMOS33           8            NONE       NONE    
  DigitronCS_Out[2]     OUTPUT         A5        LVCMOS33           8            NONE       NONE    
  DigitronCS_Out[1]     OUTPUT         B6        LVCMOS33           8            NONE       NONE    
  DigitronCS_Out[0]     OUTPUT         C9        LVCMOS33           8            NONE       NONE    
   Digitron_Out[7]      OUTPUT         C8        LVCMOS33           8            NONE       NONE    
   Digitron_Out[6]      OUTPUT         A8        LVCMOS33           8            NONE       NONE    
   Digitron_Out[5]      OUTPUT         B5        LVCMOS33           8            NONE       NONE    
   Digitron_Out[4]      OUTPUT         A7        LVCMOS33           8            NONE       NONE    
   Digitron_Out[3]      OUTPUT         E8        LVCMOS33           8            NONE       NONE    
   Digitron_Out[2]      OUTPUT         B8        LVCMOS33           8            NONE       NONE    
   Digitron_Out[1]      OUTPUT         A6        LVCMOS33           8            NONE       NONE    
   Digitron_Out[0]      OUTPUT         A4        LVCMOS33           8            NONE       NONE    
       buzzer           OUTPUT        H11        LVCMOS33           8            NONE       NONE    
       leds[6]          OUTPUT        B15        LVCMOS33           8            NONE       NONE    
       leds[5]          OUTPUT        B16        LVCMOS33           8            NONE       NONE    
       leds[4]          OUTPUT        C15        LVCMOS33           8            NONE       NONE    
       leds[3]          OUTPUT        C16        LVCMOS33           8            NONE       NONE    
       leds[2]          OUTPUT        E13        LVCMOS33           8            NONE       NONE    
       leds[1]          OUTPUT        E16        LVCMOS33           8            NONE       NONE    
       leds[0]          OUTPUT        F16        LVCMOS33           8            NONE       NONE    
        light           OUTPUT        B14        LVCMOS33           8            NONE       NONE    
       row[3]           OUTPUT         D9        LVCMOS33           8            NONE       NONE    
       row[2]           OUTPUT         F9        LVCMOS33           8            NONE       NONE    
       row[1]           OUTPUT        C10        LVCMOS33           8            NONE       NONE    
       row[0]           OUTPUT        E10        LVCMOS33           8            NONE       NONE    

Report Hierarchy Area:
+-------------------------------------------------------------------------------------------+
|Instance |Module                      |le     |lut     |ripple  |seq     |bram    |dsp     |
+-------------------------------------------------------------------------------------------+
|top      |keyboard_instance           |830    |608     |160     |292     |0       |0       |
|  U1     |keyboard_scan               |71     |49      |9       |53      |0       |0       |
|  U2     |key_filter                  |61     |33      |6       |51      |0       |0       |
|  U3     |onehot2binary               |597    |466     |131     |132     |0       |0       |
|  U5     |Digitron_TimeDisplay_module |39     |26      |5       |15      |0       |0       |
|  U6     |Led_effect                  |57     |29      |9       |41      |0       |0       |
+-------------------------------------------------------------------------------------------+


DataNet Average Fanout:

   Index     Fanout    Nets  
    #1         1       513   
    #2         2       194   
    #3         3        43   
    #4         4        47   
    #5        5-10     108   
    #6       11-50      22   
    #7       51-100     1    
  Average     2.58           

RUN-1002 : start command "export_db keyboard_pr.db"
RUN-1001 : Exported /
RUN-1001 : Exported flow parameters
RUN-1001 : Exported libs
RUN-1001 : Exported entities
RUN-1001 : Exported ports
RUN-1001 : Exported pins
RUN-1001 : Exported instances
RUN-1001 : Exported nets
RUN-1001 : Exported buses
RUN-1001 : Exported models
RUN-1001 : Exported congestions
RUN-1001 : Exported violations
RUN-1001 : Exported timing constraints
RUN-1001 : Exported IO constraints
RUN-1001 : Exported Inst constraints
RUN-1002 : start command "export_bid keyboard_inst.bid"
RUN-1002 : start command "bitgen -bit keyboard.bit -unused_io_status pulldown"
BIT-1003 : Start to generate bitstream. 
BIT-1002 : Bitgen processed 157 unused pads, reserve input tri_state with pulldown
BIT-1002 : Init instances with 16 threads.
BIT-1002 : Init instances completely, inst num: 618
BIT-1002 : Init pips with 16 threads.
BIT-1002 : Init pips completely, net num: 964, pip num: 7117
BIT-1002 : Init feedthrough with 16 threads.
BIT-1002 : Init feedthrough completely, num: 9
BIT-1003 : Multithreading accelaration with 16 threads.
BIT-1003 : Generate bitstream completely, there are 802 valid insts, and 23550 bits set as '1'.
BIT-1004 : PLL setting string = 0000
BIT-1004 : Generate bits file keyboard.bit.
RUN-1003 : finish command "bitgen -bit keyboard.bit -unused_io_status pulldown" in  1.652314s wall, 9.953125s user + 0.031250s system = 9.984375s CPU (604.3%)

RUN-1004 : used memory is 438 MB, reserved memory is 420 MB, peak memory is 632 MB
RUN-1002 : start command "backup_run_log run.log ../.logs/phy_1/td_20240829_004456.log"
