============================================================
   Tang Dynasty, V5.6.59063
   Copyright (c) 2012-2022 Anlogic
   Executable = E:/Anlogic/TD5.6.59063/bin/td.exe
   Built at =   12:45:13 Sep  6 2022
   Run by =     19234
   Run Date =   Tue Aug 27 14:06:00 2024

   Run on =     ERIKPSW
============================================================
RUN-1002 : start command "open_project keyboard.prj"
RUN-1001 : Print Global Property
RUN-1001 : ---------------------------------------------------------------
RUN-1001 :        Parameters        |  Settings  |  Default Values  |  Note  
RUN-1001 : ---------------------------------------------------------------
RUN-1001 :          message         |  standard  |     standard     |        
RUN-1001 :   mixed_pack_place_flow  |     on     |        on        |        
RUN-1001 :        qor_monitor       |    off     |       off        |        
RUN-1001 :        syn_ip_flow       |    off     |       off        |        
RUN-1001 :          thread          |    auto    |       auto       |        
RUN-1001 : ---------------------------------------------------------------
RUN-1001 : Print Design Property
RUN-1001 : --------------------------------------------------------------
RUN-1001 :        Parameters       |  Settings  |  Default Values  |  Note  
RUN-1001 : --------------------------------------------------------------
RUN-1001 :   default_reg_initial   |    auto    |       auto       |        
RUN-1001 :        infer_add        |     on     |        on        |        
RUN-1001 :        infer_fsm        |    off     |       off        |        
RUN-1001 :        infer_mult       |     on     |        on        |        
RUN-1001 :        infer_ram        |     on     |        on        |        
RUN-1001 :        infer_reg        |     on     |        on        |        
RUN-1001 :   infer_reg_init_value  |     on     |        on        |        
RUN-1001 :        infer_rom        |     on     |        on        |        
RUN-1001 :      infer_shifter      |     on     |        on        |        
RUN-1001 : --------------------------------------------------------------
RUN-1001 : Print Rtl Property
RUN-1001 : --------------------------------------------------------------
RUN-1001 :        Parameters       |  Settings  |  Default Values  |  Note  
RUN-1001 : --------------------------------------------------------------
RUN-1001 :       compress_add      |   ripple   |      ripple      |        
RUN-1001 :        elf_sload        |    off     |       off        |        
RUN-1001 :       fix_undriven      |     0      |        0         |        
RUN-1001 :         flatten         |    off     |       off        |        
RUN-1001 :       gate_sharing      |     on     |        on        |        
RUN-1001 :    hdl_warning_level    |   normal   |      normal      |        
RUN-1001 :   impl_internal_tribuf  |     on     |        on        |        
RUN-1001 :      impl_set_reset     |     on     |        on        |        
RUN-1001 :        infer_gsr        |    off     |       off        |        
RUN-1001 :      keep_hierarchy     |    auto    |       auto       |        
RUN-1001 :        max_fanout       |    9999    |       9999       |        
RUN-1001 :      max_oh2bin_len     |     10     |        10        |        
RUN-1001 :       merge_equal       |     on     |        on        |        
RUN-1001 :       merge_equiv       |     on     |        on        |        
RUN-1001 :        merge_mux        |    off     |       off        |        
RUN-1001 :     min_control_set     |     8      |        8         |        
RUN-1001 :      min_ripple_len     |    auto    |       auto       |        
RUN-1001 :       oh2bin_ratio      |    0.08    |       0.08       |        
RUN-1001 :     opt_adder_fanout    |     on     |        on        |        
RUN-1001 :        opt_arith        |     on     |        on        |        
RUN-1001 :       opt_big_gate      |    off     |       off        |        
RUN-1001 :        opt_const        |     on     |        on        |        
RUN-1001 :      opt_const_mult     |     on     |        on        |        
RUN-1001 :       opt_lessthan      |     on     |        on        |        
RUN-1001 :         opt_mux         |    off     |       off        |        
RUN-1001 :         opt_ram         |    high    |       high       |        
RUN-1001 :      rtl_sim_model      |    off     |       off        |        
RUN-1001 :         seq_syn         |     on     |        on        |        
RUN-1001 : --------------------------------------------------------------
HDL-1007 : analyze verilog file ../../../src/Digitron_TimeDisplay_module.v
HDL-1007 : analyze verilog file ../../../src/key_filter.v
HDL-1007 : analyze verilog file ../../../src/keyboard_instance.v
HDL-1007 : analyze verilog file ../../../src/keyboard_scan.v
HDL-1007 : analyze verilog file ../../../src/onehot2binary.v
RUN-1001 : Project manager successfully analyzed 5 source files.
RUN-1002 : start command "import_device eagle_s20.db -package EG4S20BG256"
ARC-1001 : Device Initialization.
ARC-1001 : ------------------------------------------------------------------
ARC-1001 :            OPTION            |          IO          |   SETTING   
ARC-1001 : ------------------------------------------------------------------
ARC-1001 :   cso_b/cclk/mosi/miso/dout  |  T3/R11/T10/P10/S11  |    gpio    
ARC-1001 :             done             |         P13          |    gpio    
ARC-1001 :           program_b          |          T2          |  dedicate  
ARC-1001 :        tdi/tms/tck/tdo       |   C12/A15/C14/E14    |  dedicate  
ARC-1001 : ------------------------------------------------------------------
ARC-1004 : Device setting, marked 5 dedicate IOs in total.
RUN-1002 : start command "import_db ../syn_1/keyboard_gate.db"
RUN-1001 : Importing database generated by Tang Dynasty, V5.6.59063.
RUN-1001 : Database version number 46140.
RUN-1001 : Import flow parameters
RUN-1001 : Import timing constraints
RUN-1001 : Import IO constraints
RUN-1001 : Import Inst constraints
RUN-1001 : Import design success TD_VERSION=5.6.59063 , DB_VERSION=46140
RUN-1002 : start command "read_sdc"
USR-1002 : read_sdc file_name -help -h -eco
USR-1009 : NO module with IP_SDC ...
RUN-1104 : Import SDC file  finished, there are 0 nets kept by constraints.
RUN-1002 : start command "place"
RUN-1001 : Open license file E:/Anlogic/TD5.6.59063/license/Anlogic.lic
RUN-1001 : Print Global Property
RUN-1001 : ---------------------------------------------------------------
RUN-1001 :        Parameters        |  Settings  |  Default Values  |  Note  
RUN-1001 : ---------------------------------------------------------------
RUN-1001 :          message         |  standard  |     standard     |        
RUN-1001 :   mixed_pack_place_flow  |     on     |        on        |        
RUN-1001 :        qor_monitor       |    off     |       off        |        
RUN-1001 :        syn_ip_flow       |    off     |       off        |        
RUN-1001 :          thread          |    auto    |       auto       |        
RUN-1001 : ---------------------------------------------------------------
RUN-1001 : Print Place Property
RUN-1001 : --------------------------------------------------------------
RUN-1001 :        Parameters       |  Settings  |  Default Values  |  Note  
RUN-1001 : --------------------------------------------------------------
RUN-1001 :      detailed_place     |     on     |        on        |        
RUN-1001 :          effort         |   medium   |      medium      |        
RUN-1001 :         fix_hold        |    off     |       off        |        
RUN-1001 :       legalization      |    ori     |       ori        |        
RUN-1001 :      new_spreading      |     on     |        on        |        
RUN-1001 :        opt_timing       |   medium   |      medium      |        
RUN-1001 :   post_clock_route_opt  |    off     |       off        |        
RUN-1001 :       pr_strategy       |     1      |        1         |        
RUN-1001 :        relaxation       |    1.00    |       1.00       |        
RUN-1001 :         retiming        |    off     |       off        |        
RUN-1001 : --------------------------------------------------------------
PHY-3001 : Placer runs in 16 thread(s).
RUN-1002 : start command "legalize_phy_inst"
SYN-1011 : Flatten model keyboard_instance
RUN-1002 : start command "phys_opt -simplify_lut"
SYN-4024 : Net "clk_50M_dup_1" drives clk pins.
SYN-4024 : Net "U1/scan_clk" drives clk pins.
SYN-4024 : Net "U5/SingleNum_n" drives clk pins.
SYN-4025 : Tag rtl::Net U1/scan_clk as clock net
SYN-4025 : Tag rtl::Net U5/SingleNum_n as clock net
SYN-4025 : Tag rtl::Net clk_50M_dup_1 as clock net
SYN-4026 : Tagged 3 rtl::Net as clock net
SYN-4015 : Create BUFG instance for clk Net U1/scan_clk to drive 20 clock pins.
SYN-4015 : Create BUFG instance for clk Net U5/SingleNum_n to drive 4 clock pins.
PHY-1001 : Populate physical database on model keyboard_instance.
RUN-1001 : There are total 318 instances
RUN-0007 : 134 luts, 131 seqs, 10 mslices, 15 lslices, 23 pads, 0 brams, 0 dsps
RUN-1001 : There are total 388 nets
RUN-1001 : 230 nets have 2 pins
RUN-1001 : 129 nets have [3 - 5] pins
RUN-1001 : 21 nets have [6 - 10] pins
RUN-1001 : 3 nets have [11 - 20] pins
RUN-1001 : 3 nets have [21 - 99] pins
RUN-1001 : 2 nets have 100+ pins
RUN-1001 : Report Control nets information:
RUN-1001 : DFF Distribution
RUN-1001 : ----------------------------------
RUN-1001 :   CE   |  SSR  |  ASR  |  DFF Count  
RUN-1001 : ----------------------------------
RUN-1001 :   No   |  No   |  No   |     79      
RUN-1001 :   No   |  No   |  Yes  |     20      
RUN-1001 :   No   |  Yes  |  No   |      0      
RUN-1001 :   Yes  |  No   |  No   |      0      
RUN-1001 :   Yes  |  No   |  Yes  |     32      
RUN-1001 :   Yes  |  Yes  |  No   |      0      
RUN-1001 : ----------------------------------
RUN-0007 : Control Group Statistic
RUN-0007 : ---------------------------
RUN-0007 :   #CLK  |  #CE  |  #SSR/ASR  
RUN-0007 : ---------------------------
RUN-0007 :    3    |   2   |     2      
RUN-0007 : ---------------------------
RUN-0007 : Control Set = 5
PHY-3001 : Initial placement ...
PHY-3001 : design contains 316 instances, 134 luts, 131 seqs, 25 slices, 3 macros(25 instances: 10 mslices 15 lslices)
PHY-0007 : Cell area utilization is 0%
PHY-3001 : Start timing update ...
RUN-1002 : start command "start_timer -report"
TMR-2505 : Start building timing graph for model keyboard_instance.
TMR-2506 : Build timing graph completely. Port num: 7, tpin num: 1325, tnet num: 386, tinst num: 316, tnode num: 1696, tedge num: 2088.
TMR-2508 : Levelizing timing graph completed, there are 21 levels in total.
TMR-2501 : Timing graph initialized successfully.
TMR-2503 : Start to update net delay, extr mode = 2.
TMR-2504 : Update delay of 386 nets completely.
TMR-2502 : Annotate delay completely, extr mode = 2.
TMR-3001 : Initiate 0 clocks from SDC.
TMR-3004 : Map sdc constraints, there are 0 constraints in total.
TMR-3003 : Constraints initiated successfully.
TMR-3501 : Forward propagation: start to calculate arrival time...
TMR-3502 : Backward propagation: start to calculate required time...
TMR-3503 : Timing propagation completes.
PHY-3001 : End timing update;  0.114152s wall, 0.093750s user + 0.000000s system = 0.093750s CPU (82.1%)

PHY-3001 : Global placement ...
PHY-3001 : Initial: Len = 84954.6
PHY-3001 : Clustering ...
PHY-3001 : Level 0 #clusters 316.
PHY-3001 : End clustering;  0.000028s wall, 0.000000s user + 0.000000s system = 0.000000s CPU (n/a%)

PHY-3001 : Run with size of 4
PHY-3001 : Cell area utilization is 0%
PHY-3001 : :::0::: Try harder cell spreading with beta_ = 0
PHY-3002 : Step(1): len = 53699, overlap = 0
PHY-3002 : Step(2): len = 31725.7, overlap = 0
PHY-3002 : Step(3): len = 23147.3, overlap = 0
PHY-3002 : Step(4): len = 18690.5, overlap = 0
PHY-3002 : Step(5): len = 16219.7, overlap = 0
PHY-3002 : Step(6): len = 15086.9, overlap = 0
PHY-3002 : Step(7): len = 15494, overlap = 0
PHY-3002 : Step(8): len = 14146.7, overlap = 0
PHY-3002 : Step(9): len = 13729, overlap = 0
PHY-3002 : Step(10): len = 14178.9, overlap = 0
PHY-3002 : Step(11): len = 12980.7, overlap = 0
PHY-3002 : Step(12): len = 12254.3, overlap = 0
PHY-3002 : Step(13): len = 12112.8, overlap = 0
PHY-3002 : Step(14): len = 11021.6, overlap = 0
PHY-3002 : Step(15): len = 10208.9, overlap = 0
PHY-3002 : Step(16): len = 10526.6, overlap = 0
PHY-3002 : Step(17): len = 10536.3, overlap = 0
PHY-3002 : Step(18): len = 9996.9, overlap = 0
PHY-3002 : Step(19): len = 9742.1, overlap = 0
PHY-3002 : Step(20): len = 9852.9, overlap = 0
PHY-3002 : Step(21): len = 9213.5, overlap = 0
PHY-3002 : Step(22): len = 9188.7, overlap = 0
PHY-3002 : Step(23): len = 9234.7, overlap = 0
PHY-3002 : Step(24): len = 8447.7, overlap = 0
PHY-3002 : Step(25): len = 8531.4, overlap = 0
PHY-3002 : Step(26): len = 8015.8, overlap = 0
PHY-3002 : Step(27): len = 8080.7, overlap = 0
PHY-3002 : Step(28): len = 8087.9, overlap = 0
PHY-3002 : Step(29): len = 8157.4, overlap = 0
PHY-3002 : Step(30): len = 7387, overlap = 0
PHY-3002 : Step(31): len = 7591.4, overlap = 0
PHY-3002 : Step(32): len = 7871.2, overlap = 0
PHY-3001 : Legalization ...
PHY-3001 : End legalization;  0.003330s wall, 0.000000s user + 0.000000s system = 0.000000s CPU (n/a%)

PHY-3001 : Run with size of 4
PHY-3001 : Cell area utilization is 1%
PHY-3001 : Update timing in Manhattan mode ...
TMR-2503 : Start to update net delay, extr mode = 3.
TMR-2504 : Update delay of 386 nets completely.
TMR-2502 : Annotate delay completely, extr mode = 3.
TMR-3501 : Forward propagation: start to calculate arrival time...
TMR-3502 : Backward propagation: start to calculate required time...
TMR-3503 : Timing propagation completes.
PHY-3001 : End timing update;  0.003823s wall, 0.000000s user + 0.000000s system = 0.000000s CPU (n/a%)

PHY-3001 : :::0::: Try harder cell spreading with beta_ = 0
PHY-3002 : Step(33): len = 7020, overlap = 0
PHY-3002 : Step(34): len = 7080.2, overlap = 0
PHY-3002 : Step(35): len = 7135, overlap = 0
PHY-3002 : Step(36): len = 7300.7, overlap = 0
PHY-3002 : Step(37): len = 7505.2, overlap = 0
PHY-3002 : Step(38): len = 7454.9, overlap = 0.1875
PHY-3002 : Step(39): len = 7612.8, overlap = 0.25
PHY-3002 : Step(40): len = 7679.9, overlap = 0
PHY-3002 : Step(41): len = 7782.3, overlap = 0
PHY-3002 : Step(42): len = 7579.6, overlap = 0
PHY-3002 : Step(43): len = 7019.7, overlap = 0
PHY-3002 : Step(44): len = 6602.3, overlap = 0
PHY-3002 : Step(45): len = 6621.8, overlap = 0
PHY-3002 : Step(46): len = 5836.1, overlap = 0
PHY-3002 : Step(47): len = 5522.5, overlap = 0
PHY-3002 : Step(48): len = 5747.2, overlap = 0
PHY-3002 : Step(49): len = 5589.5, overlap = 0
PHY-3002 : Step(50): len = 5113.1, overlap = 0
PHY-3002 : Step(51): len = 5038.8, overlap = 0
PHY-3002 : Step(52): len = 5094.1, overlap = 0
PHY-3002 : Step(53): len = 4884.5, overlap = 0
PHY-3002 : Step(54): len = 4310.2, overlap = 0
PHY-3002 : Step(55): len = 4499.9, overlap = 0
PHY-3002 : Step(56): len = 4224, overlap = 0
PHY-3002 : Step(57): len = 3780.2, overlap = 0
PHY-3002 : Step(58): len = 3793.5, overlap = 0
PHY-3002 : Step(59): len = 3729, overlap = 0
PHY-3002 : Step(60): len = 3486.9, overlap = 0
PHY-3002 : Step(61): len = 3450.5, overlap = 0
PHY-3002 : Step(62): len = 3431.4, overlap = 0
PHY-3002 : Step(63): len = 3429.8, overlap = 0
PHY-3002 : Step(64): len = 3428.6, overlap = 0
PHY-3002 : Step(65): len = 3311.7, overlap = 0
PHY-3002 : Step(66): len = 3294.7, overlap = 0
PHY-3002 : Step(67): len = 3150.4, overlap = 0
PHY-3002 : Step(68): len = 3172.3, overlap = 0
PHY-3002 : Step(69): len = 3131.7, overlap = 0
PHY-3001 : Run with size of 2
PHY-3001 : Cell area utilization is 1%
PHY-3001 : Update timing in Manhattan mode ...
TMR-2503 : Start to update net delay, extr mode = 3.
TMR-2504 : Update delay of 386 nets completely.
TMR-2502 : Annotate delay completely, extr mode = 3.
TMR-3501 : Forward propagation: start to calculate arrival time...
TMR-3502 : Backward propagation: start to calculate required time...
TMR-3503 : Timing propagation completes.
PHY-3001 : End timing update;  0.003626s wall, 0.000000s user + 0.000000s system = 0.000000s CPU (n/a%)

PHY-3001 : :::0::: Try harder cell spreading with beta_ = 0.000216303
PHY-3002 : Step(70): len = 2897.1, overlap = 3
PHY-3002 : Step(71): len = 2920.4, overlap = 1.75
PHY-3002 : Step(72): len = 2909.6, overlap = 0.25
OPT-1001 : Start physical optimization ...
RUN-1002 : start command "start_timer -report"
TMR-2505 : Start building timing graph for model keyboard_instance.
TMR-2506 : Build timing graph completely. Port num: 7, tpin num: 1325, tnet num: 386, tinst num: 316, tnode num: 1696, tedge num: 2088.
TMR-2508 : Levelizing timing graph completed, there are 21 levels in total.
TMR-2501 : Timing graph initialized successfully.
OPT-1001 : Total overflow 9.94 peak overflow 1.12
OPT-1001 : Start high-fanout net optimization ...
OPT-1001 : Update timing in global mode
PHY-1001 : Start incremental global routing, caller is place ...
RUN-1001 : Generating global routing grids ...
RUN-1001 : Building simple global routing graph ...
PHY-1001 : Generate routing nets ...
PHY-1001 : Reuse net number 0/388.
PHY-1001 : Global iterations in 16 thread ...
PHY-1002 : len = 3280, over cnt = 18(0%), over = 90, worst = 12
PHY-1001 : End global iterations;  0.016554s wall, 0.015625s user + 0.000000s system = 0.015625s CPU (94.4%)

PHY-1001 : Congestion index: top1 = 11.60, top5 = 2.88, top10 = 1.43, top15 = 0.96.
PHY-1001 : End incremental global routing;  0.071814s wall, 0.046875s user + 0.015625s system = 0.062500s CPU (87.0%)

TMR-2503 : Start to update net delay, extr mode = 5.
TMR-2504 : Update delay of 386 nets completely.
TMR-2502 : Annotate delay completely, extr mode = 5.
TMR-3001 : Initiate 0 clocks from SDC.
TMR-3004 : Map sdc constraints, there are 0 constraints in total.
TMR-3003 : Constraints initiated successfully.
TMR-3501 : Forward propagation: start to calculate arrival time...
TMR-3502 : Backward propagation: start to calculate required time...
TMR-3503 : Timing propagation completes.
OPT-1001 : End timing update;  0.005056s wall, 0.000000s user + 0.000000s system = 0.000000s CPU (n/a%)

OPT-1001 : 0 high-fanout net processed.
OPT-1001 : End high-fanout net optimization;  0.080173s wall, 0.062500s user + 0.015625s system = 0.078125s CPU (97.4%)

OPT-1001 : Current memory(MB): used = 141, reserve = 111, peak = 141.
OPT-1001 : Start global optimization ...
OPT-1001 : Start congestion update ...
RUN-1001 : Generating global routing grids ...
PHY-1001 : Generate routing nets ...
PHY-1001 : Reuse net number 181/388.
PHY-1001 : Global iterations in 16 thread ...
PHY-1002 : len = 3280, over cnt = 18(0%), over = 90, worst = 12
PHY-1002 : len = 4272, over cnt = 19(0%), over = 28, worst = 4
PHY-1002 : len = 4592, over cnt = 4(0%), over = 4, worst = 1
PHY-1002 : len = 4664, over cnt = 0(0%), over = 0, worst = 0
PHY-1001 : End global iterations;  0.021727s wall, 0.000000s user + 0.000000s system = 0.000000s CPU (n/a%)

PHY-1001 : Congestion index: top1 = 13.09, top5 = 3.61, top10 = 1.80, top15 = 1.20.
OPT-1001 : End congestion update;  0.060119s wall, 0.015625s user + 0.000000s system = 0.015625s CPU (26.0%)

OPT-1001 : Update timing in Manhattan mode
TMR-2503 : Start to update net delay, extr mode = 3.
TMR-2504 : Update delay of 386 nets completely.
TMR-2502 : Annotate delay completely, extr mode = 3.
TMR-3501 : Forward propagation: start to calculate arrival time...
TMR-3502 : Backward propagation: start to calculate required time...
TMR-3503 : Timing propagation completes.
OPT-1001 : End timing update;  0.004122s wall, 0.000000s user + 0.000000s system = 0.000000s CPU (n/a%)

OPT-0007 : Start: WNS 2147483647 TNS 0 NUM_FEPS 0
OPT-1001 : End global optimization;  0.064324s wall, 0.015625s user + 0.000000s system = 0.015625s CPU (24.3%)

OPT-1001 : Current memory(MB): used = 141, reserve = 111, peak = 141.
OPT-1001 : End physical optimization;  0.268014s wall, 0.140625s user + 0.015625s system = 0.156250s CPU (58.3%)

PHY-3001 : Start packing ...
SYN-4007 : Packing 0 MUX to BLE ...
SYN-4008 : Packed 0 MUX and 0 SEQ to BLE.
SYN-4007 : Packing 134 LUT to BLE ...
SYN-4008 : Packed 134 LUT and 57 SEQ to BLE.
SYN-4003 : Packing 74 remaining SEQ's ...
SYN-4005 : Packed 47 SEQ with LUT/SLICE
SYN-4006 : 34 single LUT's are left
SYN-4006 : 27 single SEQ's are left
SYN-4011 : Packing model "keyboard_instance" (AL_USER_NORMAL) with 161/214 primitive instances ...
PHY-3001 : End packing;  0.018465s wall, 0.015625s user + 0.000000s system = 0.015625s CPU (84.6%)

PHY-1001 : Populate physical database on model keyboard_instance.
RUN-1001 : There are total 143 instances
RUN-1001 : 58 mslices, 57 lslices, 23 pads, 0 brams, 0 dsps
RUN-1001 : There are total 335 nets
RUN-1001 : 177 nets have 2 pins
RUN-1001 : 123 nets have [3 - 5] pins
RUN-1001 : 27 nets have [6 - 10] pins
RUN-1001 : 4 nets have [11 - 20] pins
RUN-1001 : 3 nets have [21 - 99] pins
RUN-1001 : 1 nets have 100+ pins
PHY-3001 : design contains 141 instances, 115 slices, 3 macros(25 instances: 10 mslices 15 lslices)
PHY-3001 : Cell area utilization is 1%
PHY-3001 : After packing: Len = 3237, Over = 3
PHY-3001 : Run with size of 2
PHY-3001 : Cell area utilization is 1%
PHY-3001 : Update timing in Manhattan mode ...
RUN-1002 : start command "start_timer -report"
TMR-2505 : Start building timing graph for model keyboard_instance.
TMR-2506 : Build timing graph completely. Port num: 7, tpin num: 1161, tnet num: 333, tinst num: 141, tnode num: 1438, tedge num: 1959.
TMR-2508 : Levelizing timing graph completed, there are 21 levels in total.
TMR-2501 : Timing graph initialized successfully.
TMR-2503 : Start to update net delay, extr mode = 3.
TMR-2504 : Update delay of 333 nets completely.
TMR-2502 : Annotate delay completely, extr mode = 3.
TMR-3001 : Initiate 0 clocks from SDC.
TMR-3004 : Map sdc constraints, there are 0 constraints in total.
TMR-3003 : Constraints initiated successfully.
TMR-3501 : Forward propagation: start to calculate arrival time...
TMR-3502 : Backward propagation: start to calculate required time...
TMR-3503 : Timing propagation completes.
PHY-3001 : End timing update;  0.128220s wall, 0.093750s user + 0.000000s system = 0.093750s CPU (73.1%)

PHY-3001 : :::0::: Try harder cell spreading with beta_ = 0.000110928
PHY-3002 : Step(73): len = 3102.2, overlap = 3.5
PHY-3002 : Step(74): len = 3133.2, overlap = 3.5
PHY-3002 : Step(75): len = 3148.4, overlap = 3.5
PHY-3001 : :::1::: Try harder cell spreading with beta_ = 0.000221856
PHY-3002 : Step(76): len = 3080.1, overlap = 3.25
PHY-3002 : Step(77): len = 3080.1, overlap = 3.25
PHY-3001 : :::2::: Try harder cell spreading with beta_ = 0.000443711
PHY-3002 : Step(78): len = 3113.4, overlap = 3.5
PHY-3002 : Step(79): len = 3113.4, overlap = 3.5
PHY-3001 : Legalization ...
PHY-3001 : End legalization;  0.034511s wall, 0.000000s user + 0.000000s system = 0.000000s CPU (n/a%)

PHY-3001 : Trial Legalized: Len = 5951.5
PHY-3001 : Run with size of 2
PHY-3001 : Cell area utilization is 1%
PHY-3001 : Update timing in Manhattan mode ...
TMR-2503 : Start to update net delay, extr mode = 3.
TMR-2504 : Update delay of 333 nets completely.
TMR-2502 : Annotate delay completely, extr mode = 3.
TMR-3501 : Forward propagation: start to calculate arrival time...
TMR-3502 : Backward propagation: start to calculate required time...
TMR-3503 : Timing propagation completes.
PHY-3001 : End timing update;  0.003446s wall, 0.000000s user + 0.000000s system = 0.000000s CPU (n/a%)

PHY-3001 : :::0::: Try harder cell spreading with beta_ = 0
PHY-3002 : Step(80): len = 4333.9, overlap = 0
PHY-3002 : Step(81): len = 3667.4, overlap = 0.75
PHY-3002 : Step(82): len = 3314.3, overlap = 1.75
PHY-3002 : Step(83): len = 3259.9, overlap = 2
PHY-3002 : Step(84): len = 3183.9, overlap = 2.25
PHY-3001 : Legalization ...
PHY-3001 : End legalization;  0.004987s wall, 0.000000s user + 0.000000s system = 0.000000s CPU (n/a%)

PHY-3001 : Legalized: Len = 5024.5, Over = 0
PHY-3001 : Spreading special nets. 5 overflows in 2952 tiles.
PHY-3001 : End spreading;  0.002536s wall, 0.000000s user + 0.000000s system = 0.000000s CPU (n/a%)

PHY-3001 : 6 instances has been re-located, deltaX = 4, deltaY = 3, maxDist = 2.
PHY-3001 : Final: Len = 5094.5, Over = 0
OPT-1001 : Start physical optimization ...
RUN-1002 : start command "start_timer -report"
TMR-2505 : Start building timing graph for model keyboard_instance.
TMR-2506 : Build timing graph completely. Port num: 7, tpin num: 1161, tnet num: 333, tinst num: 141, tnode num: 1438, tedge num: 1959.
TMR-2508 : Levelizing timing graph completed, there are 21 levels in total.
TMR-2501 : Timing graph initialized successfully.
OPT-1001 : Total overflow 0.00 peak overflow 0.00
OPT-1001 : Start high-fanout net optimization ...
OPT-1001 : Update timing in global mode
PHY-1001 : Start incremental global routing, caller is place ...
RUN-1001 : Generating global routing grids ...
PHY-1001 : Generate routing nets ...
PHY-1001 : Reuse net number 23/335.
PHY-1001 : Global iterations in 16 thread ...
PHY-1002 : len = 5520, over cnt = 25(0%), over = 37, worst = 4
PHY-1002 : len = 5696, over cnt = 18(0%), over = 22, worst = 2
PHY-1002 : len = 5984, over cnt = 1(0%), over = 1, worst = 1
PHY-1002 : len = 5992, over cnt = 0(0%), over = 0, worst = 0
PHY-1001 : End global iterations;  0.040382s wall, 0.031250s user + 0.000000s system = 0.031250s CPU (77.4%)

PHY-1001 : Congestion index: top1 = 15.43, top5 = 4.95, top10 = 2.47, top15 = 1.65.
PHY-1001 : End incremental global routing;  0.082579s wall, 0.062500s user + 0.000000s system = 0.062500s CPU (75.7%)

TMR-2503 : Start to update net delay, extr mode = 5.
TMR-2504 : Update delay of 333 nets completely.
TMR-2502 : Annotate delay completely, extr mode = 5.
TMR-3001 : Initiate 0 clocks from SDC.
TMR-3004 : Map sdc constraints, there are 0 constraints in total.
TMR-3003 : Constraints initiated successfully.
TMR-3501 : Forward propagation: start to calculate arrival time...
TMR-3502 : Backward propagation: start to calculate required time...
TMR-3503 : Timing propagation completes.
OPT-1001 : End timing update;  0.005404s wall, 0.000000s user + 0.000000s system = 0.000000s CPU (n/a%)

OPT-1001 : 0 high-fanout net processed.
OPT-1001 : End high-fanout net optimization;  0.091362s wall, 0.062500s user + 0.000000s system = 0.062500s CPU (68.4%)

OPT-1001 : Current memory(MB): used = 143, reserve = 113, peak = 143.
OPT-1001 : Start path based optimization ...
OPT-1001 : Start congestion update ...
RUN-1001 : Generating global routing grids ...
PHY-1001 : Generate routing nets ...
PHY-1001 : Reuse net number 247/335.
PHY-1001 : Global iterations in 16 thread ...
PHY-1002 : len = 5992, over cnt = 0(0%), over = 0, worst = 0
PHY-1001 : End global iterations;  0.001300s wall, 0.000000s user + 0.000000s system = 0.000000s CPU (n/a%)

PHY-1001 : Congestion index: top1 = 15.43, top5 = 4.95, top10 = 2.47, top15 = 1.65.
OPT-1001 : End congestion update;  0.038507s wall, 0.046875s user + 0.000000s system = 0.046875s CPU (121.7%)

OPT-1001 : Update timing in Manhattan mode
TMR-2503 : Start to update net delay, extr mode = 3.
TMR-2504 : Update delay of 333 nets completely.
TMR-2502 : Annotate delay completely, extr mode = 3.
TMR-3501 : Forward propagation: start to calculate arrival time...
TMR-3502 : Backward propagation: start to calculate required time...
TMR-3503 : Timing propagation completes.
OPT-1001 : End timing update;  0.003547s wall, 0.000000s user + 0.000000s system = 0.000000s CPU (n/a%)

OPT-0007 : Start: WNS 2147483647 TNS 0 NUM_FEPS 0
OPT-1001 : End path based optimization;  0.042125s wall, 0.046875s user + 0.000000s system = 0.046875s CPU (111.3%)

OPT-1001 : Current memory(MB): used = 143, reserve = 113, peak = 143.
OPT-1001 : Update timing in Manhattan mode
TMR-2503 : Start to update net delay, extr mode = 3.
TMR-2504 : Update delay of 333 nets completely.
TMR-2502 : Annotate delay completely, extr mode = 3.
TMR-3501 : Forward propagation: start to calculate arrival time...
TMR-3502 : Backward propagation: start to calculate required time...
TMR-3503 : Timing propagation completes.
OPT-1001 : End timing update;  0.002985s wall, 0.000000s user + 0.000000s system = 0.000000s CPU (n/a%)

OPT-1001 : Start pin optimization...
OPT-1001 : skip pin optimization...
OPT-1001 : Update timing in global mode
PHY-1001 : Start incremental global routing, caller is place ...
RUN-1001 : Generating global routing grids ...
PHY-1001 : Generate routing nets ...
PHY-1001 : Reuse net number 247/335.
PHY-1001 : Global iterations in 16 thread ...
PHY-1002 : len = 5992, over cnt = 0(0%), over = 0, worst = 0
PHY-1001 : End global iterations;  0.001378s wall, 0.000000s user + 0.000000s system = 0.000000s CPU (n/a%)

PHY-1001 : Congestion index: top1 = 15.43, top5 = 4.95, top10 = 2.47, top15 = 1.65.
PHY-1001 : End incremental global routing;  0.036882s wall, 0.031250s user + 0.000000s system = 0.031250s CPU (84.7%)

TMR-2503 : Start to update net delay, extr mode = 5.
TMR-2504 : Update delay of 333 nets completely.
TMR-2502 : Annotate delay completely, extr mode = 5.
TMR-3501 : Forward propagation: start to calculate arrival time...
TMR-3502 : Backward propagation: start to calculate required time...
TMR-3503 : Timing propagation completes.
OPT-1001 : End timing update;  0.004543s wall, 0.015625s user + 0.000000s system = 0.015625s CPU (343.9%)

RUN-1001 : Generating global routing grids ...
PHY-1001 : Generate routing nets ...
PHY-1001 : Reuse net number 247/335.
PHY-1001 : Global iterations in 16 thread ...
PHY-1002 : len = 5992, over cnt = 0(0%), over = 0, worst = 0
PHY-1001 : End global iterations;  0.001391s wall, 0.000000s user + 0.000000s system = 0.000000s CPU (n/a%)

PHY-1001 : Congestion index: top1 = 15.43, top5 = 4.95, top10 = 2.47, top15 = 1.65.
OPT-1001 : Update timing in Manhattan mode
TMR-2503 : Start to update net delay, extr mode = 3.
TMR-2504 : Update delay of 333 nets completely.
TMR-2502 : Annotate delay completely, extr mode = 3.
TMR-3501 : Forward propagation: start to calculate arrival time...
TMR-3502 : Backward propagation: start to calculate required time...
TMR-3503 : Timing propagation completes.
OPT-1001 : End timing update;  0.003417s wall, 0.000000s user + 0.000000s system = 0.000000s CPU (n/a%)

RUN-1001 : QoR Analysis:
OPT-0007 :   WNS 2147483647 TNS 0 NUM_FEPS 0
RUN-1001 :   No local congestion issue, and most congested 1% tile average routing util is 15.068966
RUN-1001 :   Top critical paths
OPT-1001 : End physical optimization;  0.339479s wall, 0.234375s user + 0.000000s system = 0.234375s CPU (69.0%)

RUN-1003 : finish command "place" in  2.511258s wall, 0.890625s user + 0.500000s system = 1.390625s CPU (55.4%)

RUN-1004 : used memory is 130 MB, reserved memory is 100 MB, peak memory is 143 MB
RUN-1002 : start command "export_db keyboard_place.db"
RUN-1001 : Exported /
RUN-1001 : Exported flow parameters
RUN-1001 : Exported libs
RUN-1001 : Exported entities
RUN-1001 : Exported ports
RUN-1001 : Exported pins
RUN-1001 : Exported instances
RUN-1001 : Exported nets
RUN-1001 : Exported buses
RUN-1001 : Exported models
RUN-1001 : Exported congestions
RUN-1001 : Exported violations
RUN-1001 : Exported timing constraints
RUN-1001 : Exported IO constraints
RUN-1001 : Exported Inst constraints
RUN-1002 : start command "route"
RUN-1001 : Open license file E:/Anlogic/TD5.6.59063/license/Anlogic.lic
RUN-1001 : Print Global Property
RUN-1001 : ---------------------------------------------------------------
RUN-1001 :        Parameters        |  Settings  |  Default Values  |  Note  
RUN-1001 : ---------------------------------------------------------------
RUN-1001 :          message         |  standard  |     standard     |        
RUN-1001 :   mixed_pack_place_flow  |     on     |        on        |        
RUN-1001 :        qor_monitor       |    off     |       off        |        
RUN-1001 :        syn_ip_flow       |    off     |       off        |        
RUN-1001 :          thread          |    auto    |       auto       |        
RUN-1001 : ---------------------------------------------------------------
RUN-1001 : Print Route Property
RUN-1001 : -------------------------------------------------------
RUN-1001 :    Parameters    |  Settings  |  Default Values  |  Note  
RUN-1001 : -------------------------------------------------------
RUN-1001 :      effort      |   medium   |      medium      |        
RUN-1001 :     fix_hold     |    off     |       off        |        
RUN-1001 :    opt_timing    |   medium   |      medium      |        
RUN-1001 :   phy_sim_model  |    off     |       off        |        
RUN-1001 :     priority     |   timing   |      timing      |        
RUN-1001 :     swap_pin     |     on     |        on        |        
RUN-1001 : -------------------------------------------------------
PHY-1001 : Route runs in 16 thread(s)
RUN-1001 : There are total 143 instances
RUN-1001 : 58 mslices, 57 lslices, 23 pads, 0 brams, 0 dsps
RUN-1001 : There are total 335 nets
RUN-1001 : 177 nets have 2 pins
RUN-1001 : 123 nets have [3 - 5] pins
RUN-1001 : 27 nets have [6 - 10] pins
RUN-1001 : 4 nets have [11 - 20] pins
RUN-1001 : 3 nets have [21 - 99] pins
RUN-1001 : 1 nets have 100+ pins
RUN-1002 : start command "start_timer -report"
TMR-2505 : Start building timing graph for model keyboard_instance.
TMR-2506 : Build timing graph completely. Port num: 7, tpin num: 1161, tnet num: 333, tinst num: 141, tnode num: 1438, tedge num: 1959.
TMR-2508 : Levelizing timing graph completed, there are 21 levels in total.
TMR-2501 : Timing graph initialized successfully.
PHY-1001 : 58 mslices, 57 lslices, 23 pads, 0 brams, 0 dsps
TMR-2503 : Start to update net delay, extr mode = 3.
TMR-2504 : Update delay of 333 nets completely.
TMR-2502 : Annotate delay completely, extr mode = 3.
TMR-3001 : Initiate 0 clocks from SDC.
TMR-3004 : Map sdc constraints, there are 0 constraints in total.
TMR-3003 : Constraints initiated successfully.
TMR-3501 : Forward propagation: start to calculate arrival time...
TMR-3502 : Backward propagation: start to calculate required time...
TMR-3503 : Timing propagation completes.
PHY-1001 : Start global routing, caller is route ...
RUN-1001 : Generating global routing grids ...
PHY-1001 : Generate routing nets ...
PHY-1001 : Global iterations in 16 thread ...
PHY-1002 : len = 5328, over cnt = 30(0%), over = 44, worst = 4
PHY-1002 : len = 5560, over cnt = 21(0%), over = 24, worst = 2
PHY-1002 : len = 5840, over cnt = 2(0%), over = 2, worst = 1
PHY-1002 : len = 5848, over cnt = 0(0%), over = 0, worst = 0
PHY-1001 : End global iterations;  0.034315s wall, 0.000000s user + 0.000000s system = 0.000000s CPU (n/a%)

PHY-1001 : Congestion index: top1 = 15.58, top5 = 4.90, top10 = 2.44, top15 = 1.63.
PHY-1001 : End global routing;  0.068977s wall, 0.015625s user + 0.000000s system = 0.015625s CPU (22.7%)

PHY-1001 : Start detail routing ...
PHY-1001 : Current memory(MB): used = 163, reserve = 133, peak = 178.
PHY-1001 : Detailed router is running in normal mode.
PHY-1001 : Generate detailed routing grids ...
PHY-1001 : Generate nets ...
PHY-1001 : net clk_50M_dup_1 will be routed on clock mesh
PHY-1001 : clock net U5/SingleNum_n_syn_3 will be merged with clock U5/SingleNum_n
PHY-1001 : clock net U1/scan_clk_syn_4 will be merged with clock U1/scan_clk
PHY-1001 : Current memory(MB): used = 431, reserve = 406, peak = 431.
PHY-1001 : End build detailed router design. 4.199261s wall, 2.250000s user + 0.015625s system = 2.265625s CPU (54.0%)

PHY-1001 : Detail Route ...
PHY-1001 : ===== Detail Route Phase 1 =====
PHY-1001 : Clock net routing.....
PHY-1001 : Routed 0% nets.
PHY-1022 : len = 7688, over cnt = 0(0%), over = 0, worst = 0, crit = 0
PHY-1001 : End initial clock net routed; 0.618092s wall, 0.343750s user + 0.015625s system = 0.359375s CPU (58.1%)

PHY-1001 : Current memory(MB): used = 460, reserve = 436, peak = 460.
PHY-1001 : End phase 1; 0.624025s wall, 0.359375s user + 0.015625s system = 0.375000s CPU (60.1%)

PHY-1001 : ===== Detail Route Phase 2 =====
PHY-1001 : Initial routing.....
PHY-1001 : Routed 30% nets.
PHY-1001 : Routed 30% nets.
PHY-1001 : Patch 183 net; 0.063099s wall, 0.046875s user + 0.000000s system = 0.046875s CPU (74.3%)

PHY-1022 : len = 17248, over cnt = 10(0%), over = 10, worst = 1, crit = 0
PHY-1001 : Current memory(MB): used = 460, reserve = 436, peak = 461.
PHY-1001 : End initial routed; 0.082915s wall, 0.046875s user + 0.000000s system = 0.046875s CPU (56.5%)

PHY-1001 : Update timing.....
PHY-1001 : 0/288(0%) critical/total net(s).
RUN-1001 : ------------------------------------------
RUN-1001 :   Type   |    WNS(ns)    |  TNS(ns)  |  FEP  
RUN-1001 : ------------------------------------------
RUN-1001 :   Setup  |  2147483.647  |   0.000   |   0   
RUN-1001 :   Hold   |  2147483.647  |   0.000   |   0   
RUN-1001 : ------------------------------------------
PHY-1001 : End update timing; 0.136793s wall, 0.062500s user + 0.000000s system = 0.062500s CPU (45.7%)

PHY-1001 : Current memory(MB): used = 461, reserve = 436, peak = 461.
PHY-1001 : End phase 2; 0.219799s wall, 0.109375s user + 0.000000s system = 0.109375s CPU (49.8%)

PHY-1001 : ===== Detail Route Phase 3 =====
PHY-1001 : Optimize timing.....
PHY-1022 : len = 17248, over cnt = 10(0%), over = 10, worst = 1, crit = 0
PHY-1001 : End optimize timing; 0.004346s wall, 0.000000s user + 0.000000s system = 0.000000s CPU (n/a%)

PHY-1001 : Ripup-reroute.....
PHY-1001 : ===== DR Iter 1 =====
PHY-1022 : len = 17304, over cnt = 2(0%), over = 2, worst = 1, crit = 0
PHY-1001 : End DR Iter 1; 0.015220s wall, 0.015625s user + 0.000000s system = 0.015625s CPU (102.7%)

PHY-1001 : ===== DR Iter 2 =====
PHY-1022 : len = 17296, over cnt = 0(0%), over = 0, worst = 0, crit = 0
PHY-1001 : End DR Iter 2; 0.010478s wall, 0.000000s user + 0.000000s system = 0.000000s CPU (n/a%)

PHY-1001 : Update timing.....
PHY-1001 : 0/288(0%) critical/total net(s).
RUN-1001 : ------------------------------------------
RUN-1001 :   Type   |    WNS(ns)    |  TNS(ns)  |  FEP  
RUN-1001 : ------------------------------------------
RUN-1001 :   Setup  |  2147483.647  |   0.000   |   0   
RUN-1001 :   Hold   |  2147483.647  |   0.000   |   0   
RUN-1001 : ------------------------------------------
PHY-1001 : End update timing; 0.126781s wall, 0.109375s user + 0.000000s system = 0.109375s CPU (86.3%)

PHY-1001 : Commit to database.....
PHY-1001 : 4 feed throughs used by 4 nets
PHY-1001 : End commit to database; 0.072457s wall, 0.000000s user + 0.000000s system = 0.000000s CPU (n/a%)

PHY-1001 : Current memory(MB): used = 470, reserve = 446, peak = 470.
PHY-1001 : End phase 3; 0.343609s wall, 0.203125s user + 0.000000s system = 0.203125s CPU (59.1%)

PHY-1003 : Routed, final wirelength = 17296
PHY-1001 : Current memory(MB): used = 470, reserve = 446, peak = 470.
PHY-1001 : End export database. 0.005800s wall, 0.000000s user + 0.000000s system = 0.000000s CPU (n/a%)

PHY-1001 : End detail routing;  5.606329s wall, 3.078125s user + 0.031250s system = 3.109375s CPU (55.5%)

RUN-1003 : finish command "route" in  5.881528s wall, 3.203125s user + 0.031250s system = 3.234375s CPU (55.0%)

RUN-1004 : used memory is 428 MB, reserved memory is 402 MB, peak memory is 470 MB
RUN-1002 : start command "report_area -io_info -file keyboard_phy.area"
RUN-1001 : standard
***Report Model: keyboard_instance Device: EG4S20BG256***

IO Statistics
#IO                        23
  #input                    6
  #output                  17
  #inout                    0

Utilization Statistics
#lut                      194   out of  19600    0.99%
#reg                      147   out of  19600    0.75%
#le                       221
  #lut only                74   out of    221   33.48%
  #reg only                27   out of    221   12.22%
  #lut&reg                120   out of    221   54.30%
#dsp                        0   out of     29    0.00%
#bram                       0   out of     64    0.00%
  #bram9k                   0
  #fifo9k                   0
#bram32k                    0   out of     16    0.00%
#pad                       23   out of    188   12.23%
  #ireg                     0
  #oreg                     0
  #treg                     0
#pll                        0   out of      4    0.00%
#gclk                       3   out of     16   18.75%

Clock Resource Statistics
Index     ClockNet          Type               DriverType         Driver                         Fanout
#1        clk_50M_dup_1     GCLK               io                 clk_50M_syn_2.di               69
#2        U1/scan_clk       GCLK               lslice             U1/scan_clk_reg_syn_9.q1       10
#3        U5/SingleNum_n    GCLK               lslice             DigitronCS_Out[3]_syn_13.f0    4


Detailed IO Report

        Name           Direction    Location    IOStandard    DriveStrength    PullType    PackReg  
        RSTn             INPUT         A9        LVCMOS33          N/A          PULLUP      NONE    
       clk_50M           INPUT         R7        LVCMOS33          N/A          PULLUP      NONE    
       col[3]            INPUT        F10        LVCMOS33          N/A          PULLUP      NONE    
       col[2]            INPUT        C11        LVCMOS33          N/A          PULLUP      NONE    
       col[1]            INPUT        D11        LVCMOS33          N/A          PULLUP      NONE    
       col[0]            INPUT        E11        LVCMOS33          N/A          PULLUP      NONE    
  DigitronCS_Out[3]     OUTPUT         A3        LVCMOS33           8            NONE       NONE    
  DigitronCS_Out[2]     OUTPUT         A5        LVCMOS33           8            NONE       NONE    
  DigitronCS_Out[1]     OUTPUT         B6        LVCMOS33           8            NONE       NONE    
  DigitronCS_Out[0]     OUTPUT         C9        LVCMOS33           8            NONE       NONE    
   Digitron_Out[7]      OUTPUT         C8        LVCMOS33           8            NONE       NONE    
   Digitron_Out[6]      OUTPUT         A8        LVCMOS33           8            NONE       NONE    
   Digitron_Out[5]      OUTPUT         B5        LVCMOS33           8            NONE       NONE    
   Digitron_Out[4]      OUTPUT         A7        LVCMOS33           8            NONE       NONE    
   Digitron_Out[3]      OUTPUT         E8        LVCMOS33           8            NONE       NONE    
   Digitron_Out[2]      OUTPUT         B8        LVCMOS33           8            NONE       NONE    
   Digitron_Out[1]      OUTPUT         A6        LVCMOS33           8            NONE       NONE    
   Digitron_Out[0]      OUTPUT         A4        LVCMOS33           8            NONE       NONE    
        light           OUTPUT        B14        LVCMOS33           8            NONE       NONE    
       row[3]           OUTPUT         D9        LVCMOS33           8            NONE       NONE    
       row[2]           OUTPUT         F9        LVCMOS33           8            NONE       NONE    
       row[1]           OUTPUT        C10        LVCMOS33           8            NONE       NONE    
       row[0]           OUTPUT        E10        LVCMOS33           8            NONE       NONE    

Report Hierarchy Area:
+-------------------------------------------------------------------------------------------+
|Instance |Module                      |le     |lut     |ripple  |seq     |bram    |dsp     |
+-------------------------------------------------------------------------------------------+
|top      |keyboard_instance           |221    |169     |25      |147     |0       |0       |
|  U1     |keyboard_scan               |69     |47      |9       |53      |0       |0       |
|  U2     |key_filter                  |60     |40      |6       |50      |0       |0       |
|  U3     |onehot2binary               |50     |50      |0       |24      |0       |0       |
|  U5     |Digitron_TimeDisplay_module |37     |27      |10      |20      |0       |0       |
+-------------------------------------------------------------------------------------------+


DataNet Average Fanout:

   Index     Fanout    Nets  
    #1         1       154   
    #2         2        92   
    #3         3        13   
    #4         4        17   
    #5        5-10      26   
    #6       11-50      5    
  Average     2.35           

RUN-1002 : start command "export_db keyboard_pr.db"
RUN-1001 : Exported /
RUN-1001 : Exported flow parameters
RUN-1001 : Exported libs
RUN-1001 : Exported entities
RUN-1001 : Exported ports
RUN-1001 : Exported pins
RUN-1001 : Exported instances
RUN-1001 : Exported nets
RUN-1001 : Exported buses
RUN-1001 : Exported models
RUN-1001 : Exported congestions
RUN-1001 : Exported violations
RUN-1001 : Exported timing constraints
RUN-1001 : Exported IO constraints
RUN-1001 : Exported Inst constraints
RUN-1002 : start command "export_bid keyboard_inst.bid"
RUN-1002 : start command "bitgen -bit keyboard.bit -unused_io_status pulldown"
BIT-1003 : Start to generate bitstream. 
BIT-1002 : Bitgen processed 165 unused pads, reserve input tri_state with pulldown
BIT-1002 : Init instances with 16 threads.
BIT-1002 : Init instances completely, inst num: 306
BIT-1002 : Init pips with 16 threads.
BIT-1002 : Init pips completely, net num: 335, pip num: 2021
BIT-1002 : Init feedthrough completely, num: 4
BIT-1003 : Multithreading accelaration with 16 threads.
BIT-1003 : Generate bitstream completely, there are 436 valid insts, and 6740 bits set as '1'.
BIT-1004 : PLL setting string = 0000
BIT-1004 : Generate bits file keyboard.bit.
RUN-1003 : finish command "bitgen -bit keyboard.bit -unused_io_status pulldown" in  1.250045s wall, 4.062500s user + 0.031250s system = 4.093750s CPU (327.5%)

RUN-1004 : used memory is 440 MB, reserved memory is 419 MB, peak memory is 615 MB
RUN-1002 : start command "backup_run_log run.log ../.logs/phy_1/td_20240827_140600.log"
