============================================================
   Tang Dynasty, V5.6.59063
   Copyright (c) 2012-2022 Anlogic
   Executable = E:/Anlogic/TD5.6.59063/bin/td.exe
   Built at =   12:45:13 Sep  6 2022
   Run by =     19234
   Run Date =   Wed Aug 28 15:45:00 2024

   Run on =     ERIKPSW
============================================================
RUN-1002 : start command "open_project keyboard.prj"
RUN-1001 : Print Global Property
RUN-1001 : ---------------------------------------------------------------
RUN-1001 :        Parameters        |  Settings  |  Default Values  |  Note  
RUN-1001 : ---------------------------------------------------------------
RUN-1001 :          message         |  standard  |     standard     |        
RUN-1001 :   mixed_pack_place_flow  |     on     |        on        |        
RUN-1001 :        qor_monitor       |    off     |       off        |        
RUN-1001 :        syn_ip_flow       |    off     |       off        |        
RUN-1001 :          thread          |    auto    |       auto       |        
RUN-1001 : ---------------------------------------------------------------
RUN-1001 : Print Design Property
RUN-1001 : --------------------------------------------------------------
RUN-1001 :        Parameters       |  Settings  |  Default Values  |  Note  
RUN-1001 : --------------------------------------------------------------
RUN-1001 :   default_reg_initial   |    auto    |       auto       |        
RUN-1001 :        infer_add        |     on     |        on        |        
RUN-1001 :        infer_fsm        |    off     |       off        |        
RUN-1001 :        infer_mult       |     on     |        on        |        
RUN-1001 :        infer_ram        |     on     |        on        |        
RUN-1001 :        infer_reg        |     on     |        on        |        
RUN-1001 :   infer_reg_init_value  |     on     |        on        |        
RUN-1001 :        infer_rom        |     on     |        on        |        
RUN-1001 :      infer_shifter      |     on     |        on        |        
RUN-1001 : --------------------------------------------------------------
RUN-1001 : Print Rtl Property
RUN-1001 : --------------------------------------------------------------
RUN-1001 :        Parameters       |  Settings  |  Default Values  |  Note  
RUN-1001 : --------------------------------------------------------------
RUN-1001 :       compress_add      |   ripple   |      ripple      |        
RUN-1001 :        elf_sload        |    off     |       off        |        
RUN-1001 :       fix_undriven      |     0      |        0         |        
RUN-1001 :         flatten         |    off     |       off        |        
RUN-1001 :       gate_sharing      |     on     |        on        |        
RUN-1001 :    hdl_warning_level    |   normal   |      normal      |        
RUN-1001 :   impl_internal_tribuf  |     on     |        on        |        
RUN-1001 :      impl_set_reset     |     on     |        on        |        
RUN-1001 :        infer_gsr        |    off     |       off        |        
RUN-1001 :      keep_hierarchy     |    auto    |       auto       |        
RUN-1001 :        max_fanout       |    9999    |       9999       |        
RUN-1001 :      max_oh2bin_len     |     10     |        10        |        
RUN-1001 :       merge_equal       |     on     |        on        |        
RUN-1001 :       merge_equiv       |     on     |        on        |        
RUN-1001 :        merge_mux        |    off     |       off        |        
RUN-1001 :     min_control_set     |     8      |        8         |        
RUN-1001 :      min_ripple_len     |    auto    |       auto       |        
RUN-1001 :       oh2bin_ratio      |    0.08    |       0.08       |        
RUN-1001 :     opt_adder_fanout    |     on     |        on        |        
RUN-1001 :        opt_arith        |     on     |        on        |        
RUN-1001 :       opt_big_gate      |    off     |       off        |        
RUN-1001 :        opt_const        |     on     |        on        |        
RUN-1001 :      opt_const_mult     |     on     |        on        |        
RUN-1001 :       opt_lessthan      |     on     |        on        |        
RUN-1001 :         opt_mux         |    off     |       off        |        
RUN-1001 :         opt_ram         |    high    |       high       |        
RUN-1001 :      rtl_sim_model      |    off     |       off        |        
RUN-1001 :         seq_syn         |     on     |        on        |        
RUN-1001 : --------------------------------------------------------------
HDL-1007 : analyze verilog file ../../../src/Digitron_TimeDisplay_module.v
HDL-1007 : analyze verilog file ../../../src/key_filter.v
HDL-1007 : analyze verilog file ../../../src/keyboard_instance.v
HDL-1007 : analyze verilog file ../../../src/keyboard_scan.v
HDL-1007 : analyze verilog file ../../../src/onehot2binary.v
HDL-5007 WARNING: 'RSTn' is not declared in ../../../src/onehot2binary.v(1)
HDL-5007 WARNING: 'RSTn' is not declared in ../../../src/onehot2binary.v(1)
RUN-1001 : Project manager successfully analyzed 5 source files.
RUN-1002 : start command "import_device eagle_s20.db -package EG4S20BG256"
ARC-1001 : Device Initialization.
ARC-1001 : ------------------------------------------------------------------
ARC-1001 :            OPTION            |          IO          |   SETTING   
ARC-1001 : ------------------------------------------------------------------
ARC-1001 :   cso_b/cclk/mosi/miso/dout  |  T3/R11/T10/P10/S11  |    gpio    
ARC-1001 :             done             |         P13          |    gpio    
ARC-1001 :           program_b          |          T2          |  dedicate  
ARC-1001 :        tdi/tms/tck/tdo       |   C12/A15/C14/E14    |  dedicate  
ARC-1001 : ------------------------------------------------------------------
ARC-1004 : Device setting, marked 5 dedicate IOs in total.
RUN-1002 : start command "import_db ../syn_1/keyboard_gate.db"
RUN-1001 : Importing database generated by Tang Dynasty, V5.6.59063.
RUN-1001 : Database version number 46140.
RUN-1001 : Import flow parameters
RUN-1001 : Import timing constraints
RUN-1001 : Import IO constraints
RUN-1001 : Import Inst constraints
RUN-1001 : Import design success TD_VERSION=5.6.59063 , DB_VERSION=46140
RUN-1002 : start command "read_sdc"
USR-1002 : read_sdc file_name -help -h -eco
USR-1009 : NO module with IP_SDC ...
RUN-1104 : Import SDC file  finished, there are 0 nets kept by constraints.
RUN-1002 : start command "place"
RUN-1001 : Open license file E:/Anlogic/TD5.6.59063/license/Anlogic.lic
RUN-1001 : Print Global Property
RUN-1001 : ---------------------------------------------------------------
RUN-1001 :        Parameters        |  Settings  |  Default Values  |  Note  
RUN-1001 : ---------------------------------------------------------------
RUN-1001 :          message         |  standard  |     standard     |        
RUN-1001 :   mixed_pack_place_flow  |     on     |        on        |        
RUN-1001 :        qor_monitor       |    off     |       off        |        
RUN-1001 :        syn_ip_flow       |    off     |       off        |        
RUN-1001 :          thread          |    auto    |       auto       |        
RUN-1001 : ---------------------------------------------------------------
RUN-1001 : Print Place Property
RUN-1001 : --------------------------------------------------------------
RUN-1001 :        Parameters       |  Settings  |  Default Values  |  Note  
RUN-1001 : --------------------------------------------------------------
RUN-1001 :      detailed_place     |     on     |        on        |        
RUN-1001 :          effort         |   medium   |      medium      |        
RUN-1001 :         fix_hold        |    off     |       off        |        
RUN-1001 :       legalization      |    ori     |       ori        |        
RUN-1001 :      new_spreading      |     on     |        on        |        
RUN-1001 :        opt_timing       |   medium   |      medium      |        
RUN-1001 :   post_clock_route_opt  |    off     |       off        |        
RUN-1001 :       pr_strategy       |     1      |        1         |        
RUN-1001 :        relaxation       |    1.00    |       1.00       |        
RUN-1001 :         retiming        |    off     |       off        |        
RUN-1001 : --------------------------------------------------------------
PHY-3001 : Placer runs in 16 thread(s).
RUN-1002 : start command "legalize_phy_inst"
SYN-1011 : Flatten model keyboard_instance
RUN-1002 : start command "phys_opt -simplify_lut"
SYN-4024 : Net "clk_50M_dup_1" drives clk pins.
SYN-4024 : Net "U1/scan_clk" drives clk pins.
SYN-4025 : Tag rtl::Net U1/scan_clk as clock net
SYN-4025 : Tag rtl::Net clk_50M_dup_1 as clock net
SYN-4026 : Tagged 2 rtl::Net as clock net
SYN-4015 : Create BUFG instance for clk Net U1/scan_clk to drive 20 clock pins.
PHY-1001 : Populate physical database on model keyboard_instance.
RUN-1001 : There are total 735 instances
RUN-0007 : 340 luts, 230 seqs, 96 mslices, 41 lslices, 24 pads, 0 brams, 0 dsps
RUN-1001 : There are total 877 nets
RUN-1001 : 513 nets have 2 pins
RUN-1001 : 255 nets have [3 - 5] pins
RUN-1001 : 81 nets have [6 - 10] pins
RUN-1001 : 15 nets have [11 - 20] pins
RUN-1001 : 11 nets have [21 - 99] pins
RUN-1001 : 2 nets have 100+ pins
RUN-1001 : Report Control nets information:
RUN-1001 : DFF Distribution
RUN-1001 : ----------------------------------
RUN-1001 :   CE   |  SSR  |  ASR  |  DFF Count  
RUN-1001 : ----------------------------------
RUN-1001 :   No   |  No   |  No   |     93      
RUN-1001 :   No   |  No   |  Yes  |     20      
RUN-1001 :   No   |  Yes  |  No   |     17      
RUN-1001 :   Yes  |  No   |  No   |     36      
RUN-1001 :   Yes  |  No   |  Yes  |     32      
RUN-1001 :   Yes  |  Yes  |  No   |     32      
RUN-1001 : ----------------------------------
RUN-0007 : Control Group Statistic
RUN-0007 : ---------------------------
RUN-0007 :   #CLK  |  #CE  |  #SSR/ASR  
RUN-0007 : ---------------------------
RUN-0007 :    2    |   5   |     3      
RUN-0007 : ---------------------------
RUN-0007 : Control Set = 8
PHY-3001 : Initial placement ...
PHY-3001 : design contains 733 instances, 340 luts, 230 seqs, 137 slices, 14 macros(137 instances: 96 mslices 41 lslices)
PHY-0007 : Cell area utilization is 3%
PHY-3001 : Start timing update ...
RUN-1002 : start command "start_timer -report"
TMR-2505 : Start building timing graph for model keyboard_instance.
TMR-2506 : Build timing graph completely. Port num: 8, tpin num: 3220, tnet num: 875, tinst num: 733, tnode num: 3881, tedge num: 5189.
TMR-2508 : Levelizing timing graph completed, there are 43 levels in total.
TMR-2501 : Timing graph initialized successfully.
TMR-2503 : Start to update net delay, extr mode = 2.
TMR-2504 : Update delay of 875 nets completely.
TMR-2502 : Annotate delay completely, extr mode = 2.
TMR-3001 : Initiate 0 clocks from SDC.
TMR-3004 : Map sdc constraints, there are 0 constraints in total.
TMR-3003 : Constraints initiated successfully.
TMR-3501 : Forward propagation: start to calculate arrival time...
TMR-3502 : Backward propagation: start to calculate required time...
TMR-3503 : Timing propagation completes.
PHY-3001 : End timing update;  0.143709s wall, 0.046875s user + 0.000000s system = 0.046875s CPU (32.6%)

PHY-3001 : Global placement ...
PHY-3001 : Initial: Len = 224666
PHY-3001 : Clustering ...
PHY-3001 : Level 0 #clusters 733.
PHY-3001 : End clustering;  0.000014s wall, 0.000000s user + 0.000000s system = 0.000000s CPU (n/a%)

PHY-3001 : Run with size of 4
PHY-3001 : Cell area utilization is 3%
PHY-3001 : :::0::: Try harder cell spreading with beta_ = 0
PHY-3002 : Step(1): len = 142164, overlap = 0
PHY-3002 : Step(2): len = 94547.9, overlap = 0
PHY-3002 : Step(3): len = 71380.6, overlap = 0
PHY-3002 : Step(4): len = 49825.9, overlap = 0
PHY-3002 : Step(5): len = 37436.2, overlap = 0
PHY-3002 : Step(6): len = 32937.3, overlap = 2.25
PHY-3002 : Step(7): len = 29092.6, overlap = 0
PHY-3002 : Step(8): len = 25114.1, overlap = 0
PHY-3002 : Step(9): len = 22982.1, overlap = 0
PHY-3002 : Step(10): len = 23346, overlap = 0
PHY-3002 : Step(11): len = 19800.2, overlap = 5.5
PHY-3002 : Step(12): len = 18176.9, overlap = 5.5
PHY-3002 : Step(13): len = 17852.8, overlap = 5.5
PHY-3002 : Step(14): len = 17762.1, overlap = 5
PHY-3002 : Step(15): len = 17700.3, overlap = 5
PHY-3002 : Step(16): len = 16504.1, overlap = 5
PHY-3002 : Step(17): len = 17117.8, overlap = 5.0625
PHY-3002 : Step(18): len = 17630.8, overlap = 5.25
PHY-3001 : Legalization ...
PHY-3001 : End legalization;  0.002887s wall, 0.000000s user + 0.000000s system = 0.000000s CPU (n/a%)

PHY-3001 : Run with size of 4
PHY-3001 : Cell area utilization is 4%
PHY-3001 : Update timing in Manhattan mode ...
TMR-2503 : Start to update net delay, extr mode = 3.
TMR-2504 : Update delay of 875 nets completely.
TMR-2502 : Annotate delay completely, extr mode = 3.
TMR-3501 : Forward propagation: start to calculate arrival time...
TMR-3502 : Backward propagation: start to calculate required time...
TMR-3503 : Timing propagation completes.
PHY-3001 : End timing update;  0.008030s wall, 0.000000s user + 0.000000s system = 0.000000s CPU (n/a%)

PHY-3001 : :::0::: Try harder cell spreading with beta_ = 0.000456271
PHY-3002 : Step(19): len = 16013.6, overlap = 16
PHY-3002 : Step(20): len = 16180.3, overlap = 16.125
PHY-3002 : Step(21): len = 16251.1, overlap = 16.0938
PHY-3001 : :::1::: Try harder cell spreading with beta_ = 0.000912542
PHY-3002 : Step(22): len = 15329.4, overlap = 16.5
PHY-3002 : Step(23): len = 15476.7, overlap = 16.4375
PHY-3002 : Step(24): len = 15606.8, overlap = 16.5312
PHY-3001 : :::2::: Try harder cell spreading with beta_ = 0.00182508
PHY-3002 : Step(25): len = 15138.9, overlap = 17
PHY-3002 : Step(26): len = 15138.9, overlap = 17
PHY-3002 : Step(27): len = 14988.6, overlap = 16.4375
PHY-3001 : Run with size of 2
PHY-3001 : Cell area utilization is 4%
PHY-3001 : Update timing in Manhattan mode ...
TMR-2503 : Start to update net delay, extr mode = 3.
TMR-2504 : Update delay of 875 nets completely.
TMR-2502 : Annotate delay completely, extr mode = 3.
TMR-3501 : Forward propagation: start to calculate arrival time...
TMR-3502 : Backward propagation: start to calculate required time...
TMR-3503 : Timing propagation completes.
PHY-3001 : End timing update;  0.007808s wall, 0.000000s user + 0.000000s system = 0.000000s CPU (n/a%)

PHY-3001 : :::0::: Try harder cell spreading with beta_ = 5.71555e-05
PHY-3002 : Step(28): len = 16143.8, overlap = 34.1875
PHY-3002 : Step(29): len = 16511.5, overlap = 33.8438
PHY-3002 : Step(30): len = 18728.4, overlap = 21
PHY-3002 : Step(31): len = 18920.3, overlap = 20.2188
PHY-3002 : Step(32): len = 17833.1, overlap = 20.375
PHY-3002 : Step(33): len = 17245.5, overlap = 20.5
PHY-3002 : Step(34): len = 17160.5, overlap = 19.5938
PHY-3002 : Step(35): len = 16921.3, overlap = 19.1875
PHY-3001 : :::1::: Try harder cell spreading with beta_ = 0.000114311
PHY-3002 : Step(36): len = 17182.5, overlap = 14.5312
PHY-3002 : Step(37): len = 17263.1, overlap = 15.6562
PHY-3002 : Step(38): len = 17418.6, overlap = 15.3125
PHY-3001 : :::2::: Try harder cell spreading with beta_ = 0.000228622
PHY-3002 : Step(39): len = 17426, overlap = 14.9062
PHY-3002 : Step(40): len = 17540.3, overlap = 14
PHY-3002 : Step(41): len = 17633.1, overlap = 14.5312
OPT-1001 : Start physical optimization ...
RUN-1002 : start command "start_timer -report"
TMR-2505 : Start building timing graph for model keyboard_instance.
TMR-2506 : Build timing graph completely. Port num: 8, tpin num: 3220, tnet num: 875, tinst num: 733, tnode num: 3881, tedge num: 5189.
TMR-2508 : Levelizing timing graph completed, there are 43 levels in total.
TMR-2501 : Timing graph initialized successfully.
OPT-1001 : Total overflow 50.31 peak overflow 2.53
OPT-1001 : Start high-fanout net optimization ...
OPT-1001 : Update timing in global mode
PHY-1001 : Start incremental global routing, caller is place ...
RUN-1001 : Generating global routing grids ...
RUN-1001 : Building simple global routing graph ...
PHY-1001 : Generate routing nets ...
PHY-1001 : Reuse net number 0/877.
PHY-1001 : Global iterations in 16 thread ...
PHY-1002 : len = 19296, over cnt = 75(0%), over = 282, worst = 12
PHY-1001 : End global iterations;  0.034958s wall, 0.015625s user + 0.000000s system = 0.015625s CPU (44.7%)

PHY-1001 : Congestion index: top1 = 22.67, top5 = 11.58, top10 = 6.75, top15 = 4.51.
PHY-1001 : End incremental global routing;  0.079131s wall, 0.031250s user + 0.000000s system = 0.031250s CPU (39.5%)

TMR-2503 : Start to update net delay, extr mode = 5.
TMR-2504 : Update delay of 875 nets completely.
TMR-2502 : Annotate delay completely, extr mode = 5.
TMR-3001 : Initiate 0 clocks from SDC.
TMR-3004 : Map sdc constraints, there are 0 constraints in total.
TMR-3003 : Constraints initiated successfully.
TMR-3501 : Forward propagation: start to calculate arrival time...
TMR-3502 : Backward propagation: start to calculate required time...
TMR-3503 : Timing propagation completes.
OPT-1001 : End timing update;  0.011012s wall, 0.015625s user + 0.000000s system = 0.015625s CPU (141.9%)

OPT-1001 : 0 high-fanout net processed.
OPT-1001 : End high-fanout net optimization;  0.098093s wall, 0.046875s user + 0.000000s system = 0.046875s CPU (47.8%)

OPT-1001 : Current memory(MB): used = 150, reserve = 120, peak = 150.
OPT-1001 : Start global optimization ...
OPT-1001 : Start congestion update ...
RUN-1001 : Generating global routing grids ...
PHY-1001 : Generate routing nets ...
PHY-1001 : Reuse net number 542/877.
PHY-1001 : Global iterations in 16 thread ...
PHY-1002 : len = 19296, over cnt = 75(0%), over = 282, worst = 12
PHY-1002 : len = 20640, over cnt = 47(0%), over = 140, worst = 10
PHY-1002 : len = 21768, over cnt = 10(0%), over = 36, worst = 10
PHY-1002 : len = 22136, over cnt = 0(0%), over = 0, worst = 0
PHY-1001 : End global iterations;  0.034213s wall, 0.000000s user + 0.000000s system = 0.000000s CPU (n/a%)

PHY-1001 : Congestion index: top1 = 21.19, top5 = 12.06, top10 = 7.33, top15 = 5.00.
OPT-1001 : End congestion update;  0.073755s wall, 0.031250s user + 0.000000s system = 0.031250s CPU (42.4%)

OPT-1001 : Update timing in Manhattan mode
TMR-2503 : Start to update net delay, extr mode = 3.
TMR-2504 : Update delay of 875 nets completely.
TMR-2502 : Annotate delay completely, extr mode = 3.
TMR-3501 : Forward propagation: start to calculate arrival time...
TMR-3502 : Backward propagation: start to calculate required time...
TMR-3503 : Timing propagation completes.
OPT-1001 : End timing update;  0.007806s wall, 0.000000s user + 0.000000s system = 0.000000s CPU (n/a%)

OPT-0007 : Start: WNS 2147483647 TNS 0 NUM_FEPS 0
OPT-1001 : End global optimization;  0.081634s wall, 0.031250s user + 0.000000s system = 0.031250s CPU (38.3%)

OPT-1001 : Current memory(MB): used = 151, reserve = 122, peak = 151.
OPT-1001 : End physical optimization;  0.317136s wall, 0.109375s user + 0.000000s system = 0.109375s CPU (34.5%)

PHY-3001 : Start packing ...
SYN-4007 : Packing 0 MUX to BLE ...
SYN-4008 : Packed 0 MUX and 0 SEQ to BLE.
SYN-4007 : Packing 340 LUT to BLE ...
SYN-4008 : Packed 340 LUT and 95 SEQ to BLE.
SYN-4003 : Packing 135 remaining SEQ's ...
SYN-4005 : Packed 53 SEQ with LUT/SLICE
SYN-4006 : 204 single LUT's are left
SYN-4006 : 82 single SEQ's are left
SYN-4011 : Packing model "keyboard_instance" (AL_USER_NORMAL) with 422/587 primitive instances ...
PHY-3001 : End packing;  0.018209s wall, 0.015625s user + 0.000000s system = 0.015625s CPU (85.8%)

PHY-1001 : Populate physical database on model keyboard_instance.
RUN-1001 : There are total 388 instances
RUN-1001 : 180 mslices, 180 lslices, 24 pads, 0 brams, 0 dsps
RUN-1001 : There are total 782 nets
RUN-1001 : 418 nets have 2 pins
RUN-1001 : 255 nets have [3 - 5] pins
RUN-1001 : 81 nets have [6 - 10] pins
RUN-1001 : 18 nets have [11 - 20] pins
RUN-1001 : 8 nets have [21 - 99] pins
RUN-1001 : 2 nets have 100+ pins
PHY-3001 : design contains 386 instances, 360 slices, 14 macros(137 instances: 96 mslices 41 lslices)
PHY-3001 : Cell area utilization is 4%
PHY-3001 : After packing: Len = 17860.2, Over = 22
PHY-3001 : Run with size of 2
PHY-3001 : Cell area utilization is 4%
PHY-3001 : Update timing in Manhattan mode ...
RUN-1002 : start command "start_timer -report"
TMR-2505 : Start building timing graph for model keyboard_instance.
TMR-2506 : Build timing graph completely. Port num: 8, tpin num: 2853, tnet num: 780, tinst num: 386, tnode num: 3337, tedge num: 4739.
TMR-2508 : Levelizing timing graph completed, there are 41 levels in total.
TMR-2501 : Timing graph initialized successfully.
TMR-2503 : Start to update net delay, extr mode = 3.
TMR-2504 : Update delay of 780 nets completely.
TMR-2502 : Annotate delay completely, extr mode = 3.
TMR-3001 : Initiate 0 clocks from SDC.
TMR-3004 : Map sdc constraints, there are 0 constraints in total.
TMR-3003 : Constraints initiated successfully.
TMR-3501 : Forward propagation: start to calculate arrival time...
TMR-3502 : Backward propagation: start to calculate required time...
TMR-3503 : Timing propagation completes.
PHY-3001 : End timing update;  0.151871s wall, 0.093750s user + 0.000000s system = 0.093750s CPU (61.7%)

PHY-3001 : :::0::: Try harder cell spreading with beta_ = 3.03678e-05
PHY-3002 : Step(42): len = 17204.2, overlap = 24
PHY-3002 : Step(43): len = 17199.1, overlap = 25.25
PHY-3002 : Step(44): len = 17154.5, overlap = 26.5
PHY-3001 : :::1::: Try harder cell spreading with beta_ = 6.07356e-05
PHY-3002 : Step(45): len = 17233.8, overlap = 26
PHY-3002 : Step(46): len = 17313.5, overlap = 25.75
PHY-3002 : Step(47): len = 17674.9, overlap = 24.5
PHY-3002 : Step(48): len = 17729.4, overlap = 24.5
PHY-3002 : Step(49): len = 17295.1, overlap = 23.25
PHY-3002 : Step(50): len = 17307.2, overlap = 21.5
PHY-3002 : Step(51): len = 17174.5, overlap = 26
PHY-3002 : Step(52): len = 17237.6, overlap = 28.25
PHY-3002 : Step(53): len = 16859.1, overlap = 28.25
PHY-3002 : Step(54): len = 16951.4, overlap = 24
PHY-3002 : Step(55): len = 16987.3, overlap = 21.75
PHY-3001 : :::2::: Try harder cell spreading with beta_ = 0.000121471
PHY-3002 : Step(56): len = 17181.4, overlap = 22
PHY-3002 : Step(57): len = 17231.9, overlap = 22.75
PHY-3002 : Step(58): len = 17276.8, overlap = 25.75
PHY-3001 : :::3::: Try harder cell spreading with beta_ = 0.000242942
PHY-3002 : Step(59): len = 17498.9, overlap = 24
PHY-3002 : Step(60): len = 17579, overlap = 24.25
PHY-3002 : Step(61): len = 17687, overlap = 24
PHY-3001 : Legalization ...
PHY-3001 : End legalization;  0.060745s wall, 0.000000s user + 0.015625s system = 0.015625s CPU (25.7%)

PHY-3001 : Trial Legalized: Len = 25529.3
PHY-3001 : Run with size of 2
PHY-3001 : Cell area utilization is 4%
PHY-3001 : Update timing in Manhattan mode ...
TMR-2503 : Start to update net delay, extr mode = 3.
TMR-2504 : Update delay of 780 nets completely.
TMR-2502 : Annotate delay completely, extr mode = 3.
TMR-3501 : Forward propagation: start to calculate arrival time...
TMR-3502 : Backward propagation: start to calculate required time...
TMR-3503 : Timing propagation completes.
PHY-3001 : End timing update;  0.007148s wall, 0.000000s user + 0.000000s system = 0.000000s CPU (n/a%)

PHY-3001 : :::0::: Try harder cell spreading with beta_ = 0.0057558
PHY-3002 : Step(62): len = 22779.9, overlap = 3.25
PHY-3002 : Step(63): len = 21387.2, overlap = 5.25
PHY-3002 : Step(64): len = 20339.8, overlap = 8.5
PHY-3002 : Step(65): len = 19303.2, overlap = 7.75
PHY-3002 : Step(66): len = 18690, overlap = 6.75
PHY-3002 : Step(67): len = 18620.1, overlap = 7
PHY-3002 : Step(68): len = 18258, overlap = 5.5
PHY-3002 : Step(69): len = 18193.2, overlap = 6
PHY-3002 : Step(70): len = 18164.6, overlap = 5.25
PHY-3001 : Legalization ...
PHY-3001 : End legalization;  0.004637s wall, 0.000000s user + 0.000000s system = 0.000000s CPU (n/a%)

PHY-3001 : Legalized: Len = 21489.5, Over = 0
PHY-3001 : End spreading;  0.002731s wall, 0.000000s user + 0.000000s system = 0.000000s CPU (n/a%)

PHY-3001 : Final: Len = 21489.5, Over = 0
OPT-1001 : Start physical optimization ...
RUN-1002 : start command "start_timer -report"
TMR-2505 : Start building timing graph for model keyboard_instance.
TMR-2506 : Build timing graph completely. Port num: 8, tpin num: 2853, tnet num: 780, tinst num: 386, tnode num: 3337, tedge num: 4739.
TMR-2508 : Levelizing timing graph completed, there are 41 levels in total.
TMR-2501 : Timing graph initialized successfully.
OPT-1001 : Total overflow 0.00 peak overflow 0.00
OPT-1001 : Start high-fanout net optimization ...
OPT-1001 : Update timing in global mode
PHY-1001 : Start incremental global routing, caller is place ...
RUN-1001 : Generating global routing grids ...
PHY-1001 : Generate routing nets ...
PHY-1001 : Reuse net number 2/782.
PHY-1001 : Global iterations in 16 thread ...
PHY-1002 : len = 24400, over cnt = 66(0%), over = 98, worst = 4
PHY-1002 : len = 24896, over cnt = 26(0%), over = 35, worst = 3
PHY-1002 : len = 25312, over cnt = 2(0%), over = 2, worst = 1
PHY-1002 : len = 25344, over cnt = 0(0%), over = 0, worst = 0
PHY-1001 : End global iterations;  0.069301s wall, 0.031250s user + 0.000000s system = 0.031250s CPU (45.1%)

PHY-1001 : Congestion index: top1 = 21.08, top5 = 13.48, top10 = 8.35, top15 = 5.77.
PHY-1001 : End incremental global routing;  0.110268s wall, 0.046875s user + 0.000000s system = 0.046875s CPU (42.5%)

TMR-2503 : Start to update net delay, extr mode = 5.
TMR-2504 : Update delay of 780 nets completely.
TMR-2502 : Annotate delay completely, extr mode = 5.
TMR-3001 : Initiate 0 clocks from SDC.
TMR-3004 : Map sdc constraints, there are 0 constraints in total.
TMR-3003 : Constraints initiated successfully.
TMR-3501 : Forward propagation: start to calculate arrival time...
TMR-3502 : Backward propagation: start to calculate required time...
TMR-3503 : Timing propagation completes.
OPT-1001 : End timing update;  0.013113s wall, 0.000000s user + 0.000000s system = 0.000000s CPU (n/a%)

OPT-1001 : 0 high-fanout net processed.
OPT-1001 : End high-fanout net optimization;  0.131745s wall, 0.046875s user + 0.000000s system = 0.046875s CPU (35.6%)

OPT-1001 : Current memory(MB): used = 154, reserve = 125, peak = 155.
OPT-1001 : Start path based optimization ...
OPT-1001 : Start congestion update ...
RUN-1001 : Generating global routing grids ...
PHY-1001 : Generate routing nets ...
PHY-1001 : Reuse net number 626/782.
PHY-1001 : Global iterations in 16 thread ...
PHY-1002 : len = 25344, over cnt = 0(0%), over = 0, worst = 0
PHY-1001 : End global iterations;  0.002236s wall, 0.000000s user + 0.000000s system = 0.000000s CPU (n/a%)

PHY-1001 : Congestion index: top1 = 21.08, top5 = 13.48, top10 = 8.35, top15 = 5.77.
OPT-1001 : End congestion update;  0.049946s wall, 0.015625s user + 0.000000s system = 0.015625s CPU (31.3%)

OPT-1001 : Update timing in Manhattan mode
TMR-2503 : Start to update net delay, extr mode = 3.
TMR-2504 : Update delay of 780 nets completely.
TMR-2502 : Annotate delay completely, extr mode = 3.
TMR-3501 : Forward propagation: start to calculate arrival time...
TMR-3502 : Backward propagation: start to calculate required time...
TMR-3503 : Timing propagation completes.
OPT-1001 : End timing update;  0.008448s wall, 0.000000s user + 0.000000s system = 0.000000s CPU (n/a%)

OPT-0007 : Start: WNS 2147483647 TNS 0 NUM_FEPS 0
OPT-1001 : End path based optimization;  0.058476s wall, 0.015625s user + 0.000000s system = 0.015625s CPU (26.7%)

OPT-1001 : Current memory(MB): used = 154, reserve = 125, peak = 155.
OPT-1001 : Update timing in Manhattan mode
TMR-2503 : Start to update net delay, extr mode = 3.
TMR-2504 : Update delay of 780 nets completely.
TMR-2502 : Annotate delay completely, extr mode = 3.
TMR-3501 : Forward propagation: start to calculate arrival time...
TMR-3502 : Backward propagation: start to calculate required time...
TMR-3503 : Timing propagation completes.
OPT-1001 : End timing update;  0.007189s wall, 0.000000s user + 0.000000s system = 0.000000s CPU (n/a%)

OPT-1001 : Start pin optimization...
OPT-1001 : skip pin optimization...
OPT-1001 : Update timing in global mode
PHY-1001 : Start incremental global routing, caller is place ...
RUN-1001 : Generating global routing grids ...
PHY-1001 : Generate routing nets ...
PHY-1001 : Reuse net number 626/782.
PHY-1001 : Global iterations in 16 thread ...
PHY-1002 : len = 25344, over cnt = 0(0%), over = 0, worst = 0
PHY-1001 : End global iterations;  0.002406s wall, 0.000000s user + 0.000000s system = 0.000000s CPU (n/a%)

PHY-1001 : Congestion index: top1 = 21.08, top5 = 13.48, top10 = 8.35, top15 = 5.77.
PHY-1001 : End incremental global routing;  0.046182s wall, 0.031250s user + 0.000000s system = 0.031250s CPU (67.7%)

TMR-2503 : Start to update net delay, extr mode = 5.
TMR-2504 : Update delay of 780 nets completely.
TMR-2502 : Annotate delay completely, extr mode = 5.
TMR-3501 : Forward propagation: start to calculate arrival time...
TMR-3502 : Backward propagation: start to calculate required time...
TMR-3503 : Timing propagation completes.
OPT-1001 : End timing update;  0.012857s wall, 0.000000s user + 0.000000s system = 0.000000s CPU (n/a%)

RUN-1001 : Generating global routing grids ...
PHY-1001 : Generate routing nets ...
PHY-1001 : Reuse net number 626/782.
PHY-1001 : Global iterations in 16 thread ...
PHY-1002 : len = 25344, over cnt = 0(0%), over = 0, worst = 0
PHY-1001 : End global iterations;  0.002252s wall, 0.000000s user + 0.000000s system = 0.000000s CPU (n/a%)

PHY-1001 : Congestion index: top1 = 21.08, top5 = 13.48, top10 = 8.35, top15 = 5.77.
OPT-1001 : Update timing in Manhattan mode
TMR-2503 : Start to update net delay, extr mode = 3.
TMR-2504 : Update delay of 780 nets completely.
TMR-2502 : Annotate delay completely, extr mode = 3.
TMR-3501 : Forward propagation: start to calculate arrival time...
TMR-3502 : Backward propagation: start to calculate required time...
TMR-3503 : Timing propagation completes.
OPT-1001 : End timing update;  0.051561s wall, 0.000000s user + 0.000000s system = 0.000000s CPU (n/a%)

RUN-1001 : QoR Analysis:
OPT-0007 :   WNS 2147483647 TNS 0 NUM_FEPS 0
RUN-1001 :   No local congestion issue, and most congested 1% tile average routing util is 20.724138
RUN-1001 :   Top critical paths
OPT-1001 : End physical optimization;  0.502777s wall, 0.171875s user + 0.000000s system = 0.171875s CPU (34.2%)

RUN-1003 : finish command "place" in  2.676799s wall, 0.812500s user + 0.250000s system = 1.062500s CPU (39.7%)

RUN-1004 : used memory is 138 MB, reserved memory is 108 MB, peak memory is 155 MB
RUN-1002 : start command "export_db keyboard_place.db"
RUN-1001 : Exported /
RUN-1001 : Exported flow parameters
RUN-1001 : Exported libs
RUN-1001 : Exported entities
RUN-1001 : Exported ports
RUN-1001 : Exported pins
RUN-1001 : Exported instances
RUN-1001 : Exported nets
RUN-1001 : Exported buses
RUN-1001 : Exported models
RUN-1001 : Exported congestions
RUN-1001 : Exported violations
RUN-1001 : Exported timing constraints
RUN-1001 : Exported IO constraints
RUN-1001 : Exported Inst constraints
RUN-1002 : start command "route"
RUN-1001 : Open license file E:/Anlogic/TD5.6.59063/license/Anlogic.lic
RUN-1001 : Print Global Property
RUN-1001 : ---------------------------------------------------------------
RUN-1001 :        Parameters        |  Settings  |  Default Values  |  Note  
RUN-1001 : ---------------------------------------------------------------
RUN-1001 :          message         |  standard  |     standard     |        
RUN-1001 :   mixed_pack_place_flow  |     on     |        on        |        
RUN-1001 :        qor_monitor       |    off     |       off        |        
RUN-1001 :        syn_ip_flow       |    off     |       off        |        
RUN-1001 :          thread          |    auto    |       auto       |        
RUN-1001 : ---------------------------------------------------------------
RUN-1001 : Print Route Property
RUN-1001 : -------------------------------------------------------
RUN-1001 :    Parameters    |  Settings  |  Default Values  |  Note  
RUN-1001 : -------------------------------------------------------
RUN-1001 :      effort      |   medium   |      medium      |        
RUN-1001 :     fix_hold     |    off     |       off        |        
RUN-1001 :    opt_timing    |   medium   |      medium      |        
RUN-1001 :   phy_sim_model  |    off     |       off        |        
RUN-1001 :     priority     |   timing   |      timing      |        
RUN-1001 :     swap_pin     |     on     |        on        |        
RUN-1001 : -------------------------------------------------------
PHY-1001 : Route runs in 16 thread(s)
RUN-1001 : There are total 388 instances
RUN-1001 : 180 mslices, 180 lslices, 24 pads, 0 brams, 0 dsps
RUN-1001 : There are total 782 nets
RUN-1001 : 418 nets have 2 pins
RUN-1001 : 255 nets have [3 - 5] pins
RUN-1001 : 81 nets have [6 - 10] pins
RUN-1001 : 18 nets have [11 - 20] pins
RUN-1001 : 8 nets have [21 - 99] pins
RUN-1001 : 2 nets have 100+ pins
RUN-1002 : start command "start_timer -report"
TMR-2505 : Start building timing graph for model keyboard_instance.
TMR-2506 : Build timing graph completely. Port num: 8, tpin num: 2853, tnet num: 780, tinst num: 386, tnode num: 3337, tedge num: 4739.
TMR-2508 : Levelizing timing graph completed, there are 41 levels in total.
TMR-2501 : Timing graph initialized successfully.
PHY-1001 : 180 mslices, 180 lslices, 24 pads, 0 brams, 0 dsps
TMR-2503 : Start to update net delay, extr mode = 3.
TMR-2504 : Update delay of 780 nets completely.
TMR-2502 : Annotate delay completely, extr mode = 3.
TMR-3001 : Initiate 0 clocks from SDC.
TMR-3004 : Map sdc constraints, there are 0 constraints in total.
TMR-3003 : Constraints initiated successfully.
TMR-3501 : Forward propagation: start to calculate arrival time...
TMR-3502 : Backward propagation: start to calculate required time...
TMR-3503 : Timing propagation completes.
PHY-1001 : Start global routing, caller is route ...
RUN-1001 : Generating global routing grids ...
PHY-1001 : Generate routing nets ...
PHY-1001 : Global iterations in 16 thread ...
PHY-1002 : len = 24360, over cnt = 64(0%), over = 97, worst = 4
PHY-1002 : len = 24864, over cnt = 25(0%), over = 34, worst = 3
PHY-1002 : len = 25064, over cnt = 13(0%), over = 19, worst = 3
PHY-1002 : len = 25312, over cnt = 0(0%), over = 0, worst = 0
PHY-1001 : End global iterations;  0.077921s wall, 0.015625s user + 0.000000s system = 0.015625s CPU (20.1%)

PHY-1001 : Congestion index: top1 = 21.08, top5 = 13.47, top10 = 8.33, top15 = 5.75.
PHY-1001 : End global routing;  0.120404s wall, 0.031250s user + 0.000000s system = 0.031250s CPU (26.0%)

PHY-1001 : Start detail routing ...
PHY-1001 : Current memory(MB): used = 179, reserve = 151, peak = 189.
PHY-1001 : Detailed router is running in normal mode.
PHY-1001 : Generate detailed routing grids ...
PHY-1001 : Generate nets ...
PHY-1001 : net clk_50M_dup_1 will be routed on clock mesh
PHY-1001 : clock net U1/scan_clk_syn_4 will be merged with clock U1/scan_clk
PHY-1001 : Current memory(MB): used = 443, reserve = 420, peak = 443.
PHY-1001 : End build detailed router design. 3.378817s wall, 1.562500s user + 0.015625s system = 1.578125s CPU (46.7%)

PHY-1001 : Detail Route ...
PHY-1001 : ===== Detail Route Phase 1 =====
PHY-1001 : Clock net routing.....
PHY-1001 : Routed 0% nets.
PHY-1022 : len = 10296, over cnt = 0(0%), over = 0, worst = 0, crit = 0
PHY-1001 : End initial clock net routed; 0.350356s wall, 0.062500s user + 0.000000s system = 0.062500s CPU (17.8%)

PHY-1001 : Current memory(MB): used = 473, reserve = 451, peak = 473.
PHY-1001 : End phase 1; 0.356505s wall, 0.062500s user + 0.000000s system = 0.062500s CPU (17.5%)

PHY-1001 : ===== Detail Route Phase 2 =====
PHY-1001 : Initial routing.....
PHY-1001 : Routed 20% nets.
PHY-1001 : Routed 36% nets.
PHY-1001 : Routed 36% nets.
PHY-1001 : Routed 37% nets.
PHY-1001 : Patch 342 net; 0.249838s wall, 0.062500s user + 0.000000s system = 0.062500s CPU (25.0%)

PHY-1022 : len = 50616, over cnt = 29(0%), over = 29, worst = 1, crit = 0
PHY-1001 : Current memory(MB): used = 473, reserve = 451, peak = 474.
PHY-1001 : End initial routed; 0.454087s wall, 0.109375s user + 0.000000s system = 0.109375s CPU (24.1%)

PHY-1001 : Update timing.....
PHY-1001 : 0/633(0%) critical/total net(s).
RUN-1001 : ------------------------------------------
RUN-1001 :   Type   |    WNS(ns)    |  TNS(ns)  |  FEP  
RUN-1001 : ------------------------------------------
RUN-1001 :   Setup  |  2147483.647  |   0.000   |   0   
RUN-1001 :   Hold   |  2147483.647  |   0.000   |   0   
RUN-1001 : ------------------------------------------
PHY-1001 : End update timing; 0.167826s wall, 0.046875s user + 0.000000s system = 0.046875s CPU (27.9%)

PHY-1001 : Current memory(MB): used = 474, reserve = 451, peak = 474.
PHY-1001 : End phase 2; 0.621984s wall, 0.156250s user + 0.000000s system = 0.156250s CPU (25.1%)

PHY-1001 : ===== Detail Route Phase 3 =====
PHY-1001 : Optimize timing.....
PHY-1022 : len = 50616, over cnt = 29(0%), over = 29, worst = 1, crit = 0
PHY-1001 : End optimize timing; 0.005223s wall, 0.000000s user + 0.000000s system = 0.000000s CPU (n/a%)

PHY-1001 : Ripup-reroute.....
PHY-1001 : ===== DR Iter 1 =====
PHY-1022 : len = 50640, over cnt = 7(0%), over = 7, worst = 1, crit = 0
PHY-1001 : End DR Iter 1; 0.024304s wall, 0.000000s user + 0.000000s system = 0.000000s CPU (n/a%)

PHY-1001 : ===== DR Iter 2 =====
PHY-1022 : len = 50720, over cnt = 0(0%), over = 0, worst = 0, crit = 0
PHY-1001 : End DR Iter 2; 0.019636s wall, 0.000000s user + 0.000000s system = 0.000000s CPU (n/a%)

PHY-1001 : Update timing.....
PHY-1001 : 0/633(0%) critical/total net(s).
RUN-1001 : ------------------------------------------
RUN-1001 :   Type   |    WNS(ns)    |  TNS(ns)  |  FEP  
RUN-1001 : ------------------------------------------
RUN-1001 :   Setup  |  2147483.647  |   0.000   |   0   
RUN-1001 :   Hold   |  2147483.647  |   0.000   |   0   
RUN-1001 : ------------------------------------------
PHY-1001 : End update timing; 0.164600s wall, 0.093750s user + 0.000000s system = 0.093750s CPU (57.0%)

PHY-1001 : Commit to database.....
PHY-1001 : 7 feed throughs used by 6 nets
PHY-1001 : End commit to database; 0.068570s wall, 0.031250s user + 0.000000s system = 0.031250s CPU (45.6%)

PHY-1001 : Current memory(MB): used = 486, reserve = 462, peak = 486.
PHY-1001 : End phase 3; 0.397130s wall, 0.171875s user + 0.000000s system = 0.171875s CPU (43.3%)

PHY-1003 : Routed, final wirelength = 50720
PHY-1001 : Current memory(MB): used = 486, reserve = 462, peak = 486.
PHY-1001 : End export database. 0.005579s wall, 0.000000s user + 0.000000s system = 0.000000s CPU (n/a%)

PHY-1001 : End detail routing;  4.939865s wall, 2.015625s user + 0.015625s system = 2.031250s CPU (41.1%)

RUN-1003 : finish command "route" in  5.264272s wall, 2.093750s user + 0.015625s system = 2.109375s CPU (40.1%)

RUN-1004 : used memory is 426 MB, reserved memory is 401 MB, peak memory is 486 MB
RUN-1002 : start command "report_area -io_info -file keyboard_phy.area"
RUN-1001 : standard
***Report Model: keyboard_instance Device: EG4S20BG256***

IO Statistics
#IO                        24
  #input                    6
  #output                  18
  #inout                    0

Utilization Statistics
#lut                      614   out of  19600    3.13%
#reg                      230   out of  19600    1.17%
#le                       696
  #lut only               466   out of    696   66.95%
  #reg only                82   out of    696   11.78%
  #lut&reg                148   out of    696   21.26%
#dsp                        0   out of     29    0.00%
#bram                       0   out of     64    0.00%
  #bram9k                   0
  #fifo9k                   0
#bram32k                    0   out of     16    0.00%
#pad                       24   out of    188   12.77%
  #ireg                     0
  #oreg                     0
  #treg                     0
#pll                        0   out of      4    0.00%
#gclk                       2   out of     16   12.50%

Clock Resource Statistics
Index     ClockNet         Type               DriverType         Driver                      Fanout
#1        clk_50M_dup_1    GCLK               io                 clk_50M_syn_2.di            126
#2        U1/scan_clk      GCLK               mslice             U1/scan_clk_reg_syn_9.q0    10


Detailed IO Report

        Name           Direction    Location    IOStandard    DriveStrength    PullType    PackReg  
        RSTn             INPUT         A9        LVCMOS33          N/A          PULLUP      NONE    
       clk_50M           INPUT         R7        LVCMOS33          N/A          PULLUP      NONE    
       col[3]            INPUT        F10        LVCMOS33          N/A          PULLUP      NONE    
       col[2]            INPUT        C11        LVCMOS33          N/A          PULLUP      NONE    
       col[1]            INPUT        D11        LVCMOS33          N/A          PULLUP      NONE    
       col[0]            INPUT        E11        LVCMOS33          N/A          PULLUP      NONE    
  DigitronCS_Out[3]     OUTPUT         A3        LVCMOS33           8            NONE       NONE    
  DigitronCS_Out[2]     OUTPUT         A5        LVCMOS33           8            NONE       NONE    
  DigitronCS_Out[1]     OUTPUT         B6        LVCMOS33           8            NONE       NONE    
  DigitronCS_Out[0]     OUTPUT         C9        LVCMOS33           8            NONE       NONE    
   Digitron_Out[7]      OUTPUT         C8        LVCMOS33           8            NONE       NONE    
   Digitron_Out[6]      OUTPUT         A8        LVCMOS33           8            NONE       NONE    
   Digitron_Out[5]      OUTPUT         B5        LVCMOS33           8            NONE       NONE    
   Digitron_Out[4]      OUTPUT         A7        LVCMOS33           8            NONE       NONE    
   Digitron_Out[3]      OUTPUT         E8        LVCMOS33           8            NONE       NONE    
   Digitron_Out[2]      OUTPUT         B8        LVCMOS33           8            NONE       NONE    
   Digitron_Out[1]      OUTPUT         A6        LVCMOS33           8            NONE       NONE    
   Digitron_Out[0]      OUTPUT         A4        LVCMOS33           8            NONE       NONE    
       buzzer           OUTPUT        H11        LVCMOS33           8            NONE       NONE    
        light           OUTPUT        B14        LVCMOS33           8            NONE       NONE    
       row[3]           OUTPUT         D9        LVCMOS33           8            NONE       NONE    
       row[2]           OUTPUT         F9        LVCMOS33           8            NONE       NONE    
       row[1]           OUTPUT        C10        LVCMOS33           8            NONE       NONE    
       row[0]           OUTPUT        E10        LVCMOS33           8            NONE       NONE    

Report Hierarchy Area:
+-------------------------------------------------------------------------------------------+
|Instance |Module                      |le     |lut     |ripple  |seq     |bram    |dsp     |
+-------------------------------------------------------------------------------------------+
|top      |keyboard_instance           |696    |477     |137     |230     |0       |0       |
|  U1     |keyboard_scan               |73     |50      |9       |53      |0       |0       |
|  U2     |key_filter                  |61     |30      |6       |51      |0       |0       |
|  U3     |onehot2binary               |518    |370     |117     |110     |0       |0       |
|  U5     |Digitron_TimeDisplay_module |42     |25      |5       |16      |0       |0       |
+-------------------------------------------------------------------------------------------+


DataNet Average Fanout:

   Index     Fanout    Nets  
    #1         1       394   
    #2         2       166   
    #3         3        50   
    #4         4        39   
    #5        5-10      87   
    #6       11-50      18   
  Average     2.54           

RUN-1002 : start command "export_db keyboard_pr.db"
RUN-1001 : Exported /
RUN-1001 : Exported flow parameters
RUN-1001 : Exported libs
RUN-1001 : Exported entities
RUN-1001 : Exported ports
RUN-1001 : Exported pins
RUN-1001 : Exported instances
RUN-1001 : Exported nets
RUN-1001 : Exported buses
RUN-1001 : Exported models
RUN-1001 : Exported congestions
RUN-1001 : Exported violations
RUN-1001 : Exported timing constraints
RUN-1001 : Exported IO constraints
RUN-1001 : Exported Inst constraints
RUN-1002 : start command "export_bid keyboard_inst.bid"
RUN-1002 : start command "bitgen -bit keyboard.bit -unused_io_status pulldown"
BIT-1003 : Start to generate bitstream. 
BIT-1002 : Bitgen processed 164 unused pads, reserve input tri_state with pulldown
BIT-1002 : Init instances with 16 threads.
BIT-1002 : Init instances completely, inst num: 550
BIT-1002 : Init pips with 16 threads.
BIT-1002 : Init pips completely, net num: 782, pip num: 5603
BIT-1002 : Init feedthrough completely, num: 7
BIT-1003 : Multithreading accelaration with 16 threads.
BIT-1003 : Generate bitstream completely, there are 754 valid insts, and 18449 bits set as '1'.
BIT-1004 : PLL setting string = 0000
BIT-1004 : Generate bits file keyboard.bit.
RUN-1003 : finish command "bitgen -bit keyboard.bit -unused_io_status pulldown" in  1.379898s wall, 7.875000s user + 0.015625s system = 7.890625s CPU (571.8%)

RUN-1004 : used memory is 436 MB, reserved memory is 416 MB, peak memory is 627 MB
RUN-1002 : start command "backup_run_log run.log ../.logs/phy_1/td_20240828_154500.log"
