============================================================
   Tang Dynasty, V5.6.59063
   Copyright (c) 2012-2022 Anlogic
   Executable = E:/Anlogic/TD5.6.59063/bin/td.exe
   Built at =   12:45:13 Sep  6 2022
   Run by =     19234
   Run Date =   Tue Aug 27 22:51:12 2024

   Run on =     ERIKPSW
============================================================
RUN-1002 : start command "open_project keyboard.prj"
RUN-1001 : Print Global Property
RUN-1001 : ---------------------------------------------------------------
RUN-1001 :        Parameters        |  Settings  |  Default Values  |  Note  
RUN-1001 : ---------------------------------------------------------------
RUN-1001 :          message         |  standard  |     standard     |        
RUN-1001 :   mixed_pack_place_flow  |     on     |        on        |        
RUN-1001 :        qor_monitor       |    off     |       off        |        
RUN-1001 :        syn_ip_flow       |    off     |       off        |        
RUN-1001 :          thread          |    auto    |       auto       |        
RUN-1001 : ---------------------------------------------------------------
RUN-1001 : Print Design Property
RUN-1001 : --------------------------------------------------------------
RUN-1001 :        Parameters       |  Settings  |  Default Values  |  Note  
RUN-1001 : --------------------------------------------------------------
RUN-1001 :   default_reg_initial   |    auto    |       auto       |        
RUN-1001 :        infer_add        |     on     |        on        |        
RUN-1001 :        infer_fsm        |    off     |       off        |        
RUN-1001 :        infer_mult       |     on     |        on        |        
RUN-1001 :        infer_ram        |     on     |        on        |        
RUN-1001 :        infer_reg        |     on     |        on        |        
RUN-1001 :   infer_reg_init_value  |     on     |        on        |        
RUN-1001 :        infer_rom        |     on     |        on        |        
RUN-1001 :      infer_shifter      |     on     |        on        |        
RUN-1001 : --------------------------------------------------------------
RUN-1001 : Print Rtl Property
RUN-1001 : --------------------------------------------------------------
RUN-1001 :        Parameters       |  Settings  |  Default Values  |  Note  
RUN-1001 : --------------------------------------------------------------
RUN-1001 :       compress_add      |   ripple   |      ripple      |        
RUN-1001 :        elf_sload        |    off     |       off        |        
RUN-1001 :       fix_undriven      |     0      |        0         |        
RUN-1001 :         flatten         |    off     |       off        |        
RUN-1001 :       gate_sharing      |     on     |        on        |        
RUN-1001 :    hdl_warning_level    |   normal   |      normal      |        
RUN-1001 :   impl_internal_tribuf  |     on     |        on        |        
RUN-1001 :      impl_set_reset     |     on     |        on        |        
RUN-1001 :        infer_gsr        |    off     |       off        |        
RUN-1001 :      keep_hierarchy     |    auto    |       auto       |        
RUN-1001 :        max_fanout       |    9999    |       9999       |        
RUN-1001 :      max_oh2bin_len     |     10     |        10        |        
RUN-1001 :       merge_equal       |     on     |        on        |        
RUN-1001 :       merge_equiv       |     on     |        on        |        
RUN-1001 :        merge_mux        |    off     |       off        |        
RUN-1001 :     min_control_set     |     8      |        8         |        
RUN-1001 :      min_ripple_len     |    auto    |       auto       |        
RUN-1001 :       oh2bin_ratio      |    0.08    |       0.08       |        
RUN-1001 :     opt_adder_fanout    |     on     |        on        |        
RUN-1001 :        opt_arith        |     on     |        on        |        
RUN-1001 :       opt_big_gate      |    off     |       off        |        
RUN-1001 :        opt_const        |     on     |        on        |        
RUN-1001 :      opt_const_mult     |     on     |        on        |        
RUN-1001 :       opt_lessthan      |     on     |        on        |        
RUN-1001 :         opt_mux         |    off     |       off        |        
RUN-1001 :         opt_ram         |    high    |       high       |        
RUN-1001 :      rtl_sim_model      |    off     |       off        |        
RUN-1001 :         seq_syn         |     on     |        on        |        
RUN-1001 : --------------------------------------------------------------
HDL-1007 : analyze verilog file ../../../src/Digitron_TimeDisplay_module.v
HDL-1007 : analyze verilog file ../../../src/key_filter.v
HDL-1007 : analyze verilog file ../../../src/keyboard_instance.v
HDL-1007 : analyze verilog file ../../../src/keyboard_scan.v
HDL-1007 : analyze verilog file ../../../src/onehot2binary.v
RUN-1001 : Project manager successfully analyzed 5 source files.
RUN-1002 : start command "import_device eagle_s20.db -package EG4S20BG256"
ARC-1001 : Device Initialization.
ARC-1001 : ------------------------------------------------------------------
ARC-1001 :            OPTION            |          IO          |   SETTING   
ARC-1001 : ------------------------------------------------------------------
ARC-1001 :   cso_b/cclk/mosi/miso/dout  |  T3/R11/T10/P10/S11  |    gpio    
ARC-1001 :             done             |         P13          |    gpio    
ARC-1001 :           program_b          |          T2          |  dedicate  
ARC-1001 :        tdi/tms/tck/tdo       |   C12/A15/C14/E14    |  dedicate  
ARC-1001 : ------------------------------------------------------------------
ARC-1004 : Device setting, marked 5 dedicate IOs in total.
RUN-1002 : start command "import_db ../syn_1/keyboard_gate.db"
RUN-1001 : Importing database generated by Tang Dynasty, V5.6.59063.
RUN-1001 : Database version number 46140.
RUN-1001 : Import flow parameters
RUN-1001 : Import timing constraints
RUN-1001 : Import IO constraints
RUN-1001 : Import Inst constraints
RUN-1001 : Import design success TD_VERSION=5.6.59063 , DB_VERSION=46140
RUN-1002 : start command "read_sdc"
USR-1002 : read_sdc file_name -help -h -eco
USR-1009 : NO module with IP_SDC ...
RUN-1104 : Import SDC file  finished, there are 0 nets kept by constraints.
RUN-1002 : start command "place"
RUN-1001 : Open license file E:/Anlogic/TD5.6.59063/license/Anlogic.lic
RUN-1001 : Print Global Property
RUN-1001 : ---------------------------------------------------------------
RUN-1001 :        Parameters        |  Settings  |  Default Values  |  Note  
RUN-1001 : ---------------------------------------------------------------
RUN-1001 :          message         |  standard  |     standard     |        
RUN-1001 :   mixed_pack_place_flow  |     on     |        on        |        
RUN-1001 :        qor_monitor       |    off     |       off        |        
RUN-1001 :        syn_ip_flow       |    off     |       off        |        
RUN-1001 :          thread          |    auto    |       auto       |        
RUN-1001 : ---------------------------------------------------------------
RUN-1001 : Print Place Property
RUN-1001 : --------------------------------------------------------------
RUN-1001 :        Parameters       |  Settings  |  Default Values  |  Note  
RUN-1001 : --------------------------------------------------------------
RUN-1001 :      detailed_place     |     on     |        on        |        
RUN-1001 :          effort         |   medium   |      medium      |        
RUN-1001 :         fix_hold        |    off     |       off        |        
RUN-1001 :       legalization      |    ori     |       ori        |        
RUN-1001 :      new_spreading      |     on     |        on        |        
RUN-1001 :        opt_timing       |   medium   |      medium      |        
RUN-1001 :   post_clock_route_opt  |    off     |       off        |        
RUN-1001 :       pr_strategy       |     1      |        1         |        
RUN-1001 :        relaxation       |    1.00    |       1.00       |        
RUN-1001 :         retiming        |    off     |       off        |        
RUN-1001 : --------------------------------------------------------------
PHY-3001 : Placer runs in 16 thread(s).
RUN-1002 : start command "legalize_phy_inst"
SYN-1011 : Flatten model keyboard_instance
RUN-1002 : start command "phys_opt -simplify_lut"
SYN-4024 : Net "clk_50M_dup_1" drives clk pins.
SYN-4024 : Net "U1/scan_clk" drives clk pins.
SYN-4025 : Tag rtl::Net U1/scan_clk as clock net
SYN-4025 : Tag rtl::Net clk_50M_dup_1 as clock net
SYN-4026 : Tagged 2 rtl::Net as clock net
SYN-4015 : Create BUFG instance for clk Net U1/scan_clk to drive 20 clock pins.
PHY-1001 : Populate physical database on model keyboard_instance.
RUN-1001 : There are total 411 instances
RUN-0007 : 182 luts, 151 seqs, 33 mslices, 17 lslices, 24 pads, 0 brams, 0 dsps
RUN-1001 : There are total 509 nets
RUN-1001 : 290 nets have 2 pins
RUN-1001 : 173 nets have [3 - 5] pins
RUN-1001 : 36 nets have [6 - 10] pins
RUN-1001 : 3 nets have [11 - 20] pins
RUN-1001 : 5 nets have [21 - 99] pins
RUN-1001 : 2 nets have 100+ pins
RUN-1001 : Report Control nets information:
RUN-1001 : DFF Distribution
RUN-1001 : ----------------------------------
RUN-1001 :   CE   |  SSR  |  ASR  |  DFF Count  
RUN-1001 : ----------------------------------
RUN-1001 :   No   |  No   |  No   |     82      
RUN-1001 :   No   |  No   |  Yes  |      8      
RUN-1001 :   No   |  Yes  |  No   |      0      
RUN-1001 :   Yes  |  No   |  No   |      0      
RUN-1001 :   Yes  |  No   |  Yes  |     32      
RUN-1001 :   Yes  |  Yes  |  No   |     29      
RUN-1001 : ----------------------------------
RUN-0007 : Control Group Statistic
RUN-0007 : ---------------------------
RUN-0007 :   #CLK  |  #CE  |  #SSR/ASR  
RUN-0007 : ---------------------------
RUN-0007 :    2    |   3   |     3      
RUN-0007 : ---------------------------
RUN-0007 : Control Set = 5
PHY-3001 : Initial placement ...
PHY-3001 : design contains 409 instances, 182 luts, 151 seqs, 50 slices, 5 macros(50 instances: 33 mslices 17 lslices)
PHY-0007 : Cell area utilization is 1%
PHY-3001 : Start timing update ...
RUN-1002 : start command "start_timer -report"
TMR-2505 : Start building timing graph for model keyboard_instance.
TMR-2506 : Build timing graph completely. Port num: 8, tpin num: 1800, tnet num: 507, tinst num: 409, tnode num: 2285, tedge num: 2875.
TMR-2508 : Levelizing timing graph completed, there are 29 levels in total.
TMR-2501 : Timing graph initialized successfully.
TMR-2503 : Start to update net delay, extr mode = 2.
TMR-2504 : Update delay of 507 nets completely.
TMR-2502 : Annotate delay completely, extr mode = 2.
TMR-3001 : Initiate 0 clocks from SDC.
TMR-3004 : Map sdc constraints, there are 0 constraints in total.
TMR-3003 : Constraints initiated successfully.
TMR-3501 : Forward propagation: start to calculate arrival time...
TMR-3502 : Backward propagation: start to calculate required time...
TMR-3503 : Timing propagation completes.
PHY-3001 : End timing update;  0.131033s wall, 0.046875s user + 0.000000s system = 0.046875s CPU (35.8%)

PHY-3001 : Global placement ...
PHY-3001 : Initial: Len = 113753
PHY-3001 : Clustering ...
PHY-3001 : Level 0 #clusters 409.
PHY-3001 : End clustering;  0.000017s wall, 0.000000s user + 0.000000s system = 0.000000s CPU (n/a%)

PHY-3001 : Run with size of 4
PHY-3001 : Cell area utilization is 1%
PHY-3001 : :::0::: Try harder cell spreading with beta_ = 0
PHY-3002 : Step(1): len = 74069.7, overlap = 0
PHY-3002 : Step(2): len = 46193.8, overlap = 0
PHY-3002 : Step(3): len = 33029.7, overlap = 0
PHY-3002 : Step(4): len = 25779.6, overlap = 0
PHY-3002 : Step(5): len = 21520.9, overlap = 0
PHY-3002 : Step(6): len = 18282.4, overlap = 0
PHY-3002 : Step(7): len = 18092.7, overlap = 0
PHY-3002 : Step(8): len = 17134.2, overlap = 0
PHY-3002 : Step(9): len = 16028.3, overlap = 0
PHY-3002 : Step(10): len = 16449.5, overlap = 0
PHY-3002 : Step(11): len = 15884.1, overlap = 0
PHY-3002 : Step(12): len = 14890.9, overlap = 0
PHY-3002 : Step(13): len = 15018, overlap = 0
PHY-3002 : Step(14): len = 14515.8, overlap = 0
PHY-3002 : Step(15): len = 14135.7, overlap = 0
PHY-3002 : Step(16): len = 13753.6, overlap = 0
PHY-3002 : Step(17): len = 13181.9, overlap = 0
PHY-3002 : Step(18): len = 12239, overlap = 0
PHY-3002 : Step(19): len = 12264.1, overlap = 0
PHY-3002 : Step(20): len = 11743.1, overlap = 0
PHY-3002 : Step(21): len = 11925.5, overlap = 0
PHY-3002 : Step(22): len = 11599.5, overlap = 0
PHY-3002 : Step(23): len = 11268.1, overlap = 0
PHY-3002 : Step(24): len = 10423.8, overlap = 0
PHY-3002 : Step(25): len = 10323.2, overlap = 0
PHY-3002 : Step(26): len = 10311.8, overlap = 0
PHY-3002 : Step(27): len = 10340.8, overlap = 0
PHY-3002 : Step(28): len = 9891.7, overlap = 0
PHY-3002 : Step(29): len = 10084, overlap = 0
PHY-3002 : Step(30): len = 9491.6, overlap = 0
PHY-3002 : Step(31): len = 9644.5, overlap = 0
PHY-3002 : Step(32): len = 9619.7, overlap = 0
PHY-3001 : Legalization ...
PHY-3001 : End legalization;  0.006156s wall, 0.000000s user + 0.000000s system = 0.000000s CPU (n/a%)

PHY-3001 : Run with size of 4
PHY-3001 : Cell area utilization is 1%
PHY-3001 : Update timing in Manhattan mode ...
TMR-2503 : Start to update net delay, extr mode = 3.
TMR-2504 : Update delay of 507 nets completely.
TMR-2502 : Annotate delay completely, extr mode = 3.
TMR-3501 : Forward propagation: start to calculate arrival time...
TMR-3502 : Backward propagation: start to calculate required time...
TMR-3503 : Timing propagation completes.
PHY-3001 : End timing update;  0.005080s wall, 0.000000s user + 0.000000s system = 0.000000s CPU (n/a%)

PHY-3001 : :::0::: Try harder cell spreading with beta_ = 0
PHY-3002 : Step(33): len = 8924.3, overlap = 0
PHY-3002 : Step(34): len = 9038.1, overlap = 0
PHY-3002 : Step(35): len = 9111.7, overlap = 0
PHY-3002 : Step(36): len = 9101.9, overlap = 0
PHY-3002 : Step(37): len = 9178.3, overlap = 0
PHY-3002 : Step(38): len = 9280.2, overlap = 0
PHY-3002 : Step(39): len = 9323.3, overlap = 0
PHY-3002 : Step(40): len = 9057.9, overlap = 0
PHY-3002 : Step(41): len = 8900.4, overlap = 0
PHY-3002 : Step(42): len = 9008.7, overlap = 0
PHY-3002 : Step(43): len = 8825.5, overlap = 0
PHY-3002 : Step(44): len = 8968.9, overlap = 0
PHY-3002 : Step(45): len = 9434.6, overlap = 2.6875
PHY-3002 : Step(46): len = 8894, overlap = 3.40625
PHY-3002 : Step(47): len = 8887.6, overlap = 0.6875
PHY-3002 : Step(48): len = 8355.5, overlap = 2.75
PHY-3002 : Step(49): len = 8622.2, overlap = 3.09375
PHY-3002 : Step(50): len = 8254.4, overlap = 1
PHY-3002 : Step(51): len = 7879.6, overlap = 2.46875
PHY-3002 : Step(52): len = 7778.8, overlap = 1.28125
PHY-3002 : Step(53): len = 7714.8, overlap = 1.96875
PHY-3002 : Step(54): len = 7058.2, overlap = 2.5625
PHY-3002 : Step(55): len = 6337.6, overlap = 0.78125
PHY-3002 : Step(56): len = 6334.1, overlap = 0
PHY-3002 : Step(57): len = 6046.9, overlap = 0
PHY-3002 : Step(58): len = 5976.4, overlap = 0
PHY-3002 : Step(59): len = 5776.4, overlap = 0
PHY-3002 : Step(60): len = 5611.1, overlap = 0
PHY-3002 : Step(61): len = 5517.7, overlap = 0
PHY-3002 : Step(62): len = 5262.1, overlap = 0
PHY-3002 : Step(63): len = 5231.9, overlap = 0
PHY-3002 : Step(64): len = 5284.6, overlap = 0
PHY-3002 : Step(65): len = 5352, overlap = 0
PHY-3002 : Step(66): len = 5207.5, overlap = 0
PHY-3002 : Step(67): len = 5267.6, overlap = 0
PHY-3002 : Step(68): len = 5138.9, overlap = 0
PHY-3002 : Step(69): len = 5277.4, overlap = 0
PHY-3002 : Step(70): len = 5083.4, overlap = 0
PHY-3002 : Step(71): len = 4380.7, overlap = 0
PHY-3002 : Step(72): len = 4133.4, overlap = 0
PHY-3002 : Step(73): len = 4031.9, overlap = 0
PHY-3002 : Step(74): len = 3996.8, overlap = 0
PHY-3001 : Run with size of 2
PHY-3001 : Cell area utilization is 1%
PHY-3001 : Update timing in Manhattan mode ...
TMR-2503 : Start to update net delay, extr mode = 3.
TMR-2504 : Update delay of 507 nets completely.
TMR-2502 : Annotate delay completely, extr mode = 3.
TMR-3501 : Forward propagation: start to calculate arrival time...
TMR-3502 : Backward propagation: start to calculate required time...
TMR-3503 : Timing propagation completes.
PHY-3001 : End timing update;  0.005149s wall, 0.000000s user + 0.000000s system = 0.000000s CPU (n/a%)

PHY-3001 : :::0::: Try harder cell spreading with beta_ = 2.40697e-05
PHY-3002 : Step(75): len = 4053.4, overlap = 7.65625
PHY-3002 : Step(76): len = 4053.4, overlap = 7.65625
PHY-3002 : Step(77): len = 3868.8, overlap = 7.3125
PHY-3001 : :::1::: Try harder cell spreading with beta_ = 4.38299e-05
PHY-3002 : Step(78): len = 4101.3, overlap = 6.96875
PHY-3002 : Step(79): len = 4222.5, overlap = 6.96875
PHY-3002 : Step(80): len = 4454.7, overlap = 3.875
PHY-3001 : :::2::: Try harder cell spreading with beta_ = 8.76599e-05
PHY-3002 : Step(81): len = 4101.2, overlap = 4.96875
PHY-3002 : Step(82): len = 4137.3, overlap = 4.03125
PHY-3002 : Step(83): len = 4137.3, overlap = 4.03125
OPT-1001 : Start physical optimization ...
RUN-1002 : start command "start_timer -report"
TMR-2505 : Start building timing graph for model keyboard_instance.
TMR-2506 : Build timing graph completely. Port num: 8, tpin num: 1800, tnet num: 507, tinst num: 409, tnode num: 2285, tedge num: 2875.
TMR-2508 : Levelizing timing graph completed, there are 29 levels in total.
TMR-2501 : Timing graph initialized successfully.
OPT-1001 : Total overflow 14.31 peak overflow 2.47
OPT-1001 : Start high-fanout net optimization ...
OPT-1001 : Update timing in global mode
PHY-1001 : Start incremental global routing, caller is place ...
RUN-1001 : Generating global routing grids ...
RUN-1001 : Building simple global routing graph ...
PHY-1001 : Generate routing nets ...
PHY-1001 : Reuse net number 0/509.
PHY-1001 : Global iterations in 16 thread ...
PHY-1002 : len = 4648, over cnt = 24(0%), over = 144, worst = 13
PHY-1001 : End global iterations;  0.017748s wall, 0.000000s user + 0.015625s system = 0.015625s CPU (88.0%)

PHY-1001 : Congestion index: top1 = 16.08, top5 = 4.14, top10 = 2.06, top15 = 1.38.
PHY-1001 : End incremental global routing;  0.065050s wall, 0.015625s user + 0.015625s system = 0.031250s CPU (48.0%)

TMR-2503 : Start to update net delay, extr mode = 5.
TMR-2504 : Update delay of 507 nets completely.
TMR-2502 : Annotate delay completely, extr mode = 5.
TMR-3001 : Initiate 0 clocks from SDC.
TMR-3004 : Map sdc constraints, there are 0 constraints in total.
TMR-3003 : Constraints initiated successfully.
TMR-3501 : Forward propagation: start to calculate arrival time...
TMR-3502 : Backward propagation: start to calculate required time...
TMR-3503 : Timing propagation completes.
OPT-1001 : End timing update;  0.007147s wall, 0.000000s user + 0.000000s system = 0.000000s CPU (n/a%)

OPT-1001 : 0 high-fanout net processed.
OPT-1001 : End high-fanout net optimization;  0.076554s wall, 0.015625s user + 0.015625s system = 0.031250s CPU (40.8%)

OPT-1001 : Current memory(MB): used = 142, reserve = 114, peak = 142.
OPT-1001 : Start global optimization ...
OPT-1001 : Start congestion update ...
RUN-1001 : Generating global routing grids ...
PHY-1001 : Generate routing nets ...
PHY-1001 : Reuse net number 285/509.
PHY-1001 : Global iterations in 16 thread ...
PHY-1002 : len = 4648, over cnt = 24(0%), over = 144, worst = 13
PHY-1002 : len = 6456, over cnt = 21(0%), over = 30, worst = 4
PHY-1002 : len = 6704, over cnt = 4(0%), over = 5, worst = 2
PHY-1002 : len = 6800, over cnt = 1(0%), over = 1, worst = 1
PHY-1001 : End global iterations;  0.029704s wall, 0.000000s user + 0.015625s system = 0.015625s CPU (52.6%)

PHY-1001 : Congestion index: top1 = 18.56, top5 = 5.36, top10 = 2.67, top15 = 1.78.
OPT-1001 : End congestion update;  0.066026s wall, 0.015625s user + 0.015625s system = 0.031250s CPU (47.3%)

OPT-1001 : Update timing in Manhattan mode
TMR-2503 : Start to update net delay, extr mode = 3.
TMR-2504 : Update delay of 507 nets completely.
TMR-2502 : Annotate delay completely, extr mode = 3.
TMR-3501 : Forward propagation: start to calculate arrival time...
TMR-3502 : Backward propagation: start to calculate required time...
TMR-3503 : Timing propagation completes.
OPT-1001 : End timing update;  0.006474s wall, 0.000000s user + 0.000000s system = 0.000000s CPU (n/a%)

OPT-0007 : Start: WNS 2147483647 TNS 0 NUM_FEPS 0
OPT-1001 : End global optimization;  0.072596s wall, 0.015625s user + 0.015625s system = 0.031250s CPU (43.0%)

OPT-1001 : Current memory(MB): used = 143, reserve = 115, peak = 143.
OPT-1001 : End physical optimization;  0.279815s wall, 0.078125s user + 0.046875s system = 0.125000s CPU (44.7%)

PHY-3001 : Start packing ...
SYN-4007 : Packing 0 MUX to BLE ...
SYN-4008 : Packed 0 MUX and 0 SEQ to BLE.
SYN-4007 : Packing 182 LUT to BLE ...
SYN-4008 : Packed 182 LUT and 60 SEQ to BLE.
SYN-4003 : Packing 91 remaining SEQ's ...
SYN-4005 : Packed 52 SEQ with LUT/SLICE
SYN-4006 : 76 single LUT's are left
SYN-4006 : 39 single SEQ's are left
SYN-4011 : Packing model "keyboard_instance" (AL_USER_NORMAL) with 221/299 primitive instances ...
PHY-3001 : End packing;  0.012119s wall, 0.015625s user + 0.000000s system = 0.015625s CPU (128.9%)

PHY-1001 : Populate physical database on model keyboard_instance.
RUN-1001 : There are total 195 instances
RUN-1001 : 83 mslices, 84 lslices, 24 pads, 0 brams, 0 dsps
RUN-1001 : There are total 449 nets
RUN-1001 : 226 nets have 2 pins
RUN-1001 : 173 nets have [3 - 5] pins
RUN-1001 : 40 nets have [6 - 10] pins
RUN-1001 : 6 nets have [11 - 20] pins
RUN-1001 : 3 nets have [21 - 99] pins
RUN-1001 : 1 nets have 100+ pins
PHY-3001 : design contains 193 instances, 167 slices, 5 macros(50 instances: 33 mslices 17 lslices)
PHY-3001 : Cell area utilization is 2%
PHY-3001 : After packing: Len = 4606.2, Over = 7.75
PHY-3001 : Run with size of 2
PHY-3001 : Cell area utilization is 2%
PHY-3001 : Update timing in Manhattan mode ...
RUN-1002 : start command "start_timer -report"
TMR-2505 : Start building timing graph for model keyboard_instance.
TMR-2506 : Build timing graph completely. Port num: 8, tpin num: 1576, tnet num: 447, tinst num: 193, tnode num: 1941, tedge num: 2610.
TMR-2508 : Levelizing timing graph completed, there are 27 levels in total.
TMR-2501 : Timing graph initialized successfully.
TMR-2503 : Start to update net delay, extr mode = 3.
TMR-2504 : Update delay of 447 nets completely.
TMR-2502 : Annotate delay completely, extr mode = 3.
TMR-3001 : Initiate 0 clocks from SDC.
TMR-3004 : Map sdc constraints, there are 0 constraints in total.
TMR-3003 : Constraints initiated successfully.
TMR-3501 : Forward propagation: start to calculate arrival time...
TMR-3502 : Backward propagation: start to calculate required time...
TMR-3503 : Timing propagation completes.
PHY-3001 : End timing update;  0.136738s wall, 0.078125s user + 0.000000s system = 0.078125s CPU (57.1%)

PHY-3001 : :::0::: Try harder cell spreading with beta_ = 1.71676e-05
PHY-3002 : Step(84): len = 4432.3, overlap = 9.25
PHY-3002 : Step(85): len = 4475.2, overlap = 9.5
PHY-3002 : Step(86): len = 4512.9, overlap = 9.25
PHY-3001 : :::1::: Try harder cell spreading with beta_ = 3.43351e-05
PHY-3002 : Step(87): len = 4525.4, overlap = 10.5
PHY-3002 : Step(88): len = 4557.1, overlap = 10.5
PHY-3002 : Step(89): len = 4643.8, overlap = 10.75
PHY-3001 : :::2::: Try harder cell spreading with beta_ = 6.86702e-05
PHY-3002 : Step(90): len = 4630.4, overlap = 10.75
PHY-3002 : Step(91): len = 4630.4, overlap = 10.75
PHY-3001 : Legalization ...
PHY-3001 : End legalization;  0.043373s wall, 0.000000s user + 0.000000s system = 0.000000s CPU (n/a%)

PHY-3001 : Trial Legalized: Len = 8129.3
PHY-3001 : Run with size of 2
PHY-3001 : Cell area utilization is 2%
PHY-3001 : Update timing in Manhattan mode ...
TMR-2503 : Start to update net delay, extr mode = 3.
TMR-2504 : Update delay of 447 nets completely.
TMR-2502 : Annotate delay completely, extr mode = 3.
TMR-3501 : Forward propagation: start to calculate arrival time...
TMR-3502 : Backward propagation: start to calculate required time...
TMR-3503 : Timing propagation completes.
PHY-3001 : End timing update;  0.004575s wall, 0.000000s user + 0.000000s system = 0.000000s CPU (n/a%)

PHY-3001 : :::0::: Try harder cell spreading with beta_ = 0.00135105
PHY-3002 : Step(92): len = 6095.2, overlap = 3.25
PHY-3002 : Step(93): len = 6050.6, overlap = 3
PHY-3002 : Step(94): len = 5331, overlap = 4.25
PHY-3002 : Step(95): len = 5111.3, overlap = 4
PHY-3002 : Step(96): len = 5034.7, overlap = 4.5
PHY-3001 : :::1::: Try harder cell spreading with beta_ = 0.00270209
PHY-3002 : Step(97): len = 5016, overlap = 4.75
PHY-3002 : Step(98): len = 4963.4, overlap = 5.25
PHY-3001 : :::2::: Try harder cell spreading with beta_ = 0.00540419
PHY-3002 : Step(99): len = 4878.6, overlap = 5
PHY-3002 : Step(100): len = 4878.6, overlap = 5
PHY-3001 : Legalization ...
PHY-3001 : End legalization;  0.004889s wall, 0.000000s user + 0.000000s system = 0.000000s CPU (n/a%)

PHY-3001 : Legalized: Len = 7353.2, Over = 0
PHY-3001 : Spreading special nets. 5 overflows in 2952 tiles.
PHY-3001 : End spreading;  0.002860s wall, 0.000000s user + 0.000000s system = 0.000000s CPU (n/a%)

PHY-3001 : 8 instances has been re-located, deltaX = 8, deltaY = 0, maxDist = 2.
PHY-3001 : Final: Len = 7427.2, Over = 0
OPT-1001 : Start physical optimization ...
RUN-1002 : start command "start_timer -report"
TMR-2505 : Start building timing graph for model keyboard_instance.
TMR-2506 : Build timing graph completely. Port num: 8, tpin num: 1576, tnet num: 447, tinst num: 193, tnode num: 1941, tedge num: 2610.
TMR-2508 : Levelizing timing graph completed, there are 27 levels in total.
TMR-2501 : Timing graph initialized successfully.
OPT-1001 : Total overflow 0.00 peak overflow 0.00
OPT-1001 : Start high-fanout net optimization ...
OPT-1001 : Update timing in global mode
PHY-1001 : Start incremental global routing, caller is place ...
RUN-1001 : Generating global routing grids ...
PHY-1001 : Generate routing nets ...
PHY-1001 : Reuse net number 33/449.
PHY-1001 : Global iterations in 16 thread ...
PHY-1002 : len = 8144, over cnt = 39(0%), over = 64, worst = 5
PHY-1002 : len = 8360, over cnt = 25(0%), over = 31, worst = 3
PHY-1002 : len = 8816, over cnt = 0(0%), over = 0, worst = 0
PHY-1001 : End global iterations;  0.037625s wall, 0.015625s user + 0.000000s system = 0.015625s CPU (41.5%)

PHY-1001 : Congestion index: top1 = 20.19, top5 = 7.20, top10 = 3.59, top15 = 2.39.
PHY-1001 : End incremental global routing;  0.075984s wall, 0.015625s user + 0.015625s system = 0.031250s CPU (41.1%)

TMR-2503 : Start to update net delay, extr mode = 5.
TMR-2504 : Update delay of 447 nets completely.
TMR-2502 : Annotate delay completely, extr mode = 5.
TMR-3001 : Initiate 0 clocks from SDC.
TMR-3004 : Map sdc constraints, there are 0 constraints in total.
TMR-3003 : Constraints initiated successfully.
TMR-3501 : Forward propagation: start to calculate arrival time...
TMR-3502 : Backward propagation: start to calculate required time...
TMR-3503 : Timing propagation completes.
OPT-1001 : End timing update;  0.006508s wall, 0.000000s user + 0.000000s system = 0.000000s CPU (n/a%)

OPT-1001 : 0 high-fanout net processed.
OPT-1001 : End high-fanout net optimization;  0.086896s wall, 0.015625s user + 0.015625s system = 0.031250s CPU (36.0%)

OPT-1001 : Current memory(MB): used = 144, reserve = 116, peak = 145.
OPT-1001 : Start path based optimization ...
OPT-1001 : Start congestion update ...
RUN-1001 : Generating global routing grids ...
PHY-1001 : Generate routing nets ...
PHY-1001 : Reuse net number 348/449.
PHY-1001 : Global iterations in 16 thread ...
PHY-1002 : len = 8816, over cnt = 0(0%), over = 0, worst = 0
PHY-1001 : End global iterations;  0.002166s wall, 0.000000s user + 0.000000s system = 0.000000s CPU (n/a%)

PHY-1001 : Congestion index: top1 = 20.19, top5 = 7.20, top10 = 3.59, top15 = 2.39.
OPT-1001 : End congestion update;  0.040098s wall, 0.000000s user + 0.000000s system = 0.000000s CPU (n/a%)

OPT-1001 : Update timing in Manhattan mode
TMR-2503 : Start to update net delay, extr mode = 3.
TMR-2504 : Update delay of 447 nets completely.
TMR-2502 : Annotate delay completely, extr mode = 3.
TMR-3501 : Forward propagation: start to calculate arrival time...
TMR-3502 : Backward propagation: start to calculate required time...
TMR-3503 : Timing propagation completes.
OPT-1001 : End timing update;  0.004772s wall, 0.015625s user + 0.000000s system = 0.015625s CPU (327.5%)

OPT-0007 : Start: WNS 2147483647 TNS 0 NUM_FEPS 0
OPT-1001 : End path based optimization;  0.044951s wall, 0.015625s user + 0.000000s system = 0.015625s CPU (34.8%)

OPT-1001 : Current memory(MB): used = 144, reserve = 116, peak = 145.
OPT-1001 : Update timing in Manhattan mode
TMR-2503 : Start to update net delay, extr mode = 3.
TMR-2504 : Update delay of 447 nets completely.
TMR-2502 : Annotate delay completely, extr mode = 3.
TMR-3501 : Forward propagation: start to calculate arrival time...
TMR-3502 : Backward propagation: start to calculate required time...
TMR-3503 : Timing propagation completes.
OPT-1001 : End timing update;  0.004365s wall, 0.000000s user + 0.000000s system = 0.000000s CPU (n/a%)

OPT-1001 : Start pin optimization...
OPT-1001 : skip pin optimization...
OPT-1001 : Update timing in global mode
PHY-1001 : Start incremental global routing, caller is place ...
RUN-1001 : Generating global routing grids ...
PHY-1001 : Generate routing nets ...
PHY-1001 : Reuse net number 348/449.
PHY-1001 : Global iterations in 16 thread ...
PHY-1002 : len = 8816, over cnt = 0(0%), over = 0, worst = 0
PHY-1001 : End global iterations;  0.002183s wall, 0.000000s user + 0.000000s system = 0.000000s CPU (n/a%)

PHY-1001 : Congestion index: top1 = 20.19, top5 = 7.20, top10 = 3.59, top15 = 2.39.
PHY-1001 : End incremental global routing;  0.043743s wall, 0.000000s user + 0.000000s system = 0.000000s CPU (n/a%)

TMR-2503 : Start to update net delay, extr mode = 5.
TMR-2504 : Update delay of 447 nets completely.
TMR-2502 : Annotate delay completely, extr mode = 5.
TMR-3501 : Forward propagation: start to calculate arrival time...
TMR-3502 : Backward propagation: start to calculate required time...
TMR-3503 : Timing propagation completes.
OPT-1001 : End timing update;  0.006594s wall, 0.000000s user + 0.000000s system = 0.000000s CPU (n/a%)

RUN-1001 : Generating global routing grids ...
PHY-1001 : Generate routing nets ...
PHY-1001 : Reuse net number 348/449.
PHY-1001 : Global iterations in 16 thread ...
PHY-1002 : len = 8816, over cnt = 0(0%), over = 0, worst = 0
PHY-1001 : End global iterations;  0.001535s wall, 0.000000s user + 0.000000s system = 0.000000s CPU (n/a%)

PHY-1001 : Congestion index: top1 = 20.19, top5 = 7.20, top10 = 3.59, top15 = 2.39.
OPT-1001 : Update timing in Manhattan mode
TMR-2503 : Start to update net delay, extr mode = 3.
TMR-2504 : Update delay of 447 nets completely.
TMR-2502 : Annotate delay completely, extr mode = 3.
TMR-3501 : Forward propagation: start to calculate arrival time...
TMR-3502 : Backward propagation: start to calculate required time...
TMR-3503 : Timing propagation completes.
OPT-1001 : End timing update;  0.005743s wall, 0.000000s user + 0.000000s system = 0.000000s CPU (n/a%)

RUN-1001 : QoR Analysis:
OPT-0007 :   WNS 2147483647 TNS 0 NUM_FEPS 0
RUN-1001 :   No local congestion issue, and most congested 1% tile average routing util is 19.793103
RUN-1001 :   Top critical paths
OPT-1001 : End physical optimization;  0.371201s wall, 0.140625s user + 0.015625s system = 0.156250s CPU (42.1%)

RUN-1003 : finish command "place" in  3.149847s wall, 0.734375s user + 0.750000s system = 1.484375s CPU (47.1%)

RUN-1004 : used memory is 132 MB, reserved memory is 104 MB, peak memory is 145 MB
RUN-1002 : start command "export_db keyboard_place.db"
RUN-1001 : Exported /
RUN-1001 : Exported flow parameters
RUN-1001 : Exported libs
RUN-1001 : Exported entities
RUN-1001 : Exported ports
RUN-1001 : Exported pins
RUN-1001 : Exported instances
RUN-1001 : Exported nets
RUN-1001 : Exported buses
RUN-1001 : Exported models
RUN-1001 : Exported congestions
RUN-1001 : Exported violations
RUN-1001 : Exported timing constraints
RUN-1001 : Exported IO constraints
RUN-1001 : Exported Inst constraints
RUN-1002 : start command "route"
RUN-1001 : Open license file E:/Anlogic/TD5.6.59063/license/Anlogic.lic
RUN-1001 : Print Global Property
RUN-1001 : ---------------------------------------------------------------
RUN-1001 :        Parameters        |  Settings  |  Default Values  |  Note  
RUN-1001 : ---------------------------------------------------------------
RUN-1001 :          message         |  standard  |     standard     |        
RUN-1001 :   mixed_pack_place_flow  |     on     |        on        |        
RUN-1001 :        qor_monitor       |    off     |       off        |        
RUN-1001 :        syn_ip_flow       |    off     |       off        |        
RUN-1001 :          thread          |    auto    |       auto       |        
RUN-1001 : ---------------------------------------------------------------
RUN-1001 : Print Route Property
RUN-1001 : -------------------------------------------------------
RUN-1001 :    Parameters    |  Settings  |  Default Values  |  Note  
RUN-1001 : -------------------------------------------------------
RUN-1001 :      effort      |   medium   |      medium      |        
RUN-1001 :     fix_hold     |    off     |       off        |        
RUN-1001 :    opt_timing    |   medium   |      medium      |        
RUN-1001 :   phy_sim_model  |    off     |       off        |        
RUN-1001 :     priority     |   timing   |      timing      |        
RUN-1001 :     swap_pin     |     on     |        on        |        
RUN-1001 : -------------------------------------------------------
PHY-1001 : Route runs in 16 thread(s)
RUN-1001 : There are total 195 instances
RUN-1001 : 83 mslices, 84 lslices, 24 pads, 0 brams, 0 dsps
RUN-1001 : There are total 449 nets
RUN-1001 : 226 nets have 2 pins
RUN-1001 : 173 nets have [3 - 5] pins
RUN-1001 : 40 nets have [6 - 10] pins
RUN-1001 : 6 nets have [11 - 20] pins
RUN-1001 : 3 nets have [21 - 99] pins
RUN-1001 : 1 nets have 100+ pins
RUN-1002 : start command "start_timer -report"
TMR-2505 : Start building timing graph for model keyboard_instance.
TMR-2506 : Build timing graph completely. Port num: 8, tpin num: 1576, tnet num: 447, tinst num: 193, tnode num: 1941, tedge num: 2610.
TMR-2508 : Levelizing timing graph completed, there are 27 levels in total.
TMR-2501 : Timing graph initialized successfully.
PHY-1001 : 83 mslices, 84 lslices, 24 pads, 0 brams, 0 dsps
TMR-2503 : Start to update net delay, extr mode = 3.
TMR-2504 : Update delay of 447 nets completely.
TMR-2502 : Annotate delay completely, extr mode = 3.
TMR-3001 : Initiate 0 clocks from SDC.
TMR-3004 : Map sdc constraints, there are 0 constraints in total.
TMR-3003 : Constraints initiated successfully.
TMR-3501 : Forward propagation: start to calculate arrival time...
TMR-3502 : Backward propagation: start to calculate required time...
TMR-3503 : Timing propagation completes.
PHY-1001 : Start global routing, caller is route ...
RUN-1001 : Generating global routing grids ...
PHY-1001 : Generate routing nets ...
PHY-1001 : Global iterations in 16 thread ...
PHY-1002 : len = 8008, over cnt = 40(0%), over = 64, worst = 5
PHY-1002 : len = 8360, over cnt = 17(0%), over = 20, worst = 3
PHY-1002 : len = 8656, over cnt = 0(0%), over = 0, worst = 0
PHY-1001 : End global iterations;  0.047943s wall, 0.000000s user + 0.000000s system = 0.000000s CPU (n/a%)

PHY-1001 : Congestion index: top1 = 19.70, top5 = 7.07, top10 = 3.52, top15 = 2.35.
PHY-1001 : End global routing;  0.087029s wall, 0.015625s user + 0.000000s system = 0.015625s CPU (18.0%)

PHY-1001 : Start detail routing ...
PHY-1001 : Current memory(MB): used = 170, reserve = 143, peak = 180.
PHY-1001 : Detailed router is running in normal mode.
PHY-1001 : Generate detailed routing grids ...
PHY-1001 : Generate nets ...
PHY-1001 : net clk_50M_dup_1 will be routed on clock mesh
PHY-1001 : clock net U1/scan_clk_syn_4 will be merged with clock U1/scan_clk
PHY-1001 : Current memory(MB): used = 433, reserve = 410, peak = 433.
PHY-1001 : End build detailed router design. 3.783551s wall, 1.343750s user + 0.031250s system = 1.375000s CPU (36.3%)

PHY-1001 : Detail Route ...
PHY-1001 : ===== Detail Route Phase 1 =====
PHY-1001 : Clock net routing.....
PHY-1001 : Routed 0% nets.
PHY-1022 : len = 7952, over cnt = 0(0%), over = 0, worst = 0, crit = 0
PHY-1001 : End initial clock net routed; 0.310533s wall, 0.093750s user + 0.000000s system = 0.093750s CPU (30.2%)

PHY-1001 : Current memory(MB): used = 462, reserve = 440, peak = 462.
PHY-1001 : End phase 1; 0.315401s wall, 0.093750s user + 0.000000s system = 0.093750s CPU (29.7%)

PHY-1001 : ===== Detail Route Phase 2 =====
PHY-1001 : Initial routing.....
PHY-1001 : Routed 16% nets.
PHY-1001 : Routed 16% nets.
PHY-1001 : Patch 303 net; 0.069143s wall, 0.000000s user + 0.000000s system = 0.000000s CPU (n/a%)

PHY-1022 : len = 21744, over cnt = 27(0%), over = 27, worst = 1, crit = 0
PHY-1001 : Current memory(MB): used = 462, reserve = 440, peak = 462.
PHY-1001 : End initial routed; 0.085672s wall, 0.000000s user + 0.000000s system = 0.000000s CPU (n/a%)

PHY-1001 : Update timing.....
PHY-1001 : 0/378(0%) critical/total net(s).
RUN-1001 : ------------------------------------------
RUN-1001 :   Type   |    WNS(ns)    |  TNS(ns)  |  FEP  
RUN-1001 : ------------------------------------------
RUN-1001 :   Setup  |  2147483.647  |   0.000   |   0   
RUN-1001 :   Hold   |  2147483.647  |   0.000   |   0   
RUN-1001 : ------------------------------------------
PHY-1001 : End update timing; 0.159721s wall, 0.046875s user + 0.000000s system = 0.046875s CPU (29.3%)

PHY-1001 : Current memory(MB): used = 462, reserve = 440, peak = 462.
PHY-1001 : End phase 2; 0.245493s wall, 0.046875s user + 0.000000s system = 0.046875s CPU (19.1%)

PHY-1001 : ===== Detail Route Phase 3 =====
PHY-1001 : Optimize timing.....
PHY-1022 : len = 21744, over cnt = 27(0%), over = 27, worst = 1, crit = 0
PHY-1001 : End optimize timing; 0.004994s wall, 0.000000s user + 0.000000s system = 0.000000s CPU (n/a%)

PHY-1001 : Ripup-reroute.....
PHY-1001 : ===== DR Iter 1 =====
PHY-1022 : len = 21768, over cnt = 8(0%), over = 8, worst = 1, crit = 0
PHY-1001 : End DR Iter 1; 0.022191s wall, 0.000000s user + 0.000000s system = 0.000000s CPU (n/a%)

PHY-1001 : ===== DR Iter 2 =====
PHY-1022 : len = 21904, over cnt = 0(0%), over = 0, worst = 0, crit = 0
PHY-1001 : End DR Iter 2; 0.017639s wall, 0.015625s user + 0.000000s system = 0.015625s CPU (88.6%)

PHY-1001 : Update timing.....
PHY-1001 : 0/378(0%) critical/total net(s).
RUN-1001 : ------------------------------------------
RUN-1001 :   Type   |    WNS(ns)    |  TNS(ns)  |  FEP  
RUN-1001 : ------------------------------------------
RUN-1001 :   Setup  |  2147483.647  |   0.000   |   0   
RUN-1001 :   Hold   |  2147483.647  |   0.000   |   0   
RUN-1001 : ------------------------------------------
PHY-1001 : End update timing; 0.146609s wall, 0.000000s user + 0.000000s system = 0.000000s CPU (n/a%)

PHY-1001 : Commit to database.....
PHY-1001 : 6 feed throughs used by 6 nets
PHY-1001 : End commit to database; 0.040433s wall, 0.031250s user + 0.015625s system = 0.046875s CPU (115.9%)

PHY-1001 : Current memory(MB): used = 472, reserve = 450, peak = 472.
PHY-1001 : End phase 3; 0.359621s wall, 0.078125s user + 0.015625s system = 0.093750s CPU (26.1%)

PHY-1003 : Routed, final wirelength = 21904
PHY-1001 : Current memory(MB): used = 472, reserve = 450, peak = 472.
PHY-1001 : End export database. 0.006120s wall, 0.000000s user + 0.000000s system = 0.000000s CPU (n/a%)

PHY-1001 : End detail routing;  4.908819s wall, 1.625000s user + 0.062500s system = 1.687500s CPU (34.4%)

RUN-1003 : finish command "route" in  5.228829s wall, 1.687500s user + 0.062500s system = 1.750000s CPU (33.5%)

RUN-1004 : used memory is 415 MB, reserved memory is 391 MB, peak memory is 472 MB
RUN-1002 : start command "report_area -io_info -file keyboard_phy.area"
RUN-1001 : standard
***Report Model: keyboard_instance Device: EG4S20BG256***

IO Statistics
#IO                        24
  #input                    6
  #output                  18
  #inout                    0

Utilization Statistics
#lut                      286   out of  19600    1.46%
#reg                      179   out of  19600    0.91%
#le                       325
  #lut only               146   out of    325   44.92%
  #reg only                39   out of    325   12.00%
  #lut&reg                140   out of    325   43.08%
#dsp                        0   out of     29    0.00%
#bram                       0   out of     64    0.00%
  #bram9k                   0
  #fifo9k                   0
#bram32k                    0   out of     16    0.00%
#pad                       24   out of    188   12.77%
  #ireg                     0
  #oreg                     0
  #treg                     0
#pll                        0   out of      4    0.00%
#gclk                       2   out of     16   12.50%

Clock Resource Statistics
Index     ClockNet         Type               DriverType         Driver                      Fanout
#1        clk_50M_dup_1    GCLK               io                 clk_50M_syn_2.di            95
#2        U1/scan_clk      GCLK               lslice             U1/scan_clk_reg_syn_9.q1    10


Detailed IO Report

        Name           Direction    Location    IOStandard    DriveStrength    PullType    PackReg  
        RSTn             INPUT         A9        LVCMOS33          N/A          PULLUP      NONE    
       clk_50M           INPUT         R7        LVCMOS33          N/A          PULLUP      NONE    
       col[3]            INPUT        F10        LVCMOS33          N/A          PULLUP      NONE    
       col[2]            INPUT        C11        LVCMOS33          N/A          PULLUP      NONE    
       col[1]            INPUT        D11        LVCMOS33          N/A          PULLUP      NONE    
       col[0]            INPUT        E11        LVCMOS33          N/A          PULLUP      NONE    
  DigitronCS_Out[3]     OUTPUT         A3        LVCMOS33           8            NONE       NONE    
  DigitronCS_Out[2]     OUTPUT         A5        LVCMOS33           8            NONE       NONE    
  DigitronCS_Out[1]     OUTPUT         B6        LVCMOS33           8            NONE       NONE    
  DigitronCS_Out[0]     OUTPUT         C9        LVCMOS33           8            NONE       NONE    
   Digitron_Out[7]      OUTPUT         C8        LVCMOS33           8            NONE       NONE    
   Digitron_Out[6]      OUTPUT         A8        LVCMOS33           8            NONE       NONE    
   Digitron_Out[5]      OUTPUT         B5        LVCMOS33           8            NONE       NONE    
   Digitron_Out[4]      OUTPUT         A7        LVCMOS33           8            NONE       NONE    
   Digitron_Out[3]      OUTPUT         E8        LVCMOS33           8            NONE       NONE    
   Digitron_Out[2]      OUTPUT         B8        LVCMOS33           8            NONE       NONE    
   Digitron_Out[1]      OUTPUT         A6        LVCMOS33           8            NONE       NONE    
   Digitron_Out[0]      OUTPUT         A4        LVCMOS33           8            NONE       NONE    
       buzzer           OUTPUT        H11        LVCMOS33           8            NONE       NONE    
        light           OUTPUT        B14        LVCMOS33           8            NONE       NONE    
       row[3]           OUTPUT         D9        LVCMOS33           8            NONE       NONE    
       row[2]           OUTPUT         F9        LVCMOS33           8            NONE       NONE    
       row[1]           OUTPUT        C10        LVCMOS33           8            NONE       NONE    
       row[0]           OUTPUT        E10        LVCMOS33           8            NONE       NONE    

Report Hierarchy Area:
+-------------------------------------------------------------------------------------------+
|Instance |Module                      |le     |lut     |ripple  |seq     |bram    |dsp     |
+-------------------------------------------------------------------------------------------+
|top      |keyboard_instance           |325    |236     |50      |179     |0       |0       |
|  U1     |keyboard_scan               |69     |47      |9       |53      |0       |0       |
|  U2     |key_filter                  |66     |46      |11      |51      |0       |0       |
|  U3     |onehot2binary               |147    |110     |20      |59      |0       |0       |
|  U5     |Digitron_TimeDisplay_module |38     |28      |10      |16      |0       |0       |
+-------------------------------------------------------------------------------------------+


DataNet Average Fanout:

   Index     Fanout    Nets  
    #1         1       202   
    #2         2       122   
    #3         3        29   
    #4         4        22   
    #5        5-10      41   
    #6       11-50      5    
  Average     2.38           

RUN-1002 : start command "export_db keyboard_pr.db"
RUN-1001 : Exported /
RUN-1001 : Exported flow parameters
RUN-1001 : Exported libs
RUN-1001 : Exported entities
RUN-1001 : Exported ports
RUN-1001 : Exported pins
RUN-1001 : Exported instances
RUN-1001 : Exported nets
RUN-1001 : Exported buses
RUN-1001 : Exported models
RUN-1001 : Exported congestions
RUN-1001 : Exported violations
RUN-1001 : Exported timing constraints
RUN-1001 : Exported IO constraints
RUN-1001 : Exported Inst constraints
RUN-1002 : start command "export_bid keyboard_inst.bid"
RUN-1002 : start command "bitgen -bit keyboard.bit -unused_io_status pulldown"
BIT-1003 : Start to generate bitstream. 
BIT-1002 : Bitgen processed 164 unused pads, reserve input tri_state with pulldown
BIT-1002 : Init instances with 16 threads.
BIT-1002 : Init instances completely, inst num: 357
BIT-1002 : Init pips with 16 threads.
BIT-1002 : Init pips completely, net num: 449, pip num: 2779
BIT-1002 : Init feedthrough completely, num: 6
BIT-1003 : Multithreading accelaration with 16 threads.
BIT-1003 : Generate bitstream completely, there are 453 valid insts, and 9185 bits set as '1'.
BIT-1004 : PLL setting string = 0000
BIT-1004 : Generate bits file keyboard.bit.
RUN-1003 : finish command "bitgen -bit keyboard.bit -unused_io_status pulldown" in  1.400568s wall, 3.718750s user + 0.078125s system = 3.796875s CPU (271.1%)

RUN-1004 : used memory is 424 MB, reserved memory is 406 MB, peak memory is 616 MB
RUN-1002 : start command "backup_run_log run.log ../.logs/phy_1/td_20240827_225112.log"
