============================================================
   Tang Dynasty, V5.6.59063
   Copyright (c) 2012-2022 Anlogic
   Executable = E:/Anlogic/TD5.6.59063/bin/td.exe
   Built at =   12:45:13 Sep  6 2022
   Run by =     19234
   Run Date =   Wed Aug 28 15:15:38 2024

   Run on =     ERIKPSW
============================================================
RUN-1002 : start command "open_project keyboard.prj"
RUN-1001 : Print Global Property
RUN-1001 : ---------------------------------------------------------------
RUN-1001 :        Parameters        |  Settings  |  Default Values  |  Note  
RUN-1001 : ---------------------------------------------------------------
RUN-1001 :          message         |  standard  |     standard     |        
RUN-1001 :   mixed_pack_place_flow  |     on     |        on        |        
RUN-1001 :        qor_monitor       |    off     |       off        |        
RUN-1001 :        syn_ip_flow       |    off     |       off        |        
RUN-1001 :          thread          |    auto    |       auto       |        
RUN-1001 : ---------------------------------------------------------------
RUN-1001 : Print Design Property
RUN-1001 : --------------------------------------------------------------
RUN-1001 :        Parameters       |  Settings  |  Default Values  |  Note  
RUN-1001 : --------------------------------------------------------------
RUN-1001 :   default_reg_initial   |    auto    |       auto       |        
RUN-1001 :        infer_add        |     on     |        on        |        
RUN-1001 :        infer_fsm        |    off     |       off        |        
RUN-1001 :        infer_mult       |     on     |        on        |        
RUN-1001 :        infer_ram        |     on     |        on        |        
RUN-1001 :        infer_reg        |     on     |        on        |        
RUN-1001 :   infer_reg_init_value  |     on     |        on        |        
RUN-1001 :        infer_rom        |     on     |        on        |        
RUN-1001 :      infer_shifter      |     on     |        on        |        
RUN-1001 : --------------------------------------------------------------
RUN-1001 : Print Rtl Property
RUN-1001 : --------------------------------------------------------------
RUN-1001 :        Parameters       |  Settings  |  Default Values  |  Note  
RUN-1001 : --------------------------------------------------------------
RUN-1001 :       compress_add      |   ripple   |      ripple      |        
RUN-1001 :        elf_sload        |    off     |       off        |        
RUN-1001 :       fix_undriven      |     0      |        0         |        
RUN-1001 :         flatten         |    off     |       off        |        
RUN-1001 :       gate_sharing      |     on     |        on        |        
RUN-1001 :    hdl_warning_level    |   normal   |      normal      |        
RUN-1001 :   impl_internal_tribuf  |     on     |        on        |        
RUN-1001 :      impl_set_reset     |     on     |        on        |        
RUN-1001 :        infer_gsr        |    off     |       off        |        
RUN-1001 :      keep_hierarchy     |    auto    |       auto       |        
RUN-1001 :        max_fanout       |    9999    |       9999       |        
RUN-1001 :      max_oh2bin_len     |     10     |        10        |        
RUN-1001 :       merge_equal       |     on     |        on        |        
RUN-1001 :       merge_equiv       |     on     |        on        |        
RUN-1001 :        merge_mux        |    off     |       off        |        
RUN-1001 :     min_control_set     |     8      |        8         |        
RUN-1001 :      min_ripple_len     |    auto    |       auto       |        
RUN-1001 :       oh2bin_ratio      |    0.08    |       0.08       |        
RUN-1001 :     opt_adder_fanout    |     on     |        on        |        
RUN-1001 :        opt_arith        |     on     |        on        |        
RUN-1001 :       opt_big_gate      |    off     |       off        |        
RUN-1001 :        opt_const        |     on     |        on        |        
RUN-1001 :      opt_const_mult     |     on     |        on        |        
RUN-1001 :       opt_lessthan      |     on     |        on        |        
RUN-1001 :         opt_mux         |    off     |       off        |        
RUN-1001 :         opt_ram         |    high    |       high       |        
RUN-1001 :      rtl_sim_model      |    off     |       off        |        
RUN-1001 :         seq_syn         |     on     |        on        |        
RUN-1001 : --------------------------------------------------------------
HDL-1007 : analyze verilog file ../../../src/Digitron_TimeDisplay_module.v
HDL-1007 : analyze verilog file ../../../src/key_filter.v
HDL-1007 : analyze verilog file ../../../src/keyboard_instance.v
HDL-1007 : analyze verilog file ../../../src/keyboard_scan.v
HDL-1007 : analyze verilog file ../../../src/onehot2binary.v
HDL-5007 WARNING: 'RSTn' is not declared in ../../../src/onehot2binary.v(1)
HDL-5007 WARNING: 'RSTn' is not declared in ../../../src/onehot2binary.v(1)
RUN-1001 : Project manager successfully analyzed 5 source files.
RUN-1002 : start command "import_device eagle_s20.db -package EG4S20BG256"
ARC-1001 : Device Initialization.
ARC-1001 : ------------------------------------------------------------------
ARC-1001 :            OPTION            |          IO          |   SETTING   
ARC-1001 : ------------------------------------------------------------------
ARC-1001 :   cso_b/cclk/mosi/miso/dout  |  T3/R11/T10/P10/S11  |    gpio    
ARC-1001 :             done             |         P13          |    gpio    
ARC-1001 :           program_b          |          T2          |  dedicate  
ARC-1001 :        tdi/tms/tck/tdo       |   C12/A15/C14/E14    |  dedicate  
ARC-1001 : ------------------------------------------------------------------
ARC-1004 : Device setting, marked 5 dedicate IOs in total.
RUN-1002 : start command "import_db ../syn_1/keyboard_gate.db"
RUN-1001 : Importing database generated by Tang Dynasty, V5.6.59063.
RUN-1001 : Database version number 46140.
RUN-1001 : Import flow parameters
RUN-1001 : Import timing constraints
RUN-1001 : Import IO constraints
RUN-1001 : Import Inst constraints
RUN-1001 : Import design success TD_VERSION=5.6.59063 , DB_VERSION=46140
RUN-1002 : start command "read_sdc"
USR-1002 : read_sdc file_name -help -h -eco
USR-1009 : NO module with IP_SDC ...
RUN-1104 : Import SDC file  finished, there are 0 nets kept by constraints.
RUN-1002 : start command "place"
RUN-1001 : Open license file E:/Anlogic/TD5.6.59063/license/Anlogic.lic
RUN-1001 : Print Global Property
RUN-1001 : ---------------------------------------------------------------
RUN-1001 :        Parameters        |  Settings  |  Default Values  |  Note  
RUN-1001 : ---------------------------------------------------------------
RUN-1001 :          message         |  standard  |     standard     |        
RUN-1001 :   mixed_pack_place_flow  |     on     |        on        |        
RUN-1001 :        qor_monitor       |    off     |       off        |        
RUN-1001 :        syn_ip_flow       |    off     |       off        |        
RUN-1001 :          thread          |    auto    |       auto       |        
RUN-1001 : ---------------------------------------------------------------
RUN-1001 : Print Place Property
RUN-1001 : --------------------------------------------------------------
RUN-1001 :        Parameters       |  Settings  |  Default Values  |  Note  
RUN-1001 : --------------------------------------------------------------
RUN-1001 :      detailed_place     |     on     |        on        |        
RUN-1001 :          effort         |   medium   |      medium      |        
RUN-1001 :         fix_hold        |    off     |       off        |        
RUN-1001 :       legalization      |    ori     |       ori        |        
RUN-1001 :      new_spreading      |     on     |        on        |        
RUN-1001 :        opt_timing       |   medium   |      medium      |        
RUN-1001 :   post_clock_route_opt  |    off     |       off        |        
RUN-1001 :       pr_strategy       |     1      |        1         |        
RUN-1001 :        relaxation       |    1.00    |       1.00       |        
RUN-1001 :         retiming        |    off     |       off        |        
RUN-1001 : --------------------------------------------------------------
PHY-3001 : Placer runs in 16 thread(s).
RUN-1002 : start command "legalize_phy_inst"
SYN-1011 : Flatten model keyboard_instance
RUN-1002 : start command "phys_opt -simplify_lut"
SYN-4024 : Net "clk_50M_dup_1" drives clk pins.
SYN-4024 : Net "U1/scan_clk" drives clk pins.
SYN-4025 : Tag rtl::Net U1/scan_clk as clock net
SYN-4025 : Tag rtl::Net clk_50M_dup_1 as clock net
SYN-4026 : Tagged 2 rtl::Net as clock net
SYN-4015 : Create BUFG instance for clk Net U1/scan_clk to drive 20 clock pins.
PHY-1001 : Populate physical database on model keyboard_instance.
RUN-1001 : There are total 696 instances
RUN-0007 : 303 luts, 228 seqs, 96 mslices, 41 lslices, 24 pads, 0 brams, 0 dsps
RUN-1001 : There are total 838 nets
RUN-1001 : 499 nets have 2 pins
RUN-1001 : 238 nets have [3 - 5] pins
RUN-1001 : 81 nets have [6 - 10] pins
RUN-1001 : 8 nets have [11 - 20] pins
RUN-1001 : 10 nets have [21 - 99] pins
RUN-1001 : 2 nets have 100+ pins
RUN-1001 : Report Control nets information:
RUN-1001 : DFF Distribution
RUN-1001 : ----------------------------------
RUN-1001 :   CE   |  SSR  |  ASR  |  DFF Count  
RUN-1001 : ----------------------------------
RUN-1001 :   No   |  No   |  No   |     92      
RUN-1001 :   No   |  No   |  Yes  |     20      
RUN-1001 :   No   |  Yes  |  No   |     17      
RUN-1001 :   Yes  |  No   |  No   |     35      
RUN-1001 :   Yes  |  No   |  Yes  |     32      
RUN-1001 :   Yes  |  Yes  |  No   |     32      
RUN-1001 : ----------------------------------
RUN-0007 : Control Group Statistic
RUN-0007 : ---------------------------
RUN-0007 :   #CLK  |  #CE  |  #SSR/ASR  
RUN-0007 : ---------------------------
RUN-0007 :    2    |   5   |     3      
RUN-0007 : ---------------------------
RUN-0007 : Control Set = 8
PHY-3001 : Initial placement ...
PHY-3001 : design contains 694 instances, 303 luts, 228 seqs, 137 slices, 14 macros(137 instances: 96 mslices 41 lslices)
PHY-0007 : Cell area utilization is 2%
PHY-3001 : Start timing update ...
RUN-1002 : start command "start_timer -report"
TMR-2505 : Start building timing graph for model keyboard_instance.
TMR-2506 : Build timing graph completely. Port num: 8, tpin num: 3009, tnet num: 836, tinst num: 694, tnode num: 3665, tedge num: 4845.
TMR-2508 : Levelizing timing graph completed, there are 43 levels in total.
TMR-2501 : Timing graph initialized successfully.
TMR-2503 : Start to update net delay, extr mode = 2.
TMR-2504 : Update delay of 836 nets completely.
TMR-2502 : Annotate delay completely, extr mode = 2.
TMR-3001 : Initiate 0 clocks from SDC.
TMR-3004 : Map sdc constraints, there are 0 constraints in total.
TMR-3003 : Constraints initiated successfully.
TMR-3501 : Forward propagation: start to calculate arrival time...
TMR-3502 : Backward propagation: start to calculate required time...
TMR-3503 : Timing propagation completes.
PHY-3001 : End timing update;  0.130211s wall, 0.046875s user + 0.000000s system = 0.046875s CPU (36.0%)

PHY-3001 : Global placement ...
PHY-3001 : Initial: Len = 201520
PHY-3001 : Clustering ...
PHY-3001 : Level 0 #clusters 694.
PHY-3001 : End clustering;  0.000017s wall, 0.000000s user + 0.000000s system = 0.000000s CPU (n/a%)

PHY-3001 : Run with size of 4
PHY-3001 : Cell area utilization is 2%
PHY-3001 : :::0::: Try harder cell spreading with beta_ = 0
PHY-3002 : Step(1): len = 134005, overlap = 0
PHY-3002 : Step(2): len = 86279.2, overlap = 0
PHY-3002 : Step(3): len = 65851.9, overlap = 0
PHY-3002 : Step(4): len = 45561.6, overlap = 0
PHY-3002 : Step(5): len = 34233, overlap = 1.25
PHY-3002 : Step(6): len = 28610.8, overlap = 4
PHY-3002 : Step(7): len = 25377.3, overlap = 4.5
PHY-3002 : Step(8): len = 22376, overlap = 5
PHY-3002 : Step(9): len = 20831.1, overlap = 5.25
PHY-3002 : Step(10): len = 20715.8, overlap = 5.75
PHY-3002 : Step(11): len = 18660.1, overlap = 5.75
PHY-3002 : Step(12): len = 16459.2, overlap = 5.75
PHY-3002 : Step(13): len = 15607.9, overlap = 5.75
PHY-3002 : Step(14): len = 15847, overlap = 5.75
PHY-3002 : Step(15): len = 15692.4, overlap = 5.75
PHY-3002 : Step(16): len = 15907.8, overlap = 5.75
PHY-3002 : Step(17): len = 15818.1, overlap = 5.75
PHY-3002 : Step(18): len = 16288.2, overlap = 5.75
PHY-3002 : Step(19): len = 15842.2, overlap = 5.75
PHY-3002 : Step(20): len = 16495.5, overlap = 6
PHY-3002 : Step(21): len = 16232.1, overlap = 6.1875
PHY-3002 : Step(22): len = 14877.9, overlap = 5.75
PHY-3002 : Step(23): len = 14313.9, overlap = 5.25
PHY-3002 : Step(24): len = 13937.9, overlap = 5.25
PHY-3002 : Step(25): len = 13447.1, overlap = 7.125
PHY-3002 : Step(26): len = 13062.6, overlap = 18.8125
PHY-3002 : Step(27): len = 12820.8, overlap = 18.8125
PHY-3002 : Step(28): len = 12579.5, overlap = 17.4688
PHY-3002 : Step(29): len = 11943.4, overlap = 18.7812
PHY-3002 : Step(30): len = 11783.9, overlap = 19.8125
PHY-3002 : Step(31): len = 11783.9, overlap = 19.8125
PHY-3002 : Step(32): len = 11104, overlap = 19.8125
PHY-3002 : Step(33): len = 11305.1, overlap = 19.8125
PHY-3002 : Step(34): len = 11305.1, overlap = 19.8125
PHY-3001 : Legalization ...
PHY-3001 : End legalization;  0.003908s wall, 0.000000s user + 0.000000s system = 0.000000s CPU (n/a%)

PHY-3001 : Run with size of 4
PHY-3001 : Cell area utilization is 3%
PHY-3001 : Update timing in Manhattan mode ...
TMR-2503 : Start to update net delay, extr mode = 3.
TMR-2504 : Update delay of 836 nets completely.
TMR-2502 : Annotate delay completely, extr mode = 3.
TMR-3501 : Forward propagation: start to calculate arrival time...
TMR-3502 : Backward propagation: start to calculate required time...
TMR-3503 : Timing propagation completes.
PHY-3001 : End timing update;  0.007524s wall, 0.000000s user + 0.000000s system = 0.000000s CPU (n/a%)

PHY-3001 : :::0::: Try harder cell spreading with beta_ = 6.05042e-05
PHY-3002 : Step(35): len = 11863.5, overlap = 16.625
PHY-3002 : Step(36): len = 12060, overlap = 16.25
PHY-3002 : Step(37): len = 12538.3, overlap = 15.3125
PHY-3002 : Step(38): len = 12252, overlap = 13.5625
PHY-3002 : Step(39): len = 11571.1, overlap = 15.5
PHY-3002 : Step(40): len = 11621, overlap = 15.5
PHY-3002 : Step(41): len = 11481.4, overlap = 14.1875
PHY-3002 : Step(42): len = 11669.9, overlap = 14.0625
PHY-3002 : Step(43): len = 11669.9, overlap = 14.0625
PHY-3001 : :::1::: Try harder cell spreading with beta_ = 0.000121008
PHY-3002 : Step(44): len = 11728.6, overlap = 13.9375
PHY-3002 : Step(45): len = 11774.4, overlap = 13.9375
PHY-3002 : Step(46): len = 11470.9, overlap = 12.5625
PHY-3001 : :::2::: Try harder cell spreading with beta_ = 0.000242017
PHY-3002 : Step(47): len = 11436.6, overlap = 12
PHY-3002 : Step(48): len = 11436.6, overlap = 12
PHY-3001 : Run with size of 2
PHY-3001 : Cell area utilization is 3%
PHY-3001 : Update timing in Manhattan mode ...
TMR-2503 : Start to update net delay, extr mode = 3.
TMR-2504 : Update delay of 836 nets completely.
TMR-2502 : Annotate delay completely, extr mode = 3.
TMR-3501 : Forward propagation: start to calculate arrival time...
TMR-3502 : Backward propagation: start to calculate required time...
TMR-3503 : Timing propagation completes.
PHY-3001 : End timing update;  0.007898s wall, 0.000000s user + 0.000000s system = 0.000000s CPU (n/a%)

PHY-3001 : :::0::: Try harder cell spreading with beta_ = 2.14214e-05
PHY-3002 : Step(49): len = 12996.9, overlap = 21.2812
PHY-3002 : Step(50): len = 13078.3, overlap = 21.7812
PHY-3002 : Step(51): len = 12424.4, overlap = 15.5
PHY-3002 : Step(52): len = 12610, overlap = 17.6562
PHY-3002 : Step(53): len = 12717.4, overlap = 18
PHY-3001 : :::1::: Try harder cell spreading with beta_ = 4.28428e-05
PHY-3002 : Step(54): len = 12646.9, overlap = 22.2812
PHY-3002 : Step(55): len = 12701.2, overlap = 22.0938
PHY-3002 : Step(56): len = 12762.3, overlap = 22.2188
PHY-3001 : :::2::: Try harder cell spreading with beta_ = 8.56857e-05
PHY-3002 : Step(57): len = 12613.3, overlap = 22.1562
PHY-3002 : Step(58): len = 12823.2, overlap = 19.1875
PHY-3002 : Step(59): len = 13031, overlap = 19.1875
OPT-1001 : Start physical optimization ...
RUN-1002 : start command "start_timer -report"
TMR-2505 : Start building timing graph for model keyboard_instance.
TMR-2506 : Build timing graph completely. Port num: 8, tpin num: 3009, tnet num: 836, tinst num: 694, tnode num: 3665, tedge num: 4845.
TMR-2508 : Levelizing timing graph completed, there are 43 levels in total.
TMR-2501 : Timing graph initialized successfully.
OPT-1001 : Total overflow 47.41 peak overflow 2.53
OPT-1001 : Start high-fanout net optimization ...
OPT-1001 : Update timing in global mode
PHY-1001 : Start incremental global routing, caller is place ...
RUN-1001 : Generating global routing grids ...
RUN-1001 : Building simple global routing graph ...
PHY-1001 : Generate routing nets ...
PHY-1001 : Reuse net number 0/838.
PHY-1001 : Global iterations in 16 thread ...
PHY-1002 : len = 14792, over cnt = 61(0%), over = 266, worst = 12
PHY-1001 : End global iterations;  0.034213s wall, 0.000000s user + 0.000000s system = 0.000000s CPU (n/a%)

PHY-1001 : Congestion index: top1 = 23.02, top5 = 9.83, top10 = 5.39, top15 = 3.60.
PHY-1001 : End incremental global routing;  0.081090s wall, 0.000000s user + 0.000000s system = 0.000000s CPU (n/a%)

TMR-2503 : Start to update net delay, extr mode = 5.
TMR-2504 : Update delay of 836 nets completely.
TMR-2502 : Annotate delay completely, extr mode = 5.
TMR-3001 : Initiate 0 clocks from SDC.
TMR-3004 : Map sdc constraints, there are 0 constraints in total.
TMR-3003 : Constraints initiated successfully.
TMR-3501 : Forward propagation: start to calculate arrival time...
TMR-3502 : Backward propagation: start to calculate required time...
TMR-3503 : Timing propagation completes.
OPT-1001 : End timing update;  0.010290s wall, 0.000000s user + 0.000000s system = 0.000000s CPU (n/a%)

OPT-1001 : 0 high-fanout net processed.
OPT-1001 : End high-fanout net optimization;  0.098486s wall, 0.000000s user + 0.000000s system = 0.000000s CPU (n/a%)

OPT-1001 : Current memory(MB): used = 149, reserve = 120, peak = 149.
OPT-1001 : Start global optimization ...
OPT-1001 : Start congestion update ...
RUN-1001 : Generating global routing grids ...
PHY-1001 : Generate routing nets ...
PHY-1001 : Reuse net number 466/838.
PHY-1001 : Global iterations in 16 thread ...
PHY-1002 : len = 14792, over cnt = 61(0%), over = 266, worst = 12
PHY-1002 : len = 16480, over cnt = 33(0%), over = 92, worst = 8
PHY-1002 : len = 17664, over cnt = 2(0%), over = 2, worst = 1
PHY-1002 : len = 17728, over cnt = 0(0%), over = 0, worst = 0
PHY-1001 : End global iterations;  0.023175s wall, 0.015625s user + 0.000000s system = 0.015625s CPU (67.4%)

PHY-1001 : Congestion index: top1 = 21.62, top5 = 10.82, top10 = 6.12, top15 = 4.09.
OPT-1001 : End congestion update;  0.058869s wall, 0.062500s user + 0.000000s system = 0.062500s CPU (106.2%)

OPT-1001 : Update timing in Manhattan mode
TMR-2503 : Start to update net delay, extr mode = 3.
TMR-2504 : Update delay of 836 nets completely.
TMR-2502 : Annotate delay completely, extr mode = 3.
TMR-3501 : Forward propagation: start to calculate arrival time...
TMR-3502 : Backward propagation: start to calculate required time...
TMR-3503 : Timing propagation completes.
OPT-1001 : End timing update;  0.008050s wall, 0.000000s user + 0.000000s system = 0.000000s CPU (n/a%)

OPT-0007 : Start: WNS 2147483647 TNS 0 NUM_FEPS 0
OPT-1001 : End global optimization;  0.066996s wall, 0.062500s user + 0.000000s system = 0.062500s CPU (93.3%)

OPT-1001 : Current memory(MB): used = 150, reserve = 121, peak = 150.
OPT-1001 : End physical optimization;  0.355379s wall, 0.125000s user + 0.000000s system = 0.125000s CPU (35.2%)

PHY-3001 : Start packing ...
SYN-4007 : Packing 0 MUX to BLE ...
SYN-4008 : Packed 0 MUX and 0 SEQ to BLE.
SYN-4007 : Packing 303 LUT to BLE ...
SYN-4008 : Packed 303 LUT and 93 SEQ to BLE.
SYN-4003 : Packing 135 remaining SEQ's ...
SYN-4005 : Packed 63 SEQ with LUT/SLICE
SYN-4006 : 159 single LUT's are left
SYN-4006 : 72 single SEQ's are left
SYN-4011 : Packing model "keyboard_instance" (AL_USER_NORMAL) with 375/540 primitive instances ...
PHY-3001 : End packing;  0.020343s wall, 0.000000s user + 0.000000s system = 0.000000s CPU (n/a%)

PHY-1001 : Populate physical database on model keyboard_instance.
RUN-1001 : There are total 365 instances
RUN-1001 : 168 mslices, 169 lslices, 24 pads, 0 brams, 0 dsps
RUN-1001 : There are total 745 nets
RUN-1001 : 406 nets have 2 pins
RUN-1001 : 238 nets have [3 - 5] pins
RUN-1001 : 81 nets have [6 - 10] pins
RUN-1001 : 11 nets have [11 - 20] pins
RUN-1001 : 7 nets have [21 - 99] pins
RUN-1001 : 2 nets have 100+ pins
PHY-3001 : design contains 363 instances, 337 slices, 14 macros(137 instances: 96 mslices 41 lslices)
PHY-3001 : Cell area utilization is 4%
PHY-3001 : After packing: Len = 13486.8, Over = 23.5
PHY-3001 : Run with size of 2
PHY-3001 : Cell area utilization is 4%
PHY-3001 : Update timing in Manhattan mode ...
RUN-1002 : start command "start_timer -report"
TMR-2505 : Start building timing graph for model keyboard_instance.
TMR-2506 : Build timing graph completely. Port num: 8, tpin num: 2642, tnet num: 743, tinst num: 363, tnode num: 3117, tedge num: 4392.
TMR-2508 : Levelizing timing graph completed, there are 41 levels in total.
TMR-2501 : Timing graph initialized successfully.
TMR-2503 : Start to update net delay, extr mode = 3.
TMR-2504 : Update delay of 743 nets completely.
TMR-2502 : Annotate delay completely, extr mode = 3.
TMR-3001 : Initiate 0 clocks from SDC.
TMR-3004 : Map sdc constraints, there are 0 constraints in total.
TMR-3003 : Constraints initiated successfully.
TMR-3501 : Forward propagation: start to calculate arrival time...
TMR-3502 : Backward propagation: start to calculate required time...
TMR-3503 : Timing propagation completes.
PHY-3001 : End timing update;  0.211024s wall, 0.031250s user + 0.000000s system = 0.031250s CPU (14.8%)

PHY-3001 : :::0::: Try harder cell spreading with beta_ = 2.51053e-05
PHY-3002 : Step(60): len = 12965.8, overlap = 24.5
PHY-3002 : Step(61): len = 13043.8, overlap = 27.25
PHY-3002 : Step(62): len = 13117.4, overlap = 28
PHY-3001 : :::1::: Try harder cell spreading with beta_ = 5.02106e-05
PHY-3002 : Step(63): len = 13055.6, overlap = 27.75
PHY-3002 : Step(64): len = 13160.2, overlap = 28
PHY-3002 : Step(65): len = 13248.1, overlap = 28.25
PHY-3001 : :::2::: Try harder cell spreading with beta_ = 0.000100421
PHY-3002 : Step(66): len = 13648.2, overlap = 26
PHY-3002 : Step(67): len = 13786.7, overlap = 25.75
PHY-3002 : Step(68): len = 14063.5, overlap = 24.25
PHY-3001 : Legalization ...
PHY-3001 : End legalization;  0.098325s wall, 0.000000s user + 0.015625s system = 0.015625s CPU (15.9%)

PHY-3001 : Trial Legalized: Len = 21378.7
PHY-3001 : Run with size of 2
PHY-3001 : Cell area utilization is 4%
PHY-3001 : Update timing in Manhattan mode ...
TMR-2503 : Start to update net delay, extr mode = 3.
TMR-2504 : Update delay of 743 nets completely.
TMR-2502 : Annotate delay completely, extr mode = 3.
TMR-3501 : Forward propagation: start to calculate arrival time...
TMR-3502 : Backward propagation: start to calculate required time...
TMR-3503 : Timing propagation completes.
PHY-3001 : End timing update;  0.008938s wall, 0.000000s user + 0.000000s system = 0.000000s CPU (n/a%)

PHY-3001 : :::0::: Try harder cell spreading with beta_ = 0.0215455
PHY-3002 : Step(69): len = 20577, overlap = 0
PHY-3002 : Step(70): len = 18866.2, overlap = 0.25
PHY-3002 : Step(71): len = 18484.5, overlap = 2.25
PHY-3002 : Step(72): len = 18211.6, overlap = 2
PHY-3002 : Step(73): len = 16399.7, overlap = 3
PHY-3002 : Step(74): len = 16052.1, overlap = 4.25
PHY-3002 : Step(75): len = 16073.2, overlap = 4
PHY-3002 : Step(76): len = 16021.2, overlap = 4
PHY-3002 : Step(77): len = 15892.8, overlap = 4.5
PHY-3002 : Step(78): len = 15771.6, overlap = 4.75
PHY-3001 : Legalization ...
PHY-3001 : End legalization;  0.004850s wall, 0.000000s user + 0.000000s system = 0.000000s CPU (n/a%)

PHY-3001 : Legalized: Len = 18336.7, Over = 0
PHY-3001 : End spreading;  0.002499s wall, 0.000000s user + 0.000000s system = 0.000000s CPU (n/a%)

PHY-3001 : Final: Len = 18336.7, Over = 0
OPT-1001 : Start physical optimization ...
RUN-1002 : start command "start_timer -report"
TMR-2505 : Start building timing graph for model keyboard_instance.
TMR-2506 : Build timing graph completely. Port num: 8, tpin num: 2642, tnet num: 743, tinst num: 363, tnode num: 3117, tedge num: 4392.
TMR-2508 : Levelizing timing graph completed, there are 41 levels in total.
TMR-2501 : Timing graph initialized successfully.
OPT-1001 : Total overflow 0.00 peak overflow 0.00
OPT-1001 : Start high-fanout net optimization ...
OPT-1001 : Update timing in global mode
PHY-1001 : Start incremental global routing, caller is place ...
RUN-1001 : Generating global routing grids ...
PHY-1001 : Generate routing nets ...
PHY-1001 : Reuse net number 44/745.
PHY-1001 : Global iterations in 16 thread ...
PHY-1002 : len = 20600, over cnt = 50(0%), over = 86, worst = 5
PHY-1002 : len = 20960, over cnt = 23(0%), over = 36, worst = 4
PHY-1002 : len = 21296, over cnt = 10(0%), over = 12, worst = 2
PHY-1002 : len = 21440, over cnt = 0(0%), over = 0, worst = 0
PHY-1001 : End global iterations;  0.064373s wall, 0.000000s user + 0.000000s system = 0.000000s CPU (n/a%)

PHY-1001 : Congestion index: top1 = 20.24, top5 = 12.52, top10 = 7.66, top15 = 5.20.
PHY-1001 : End incremental global routing;  0.103609s wall, 0.000000s user + 0.000000s system = 0.000000s CPU (n/a%)

TMR-2503 : Start to update net delay, extr mode = 5.
TMR-2504 : Update delay of 743 nets completely.
TMR-2502 : Annotate delay completely, extr mode = 5.
TMR-3001 : Initiate 0 clocks from SDC.
TMR-3004 : Map sdc constraints, there are 0 constraints in total.
TMR-3003 : Constraints initiated successfully.
TMR-3501 : Forward propagation: start to calculate arrival time...
TMR-3502 : Backward propagation: start to calculate required time...
TMR-3503 : Timing propagation completes.
OPT-1001 : End timing update;  0.011191s wall, 0.000000s user + 0.000000s system = 0.000000s CPU (n/a%)

OPT-1001 : 0 high-fanout net processed.
OPT-1001 : End high-fanout net optimization;  0.122478s wall, 0.000000s user + 0.000000s system = 0.000000s CPU (n/a%)

OPT-1001 : Current memory(MB): used = 154, reserve = 125, peak = 154.
OPT-1001 : Start path based optimization ...
OPT-1001 : Start congestion update ...
RUN-1001 : Generating global routing grids ...
PHY-1001 : Generate routing nets ...
PHY-1001 : Reuse net number 596/745.
PHY-1001 : Global iterations in 16 thread ...
PHY-1002 : len = 21440, over cnt = 0(0%), over = 0, worst = 0
PHY-1001 : End global iterations;  0.002134s wall, 0.000000s user + 0.000000s system = 0.000000s CPU (n/a%)

PHY-1001 : Congestion index: top1 = 20.24, top5 = 12.52, top10 = 7.66, top15 = 5.20.
OPT-1001 : End congestion update;  0.042016s wall, 0.000000s user + 0.000000s system = 0.000000s CPU (n/a%)

OPT-1001 : Update timing in Manhattan mode
TMR-2503 : Start to update net delay, extr mode = 3.
TMR-2504 : Update delay of 743 nets completely.
TMR-2502 : Annotate delay completely, extr mode = 3.
TMR-3501 : Forward propagation: start to calculate arrival time...
TMR-3502 : Backward propagation: start to calculate required time...
TMR-3503 : Timing propagation completes.
OPT-1001 : End timing update;  0.007591s wall, 0.000000s user + 0.000000s system = 0.000000s CPU (n/a%)

OPT-0007 : Start: WNS 2147483647 TNS 0 NUM_FEPS 0
OPT-1001 : End path based optimization;  0.049691s wall, 0.000000s user + 0.000000s system = 0.000000s CPU (n/a%)

OPT-1001 : Current memory(MB): used = 154, reserve = 125, peak = 154.
OPT-1001 : Update timing in Manhattan mode
TMR-2503 : Start to update net delay, extr mode = 3.
TMR-2504 : Update delay of 743 nets completely.
TMR-2502 : Annotate delay completely, extr mode = 3.
TMR-3501 : Forward propagation: start to calculate arrival time...
TMR-3502 : Backward propagation: start to calculate required time...
TMR-3503 : Timing propagation completes.
OPT-1001 : End timing update;  0.007737s wall, 0.000000s user + 0.000000s system = 0.000000s CPU (n/a%)

OPT-1001 : Start pin optimization...
OPT-1001 : skip pin optimization...
OPT-1001 : Update timing in global mode
PHY-1001 : Start incremental global routing, caller is place ...
RUN-1001 : Generating global routing grids ...
PHY-1001 : Generate routing nets ...
PHY-1001 : Reuse net number 596/745.
PHY-1001 : Global iterations in 16 thread ...
PHY-1002 : len = 21440, over cnt = 0(0%), over = 0, worst = 0
PHY-1001 : End global iterations;  0.003850s wall, 0.000000s user + 0.000000s system = 0.000000s CPU (n/a%)

PHY-1001 : Congestion index: top1 = 20.24, top5 = 12.52, top10 = 7.66, top15 = 5.20.
PHY-1001 : End incremental global routing;  0.049105s wall, 0.000000s user + 0.000000s system = 0.000000s CPU (n/a%)

TMR-2503 : Start to update net delay, extr mode = 5.
TMR-2504 : Update delay of 743 nets completely.
TMR-2502 : Annotate delay completely, extr mode = 5.
TMR-3501 : Forward propagation: start to calculate arrival time...
TMR-3502 : Backward propagation: start to calculate required time...
TMR-3503 : Timing propagation completes.
OPT-1001 : End timing update;  0.010768s wall, 0.000000s user + 0.000000s system = 0.000000s CPU (n/a%)

RUN-1001 : Generating global routing grids ...
PHY-1001 : Generate routing nets ...
PHY-1001 : Reuse net number 596/745.
PHY-1001 : Global iterations in 16 thread ...
PHY-1002 : len = 21440, over cnt = 0(0%), over = 0, worst = 0
PHY-1001 : End global iterations;  0.002089s wall, 0.000000s user + 0.000000s system = 0.000000s CPU (n/a%)

PHY-1001 : Congestion index: top1 = 20.24, top5 = 12.52, top10 = 7.66, top15 = 5.20.
OPT-1001 : Update timing in Manhattan mode
TMR-2503 : Start to update net delay, extr mode = 3.
TMR-2504 : Update delay of 743 nets completely.
TMR-2502 : Annotate delay completely, extr mode = 3.
TMR-3501 : Forward propagation: start to calculate arrival time...
TMR-3502 : Backward propagation: start to calculate required time...
TMR-3503 : Timing propagation completes.
OPT-1001 : End timing update;  0.007605s wall, 0.000000s user + 0.000000s system = 0.000000s CPU (n/a%)

RUN-1001 : QoR Analysis:
OPT-0007 :   WNS 2147483647 TNS 0 NUM_FEPS 0
RUN-1001 :   No local congestion issue, and most congested 1% tile average routing util is 19.724138
RUN-1001 :   Top critical paths
OPT-1001 : End physical optimization;  0.438037s wall, 0.078125s user + 0.015625s system = 0.093750s CPU (21.4%)

RUN-1003 : finish command "place" in  3.197160s wall, 0.640625s user + 0.390625s system = 1.031250s CPU (32.3%)

RUN-1004 : used memory is 138 MB, reserved memory is 109 MB, peak memory is 154 MB
RUN-1002 : start command "export_db keyboard_place.db"
RUN-1001 : Exported /
RUN-1001 : Exported flow parameters
RUN-1001 : Exported libs
RUN-1001 : Exported entities
RUN-1001 : Exported ports
RUN-1001 : Exported pins
RUN-1001 : Exported instances
RUN-1001 : Exported nets
RUN-1001 : Exported buses
RUN-1001 : Exported models
RUN-1001 : Exported congestions
RUN-1001 : Exported violations
RUN-1001 : Exported timing constraints
RUN-1001 : Exported IO constraints
RUN-1001 : Exported Inst constraints
RUN-1002 : start command "route"
RUN-1001 : Open license file E:/Anlogic/TD5.6.59063/license/Anlogic.lic
RUN-1001 : Print Global Property
RUN-1001 : ---------------------------------------------------------------
RUN-1001 :        Parameters        |  Settings  |  Default Values  |  Note  
RUN-1001 : ---------------------------------------------------------------
RUN-1001 :          message         |  standard  |     standard     |        
RUN-1001 :   mixed_pack_place_flow  |     on     |        on        |        
RUN-1001 :        qor_monitor       |    off     |       off        |        
RUN-1001 :        syn_ip_flow       |    off     |       off        |        
RUN-1001 :          thread          |    auto    |       auto       |        
RUN-1001 : ---------------------------------------------------------------
RUN-1001 : Print Route Property
RUN-1001 : -------------------------------------------------------
RUN-1001 :    Parameters    |  Settings  |  Default Values  |  Note  
RUN-1001 : -------------------------------------------------------
RUN-1001 :      effort      |   medium   |      medium      |        
RUN-1001 :     fix_hold     |    off     |       off        |        
RUN-1001 :    opt_timing    |   medium   |      medium      |        
RUN-1001 :   phy_sim_model  |    off     |       off        |        
RUN-1001 :     priority     |   timing   |      timing      |        
RUN-1001 :     swap_pin     |     on     |        on        |        
RUN-1001 : -------------------------------------------------------
PHY-1001 : Route runs in 16 thread(s)
RUN-1001 : There are total 365 instances
RUN-1001 : 168 mslices, 169 lslices, 24 pads, 0 brams, 0 dsps
RUN-1001 : There are total 745 nets
RUN-1001 : 406 nets have 2 pins
RUN-1001 : 238 nets have [3 - 5] pins
RUN-1001 : 81 nets have [6 - 10] pins
RUN-1001 : 11 nets have [11 - 20] pins
RUN-1001 : 7 nets have [21 - 99] pins
RUN-1001 : 2 nets have 100+ pins
RUN-1002 : start command "start_timer -report"
TMR-2505 : Start building timing graph for model keyboard_instance.
TMR-2506 : Build timing graph completely. Port num: 8, tpin num: 2642, tnet num: 743, tinst num: 363, tnode num: 3117, tedge num: 4392.
TMR-2508 : Levelizing timing graph completed, there are 41 levels in total.
TMR-2501 : Timing graph initialized successfully.
PHY-1001 : 168 mslices, 169 lslices, 24 pads, 0 brams, 0 dsps
TMR-2503 : Start to update net delay, extr mode = 3.
TMR-2504 : Update delay of 743 nets completely.
TMR-2502 : Annotate delay completely, extr mode = 3.
TMR-3001 : Initiate 0 clocks from SDC.
TMR-3004 : Map sdc constraints, there are 0 constraints in total.
TMR-3003 : Constraints initiated successfully.
TMR-3501 : Forward propagation: start to calculate arrival time...
TMR-3502 : Backward propagation: start to calculate required time...
TMR-3503 : Timing propagation completes.
PHY-1001 : Start global routing, caller is route ...
RUN-1001 : Generating global routing grids ...
PHY-1001 : Generate routing nets ...
PHY-1001 : Global iterations in 16 thread ...
PHY-1002 : len = 20240, over cnt = 52(0%), over = 89, worst = 5
PHY-1002 : len = 20688, over cnt = 24(0%), over = 36, worst = 4
PHY-1002 : len = 21072, over cnt = 7(0%), over = 8, worst = 2
PHY-1002 : len = 21184, over cnt = 0(0%), over = 0, worst = 0
PHY-1001 : End global iterations;  0.116791s wall, 0.000000s user + 0.000000s system = 0.000000s CPU (n/a%)

PHY-1001 : Congestion index: top1 = 19.81, top5 = 12.37, top10 = 7.55, top15 = 5.14.
PHY-1001 : End global routing;  0.158477s wall, 0.015625s user + 0.000000s system = 0.015625s CPU (9.9%)

PHY-1001 : Start detail routing ...
PHY-1001 : Current memory(MB): used = 175, reserve = 146, peak = 188.
PHY-1001 : Detailed router is running in normal mode.
PHY-1001 : Generate detailed routing grids ...
PHY-1001 : Generate nets ...
PHY-1001 : net clk_50M_dup_1 will be routed on clock mesh
PHY-1001 : clock net U1/scan_clk_syn_4 will be merged with clock U1/scan_clk
PHY-1001 : Current memory(MB): used = 441, reserve = 417, peak = 441.
PHY-1001 : End build detailed router design. 3.390247s wall, 0.968750s user + 0.031250s system = 1.000000s CPU (29.5%)

PHY-1001 : Detail Route ...
PHY-1001 : ===== Detail Route Phase 1 =====
PHY-1001 : Clock net routing.....
PHY-1001 : Routed 0% nets.
PHY-1022 : len = 8792, over cnt = 0(0%), over = 0, worst = 0, crit = 0
PHY-1001 : End initial clock net routed; 0.344851s wall, 0.046875s user + 0.000000s system = 0.046875s CPU (13.6%)

PHY-1001 : Current memory(MB): used = 471, reserve = 449, peak = 471.
PHY-1001 : End phase 1; 0.350289s wall, 0.046875s user + 0.000000s system = 0.046875s CPU (13.4%)

PHY-1001 : ===== Detail Route Phase 2 =====
PHY-1001 : Initial routing.....
PHY-1001 : Routed 23% nets.
PHY-1001 : Routed 34% nets.
PHY-1001 : Routed 35% nets.
PHY-1001 : Patch 330 net; 0.210898s wall, 0.125000s user + 0.000000s system = 0.125000s CPU (59.3%)

PHY-1022 : len = 43880, over cnt = 15(0%), over = 15, worst = 1, crit = 0
PHY-1001 : Current memory(MB): used = 471, reserve = 449, peak = 471.
PHY-1001 : End initial routed; 0.292843s wall, 0.156250s user + 0.015625s system = 0.171875s CPU (58.7%)

PHY-1001 : Update timing.....
PHY-1001 : 0/596(0%) critical/total net(s).
RUN-1001 : ------------------------------------------
RUN-1001 :   Type   |    WNS(ns)    |  TNS(ns)  |  FEP  
RUN-1001 : ------------------------------------------
RUN-1001 :   Setup  |  2147483.647  |   0.000   |   0   
RUN-1001 :   Hold   |  2147483.647  |   0.000   |   0   
RUN-1001 : ------------------------------------------
PHY-1001 : End update timing; 0.165646s wall, 0.015625s user + 0.000000s system = 0.015625s CPU (9.4%)

PHY-1001 : Current memory(MB): used = 472, reserve = 449, peak = 472.
PHY-1001 : End phase 2; 0.458563s wall, 0.171875s user + 0.015625s system = 0.187500s CPU (40.9%)

PHY-1001 : ===== Detail Route Phase 3 =====
PHY-1001 : Optimize timing.....
PHY-1022 : len = 43880, over cnt = 15(0%), over = 15, worst = 1, crit = 0
PHY-1001 : End optimize timing; 0.004625s wall, 0.000000s user + 0.000000s system = 0.000000s CPU (n/a%)

PHY-1001 : Ripup-reroute.....
PHY-1001 : ===== DR Iter 1 =====
PHY-1022 : len = 43880, over cnt = 2(0%), over = 2, worst = 1, crit = 0
PHY-1001 : End DR Iter 1; 0.021082s wall, 0.000000s user + 0.000000s system = 0.000000s CPU (n/a%)

PHY-1001 : ===== DR Iter 2 =====
PHY-1022 : len = 43888, over cnt = 0(0%), over = 0, worst = 0, crit = 0
PHY-1001 : End DR Iter 2; 0.012762s wall, 0.000000s user + 0.000000s system = 0.000000s CPU (n/a%)

PHY-1001 : Update timing.....
PHY-1001 : 0/596(0%) critical/total net(s).
RUN-1001 : ------------------------------------------
RUN-1001 :   Type   |    WNS(ns)    |  TNS(ns)  |  FEP  
RUN-1001 : ------------------------------------------
RUN-1001 :   Setup  |  2147483.647  |   0.000   |   0   
RUN-1001 :   Hold   |  2147483.647  |   0.000   |   0   
RUN-1001 : ------------------------------------------
PHY-1001 : End update timing; 0.168688s wall, 0.046875s user + 0.000000s system = 0.046875s CPU (27.8%)

PHY-1001 : Commit to database.....
PHY-1001 : 4 feed throughs used by 4 nets
PHY-1001 : End commit to database; 0.064580s wall, 0.015625s user + 0.000000s system = 0.015625s CPU (24.2%)

PHY-1001 : Current memory(MB): used = 482, reserve = 459, peak = 482.
PHY-1001 : End phase 3; 0.399441s wall, 0.109375s user + 0.015625s system = 0.125000s CPU (31.3%)

PHY-1003 : Routed, final wirelength = 43888
PHY-1001 : Current memory(MB): used = 482, reserve = 459, peak = 482.
PHY-1001 : End export database. 0.006197s wall, 0.000000s user + 0.000000s system = 0.000000s CPU (n/a%)

PHY-1001 : End detail routing;  4.789940s wall, 1.343750s user + 0.062500s system = 1.406250s CPU (29.4%)

RUN-1003 : finish command "route" in  5.144583s wall, 1.437500s user + 0.062500s system = 1.500000s CPU (29.2%)

RUN-1004 : used memory is 431 MB, reserved memory is 406 MB, peak memory is 482 MB
RUN-1002 : start command "report_area -io_info -file keyboard_phy.area"
RUN-1001 : standard
***Report Model: keyboard_instance Device: EG4S20BG256***

IO Statistics
#IO                        24
  #input                    6
  #output                  18
  #inout                    0

Utilization Statistics
#lut                      577   out of  19600    2.94%
#reg                      228   out of  19600    1.16%
#le                       649
  #lut only               421   out of    649   64.87%
  #reg only                72   out of    649   11.09%
  #lut&reg                156   out of    649   24.04%
#dsp                        0   out of     29    0.00%
#bram                       0   out of     64    0.00%
  #bram9k                   0
  #fifo9k                   0
#bram32k                    0   out of     16    0.00%
#pad                       24   out of    188   12.77%
  #ireg                     0
  #oreg                     0
  #treg                     0
#pll                        0   out of      4    0.00%
#gclk                       2   out of     16   12.50%

Clock Resource Statistics
Index     ClockNet         Type               DriverType         Driver                      Fanout
#1        clk_50M_dup_1    GCLK               io                 clk_50M_syn_2.di            122
#2        U1/scan_clk      GCLK               lslice             U1/scan_clk_reg_syn_9.q0    11


Detailed IO Report

        Name           Direction    Location    IOStandard    DriveStrength    PullType    PackReg  
        RSTn             INPUT         A9        LVCMOS33          N/A          PULLUP      NONE    
       clk_50M           INPUT         R7        LVCMOS33          N/A          PULLUP      NONE    
       col[3]            INPUT        F10        LVCMOS33          N/A          PULLUP      NONE    
       col[2]            INPUT        C11        LVCMOS33          N/A          PULLUP      NONE    
       col[1]            INPUT        D11        LVCMOS33          N/A          PULLUP      NONE    
       col[0]            INPUT        E11        LVCMOS33          N/A          PULLUP      NONE    
  DigitronCS_Out[3]     OUTPUT         A3        LVCMOS33           8            NONE       NONE    
  DigitronCS_Out[2]     OUTPUT         A5        LVCMOS33           8            NONE       NONE    
  DigitronCS_Out[1]     OUTPUT         B6        LVCMOS33           8            NONE       NONE    
  DigitronCS_Out[0]     OUTPUT         C9        LVCMOS33           8            NONE       NONE    
   Digitron_Out[7]      OUTPUT         C8        LVCMOS33           8            NONE       NONE    
   Digitron_Out[6]      OUTPUT         A8        LVCMOS33           8            NONE       NONE    
   Digitron_Out[5]      OUTPUT         B5        LVCMOS33           8            NONE       NONE    
   Digitron_Out[4]      OUTPUT         A7        LVCMOS33           8            NONE       NONE    
   Digitron_Out[3]      OUTPUT         E8        LVCMOS33           8            NONE       NONE    
   Digitron_Out[2]      OUTPUT         B8        LVCMOS33           8            NONE       NONE    
   Digitron_Out[1]      OUTPUT         A6        LVCMOS33           8            NONE       NONE    
   Digitron_Out[0]      OUTPUT         A4        LVCMOS33           8            NONE       NONE    
       buzzer           OUTPUT        H11        LVCMOS33           8            NONE       NONE    
        light           OUTPUT        B14        LVCMOS33           8            NONE       NONE    
       row[3]           OUTPUT         D9        LVCMOS33           8            NONE       NONE    
       row[2]           OUTPUT         F9        LVCMOS33           8            NONE       NONE    
       row[1]           OUTPUT        C10        LVCMOS33           8            NONE       NONE    
       row[0]           OUTPUT        E10        LVCMOS33           8            NONE       NONE    

Report Hierarchy Area:
+-------------------------------------------------------------------------------------------+
|Instance |Module                      |le     |lut     |ripple  |seq     |bram    |dsp     |
+-------------------------------------------------------------------------------------------+
|top      |keyboard_instance           |649    |440     |137     |228     |0       |0       |
|  U1     |keyboard_scan               |71     |49      |9       |53      |0       |0       |
|  U2     |key_filter                  |62     |24      |6       |52      |0       |0       |
|  U3     |onehot2binary               |470    |329     |117     |107     |0       |0       |
|  U5     |Digitron_TimeDisplay_module |41     |33      |5       |16      |0       |0       |
+-------------------------------------------------------------------------------------------+


DataNet Average Fanout:

   Index     Fanout    Nets  
    #1         1       382   
    #2         2       177   
    #3         3        34   
    #4         4        27   
    #5        5-10      81   
    #6       11-50      16   
  Average     2.43           

RUN-1002 : start command "export_db keyboard_pr.db"
RUN-1001 : Exported /
RUN-1001 : Exported flow parameters
RUN-1001 : Exported libs
RUN-1001 : Exported entities
RUN-1001 : Exported ports
RUN-1001 : Exported pins
RUN-1001 : Exported instances
RUN-1001 : Exported nets
RUN-1001 : Exported buses
RUN-1001 : Exported models
RUN-1001 : Exported congestions
RUN-1001 : Exported violations
RUN-1001 : Exported timing constraints
RUN-1001 : Exported IO constraints
RUN-1001 : Exported Inst constraints
RUN-1002 : start command "export_bid keyboard_inst.bid"
RUN-1002 : start command "bitgen -bit keyboard.bit -unused_io_status pulldown"
BIT-1003 : Start to generate bitstream. 
BIT-1002 : Bitgen processed 164 unused pads, reserve input tri_state with pulldown
BIT-1002 : Init instances with 16 threads.
BIT-1002 : Init instances completely, inst num: 527
BIT-1002 : Init pips with 16 threads.
BIT-1002 : Init pips completely, net num: 745, pip num: 5060
BIT-1002 : Init feedthrough completely, num: 4
BIT-1003 : Multithreading accelaration with 16 threads.
BIT-1003 : Generate bitstream completely, there are 721 valid insts, and 16993 bits set as '1'.
BIT-1004 : PLL setting string = 0000
BIT-1004 : Generate bits file keyboard.bit.
RUN-1003 : finish command "bitgen -bit keyboard.bit -unused_io_status pulldown" in  1.349059s wall, 7.328125s user + 0.078125s system = 7.406250s CPU (549.0%)

RUN-1004 : used memory is 434 MB, reserved memory is 411 MB, peak memory is 628 MB
RUN-1002 : start command "backup_run_log run.log ../.logs/phy_1/td_20240828_151538.log"
