============================================================
   Tang Dynasty, V5.6.71036
      Copyright (c) 2012-2023 Anlogic Inc.
   Executable = C:/Anlogic/TD5.6.2/bin/td.exe
   Built at =   20:34:38 Mar 21 2023
   Run by =     Osscarrrrr
   Run Date =   Tue Aug 27 21:57:55 2024

   Run on =     ADMINISTRATOR
============================================================
RUN-1002 : start command "open_project keyboard.prj"
RUN-1001 : Print Global Property
RUN-1001 : ---------------------------------------------------------------
RUN-1001 :        Parameters        |  Settings  |  Default Values  |  Note  
RUN-1001 : ---------------------------------------------------------------
RUN-1001 :          message         |  standard  |     standard     |        
RUN-1001 :   mixed_pack_place_flow  |     on     |        on        |        
RUN-1001 :        qor_monitor       |    off     |       off        |        
RUN-1001 :        syn_ip_flow       |    off     |       off        |        
RUN-1001 :          thread          |    auto    |       auto       |        
RUN-1001 : ---------------------------------------------------------------
RUN-1001 : Print Design Property
RUN-1001 : --------------------------------------------------------------
RUN-1001 :        Parameters       |  Settings  |  Default Values  |  Note  
RUN-1001 : --------------------------------------------------------------
RUN-1001 :   default_reg_initial   |    auto    |       auto       |        
RUN-1001 :        infer_add        |     on     |        on        |        
RUN-1001 :        infer_fsm        |    off     |       off        |        
RUN-1001 :        infer_mult       |     on     |        on        |        
RUN-1001 :        infer_ram        |     on     |        on        |        
RUN-1001 :        infer_reg        |     on     |        on        |        
RUN-1001 :   infer_reg_init_value  |     on     |        on        |        
RUN-1001 :        infer_rom        |     on     |        on        |        
RUN-1001 :      infer_shifter      |     on     |        on        |        
RUN-1001 : --------------------------------------------------------------
RUN-1001 : Print Rtl Property
RUN-1001 : --------------------------------------------------------------
RUN-1001 :        Parameters       |  Settings  |  Default Values  |  Note  
RUN-1001 : --------------------------------------------------------------
RUN-1001 :       compress_add      |   ripple   |      ripple      |        
RUN-1001 :        elf_sload        |    off     |       off        |        
RUN-1001 :       fix_undriven      |     0      |        0         |        
RUN-1001 :         flatten         |    off     |       off        |        
RUN-1001 :       gate_sharing      |     on     |        on        |        
RUN-1001 :    hdl_warning_level    |   normal   |      normal      |        
RUN-1001 :   impl_internal_tribuf  |     on     |        on        |        
RUN-1001 :      impl_set_reset     |     on     |        on        |        
RUN-1001 :        infer_gsr        |    off     |       off        |        
RUN-1001 :      keep_hierarchy     |    auto    |       auto       |        
RUN-1001 :        max_fanout       |    9999    |       9999       |        
RUN-1001 :      max_oh2bin_len     |     10     |        10        |        
RUN-1001 :       merge_equal       |     on     |        on        |        
RUN-1001 :       merge_equiv       |     on     |        on        |        
RUN-1001 :        merge_mux        |    off     |       off        |        
RUN-1001 :     min_control_set     |     8      |        8         |        
RUN-1001 :      min_ripple_len     |    auto    |       auto       |        
RUN-1001 :       oh2bin_ratio      |    0.08    |       0.08       |        
RUN-1001 :     opt_adder_fanout    |     on     |        on        |        
RUN-1001 :        opt_arith        |     on     |        on        |        
RUN-1001 :       opt_big_gate      |    off     |       off        |        
RUN-1001 :        opt_const        |     on     |        on        |        
RUN-1001 :      opt_const_mult     |     on     |        on        |        
RUN-1001 :       opt_lessthan      |     on     |        on        |        
RUN-1001 :         opt_mux         |    off     |       off        |        
RUN-1001 :         opt_ram         |    high    |       high       |        
RUN-1001 :      rtl_sim_model      |    off     |       off        |        
RUN-1001 :         seq_syn         |     on     |        on        |        
RUN-1001 : --------------------------------------------------------------
HDL-1007 : analyze verilog file ../../../src/Digitron_TimeDisplay_module.v
HDL-1007 : analyze verilog file ../../../src/key_filter.v
HDL-1007 : analyze verilog file ../../../src/keyboard_instance.v
HDL-1007 : analyze verilog file ../../../src/keyboard_scan.v
HDL-1007 : analyze verilog file ../../../src/onehot2binary.v
RUN-1001 : Project manager successfully analyzed 5 source files.
RUN-1002 : start command "import_device eagle_s20.db -package EG4S20BG256"
ARC-1001 : Device Initialization.
ARC-1001 : ------------------------------------------------------------------
ARC-1001 :            OPTION            |          IO          |   SETTING   
ARC-1001 : ------------------------------------------------------------------
ARC-1001 :   cso_b/cclk/mosi/miso/dout  |  T3/R11/T10/P10/S11  |    gpio    
ARC-1001 :             done             |         P13          |    gpio    
ARC-1001 :           program_b          |          T2          |  dedicate  
ARC-1001 :        tdi/tms/tck/tdo       |   C12/A15/C14/E14    |  dedicate  
ARC-1001 : ------------------------------------------------------------------
ARC-1004 : Device setting, marked 5 dedicate IOs in total.
RUN-1002 : start command "import_db ../syn_1/keyboard_gate.db"
RUN-1001 : Importing database generated by Tang Dynasty, V5.6.71036.
RUN-1001 : Database version number 46146.
RUN-1001 : Import flow parameters
RUN-1001 : Import IO constraints
RUN-1001 : Import Inst constraints
RUN-1001 : Import design success TD_VERSION=5.6.71036 , DB_VERSION=46146
RUN-1002 : start command "place"
RUN-1001 : Open license file C:/Anlogic/TD5.6.2/license/Anlogic.lic
RUN-1001 : Print Global Property
RUN-1001 : ---------------------------------------------------------------
RUN-1001 :        Parameters        |  Settings  |  Default Values  |  Note  
RUN-1001 : ---------------------------------------------------------------
RUN-1001 :          message         |  standard  |     standard     |        
RUN-1001 :   mixed_pack_place_flow  |     on     |        on        |        
RUN-1001 :        qor_monitor       |    off     |       off        |        
RUN-1001 :        syn_ip_flow       |    off     |       off        |        
RUN-1001 :          thread          |    auto    |       auto       |        
RUN-1001 : ---------------------------------------------------------------
RUN-1001 : Print Place Property
RUN-1001 : --------------------------------------------------------------
RUN-1001 :        Parameters       |  Settings  |  Default Values  |  Note  
RUN-1001 : --------------------------------------------------------------
RUN-1001 :      detailed_place     |     on     |        on        |        
RUN-1001 :          effort         |   medium   |      medium      |        
RUN-1001 :         fix_hold        |    off     |       off        |        
RUN-1001 :       legalization      |    ori     |       ori        |        
RUN-1001 :      new_spreading      |     on     |        on        |        
RUN-1001 :        opt_timing       |   medium   |      medium      |        
RUN-1001 :   post_clock_route_opt  |    off     |       off        |        
RUN-1001 :       pr_strategy       |     1      |        1         |        
RUN-1001 :        relaxation       |    1.00    |       1.00       |        
RUN-1001 :         retiming        |    off     |       off        |        
RUN-1001 : --------------------------------------------------------------
PHY-3001 : Placer runs in 20 thread(s).
RUN-1002 : start command "legalize_phy_inst"
SYN-1011 : Flatten model keyboard_instance
RUN-1002 : start command "phys_opt -simplify_lut"
SYN-4024 : Net "clk_50M_dup_5" drives clk pins.
SYN-4024 : Net "U1/scan_clk" drives clk pins.
SYN-4025 : Tag rtl::Net U1/scan_clk as clock net
SYN-4025 : Tag rtl::Net clk_50M_dup_5 as clock net
SYN-4026 : Tagged 2 rtl::Net as clock net
SYN-4015 : Create BUFG instance for clk Net U1/scan_clk to drive 24 clock pins.
PHY-1001 : Populate physical database on model keyboard_instance.
RUN-1001 : There are total 436 instances
RUN-0007 : 217 luts, 143 seqs, 32 mslices, 16 lslices, 24 pads, 0 brams, 0 dsps
RUN-1001 : There are total 535 nets
RUN-1001 : 303 nets have 2 pins
RUN-1001 : 180 nets have [3 - 5] pins
RUN-1001 : 36 nets have [6 - 10] pins
RUN-1001 : 8 nets have [11 - 20] pins
RUN-1001 : 6 nets have [21 - 99] pins
RUN-1001 : 2 nets have 100+ pins
RUN-1001 : Report Control nets information:
RUN-1001 : DFF Distribution
RUN-1001 : ----------------------------------
RUN-1001 :   CE   |  SSR  |  ASR  |  DFF Count  
RUN-1001 : ----------------------------------
RUN-1001 :   No   |  No   |  No   |     77      
RUN-1001 :   No   |  No   |  Yes  |      8      
RUN-1001 :   No   |  Yes  |  No   |     26      
RUN-1001 :   Yes  |  No   |  No   |      0      
RUN-1001 :   Yes  |  No   |  Yes  |     32      
RUN-1001 :   Yes  |  Yes  |  No   |      0      
RUN-1001 : ----------------------------------
RUN-0007 : Control Group Statistic
RUN-0007 : ---------------------------
RUN-0007 :   #CLK  |  #CE  |  #SSR/ASR  
RUN-0007 : ---------------------------
RUN-0007 :    2    |   2   |     3      
RUN-0007 : ---------------------------
RUN-0007 : Control Set = 5
PHY-3001 : Initial placement ...
PHY-3001 : design contains 434 instances, 217 luts, 143 seqs, 48 slices, 5 macros(48 instances: 32 mslices 16 lslices)
PHY-0007 : Cell area utilization is 1%
PHY-3001 : Global placement ...
PHY-3001 : Initial: Len = 125976
PHY-3001 : Clustering ...
PHY-3001 : Level 0 #clusters 434.
PHY-3001 : End clustering;  0.000011s wall, 0.000000s user + 0.000000s system = 0.000000s CPU (n/a%)

PHY-3001 : Run with size of 4
PHY-3001 : Cell area utilization is 1%
PHY-3001 : :::0::: Try harder cell spreading with beta_ = 0
PHY-3002 : Step(1): len = 81210.2, overlap = 0
PHY-3002 : Step(2): len = 50449.8, overlap = 0
PHY-3002 : Step(3): len = 36113.7, overlap = 0
PHY-3002 : Step(4): len = 27973.1, overlap = 0
PHY-3002 : Step(5): len = 23086, overlap = 0
PHY-3002 : Step(6): len = 20999.5, overlap = 0
PHY-3002 : Step(7): len = 19545.1, overlap = 0
PHY-3002 : Step(8): len = 17682.6, overlap = 0
PHY-3002 : Step(9): len = 17786.8, overlap = 0
PHY-3002 : Step(10): len = 17699.4, overlap = 0
PHY-3002 : Step(11): len = 16603.9, overlap = 0
PHY-3002 : Step(12): len = 16283.7, overlap = 0
PHY-3002 : Step(13): len = 16133.8, overlap = 0
PHY-3002 : Step(14): len = 16082.4, overlap = 0
PHY-3002 : Step(15): len = 16064.7, overlap = 0
PHY-3002 : Step(16): len = 15108.5, overlap = 0
PHY-3002 : Step(17): len = 15352.6, overlap = 0
PHY-3002 : Step(18): len = 14755.2, overlap = 0
PHY-3002 : Step(19): len = 14414.4, overlap = 0
PHY-3002 : Step(20): len = 14591.3, overlap = 0
PHY-3002 : Step(21): len = 13887.1, overlap = 0
PHY-3002 : Step(22): len = 13151.9, overlap = 0
PHY-3002 : Step(23): len = 12969.2, overlap = 0
PHY-3002 : Step(24): len = 11983.4, overlap = 0
PHY-3002 : Step(25): len = 11896.3, overlap = 0
PHY-3002 : Step(26): len = 11926.6, overlap = 0
PHY-3002 : Step(27): len = 11358.1, overlap = 0
PHY-3002 : Step(28): len = 10960, overlap = 0
PHY-3002 : Step(29): len = 10998.5, overlap = 0
PHY-3002 : Step(30): len = 11184, overlap = 0
PHY-3002 : Step(31): len = 10270.9, overlap = 0
PHY-3002 : Step(32): len = 9821, overlap = 0
PHY-3002 : Step(33): len = 9517.2, overlap = 0
PHY-3002 : Step(34): len = 9210.7, overlap = 0
PHY-3002 : Step(35): len = 8845.8, overlap = 0
PHY-3002 : Step(36): len = 8363, overlap = 0
PHY-3002 : Step(37): len = 8310.6, overlap = 0
PHY-3002 : Step(38): len = 7559.6, overlap = 0
PHY-3002 : Step(39): len = 7367.9, overlap = 0
PHY-3002 : Step(40): len = 7386.9, overlap = 0
PHY-3002 : Step(41): len = 6754.9, overlap = 0
PHY-3002 : Step(42): len = 6847.3, overlap = 0
PHY-3002 : Step(43): len = 6838.7, overlap = 0
PHY-3001 : Legalization ...
PHY-3001 : End legalization;  0.003474s wall, 0.000000s user + 0.000000s system = 0.000000s CPU (n/a%)

PHY-3001 : Run with size of 4
PHY-3001 : Cell area utilization is 2%
PHY-3001 : :::0::: Try harder cell spreading with beta_ = 0
PHY-3002 : Step(44): len = 6110.2, overlap = 0
PHY-3002 : Step(45): len = 6147.8, overlap = 0
PHY-3002 : Step(46): len = 6147.8, overlap = 0
PHY-3002 : Step(47): len = 5954.8, overlap = 0
PHY-3002 : Step(48): len = 6033.1, overlap = 0
PHY-3002 : Step(49): len = 6033.1, overlap = 0
PHY-3001 : Run with size of 2
PHY-3001 : Cell area utilization is 2%
PHY-3001 : :::0::: Try harder cell spreading with beta_ = 0.00081376
PHY-3002 : Step(50): len = 5877.3, overlap = 5.875
PHY-3002 : Step(51): len = 5877.3, overlap = 5.875
OPT-1001 : Start physical optimization ...
OPT-1001 : Total overflow 24.91 peak overflow 2.34
OPT-1001 : Start high-fanout net optimization ...
OPT-1001 : Update timing in global mode
PHY-1001 : Start incremental global routing, caller is place ...
RUN-1001 : Generating global routing grids ...
RUN-1001 : Building simple global routing graph ...
PHY-1001 : Generate routing nets ...
PHY-1001 : Reuse net number 0/535.
PHY-1001 : Global iterations in 20 thread ...
PHY-1002 : len = 6304, over cnt = 29(0%), over = 126, worst = 13
PHY-1001 : End global iterations;  0.017166s wall, 0.000000s user + 0.000000s system = 0.000000s CPU (n/a%)

PHY-1001 : Congestion index: top1 = 15.61, top5 = 4.83, top10 = 2.40, top15 = 1.60.
PHY-1001 : End incremental global routing;  0.050820s wall, 0.031250s user + 0.000000s system = 0.031250s CPU (61.5%)

RUN-1002 : start command "start_timer -report"
TMR-5001 WARNING: No sdc constraints found while initiating timer.
TMR-2505 : Start building timing graph for model keyboard_instance.
TMR-2506 : Build timing graph completely. Port num: 8, tpin num: 1970, tnet num: 533, tinst num: 434, tnode num: 2438, tedge num: 3154.
TMR-2508 : Levelizing timing graph completed, there are 29 levels in total.
TMR-2501 : Timing graph initialized successfully.
OPT-1001 : End timing update;  0.122897s wall, 0.078125s user + 0.000000s system = 0.078125s CPU (63.6%)

OPT-1001 : 0 high-fanout net processed.
OPT-1001 : End high-fanout net optimization;  0.177372s wall, 0.109375s user + 0.000000s system = 0.109375s CPU (61.7%)

OPT-1001 : Current memory(MB): used = 147, reserve = 120, peak = 147.
OPT-1001 : End physical optimization;  0.181606s wall, 0.109375s user + 0.000000s system = 0.109375s CPU (60.2%)

PHY-3001 : Start packing ...
SYN-4007 : Packing 0 MUX to BLE ...
SYN-4008 : Packed 0 MUX and 0 SEQ to BLE.
SYN-4007 : Packing 217 LUT to BLE ...
SYN-4008 : Packed 217 LUT and 81 SEQ to BLE.
SYN-4003 : Packing 62 remaining SEQ's ...
SYN-4005 : Packed 39 SEQ with LUT/SLICE
SYN-4006 : 99 single LUT's are left
SYN-4006 : 23 single SEQ's are left
SYN-4011 : Packing model "keyboard_instance" (AL_USER_NORMAL) with 240/316 primitive instances ...
PHY-3001 : End packing;  0.010746s wall, 0.015625s user + 0.000000s system = 0.015625s CPU (145.4%)

PHY-1001 : Populate physical database on model keyboard_instance.
RUN-1001 : There are total 209 instances
RUN-1001 : 90 mslices, 91 lslices, 24 pads, 0 brams, 0 dsps
RUN-1001 : There are total 454 nets
RUN-1001 : 220 nets have 2 pins
RUN-1001 : 175 nets have [3 - 5] pins
RUN-1001 : 43 nets have [6 - 10] pins
RUN-1001 : 9 nets have [11 - 20] pins
RUN-1001 : 5 nets have [21 - 99] pins
RUN-1001 : 2 nets have 100+ pins
PHY-3001 : design contains 207 instances, 181 slices, 5 macros(48 instances: 32 mslices 16 lslices)
PHY-3001 : Cell area utilization is 2%
PHY-3001 : After packing: Len = 6149.6, Over = 10.5
PHY-3001 : Run with size of 2
PHY-3001 : Cell area utilization is 2%
PHY-3001 : :::0::: Try harder cell spreading with beta_ = 5.81123e-05
PHY-3002 : Step(52): len = 6096.1, overlap = 10.75
PHY-3002 : Step(53): len = 6117.8, overlap = 12
PHY-3002 : Step(54): len = 6067.3, overlap = 12.75
PHY-3001 : :::1::: Try harder cell spreading with beta_ = 0.000116225
PHY-3002 : Step(55): len = 5938.5, overlap = 12.75
PHY-3002 : Step(56): len = 5944.8, overlap = 12.75
PHY-3001 : :::2::: Try harder cell spreading with beta_ = 0.000232449
PHY-3002 : Step(57): len = 5951.5, overlap = 12.75
PHY-3002 : Step(58): len = 5963.7, overlap = 12.75
PHY-3001 : Legalization ...
PHY-3001 : End legalization;  0.033434s wall, 0.015625s user + 0.000000s system = 0.015625s CPU (46.7%)

PHY-3001 : Trial Legalized: Len = 10508.4
PHY-3001 : Run with size of 2
PHY-3001 : Cell area utilization is 2%
PHY-3001 : :::0::: Try harder cell spreading with beta_ = 0
PHY-3002 : Step(59): len = 7542.8, overlap = 4
PHY-3002 : Step(60): len = 6526.7, overlap = 7.25
PHY-3002 : Step(61): len = 6242.7, overlap = 8.5
PHY-3002 : Step(62): len = 6176.2, overlap = 9.5
PHY-3002 : Step(63): len = 6018.5, overlap = 10
PHY-3001 : :::1::: Try harder cell spreading with beta_ = 0.000177338
PHY-3002 : Step(64): len = 5917.6, overlap = 9.5
PHY-3002 : Step(65): len = 5917.6, overlap = 9.5
PHY-3001 : :::2::: Try harder cell spreading with beta_ = 0.000354676
PHY-3002 : Step(66): len = 5845.6, overlap = 8.75
PHY-3002 : Step(67): len = 5834.3, overlap = 8.5
PHY-3001 : Legalization ...
PHY-3001 : End legalization;  0.003959s wall, 0.000000s user + 0.000000s system = 0.000000s CPU (n/a%)

PHY-3001 : Legalized: Len = 8612.3, Over = 0
PHY-3001 : Spreading special nets. 3 overflows in 2952 tiles.
PHY-3001 : End spreading;  0.002093s wall, 0.015625s user + 0.000000s system = 0.015625s CPU (746.5%)

PHY-3001 : 3 instances has been re-located, deltaX = 2, deltaY = 1, maxDist = 1.
PHY-3001 : Final: Len = 8658.3, Over = 0
OPT-1001 : Start physical optimization ...
OPT-1001 : Total overflow 0.00 peak overflow 0.00
OPT-1001 : Start high-fanout net optimization ...
OPT-1001 : Update timing in global mode
PHY-1001 : Start incremental global routing, caller is place ...
RUN-1001 : Generating global routing grids ...
PHY-1001 : Generate routing nets ...
PHY-1001 : Reuse net number 24/454.
PHY-1001 : Global iterations in 20 thread ...
PHY-1002 : len = 9504, over cnt = 41(0%), over = 77, worst = 7
PHY-1002 : len = 10072, over cnt = 11(0%), over = 11, worst = 1
PHY-1002 : len = 10240, over cnt = 0(0%), over = 0, worst = 0
PHY-1001 : End global iterations;  0.033016s wall, 0.015625s user + 0.015625s system = 0.031250s CPU (94.7%)

PHY-1001 : Congestion index: top1 = 20.06, top5 = 7.62, top10 = 3.91, top15 = 2.61.
PHY-1001 : End incremental global routing;  0.065181s wall, 0.046875s user + 0.015625s system = 0.062500s CPU (95.9%)

RUN-1002 : start command "start_timer -report"
TMR-5001 WARNING: No sdc constraints found while initiating timer.
TMR-2505 : Start building timing graph for model keyboard_instance.
TMR-2506 : Build timing graph completely. Port num: 8, tpin num: 1761, tnet num: 452, tinst num: 207, tnode num: 2130, tedge num: 2957.
TMR-2508 : Levelizing timing graph completed, there are 27 levels in total.
TMR-2501 : Timing graph initialized successfully.
OPT-1001 : End timing update;  0.107330s wall, 0.078125s user + 0.000000s system = 0.078125s CPU (72.8%)

OPT-1001 : 0 high-fanout net processed.
OPT-1001 : End high-fanout net optimization;  0.175950s wall, 0.125000s user + 0.015625s system = 0.140625s CPU (79.9%)

OPT-1001 : Current memory(MB): used = 148, reserve = 121, peak = 148.
OPT-1001 : Update timing in Manhattan mode
OPT-1001 : End timing update;  0.000207s wall, 0.000000s user + 0.000000s system = 0.000000s CPU (n/a%)

OPT-1001 : Start pin optimization...
OPT-1001 : skip pin optimization...
RUN-1001 : Generating global routing grids ...
PHY-1001 : Generate routing nets ...
PHY-1001 : Reuse net number 354/454.
PHY-1001 : Global iterations in 20 thread ...
PHY-1002 : len = 10240, over cnt = 0(0%), over = 0, worst = 0
PHY-1001 : End global iterations;  0.000960s wall, 0.000000s user + 0.000000s system = 0.000000s CPU (n/a%)

PHY-1001 : Congestion index: top1 = 20.06, top5 = 7.62, top10 = 3.91, top15 = 2.61.
OPT-1001 : Update timing in Manhattan mode
OPT-1001 : End timing update;  0.000413s wall, 0.000000s user + 0.000000s system = 0.000000s CPU (n/a%)

RUN-1001 : QoR Analysis:
OPT-0007 :   WNS 2147483647 TNS 0 NUM_FEPS 0
RUN-1001 :   No local congestion issue, and most congested 1% tile average routing util is 19.655172
RUN-1001 :   Top critical paths
OPT-1001 : End physical optimization;  0.207413s wall, 0.140625s user + 0.015625s system = 0.156250s CPU (75.3%)

RUN-1003 : finish command "place" in  1.638259s wall, 0.453125s user + 0.531250s system = 0.984375s CPU (60.1%)

RUN-1004 : used memory is 129 MB, reserved memory is 101 MB, peak memory is 148 MB
RUN-1002 : start command "export_db keyboard_place.db"
RUN-1001 : Exported /
RUN-1001 : Exported flow parameters
RUN-1001 : Exported libs
RUN-1001 : Exported entities
RUN-1001 : Exported ports
RUN-1001 : Exported pins
RUN-1001 : Exported instances
RUN-1001 : Exported nets
RUN-1001 : Exported buses
RUN-1001 : Exported models
RUN-1001 : Exported congestions
RUN-1001 : Exported violations
RUN-1001 : Exported IO constraints
RUN-1001 : Exported Inst constraints
RUN-1002 : start command "route"
RUN-1001 : Open license file C:/Anlogic/TD5.6.2/license/Anlogic.lic
RUN-1001 : Print Global Property
RUN-1001 : ---------------------------------------------------------------
RUN-1001 :        Parameters        |  Settings  |  Default Values  |  Note  
RUN-1001 : ---------------------------------------------------------------
RUN-1001 :          message         |  standard  |     standard     |        
RUN-1001 :   mixed_pack_place_flow  |     on     |        on        |        
RUN-1001 :        qor_monitor       |    off     |       off        |        
RUN-1001 :        syn_ip_flow       |    off     |       off        |        
RUN-1001 :          thread          |    auto    |       auto       |        
RUN-1001 : ---------------------------------------------------------------
RUN-1001 : Print Route Property
RUN-1001 : -------------------------------------------------------
RUN-1001 :    Parameters    |  Settings  |  Default Values  |  Note  
RUN-1001 : -------------------------------------------------------
RUN-1001 :      effort      |   medium   |      medium      |        
RUN-1001 :     fix_hold     |    off     |       off        |        
RUN-1001 :    opt_timing    |   medium   |      medium      |        
RUN-1001 :   phy_sim_model  |    off     |       off        |        
RUN-1001 :     priority     |   timing   |      timing      |        
RUN-1001 :     swap_pin     |     on     |        on        |        
RUN-1001 : -------------------------------------------------------
PHY-1001 : Route runs in 20 thread(s)
RUN-1001 : There are total 209 instances
RUN-1001 : 90 mslices, 91 lslices, 24 pads, 0 brams, 0 dsps
RUN-1001 : There are total 454 nets
RUN-1001 : 220 nets have 2 pins
RUN-1001 : 175 nets have [3 - 5] pins
RUN-1001 : 43 nets have [6 - 10] pins
RUN-1001 : 9 nets have [11 - 20] pins
RUN-1001 : 5 nets have [21 - 99] pins
RUN-1001 : 2 nets have 100+ pins
RUN-1002 : start command "start_timer -report"
TMR-5001 WARNING: No sdc constraints found while initiating timer.
TMR-2505 : Start building timing graph for model keyboard_instance.
TMR-2506 : Build timing graph completely. Port num: 8, tpin num: 1761, tnet num: 452, tinst num: 207, tnode num: 2130, tedge num: 2957.
TMR-2508 : Levelizing timing graph completed, there are 27 levels in total.
TMR-2501 : Timing graph initialized successfully.
PHY-1001 : 90 mslices, 91 lslices, 24 pads, 0 brams, 0 dsps
TMR-2503 : Start to update net delay, extr mode = 3.
TMR-2504 : Update delay of 452 nets completely.
TMR-2502 : Annotate delay completely, extr mode = 3.
TMR-3002 : No user constraint, initiate default constraint.
TMR-1501 : Assign derive clock DeriveClock to 220 clock pins, and constraint 369 relative nodes.
TMR-3003 : Constraints initiated successfully.
TMR-3501 : Forward propagation: start to calculate arrival time...
TMR-3502 : Backward propagation: start to calculate required time...
TMR-3503 : Timing propagation completes.
PHY-1001 : Start global routing, caller is route ...
RUN-1001 : Generating global routing grids ...
PHY-1001 : Generate routing nets ...
PHY-1001 : Global iterations in 20 thread ...
PHY-1002 : len = 9496, over cnt = 41(0%), over = 75, worst = 8
PHY-1002 : len = 10032, over cnt = 10(0%), over = 10, worst = 1
PHY-1002 : len = 10184, over cnt = 0(0%), over = 0, worst = 0
PHY-1001 : End global iterations;  0.036092s wall, 0.015625s user + 0.015625s system = 0.031250s CPU (86.6%)

PHY-1001 : Congestion index: top1 = 19.91, top5 = 7.51, top10 = 3.85, top15 = 2.57.
PHY-1001 : End global routing;  0.064642s wall, 0.015625s user + 0.015625s system = 0.031250s CPU (48.3%)

PHY-1001 : Start detail routing ...
PHY-1001 : Current memory(MB): used = 176, reserve = 149, peak = 194.
PHY-1001 : Detailed router is running in normal mode.
PHY-1001 : Generate detailed routing grids ...
PHY-1001 : Processed IO instance col[3]_syn_4 with INV attribute.
PHY-1001 : Processed IO instance col[2]_syn_4 with INV attribute.
PHY-1001 : Processed IO instance col[1]_syn_4 with INV attribute.
PHY-1001 : Processed IO instance col[0]_syn_4 with INV attribute.
PHY-1001 : Generate nets ...
PHY-1001 : net clk_50M_dup_5 will be routed on clock mesh
PHY-1001 : clock net U1/scan_clk_syn_4 will be merged with clock U1/scan_clk
PHY-1001 : Current memory(MB): used = 445, reserve = 422, peak = 445.
PHY-1001 : End build detailed router design. 2.665336s wall, 1.515625s user + 0.062500s system = 1.578125s CPU (59.2%)

PHY-1001 : Detail Route ...
PHY-1001 : ===== Detail Route Phase 1 =====
PHY-1001 : Clock net routing.....
PHY-1001 : Routed 0% nets.
PHY-1022 : len = 8912, over cnt = 0(0%), over = 0, worst = 0, crit = 0
PHY-1001 : End initial clock net routed; 0.261773s wall, 0.156250s user + 0.015625s system = 0.171875s CPU (65.7%)

PHY-1001 : Current memory(MB): used = 474, reserve = 452, peak = 474.
PHY-1001 : End phase 1; 0.265675s wall, 0.156250s user + 0.015625s system = 0.171875s CPU (64.7%)

PHY-1001 : ===== Detail Route Phase 2 =====
PHY-1001 : Initial routing.....
PHY-1001 : Routed 37% nets.
PHY-1001 : Routed 42% nets.
PHY-1001 : Routed 49% nets.
PHY-1001 : Routed 62% nets.
PHY-1001 : Routed 84% nets.
PHY-1022 : len = 34768, over cnt = 35(0%), over = 35, worst = 1, crit = 0
PHY-1001 : Current memory(MB): used = 474, reserve = 452, peak = 475.
PHY-1001 : End initial routed; 0.162936s wall, 0.109375s user + 0.015625s system = 0.125000s CPU (76.7%)

PHY-1001 : Current memory(MB): used = 474, reserve = 452, peak = 475.
PHY-1001 : End phase 2; 0.162965s wall, 0.109375s user + 0.015625s system = 0.125000s CPU (76.7%)

PHY-1001 : ===== Detail Route Phase 3 =====
PHY-1001 : Ripup-reroute.....
PHY-1001 : ===== DR Iter 1 =====
PHY-1022 : len = 34672, over cnt = 4(0%), over = 4, worst = 1, crit = 0
PHY-1001 : End DR Iter 1; 0.016405s wall, 0.000000s user + 0.000000s system = 0.000000s CPU (n/a%)

PHY-1001 : ===== DR Iter 2 =====
PHY-1022 : len = 34736, over cnt = 1(0%), over = 1, worst = 1, crit = 0
PHY-1001 : End DR Iter 2; 0.010552s wall, 0.000000s user + 0.000000s system = 0.000000s CPU (n/a%)

PHY-1001 : ===== DR Iter 3 =====
PHY-1022 : len = 34744, over cnt = 0(0%), over = 0, worst = 0, crit = 0
PHY-1001 : End DR Iter 3; 0.009665s wall, 0.000000s user + 0.000000s system = 0.000000s CPU (n/a%)

PHY-1001 : Commit to database.....
PHY-1001 : 3 feed throughs used by 2 nets
PHY-1001 : End commit to database; 0.034905s wall, 0.031250s user + 0.000000s system = 0.031250s CPU (89.5%)

PHY-1001 : Current memory(MB): used = 484, reserve = 461, peak = 484.
PHY-1001 : End phase 3; 0.155431s wall, 0.078125s user + 0.000000s system = 0.078125s CPU (50.3%)

PHY-1003 : Routed, final wirelength = 34744
PHY-1001 : Current memory(MB): used = 484, reserve = 462, peak = 484.
PHY-1001 : End export database. 0.004833s wall, 0.000000s user + 0.000000s system = 0.000000s CPU (n/a%)

PHY-1001 : End detail routing;  3.406242s wall, 1.968750s user + 0.093750s system = 2.062500s CPU (60.6%)

RUN-1003 : finish command "route" in  3.621132s wall, 2.046875s user + 0.109375s system = 2.156250s CPU (59.5%)

RUN-1004 : used memory is 420 MB, reserved memory is 397 MB, peak memory is 484 MB
RUN-1002 : start command "report_area -io_info -file keyboard_phy.area"
RUN-1001 : standard
***Report Model: keyboard_instance Device: EG4S20BG256***

IO Statistics
#IO                        24
  #input                    6
  #output                  18
  #inout                    0

Utilization Statistics
#lut                      326   out of  19600    1.66%
#reg                      171   out of  19600    0.87%
#le                       349
  #lut only               178   out of    349   51.00%
  #reg only                23   out of    349    6.59%
  #lut&reg                148   out of    349   42.41%
#dsp                        0   out of     29    0.00%
#bram                       0   out of     64    0.00%
  #bram9k                   0
  #fifo9k                   0
#bram32k                    0   out of     16    0.00%
#pad                       24   out of    188   12.77%
  #ireg                     4
  #oreg                     5
  #treg                     0
#pll                        0   out of      4    0.00%
#gclk                       1   out of     16    6.25%

Clock Resource Statistics
Index     ClockNet         Type               DriverType         Driver                      Fanout
#1        clk_50M_dup_5    GCLK               io                 clk_50M_syn_6.di            94
#2        U1/scan_clk      GCLK               lslice             U1/scan_clk_reg_syn_9.q1    16


Detailed IO Report

        Name           Direction    Location    IOStandard    DriveStrength    PullType    PackReg  
        RSTn             INPUT         A9        LVCMOS33          N/A          PULLUP      NONE    
       clk_50M           INPUT         R7        LVCMOS33          N/A          PULLUP      NONE    
       col[3]            INPUT        F10        LVCMOS33          N/A          PULLUP      IREG    
       col[2]            INPUT        C11        LVCMOS33          N/A          PULLUP      IREG    
       col[1]            INPUT        D11        LVCMOS33          N/A          PULLUP      IREG    
       col[0]            INPUT        E11        LVCMOS33          N/A          PULLUP      IREG    
  DigitronCS_Out[3]     OUTPUT         A3        LVCMOS33           8            NONE       NONE    
  DigitronCS_Out[2]     OUTPUT         A5        LVCMOS33           8            NONE       NONE    
  DigitronCS_Out[1]     OUTPUT         B6        LVCMOS33           8            NONE       NONE    
  DigitronCS_Out[0]     OUTPUT         C9        LVCMOS33           8            NONE       NONE    
   Digitron_Out[7]      OUTPUT         C8        LVCMOS33           8            NONE       NONE    
   Digitron_Out[6]      OUTPUT         A8        LVCMOS33           8            NONE       NONE    
   Digitron_Out[5]      OUTPUT         B5        LVCMOS33           8            NONE       NONE    
   Digitron_Out[4]      OUTPUT         A7        LVCMOS33           8            NONE       NONE    
   Digitron_Out[3]      OUTPUT         E8        LVCMOS33           8            NONE       NONE    
   Digitron_Out[2]      OUTPUT         B8        LVCMOS33           8            NONE       NONE    
   Digitron_Out[1]      OUTPUT         A6        LVCMOS33           8            NONE       NONE    
   Digitron_Out[0]      OUTPUT         A4        LVCMOS33           8            NONE       NONE    
       buzzer           OUTPUT        H16        LVCMOS25           8            N/A        OREG    
        light           OUTPUT        B14        LVCMOS33           8            NONE       NONE    
       row[3]           OUTPUT         D9        LVCMOS33           8            NONE       OREG    
       row[2]           OUTPUT         F9        LVCMOS33           8            NONE       OREG    
       row[1]           OUTPUT        C10        LVCMOS33           8            NONE       OREG    
       row[0]           OUTPUT        E10        LVCMOS33           8            NONE       OREG    

Report Hierarchy Area:
+-------------------------------------------------------------------------------------------+
|Instance |Module                      |le     |lut     |ripple  |seq     |bram    |dsp     |
+-------------------------------------------------------------------------------------------+
|top      |keyboard_instance           |349    |278     |48      |180     |0       |0       |
|  U1     |keyboard_scan               |69     |46      |9       |51      |0       |0       |
|  U2     |key_filter                  |64     |44      |11      |47      |0       |0       |
|  U3     |onehot2binary               |174    |156     |18      |57      |0       |0       |
|  U5     |Digitron_TimeDisplay_module |38     |28      |10      |16      |0       |0       |
+-------------------------------------------------------------------------------------------+


DataNet Average Fanout:

   Index     Fanout    Nets  
    #1         1       196   
    #2         2       101   
    #3         3        50   
    #4         4        24   
    #5        5-10      44   
    #6       11-50      11   
  Average     2.69           

RUN-1002 : start command "export_db keyboard_pr.db"
RUN-1001 : Exported /
RUN-1001 : Exported flow parameters
RUN-1001 : Exported libs
RUN-1001 : Exported entities
RUN-1001 : Exported ports
RUN-1001 : Exported pins
RUN-1001 : Exported instances
RUN-1001 : Exported nets
RUN-1001 : Exported buses
RUN-1001 : Exported models
RUN-1001 : Exported congestions
RUN-1001 : Exported violations
RUN-1001 : Exported IO constraints
RUN-1001 : Exported Inst constraints
RUN-1002 : start command "export_bid keyboard_inst.bid"
RUN-1002 : start command "bitgen -bit keyboard.bit -unused_io_status pulldown"
BIT-1003 : Start to generate bitstream. 
BIT-1002 : Bitgen processed 164 unused pads, reserve input tri_state with pulldown
BIT-1002 : Init instances with 20 threads.
BIT-1002 : Init instances completely, inst num: 371
BIT-1002 : Init pips with 20 threads.
BIT-1002 : Init pips completely, net num: 454, pip num: 3464
BIT-1002 : Init feedthrough completely, num: 3
BIT-1003 : Multithreading accelaration with 20 threads.
BIT-1003 : Generate bitstream completely, there are 593 valid insts, and 10831 bits set as '1'.
BIT-1004 : PLL setting string = 0000
BIT-1004 : Generate bits file keyboard.bit.
RUN-1003 : finish command "bitgen -bit keyboard.bit -unused_io_status pulldown" in  1.128021s wall, 2.250000s user + 0.046875s system = 2.296875s CPU (203.6%)

RUN-1004 : used memory is 425 MB, reserved memory is 402 MB, peak memory is 641 MB
RUN-1002 : start command "backup_run_log run.log ../.logs/phy_1/td_20240827_215755.log"
