============================================================
   Tang Dynasty, V5.6.59063
   Copyright (c) 2012-2022 Anlogic
   Executable = E:/Anlogic/TD5.6.59063/bin/td.exe
   Built at =   12:45:13 Sep  6 2022
   Run by =     19234
   Run Date =   Wed Aug 28 16:31:30 2024

   Run on =     ERIKPSW
============================================================
RUN-1002 : start command "open_project keyboard.prj"
RUN-1001 : Print Global Property
RUN-1001 : ---------------------------------------------------------------
RUN-1001 :        Parameters        |  Settings  |  Default Values  |  Note  
RUN-1001 : ---------------------------------------------------------------
RUN-1001 :          message         |  standard  |     standard     |        
RUN-1001 :   mixed_pack_place_flow  |     on     |        on        |        
RUN-1001 :        qor_monitor       |    off     |       off        |        
RUN-1001 :        syn_ip_flow       |    off     |       off        |        
RUN-1001 :          thread          |    auto    |       auto       |        
RUN-1001 : ---------------------------------------------------------------
RUN-1001 : Print Design Property
RUN-1001 : --------------------------------------------------------------
RUN-1001 :        Parameters       |  Settings  |  Default Values  |  Note  
RUN-1001 : --------------------------------------------------------------
RUN-1001 :   default_reg_initial   |    auto    |       auto       |        
RUN-1001 :        infer_add        |     on     |        on        |        
RUN-1001 :        infer_fsm        |    off     |       off        |        
RUN-1001 :        infer_mult       |     on     |        on        |        
RUN-1001 :        infer_ram        |     on     |        on        |        
RUN-1001 :        infer_reg        |     on     |        on        |        
RUN-1001 :   infer_reg_init_value  |     on     |        on        |        
RUN-1001 :        infer_rom        |     on     |        on        |        
RUN-1001 :      infer_shifter      |     on     |        on        |        
RUN-1001 : --------------------------------------------------------------
RUN-1001 : Print Rtl Property
RUN-1001 : --------------------------------------------------------------
RUN-1001 :        Parameters       |  Settings  |  Default Values  |  Note  
RUN-1001 : --------------------------------------------------------------
RUN-1001 :       compress_add      |   ripple   |      ripple      |        
RUN-1001 :        elf_sload        |    off     |       off        |        
RUN-1001 :       fix_undriven      |     0      |        0         |        
RUN-1001 :         flatten         |    off     |       off        |        
RUN-1001 :       gate_sharing      |     on     |        on        |        
RUN-1001 :    hdl_warning_level    |   normal   |      normal      |        
RUN-1001 :   impl_internal_tribuf  |     on     |        on        |        
RUN-1001 :      impl_set_reset     |     on     |        on        |        
RUN-1001 :        infer_gsr        |    off     |       off        |        
RUN-1001 :      keep_hierarchy     |    auto    |       auto       |        
RUN-1001 :        max_fanout       |    9999    |       9999       |        
RUN-1001 :      max_oh2bin_len     |     10     |        10        |        
RUN-1001 :       merge_equal       |     on     |        on        |        
RUN-1001 :       merge_equiv       |     on     |        on        |        
RUN-1001 :        merge_mux        |    off     |       off        |        
RUN-1001 :     min_control_set     |     8      |        8         |        
RUN-1001 :      min_ripple_len     |    auto    |       auto       |        
RUN-1001 :       oh2bin_ratio      |    0.08    |       0.08       |        
RUN-1001 :     opt_adder_fanout    |     on     |        on        |        
RUN-1001 :        opt_arith        |     on     |        on        |        
RUN-1001 :       opt_big_gate      |    off     |       off        |        
RUN-1001 :        opt_const        |     on     |        on        |        
RUN-1001 :      opt_const_mult     |     on     |        on        |        
RUN-1001 :       opt_lessthan      |     on     |        on        |        
RUN-1001 :         opt_mux         |    off     |       off        |        
RUN-1001 :         opt_ram         |    high    |       high       |        
RUN-1001 :      rtl_sim_model      |    off     |       off        |        
RUN-1001 :         seq_syn         |     on     |        on        |        
RUN-1001 : --------------------------------------------------------------
HDL-1007 : analyze verilog file ../../../src/Digitron_TimeDisplay_module.v
HDL-1007 : analyze verilog file ../../../src/key_filter.v
HDL-1007 : analyze verilog file ../../../src/keyboard_instance.v
HDL-1007 : undeclared symbol 'secrect', assumed default net type 'wire' in ../../../src/keyboard_instance.v(42)
HDL-1007 : analyze verilog file ../../../src/keyboard_scan.v
HDL-1007 : analyze verilog file ../../../src/onehot2binary.v
HDL-5007 WARNING: 'RSTn' is not declared in ../../../src/onehot2binary.v(1)
HDL-5007 WARNING: 'RSTn' is not declared in ../../../src/onehot2binary.v(1)
RUN-1001 : Project manager successfully analyzed 5 source files.
RUN-1002 : start command "import_device eagle_s20.db -package EG4S20BG256"
ARC-1001 : Device Initialization.
ARC-1001 : ------------------------------------------------------------------
ARC-1001 :            OPTION            |          IO          |   SETTING   
ARC-1001 : ------------------------------------------------------------------
ARC-1001 :   cso_b/cclk/mosi/miso/dout  |  T3/R11/T10/P10/S11  |    gpio    
ARC-1001 :             done             |         P13          |    gpio    
ARC-1001 :           program_b          |          T2          |  dedicate  
ARC-1001 :        tdi/tms/tck/tdo       |   C12/A15/C14/E14    |  dedicate  
ARC-1001 : ------------------------------------------------------------------
ARC-1004 : Device setting, marked 5 dedicate IOs in total.
RUN-1002 : start command "import_db ../syn_1/keyboard_gate.db"
RUN-1001 : Importing database generated by Tang Dynasty, V5.6.59063.
RUN-1001 : Database version number 46140.
RUN-1001 : Import flow parameters
RUN-1001 : Import timing constraints
RUN-1001 : Import IO constraints
RUN-1001 : Import Inst constraints
RUN-1001 : Import design success TD_VERSION=5.6.59063 , DB_VERSION=46140
RUN-1002 : start command "read_sdc"
USR-1002 : read_sdc file_name -help -h -eco
USR-1009 : NO module with IP_SDC ...
RUN-1104 : Import SDC file  finished, there are 0 nets kept by constraints.
RUN-1002 : start command "place"
RUN-1001 : Open license file E:/Anlogic/TD5.6.59063/license/Anlogic.lic
RUN-1001 : Print Global Property
RUN-1001 : ---------------------------------------------------------------
RUN-1001 :        Parameters        |  Settings  |  Default Values  |  Note  
RUN-1001 : ---------------------------------------------------------------
RUN-1001 :          message         |  standard  |     standard     |        
RUN-1001 :   mixed_pack_place_flow  |     on     |        on        |        
RUN-1001 :        qor_monitor       |    off     |       off        |        
RUN-1001 :        syn_ip_flow       |    off     |       off        |        
RUN-1001 :          thread          |    auto    |       auto       |        
RUN-1001 : ---------------------------------------------------------------
RUN-1001 : Print Place Property
RUN-1001 : --------------------------------------------------------------
RUN-1001 :        Parameters       |  Settings  |  Default Values  |  Note  
RUN-1001 : --------------------------------------------------------------
RUN-1001 :      detailed_place     |     on     |        on        |        
RUN-1001 :          effort         |   medium   |      medium      |        
RUN-1001 :         fix_hold        |    off     |       off        |        
RUN-1001 :       legalization      |    ori     |       ori        |        
RUN-1001 :      new_spreading      |     on     |        on        |        
RUN-1001 :        opt_timing       |   medium   |      medium      |        
RUN-1001 :   post_clock_route_opt  |    off     |       off        |        
RUN-1001 :       pr_strategy       |     1      |        1         |        
RUN-1001 :        relaxation       |    1.00    |       1.00       |        
RUN-1001 :         retiming        |    off     |       off        |        
RUN-1001 : --------------------------------------------------------------
PHY-3001 : Placer runs in 16 thread(s).
RUN-1002 : start command "legalize_phy_inst"
SYN-1011 : Flatten model keyboard_instance
RUN-1002 : start command "phys_opt -simplify_lut"
SYN-4024 : Net "clk_50M_dup_1" drives clk pins.
SYN-4024 : Net "U1/scan_clk" drives clk pins.
SYN-4025 : Tag rtl::Net U1/scan_clk as clock net
SYN-4025 : Tag rtl::Net clk_50M_dup_1 as clock net
SYN-4026 : Tagged 2 rtl::Net as clock net
SYN-4015 : Create BUFG instance for clk Net U1/scan_clk to drive 20 clock pins.
PHY-1001 : Populate physical database on model keyboard_instance.
RUN-1001 : There are total 745 instances
RUN-0007 : 339 luts, 241 seqs, 96 mslices, 41 lslices, 24 pads, 0 brams, 0 dsps
RUN-1001 : There are total 887 nets
RUN-1001 : 555 nets have 2 pins
RUN-1001 : 210 nets have [3 - 5] pins
RUN-1001 : 97 nets have [6 - 10] pins
RUN-1001 : 13 nets have [11 - 20] pins
RUN-1001 : 10 nets have [21 - 99] pins
RUN-1001 : 2 nets have 100+ pins
RUN-1001 : Report Control nets information:
RUN-1001 : DFF Distribution
RUN-1001 : ----------------------------------
RUN-1001 :   CE   |  SSR  |  ASR  |  DFF Count  
RUN-1001 : ----------------------------------
RUN-1001 :   No   |  No   |  No   |     92      
RUN-1001 :   No   |  No   |  Yes  |     20      
RUN-1001 :   No   |  Yes  |  No   |     17      
RUN-1001 :   Yes  |  No   |  No   |     48      
RUN-1001 :   Yes  |  No   |  Yes  |     32      
RUN-1001 :   Yes  |  Yes  |  No   |     32      
RUN-1001 : ----------------------------------
RUN-0007 : Control Group Statistic
RUN-0007 : ---------------------------
RUN-0007 :   #CLK  |  #CE  |  #SSR/ASR  
RUN-0007 : ---------------------------
RUN-0007 :    2    |   6   |     3      
RUN-0007 : ---------------------------
RUN-0007 : Control Set = 9
PHY-3001 : Initial placement ...
PHY-3001 : design contains 743 instances, 339 luts, 241 seqs, 137 slices, 14 macros(137 instances: 96 mslices 41 lslices)
PHY-0007 : Cell area utilization is 3%
PHY-3001 : Start timing update ...
RUN-1002 : start command "start_timer -report"
TMR-2505 : Start building timing graph for model keyboard_instance.
TMR-2506 : Build timing graph completely. Port num: 8, tpin num: 3277, tnet num: 885, tinst num: 743, tnode num: 3972, tedge num: 5283.
TMR-2508 : Levelizing timing graph completed, there are 43 levels in total.
TMR-2501 : Timing graph initialized successfully.
TMR-2503 : Start to update net delay, extr mode = 2.
TMR-2504 : Update delay of 885 nets completely.
TMR-2502 : Annotate delay completely, extr mode = 2.
TMR-3001 : Initiate 0 clocks from SDC.
TMR-3004 : Map sdc constraints, there are 0 constraints in total.
TMR-3003 : Constraints initiated successfully.
TMR-3501 : Forward propagation: start to calculate arrival time...
TMR-3502 : Backward propagation: start to calculate required time...
TMR-3503 : Timing propagation completes.
PHY-3001 : End timing update;  0.196246s wall, 0.015625s user + 0.000000s system = 0.015625s CPU (8.0%)

PHY-3001 : Global placement ...
PHY-3001 : Initial: Len = 233580
PHY-3001 : Clustering ...
PHY-3001 : Level 0 #clusters 743.
PHY-3001 : End clustering;  0.000014s wall, 0.000000s user + 0.000000s system = 0.000000s CPU (n/a%)

PHY-3001 : Run with size of 4
PHY-3001 : Cell area utilization is 3%
PHY-3001 : :::0::: Try harder cell spreading with beta_ = 0
PHY-3002 : Step(1): len = 149701, overlap = 0
PHY-3002 : Step(2): len = 95440.7, overlap = 0
PHY-3002 : Step(3): len = 69483.8, overlap = 0
PHY-3002 : Step(4): len = 49413.4, overlap = 0
PHY-3002 : Step(5): len = 40034.9, overlap = 0
PHY-3002 : Step(6): len = 35324.9, overlap = 2.625
PHY-3002 : Step(7): len = 27069.7, overlap = 2
PHY-3002 : Step(8): len = 23551.6, overlap = 11.9688
PHY-3002 : Step(9): len = 23921.2, overlap = 16.25
PHY-3002 : Step(10): len = 21665.6, overlap = 16.3438
PHY-3002 : Step(11): len = 20031, overlap = 13.75
PHY-3002 : Step(12): len = 19144.8, overlap = 14.1562
PHY-3002 : Step(13): len = 18463.9, overlap = 16.9688
PHY-3002 : Step(14): len = 17091.1, overlap = 17.0625
PHY-3002 : Step(15): len = 16725.4, overlap = 16.7812
PHY-3002 : Step(16): len = 16999.2, overlap = 16.8438
PHY-3002 : Step(17): len = 16644.5, overlap = 17.3125
PHY-3002 : Step(18): len = 16366.6, overlap = 17.6875
PHY-3002 : Step(19): len = 16787.1, overlap = 18.5312
PHY-3002 : Step(20): len = 16279.5, overlap = 19.0938
PHY-3002 : Step(21): len = 15221.5, overlap = 20
PHY-3002 : Step(22): len = 15597.5, overlap = 19.6562
PHY-3002 : Step(23): len = 15686.5, overlap = 19.3438
PHY-3001 : Legalization ...
PHY-3001 : End legalization;  0.003786s wall, 0.000000s user + 0.000000s system = 0.000000s CPU (n/a%)

PHY-3001 : Run with size of 4
PHY-3001 : Cell area utilization is 4%
PHY-3001 : Update timing in Manhattan mode ...
TMR-2503 : Start to update net delay, extr mode = 3.
TMR-2504 : Update delay of 885 nets completely.
TMR-2502 : Annotate delay completely, extr mode = 3.
TMR-3501 : Forward propagation: start to calculate arrival time...
TMR-3502 : Backward propagation: start to calculate required time...
TMR-3503 : Timing propagation completes.
PHY-3001 : End timing update;  0.007996s wall, 0.000000s user + 0.000000s system = 0.000000s CPU (n/a%)

PHY-3001 : :::0::: Try harder cell spreading with beta_ = 1.27083e-05
PHY-3002 : Step(24): len = 14004.6, overlap = 35.375
PHY-3002 : Step(25): len = 14216.1, overlap = 34.8125
PHY-3002 : Step(26): len = 14496.5, overlap = 35.4375
PHY-3001 : :::1::: Try harder cell spreading with beta_ = 2.54166e-05
PHY-3002 : Step(27): len = 13804.3, overlap = 34.7188
PHY-3002 : Step(28): len = 14026.4, overlap = 34.7188
PHY-3002 : Step(29): len = 15070.4, overlap = 34.5
PHY-3002 : Step(30): len = 15580.3, overlap = 34.1875
PHY-3002 : Step(31): len = 14748.7, overlap = 11.0938
PHY-3002 : Step(32): len = 14493.9, overlap = 8.625
PHY-3002 : Step(33): len = 14463.2, overlap = 8.28125
PHY-3002 : Step(34): len = 14552.6, overlap = 8.59375
PHY-3002 : Step(35): len = 14033.2, overlap = 12.875
PHY-3002 : Step(36): len = 14290.2, overlap = 13.8438
PHY-3002 : Step(37): len = 13844.5, overlap = 14.8125
PHY-3002 : Step(38): len = 13818.2, overlap = 14.625
PHY-3002 : Step(39): len = 13841.9, overlap = 12.8125
PHY-3001 : :::2::: Try harder cell spreading with beta_ = 5.08332e-05
PHY-3002 : Step(40): len = 13373.6, overlap = 13.1875
PHY-3002 : Step(41): len = 13477, overlap = 13.1875
PHY-3002 : Step(42): len = 13685.1, overlap = 13.25
PHY-3001 : :::3::: Try harder cell spreading with beta_ = 0.000101666
PHY-3002 : Step(43): len = 13076.9, overlap = 13.25
PHY-3002 : Step(44): len = 13175.4, overlap = 13.1562
PHY-3002 : Step(45): len = 13351.2, overlap = 13.1562
PHY-3001 : Run with size of 2
PHY-3001 : Cell area utilization is 4%
PHY-3001 : Update timing in Manhattan mode ...
TMR-2503 : Start to update net delay, extr mode = 3.
TMR-2504 : Update delay of 885 nets completely.
TMR-2502 : Annotate delay completely, extr mode = 3.
TMR-3501 : Forward propagation: start to calculate arrival time...
TMR-3502 : Backward propagation: start to calculate required time...
TMR-3503 : Timing propagation completes.
PHY-3001 : End timing update;  0.008918s wall, 0.015625s user + 0.000000s system = 0.015625s CPU (175.2%)

PHY-3001 : :::0::: Try harder cell spreading with beta_ = 3.82361e-05
PHY-3002 : Step(46): len = 14409.9, overlap = 39.5938
PHY-3002 : Step(47): len = 14409.9, overlap = 39.5938
PHY-3002 : Step(48): len = 13922.2, overlap = 41.5938
PHY-3002 : Step(49): len = 14318.6, overlap = 41.4375
PHY-3002 : Step(50): len = 14706.8, overlap = 30.9688
PHY-3001 : :::1::: Try harder cell spreading with beta_ = 7.64722e-05
PHY-3002 : Step(51): len = 14814.5, overlap = 24.125
PHY-3002 : Step(52): len = 14866.3, overlap = 22.4375
PHY-3002 : Step(53): len = 15128.7, overlap = 19.9062
PHY-3002 : Step(54): len = 15169.3, overlap = 19.5625
PHY-3002 : Step(55): len = 15171.3, overlap = 21.5938
PHY-3002 : Step(56): len = 15018.3, overlap = 19.4688
PHY-3001 : :::2::: Try harder cell spreading with beta_ = 0.000152944
PHY-3002 : Step(57): len = 15163, overlap = 19.5312
PHY-3002 : Step(58): len = 15140.4, overlap = 17.9688
PHY-3002 : Step(59): len = 15221.5, overlap = 17.5625
PHY-3001 : :::3::: Try harder cell spreading with beta_ = 0.000305889
PHY-3002 : Step(60): len = 15442.5, overlap = 17.125
PHY-3002 : Step(61): len = 15487, overlap = 15.5312
PHY-3002 : Step(62): len = 15601.5, overlap = 13.8438
PHY-3002 : Step(63): len = 15638.4, overlap = 12.3438
PHY-3002 : Step(64): len = 15689, overlap = 12.125
OPT-1001 : Start physical optimization ...
RUN-1002 : start command "start_timer -report"
TMR-2505 : Start building timing graph for model keyboard_instance.
TMR-2506 : Build timing graph completely. Port num: 8, tpin num: 3277, tnet num: 885, tinst num: 743, tnode num: 3972, tedge num: 5283.
TMR-2508 : Levelizing timing graph completed, there are 43 levels in total.
TMR-2501 : Timing graph initialized successfully.
OPT-1001 : Total overflow 43.78 peak overflow 2.44
OPT-1001 : Start high-fanout net optimization ...
OPT-1001 : Update timing in global mode
PHY-1001 : Start incremental global routing, caller is place ...
RUN-1001 : Generating global routing grids ...
RUN-1001 : Building simple global routing graph ...
PHY-1001 : Generate routing nets ...
PHY-1001 : Reuse net number 0/887.
PHY-1001 : Global iterations in 16 thread ...
PHY-1002 : len = 18184, over cnt = 90(0%), over = 332, worst = 12
PHY-1001 : End global iterations;  0.057598s wall, 0.000000s user + 0.031250s system = 0.031250s CPU (54.3%)

PHY-1001 : Congestion index: top1 = 23.99, top5 = 11.64, top10 = 6.74, top15 = 4.51.
PHY-1001 : End incremental global routing;  0.114814s wall, 0.000000s user + 0.031250s system = 0.031250s CPU (27.2%)

TMR-2503 : Start to update net delay, extr mode = 5.
TMR-2504 : Update delay of 885 nets completely.
TMR-2502 : Annotate delay completely, extr mode = 5.
TMR-3001 : Initiate 0 clocks from SDC.
TMR-3004 : Map sdc constraints, there are 0 constraints in total.
TMR-3003 : Constraints initiated successfully.
TMR-3501 : Forward propagation: start to calculate arrival time...
TMR-3502 : Backward propagation: start to calculate required time...
TMR-3503 : Timing propagation completes.
OPT-1001 : End timing update;  0.012485s wall, 0.000000s user + 0.000000s system = 0.000000s CPU (n/a%)

OPT-1001 : 0 high-fanout net processed.
OPT-1001 : End high-fanout net optimization;  0.134817s wall, 0.000000s user + 0.031250s system = 0.031250s CPU (23.2%)

OPT-1001 : Current memory(MB): used = 151, reserve = 122, peak = 151.
OPT-1001 : Start global optimization ...
OPT-1001 : Start congestion update ...
RUN-1001 : Generating global routing grids ...
PHY-1001 : Generate routing nets ...
PHY-1001 : Reuse net number 580/887.
PHY-1001 : Global iterations in 16 thread ...
PHY-1002 : len = 18184, over cnt = 90(0%), over = 332, worst = 12
PHY-1002 : len = 20496, over cnt = 38(0%), over = 84, worst = 9
PHY-1002 : len = 21056, over cnt = 11(0%), over = 39, worst = 8
PHY-1002 : len = 21408, over cnt = 6(0%), over = 17, worst = 5
PHY-1002 : len = 21672, over cnt = 0(0%), over = 0, worst = 0
PHY-1001 : End global iterations;  0.048843s wall, 0.000000s user + 0.000000s system = 0.000000s CPU (n/a%)

PHY-1001 : Congestion index: top1 = 22.61, top5 = 12.25, top10 = 7.42, top15 = 5.05.
OPT-1001 : End congestion update;  0.087591s wall, 0.015625s user + 0.000000s system = 0.015625s CPU (17.8%)

OPT-1001 : Update timing in Manhattan mode
TMR-2503 : Start to update net delay, extr mode = 3.
TMR-2504 : Update delay of 885 nets completely.
TMR-2502 : Annotate delay completely, extr mode = 3.
TMR-3501 : Forward propagation: start to calculate arrival time...
TMR-3502 : Backward propagation: start to calculate required time...
TMR-3503 : Timing propagation completes.
OPT-1001 : End timing update;  0.008541s wall, 0.000000s user + 0.000000s system = 0.000000s CPU (n/a%)

OPT-0007 : Start: WNS 2147483647 TNS 0 NUM_FEPS 0
OPT-1001 : End global optimization;  0.096208s wall, 0.015625s user + 0.000000s system = 0.015625s CPU (16.2%)

OPT-1001 : Current memory(MB): used = 152, reserve = 123, peak = 152.
OPT-1001 : End physical optimization;  0.374330s wall, 0.078125s user + 0.031250s system = 0.109375s CPU (29.2%)

PHY-3001 : Start packing ...
SYN-4007 : Packing 0 MUX to BLE ...
SYN-4008 : Packed 0 MUX and 0 SEQ to BLE.
SYN-4007 : Packing 339 LUT to BLE ...
SYN-4008 : Packed 339 LUT and 103 SEQ to BLE.
SYN-4003 : Packing 138 remaining SEQ's ...
SYN-4005 : Packed 63 SEQ with LUT/SLICE
SYN-4006 : 183 single LUT's are left
SYN-4006 : 75 single SEQ's are left
SYN-4011 : Packing model "keyboard_instance" (AL_USER_NORMAL) with 414/579 primitive instances ...
PHY-3001 : End packing;  0.019797s wall, 0.000000s user + 0.000000s system = 0.000000s CPU (n/a%)

PHY-1001 : Populate physical database on model keyboard_instance.
RUN-1001 : There are total 384 instances
RUN-1001 : 178 mslices, 178 lslices, 24 pads, 0 brams, 0 dsps
RUN-1001 : There are total 793 nets
RUN-1001 : 455 nets have 2 pins
RUN-1001 : 216 nets have [3 - 5] pins
RUN-1001 : 98 nets have [6 - 10] pins
RUN-1001 : 15 nets have [11 - 20] pins
RUN-1001 : 7 nets have [21 - 99] pins
RUN-1001 : 2 nets have 100+ pins
PHY-3001 : design contains 382 instances, 356 slices, 14 macros(137 instances: 96 mslices 41 lslices)
PHY-3001 : Cell area utilization is 4%
PHY-3001 : After packing: Len = 16281.4, Over = 20.5
PHY-3001 : Run with size of 2
PHY-3001 : Cell area utilization is 4%
PHY-3001 : Update timing in Manhattan mode ...
RUN-1002 : start command "start_timer -report"
TMR-2505 : Start building timing graph for model keyboard_instance.
TMR-2506 : Build timing graph completely. Port num: 8, tpin num: 2907, tnet num: 791, tinst num: 382, tnode num: 3413, tedge num: 4858.
TMR-2508 : Levelizing timing graph completed, there are 41 levels in total.
TMR-2501 : Timing graph initialized successfully.
TMR-2503 : Start to update net delay, extr mode = 3.
TMR-2504 : Update delay of 791 nets completely.
TMR-2502 : Annotate delay completely, extr mode = 3.
TMR-3001 : Initiate 0 clocks from SDC.
TMR-3004 : Map sdc constraints, there are 0 constraints in total.
TMR-3003 : Constraints initiated successfully.
TMR-3501 : Forward propagation: start to calculate arrival time...
TMR-3502 : Backward propagation: start to calculate required time...
TMR-3503 : Timing propagation completes.
PHY-3001 : End timing update;  0.159016s wall, 0.062500s user + 0.000000s system = 0.062500s CPU (39.3%)

PHY-3001 : :::0::: Try harder cell spreading with beta_ = 3.11072e-05
PHY-3002 : Step(65): len = 15646.7, overlap = 20.5
PHY-3002 : Step(66): len = 15658.4, overlap = 20.25
PHY-3002 : Step(67): len = 15137.8, overlap = 23.5
PHY-3002 : Step(68): len = 15131.2, overlap = 24
PHY-3002 : Step(69): len = 14756.3, overlap = 27.25
PHY-3001 : :::1::: Try harder cell spreading with beta_ = 6.22143e-05
PHY-3002 : Step(70): len = 15344.5, overlap = 24
PHY-3002 : Step(71): len = 15467.3, overlap = 23.75
PHY-3002 : Step(72): len = 15810.3, overlap = 22.5
PHY-3001 : :::2::: Try harder cell spreading with beta_ = 0.000124429
PHY-3002 : Step(73): len = 16194.5, overlap = 20.5
PHY-3002 : Step(74): len = 16243.5, overlap = 20.25
PHY-3002 : Step(75): len = 16411.3, overlap = 19.25
PHY-3001 : Legalization ...
PHY-3001 : End legalization;  0.090311s wall, 0.000000s user + 0.000000s system = 0.000000s CPU (n/a%)

PHY-3001 : Trial Legalized: Len = 24107.9
PHY-3001 : Run with size of 2
PHY-3001 : Cell area utilization is 4%
PHY-3001 : Update timing in Manhattan mode ...
TMR-2503 : Start to update net delay, extr mode = 3.
TMR-2504 : Update delay of 791 nets completely.
TMR-2502 : Annotate delay completely, extr mode = 3.
TMR-3501 : Forward propagation: start to calculate arrival time...
TMR-3502 : Backward propagation: start to calculate required time...
TMR-3503 : Timing propagation completes.
PHY-3001 : End timing update;  0.007531s wall, 0.000000s user + 0.000000s system = 0.000000s CPU (n/a%)

PHY-3001 : :::0::: Try harder cell spreading with beta_ = 0.00350389
PHY-3002 : Step(76): len = 20626.8, overlap = 2.75
PHY-3002 : Step(77): len = 19081.7, overlap = 5.5
PHY-3002 : Step(78): len = 18859.3, overlap = 6.75
PHY-3002 : Step(79): len = 18006.5, overlap = 6
PHY-3002 : Step(80): len = 17706, overlap = 7
PHY-3002 : Step(81): len = 17697.7, overlap = 6.5
PHY-3002 : Step(82): len = 17423.5, overlap = 7.5
PHY-3001 : :::1::: Try harder cell spreading with beta_ = 0.00700777
PHY-3002 : Step(83): len = 17368.6, overlap = 8.25
PHY-3002 : Step(84): len = 17322.6, overlap = 8.25
PHY-3002 : Step(85): len = 17291.6, overlap = 8.25
PHY-3001 : :::2::: Try harder cell spreading with beta_ = 0.0123848
PHY-3002 : Step(86): len = 17310, overlap = 8.25
PHY-3002 : Step(87): len = 17310, overlap = 8.25
PHY-3001 : Legalization ...
PHY-3001 : End legalization;  0.005012s wall, 0.000000s user + 0.000000s system = 0.000000s CPU (n/a%)

PHY-3001 : Legalized: Len = 20269.6, Over = 0
PHY-3001 : End spreading;  0.002678s wall, 0.000000s user + 0.000000s system = 0.000000s CPU (n/a%)

PHY-3001 : Final: Len = 20269.6, Over = 0
OPT-1001 : Start physical optimization ...
RUN-1002 : start command "start_timer -report"
TMR-2505 : Start building timing graph for model keyboard_instance.
TMR-2506 : Build timing graph completely. Port num: 8, tpin num: 2907, tnet num: 791, tinst num: 382, tnode num: 3413, tedge num: 4858.
TMR-2508 : Levelizing timing graph completed, there are 41 levels in total.
TMR-2501 : Timing graph initialized successfully.
OPT-1001 : Total overflow 0.00 peak overflow 0.00
OPT-1001 : Start high-fanout net optimization ...
OPT-1001 : Update timing in global mode
PHY-1001 : Start incremental global routing, caller is place ...
RUN-1001 : Generating global routing grids ...
PHY-1001 : Generate routing nets ...
PHY-1001 : Reuse net number 31/793.
PHY-1001 : Global iterations in 16 thread ...
PHY-1002 : len = 23264, over cnt = 67(0%), over = 95, worst = 3
PHY-1002 : len = 23528, over cnt = 34(0%), over = 45, worst = 3
PHY-1002 : len = 24120, over cnt = 1(0%), over = 2, worst = 2
PHY-1002 : len = 24144, over cnt = 0(0%), over = 0, worst = 0
PHY-1001 : End global iterations;  0.086193s wall, 0.000000s user + 0.000000s system = 0.000000s CPU (n/a%)

PHY-1001 : Congestion index: top1 = 20.78, top5 = 13.25, top10 = 8.31, top15 = 5.71.
PHY-1001 : End incremental global routing;  0.134176s wall, 0.015625s user + 0.000000s system = 0.015625s CPU (11.6%)

TMR-2503 : Start to update net delay, extr mode = 5.
TMR-2504 : Update delay of 791 nets completely.
TMR-2502 : Annotate delay completely, extr mode = 5.
TMR-3001 : Initiate 0 clocks from SDC.
TMR-3004 : Map sdc constraints, there are 0 constraints in total.
TMR-3003 : Constraints initiated successfully.
TMR-3501 : Forward propagation: start to calculate arrival time...
TMR-3502 : Backward propagation: start to calculate required time...
TMR-3503 : Timing propagation completes.
OPT-1001 : End timing update;  0.011866s wall, 0.000000s user + 0.000000s system = 0.000000s CPU (n/a%)

OPT-1001 : 0 high-fanout net processed.
OPT-1001 : End high-fanout net optimization;  0.154789s wall, 0.031250s user + 0.000000s system = 0.031250s CPU (20.2%)

OPT-1001 : Current memory(MB): used = 156, reserve = 127, peak = 157.
OPT-1001 : Start path based optimization ...
OPT-1001 : Start congestion update ...
RUN-1001 : Generating global routing grids ...
PHY-1001 : Generate routing nets ...
PHY-1001 : Reuse net number 625/793.
PHY-1001 : Global iterations in 16 thread ...
PHY-1002 : len = 24144, over cnt = 0(0%), over = 0, worst = 0
PHY-1001 : End global iterations;  0.002459s wall, 0.000000s user + 0.000000s system = 0.000000s CPU (n/a%)

PHY-1001 : Congestion index: top1 = 20.78, top5 = 13.25, top10 = 8.31, top15 = 5.71.
OPT-1001 : End congestion update;  0.046114s wall, 0.031250s user + 0.000000s system = 0.031250s CPU (67.8%)

OPT-1001 : Update timing in Manhattan mode
TMR-2503 : Start to update net delay, extr mode = 3.
TMR-2504 : Update delay of 791 nets completely.
TMR-2502 : Annotate delay completely, extr mode = 3.
TMR-3501 : Forward propagation: start to calculate arrival time...
TMR-3502 : Backward propagation: start to calculate required time...
TMR-3503 : Timing propagation completes.
OPT-1001 : End timing update;  0.008108s wall, 0.000000s user + 0.000000s system = 0.000000s CPU (n/a%)

OPT-0007 : Start: WNS 2147483647 TNS 0 NUM_FEPS 0
OPT-1001 : End path based optimization;  0.054296s wall, 0.031250s user + 0.000000s system = 0.031250s CPU (57.6%)

OPT-1001 : Current memory(MB): used = 157, reserve = 128, peak = 157.
OPT-1001 : Update timing in Manhattan mode
TMR-2503 : Start to update net delay, extr mode = 3.
TMR-2504 : Update delay of 791 nets completely.
TMR-2502 : Annotate delay completely, extr mode = 3.
TMR-3501 : Forward propagation: start to calculate arrival time...
TMR-3502 : Backward propagation: start to calculate required time...
TMR-3503 : Timing propagation completes.
OPT-1001 : End timing update;  0.051800s wall, 0.015625s user + 0.000000s system = 0.015625s CPU (30.2%)

OPT-1001 : Start pin optimization...
OPT-1001 : skip pin optimization...
OPT-1001 : Update timing in global mode
PHY-1001 : Start incremental global routing, caller is place ...
RUN-1001 : Generating global routing grids ...
PHY-1001 : Generate routing nets ...
PHY-1001 : Reuse net number 625/793.
PHY-1001 : Global iterations in 16 thread ...
PHY-1002 : len = 24144, over cnt = 0(0%), over = 0, worst = 0
PHY-1001 : End global iterations;  0.002546s wall, 0.000000s user + 0.000000s system = 0.000000s CPU (n/a%)

PHY-1001 : Congestion index: top1 = 20.78, top5 = 13.25, top10 = 8.31, top15 = 5.71.
PHY-1001 : End incremental global routing;  0.049823s wall, 0.015625s user + 0.000000s system = 0.015625s CPU (31.4%)

TMR-2503 : Start to update net delay, extr mode = 5.
TMR-2504 : Update delay of 791 nets completely.
TMR-2502 : Annotate delay completely, extr mode = 5.
TMR-3501 : Forward propagation: start to calculate arrival time...
TMR-3502 : Backward propagation: start to calculate required time...
TMR-3503 : Timing propagation completes.
OPT-1001 : End timing update;  0.011080s wall, 0.015625s user + 0.000000s system = 0.015625s CPU (141.0%)

RUN-1001 : Generating global routing grids ...
PHY-1001 : Generate routing nets ...
PHY-1001 : Reuse net number 625/793.
PHY-1001 : Global iterations in 16 thread ...
PHY-1002 : len = 24144, over cnt = 0(0%), over = 0, worst = 0
PHY-1001 : End global iterations;  0.002216s wall, 0.000000s user + 0.000000s system = 0.000000s CPU (n/a%)

PHY-1001 : Congestion index: top1 = 20.78, top5 = 13.25, top10 = 8.31, top15 = 5.71.
OPT-1001 : Update timing in Manhattan mode
TMR-2503 : Start to update net delay, extr mode = 3.
TMR-2504 : Update delay of 791 nets completely.
TMR-2502 : Annotate delay completely, extr mode = 3.
TMR-3501 : Forward propagation: start to calculate arrival time...
TMR-3502 : Backward propagation: start to calculate required time...
TMR-3503 : Timing propagation completes.
OPT-1001 : End timing update;  0.008785s wall, 0.015625s user + 0.000000s system = 0.015625s CPU (177.9%)

RUN-1001 : QoR Analysis:
OPT-0007 :   WNS 2147483647 TNS 0 NUM_FEPS 0
RUN-1001 :   No local congestion issue, and most congested 1% tile average routing util is 20.275862
RUN-1001 :   Top critical paths
OPT-1001 : End physical optimization;  0.528747s wall, 0.250000s user + 0.000000s system = 0.250000s CPU (47.3%)

RUN-1003 : finish command "place" in  3.724638s wall, 0.812500s user + 0.390625s system = 1.203125s CPU (32.3%)

RUN-1004 : used memory is 140 MB, reserved memory is 111 MB, peak memory is 157 MB
RUN-1002 : start command "export_db keyboard_place.db"
RUN-1001 : Exported /
RUN-1001 : Exported flow parameters
RUN-1001 : Exported libs
RUN-1001 : Exported entities
RUN-1001 : Exported ports
RUN-1001 : Exported pins
RUN-1001 : Exported instances
RUN-1001 : Exported nets
RUN-1001 : Exported buses
RUN-1001 : Exported models
RUN-1001 : Exported congestions
RUN-1001 : Exported violations
RUN-1001 : Exported timing constraints
RUN-1001 : Exported IO constraints
RUN-1001 : Exported Inst constraints
RUN-1002 : start command "route"
RUN-1001 : Open license file E:/Anlogic/TD5.6.59063/license/Anlogic.lic
RUN-1001 : Print Global Property
RUN-1001 : ---------------------------------------------------------------
RUN-1001 :        Parameters        |  Settings  |  Default Values  |  Note  
RUN-1001 : ---------------------------------------------------------------
RUN-1001 :          message         |  standard  |     standard     |        
RUN-1001 :   mixed_pack_place_flow  |     on     |        on        |        
RUN-1001 :        qor_monitor       |    off     |       off        |        
RUN-1001 :        syn_ip_flow       |    off     |       off        |        
RUN-1001 :          thread          |    auto    |       auto       |        
RUN-1001 : ---------------------------------------------------------------
RUN-1001 : Print Route Property
RUN-1001 : -------------------------------------------------------
RUN-1001 :    Parameters    |  Settings  |  Default Values  |  Note  
RUN-1001 : -------------------------------------------------------
RUN-1001 :      effort      |   medium   |      medium      |        
RUN-1001 :     fix_hold     |    off     |       off        |        
RUN-1001 :    opt_timing    |   medium   |      medium      |        
RUN-1001 :   phy_sim_model  |    off     |       off        |        
RUN-1001 :     priority     |   timing   |      timing      |        
RUN-1001 :     swap_pin     |     on     |        on        |        
RUN-1001 : -------------------------------------------------------
PHY-1001 : Route runs in 16 thread(s)
RUN-1001 : There are total 384 instances
RUN-1001 : 178 mslices, 178 lslices, 24 pads, 0 brams, 0 dsps
RUN-1001 : There are total 793 nets
RUN-1001 : 455 nets have 2 pins
RUN-1001 : 216 nets have [3 - 5] pins
RUN-1001 : 98 nets have [6 - 10] pins
RUN-1001 : 15 nets have [11 - 20] pins
RUN-1001 : 7 nets have [21 - 99] pins
RUN-1001 : 2 nets have 100+ pins
RUN-1002 : start command "start_timer -report"
TMR-2505 : Start building timing graph for model keyboard_instance.
TMR-2506 : Build timing graph completely. Port num: 8, tpin num: 2907, tnet num: 791, tinst num: 382, tnode num: 3413, tedge num: 4858.
TMR-2508 : Levelizing timing graph completed, there are 41 levels in total.
TMR-2501 : Timing graph initialized successfully.
PHY-1001 : 178 mslices, 178 lslices, 24 pads, 0 brams, 0 dsps
TMR-2503 : Start to update net delay, extr mode = 3.
TMR-2504 : Update delay of 791 nets completely.
TMR-2502 : Annotate delay completely, extr mode = 3.
TMR-3001 : Initiate 0 clocks from SDC.
TMR-3004 : Map sdc constraints, there are 0 constraints in total.
TMR-3003 : Constraints initiated successfully.
TMR-3501 : Forward propagation: start to calculate arrival time...
TMR-3502 : Backward propagation: start to calculate required time...
TMR-3503 : Timing propagation completes.
PHY-1001 : Start global routing, caller is route ...
RUN-1001 : Generating global routing grids ...
PHY-1001 : Generate routing nets ...
PHY-1001 : Global iterations in 16 thread ...
PHY-1002 : len = 22976, over cnt = 72(0%), over = 104, worst = 3
PHY-1002 : len = 23304, over cnt = 38(0%), over = 47, worst = 3
PHY-1002 : len = 23976, over cnt = 0(0%), over = 0, worst = 0
PHY-1001 : End global iterations;  0.071219s wall, 0.000000s user + 0.000000s system = 0.000000s CPU (n/a%)

PHY-1001 : Congestion index: top1 = 20.88, top5 = 13.33, top10 = 8.26, top15 = 5.66.
PHY-1001 : End global routing;  0.110923s wall, 0.000000s user + 0.000000s system = 0.000000s CPU (n/a%)

PHY-1001 : Start detail routing ...
PHY-1001 : Current memory(MB): used = 177, reserve = 148, peak = 192.
PHY-1001 : Detailed router is running in normal mode.
PHY-1001 : Generate detailed routing grids ...
PHY-1001 : Generate nets ...
PHY-1001 : net clk_50M_dup_1 will be routed on clock mesh
PHY-1001 : clock net U1/scan_clk_syn_4 will be merged with clock U1/scan_clk
PHY-1001 : Current memory(MB): used = 445, reserve = 420, peak = 445.
PHY-1001 : End build detailed router design. 3.423752s wall, 1.515625s user + 0.078125s system = 1.593750s CPU (46.5%)

PHY-1001 : Detail Route ...
PHY-1001 : ===== Detail Route Phase 1 =====
PHY-1001 : Clock net routing.....
PHY-1001 : Routed 0% nets.
PHY-1022 : len = 10448, over cnt = 0(0%), over = 0, worst = 0, crit = 0
PHY-1001 : End initial clock net routed; 0.411138s wall, 0.156250s user + 0.093750s system = 0.250000s CPU (60.8%)

PHY-1001 : Current memory(MB): used = 475, reserve = 451, peak = 475.
PHY-1001 : End phase 1; 0.416183s wall, 0.171875s user + 0.093750s system = 0.265625s CPU (63.8%)

PHY-1001 : ===== Detail Route Phase 2 =====
PHY-1001 : Initial routing.....
PHY-1001 : Routed 18% nets.
PHY-1001 : Routed 32% nets.
PHY-1001 : Routed 33% nets.
PHY-1001 : Routed 33% nets.
PHY-1001 : Patch 380 net; 0.233054s wall, 0.015625s user + 0.000000s system = 0.015625s CPU (6.7%)

PHY-1022 : len = 50176, over cnt = 18(0%), over = 18, worst = 1, crit = 0
PHY-1001 : Current memory(MB): used = 475, reserve = 451, peak = 475.
PHY-1001 : End initial routed; 0.322763s wall, 0.031250s user + 0.000000s system = 0.031250s CPU (9.7%)

PHY-1001 : Update timing.....
PHY-1001 : 0/644(0%) critical/total net(s).
RUN-1001 : ------------------------------------------
RUN-1001 :   Type   |    WNS(ns)    |  TNS(ns)  |  FEP  
RUN-1001 : ------------------------------------------
RUN-1001 :   Setup  |  2147483.647  |   0.000   |   0   
RUN-1001 :   Hold   |  2147483.647  |   0.000   |   0   
RUN-1001 : ------------------------------------------
PHY-1001 : End update timing; 0.166004s wall, 0.046875s user + 0.000000s system = 0.046875s CPU (28.2%)

PHY-1001 : Current memory(MB): used = 475, reserve = 451, peak = 475.
PHY-1001 : End phase 2; 0.488838s wall, 0.078125s user + 0.000000s system = 0.078125s CPU (16.0%)

PHY-1001 : ===== Detail Route Phase 3 =====
PHY-1001 : Optimize timing.....
PHY-1022 : len = 50176, over cnt = 18(0%), over = 18, worst = 1, crit = 0
PHY-1001 : End optimize timing; 0.004903s wall, 0.000000s user + 0.000000s system = 0.000000s CPU (n/a%)

PHY-1001 : Ripup-reroute.....
PHY-1001 : ===== DR Iter 1 =====
PHY-1022 : len = 50248, over cnt = 0(0%), over = 0, worst = 0, crit = 0
PHY-1001 : End DR Iter 1; 0.022954s wall, 0.000000s user + 0.000000s system = 0.000000s CPU (n/a%)

PHY-1001 : Update timing.....
PHY-1001 : 0/644(0%) critical/total net(s).
RUN-1001 : ------------------------------------------
RUN-1001 :   Type   |    WNS(ns)    |  TNS(ns)  |  FEP  
RUN-1001 : ------------------------------------------
RUN-1001 :   Setup  |  2147483.647  |   0.000   |   0   
RUN-1001 :   Hold   |  2147483.647  |   0.000   |   0   
RUN-1001 : ------------------------------------------
PHY-1001 : End update timing; 0.169213s wall, 0.062500s user + 0.000000s system = 0.062500s CPU (36.9%)

PHY-1001 : Commit to database.....
PHY-1001 : 5 feed throughs used by 4 nets
PHY-1001 : End commit to database; 0.071035s wall, 0.046875s user + 0.000000s system = 0.046875s CPU (66.0%)

PHY-1001 : Current memory(MB): used = 487, reserve = 464, peak = 487.
PHY-1001 : End phase 3; 0.372949s wall, 0.156250s user + 0.000000s system = 0.156250s CPU (41.9%)

PHY-1003 : Routed, final wirelength = 50248
PHY-1001 : Current memory(MB): used = 488, reserve = 464, peak = 488.
PHY-1001 : End export database. 0.006305s wall, 0.000000s user + 0.000000s system = 0.000000s CPU (n/a%)

PHY-1001 : End detail routing;  4.905449s wall, 2.000000s user + 0.187500s system = 2.187500s CPU (44.6%)

RUN-1003 : finish command "route" in  5.244167s wall, 2.125000s user + 0.187500s system = 2.312500s CPU (44.1%)

RUN-1004 : used memory is 441 MB, reserved memory is 416 MB, peak memory is 488 MB
RUN-1002 : start command "report_area -io_info -file keyboard_phy.area"
RUN-1001 : standard
***Report Model: keyboard_instance Device: EG4S20BG256***

IO Statistics
#IO                        24
  #input                    6
  #output                  18
  #inout                    0

Utilization Statistics
#lut                      617   out of  19600    3.15%
#reg                      241   out of  19600    1.23%
#le                       692
  #lut only               451   out of    692   65.17%
  #reg only                75   out of    692   10.84%
  #lut&reg                166   out of    692   23.99%
#dsp                        0   out of     29    0.00%
#bram                       0   out of     64    0.00%
  #bram9k                   0
  #fifo9k                   0
#bram32k                    0   out of     16    0.00%
#pad                       24   out of    188   12.77%
  #ireg                     0
  #oreg                     0
  #treg                     0
#pll                        0   out of      4    0.00%
#gclk                       2   out of     16   12.50%

Clock Resource Statistics
Index     ClockNet         Type               DriverType         Driver                      Fanout
#1        clk_50M_dup_1    GCLK               io                 clk_50M_syn_2.di            133
#2        U1/scan_clk      GCLK               mslice             U1/scan_clk_reg_syn_9.q0    10


Detailed IO Report

        Name           Direction    Location    IOStandard    DriveStrength    PullType    PackReg  
        RSTn             INPUT         A9        LVCMOS33          N/A          PULLUP      NONE    
       clk_50M           INPUT         R7        LVCMOS33          N/A          PULLUP      NONE    
       col[3]            INPUT        F10        LVCMOS33          N/A          PULLUP      NONE    
       col[2]            INPUT        C11        LVCMOS33          N/A          PULLUP      NONE    
       col[1]            INPUT        D11        LVCMOS33          N/A          PULLUP      NONE    
       col[0]            INPUT        E11        LVCMOS33          N/A          PULLUP      NONE    
  DigitronCS_Out[3]     OUTPUT         A3        LVCMOS33           8            NONE       NONE    
  DigitronCS_Out[2]     OUTPUT         A5        LVCMOS33           8            NONE       NONE    
  DigitronCS_Out[1]     OUTPUT         B6        LVCMOS33           8            NONE       NONE    
  DigitronCS_Out[0]     OUTPUT         C9        LVCMOS33           8            NONE       NONE    
   Digitron_Out[7]      OUTPUT         C8        LVCMOS33           8            NONE       NONE    
   Digitron_Out[6]      OUTPUT         A8        LVCMOS33           8            NONE       NONE    
   Digitron_Out[5]      OUTPUT         B5        LVCMOS33           8            NONE       NONE    
   Digitron_Out[4]      OUTPUT         A7        LVCMOS33           8            NONE       NONE    
   Digitron_Out[3]      OUTPUT         E8        LVCMOS33           8            NONE       NONE    
   Digitron_Out[2]      OUTPUT         B8        LVCMOS33           8            NONE       NONE    
   Digitron_Out[1]      OUTPUT         A6        LVCMOS33           8            NONE       NONE    
   Digitron_Out[0]      OUTPUT         A4        LVCMOS33           8            NONE       NONE    
       buzzer           OUTPUT        H11        LVCMOS33           8            NONE       NONE    
        light           OUTPUT        B14        LVCMOS33           8            NONE       NONE    
       row[3]           OUTPUT         D9        LVCMOS33           8            NONE       NONE    
       row[2]           OUTPUT         F9        LVCMOS33           8            NONE       NONE    
       row[1]           OUTPUT        C10        LVCMOS33           8            NONE       NONE    
       row[0]           OUTPUT        E10        LVCMOS33           8            NONE       NONE    

Report Hierarchy Area:
+-------------------------------------------------------------------------------------------+
|Instance |Module                      |le     |lut     |ripple  |seq     |bram    |dsp     |
+-------------------------------------------------------------------------------------------+
|top      |keyboard_instance           |692    |480     |137     |241     |0       |0       |
|  U1     |keyboard_scan               |73     |50      |9       |53      |0       |0       |
|  U2     |key_filter                  |62     |33      |6       |52      |0       |0       |
|  U3     |onehot2binary               |509    |363     |117     |120     |0       |0       |
|  U5     |Digitron_TimeDisplay_module |44     |30      |5       |16      |0       |0       |
+-------------------------------------------------------------------------------------------+


DataNet Average Fanout:

   Index     Fanout    Nets  
    #1         1       431   
    #2         2       137   
    #3         3        44   
    #4         4        35   
    #5        5-10     100   
    #6       11-50      18   
  Average     2.55           

RUN-1002 : start command "export_db keyboard_pr.db"
RUN-1001 : Exported /
RUN-1001 : Exported flow parameters
RUN-1001 : Exported libs
RUN-1001 : Exported entities
RUN-1001 : Exported ports
RUN-1001 : Exported pins
RUN-1001 : Exported instances
RUN-1001 : Exported nets
RUN-1001 : Exported buses
RUN-1001 : Exported models
RUN-1001 : Exported congestions
RUN-1001 : Exported violations
RUN-1001 : Exported timing constraints
RUN-1001 : Exported IO constraints
RUN-1001 : Exported Inst constraints
RUN-1002 : start command "export_bid keyboard_inst.bid"
RUN-1002 : start command "bitgen -bit keyboard.bit -unused_io_status pulldown"
BIT-1003 : Start to generate bitstream. 
BIT-1002 : Bitgen processed 164 unused pads, reserve input tri_state with pulldown
BIT-1002 : Init instances with 16 threads.
BIT-1002 : Init instances completely, inst num: 546
BIT-1002 : Init pips with 16 threads.
BIT-1002 : Init pips completely, net num: 793, pip num: 5678
BIT-1002 : Init feedthrough completely, num: 5
BIT-1003 : Multithreading accelaration with 16 threads.
BIT-1003 : Generate bitstream completely, there are 777 valid insts, and 18549 bits set as '1'.
BIT-1004 : PLL setting string = 0000
BIT-1004 : Generate bits file keyboard.bit.
RUN-1003 : finish command "bitgen -bit keyboard.bit -unused_io_status pulldown" in  1.528010s wall, 7.250000s user + 0.140625s system = 7.390625s CPU (483.7%)

RUN-1004 : used memory is 443 MB, reserved memory is 418 MB, peak memory is 631 MB
RUN-1002 : start command "backup_run_log run.log ../.logs/phy_1/td_20240828_163130.log"
