============================================================
   Tang Dynasty, V5.6.59063
   Copyright (c) 2012-2022 Anlogic
   Executable = E:/Anlogic/TD5.6.59063/bin/td.exe
   Built at =   12:45:13 Sep  6 2022
   Run by =     19234
   Run Date =   Wed Aug 28 15:43:13 2024

   Run on =     ERIKPSW
============================================================
RUN-1002 : start command "open_project keyboard.prj"
RUN-1001 : Print Global Property
RUN-1001 : ---------------------------------------------------------------
RUN-1001 :        Parameters        |  Settings  |  Default Values  |  Note  
RUN-1001 : ---------------------------------------------------------------
RUN-1001 :          message         |  standard  |     standard     |        
RUN-1001 :   mixed_pack_place_flow  |     on     |        on        |        
RUN-1001 :        qor_monitor       |    off     |       off        |        
RUN-1001 :        syn_ip_flow       |    off     |       off        |        
RUN-1001 :          thread          |    auto    |       auto       |        
RUN-1001 : ---------------------------------------------------------------
RUN-1001 : Print Design Property
RUN-1001 : --------------------------------------------------------------
RUN-1001 :        Parameters       |  Settings  |  Default Values  |  Note  
RUN-1001 : --------------------------------------------------------------
RUN-1001 :   default_reg_initial   |    auto    |       auto       |        
RUN-1001 :        infer_add        |     on     |        on        |        
RUN-1001 :        infer_fsm        |    off     |       off        |        
RUN-1001 :        infer_mult       |     on     |        on        |        
RUN-1001 :        infer_ram        |     on     |        on        |        
RUN-1001 :        infer_reg        |     on     |        on        |        
RUN-1001 :   infer_reg_init_value  |     on     |        on        |        
RUN-1001 :        infer_rom        |     on     |        on        |        
RUN-1001 :      infer_shifter      |     on     |        on        |        
RUN-1001 : --------------------------------------------------------------
RUN-1001 : Print Rtl Property
RUN-1001 : --------------------------------------------------------------
RUN-1001 :        Parameters       |  Settings  |  Default Values  |  Note  
RUN-1001 : --------------------------------------------------------------
RUN-1001 :       compress_add      |   ripple   |      ripple      |        
RUN-1001 :        elf_sload        |    off     |       off        |        
RUN-1001 :       fix_undriven      |     0      |        0         |        
RUN-1001 :         flatten         |    off     |       off        |        
RUN-1001 :       gate_sharing      |     on     |        on        |        
RUN-1001 :    hdl_warning_level    |   normal   |      normal      |        
RUN-1001 :   impl_internal_tribuf  |     on     |        on        |        
RUN-1001 :      impl_set_reset     |     on     |        on        |        
RUN-1001 :        infer_gsr        |    off     |       off        |        
RUN-1001 :      keep_hierarchy     |    auto    |       auto       |        
RUN-1001 :        max_fanout       |    9999    |       9999       |        
RUN-1001 :      max_oh2bin_len     |     10     |        10        |        
RUN-1001 :       merge_equal       |     on     |        on        |        
RUN-1001 :       merge_equiv       |     on     |        on        |        
RUN-1001 :        merge_mux        |    off     |       off        |        
RUN-1001 :     min_control_set     |     8      |        8         |        
RUN-1001 :      min_ripple_len     |    auto    |       auto       |        
RUN-1001 :       oh2bin_ratio      |    0.08    |       0.08       |        
RUN-1001 :     opt_adder_fanout    |     on     |        on        |        
RUN-1001 :        opt_arith        |     on     |        on        |        
RUN-1001 :       opt_big_gate      |    off     |       off        |        
RUN-1001 :        opt_const        |     on     |        on        |        
RUN-1001 :      opt_const_mult     |     on     |        on        |        
RUN-1001 :       opt_lessthan      |     on     |        on        |        
RUN-1001 :         opt_mux         |    off     |       off        |        
RUN-1001 :         opt_ram         |    high    |       high       |        
RUN-1001 :      rtl_sim_model      |    off     |       off        |        
RUN-1001 :         seq_syn         |     on     |        on        |        
RUN-1001 : --------------------------------------------------------------
HDL-1007 : analyze verilog file ../../../src/Digitron_TimeDisplay_module.v
HDL-1007 : analyze verilog file ../../../src/key_filter.v
HDL-1007 : analyze verilog file ../../../src/keyboard_instance.v
HDL-1007 : analyze verilog file ../../../src/keyboard_scan.v
HDL-1007 : analyze verilog file ../../../src/onehot2binary.v
HDL-5007 WARNING: 'RSTn' is not declared in ../../../src/onehot2binary.v(1)
HDL-5007 WARNING: 'RSTn' is not declared in ../../../src/onehot2binary.v(1)
RUN-1001 : Project manager successfully analyzed 5 source files.
RUN-1002 : start command "import_device eagle_s20.db -package EG4S20BG256"
ARC-1001 : Device Initialization.
ARC-1001 : ------------------------------------------------------------------
ARC-1001 :            OPTION            |          IO          |   SETTING   
ARC-1001 : ------------------------------------------------------------------
ARC-1001 :   cso_b/cclk/mosi/miso/dout  |  T3/R11/T10/P10/S11  |    gpio    
ARC-1001 :             done             |         P13          |    gpio    
ARC-1001 :           program_b          |          T2          |  dedicate  
ARC-1001 :        tdi/tms/tck/tdo       |   C12/A15/C14/E14    |  dedicate  
ARC-1001 : ------------------------------------------------------------------
ARC-1004 : Device setting, marked 5 dedicate IOs in total.
RUN-1002 : start command "import_db ../syn_1/keyboard_gate.db"
RUN-1001 : Importing database generated by Tang Dynasty, V5.6.59063.
RUN-1001 : Database version number 46140.
RUN-1001 : Import flow parameters
RUN-1001 : Import timing constraints
RUN-1001 : Import IO constraints
RUN-1001 : Import Inst constraints
RUN-1001 : Import design success TD_VERSION=5.6.59063 , DB_VERSION=46140
RUN-1002 : start command "read_sdc"
USR-1002 : read_sdc file_name -help -h -eco
USR-1009 : NO module with IP_SDC ...
RUN-1104 : Import SDC file  finished, there are 0 nets kept by constraints.
RUN-1002 : start command "place"
RUN-1001 : Open license file E:/Anlogic/TD5.6.59063/license/Anlogic.lic
RUN-1001 : Print Global Property
RUN-1001 : ---------------------------------------------------------------
RUN-1001 :        Parameters        |  Settings  |  Default Values  |  Note  
RUN-1001 : ---------------------------------------------------------------
RUN-1001 :          message         |  standard  |     standard     |        
RUN-1001 :   mixed_pack_place_flow  |     on     |        on        |        
RUN-1001 :        qor_monitor       |    off     |       off        |        
RUN-1001 :        syn_ip_flow       |    off     |       off        |        
RUN-1001 :          thread          |    auto    |       auto       |        
RUN-1001 : ---------------------------------------------------------------
RUN-1001 : Print Place Property
RUN-1001 : --------------------------------------------------------------
RUN-1001 :        Parameters       |  Settings  |  Default Values  |  Note  
RUN-1001 : --------------------------------------------------------------
RUN-1001 :      detailed_place     |     on     |        on        |        
RUN-1001 :          effort         |   medium   |      medium      |        
RUN-1001 :         fix_hold        |    off     |       off        |        
RUN-1001 :       legalization      |    ori     |       ori        |        
RUN-1001 :      new_spreading      |     on     |        on        |        
RUN-1001 :        opt_timing       |   medium   |      medium      |        
RUN-1001 :   post_clock_route_opt  |    off     |       off        |        
RUN-1001 :       pr_strategy       |     1      |        1         |        
RUN-1001 :        relaxation       |    1.00    |       1.00       |        
RUN-1001 :         retiming        |    off     |       off        |        
RUN-1001 : --------------------------------------------------------------
PHY-3001 : Placer runs in 16 thread(s).
RUN-1002 : start command "legalize_phy_inst"
SYN-1011 : Flatten model keyboard_instance
RUN-1002 : start command "phys_opt -simplify_lut"
SYN-4024 : Net "clk_50M_dup_1" drives clk pins.
SYN-4024 : Net "U1/scan_clk" drives clk pins.
SYN-4025 : Tag rtl::Net U1/scan_clk as clock net
SYN-4025 : Tag rtl::Net clk_50M_dup_1 as clock net
SYN-4026 : Tagged 2 rtl::Net as clock net
SYN-4015 : Create BUFG instance for clk Net U1/scan_clk to drive 20 clock pins.
PHY-1001 : Populate physical database on model keyboard_instance.
RUN-1001 : There are total 749 instances
RUN-0007 : 354 luts, 230 seqs, 96 mslices, 41 lslices, 24 pads, 0 brams, 0 dsps
RUN-1001 : There are total 891 nets
RUN-1001 : 536 nets have 2 pins
RUN-1001 : 245 nets have [3 - 5] pins
RUN-1001 : 83 nets have [6 - 10] pins
RUN-1001 : 14 nets have [11 - 20] pins
RUN-1001 : 11 nets have [21 - 99] pins
RUN-1001 : 2 nets have 100+ pins
RUN-1001 : Report Control nets information:
RUN-1001 : DFF Distribution
RUN-1001 : ----------------------------------
RUN-1001 :   CE   |  SSR  |  ASR  |  DFF Count  
RUN-1001 : ----------------------------------
RUN-1001 :   No   |  No   |  No   |     94      
RUN-1001 :   No   |  No   |  Yes  |     20      
RUN-1001 :   No   |  Yes  |  No   |     17      
RUN-1001 :   Yes  |  No   |  No   |     35      
RUN-1001 :   Yes  |  No   |  Yes  |     32      
RUN-1001 :   Yes  |  Yes  |  No   |     32      
RUN-1001 : ----------------------------------
RUN-0007 : Control Group Statistic
RUN-0007 : ---------------------------
RUN-0007 :   #CLK  |  #CE  |  #SSR/ASR  
RUN-0007 : ---------------------------
RUN-0007 :    2    |   5   |     3      
RUN-0007 : ---------------------------
RUN-0007 : Control Set = 8
PHY-3001 : Initial placement ...
PHY-3001 : design contains 747 instances, 354 luts, 230 seqs, 137 slices, 14 macros(137 instances: 96 mslices 41 lslices)
PHY-0007 : Cell area utilization is 3%
PHY-3001 : Start timing update ...
RUN-1002 : start command "start_timer -report"
TMR-2505 : Start building timing graph for model keyboard_instance.
TMR-2506 : Build timing graph completely. Port num: 8, tpin num: 3286, tnet num: 889, tinst num: 747, tnode num: 3946, tedge num: 5293.
TMR-2508 : Levelizing timing graph completed, there are 43 levels in total.
TMR-2501 : Timing graph initialized successfully.
TMR-2503 : Start to update net delay, extr mode = 2.
TMR-2504 : Update delay of 889 nets completely.
TMR-2502 : Annotate delay completely, extr mode = 2.
TMR-3001 : Initiate 0 clocks from SDC.
TMR-3004 : Map sdc constraints, there are 0 constraints in total.
TMR-3003 : Constraints initiated successfully.
TMR-3501 : Forward propagation: start to calculate arrival time...
TMR-3502 : Backward propagation: start to calculate required time...
TMR-3503 : Timing propagation completes.
PHY-3001 : End timing update;  0.141477s wall, 0.046875s user + 0.000000s system = 0.046875s CPU (33.1%)

PHY-3001 : Global placement ...
PHY-3001 : Initial: Len = 215301
PHY-3001 : Clustering ...
PHY-3001 : Level 0 #clusters 747.
PHY-3001 : End clustering;  0.000013s wall, 0.000000s user + 0.000000s system = 0.000000s CPU (n/a%)

PHY-3001 : Run with size of 4
PHY-3001 : Cell area utilization is 3%
PHY-3001 : :::0::: Try harder cell spreading with beta_ = 0
PHY-3002 : Step(1): len = 141197, overlap = 0
PHY-3002 : Step(2): len = 93019, overlap = 0
PHY-3002 : Step(3): len = 71499.8, overlap = 0
PHY-3002 : Step(4): len = 47354.4, overlap = 0
PHY-3002 : Step(5): len = 37023.6, overlap = 4
PHY-3002 : Step(6): len = 30852.4, overlap = 4
PHY-3002 : Step(7): len = 28694.5, overlap = 4
PHY-3002 : Step(8): len = 24489.5, overlap = 4
PHY-3002 : Step(9): len = 23603.1, overlap = 4
PHY-3002 : Step(10): len = 21442.2, overlap = 4
PHY-3002 : Step(11): len = 18593, overlap = 4
PHY-3002 : Step(12): len = 17622.3, overlap = 4
PHY-3002 : Step(13): len = 17776.5, overlap = 4
PHY-3002 : Step(14): len = 17094.8, overlap = 4
PHY-3002 : Step(15): len = 16560.5, overlap = 4.3125
PHY-3002 : Step(16): len = 16748.6, overlap = 4.375
PHY-3002 : Step(17): len = 16793.1, overlap = 4.5625
PHY-3002 : Step(18): len = 16450.3, overlap = 4.625
PHY-3002 : Step(19): len = 15969.1, overlap = 4.375
PHY-3002 : Step(20): len = 15931.8, overlap = 4.0625
PHY-3002 : Step(21): len = 15813.4, overlap = 4.0625
PHY-3002 : Step(22): len = 15409.4, overlap = 4.0625
PHY-3002 : Step(23): len = 14450, overlap = 4.4375
PHY-3002 : Step(24): len = 14790.3, overlap = 4.1875
PHY-3002 : Step(25): len = 15183.9, overlap = 4.25
PHY-3001 : Legalization ...
PHY-3001 : End legalization;  0.003831s wall, 0.000000s user + 0.000000s system = 0.000000s CPU (n/a%)

PHY-3001 : Run with size of 4
PHY-3001 : Cell area utilization is 4%
PHY-3001 : Update timing in Manhattan mode ...
TMR-2503 : Start to update net delay, extr mode = 3.
TMR-2504 : Update delay of 889 nets completely.
TMR-2502 : Annotate delay completely, extr mode = 3.
TMR-3501 : Forward propagation: start to calculate arrival time...
TMR-3502 : Backward propagation: start to calculate required time...
TMR-3503 : Timing propagation completes.
PHY-3001 : End timing update;  0.008268s wall, 0.000000s user + 0.000000s system = 0.000000s CPU (n/a%)

PHY-3001 : :::0::: Try harder cell spreading with beta_ = 0.000153068
PHY-3002 : Step(26): len = 14044.5, overlap = 17.5
PHY-3002 : Step(27): len = 14186.3, overlap = 17.7812
PHY-3002 : Step(28): len = 14229.7, overlap = 17.8125
PHY-3001 : :::1::: Try harder cell spreading with beta_ = 0.000306135
PHY-3002 : Step(29): len = 14015.7, overlap = 17.25
PHY-3002 : Step(30): len = 14095.1, overlap = 17.3438
PHY-3002 : Step(31): len = 14439, overlap = 17.2188
PHY-3001 : :::2::: Try harder cell spreading with beta_ = 0.000612271
PHY-3002 : Step(32): len = 13894.3, overlap = 17.375
PHY-3002 : Step(33): len = 14071.3, overlap = 17.3125
PHY-3002 : Step(34): len = 14142.2, overlap = 18.6562
PHY-3001 : Run with size of 2
PHY-3001 : Cell area utilization is 4%
PHY-3001 : Update timing in Manhattan mode ...
TMR-2503 : Start to update net delay, extr mode = 3.
TMR-2504 : Update delay of 889 nets completely.
TMR-2502 : Annotate delay completely, extr mode = 3.
TMR-3501 : Forward propagation: start to calculate arrival time...
TMR-3502 : Backward propagation: start to calculate required time...
TMR-3503 : Timing propagation completes.
PHY-3001 : End timing update;  0.007996s wall, 0.000000s user + 0.000000s system = 0.000000s CPU (n/a%)

PHY-3001 : :::0::: Try harder cell spreading with beta_ = 2.79124e-05
PHY-3002 : Step(35): len = 16211.5, overlap = 31.25
PHY-3002 : Step(36): len = 16498, overlap = 32.375
PHY-3002 : Step(37): len = 15481.3, overlap = 26.7812
PHY-3002 : Step(38): len = 15411.9, overlap = 27.5938
PHY-3002 : Step(39): len = 14752.6, overlap = 32.2188
PHY-3001 : :::1::: Try harder cell spreading with beta_ = 5.58248e-05
PHY-3002 : Step(40): len = 14969.3, overlap = 21.1562
PHY-3002 : Step(41): len = 15054, overlap = 20.8438
PHY-3002 : Step(42): len = 15093, overlap = 24.9688
PHY-3002 : Step(43): len = 15130.4, overlap = 25.3125
PHY-3002 : Step(44): len = 15371, overlap = 19.25
PHY-3002 : Step(45): len = 15424.5, overlap = 19.25
PHY-3002 : Step(46): len = 15449.6, overlap = 16.9062
PHY-3002 : Step(47): len = 15477.2, overlap = 16.875
PHY-3002 : Step(48): len = 15339.4, overlap = 18.0938
PHY-3002 : Step(49): len = 15347.5, overlap = 16.2188
PHY-3002 : Step(50): len = 15569, overlap = 16.3125
PHY-3002 : Step(51): len = 15721.2, overlap = 14.8438
PHY-3002 : Step(52): len = 15084.8, overlap = 24.875
PHY-3002 : Step(53): len = 14488.9, overlap = 23.1875
PHY-3002 : Step(54): len = 14546.7, overlap = 22.7188
PHY-3002 : Step(55): len = 14202.4, overlap = 23.0312
PHY-3002 : Step(56): len = 14242.7, overlap = 24
PHY-3002 : Step(57): len = 13882.7, overlap = 24.7812
PHY-3002 : Step(58): len = 14002.1, overlap = 24.7188
PHY-3002 : Step(59): len = 14092.5, overlap = 24.5
PHY-3001 : :::2::: Try harder cell spreading with beta_ = 0.00011165
PHY-3002 : Step(60): len = 14106.7, overlap = 23.9375
PHY-3002 : Step(61): len = 14106.7, overlap = 23.9375
PHY-3002 : Step(62): len = 13945.2, overlap = 20.4062
PHY-3001 : :::3::: Try harder cell spreading with beta_ = 0.000223299
PHY-3002 : Step(63): len = 14189.1, overlap = 18.6562
PHY-3002 : Step(64): len = 14152.3, overlap = 20.3438
PHY-3002 : Step(65): len = 14138.7, overlap = 20.25
OPT-1001 : Start physical optimization ...
RUN-1002 : start command "start_timer -report"
TMR-2505 : Start building timing graph for model keyboard_instance.
TMR-2506 : Build timing graph completely. Port num: 8, tpin num: 3286, tnet num: 889, tinst num: 747, tnode num: 3946, tedge num: 5293.
TMR-2508 : Levelizing timing graph completed, there are 43 levels in total.
TMR-2501 : Timing graph initialized successfully.
OPT-1001 : Total overflow 49.78 peak overflow 3.09
OPT-1001 : Start high-fanout net optimization ...
OPT-1001 : Update timing in global mode
PHY-1001 : Start incremental global routing, caller is place ...
RUN-1001 : Generating global routing grids ...
RUN-1001 : Building simple global routing graph ...
PHY-1001 : Generate routing nets ...
PHY-1001 : Reuse net number 0/891.
PHY-1001 : Global iterations in 16 thread ...
PHY-1002 : len = 15008, over cnt = 62(0%), over = 212, worst = 16
PHY-1001 : End global iterations;  0.030149s wall, 0.015625s user + 0.000000s system = 0.015625s CPU (51.8%)

PHY-1001 : Congestion index: top1 = 20.75, top5 = 9.63, top10 = 5.50, top15 = 3.67.
PHY-1001 : End incremental global routing;  0.093091s wall, 0.015625s user + 0.000000s system = 0.015625s CPU (16.8%)

TMR-2503 : Start to update net delay, extr mode = 5.
TMR-2504 : Update delay of 889 nets completely.
TMR-2502 : Annotate delay completely, extr mode = 5.
TMR-3001 : Initiate 0 clocks from SDC.
TMR-3004 : Map sdc constraints, there are 0 constraints in total.
TMR-3003 : Constraints initiated successfully.
TMR-3501 : Forward propagation: start to calculate arrival time...
TMR-3502 : Backward propagation: start to calculate required time...
TMR-3503 : Timing propagation completes.
OPT-1001 : End timing update;  0.017844s wall, 0.015625s user + 0.000000s system = 0.015625s CPU (87.6%)

OPT-1001 : 0 high-fanout net processed.
OPT-1001 : End high-fanout net optimization;  0.119170s wall, 0.031250s user + 0.000000s system = 0.031250s CPU (26.2%)

OPT-1001 : Current memory(MB): used = 150, reserve = 121, peak = 150.
OPT-1001 : Start global optimization ...
OPT-1001 : Start congestion update ...
RUN-1001 : Generating global routing grids ...
PHY-1001 : Generate routing nets ...
PHY-1001 : Reuse net number 454/891.
PHY-1001 : Global iterations in 16 thread ...
PHY-1002 : len = 15008, over cnt = 62(0%), over = 212, worst = 16
PHY-1002 : len = 16472, over cnt = 27(0%), over = 73, worst = 13
PHY-1002 : len = 17200, over cnt = 4(0%), over = 4, worst = 1
PHY-1002 : len = 17232, over cnt = 2(0%), over = 2, worst = 1
PHY-1002 : len = 17264, over cnt = 0(0%), over = 0, worst = 0
PHY-1001 : End global iterations;  0.039623s wall, 0.000000s user + 0.000000s system = 0.000000s CPU (n/a%)

PHY-1001 : Congestion index: top1 = 20.15, top5 = 10.33, top10 = 6.05, top15 = 4.05.
OPT-1001 : End congestion update;  0.079141s wall, 0.015625s user + 0.015625s system = 0.031250s CPU (39.5%)

OPT-1001 : Update timing in Manhattan mode
TMR-2503 : Start to update net delay, extr mode = 3.
TMR-2504 : Update delay of 889 nets completely.
TMR-2502 : Annotate delay completely, extr mode = 3.
TMR-3501 : Forward propagation: start to calculate arrival time...
TMR-3502 : Backward propagation: start to calculate required time...
TMR-3503 : Timing propagation completes.
OPT-1001 : End timing update;  0.008049s wall, 0.000000s user + 0.000000s system = 0.000000s CPU (n/a%)

OPT-0007 : Start: WNS 2147483647 TNS 0 NUM_FEPS 0
OPT-1001 : End global optimization;  0.087269s wall, 0.015625s user + 0.015625s system = 0.031250s CPU (35.8%)

OPT-1001 : Current memory(MB): used = 151, reserve = 122, peak = 151.
OPT-1001 : End physical optimization;  0.338563s wall, 0.140625s user + 0.015625s system = 0.156250s CPU (46.2%)

PHY-3001 : Start packing ...
SYN-4007 : Packing 0 MUX to BLE ...
SYN-4008 : Packed 0 MUX and 0 SEQ to BLE.
SYN-4007 : Packing 354 LUT to BLE ...
SYN-4008 : Packed 354 LUT and 95 SEQ to BLE.
SYN-4003 : Packing 135 remaining SEQ's ...
SYN-4005 : Packed 57 SEQ with LUT/SLICE
SYN-4006 : 212 single LUT's are left
SYN-4006 : 78 single SEQ's are left
SYN-4011 : Packing model "keyboard_instance" (AL_USER_NORMAL) with 432/597 primitive instances ...
PHY-3001 : End packing;  0.019546s wall, 0.031250s user + 0.000000s system = 0.031250s CPU (159.9%)

PHY-1001 : Populate physical database on model keyboard_instance.
RUN-1001 : There are total 392 instances
RUN-1001 : 182 mslices, 182 lslices, 24 pads, 0 brams, 0 dsps
RUN-1001 : There are total 796 nets
RUN-1001 : 441 nets have 2 pins
RUN-1001 : 245 nets have [3 - 5] pins
RUN-1001 : 83 nets have [6 - 10] pins
RUN-1001 : 17 nets have [11 - 20] pins
RUN-1001 : 8 nets have [21 - 99] pins
RUN-1001 : 2 nets have 100+ pins
PHY-3001 : design contains 390 instances, 364 slices, 14 macros(137 instances: 96 mslices 41 lslices)
PHY-3001 : Cell area utilization is 4%
PHY-3001 : After packing: Len = 14502, Over = 28.5
PHY-3001 : Run with size of 2
PHY-3001 : Cell area utilization is 4%
PHY-3001 : Update timing in Manhattan mode ...
RUN-1002 : start command "start_timer -report"
TMR-2505 : Start building timing graph for model keyboard_instance.
TMR-2506 : Build timing graph completely. Port num: 8, tpin num: 2924, tnet num: 794, tinst num: 390, tnode num: 3412, tedge num: 4851.
TMR-2508 : Levelizing timing graph completed, there are 41 levels in total.
TMR-2501 : Timing graph initialized successfully.
TMR-2503 : Start to update net delay, extr mode = 3.
TMR-2504 : Update delay of 794 nets completely.
TMR-2502 : Annotate delay completely, extr mode = 3.
TMR-3001 : Initiate 0 clocks from SDC.
TMR-3004 : Map sdc constraints, there are 0 constraints in total.
TMR-3003 : Constraints initiated successfully.
TMR-3501 : Forward propagation: start to calculate arrival time...
TMR-3502 : Backward propagation: start to calculate required time...
TMR-3503 : Timing propagation completes.
PHY-3001 : End timing update;  0.153175s wall, 0.046875s user + 0.000000s system = 0.046875s CPU (30.6%)

PHY-3001 : :::0::: Try harder cell spreading with beta_ = 1.73699e-05
PHY-3002 : Step(66): len = 14377.9, overlap = 28.25
PHY-3002 : Step(67): len = 14435.8, overlap = 28.25
PHY-3002 : Step(68): len = 14300.2, overlap = 29
PHY-3001 : :::1::: Try harder cell spreading with beta_ = 3.47398e-05
PHY-3002 : Step(69): len = 14479.8, overlap = 27.5
PHY-3002 : Step(70): len = 14545.9, overlap = 26.25
PHY-3002 : Step(71): len = 14621.7, overlap = 25.75
PHY-3001 : :::2::: Try harder cell spreading with beta_ = 6.94796e-05
PHY-3002 : Step(72): len = 15126.6, overlap = 29.5
PHY-3002 : Step(73): len = 15241.1, overlap = 29.5
PHY-3002 : Step(74): len = 15414.3, overlap = 29.5
PHY-3001 : Legalization ...
PHY-3001 : End legalization;  0.055569s wall, 0.000000s user + 0.031250s system = 0.031250s CPU (56.2%)

PHY-3001 : Trial Legalized: Len = 22541.4
PHY-3001 : Run with size of 2
PHY-3001 : Cell area utilization is 4%
PHY-3001 : Update timing in Manhattan mode ...
TMR-2503 : Start to update net delay, extr mode = 3.
TMR-2504 : Update delay of 794 nets completely.
TMR-2502 : Annotate delay completely, extr mode = 3.
TMR-3501 : Forward propagation: start to calculate arrival time...
TMR-3502 : Backward propagation: start to calculate required time...
TMR-3503 : Timing propagation completes.
PHY-3001 : End timing update;  0.007931s wall, 0.000000s user + 0.000000s system = 0.000000s CPU (n/a%)

PHY-3001 : :::0::: Try harder cell spreading with beta_ = 0.00103379
PHY-3002 : Step(75): len = 19925.1, overlap = 2.75
PHY-3002 : Step(76): len = 19082.4, overlap = 5.25
PHY-3002 : Step(77): len = 18227.2, overlap = 8.5
PHY-3002 : Step(78): len = 17655.8, overlap = 8.75
PHY-3002 : Step(79): len = 16960.2, overlap = 10.5
PHY-3002 : Step(80): len = 16890.8, overlap = 10.5
PHY-3002 : Step(81): len = 16896.4, overlap = 11.25
PHY-3001 : :::1::: Try harder cell spreading with beta_ = 0.00206759
PHY-3002 : Step(82): len = 16976.5, overlap = 11
PHY-3002 : Step(83): len = 16907.9, overlap = 10.75
PHY-3001 : :::2::: Try harder cell spreading with beta_ = 0.00413517
PHY-3002 : Step(84): len = 16883.6, overlap = 10.75
PHY-3002 : Step(85): len = 16860.5, overlap = 11
PHY-3001 : Legalization ...
PHY-3001 : End legalization;  0.004758s wall, 0.000000s user + 0.000000s system = 0.000000s CPU (n/a%)

PHY-3001 : Legalized: Len = 20072.3, Over = 0
PHY-3001 : End spreading;  0.002613s wall, 0.015625s user + 0.000000s system = 0.015625s CPU (598.1%)

PHY-3001 : Final: Len = 20072.3, Over = 0
OPT-1001 : Start physical optimization ...
RUN-1002 : start command "start_timer -report"
TMR-2505 : Start building timing graph for model keyboard_instance.
TMR-2506 : Build timing graph completely. Port num: 8, tpin num: 2924, tnet num: 794, tinst num: 390, tnode num: 3412, tedge num: 4851.
TMR-2508 : Levelizing timing graph completed, there are 41 levels in total.
TMR-2501 : Timing graph initialized successfully.
OPT-1001 : Total overflow 0.00 peak overflow 0.00
OPT-1001 : Start high-fanout net optimization ...
OPT-1001 : Update timing in global mode
PHY-1001 : Start incremental global routing, caller is place ...
RUN-1001 : Generating global routing grids ...
PHY-1001 : Generate routing nets ...
PHY-1001 : Reuse net number 40/796.
PHY-1001 : Global iterations in 16 thread ...
PHY-1002 : len = 23312, over cnt = 63(0%), over = 90, worst = 4
PHY-1002 : len = 23576, over cnt = 44(0%), over = 60, worst = 4
PHY-1002 : len = 24160, over cnt = 7(0%), over = 7, worst = 1
PHY-1002 : len = 24240, over cnt = 2(0%), over = 2, worst = 1
PHY-1002 : len = 24272, over cnt = 0(0%), over = 0, worst = 0
PHY-1001 : End global iterations;  0.066215s wall, 0.015625s user + 0.000000s system = 0.015625s CPU (23.6%)

PHY-1001 : Congestion index: top1 = 21.94, top5 = 13.86, top10 = 8.55, top15 = 5.87.
PHY-1001 : End incremental global routing;  0.108932s wall, 0.031250s user + 0.000000s system = 0.031250s CPU (28.7%)

TMR-2503 : Start to update net delay, extr mode = 5.
TMR-2504 : Update delay of 794 nets completely.
TMR-2502 : Annotate delay completely, extr mode = 5.
TMR-3001 : Initiate 0 clocks from SDC.
TMR-3004 : Map sdc constraints, there are 0 constraints in total.
TMR-3003 : Constraints initiated successfully.
TMR-3501 : Forward propagation: start to calculate arrival time...
TMR-3502 : Backward propagation: start to calculate required time...
TMR-3503 : Timing propagation completes.
OPT-1001 : End timing update;  0.011487s wall, 0.000000s user + 0.000000s system = 0.000000s CPU (n/a%)

OPT-1001 : 0 high-fanout net processed.
OPT-1001 : End high-fanout net optimization;  0.128124s wall, 0.046875s user + 0.000000s system = 0.046875s CPU (36.6%)

OPT-1001 : Current memory(MB): used = 155, reserve = 125, peak = 155.
OPT-1001 : Start path based optimization ...
OPT-1001 : Start congestion update ...
RUN-1001 : Generating global routing grids ...
PHY-1001 : Generate routing nets ...
PHY-1001 : Reuse net number 639/796.
PHY-1001 : Global iterations in 16 thread ...
PHY-1002 : len = 24272, over cnt = 0(0%), over = 0, worst = 0
PHY-1001 : End global iterations;  0.002147s wall, 0.000000s user + 0.000000s system = 0.000000s CPU (n/a%)

PHY-1001 : Congestion index: top1 = 21.94, top5 = 13.86, top10 = 8.55, top15 = 5.87.
OPT-1001 : End congestion update;  0.043881s wall, 0.015625s user + 0.000000s system = 0.015625s CPU (35.6%)

OPT-1001 : Update timing in Manhattan mode
TMR-2503 : Start to update net delay, extr mode = 3.
TMR-2504 : Update delay of 794 nets completely.
TMR-2502 : Annotate delay completely, extr mode = 3.
TMR-3501 : Forward propagation: start to calculate arrival time...
TMR-3502 : Backward propagation: start to calculate required time...
TMR-3503 : Timing propagation completes.
OPT-1001 : End timing update;  0.008715s wall, 0.015625s user + 0.000000s system = 0.015625s CPU (179.3%)

OPT-0007 : Start: WNS 2147483647 TNS 0 NUM_FEPS 0
OPT-1001 : End path based optimization;  0.052717s wall, 0.031250s user + 0.000000s system = 0.031250s CPU (59.3%)

OPT-1001 : Current memory(MB): used = 155, reserve = 126, peak = 155.
OPT-1001 : Update timing in Manhattan mode
TMR-2503 : Start to update net delay, extr mode = 3.
TMR-2504 : Update delay of 794 nets completely.
TMR-2502 : Annotate delay completely, extr mode = 3.
TMR-3501 : Forward propagation: start to calculate arrival time...
TMR-3502 : Backward propagation: start to calculate required time...
TMR-3503 : Timing propagation completes.
OPT-1001 : End timing update;  0.007601s wall, 0.000000s user + 0.000000s system = 0.000000s CPU (n/a%)

OPT-1001 : Start pin optimization...
OPT-1001 : skip pin optimization...
OPT-1001 : Update timing in global mode
PHY-1001 : Start incremental global routing, caller is place ...
RUN-1001 : Generating global routing grids ...
PHY-1001 : Generate routing nets ...
PHY-1001 : Reuse net number 639/796.
PHY-1001 : Global iterations in 16 thread ...
PHY-1002 : len = 24272, over cnt = 0(0%), over = 0, worst = 0
PHY-1001 : End global iterations;  0.002411s wall, 0.000000s user + 0.000000s system = 0.000000s CPU (n/a%)

PHY-1001 : Congestion index: top1 = 21.94, top5 = 13.86, top10 = 8.55, top15 = 5.87.
PHY-1001 : End incremental global routing;  0.047037s wall, 0.000000s user + 0.000000s system = 0.000000s CPU (n/a%)

TMR-2503 : Start to update net delay, extr mode = 5.
TMR-2504 : Update delay of 794 nets completely.
TMR-2502 : Annotate delay completely, extr mode = 5.
TMR-3501 : Forward propagation: start to calculate arrival time...
TMR-3502 : Backward propagation: start to calculate required time...
TMR-3503 : Timing propagation completes.
OPT-1001 : End timing update;  0.012612s wall, 0.015625s user + 0.000000s system = 0.015625s CPU (123.9%)

RUN-1001 : Generating global routing grids ...
PHY-1001 : Generate routing nets ...
PHY-1001 : Reuse net number 639/796.
PHY-1001 : Global iterations in 16 thread ...
PHY-1002 : len = 24272, over cnt = 0(0%), over = 0, worst = 0
PHY-1001 : End global iterations;  0.002741s wall, 0.000000s user + 0.000000s system = 0.000000s CPU (n/a%)

PHY-1001 : Congestion index: top1 = 21.94, top5 = 13.86, top10 = 8.55, top15 = 5.87.
OPT-1001 : Update timing in Manhattan mode
TMR-2503 : Start to update net delay, extr mode = 3.
TMR-2504 : Update delay of 794 nets completely.
TMR-2502 : Annotate delay completely, extr mode = 3.
TMR-3501 : Forward propagation: start to calculate arrival time...
TMR-3502 : Backward propagation: start to calculate required time...
TMR-3503 : Timing propagation completes.
OPT-1001 : End timing update;  0.008016s wall, 0.015625s user + 0.000000s system = 0.015625s CPU (194.9%)

RUN-1001 : QoR Analysis:
OPT-0007 :   WNS 2147483647 TNS 0 NUM_FEPS 0
RUN-1001 :   No local congestion issue, and most congested 1% tile average routing util is 21.448276
RUN-1001 :   Top critical paths
OPT-1001 : End physical optimization;  0.454883s wall, 0.171875s user + 0.000000s system = 0.171875s CPU (37.8%)

RUN-1003 : finish command "place" in  2.967446s wall, 0.781250s user + 0.343750s system = 1.125000s CPU (37.9%)

RUN-1004 : used memory is 138 MB, reserved memory is 109 MB, peak memory is 155 MB
RUN-1002 : start command "export_db keyboard_place.db"
RUN-1001 : Exported /
RUN-1001 : Exported flow parameters
RUN-1001 : Exported libs
RUN-1001 : Exported entities
RUN-1001 : Exported ports
RUN-1001 : Exported pins
RUN-1001 : Exported instances
RUN-1001 : Exported nets
RUN-1001 : Exported buses
RUN-1001 : Exported models
RUN-1001 : Exported congestions
RUN-1001 : Exported violations
RUN-1001 : Exported timing constraints
RUN-1001 : Exported IO constraints
RUN-1001 : Exported Inst constraints
RUN-1002 : start command "route"
RUN-1001 : Open license file E:/Anlogic/TD5.6.59063/license/Anlogic.lic
RUN-1001 : Print Global Property
RUN-1001 : ---------------------------------------------------------------
RUN-1001 :        Parameters        |  Settings  |  Default Values  |  Note  
RUN-1001 : ---------------------------------------------------------------
RUN-1001 :          message         |  standard  |     standard     |        
RUN-1001 :   mixed_pack_place_flow  |     on     |        on        |        
RUN-1001 :        qor_monitor       |    off     |       off        |        
RUN-1001 :        syn_ip_flow       |    off     |       off        |        
RUN-1001 :          thread          |    auto    |       auto       |        
RUN-1001 : ---------------------------------------------------------------
RUN-1001 : Print Route Property
RUN-1001 : -------------------------------------------------------
RUN-1001 :    Parameters    |  Settings  |  Default Values  |  Note  
RUN-1001 : -------------------------------------------------------
RUN-1001 :      effort      |   medium   |      medium      |        
RUN-1001 :     fix_hold     |    off     |       off        |        
RUN-1001 :    opt_timing    |   medium   |      medium      |        
RUN-1001 :   phy_sim_model  |    off     |       off        |        
RUN-1001 :     priority     |   timing   |      timing      |        
RUN-1001 :     swap_pin     |     on     |        on        |        
RUN-1001 : -------------------------------------------------------
PHY-1001 : Route runs in 16 thread(s)
RUN-1001 : There are total 392 instances
RUN-1001 : 182 mslices, 182 lslices, 24 pads, 0 brams, 0 dsps
RUN-1001 : There are total 796 nets
RUN-1001 : 441 nets have 2 pins
RUN-1001 : 245 nets have [3 - 5] pins
RUN-1001 : 83 nets have [6 - 10] pins
RUN-1001 : 17 nets have [11 - 20] pins
RUN-1001 : 8 nets have [21 - 99] pins
RUN-1001 : 2 nets have 100+ pins
RUN-1002 : start command "start_timer -report"
TMR-2505 : Start building timing graph for model keyboard_instance.
TMR-2506 : Build timing graph completely. Port num: 8, tpin num: 2924, tnet num: 794, tinst num: 390, tnode num: 3412, tedge num: 4851.
TMR-2508 : Levelizing timing graph completed, there are 41 levels in total.
TMR-2501 : Timing graph initialized successfully.
PHY-1001 : 182 mslices, 182 lslices, 24 pads, 0 brams, 0 dsps
TMR-2503 : Start to update net delay, extr mode = 3.
TMR-2504 : Update delay of 794 nets completely.
TMR-2502 : Annotate delay completely, extr mode = 3.
TMR-3001 : Initiate 0 clocks from SDC.
TMR-3004 : Map sdc constraints, there are 0 constraints in total.
TMR-3003 : Constraints initiated successfully.
TMR-3501 : Forward propagation: start to calculate arrival time...
TMR-3502 : Backward propagation: start to calculate required time...
TMR-3503 : Timing propagation completes.
PHY-1001 : Start global routing, caller is route ...
RUN-1001 : Generating global routing grids ...
PHY-1001 : Generate routing nets ...
PHY-1001 : Global iterations in 16 thread ...
PHY-1002 : len = 23176, over cnt = 69(0%), over = 97, worst = 4
PHY-1002 : len = 23456, over cnt = 50(0%), over = 66, worst = 4
PHY-1002 : len = 24136, over cnt = 4(0%), over = 4, worst = 1
PHY-1002 : len = 24200, over cnt = 0(0%), over = 0, worst = 0
PHY-1001 : End global iterations;  0.067085s wall, 0.015625s user + 0.000000s system = 0.015625s CPU (23.3%)

PHY-1001 : Congestion index: top1 = 21.59, top5 = 13.83, top10 = 8.50, top15 = 5.84.
PHY-1001 : End global routing;  0.106187s wall, 0.031250s user + 0.000000s system = 0.031250s CPU (29.4%)

PHY-1001 : Start detail routing ...
PHY-1001 : Current memory(MB): used = 177, reserve = 148, peak = 191.
PHY-1001 : Detailed router is running in normal mode.
PHY-1001 : Generate detailed routing grids ...
PHY-1001 : Generate nets ...
PHY-1001 : net clk_50M_dup_1 will be routed on clock mesh
PHY-1001 : clock net U1/scan_clk_syn_4 will be merged with clock U1/scan_clk
PHY-1001 : Current memory(MB): used = 444, reserve = 420, peak = 444.
PHY-1001 : End build detailed router design. 3.343421s wall, 1.906250s user + 0.031250s system = 1.937500s CPU (57.9%)

PHY-1001 : Detail Route ...
PHY-1001 : ===== Detail Route Phase 1 =====
PHY-1001 : Clock net routing.....
PHY-1001 : Routed 0% nets.
PHY-1022 : len = 8832, over cnt = 0(0%), over = 0, worst = 0, crit = 0
PHY-1001 : End initial clock net routed; 0.339120s wall, 0.171875s user + 0.000000s system = 0.171875s CPU (50.7%)

PHY-1001 : Current memory(MB): used = 474, reserve = 451, peak = 474.
PHY-1001 : End phase 1; 0.345033s wall, 0.187500s user + 0.000000s system = 0.187500s CPU (54.3%)

PHY-1001 : ===== Detail Route Phase 2 =====
PHY-1001 : Initial routing.....
PHY-1001 : Routed 23% nets.
PHY-1001 : Routed 33% nets.
PHY-1001 : Routed 37% nets.
PHY-1001 : Routed 37% nets.
PHY-1001 : Patch 349 net; 0.275095s wall, 0.125000s user + 0.000000s system = 0.125000s CPU (45.4%)

PHY-1022 : len = 44968, over cnt = 36(0%), over = 37, worst = 2, crit = 0
PHY-1001 : Current memory(MB): used = 474, reserve = 451, peak = 475.
PHY-1001 : End initial routed; 0.346799s wall, 0.156250s user + 0.000000s system = 0.156250s CPU (45.1%)

PHY-1001 : Update timing.....
PHY-1001 : 0/647(0%) critical/total net(s).
RUN-1001 : ------------------------------------------
RUN-1001 :   Type   |    WNS(ns)    |  TNS(ns)  |  FEP  
RUN-1001 : ------------------------------------------
RUN-1001 :   Setup  |  2147483.647  |   0.000   |   0   
RUN-1001 :   Hold   |  2147483.647  |   0.000   |   0   
RUN-1001 : ------------------------------------------
PHY-1001 : End update timing; 0.182198s wall, 0.062500s user + 0.000000s system = 0.062500s CPU (34.3%)

PHY-1001 : Current memory(MB): used = 475, reserve = 451, peak = 475.
PHY-1001 : End phase 2; 0.529088s wall, 0.218750s user + 0.000000s system = 0.218750s CPU (41.3%)

PHY-1001 : ===== Detail Route Phase 3 =====
PHY-1001 : Optimize timing.....
PHY-1022 : len = 44968, over cnt = 36(0%), over = 37, worst = 2, crit = 0
PHY-1001 : End optimize timing; 0.006282s wall, 0.015625s user + 0.000000s system = 0.015625s CPU (248.7%)

PHY-1001 : Ripup-reroute.....
PHY-1001 : ===== DR Iter 1 =====
PHY-1022 : len = 44952, over cnt = 11(0%), over = 11, worst = 1, crit = 0
PHY-1001 : End DR Iter 1; 0.034528s wall, 0.000000s user + 0.000000s system = 0.000000s CPU (n/a%)

PHY-1001 : ===== DR Iter 2 =====
PHY-1022 : len = 45016, over cnt = 0(0%), over = 0, worst = 0, crit = 0
PHY-1001 : End DR Iter 2; 0.019758s wall, 0.000000s user + 0.000000s system = 0.000000s CPU (n/a%)

PHY-1001 : Update timing.....
PHY-1001 : 0/647(0%) critical/total net(s).
RUN-1001 : ------------------------------------------
RUN-1001 :   Type   |    WNS(ns)    |  TNS(ns)  |  FEP  
RUN-1001 : ------------------------------------------
RUN-1001 :   Setup  |  2147483.647  |   0.000   |   0   
RUN-1001 :   Hold   |  2147483.647  |   0.000   |   0   
RUN-1001 : ------------------------------------------
PHY-1001 : End update timing; 0.163920s wall, 0.078125s user + 0.000000s system = 0.078125s CPU (47.7%)

PHY-1001 : Commit to database.....
PHY-1001 : 16 feed throughs used by 12 nets
PHY-1001 : End commit to database; 0.065564s wall, 0.031250s user + 0.000000s system = 0.031250s CPU (47.7%)

PHY-1001 : Current memory(MB): used = 487, reserve = 464, peak = 487.
PHY-1001 : End phase 3; 0.411087s wall, 0.203125s user + 0.000000s system = 0.203125s CPU (49.4%)

PHY-1003 : Routed, final wirelength = 45016
PHY-1001 : Current memory(MB): used = 488, reserve = 464, peak = 488.
PHY-1001 : End export database. 0.005858s wall, 0.000000s user + 0.000000s system = 0.000000s CPU (n/a%)

PHY-1001 : End detail routing;  4.838918s wall, 2.578125s user + 0.046875s system = 2.625000s CPU (54.2%)

RUN-1003 : finish command "route" in  5.162562s wall, 2.734375s user + 0.046875s system = 2.781250s CPU (53.9%)

RUN-1004 : used memory is 427 MB, reserved memory is 402 MB, peak memory is 488 MB
RUN-1002 : start command "report_area -io_info -file keyboard_phy.area"
RUN-1001 : standard
***Report Model: keyboard_instance Device: EG4S20BG256***

IO Statistics
#IO                        24
  #input                    6
  #output                  18
  #inout                    0

Utilization Statistics
#lut                      628   out of  19600    3.20%
#reg                      230   out of  19600    1.17%
#le                       706
  #lut only               476   out of    706   67.42%
  #reg only                78   out of    706   11.05%
  #lut&reg                152   out of    706   21.53%
#dsp                        0   out of     29    0.00%
#bram                       0   out of     64    0.00%
  #bram9k                   0
  #fifo9k                   0
#bram32k                    0   out of     16    0.00%
#pad                       24   out of    188   12.77%
  #ireg                     0
  #oreg                     0
  #treg                     0
#pll                        0   out of      4    0.00%
#gclk                       2   out of     16   12.50%

Clock Resource Statistics
Index     ClockNet         Type               DriverType         Driver                      Fanout
#1        clk_50M_dup_1    GCLK               io                 clk_50M_syn_2.di            128
#2        U1/scan_clk      GCLK               mslice             U1/scan_clk_reg_syn_9.q0    10


Detailed IO Report

        Name           Direction    Location    IOStandard    DriveStrength    PullType    PackReg  
        RSTn             INPUT         A9        LVCMOS33          N/A          PULLUP      NONE    
       clk_50M           INPUT         R7        LVCMOS33          N/A          PULLUP      NONE    
       col[3]            INPUT        F10        LVCMOS33          N/A          PULLUP      NONE    
       col[2]            INPUT        C11        LVCMOS33          N/A          PULLUP      NONE    
       col[1]            INPUT        D11        LVCMOS33          N/A          PULLUP      NONE    
       col[0]            INPUT        E11        LVCMOS33          N/A          PULLUP      NONE    
  DigitronCS_Out[3]     OUTPUT         A3        LVCMOS33           8            NONE       NONE    
  DigitronCS_Out[2]     OUTPUT         A5        LVCMOS33           8            NONE       NONE    
  DigitronCS_Out[1]     OUTPUT         B6        LVCMOS33           8            NONE       NONE    
  DigitronCS_Out[0]     OUTPUT         C9        LVCMOS33           8            NONE       NONE    
   Digitron_Out[7]      OUTPUT         C8        LVCMOS33           8            NONE       NONE    
   Digitron_Out[6]      OUTPUT         A8        LVCMOS33           8            NONE       NONE    
   Digitron_Out[5]      OUTPUT         B5        LVCMOS33           8            NONE       NONE    
   Digitron_Out[4]      OUTPUT         A7        LVCMOS33           8            NONE       NONE    
   Digitron_Out[3]      OUTPUT         E8        LVCMOS33           8            NONE       NONE    
   Digitron_Out[2]      OUTPUT         B8        LVCMOS33           8            NONE       NONE    
   Digitron_Out[1]      OUTPUT         A6        LVCMOS33           8            NONE       NONE    
   Digitron_Out[0]      OUTPUT         A4        LVCMOS33           8            NONE       NONE    
       buzzer           OUTPUT        H11        LVCMOS33           8            NONE       NONE    
        light           OUTPUT        B14        LVCMOS33           8            NONE       NONE    
       row[3]           OUTPUT         D9        LVCMOS33           8            NONE       NONE    
       row[2]           OUTPUT         F9        LVCMOS33           8            NONE       NONE    
       row[1]           OUTPUT        C10        LVCMOS33           8            NONE       NONE    
       row[0]           OUTPUT        E10        LVCMOS33           8            NONE       NONE    

Report Hierarchy Area:
+-------------------------------------------------------------------------------------------+
|Instance |Module                      |le     |lut     |ripple  |seq     |bram    |dsp     |
+-------------------------------------------------------------------------------------------+
|top      |keyboard_instance           |706    |491     |137     |230     |0       |0       |
|  U1     |keyboard_scan               |73     |50      |9       |53      |0       |0       |
|  U2     |key_filter                  |62     |26      |6       |52      |0       |0       |
|  U3     |onehot2binary               |524    |379     |117     |109     |0       |0       |
|  U5     |Digitron_TimeDisplay_module |43     |32      |5       |16      |0       |0       |
+-------------------------------------------------------------------------------------------+


DataNet Average Fanout:

   Index     Fanout    Nets  
    #1         1       417   
    #2         2       136   
    #3         3        67   
    #4         4        42   
    #5        5-10      85   
    #6       11-50      21   
  Average     2.56           

RUN-1002 : start command "export_db keyboard_pr.db"
RUN-1001 : Exported /
RUN-1001 : Exported flow parameters
RUN-1001 : Exported libs
RUN-1001 : Exported entities
RUN-1001 : Exported ports
RUN-1001 : Exported pins
RUN-1001 : Exported instances
RUN-1001 : Exported nets
RUN-1001 : Exported buses
RUN-1001 : Exported models
RUN-1001 : Exported congestions
RUN-1001 : Exported violations
RUN-1001 : Exported timing constraints
RUN-1001 : Exported IO constraints
RUN-1001 : Exported Inst constraints
RUN-1002 : start command "export_bid keyboard_inst.bid"
RUN-1002 : start command "bitgen -bit keyboard.bit -unused_io_status pulldown"
BIT-1003 : Start to generate bitstream. 
BIT-1002 : Bitgen processed 164 unused pads, reserve input tri_state with pulldown
BIT-1002 : Init instances with 16 threads.
BIT-1002 : Init instances completely, inst num: 554
BIT-1002 : Init pips with 16 threads.
BIT-1002 : Init pips completely, net num: 796, pip num: 5659
BIT-1002 : Init feedthrough with 16 threads.
BIT-1002 : Init feedthrough completely, num: 16
BIT-1003 : Multithreading accelaration with 16 threads.
BIT-1003 : Generate bitstream completely, there are 724 valid insts, and 18832 bits set as '1'.
BIT-1004 : PLL setting string = 0000
BIT-1004 : Generate bits file keyboard.bit.
RUN-1003 : finish command "bitgen -bit keyboard.bit -unused_io_status pulldown" in  1.400195s wall, 8.375000s user + 0.031250s system = 8.406250s CPU (600.4%)

RUN-1004 : used memory is 450 MB, reserved memory is 426 MB, peak memory is 628 MB
RUN-1002 : start command "backup_run_log run.log ../.logs/phy_1/td_20240828_154313.log"
