============================================================
   Tang Dynasty, V5.6.59063
   Copyright (c) 2012-2022 Anlogic
   Executable = E:/Anlogic/TD5.6.59063/bin/td.exe
   Built at =   12:45:13 Sep  6 2022
   Run by =     19234
   Run Date =   Wed Aug 28 16:53:24 2024

   Run on =     ERIKPSW
============================================================
RUN-1002 : start command "open_project keyboard.prj"
RUN-1001 : Print Global Property
RUN-1001 : ---------------------------------------------------------------
RUN-1001 :        Parameters        |  Settings  |  Default Values  |  Note  
RUN-1001 : ---------------------------------------------------------------
RUN-1001 :          message         |  standard  |     standard     |        
RUN-1001 :   mixed_pack_place_flow  |     on     |        on        |        
RUN-1001 :        qor_monitor       |    off     |       off        |        
RUN-1001 :        syn_ip_flow       |    off     |       off        |        
RUN-1001 :          thread          |    auto    |       auto       |        
RUN-1001 : ---------------------------------------------------------------
RUN-1001 : Print Design Property
RUN-1001 : --------------------------------------------------------------
RUN-1001 :        Parameters       |  Settings  |  Default Values  |  Note  
RUN-1001 : --------------------------------------------------------------
RUN-1001 :   default_reg_initial   |    auto    |       auto       |        
RUN-1001 :        infer_add        |     on     |        on        |        
RUN-1001 :        infer_fsm        |    off     |       off        |        
RUN-1001 :        infer_mult       |     on     |        on        |        
RUN-1001 :        infer_ram        |     on     |        on        |        
RUN-1001 :        infer_reg        |     on     |        on        |        
RUN-1001 :   infer_reg_init_value  |     on     |        on        |        
RUN-1001 :        infer_rom        |     on     |        on        |        
RUN-1001 :      infer_shifter      |     on     |        on        |        
RUN-1001 : --------------------------------------------------------------
RUN-1001 : Print Rtl Property
RUN-1001 : --------------------------------------------------------------
RUN-1001 :        Parameters       |  Settings  |  Default Values  |  Note  
RUN-1001 : --------------------------------------------------------------
RUN-1001 :       compress_add      |   ripple   |      ripple      |        
RUN-1001 :        elf_sload        |    off     |       off        |        
RUN-1001 :       fix_undriven      |     0      |        0         |        
RUN-1001 :         flatten         |    off     |       off        |        
RUN-1001 :       gate_sharing      |     on     |        on        |        
RUN-1001 :    hdl_warning_level    |   normal   |      normal      |        
RUN-1001 :   impl_internal_tribuf  |     on     |        on        |        
RUN-1001 :      impl_set_reset     |     on     |        on        |        
RUN-1001 :        infer_gsr        |    off     |       off        |        
RUN-1001 :      keep_hierarchy     |    auto    |       auto       |        
RUN-1001 :        max_fanout       |    9999    |       9999       |        
RUN-1001 :      max_oh2bin_len     |     10     |        10        |        
RUN-1001 :       merge_equal       |     on     |        on        |        
RUN-1001 :       merge_equiv       |     on     |        on        |        
RUN-1001 :        merge_mux        |    off     |       off        |        
RUN-1001 :     min_control_set     |     8      |        8         |        
RUN-1001 :      min_ripple_len     |    auto    |       auto       |        
RUN-1001 :       oh2bin_ratio      |    0.08    |       0.08       |        
RUN-1001 :     opt_adder_fanout    |     on     |        on        |        
RUN-1001 :        opt_arith        |     on     |        on        |        
RUN-1001 :       opt_big_gate      |    off     |       off        |        
RUN-1001 :        opt_const        |     on     |        on        |        
RUN-1001 :      opt_const_mult     |     on     |        on        |        
RUN-1001 :       opt_lessthan      |     on     |        on        |        
RUN-1001 :         opt_mux         |    off     |       off        |        
RUN-1001 :         opt_ram         |    high    |       high       |        
RUN-1001 :      rtl_sim_model      |    off     |       off        |        
RUN-1001 :         seq_syn         |     on     |        on        |        
RUN-1001 : --------------------------------------------------------------
HDL-1007 : analyze verilog file ../../../src/Digitron_TimeDisplay_module.v
HDL-1007 : analyze verilog file ../../../src/key_filter.v
HDL-1007 : analyze verilog file ../../../src/keyboard_instance.v
HDL-1007 : undeclared symbol 'secrect', assumed default net type 'wire' in ../../../src/keyboard_instance.v(42)
HDL-1007 : analyze verilog file ../../../src/keyboard_scan.v
HDL-1007 : analyze verilog file ../../../src/onehot2binary.v
RUN-1001 : Project manager successfully analyzed 5 source files.
RUN-1002 : start command "import_device eagle_s20.db -package EG4S20BG256"
ARC-1001 : Device Initialization.
ARC-1001 : ------------------------------------------------------------------
ARC-1001 :            OPTION            |          IO          |   SETTING   
ARC-1001 : ------------------------------------------------------------------
ARC-1001 :   cso_b/cclk/mosi/miso/dout  |  T3/R11/T10/P10/S11  |    gpio    
ARC-1001 :             done             |         P13          |    gpio    
ARC-1001 :           program_b          |          T2          |  dedicate  
ARC-1001 :        tdi/tms/tck/tdo       |   C12/A15/C14/E14    |  dedicate  
ARC-1001 : ------------------------------------------------------------------
ARC-1004 : Device setting, marked 5 dedicate IOs in total.
RUN-1002 : start command "import_db ../syn_1/keyboard_gate.db"
RUN-1001 : Importing database generated by Tang Dynasty, V5.6.59063.
RUN-1001 : Database version number 46140.
RUN-1001 : Import flow parameters
RUN-1001 : Import timing constraints
RUN-1001 : Import IO constraints
RUN-1001 : Import Inst constraints
RUN-1001 : Import design success TD_VERSION=5.6.59063 , DB_VERSION=46140
RUN-1002 : start command "read_sdc"
USR-1002 : read_sdc file_name -help -h -eco
USR-1009 : NO module with IP_SDC ...
RUN-1104 : Import SDC file  finished, there are 0 nets kept by constraints.
RUN-1002 : start command "place"
RUN-1001 : Open license file E:/Anlogic/TD5.6.59063/license/Anlogic.lic
RUN-1001 : Print Global Property
RUN-1001 : ---------------------------------------------------------------
RUN-1001 :        Parameters        |  Settings  |  Default Values  |  Note  
RUN-1001 : ---------------------------------------------------------------
RUN-1001 :          message         |  standard  |     standard     |        
RUN-1001 :   mixed_pack_place_flow  |     on     |        on        |        
RUN-1001 :        qor_monitor       |    off     |       off        |        
RUN-1001 :        syn_ip_flow       |    off     |       off        |        
RUN-1001 :          thread          |    auto    |       auto       |        
RUN-1001 : ---------------------------------------------------------------
RUN-1001 : Print Place Property
RUN-1001 : --------------------------------------------------------------
RUN-1001 :        Parameters       |  Settings  |  Default Values  |  Note  
RUN-1001 : --------------------------------------------------------------
RUN-1001 :      detailed_place     |     on     |        on        |        
RUN-1001 :          effort         |   medium   |      medium      |        
RUN-1001 :         fix_hold        |    off     |       off        |        
RUN-1001 :       legalization      |    ori     |       ori        |        
RUN-1001 :      new_spreading      |     on     |        on        |        
RUN-1001 :        opt_timing       |   medium   |      medium      |        
RUN-1001 :   post_clock_route_opt  |    off     |       off        |        
RUN-1001 :       pr_strategy       |     1      |        1         |        
RUN-1001 :        relaxation       |    1.00    |       1.00       |        
RUN-1001 :         retiming        |    off     |       off        |        
RUN-1001 : --------------------------------------------------------------
PHY-3001 : Placer runs in 16 thread(s).
RUN-1002 : start command "legalize_phy_inst"
SYN-1011 : Flatten model keyboard_instance
RUN-1002 : start command "phys_opt -simplify_lut"
SYN-4024 : Net "clk_50M_dup_1" drives clk pins.
SYN-4024 : Net "U1/scan_clk" drives clk pins.
SYN-4025 : Tag rtl::Net U1/scan_clk as clock net
SYN-4025 : Tag rtl::Net clk_50M_dup_1 as clock net
SYN-4026 : Tagged 2 rtl::Net as clock net
SYN-4015 : Create BUFG instance for clk Net U1/scan_clk to drive 20 clock pins.
PHY-1001 : Populate physical database on model keyboard_instance.
RUN-1001 : There are total 758 instances
RUN-0007 : 352 luts, 241 seqs, 96 mslices, 41 lslices, 24 pads, 0 brams, 0 dsps
RUN-1001 : There are total 900 nets
RUN-1001 : 549 nets have 2 pins
RUN-1001 : 221 nets have [3 - 5] pins
RUN-1001 : 107 nets have [6 - 10] pins
RUN-1001 : 13 nets have [11 - 20] pins
RUN-1001 : 8 nets have [21 - 99] pins
RUN-1001 : 2 nets have 100+ pins
RUN-1001 : Report Control nets information:
RUN-1001 : DFF Distribution
RUN-1001 : ----------------------------------
RUN-1001 :   CE   |  SSR  |  ASR  |  DFF Count  
RUN-1001 : ----------------------------------
RUN-1001 :   No   |  No   |  No   |     92      
RUN-1001 :   No   |  No   |  Yes  |     20      
RUN-1001 :   No   |  Yes  |  No   |     17      
RUN-1001 :   Yes  |  No   |  No   |     48      
RUN-1001 :   Yes  |  No   |  Yes  |     32      
RUN-1001 :   Yes  |  Yes  |  No   |     32      
RUN-1001 : ----------------------------------
RUN-0007 : Control Group Statistic
RUN-0007 : ---------------------------
RUN-0007 :   #CLK  |  #CE  |  #SSR/ASR  
RUN-0007 : ---------------------------
RUN-0007 :    2    |   6   |     3      
RUN-0007 : ---------------------------
RUN-0007 : Control Set = 9
PHY-3001 : Initial placement ...
PHY-3001 : design contains 756 instances, 352 luts, 241 seqs, 137 slices, 14 macros(137 instances: 96 mslices 41 lslices)
PHY-0007 : Cell area utilization is 3%
PHY-3001 : Start timing update ...
RUN-1002 : start command "start_timer -report"
TMR-2505 : Start building timing graph for model keyboard_instance.
TMR-2506 : Build timing graph completely. Port num: 8, tpin num: 3306, tnet num: 898, tinst num: 756, tnode num: 4001, tedge num: 5315.
TMR-2508 : Levelizing timing graph completed, there are 43 levels in total.
TMR-2501 : Timing graph initialized successfully.
TMR-2503 : Start to update net delay, extr mode = 2.
TMR-2504 : Update delay of 898 nets completely.
TMR-2502 : Annotate delay completely, extr mode = 2.
TMR-3001 : Initiate 0 clocks from SDC.
TMR-3004 : Map sdc constraints, there are 0 constraints in total.
TMR-3003 : Constraints initiated successfully.
TMR-3501 : Forward propagation: start to calculate arrival time...
TMR-3502 : Backward propagation: start to calculate required time...
TMR-3503 : Timing propagation completes.
PHY-3001 : End timing update;  0.214337s wall, 0.078125s user + 0.000000s system = 0.078125s CPU (36.4%)

PHY-3001 : Global placement ...
PHY-3001 : Initial: Len = 240339
PHY-3001 : Clustering ...
PHY-3001 : Level 0 #clusters 756.
PHY-3001 : End clustering;  0.000019s wall, 0.000000s user + 0.000000s system = 0.000000s CPU (n/a%)

PHY-3001 : Run with size of 4
PHY-3001 : Cell area utilization is 3%
PHY-3001 : :::0::: Try harder cell spreading with beta_ = 0
PHY-3002 : Step(1): len = 147812, overlap = 0
PHY-3002 : Step(2): len = 99546.2, overlap = 0
PHY-3002 : Step(3): len = 73217.6, overlap = 0
PHY-3002 : Step(4): len = 52578.2, overlap = 0
PHY-3002 : Step(5): len = 42758.4, overlap = 0
PHY-3002 : Step(6): len = 37555.2, overlap = 0
PHY-3002 : Step(7): len = 29571.1, overlap = 2
PHY-3002 : Step(8): len = 25527.4, overlap = 2.25
PHY-3002 : Step(9): len = 25399.8, overlap = 4.75
PHY-3002 : Step(10): len = 23629.6, overlap = 8.75
PHY-3002 : Step(11): len = 20458.4, overlap = 9.75
PHY-3002 : Step(12): len = 18768.4, overlap = 12.125
PHY-3002 : Step(13): len = 19116, overlap = 12.125
PHY-3002 : Step(14): len = 19142.9, overlap = 15.3438
PHY-3002 : Step(15): len = 18301, overlap = 11.875
PHY-3002 : Step(16): len = 17530, overlap = 11.875
PHY-3002 : Step(17): len = 17349.2, overlap = 12.25
PHY-3002 : Step(18): len = 17374.7, overlap = 14.9688
PHY-3002 : Step(19): len = 16303.6, overlap = 17.125
PHY-3002 : Step(20): len = 16382.6, overlap = 17.8438
PHY-3002 : Step(21): len = 16238.9, overlap = 18.1875
PHY-3002 : Step(22): len = 15586.1, overlap = 17.75
PHY-3002 : Step(23): len = 15698.7, overlap = 16.9688
PHY-3002 : Step(24): len = 15076.9, overlap = 16.2812
PHY-3002 : Step(25): len = 15021.8, overlap = 16.2188
PHY-3002 : Step(26): len = 14164.9, overlap = 16.3125
PHY-3002 : Step(27): len = 14164.9, overlap = 16.3125
PHY-3002 : Step(28): len = 13656.1, overlap = 16.8125
PHY-3002 : Step(29): len = 13656.1, overlap = 16.8125
PHY-3002 : Step(30): len = 13551.7, overlap = 16.75
PHY-3001 : Legalization ...
PHY-3001 : End legalization;  0.004926s wall, 0.000000s user + 0.000000s system = 0.000000s CPU (n/a%)

PHY-3001 : Run with size of 4
PHY-3001 : Cell area utilization is 4%
PHY-3001 : Update timing in Manhattan mode ...
TMR-2503 : Start to update net delay, extr mode = 3.
TMR-2504 : Update delay of 898 nets completely.
TMR-2502 : Annotate delay completely, extr mode = 3.
TMR-3501 : Forward propagation: start to calculate arrival time...
TMR-3502 : Backward propagation: start to calculate required time...
TMR-3503 : Timing propagation completes.
PHY-3001 : End timing update;  0.011830s wall, 0.000000s user + 0.000000s system = 0.000000s CPU (n/a%)

PHY-3001 : :::0::: Try harder cell spreading with beta_ = 7.16036e-06
PHY-3002 : Step(31): len = 13233.4, overlap = 34.8438
PHY-3002 : Step(32): len = 13315.1, overlap = 34.8438
PHY-3001 : :::1::: Try harder cell spreading with beta_ = 1.43207e-05
PHY-3002 : Step(33): len = 13266.9, overlap = 35
PHY-3002 : Step(34): len = 13441.3, overlap = 35.0938
PHY-3001 : :::2::: Try harder cell spreading with beta_ = 2.86414e-05
PHY-3002 : Step(35): len = 13385.3, overlap = 34.9062
PHY-3002 : Step(36): len = 13488.1, overlap = 35.2188
PHY-3002 : Step(37): len = 13927.3, overlap = 35.625
PHY-3001 : :::3::: Try harder cell spreading with beta_ = 5.72828e-05
PHY-3002 : Step(38): len = 13362.1, overlap = 35.7188
PHY-3002 : Step(39): len = 13494.8, overlap = 35.7188
PHY-3002 : Step(40): len = 13654, overlap = 36
PHY-3001 : Run with size of 2
PHY-3001 : Cell area utilization is 4%
PHY-3001 : Update timing in Manhattan mode ...
TMR-2503 : Start to update net delay, extr mode = 3.
TMR-2504 : Update delay of 898 nets completely.
TMR-2502 : Annotate delay completely, extr mode = 3.
TMR-3501 : Forward propagation: start to calculate arrival time...
TMR-3502 : Backward propagation: start to calculate required time...
TMR-3503 : Timing propagation completes.
PHY-3001 : End timing update;  0.011127s wall, 0.000000s user + 0.000000s system = 0.000000s CPU (n/a%)

PHY-3001 : :::0::: Try harder cell spreading with beta_ = 1.95553e-05
PHY-3002 : Step(41): len = 15177.3, overlap = 57
PHY-3002 : Step(42): len = 15888.7, overlap = 56.375
PHY-3002 : Step(43): len = 18676.5, overlap = 32.4062
PHY-3002 : Step(44): len = 18918.1, overlap = 30.5312
PHY-3002 : Step(45): len = 16567.3, overlap = 35.1875
PHY-3002 : Step(46): len = 16870.8, overlap = 32.7812
PHY-3002 : Step(47): len = 17018.8, overlap = 32.5625
PHY-3002 : Step(48): len = 15974, overlap = 31.5
PHY-3002 : Step(49): len = 16132, overlap = 35.3125
PHY-3002 : Step(50): len = 16441.7, overlap = 22.3125
PHY-3002 : Step(51): len = 16677.9, overlap = 21.3125
PHY-3002 : Step(52): len = 15619.9, overlap = 21.5625
PHY-3002 : Step(53): len = 15274.7, overlap = 19.6562
PHY-3002 : Step(54): len = 15319.7, overlap = 24.9688
PHY-3002 : Step(55): len = 15103.3, overlap = 24.6875
PHY-3001 : :::1::: Try harder cell spreading with beta_ = 3.91106e-05
PHY-3002 : Step(56): len = 14948.7, overlap = 24.3125
PHY-3002 : Step(57): len = 15097.2, overlap = 23.75
PHY-3002 : Step(58): len = 15402.4, overlap = 26.1875
PHY-3001 : :::2::: Try harder cell spreading with beta_ = 7.82213e-05
PHY-3002 : Step(59): len = 15374.6, overlap = 23.9062
PHY-3002 : Step(60): len = 15499.5, overlap = 24
PHY-3002 : Step(61): len = 15692.9, overlap = 24.0312
PHY-3001 : :::3::: Try harder cell spreading with beta_ = 0.000156443
PHY-3002 : Step(62): len = 15735.2, overlap = 24.2188
PHY-3002 : Step(63): len = 15830.8, overlap = 24.4062
PHY-3002 : Step(64): len = 15894.4, overlap = 23.6562
OPT-1001 : Start physical optimization ...
RUN-1002 : start command "start_timer -report"
TMR-2505 : Start building timing graph for model keyboard_instance.
TMR-2506 : Build timing graph completely. Port num: 8, tpin num: 3306, tnet num: 898, tinst num: 756, tnode num: 4001, tedge num: 5315.
TMR-2508 : Levelizing timing graph completed, there are 43 levels in total.
TMR-2501 : Timing graph initialized successfully.
OPT-1001 : Total overflow 45.72 peak overflow 1.53
OPT-1001 : Start high-fanout net optimization ...
OPT-1001 : Update timing in global mode
PHY-1001 : Start incremental global routing, caller is place ...
RUN-1001 : Generating global routing grids ...
RUN-1001 : Building simple global routing graph ...
PHY-1001 : Generate routing nets ...
PHY-1001 : Reuse net number 0/900.
PHY-1001 : Global iterations in 16 thread ...
PHY-1002 : len = 17096, over cnt = 73(0%), over = 265, worst = 11
PHY-1001 : End global iterations;  0.082710s wall, 0.015625s user + 0.015625s system = 0.031250s CPU (37.8%)

PHY-1001 : Congestion index: top1 = 23.45, top5 = 10.63, top10 = 6.04, top15 = 4.03.
PHY-1001 : End incremental global routing;  0.190339s wall, 0.062500s user + 0.015625s system = 0.078125s CPU (41.0%)

TMR-2503 : Start to update net delay, extr mode = 5.
TMR-2504 : Update delay of 898 nets completely.
TMR-2502 : Annotate delay completely, extr mode = 5.
TMR-3001 : Initiate 0 clocks from SDC.
TMR-3004 : Map sdc constraints, there are 0 constraints in total.
TMR-3003 : Constraints initiated successfully.
TMR-3501 : Forward propagation: start to calculate arrival time...
TMR-3502 : Backward propagation: start to calculate required time...
TMR-3503 : Timing propagation completes.
OPT-1001 : End timing update;  0.020948s wall, 0.000000s user + 0.000000s system = 0.000000s CPU (n/a%)

OPT-1001 : 0 high-fanout net processed.
OPT-1001 : End high-fanout net optimization;  0.226445s wall, 0.062500s user + 0.015625s system = 0.078125s CPU (34.5%)

OPT-1001 : Current memory(MB): used = 151, reserve = 121, peak = 151.
OPT-1001 : Start global optimization ...
OPT-1001 : Start congestion update ...
RUN-1001 : Generating global routing grids ...
PHY-1001 : Generate routing nets ...
PHY-1001 : Reuse net number 506/900.
PHY-1001 : Global iterations in 16 thread ...
PHY-1002 : len = 17096, over cnt = 73(0%), over = 265, worst = 11
PHY-1002 : len = 18848, over cnt = 42(0%), over = 92, worst = 9
PHY-1002 : len = 19520, over cnt = 9(0%), over = 25, worst = 9
PHY-1002 : len = 19864, over cnt = 0(0%), over = 0, worst = 0
PHY-1001 : End global iterations;  0.050852s wall, 0.000000s user + 0.000000s system = 0.000000s CPU (n/a%)

PHY-1001 : Congestion index: top1 = 22.78, top5 = 11.53, top10 = 6.74, top15 = 4.54.
OPT-1001 : End congestion update;  0.107035s wall, 0.000000s user + 0.000000s system = 0.000000s CPU (n/a%)

OPT-1001 : Update timing in Manhattan mode
TMR-2503 : Start to update net delay, extr mode = 3.
TMR-2504 : Update delay of 898 nets completely.
TMR-2502 : Annotate delay completely, extr mode = 3.
TMR-3501 : Forward propagation: start to calculate arrival time...
TMR-3502 : Backward propagation: start to calculate required time...
TMR-3503 : Timing propagation completes.
OPT-1001 : End timing update;  0.015836s wall, 0.015625s user + 0.000000s system = 0.015625s CPU (98.7%)

OPT-0007 : Start: WNS 2147483647 TNS 0 NUM_FEPS 0
OPT-1001 : End global optimization;  0.123057s wall, 0.015625s user + 0.000000s system = 0.015625s CPU (12.7%)

OPT-1001 : Current memory(MB): used = 152, reserve = 123, peak = 152.
OPT-1001 : End physical optimization;  0.547922s wall, 0.140625s user + 0.015625s system = 0.156250s CPU (28.5%)

PHY-3001 : Start packing ...
SYN-4007 : Packing 0 MUX to BLE ...
SYN-4008 : Packed 0 MUX and 0 SEQ to BLE.
SYN-4007 : Packing 352 LUT to BLE ...
SYN-4008 : Packed 352 LUT and 106 SEQ to BLE.
SYN-4003 : Packing 135 remaining SEQ's ...
SYN-4005 : Packed 58 SEQ with LUT/SLICE
SYN-4006 : 198 single LUT's are left
SYN-4006 : 77 single SEQ's are left
SYN-4011 : Packing model "keyboard_instance" (AL_USER_NORMAL) with 429/594 primitive instances ...
PHY-3001 : End packing;  0.034199s wall, 0.015625s user + 0.000000s system = 0.015625s CPU (45.7%)

PHY-1001 : Populate physical database on model keyboard_instance.
RUN-1001 : There are total 392 instances
RUN-1001 : 182 mslices, 182 lslices, 24 pads, 0 brams, 0 dsps
RUN-1001 : There are total 806 nets
RUN-1001 : 455 nets have 2 pins
RUN-1001 : 226 nets have [3 - 5] pins
RUN-1001 : 103 nets have [6 - 10] pins
RUN-1001 : 14 nets have [11 - 20] pins
RUN-1001 : 6 nets have [21 - 99] pins
RUN-1001 : 2 nets have 100+ pins
PHY-3001 : design contains 390 instances, 364 slices, 14 macros(137 instances: 96 mslices 41 lslices)
PHY-3001 : Cell area utilization is 4%
PHY-3001 : After packing: Len = 16329, Over = 30.5
PHY-3001 : Run with size of 2
PHY-3001 : Cell area utilization is 4%
PHY-3001 : Update timing in Manhattan mode ...
RUN-1002 : start command "start_timer -report"
TMR-2505 : Start building timing graph for model keyboard_instance.
TMR-2506 : Build timing graph completely. Port num: 8, tpin num: 2911, tnet num: 804, tinst num: 390, tnode num: 3411, tedge num: 4844.
TMR-2508 : Levelizing timing graph completed, there are 41 levels in total.
TMR-2501 : Timing graph initialized successfully.
TMR-2503 : Start to update net delay, extr mode = 3.
TMR-2504 : Update delay of 804 nets completely.
TMR-2502 : Annotate delay completely, extr mode = 3.
TMR-3001 : Initiate 0 clocks from SDC.
TMR-3004 : Map sdc constraints, there are 0 constraints in total.
TMR-3003 : Constraints initiated successfully.
TMR-3501 : Forward propagation: start to calculate arrival time...
TMR-3502 : Backward propagation: start to calculate required time...
TMR-3503 : Timing propagation completes.
PHY-3001 : End timing update;  0.254109s wall, 0.171875s user + 0.000000s system = 0.171875s CPU (67.6%)

PHY-3001 : :::0::: Try harder cell spreading with beta_ = 2.3931e-05
PHY-3002 : Step(65): len = 15861, overlap = 30
PHY-3002 : Step(66): len = 15928.3, overlap = 29.5
PHY-3002 : Step(67): len = 15938.8, overlap = 29.25
PHY-3001 : :::1::: Try harder cell spreading with beta_ = 4.78621e-05
PHY-3002 : Step(68): len = 16115, overlap = 29.5
PHY-3002 : Step(69): len = 16269.9, overlap = 29.25
PHY-3002 : Step(70): len = 16338.3, overlap = 29.5
PHY-3001 : :::2::: Try harder cell spreading with beta_ = 9.57241e-05
PHY-3002 : Step(71): len = 16915.2, overlap = 27.5
PHY-3002 : Step(72): len = 16978.3, overlap = 27.25
PHY-3002 : Step(73): len = 17069.8, overlap = 25.25
PHY-3001 : Legalization ...
PHY-3001 : End legalization;  0.082692s wall, 0.000000s user + 0.046875s system = 0.046875s CPU (56.7%)

PHY-3001 : Trial Legalized: Len = 25255.3
PHY-3001 : Run with size of 2
PHY-3001 : Cell area utilization is 4%
PHY-3001 : Update timing in Manhattan mode ...
TMR-2503 : Start to update net delay, extr mode = 3.
TMR-2504 : Update delay of 804 nets completely.
TMR-2502 : Annotate delay completely, extr mode = 3.
TMR-3501 : Forward propagation: start to calculate arrival time...
TMR-3502 : Backward propagation: start to calculate required time...
TMR-3503 : Timing propagation completes.
PHY-3001 : End timing update;  0.011054s wall, 0.000000s user + 0.000000s system = 0.000000s CPU (n/a%)

PHY-3001 : :::0::: Try harder cell spreading with beta_ = 0.000937255
PHY-3002 : Step(74): len = 22295.9, overlap = 5.5
PHY-3002 : Step(75): len = 20577, overlap = 8.5
PHY-3002 : Step(76): len = 18840.4, overlap = 10.5
PHY-3002 : Step(77): len = 18115.3, overlap = 11.75
PHY-3002 : Step(78): len = 18025, overlap = 13
PHY-3002 : Step(79): len = 17935.4, overlap = 12.5
PHY-3002 : Step(80): len = 17965.1, overlap = 13.25
PHY-3001 : :::1::: Try harder cell spreading with beta_ = 0.00187451
PHY-3002 : Step(81): len = 17838.8, overlap = 13
PHY-3002 : Step(82): len = 17789.8, overlap = 13.25
PHY-3001 : :::2::: Try harder cell spreading with beta_ = 0.00374902
PHY-3002 : Step(83): len = 17831, overlap = 13.25
PHY-3002 : Step(84): len = 17831, overlap = 13.25
PHY-3001 : Legalization ...
PHY-3001 : End legalization;  0.006391s wall, 0.000000s user + 0.000000s system = 0.000000s CPU (n/a%)

PHY-3001 : Legalized: Len = 21179.9, Over = 0
PHY-3001 : End spreading;  0.003645s wall, 0.000000s user + 0.000000s system = 0.000000s CPU (n/a%)

PHY-3001 : Final: Len = 21179.9, Over = 0
OPT-1001 : Start physical optimization ...
RUN-1002 : start command "start_timer -report"
TMR-2505 : Start building timing graph for model keyboard_instance.
TMR-2506 : Build timing graph completely. Port num: 8, tpin num: 2911, tnet num: 804, tinst num: 390, tnode num: 3411, tedge num: 4844.
TMR-2508 : Levelizing timing graph completed, there are 41 levels in total.
TMR-2501 : Timing graph initialized successfully.
OPT-1001 : Total overflow 0.00 peak overflow 0.00
OPT-1001 : Start high-fanout net optimization ...
OPT-1001 : Update timing in global mode
PHY-1001 : Start incremental global routing, caller is place ...
RUN-1001 : Generating global routing grids ...
PHY-1001 : Generate routing nets ...
PHY-1001 : Reuse net number 31/806.
PHY-1001 : Global iterations in 16 thread ...
PHY-1002 : len = 24120, over cnt = 64(0%), over = 94, worst = 4
PHY-1002 : len = 24584, over cnt = 24(0%), over = 29, worst = 2
PHY-1002 : len = 24832, over cnt = 9(0%), over = 12, worst = 2
PHY-1002 : len = 24976, over cnt = 0(0%), over = 0, worst = 0
PHY-1001 : End global iterations;  0.134674s wall, 0.062500s user + 0.000000s system = 0.062500s CPU (46.4%)

PHY-1001 : Congestion index: top1 = 20.93, top5 = 13.61, top10 = 8.56, top15 = 5.94.
PHY-1001 : End incremental global routing;  0.219588s wall, 0.093750s user + 0.000000s system = 0.093750s CPU (42.7%)

TMR-2503 : Start to update net delay, extr mode = 5.
TMR-2504 : Update delay of 804 nets completely.
TMR-2502 : Annotate delay completely, extr mode = 5.
TMR-3001 : Initiate 0 clocks from SDC.
TMR-3004 : Map sdc constraints, there are 0 constraints in total.
TMR-3003 : Constraints initiated successfully.
TMR-3501 : Forward propagation: start to calculate arrival time...
TMR-3502 : Backward propagation: start to calculate required time...
TMR-3503 : Timing propagation completes.
OPT-1001 : End timing update;  0.025910s wall, 0.000000s user + 0.000000s system = 0.000000s CPU (n/a%)

OPT-1001 : 0 high-fanout net processed.
OPT-1001 : End high-fanout net optimization;  0.263107s wall, 0.093750s user + 0.000000s system = 0.093750s CPU (35.6%)

OPT-1001 : Current memory(MB): used = 155, reserve = 126, peak = 155.
OPT-1001 : Start path based optimization ...
OPT-1001 : Start congestion update ...
RUN-1001 : Generating global routing grids ...
PHY-1001 : Generate routing nets ...
PHY-1001 : Reuse net number 649/806.
PHY-1001 : Global iterations in 16 thread ...
PHY-1002 : len = 24976, over cnt = 0(0%), over = 0, worst = 0
PHY-1001 : End global iterations;  0.004726s wall, 0.000000s user + 0.000000s system = 0.000000s CPU (n/a%)

PHY-1001 : Congestion index: top1 = 20.93, top5 = 13.61, top10 = 8.56, top15 = 5.94.
OPT-1001 : End congestion update;  0.085869s wall, 0.031250s user + 0.000000s system = 0.031250s CPU (36.4%)

OPT-1001 : Update timing in Manhattan mode
TMR-2503 : Start to update net delay, extr mode = 3.
TMR-2504 : Update delay of 804 nets completely.
TMR-2502 : Annotate delay completely, extr mode = 3.
TMR-3501 : Forward propagation: start to calculate arrival time...
TMR-3502 : Backward propagation: start to calculate required time...
TMR-3503 : Timing propagation completes.
OPT-1001 : End timing update;  0.011843s wall, 0.000000s user + 0.000000s system = 0.000000s CPU (n/a%)

OPT-0007 : Start: WNS 2147483647 TNS 0 NUM_FEPS 0
OPT-1001 : End path based optimization;  0.097834s wall, 0.031250s user + 0.000000s system = 0.031250s CPU (31.9%)

OPT-1001 : Current memory(MB): used = 155, reserve = 126, peak = 155.
OPT-1001 : Update timing in Manhattan mode
TMR-2503 : Start to update net delay, extr mode = 3.
TMR-2504 : Update delay of 804 nets completely.
TMR-2502 : Annotate delay completely, extr mode = 3.
TMR-3501 : Forward propagation: start to calculate arrival time...
TMR-3502 : Backward propagation: start to calculate required time...
TMR-3503 : Timing propagation completes.
OPT-1001 : End timing update;  0.010151s wall, 0.000000s user + 0.000000s system = 0.000000s CPU (n/a%)

OPT-1001 : Start pin optimization...
OPT-1001 : skip pin optimization...
OPT-1001 : Update timing in global mode
PHY-1001 : Start incremental global routing, caller is place ...
RUN-1001 : Generating global routing grids ...
PHY-1001 : Generate routing nets ...
PHY-1001 : Reuse net number 649/806.
PHY-1001 : Global iterations in 16 thread ...
PHY-1002 : len = 24976, over cnt = 0(0%), over = 0, worst = 0
PHY-1001 : End global iterations;  0.003301s wall, 0.000000s user + 0.000000s system = 0.000000s CPU (n/a%)

PHY-1001 : Congestion index: top1 = 20.93, top5 = 13.61, top10 = 8.56, top15 = 5.94.
PHY-1001 : End incremental global routing;  0.067098s wall, 0.015625s user + 0.000000s system = 0.015625s CPU (23.3%)

TMR-2503 : Start to update net delay, extr mode = 5.
TMR-2504 : Update delay of 804 nets completely.
TMR-2502 : Annotate delay completely, extr mode = 5.
TMR-3501 : Forward propagation: start to calculate arrival time...
TMR-3502 : Backward propagation: start to calculate required time...
TMR-3503 : Timing propagation completes.
OPT-1001 : End timing update;  0.019838s wall, 0.000000s user + 0.000000s system = 0.000000s CPU (n/a%)

RUN-1001 : Generating global routing grids ...
PHY-1001 : Generate routing nets ...
PHY-1001 : Reuse net number 649/806.
PHY-1001 : Global iterations in 16 thread ...
PHY-1002 : len = 24976, over cnt = 0(0%), over = 0, worst = 0
PHY-1001 : End global iterations;  0.003218s wall, 0.000000s user + 0.000000s system = 0.000000s CPU (n/a%)

PHY-1001 : Congestion index: top1 = 20.93, top5 = 13.61, top10 = 8.56, top15 = 5.94.
OPT-1001 : Update timing in Manhattan mode
TMR-2503 : Start to update net delay, extr mode = 3.
TMR-2504 : Update delay of 804 nets completely.
TMR-2502 : Annotate delay completely, extr mode = 3.
TMR-3501 : Forward propagation: start to calculate arrival time...
TMR-3502 : Backward propagation: start to calculate required time...
TMR-3503 : Timing propagation completes.
OPT-1001 : End timing update;  0.016896s wall, 0.000000s user + 0.000000s system = 0.000000s CPU (n/a%)

RUN-1001 : QoR Analysis:
OPT-0007 :   WNS 2147483647 TNS 0 NUM_FEPS 0
RUN-1001 :   No local congestion issue, and most congested 1% tile average routing util is 20.551724
RUN-1001 :   Top critical paths
OPT-1001 : End physical optimization;  0.786738s wall, 0.265625s user + 0.000000s system = 0.265625s CPU (33.8%)

RUN-1003 : finish command "place" in  4.342294s wall, 0.984375s user + 0.578125s system = 1.562500s CPU (36.0%)

RUN-1004 : used memory is 137 MB, reserved memory is 108 MB, peak memory is 155 MB
RUN-1002 : start command "export_db keyboard_place.db"
RUN-1001 : Exported /
RUN-1001 : Exported flow parameters
RUN-1001 : Exported libs
RUN-1001 : Exported entities
RUN-1001 : Exported ports
RUN-1001 : Exported pins
RUN-1001 : Exported instances
RUN-1001 : Exported nets
RUN-1001 : Exported buses
RUN-1001 : Exported models
RUN-1001 : Exported congestions
RUN-1001 : Exported violations
RUN-1001 : Exported timing constraints
RUN-1001 : Exported IO constraints
RUN-1001 : Exported Inst constraints
RUN-1002 : start command "route"
RUN-1001 : Open license file E:/Anlogic/TD5.6.59063/license/Anlogic.lic
RUN-1001 : Print Global Property
RUN-1001 : ---------------------------------------------------------------
RUN-1001 :        Parameters        |  Settings  |  Default Values  |  Note  
RUN-1001 : ---------------------------------------------------------------
RUN-1001 :          message         |  standard  |     standard     |        
RUN-1001 :   mixed_pack_place_flow  |     on     |        on        |        
RUN-1001 :        qor_monitor       |    off     |       off        |        
RUN-1001 :        syn_ip_flow       |    off     |       off        |        
RUN-1001 :          thread          |    auto    |       auto       |        
RUN-1001 : ---------------------------------------------------------------
RUN-1001 : Print Route Property
RUN-1001 : -------------------------------------------------------
RUN-1001 :    Parameters    |  Settings  |  Default Values  |  Note  
RUN-1001 : -------------------------------------------------------
RUN-1001 :      effort      |   medium   |      medium      |        
RUN-1001 :     fix_hold     |    off     |       off        |        
RUN-1001 :    opt_timing    |   medium   |      medium      |        
RUN-1001 :   phy_sim_model  |    off     |       off        |        
RUN-1001 :     priority     |   timing   |      timing      |        
RUN-1001 :     swap_pin     |     on     |        on        |        
RUN-1001 : -------------------------------------------------------
PHY-1001 : Route runs in 16 thread(s)
RUN-1001 : There are total 392 instances
RUN-1001 : 182 mslices, 182 lslices, 24 pads, 0 brams, 0 dsps
RUN-1001 : There are total 806 nets
RUN-1001 : 455 nets have 2 pins
RUN-1001 : 226 nets have [3 - 5] pins
RUN-1001 : 103 nets have [6 - 10] pins
RUN-1001 : 14 nets have [11 - 20] pins
RUN-1001 : 6 nets have [21 - 99] pins
RUN-1001 : 2 nets have 100+ pins
RUN-1002 : start command "start_timer -report"
TMR-2505 : Start building timing graph for model keyboard_instance.
TMR-2506 : Build timing graph completely. Port num: 8, tpin num: 2911, tnet num: 804, tinst num: 390, tnode num: 3411, tedge num: 4844.
TMR-2508 : Levelizing timing graph completed, there are 41 levels in total.
TMR-2501 : Timing graph initialized successfully.
PHY-1001 : 182 mslices, 182 lslices, 24 pads, 0 brams, 0 dsps
TMR-2503 : Start to update net delay, extr mode = 3.
TMR-2504 : Update delay of 804 nets completely.
TMR-2502 : Annotate delay completely, extr mode = 3.
TMR-3001 : Initiate 0 clocks from SDC.
TMR-3004 : Map sdc constraints, there are 0 constraints in total.
TMR-3003 : Constraints initiated successfully.
TMR-3501 : Forward propagation: start to calculate arrival time...
TMR-3502 : Backward propagation: start to calculate required time...
TMR-3503 : Timing propagation completes.
PHY-1001 : Start global routing, caller is route ...
RUN-1001 : Generating global routing grids ...
PHY-1001 : Generate routing nets ...
PHY-1001 : Global iterations in 16 thread ...
PHY-1002 : len = 23952, over cnt = 66(0%), over = 94, worst = 4
PHY-1002 : len = 24368, over cnt = 30(0%), over = 36, worst = 2
PHY-1002 : len = 24648, over cnt = 13(0%), over = 15, worst = 2
PHY-1002 : len = 24864, over cnt = 0(0%), over = 0, worst = 0
PHY-1001 : End global iterations;  0.139385s wall, 0.031250s user + 0.015625s system = 0.046875s CPU (33.6%)

PHY-1001 : Congestion index: top1 = 20.97, top5 = 13.59, top10 = 8.55, top15 = 5.92.
PHY-1001 : End global routing;  0.212406s wall, 0.046875s user + 0.015625s system = 0.062500s CPU (29.4%)

PHY-1001 : Start detail routing ...
PHY-1001 : Current memory(MB): used = 181, reserve = 153, peak = 190.
PHY-1001 : Detailed router is running in normal mode.
PHY-1001 : Generate detailed routing grids ...
PHY-1001 : Generate nets ...
PHY-1001 : net clk_50M_dup_1 will be routed on clock mesh
PHY-1001 : clock net U1/scan_clk_syn_4 will be merged with clock U1/scan_clk
PHY-1001 : Current memory(MB): used = 444, reserve = 420, peak = 444.
PHY-1001 : End build detailed router design. 5.332244s wall, 2.000000s user + 0.046875s system = 2.046875s CPU (38.4%)

PHY-1001 : Detail Route ...
PHY-1001 : ===== Detail Route Phase 1 =====
PHY-1001 : Clock net routing.....
PHY-1001 : Routed 0% nets.
PHY-1022 : len = 10232, over cnt = 0(0%), over = 0, worst = 0, crit = 0
PHY-1001 : End initial clock net routed; 0.484906s wall, 0.296875s user + 0.000000s system = 0.296875s CPU (61.2%)

PHY-1001 : Current memory(MB): used = 474, reserve = 451, peak = 474.
PHY-1001 : End phase 1; 0.490313s wall, 0.296875s user + 0.000000s system = 0.296875s CPU (60.5%)

PHY-1001 : ===== Detail Route Phase 2 =====
PHY-1001 : Initial routing.....
PHY-1001 : Routed 19% nets.
PHY-1001 : Routed 32% nets.
PHY-1001 : Routed 38% nets.
PHY-1001 : Routed 38% nets.
PHY-1001 : Patch 348 net; 0.310024s wall, 0.187500s user + 0.000000s system = 0.187500s CPU (60.5%)

PHY-1022 : len = 53008, over cnt = 16(0%), over = 16, worst = 1, crit = 0
PHY-1001 : Current memory(MB): used = 474, reserve = 451, peak = 474.
PHY-1001 : End initial routed; 0.442934s wall, 0.265625s user + 0.000000s system = 0.265625s CPU (60.0%)

PHY-1001 : Update timing.....
PHY-1001 : 0/657(0%) critical/total net(s).
RUN-1001 : ------------------------------------------
RUN-1001 :   Type   |    WNS(ns)    |  TNS(ns)  |  FEP  
RUN-1001 : ------------------------------------------
RUN-1001 :   Setup  |  2147483.647  |   0.000   |   0   
RUN-1001 :   Hold   |  2147483.647  |   0.000   |   0   
RUN-1001 : ------------------------------------------
PHY-1001 : End update timing; 0.278870s wall, 0.093750s user + 0.000000s system = 0.093750s CPU (33.6%)

PHY-1001 : Current memory(MB): used = 476, reserve = 452, peak = 476.
PHY-1001 : End phase 2; 0.721937s wall, 0.359375s user + 0.000000s system = 0.359375s CPU (49.8%)

PHY-1001 : ===== Detail Route Phase 3 =====
PHY-1001 : Optimize timing.....
PHY-1022 : len = 53008, over cnt = 16(0%), over = 16, worst = 1, crit = 0
PHY-1001 : End optimize timing; 0.008163s wall, 0.000000s user + 0.000000s system = 0.000000s CPU (n/a%)

PHY-1001 : Ripup-reroute.....
PHY-1001 : ===== DR Iter 1 =====
PHY-1022 : len = 53032, over cnt = 2(0%), over = 2, worst = 1, crit = 0
PHY-1001 : End DR Iter 1; 0.034358s wall, 0.000000s user + 0.000000s system = 0.000000s CPU (n/a%)

PHY-1001 : ===== DR Iter 2 =====
PHY-1022 : len = 53064, over cnt = 0(0%), over = 0, worst = 0, crit = 0
PHY-1001 : End DR Iter 2; 0.024571s wall, 0.000000s user + 0.000000s system = 0.000000s CPU (n/a%)

PHY-1001 : Update timing.....
PHY-1001 : 0/657(0%) critical/total net(s).
RUN-1001 : ------------------------------------------
RUN-1001 :   Type   |    WNS(ns)    |  TNS(ns)  |  FEP  
RUN-1001 : ------------------------------------------
RUN-1001 :   Setup  |  2147483.647  |   0.000   |   0   
RUN-1001 :   Hold   |  2147483.647  |   0.000   |   0   
RUN-1001 : ------------------------------------------
PHY-1001 : End update timing; 0.311688s wall, 0.093750s user + 0.000000s system = 0.093750s CPU (30.1%)

PHY-1001 : Commit to database.....
PHY-1001 : 3 feed throughs used by 2 nets
PHY-1001 : End commit to database; 0.098561s wall, 0.031250s user + 0.000000s system = 0.031250s CPU (31.7%)

PHY-1001 : Current memory(MB): used = 487, reserve = 463, peak = 487.
PHY-1001 : End phase 3; 0.674754s wall, 0.171875s user + 0.000000s system = 0.171875s CPU (25.5%)

PHY-1003 : Routed, final wirelength = 53064
PHY-1001 : Current memory(MB): used = 487, reserve = 464, peak = 487.
PHY-1001 : End export database. 0.006776s wall, 0.015625s user + 0.000000s system = 0.015625s CPU (230.6%)

PHY-1001 : End detail routing;  7.514663s wall, 2.890625s user + 0.078125s system = 2.968750s CPU (39.5%)

RUN-1003 : finish command "route" in  8.149983s wall, 3.062500s user + 0.093750s system = 3.156250s CPU (38.7%)

RUN-1004 : used memory is 428 MB, reserved memory is 403 MB, peak memory is 488 MB
RUN-1002 : start command "report_area -io_info -file keyboard_phy.area"
RUN-1001 : standard
***Report Model: keyboard_instance Device: EG4S20BG256***

IO Statistics
#IO                        24
  #input                    6
  #output                  18
  #inout                    0

Utilization Statistics
#lut                      626   out of  19600    3.19%
#reg                      241   out of  19600    1.23%
#le                       703
  #lut only               462   out of    703   65.72%
  #reg only                77   out of    703   10.95%
  #lut&reg                164   out of    703   23.33%
#dsp                        0   out of     29    0.00%
#bram                       0   out of     64    0.00%
  #bram9k                   0
  #fifo9k                   0
#bram32k                    0   out of     16    0.00%
#pad                       24   out of    188   12.77%
  #ireg                     0
  #oreg                     0
  #treg                     0
#pll                        0   out of      4    0.00%
#gclk                       2   out of     16   12.50%

Clock Resource Statistics
Index     ClockNet         Type               DriverType         Driver                      Fanout
#1        clk_50M_dup_1    GCLK               io                 clk_50M_syn_2.di            128
#2        U1/scan_clk      GCLK               mslice             U1/scan_clk_reg_syn_9.q0    10


Detailed IO Report

        Name           Direction    Location    IOStandard    DriveStrength    PullType    PackReg  
        RSTn             INPUT         A9        LVCMOS33          N/A          PULLUP      NONE    
       clk_50M           INPUT         R7        LVCMOS33          N/A          PULLUP      NONE    
       col[3]            INPUT        F10        LVCMOS33          N/A          PULLUP      NONE    
       col[2]            INPUT        C11        LVCMOS33          N/A          PULLUP      NONE    
       col[1]            INPUT        D11        LVCMOS33          N/A          PULLUP      NONE    
       col[0]            INPUT        E11        LVCMOS33          N/A          PULLUP      NONE    
  DigitronCS_Out[3]     OUTPUT         A3        LVCMOS33           8            NONE       NONE    
  DigitronCS_Out[2]     OUTPUT         A5        LVCMOS33           8            NONE       NONE    
  DigitronCS_Out[1]     OUTPUT         B6        LVCMOS33           8            NONE       NONE    
  DigitronCS_Out[0]     OUTPUT         C9        LVCMOS33           8            NONE       NONE    
   Digitron_Out[7]      OUTPUT         C8        LVCMOS33           8            NONE       NONE    
   Digitron_Out[6]      OUTPUT         A8        LVCMOS33           8            NONE       NONE    
   Digitron_Out[5]      OUTPUT         B5        LVCMOS33           8            NONE       NONE    
   Digitron_Out[4]      OUTPUT         A7        LVCMOS33           8            NONE       NONE    
   Digitron_Out[3]      OUTPUT         E8        LVCMOS33           8            NONE       NONE    
   Digitron_Out[2]      OUTPUT         B8        LVCMOS33           8            NONE       NONE    
   Digitron_Out[1]      OUTPUT         A6        LVCMOS33           8            NONE       NONE    
   Digitron_Out[0]      OUTPUT         A4        LVCMOS33           8            NONE       NONE    
       buzzer           OUTPUT        H11        LVCMOS33           8            NONE       NONE    
        light           OUTPUT        B14        LVCMOS33           8            NONE       NONE    
       row[3]           OUTPUT         D9        LVCMOS33           8            NONE       NONE    
       row[2]           OUTPUT         F9        LVCMOS33           8            NONE       NONE    
       row[1]           OUTPUT        C10        LVCMOS33           8            NONE       NONE    
       row[0]           OUTPUT        E10        LVCMOS33           8            NONE       NONE    

Report Hierarchy Area:
+-------------------------------------------------------------------------------------------+
|Instance |Module                      |le     |lut     |ripple  |seq     |bram    |dsp     |
+-------------------------------------------------------------------------------------------+
|top      |keyboard_instance           |703    |489     |137     |241     |0       |0       |
|  U1     |keyboard_scan               |73     |50      |9       |53      |0       |0       |
|  U2     |key_filter                  |62     |33      |6       |51      |0       |0       |
|  U3     |onehot2binary               |526    |380     |117     |122     |0       |0       |
|  U5     |Digitron_TimeDisplay_module |41     |25      |5       |15      |0       |0       |
+-------------------------------------------------------------------------------------------+


DataNet Average Fanout:

   Index     Fanout    Nets  
    #1         1       431   
    #2         2       139   
    #3         3        54   
    #4         4        33   
    #5        5-10     106   
    #6       11-50      15   
  Average     2.50           

RUN-1002 : start command "export_db keyboard_pr.db"
RUN-1001 : Exported /
RUN-1001 : Exported flow parameters
RUN-1001 : Exported libs
RUN-1001 : Exported entities
RUN-1001 : Exported ports
RUN-1001 : Exported pins
RUN-1001 : Exported instances
RUN-1001 : Exported nets
RUN-1001 : Exported buses
RUN-1001 : Exported models
RUN-1001 : Exported congestions
RUN-1001 : Exported violations
RUN-1001 : Exported timing constraints
RUN-1001 : Exported IO constraints
RUN-1001 : Exported Inst constraints
RUN-1002 : start command "export_bid keyboard_inst.bid"
RUN-1002 : start command "bitgen -bit keyboard.bit -unused_io_status pulldown"
BIT-1003 : Start to generate bitstream. 
BIT-1002 : Bitgen processed 164 unused pads, reserve input tri_state with pulldown
BIT-1002 : Init instances with 16 threads.
BIT-1002 : Init instances completely, inst num: 554
BIT-1002 : Init pips with 16 threads.
BIT-1002 : Init pips completely, net num: 806, pip num: 5792
BIT-1002 : Init feedthrough completely, num: 3
BIT-1003 : Multithreading accelaration with 16 threads.
BIT-1003 : Generate bitstream completely, there are 776 valid insts, and 19043 bits set as '1'.
BIT-1004 : PLL setting string = 0000
BIT-1004 : Generate bits file keyboard.bit.
RUN-1003 : finish command "bitgen -bit keyboard.bit -unused_io_status pulldown" in  1.777771s wall, 7.437500s user + 0.093750s system = 7.531250s CPU (423.6%)

RUN-1004 : used memory is 436 MB, reserved memory is 414 MB, peak memory is 630 MB
RUN-1002 : start command "backup_run_log run.log ../.logs/phy_1/td_20240828_165324.log"
