============================================================
   Tang Dynasty, V5.6.71036
      Copyright (c) 2012-2023 Anlogic Inc.
   Executable = C:/Anlogic/TD5.6.2/bin/td.exe
   Built at =   20:34:38 Mar 21 2023
   Run by =     Osscarrrrr
   Run Date =   Tue Aug 27 18:06:18 2024

   Run on =     ADMINISTRATOR
============================================================
RUN-1002 : start command "open_project keyboard.prj"
RUN-1001 : Print Global Property
RUN-1001 : ---------------------------------------------------------------
RUN-1001 :        Parameters        |  Settings  |  Default Values  |  Note  
RUN-1001 : ---------------------------------------------------------------
RUN-1001 :          message         |  standard  |     standard     |        
RUN-1001 :   mixed_pack_place_flow  |     on     |        on        |        
RUN-1001 :        qor_monitor       |    off     |       off        |        
RUN-1001 :        syn_ip_flow       |    off     |       off        |        
RUN-1001 :          thread          |    auto    |       auto       |        
RUN-1001 : ---------------------------------------------------------------
RUN-1001 : Print Design Property
RUN-1001 : --------------------------------------------------------------
RUN-1001 :        Parameters       |  Settings  |  Default Values  |  Note  
RUN-1001 : --------------------------------------------------------------
RUN-1001 :   default_reg_initial   |    auto    |       auto       |        
RUN-1001 :        infer_add        |     on     |        on        |        
RUN-1001 :        infer_fsm        |    off     |       off        |        
RUN-1001 :        infer_mult       |     on     |        on        |        
RUN-1001 :        infer_ram        |     on     |        on        |        
RUN-1001 :        infer_reg        |     on     |        on        |        
RUN-1001 :   infer_reg_init_value  |     on     |        on        |        
RUN-1001 :        infer_rom        |     on     |        on        |        
RUN-1001 :      infer_shifter      |     on     |        on        |        
RUN-1001 : --------------------------------------------------------------
RUN-1001 : Print Rtl Property
RUN-1001 : --------------------------------------------------------------
RUN-1001 :        Parameters       |  Settings  |  Default Values  |  Note  
RUN-1001 : --------------------------------------------------------------
RUN-1001 :       compress_add      |   ripple   |      ripple      |        
RUN-1001 :        elf_sload        |    off     |       off        |        
RUN-1001 :       fix_undriven      |     0      |        0         |        
RUN-1001 :         flatten         |    off     |       off        |        
RUN-1001 :       gate_sharing      |     on     |        on        |        
RUN-1001 :    hdl_warning_level    |   normal   |      normal      |        
RUN-1001 :   impl_internal_tribuf  |     on     |        on        |        
RUN-1001 :      impl_set_reset     |     on     |        on        |        
RUN-1001 :        infer_gsr        |    off     |       off        |        
RUN-1001 :      keep_hierarchy     |    auto    |       auto       |        
RUN-1001 :        max_fanout       |    9999    |       9999       |        
RUN-1001 :      max_oh2bin_len     |     10     |        10        |        
RUN-1001 :       merge_equal       |     on     |        on        |        
RUN-1001 :       merge_equiv       |     on     |        on        |        
RUN-1001 :        merge_mux        |    off     |       off        |        
RUN-1001 :     min_control_set     |     8      |        8         |        
RUN-1001 :      min_ripple_len     |    auto    |       auto       |        
RUN-1001 :       oh2bin_ratio      |    0.08    |       0.08       |        
RUN-1001 :     opt_adder_fanout    |     on     |        on        |        
RUN-1001 :        opt_arith        |     on     |        on        |        
RUN-1001 :       opt_big_gate      |    off     |       off        |        
RUN-1001 :        opt_const        |     on     |        on        |        
RUN-1001 :      opt_const_mult     |     on     |        on        |        
RUN-1001 :       opt_lessthan      |     on     |        on        |        
RUN-1001 :         opt_mux         |    off     |       off        |        
RUN-1001 :         opt_ram         |    high    |       high       |        
RUN-1001 :      rtl_sim_model      |    off     |       off        |        
RUN-1001 :         seq_syn         |     on     |        on        |        
RUN-1001 : --------------------------------------------------------------
HDL-1007 : analyze verilog file ../../../src/Digitron_TimeDisplay_module.v
HDL-1007 : analyze verilog file ../../../src/key_filter.v
HDL-1007 : analyze verilog file ../../../src/keyboard_instance.v
HDL-1007 : analyze verilog file ../../../src/keyboard_scan.v
HDL-1007 : analyze verilog file ../../../src/onehot2binary.v
RUN-1001 : Project manager successfully analyzed 5 source files.
RUN-1002 : start command "import_device eagle_s20.db -package EG4S20BG256"
ARC-1001 : Device Initialization.
ARC-1001 : ------------------------------------------------------------------
ARC-1001 :            OPTION            |          IO          |   SETTING   
ARC-1001 : ------------------------------------------------------------------
ARC-1001 :   cso_b/cclk/mosi/miso/dout  |  T3/R11/T10/P10/S11  |    gpio    
ARC-1001 :             done             |         P13          |    gpio    
ARC-1001 :           program_b          |          T2          |  dedicate  
ARC-1001 :        tdi/tms/tck/tdo       |   C12/A15/C14/E14    |  dedicate  
ARC-1001 : ------------------------------------------------------------------
ARC-1004 : Device setting, marked 5 dedicate IOs in total.
RUN-1002 : start command "import_db ../syn_1/keyboard_gate.db"
RUN-1001 : Importing database generated by Tang Dynasty, V5.6.71036.
RUN-1001 : Database version number 46146.
RUN-1001 : Import flow parameters
RUN-1001 : Import IO constraints
RUN-1001 : Import Inst constraints
RUN-1001 : Import design success TD_VERSION=5.6.71036 , DB_VERSION=46146
RUN-1002 : start command "place"
RUN-1001 : Open license file C:/Anlogic/TD5.6.2/license/Anlogic.lic
RUN-1001 : Print Global Property
RUN-1001 : ---------------------------------------------------------------
RUN-1001 :        Parameters        |  Settings  |  Default Values  |  Note  
RUN-1001 : ---------------------------------------------------------------
RUN-1001 :          message         |  standard  |     standard     |        
RUN-1001 :   mixed_pack_place_flow  |     on     |        on        |        
RUN-1001 :        qor_monitor       |    off     |       off        |        
RUN-1001 :        syn_ip_flow       |    off     |       off        |        
RUN-1001 :          thread          |    auto    |       auto       |        
RUN-1001 : ---------------------------------------------------------------
RUN-1001 : Print Place Property
RUN-1001 : --------------------------------------------------------------
RUN-1001 :        Parameters       |  Settings  |  Default Values  |  Note  
RUN-1001 : --------------------------------------------------------------
RUN-1001 :      detailed_place     |     on     |        on        |        
RUN-1001 :          effort         |   medium   |      medium      |        
RUN-1001 :         fix_hold        |    off     |       off        |        
RUN-1001 :       legalization      |    ori     |       ori        |        
RUN-1001 :      new_spreading      |     on     |        on        |        
RUN-1001 :        opt_timing       |   medium   |      medium      |        
RUN-1001 :   post_clock_route_opt  |    off     |       off        |        
RUN-1001 :       pr_strategy       |     1      |        1         |        
RUN-1001 :        relaxation       |    1.00    |       1.00       |        
RUN-1001 :         retiming        |    off     |       off        |        
RUN-1001 : --------------------------------------------------------------
PHY-3001 : Placer runs in 20 thread(s).
RUN-1002 : start command "legalize_phy_inst"
SYN-1011 : Flatten model keyboard_instance
RUN-1002 : start command "phys_opt -simplify_lut"
SYN-4024 : Net "clk_50M_dup_1" drives clk pins.
SYN-4024 : Net "U1/scan_clk" drives clk pins.
SYN-4025 : Tag rtl::Net U1/scan_clk as clock net
SYN-4025 : Tag rtl::Net clk_50M_dup_1 as clock net
SYN-4026 : Tagged 2 rtl::Net as clock net
SYN-4015 : Create BUFG instance for clk Net U1/scan_clk to drive 24 clock pins.
PHY-1001 : Populate physical database on model keyboard_instance.
RUN-1001 : There are total 342 instances
RUN-0007 : 164 luts, 126 seqs, 10 mslices, 15 lslices, 23 pads, 0 brams, 0 dsps
RUN-1001 : There are total 416 nets
RUN-1001 : 237 nets have 2 pins
RUN-1001 : 133 nets have [3 - 5] pins
RUN-1001 : 35 nets have [6 - 10] pins
RUN-1001 : 6 nets have [11 - 20] pins
RUN-1001 : 3 nets have [21 - 99] pins
RUN-1001 : 2 nets have 100+ pins
RUN-1001 : Report Control nets information:
RUN-1001 : DFF Distribution
RUN-1001 : ----------------------------------
RUN-1001 :   CE   |  SSR  |  ASR  |  DFF Count  
RUN-1001 : ----------------------------------
RUN-1001 :   No   |  No   |  No   |     74      
RUN-1001 :   No   |  No   |  Yes  |     20      
RUN-1001 :   No   |  Yes  |  No   |      0      
RUN-1001 :   Yes  |  No   |  No   |      0      
RUN-1001 :   Yes  |  No   |  Yes  |     32      
RUN-1001 :   Yes  |  Yes  |  No   |      0      
RUN-1001 : ----------------------------------
RUN-0007 : Control Group Statistic
RUN-0007 : ---------------------------
RUN-0007 :   #CLK  |  #CE  |  #SSR/ASR  
RUN-0007 : ---------------------------
RUN-0007 :    2    |   2   |     2      
RUN-0007 : ---------------------------
RUN-0007 : Control Set = 4
PHY-3001 : Initial placement ...
PHY-3001 : design contains 340 instances, 164 luts, 126 seqs, 25 slices, 3 macros(25 instances: 10 mslices 15 lslices)
PHY-0007 : Cell area utilization is 1%
PHY-3001 : Global placement ...
PHY-3001 : Initial: Len = 98513.4
PHY-3001 : Clustering ...
PHY-3001 : Level 0 #clusters 340.
PHY-3001 : End clustering;  0.000010s wall, 0.000000s user + 0.000000s system = 0.000000s CPU (n/a%)

PHY-3001 : Run with size of 4
PHY-3001 : Cell area utilization is 1%
PHY-3001 : :::0::: Try harder cell spreading with beta_ = 0
PHY-3002 : Step(1): len = 63096.3, overlap = 0
PHY-3002 : Step(2): len = 38096.5, overlap = 0
PHY-3002 : Step(3): len = 26572.5, overlap = 0
PHY-3002 : Step(4): len = 20651.1, overlap = 0
PHY-3002 : Step(5): len = 18078.9, overlap = 0
PHY-3002 : Step(6): len = 17431.8, overlap = 0
PHY-3002 : Step(7): len = 16520, overlap = 0
PHY-3002 : Step(8): len = 15777.7, overlap = 0
PHY-3002 : Step(9): len = 15512.1, overlap = 0
PHY-3002 : Step(10): len = 15422.9, overlap = 0
PHY-3002 : Step(11): len = 14822.8, overlap = 0
PHY-3002 : Step(12): len = 14987.4, overlap = 0
PHY-3002 : Step(13): len = 14711.5, overlap = 0
PHY-3002 : Step(14): len = 13919.4, overlap = 0
PHY-3002 : Step(15): len = 14103.7, overlap = 0
PHY-3002 : Step(16): len = 12728.2, overlap = 0
PHY-3002 : Step(17): len = 12768.2, overlap = 0
PHY-3002 : Step(18): len = 13089.1, overlap = 0
PHY-3002 : Step(19): len = 12101.9, overlap = 0
PHY-3002 : Step(20): len = 12174.9, overlap = 0
PHY-3002 : Step(21): len = 11307.2, overlap = 0
PHY-3002 : Step(22): len = 10964.8, overlap = 0
PHY-3002 : Step(23): len = 10457.5, overlap = 0
PHY-3002 : Step(24): len = 10062.6, overlap = 0
PHY-3002 : Step(25): len = 10089.7, overlap = 0
PHY-3002 : Step(26): len = 9619.1, overlap = 0
PHY-3002 : Step(27): len = 9453.9, overlap = 0
PHY-3002 : Step(28): len = 9563.6, overlap = 0
PHY-3002 : Step(29): len = 9584.5, overlap = 0
PHY-3002 : Step(30): len = 9926.1, overlap = 0
PHY-3002 : Step(31): len = 9210.3, overlap = 0
PHY-3002 : Step(32): len = 8497.8, overlap = 0
PHY-3002 : Step(33): len = 8589.9, overlap = 0
PHY-3002 : Step(34): len = 8499.1, overlap = 0
PHY-3002 : Step(35): len = 7628, overlap = 0
PHY-3002 : Step(36): len = 7767.6, overlap = 0
PHY-3002 : Step(37): len = 7969.1, overlap = 0
PHY-3002 : Step(38): len = 7135.1, overlap = 0
PHY-3002 : Step(39): len = 7163, overlap = 0
PHY-3002 : Step(40): len = 6985.4, overlap = 0
PHY-3002 : Step(41): len = 7207.7, overlap = 0
PHY-3002 : Step(42): len = 7115.4, overlap = 0
PHY-3002 : Step(43): len = 7128, overlap = 0
PHY-3002 : Step(44): len = 6706.3, overlap = 0
PHY-3002 : Step(45): len = 6272.4, overlap = 0
PHY-3002 : Step(46): len = 6118.2, overlap = 0
PHY-3002 : Step(47): len = 5576.3, overlap = 0
PHY-3002 : Step(48): len = 5513.7, overlap = 0
PHY-3002 : Step(49): len = 5385.3, overlap = 0
PHY-3002 : Step(50): len = 5132, overlap = 0
PHY-3002 : Step(51): len = 5075.8, overlap = 0
PHY-3002 : Step(52): len = 4782.3, overlap = 0
PHY-3002 : Step(53): len = 4782.3, overlap = 0
PHY-3002 : Step(54): len = 4440.2, overlap = 0
PHY-3002 : Step(55): len = 4440.2, overlap = 0
PHY-3002 : Step(56): len = 4364.4, overlap = 0
PHY-3001 : Legalization ...
PHY-3001 : End legalization;  0.003410s wall, 0.000000s user + 0.000000s system = 0.000000s CPU (n/a%)

PHY-3001 : Run with size of 4
PHY-3001 : Cell area utilization is 1%
PHY-3001 : :::0::: Try harder cell spreading with beta_ = 0
PHY-3002 : Step(57): len = 4238.3, overlap = 0
PHY-3002 : Step(58): len = 4238.3, overlap = 0
PHY-3002 : Step(59): len = 4257.7, overlap = 0
PHY-3002 : Step(60): len = 4257.7, overlap = 0
PHY-3002 : Step(61): len = 4170.1, overlap = 0
PHY-3002 : Step(62): len = 4170.1, overlap = 0
PHY-3002 : Step(63): len = 4156.6, overlap = 0
PHY-3002 : Step(64): len = 4201.4, overlap = 0
PHY-3002 : Step(65): len = 4201.4, overlap = 0
PHY-3001 : Run with size of 2
PHY-3001 : Cell area utilization is 1%
PHY-3001 : :::0::: Try harder cell spreading with beta_ = 0
PHY-3002 : Step(66): len = 4140.7, overlap = 3.59375
PHY-3002 : Step(67): len = 4140.7, overlap = 3.59375
PHY-3002 : Step(68): len = 4132.9, overlap = 3.59375
PHY-3002 : Step(69): len = 4132.9, overlap = 3.59375
PHY-3002 : Step(70): len = 4103.9, overlap = 4.3125
PHY-3002 : Step(71): len = 4103.9, overlap = 4.3125
PHY-3002 : Step(72): len = 4101.6, overlap = 4.6875
PHY-3002 : Step(73): len = 4101.6, overlap = 4.6875
PHY-3002 : Step(74): len = 4031.5, overlap = 5.34375
PHY-3002 : Step(75): len = 4031.5, overlap = 5.34375
PHY-3002 : Step(76): len = 4049.7, overlap = 5.46875
PHY-3002 : Step(77): len = 4049.7, overlap = 5.46875
PHY-3002 : Step(78): len = 3999.8, overlap = 5.71875
PHY-3002 : Step(79): len = 3999.8, overlap = 5.71875
PHY-3002 : Step(80): len = 4020, overlap = 6.0625
PHY-3002 : Step(81): len = 4020, overlap = 6.0625
PHY-3002 : Step(82): len = 3980.9, overlap = 6.375
PHY-3002 : Step(83): len = 3980.9, overlap = 6.375
PHY-3002 : Step(84): len = 4002.9, overlap = 6.5625
PHY-3002 : Step(85): len = 4002.9, overlap = 6.5625
PHY-3002 : Step(86): len = 3904.5, overlap = 6.6875
PHY-3002 : Step(87): len = 3992.5, overlap = 6.625
PHY-3002 : Step(88): len = 3992.5, overlap = 6.625
OPT-1001 : Start physical optimization ...
OPT-1001 : Total overflow 18.81 peak overflow 3.75
OPT-1001 : Start high-fanout net optimization ...
OPT-1001 : Update timing in global mode
PHY-1001 : Start incremental global routing, caller is place ...
RUN-1001 : Generating global routing grids ...
RUN-1001 : Building simple global routing graph ...
PHY-1001 : Generate routing nets ...
PHY-1001 : Reuse net number 0/416.
PHY-1001 : Global iterations in 20 thread ...
PHY-1002 : len = 3920, over cnt = 21(0%), over = 90, worst = 23
PHY-1001 : End global iterations;  0.013168s wall, 0.000000s user + 0.000000s system = 0.000000s CPU (n/a%)

PHY-1001 : Congestion index: top1 = 12.07, top5 = 3.24, top10 = 1.61, top15 = 1.08.
PHY-1001 : End incremental global routing;  0.068827s wall, 0.015625s user + 0.000000s system = 0.015625s CPU (22.7%)

RUN-1002 : start command "start_timer -report"
TMR-5001 WARNING: No sdc constraints found while initiating timer.
TMR-2505 : Start building timing graph for model keyboard_instance.
TMR-2506 : Build timing graph completely. Port num: 7, tpin num: 1531, tnet num: 414, tinst num: 340, tnode num: 1920, tedge num: 2448.
TMR-2508 : Levelizing timing graph completed, there are 21 levels in total.
TMR-2501 : Timing graph initialized successfully.
OPT-1001 : End timing update;  0.127343s wall, 0.093750s user + 0.015625s system = 0.109375s CPU (85.9%)

OPT-1001 : 0 high-fanout net processed.
OPT-1001 : End high-fanout net optimization;  0.199249s wall, 0.109375s user + 0.015625s system = 0.125000s CPU (62.7%)

OPT-1001 : Current memory(MB): used = 146, reserve = 117, peak = 146.
OPT-1001 : End physical optimization;  0.203071s wall, 0.125000s user + 0.015625s system = 0.140625s CPU (69.2%)

PHY-3001 : Start packing ...
SYN-4007 : Packing 0 MUX to BLE ...
SYN-4008 : Packed 0 MUX and 0 SEQ to BLE.
SYN-4007 : Packing 164 LUT to BLE ...
SYN-4008 : Packed 164 LUT and 52 SEQ to BLE.
SYN-4003 : Packing 74 remaining SEQ's ...
SYN-4005 : Packed 55 SEQ with LUT/SLICE
SYN-4006 : 61 single LUT's are left
SYN-4006 : 19 single SEQ's are left
SYN-4011 : Packing model "keyboard_instance" (AL_USER_NORMAL) with 183/235 primitive instances ...
PHY-3001 : End packing;  0.009219s wall, 0.015625s user + 0.000000s system = 0.015625s CPU (169.5%)

PHY-1001 : Populate physical database on model keyboard_instance.
RUN-1001 : There are total 161 instances
RUN-1001 : 67 mslices, 67 lslices, 23 pads, 0 brams, 0 dsps
RUN-1001 : There are total 364 nets
RUN-1001 : 174 nets have 2 pins
RUN-1001 : 137 nets have [3 - 5] pins
RUN-1001 : 39 nets have [6 - 10] pins
RUN-1001 : 8 nets have [11 - 20] pins
RUN-1001 : 5 nets have [21 - 99] pins
RUN-1001 : 1 nets have 100+ pins
PHY-3001 : design contains 159 instances, 134 slices, 3 macros(25 instances: 10 mslices 15 lslices)
PHY-3001 : Cell area utilization is 1%
PHY-3001 : After packing: Len = 4146, Over = 13
PHY-3001 : Run with size of 2
PHY-3001 : Cell area utilization is 1%
PHY-3001 : :::0::: Try harder cell spreading with beta_ = 7.87144e-05
PHY-3002 : Step(89): len = 4151.8, overlap = 12.25
PHY-3002 : Step(90): len = 4202.1, overlap = 11
PHY-3002 : Step(91): len = 4226.6, overlap = 11.75
PHY-3001 : :::1::: Try harder cell spreading with beta_ = 0.000157429
PHY-3002 : Step(92): len = 4103.9, overlap = 11.75
PHY-3002 : Step(93): len = 4109.1, overlap = 11.75
PHY-3001 : :::2::: Try harder cell spreading with beta_ = 0.000314858
PHY-3002 : Step(94): len = 4148.2, overlap = 11.25
PHY-3002 : Step(95): len = 4167.3, overlap = 11.25
PHY-3001 : Legalization ...
PHY-3001 : End legalization;  0.028020s wall, 0.031250s user + 0.000000s system = 0.031250s CPU (111.5%)

PHY-3001 : Trial Legalized: Len = 8011
PHY-3001 : Run with size of 2
PHY-3001 : Cell area utilization is 1%
PHY-3001 : :::0::: Try harder cell spreading with beta_ = 0
PHY-3002 : Step(96): len = 5662.7, overlap = 4.75
PHY-3002 : Step(97): len = 4745.8, overlap = 6.5
PHY-3002 : Step(98): len = 4348.8, overlap = 8.25
PHY-3002 : Step(99): len = 4193.6, overlap = 8.75
PHY-3002 : Step(100): len = 4125.9, overlap = 8.75
PHY-3001 : :::1::: Try harder cell spreading with beta_ = 0.00013768
PHY-3002 : Step(101): len = 4142.6, overlap = 8.25
PHY-3002 : Step(102): len = 4142.6, overlap = 8.25
PHY-3001 : :::2::: Try harder cell spreading with beta_ = 0.000275359
PHY-3002 : Step(103): len = 4112.8, overlap = 8.25
PHY-3002 : Step(104): len = 4112.8, overlap = 8.25
PHY-3001 : Legalization ...
PHY-3001 : End legalization;  0.003946s wall, 0.000000s user + 0.000000s system = 0.000000s CPU (n/a%)

PHY-3001 : Legalized: Len = 6630.7, Over = 0
PHY-3001 : Spreading special nets. 4 overflows in 2952 tiles.
PHY-3001 : End spreading;  0.001874s wall, 0.000000s user + 0.000000s system = 0.000000s CPU (n/a%)

PHY-3001 : 5 instances has been re-located, deltaX = 4, deltaY = 1, maxDist = 1.
PHY-3001 : Final: Len = 6681.7, Over = 0
OPT-1001 : Start physical optimization ...
OPT-1001 : Total overflow 0.00 peak overflow 0.00
OPT-1001 : Start high-fanout net optimization ...
OPT-1001 : Update timing in global mode
PHY-1001 : Start incremental global routing, caller is place ...
RUN-1001 : Generating global routing grids ...
PHY-1001 : Generate routing nets ...
PHY-1001 : Reuse net number 28/364.
PHY-1001 : Global iterations in 20 thread ...
PHY-1002 : len = 7384, over cnt = 35(0%), over = 75, worst = 5
PHY-1002 : len = 7888, over cnt = 14(0%), over = 21, worst = 3
PHY-1002 : len = 8176, over cnt = 1(0%), over = 1, worst = 1
PHY-1002 : len = 8192, over cnt = 0(0%), over = 0, worst = 0
PHY-1001 : End global iterations;  0.028888s wall, 0.000000s user + 0.000000s system = 0.000000s CPU (n/a%)

PHY-1001 : Congestion index: top1 = 19.85, top5 = 6.43, top10 = 3.20, top15 = 2.14.
PHY-1001 : End incremental global routing;  0.057715s wall, 0.000000s user + 0.000000s system = 0.000000s CPU (n/a%)

RUN-1002 : start command "start_timer -report"
TMR-5001 WARNING: No sdc constraints found while initiating timer.
TMR-2505 : Start building timing graph for model keyboard_instance.
TMR-2506 : Build timing graph completely. Port num: 7, tpin num: 1433, tnet num: 362, tinst num: 159, tnode num: 1732, tedge num: 2408.
TMR-2508 : Levelizing timing graph completed, there are 21 levels in total.
TMR-2501 : Timing graph initialized successfully.
OPT-1001 : End timing update;  0.110726s wall, 0.078125s user + 0.015625s system = 0.093750s CPU (84.7%)

OPT-1001 : 0 high-fanout net processed.
OPT-1001 : End high-fanout net optimization;  0.171649s wall, 0.078125s user + 0.015625s system = 0.093750s CPU (54.6%)

OPT-1001 : Current memory(MB): used = 147, reserve = 118, peak = 147.
OPT-1001 : Update timing in Manhattan mode
OPT-1001 : End timing update;  0.000174s wall, 0.000000s user + 0.000000s system = 0.000000s CPU (n/a%)

OPT-1001 : Start pin optimization...
OPT-1001 : skip pin optimization...
RUN-1001 : Generating global routing grids ...
PHY-1001 : Generate routing nets ...
PHY-1001 : Reuse net number 279/364.
PHY-1001 : Global iterations in 20 thread ...
PHY-1002 : len = 8192, over cnt = 0(0%), over = 0, worst = 0
PHY-1001 : End global iterations;  0.000953s wall, 0.000000s user + 0.000000s system = 0.000000s CPU (n/a%)

PHY-1001 : Congestion index: top1 = 19.85, top5 = 6.43, top10 = 3.20, top15 = 2.14.
OPT-1001 : Update timing in Manhattan mode
OPT-1001 : End timing update;  0.000313s wall, 0.000000s user + 0.000000s system = 0.000000s CPU (n/a%)

RUN-1001 : QoR Analysis:
OPT-0007 :   WNS 2147483647 TNS 0 NUM_FEPS 0
RUN-1001 :   No local congestion issue, and most congested 1% tile average routing util is 19.413793
RUN-1001 :   Top critical paths
OPT-1001 : End physical optimization;  0.204157s wall, 0.078125s user + 0.015625s system = 0.093750s CPU (45.9%)

RUN-1003 : finish command "place" in  2.411536s wall, 0.750000s user + 0.875000s system = 1.625000s CPU (67.4%)

RUN-1004 : used memory is 132 MB, reserved memory is 103 MB, peak memory is 148 MB
RUN-1002 : start command "export_db keyboard_place.db"
RUN-1001 : Exported /
RUN-1001 : Exported flow parameters
RUN-1001 : Exported libs
RUN-1001 : Exported entities
RUN-1001 : Exported ports
RUN-1001 : Exported pins
RUN-1001 : Exported instances
RUN-1001 : Exported nets
RUN-1001 : Exported buses
RUN-1001 : Exported models
RUN-1001 : Exported congestions
RUN-1001 : Exported violations
RUN-1001 : Exported IO constraints
RUN-1001 : Exported Inst constraints
RUN-1002 : start command "route"
RUN-1001 : Open license file C:/Anlogic/TD5.6.2/license/Anlogic.lic
RUN-1001 : Print Global Property
RUN-1001 : ---------------------------------------------------------------
RUN-1001 :        Parameters        |  Settings  |  Default Values  |  Note  
RUN-1001 : ---------------------------------------------------------------
RUN-1001 :          message         |  standard  |     standard     |        
RUN-1001 :   mixed_pack_place_flow  |     on     |        on        |        
RUN-1001 :        qor_monitor       |    off     |       off        |        
RUN-1001 :        syn_ip_flow       |    off     |       off        |        
RUN-1001 :          thread          |    auto    |       auto       |        
RUN-1001 : ---------------------------------------------------------------
RUN-1001 : Print Route Property
RUN-1001 : -------------------------------------------------------
RUN-1001 :    Parameters    |  Settings  |  Default Values  |  Note  
RUN-1001 : -------------------------------------------------------
RUN-1001 :      effort      |   medium   |      medium      |        
RUN-1001 :     fix_hold     |    off     |       off        |        
RUN-1001 :    opt_timing    |   medium   |      medium      |        
RUN-1001 :   phy_sim_model  |    off     |       off        |        
RUN-1001 :     priority     |   timing   |      timing      |        
RUN-1001 :     swap_pin     |     on     |        on        |        
RUN-1001 : -------------------------------------------------------
PHY-1001 : Route runs in 20 thread(s)
RUN-1001 : There are total 161 instances
RUN-1001 : 67 mslices, 67 lslices, 23 pads, 0 brams, 0 dsps
RUN-1001 : There are total 364 nets
RUN-1001 : 174 nets have 2 pins
RUN-1001 : 137 nets have [3 - 5] pins
RUN-1001 : 39 nets have [6 - 10] pins
RUN-1001 : 8 nets have [11 - 20] pins
RUN-1001 : 5 nets have [21 - 99] pins
RUN-1001 : 1 nets have 100+ pins
RUN-1002 : start command "start_timer -report"
TMR-5001 WARNING: No sdc constraints found while initiating timer.
TMR-2505 : Start building timing graph for model keyboard_instance.
TMR-2506 : Build timing graph completely. Port num: 7, tpin num: 1433, tnet num: 362, tinst num: 159, tnode num: 1732, tedge num: 2408.
TMR-2508 : Levelizing timing graph completed, there are 21 levels in total.
TMR-2501 : Timing graph initialized successfully.
PHY-1001 : 67 mslices, 67 lslices, 23 pads, 0 brams, 0 dsps
TMR-2503 : Start to update net delay, extr mode = 3.
TMR-2504 : Update delay of 362 nets completely.
TMR-2502 : Annotate delay completely, extr mode = 3.
TMR-3002 : No user constraint, initiate default constraint.
TMR-1501 : Assign derive clock DeriveClock to 182 clock pins, and constraint 299 relative nodes.
TMR-3003 : Constraints initiated successfully.
TMR-3501 : Forward propagation: start to calculate arrival time...
TMR-3502 : Backward propagation: start to calculate required time...
TMR-3503 : Timing propagation completes.
PHY-1001 : Start global routing, caller is route ...
RUN-1001 : Generating global routing grids ...
PHY-1001 : Generate routing nets ...
PHY-1001 : Global iterations in 20 thread ...
PHY-1002 : len = 7312, over cnt = 35(0%), over = 76, worst = 5
PHY-1002 : len = 7904, over cnt = 12(0%), over = 19, worst = 3
PHY-1002 : len = 8192, over cnt = 0(0%), over = 0, worst = 0
PHY-1001 : End global iterations;  0.029883s wall, 0.015625s user + 0.000000s system = 0.015625s CPU (52.3%)

PHY-1001 : Congestion index: top1 = 20.00, top5 = 6.41, top10 = 3.19, top15 = 2.13.
PHY-1001 : End global routing;  0.068198s wall, 0.046875s user + 0.000000s system = 0.046875s CPU (68.7%)

PHY-1001 : Start detail routing ...
PHY-1001 : Current memory(MB): used = 173, reserve = 145, peak = 193.
PHY-1001 : Detailed router is running in normal mode.
PHY-1001 : Generate detailed routing grids ...
PHY-1001 : Processed IO instance col[3]_syn_4 with INV attribute.
PHY-1001 : Processed IO instance col[2]_syn_4 with INV attribute.
PHY-1001 : Processed IO instance col[1]_syn_4 with INV attribute.
PHY-1001 : Processed IO instance col[0]_syn_4 with INV attribute.
PHY-1001 : Generate nets ...
PHY-1001 : net clk_50M_dup_1 will be routed on clock mesh
PHY-1001 : clock net U1/scan_clk_syn_4 will be merged with clock U1/scan_clk
PHY-1001 : Current memory(MB): used = 443, reserve = 418, peak = 443.
PHY-1001 : End build detailed router design. 2.889102s wall, 1.406250s user + 0.093750s system = 1.500000s CPU (51.9%)

PHY-1001 : Detail Route ...
PHY-1001 : ===== Detail Route Phase 1 =====
PHY-1001 : Clock net routing.....
PHY-1001 : Routed 0% nets.
PHY-1022 : len = 7544, over cnt = 0(0%), over = 0, worst = 0, crit = 0
PHY-1001 : End initial clock net routed; 0.209380s wall, 0.109375s user + 0.000000s system = 0.109375s CPU (52.2%)

PHY-1001 : Current memory(MB): used = 472, reserve = 448, peak = 472.
PHY-1001 : End phase 1; 0.213541s wall, 0.109375s user + 0.000000s system = 0.109375s CPU (51.2%)

PHY-1001 : ===== Detail Route Phase 2 =====
PHY-1001 : Initial routing.....
PHY-1001 : Routed 32% nets.
PHY-1001 : Routed 39% nets.
PHY-1001 : Routed 44% nets.
PHY-1001 : Routed 62% nets.
PHY-1001 : Routed 86% nets.
PHY-1022 : len = 26216, over cnt = 37(0%), over = 39, worst = 2, crit = 0
PHY-1001 : Current memory(MB): used = 472, reserve = 448, peak = 472.
PHY-1001 : End initial routed; 0.084592s wall, 0.000000s user + 0.015625s system = 0.015625s CPU (18.5%)

PHY-1001 : Current memory(MB): used = 472, reserve = 448, peak = 472.
PHY-1001 : End phase 2; 0.084626s wall, 0.000000s user + 0.015625s system = 0.015625s CPU (18.5%)

PHY-1001 : ===== Detail Route Phase 3 =====
PHY-1001 : Ripup-reroute.....
PHY-1001 : ===== DR Iter 1 =====
PHY-1022 : len = 26192, over cnt = 16(0%), over = 16, worst = 1, crit = 0
PHY-1001 : End DR Iter 1; 0.014757s wall, 0.000000s user + 0.000000s system = 0.000000s CPU (n/a%)

PHY-1001 : ===== DR Iter 2 =====
PHY-1022 : len = 26440, over cnt = 0(0%), over = 0, worst = 0, crit = 0
PHY-1001 : End DR Iter 2; 0.013261s wall, 0.000000s user + 0.000000s system = 0.000000s CPU (n/a%)

PHY-1001 : Commit to database.....
PHY-1001 : 3 feed throughs used by 3 nets
PHY-1001 : End commit to database; 0.029742s wall, 0.000000s user + 0.000000s system = 0.000000s CPU (n/a%)

PHY-1001 : Current memory(MB): used = 482, reserve = 458, peak = 482.
PHY-1001 : End phase 3; 0.133471s wall, 0.031250s user + 0.000000s system = 0.031250s CPU (23.4%)

PHY-1003 : Routed, final wirelength = 26440
PHY-1001 : Current memory(MB): used = 482, reserve = 458, peak = 482.
PHY-1001 : End export database. 0.004693s wall, 0.000000s user + 0.000000s system = 0.000000s CPU (n/a%)

PHY-1001 : End detail routing;  3.512968s wall, 1.640625s user + 0.125000s system = 1.765625s CPU (50.3%)

RUN-1003 : finish command "route" in  3.723591s wall, 1.765625s user + 0.125000s system = 1.890625s CPU (50.8%)

RUN-1004 : used memory is 422 MB, reserved memory is 398 MB, peak memory is 482 MB
RUN-1002 : start command "report_area -io_info -file keyboard_phy.area"
RUN-1001 : standard
***Report Model: keyboard_instance Device: EG4S20BG256***

IO Statistics
#IO                        23
  #input                    6
  #output                  17
  #inout                    0

Utilization Statistics
#lut                      238   out of  19600    1.21%
#reg                      142   out of  19600    0.72%
#le                       257
  #lut only               115   out of    257   44.75%
  #reg only                19   out of    257    7.39%
  #lut&reg                123   out of    257   47.86%
#dsp                        0   out of     29    0.00%
#bram                       0   out of     64    0.00%
  #bram9k                   0
  #fifo9k                   0
#bram32k                    0   out of     16    0.00%
#pad                       23   out of    188   12.23%
  #ireg                     4
  #oreg                     4
  #treg                     0
#pll                        0   out of      4    0.00%
#gclk                       1   out of     16    6.25%

Clock Resource Statistics
Index     ClockNet         Type               DriverType         Driver                      Fanout
#1        clk_50M_dup_1    GCLK               io                 clk_50M_syn_2.di            75
#2        U1/scan_clk      GCLK               mslice             U1/scan_clk_reg_syn_9.q0    16


Detailed IO Report

        Name           Direction    Location    IOStandard    DriveStrength    PullType    PackReg  
        RSTn             INPUT         A9        LVCMOS33          N/A          PULLUP      NONE    
       clk_50M           INPUT         R7        LVCMOS33          N/A          PULLUP      NONE    
       col[3]            INPUT        F10        LVCMOS33          N/A          PULLUP      IREG    
       col[2]            INPUT        C11        LVCMOS33          N/A          PULLUP      IREG    
       col[1]            INPUT        D11        LVCMOS33          N/A          PULLUP      IREG    
       col[0]            INPUT        E11        LVCMOS33          N/A          PULLUP      IREG    
  DigitronCS_Out[3]     OUTPUT         A3        LVCMOS33           8            NONE       NONE    
  DigitronCS_Out[2]     OUTPUT         A5        LVCMOS33           8            NONE       NONE    
  DigitronCS_Out[1]     OUTPUT         B6        LVCMOS33           8            NONE       NONE    
  DigitronCS_Out[0]     OUTPUT         C9        LVCMOS33           8            NONE       NONE    
   Digitron_Out[7]      OUTPUT         C8        LVCMOS33           8            NONE       NONE    
   Digitron_Out[6]      OUTPUT         A8        LVCMOS33           8            NONE       NONE    
   Digitron_Out[5]      OUTPUT         B5        LVCMOS33           8            NONE       NONE    
   Digitron_Out[4]      OUTPUT         A7        LVCMOS33           8            NONE       NONE    
   Digitron_Out[3]      OUTPUT         E8        LVCMOS33           8            NONE       NONE    
   Digitron_Out[2]      OUTPUT         B8        LVCMOS33           8            NONE       NONE    
   Digitron_Out[1]      OUTPUT         A6        LVCMOS33           8            NONE       NONE    
   Digitron_Out[0]      OUTPUT         A4        LVCMOS33           8            NONE       NONE    
        light           OUTPUT        B14        LVCMOS33           8            NONE       NONE    
       row[3]           OUTPUT         D9        LVCMOS33           8            NONE       OREG    
       row[2]           OUTPUT         F9        LVCMOS33           8            NONE       OREG    
       row[1]           OUTPUT        C10        LVCMOS33           8            NONE       OREG    
       row[0]           OUTPUT        E10        LVCMOS33           8            NONE       OREG    

Report Hierarchy Area:
+-------------------------------------------------------------------------------------------+
|Instance |Module                      |le     |lut     |ripple  |seq     |bram    |dsp     |
+-------------------------------------------------------------------------------------------+
|top      |keyboard_instance           |257    |213     |25      |150     |0       |0       |
|  U1     |keyboard_scan               |68     |46      |9       |50      |0       |0       |
|  U2     |key_filter                  |59     |47      |6       |49      |0       |0       |
|  U3     |onehot2binary               |92     |92      |0       |27      |0       |0       |
|  U5     |Digitron_TimeDisplay_module |33     |23      |10      |16      |0       |0       |
+-------------------------------------------------------------------------------------------+


DataNet Average Fanout:

   Index     Fanout    Nets  
    #1         1       151   
    #2         2        89   
    #3         3        20   
    #4         4        28   
    #5        5-10      39   
    #6       11-50      10   
  Average     2.84           

RUN-1002 : start command "export_db keyboard_pr.db"
RUN-1001 : Exported /
RUN-1001 : Exported flow parameters
RUN-1001 : Exported libs
RUN-1001 : Exported entities
RUN-1001 : Exported ports
RUN-1001 : Exported pins
RUN-1001 : Exported instances
RUN-1001 : Exported nets
RUN-1001 : Exported buses
RUN-1001 : Exported models
RUN-1001 : Exported congestions
RUN-1001 : Exported violations
RUN-1001 : Exported IO constraints
RUN-1001 : Exported Inst constraints
RUN-1002 : start command "export_bid keyboard_inst.bid"
RUN-1002 : start command "bitgen -bit keyboard.bit -unused_io_status pulldown"
BIT-1003 : Start to generate bitstream. 
BIT-1002 : Bitgen processed 165 unused pads, reserve input tri_state with pulldown
BIT-1002 : Init instances with 20 threads.
BIT-1002 : Init instances completely, inst num: 324
BIT-1002 : Init pips with 20 threads.
BIT-1002 : Init pips completely, net num: 364, pip num: 2825
BIT-1002 : Init feedthrough completely, num: 3
BIT-1003 : Multithreading accelaration with 20 threads.
BIT-1003 : Generate bitstream completely, there are 487 valid insts, and 8518 bits set as '1'.
BIT-1004 : PLL setting string = 0000
BIT-1004 : Generate bits file keyboard.bit.
RUN-1003 : finish command "bitgen -bit keyboard.bit -unused_io_status pulldown" in  1.084828s wall, 1.265625s user + 0.078125s system = 1.343750s CPU (123.9%)

RUN-1004 : used memory is 443 MB, reserved memory is 423 MB, peak memory is 638 MB
RUN-1002 : start command "backup_run_log run.log ../.logs/phy_1/td_20240827_180618.log"
