============================================================
   Tang Dynasty, V5.6.59063
   Copyright (c) 2012-2022 Anlogic
   Executable = E:/Anlogic/TD5.6.59063/bin/td.exe
   Built at =   12:45:13 Sep  6 2022
   Run by =     19234
   Run Date =   Thu Aug 29 00:02:30 2024

   Run on =     ERIKPSW
============================================================
RUN-1002 : start command "open_project keyboard.prj"
RUN-1001 : Print Global Property
RUN-1001 : ---------------------------------------------------------------
RUN-1001 :        Parameters        |  Settings  |  Default Values  |  Note  
RUN-1001 : ---------------------------------------------------------------
RUN-1001 :          message         |  standard  |     standard     |        
RUN-1001 :   mixed_pack_place_flow  |     on     |        on        |        
RUN-1001 :        qor_monitor       |    off     |       off        |        
RUN-1001 :        syn_ip_flow       |    off     |       off        |        
RUN-1001 :          thread          |    auto    |       auto       |        
RUN-1001 : ---------------------------------------------------------------
RUN-1001 : Print Design Property
RUN-1001 : --------------------------------------------------------------
RUN-1001 :        Parameters       |  Settings  |  Default Values  |  Note  
RUN-1001 : --------------------------------------------------------------
RUN-1001 :   default_reg_initial   |    auto    |       auto       |        
RUN-1001 :        infer_add        |     on     |        on        |        
RUN-1001 :        infer_fsm        |    off     |       off        |        
RUN-1001 :        infer_mult       |     on     |        on        |        
RUN-1001 :        infer_ram        |     on     |        on        |        
RUN-1001 :        infer_reg        |     on     |        on        |        
RUN-1001 :   infer_reg_init_value  |     on     |        on        |        
RUN-1001 :        infer_rom        |     on     |        on        |        
RUN-1001 :      infer_shifter      |     on     |        on        |        
RUN-1001 : --------------------------------------------------------------
RUN-1001 : Print Rtl Property
RUN-1001 : --------------------------------------------------------------
RUN-1001 :        Parameters       |  Settings  |  Default Values  |  Note  
RUN-1001 : --------------------------------------------------------------
RUN-1001 :       compress_add      |   ripple   |      ripple      |        
RUN-1001 :        elf_sload        |    off     |       off        |        
RUN-1001 :       fix_undriven      |     0      |        0         |        
RUN-1001 :         flatten         |    off     |       off        |        
RUN-1001 :       gate_sharing      |     on     |        on        |        
RUN-1001 :    hdl_warning_level    |   normal   |      normal      |        
RUN-1001 :   impl_internal_tribuf  |     on     |        on        |        
RUN-1001 :      impl_set_reset     |     on     |        on        |        
RUN-1001 :        infer_gsr        |    off     |       off        |        
RUN-1001 :      keep_hierarchy     |    auto    |       auto       |        
RUN-1001 :        max_fanout       |    9999    |       9999       |        
RUN-1001 :      max_oh2bin_len     |     10     |        10        |        
RUN-1001 :       merge_equal       |     on     |        on        |        
RUN-1001 :       merge_equiv       |     on     |        on        |        
RUN-1001 :        merge_mux        |    off     |       off        |        
RUN-1001 :     min_control_set     |     8      |        8         |        
RUN-1001 :      min_ripple_len     |    auto    |       auto       |        
RUN-1001 :       oh2bin_ratio      |    0.08    |       0.08       |        
RUN-1001 :     opt_adder_fanout    |     on     |        on        |        
RUN-1001 :        opt_arith        |     on     |        on        |        
RUN-1001 :       opt_big_gate      |    off     |       off        |        
RUN-1001 :        opt_const        |     on     |        on        |        
RUN-1001 :      opt_const_mult     |     on     |        on        |        
RUN-1001 :       opt_lessthan      |     on     |        on        |        
RUN-1001 :         opt_mux         |    off     |       off        |        
RUN-1001 :         opt_ram         |    high    |       high       |        
RUN-1001 :      rtl_sim_model      |    off     |       off        |        
RUN-1001 :         seq_syn         |     on     |        on        |        
RUN-1001 : --------------------------------------------------------------
HDL-1007 : analyze verilog file ../../../src/Digitron_TimeDisplay_module.v
HDL-1007 : analyze verilog file ../../../src/key_filter.v
HDL-1007 : analyze verilog file ../../../src/keyboard_instance.v
HDL-1007 : undeclared symbol 'secrect', assumed default net type 'wire' in ../../../src/keyboard_instance.v(42)
HDL-1007 : analyze verilog file ../../../src/keyboard_scan.v
HDL-1007 : analyze verilog file ../../../src/onehot2binary.v
RUN-1001 : Project manager successfully analyzed 5 source files.
RUN-1002 : start command "import_device eagle_s20.db -package EG4S20BG256"
ARC-1001 : Device Initialization.
ARC-1001 : ------------------------------------------------------------------
ARC-1001 :            OPTION            |          IO          |   SETTING   
ARC-1001 : ------------------------------------------------------------------
ARC-1001 :   cso_b/cclk/mosi/miso/dout  |  T3/R11/T10/P10/S11  |    gpio    
ARC-1001 :             done             |         P13          |    gpio    
ARC-1001 :           program_b          |          T2          |  dedicate  
ARC-1001 :        tdi/tms/tck/tdo       |   C12/A15/C14/E14    |  dedicate  
ARC-1001 : ------------------------------------------------------------------
ARC-1004 : Device setting, marked 5 dedicate IOs in total.
RUN-1002 : start command "import_db ../syn_1/keyboard_gate.db"
RUN-1001 : Importing database generated by Tang Dynasty, V5.6.59063.
RUN-1001 : Database version number 46140.
RUN-1001 : Import flow parameters
RUN-1001 : Import timing constraints
RUN-1001 : Import IO constraints
RUN-1001 : Import Inst constraints
RUN-1001 : Import design success TD_VERSION=5.6.59063 , DB_VERSION=46140
RUN-1002 : start command "read_sdc"
USR-1002 : read_sdc file_name -help -h -eco
USR-1009 : NO module with IP_SDC ...
RUN-1104 : Import SDC file  finished, there are 0 nets kept by constraints.
RUN-1002 : start command "place"
RUN-1001 : Open license file E:/Anlogic/TD5.6.59063/license/Anlogic.lic
RUN-1001 : Print Global Property
RUN-1001 : ---------------------------------------------------------------
RUN-1001 :        Parameters        |  Settings  |  Default Values  |  Note  
RUN-1001 : ---------------------------------------------------------------
RUN-1001 :          message         |  standard  |     standard     |        
RUN-1001 :   mixed_pack_place_flow  |     on     |        on        |        
RUN-1001 :        qor_monitor       |    off     |       off        |        
RUN-1001 :        syn_ip_flow       |    off     |       off        |        
RUN-1001 :          thread          |    auto    |       auto       |        
RUN-1001 : ---------------------------------------------------------------
RUN-1001 : Print Place Property
RUN-1001 : --------------------------------------------------------------
RUN-1001 :        Parameters       |  Settings  |  Default Values  |  Note  
RUN-1001 : --------------------------------------------------------------
RUN-1001 :      detailed_place     |     on     |        on        |        
RUN-1001 :          effort         |   medium   |      medium      |        
RUN-1001 :         fix_hold        |    off     |       off        |        
RUN-1001 :       legalization      |    ori     |       ori        |        
RUN-1001 :      new_spreading      |     on     |        on        |        
RUN-1001 :        opt_timing       |   medium   |      medium      |        
RUN-1001 :   post_clock_route_opt  |    off     |       off        |        
RUN-1001 :       pr_strategy       |     1      |        1         |        
RUN-1001 :        relaxation       |    1.00    |       1.00       |        
RUN-1001 :         retiming        |    off     |       off        |        
RUN-1001 : --------------------------------------------------------------
PHY-3001 : Placer runs in 16 thread(s).
RUN-1002 : start command "legalize_phy_inst"
SYN-1011 : Flatten model keyboard_instance
RUN-1002 : start command "phys_opt -simplify_lut"
SYN-4024 : Net "clk_50M_dup_1" drives clk pins.
SYN-4024 : Net "U1/scan_clk" drives clk pins.
SYN-4025 : Tag rtl::Net U1/scan_clk as clock net
SYN-4025 : Tag rtl::Net clk_50M_dup_1 as clock net
SYN-4026 : Tagged 2 rtl::Net as clock net
SYN-4015 : Create BUFG instance for clk Net U1/scan_clk to drive 20 clock pins.
PHY-1001 : Populate physical database on model keyboard_instance.
RUN-1001 : There are total 853 instances
RUN-0007 : 419 luts, 252 seqs, 110 mslices, 44 lslices, 24 pads, 0 brams, 0 dsps
RUN-1001 : There are total 1004 nets
RUN-1001 : 623 nets have 2 pins
RUN-1001 : 245 nets have [3 - 5] pins
RUN-1001 : 105 nets have [6 - 10] pins
RUN-1001 : 19 nets have [11 - 20] pins
RUN-1001 : 9 nets have [21 - 99] pins
RUN-1001 : 3 nets have 100+ pins
RUN-1001 : Report Control nets information:
RUN-1001 : DFF Distribution
RUN-1001 : ----------------------------------
RUN-1001 :   CE   |  SSR  |  ASR  |  DFF Count  
RUN-1001 : ----------------------------------
RUN-1001 :   No   |  No   |  No   |     93      
RUN-1001 :   No   |  No   |  Yes  |     20      
RUN-1001 :   No   |  Yes  |  No   |     49      
RUN-1001 :   Yes  |  No   |  No   |     58      
RUN-1001 :   Yes  |  No   |  Yes  |     32      
RUN-1001 :   Yes  |  Yes  |  No   |      0      
RUN-1001 : ----------------------------------
RUN-0007 : Control Group Statistic
RUN-0007 : ---------------------------
RUN-0007 :   #CLK  |  #CE  |  #SSR/ASR  
RUN-0007 : ---------------------------
RUN-0007 :    2    |   6   |     3      
RUN-0007 : ---------------------------
RUN-0007 : Control Set = 9
PHY-3001 : Initial placement ...
PHY-3001 : design contains 851 instances, 419 luts, 252 seqs, 154 slices, 16 macros(154 instances: 110 mslices 44 lslices)
PHY-0007 : Cell area utilization is 3%
PHY-3001 : Start timing update ...
RUN-1002 : start command "start_timer -report"
TMR-2505 : Start building timing graph for model keyboard_instance.
TMR-2506 : Build timing graph completely. Port num: 8, tpin num: 3773, tnet num: 1002, tinst num: 851, tnode num: 4468, tedge num: 6070.
TMR-2508 : Levelizing timing graph completed, there are 49 levels in total.
TMR-2501 : Timing graph initialized successfully.
TMR-2503 : Start to update net delay, extr mode = 2.
TMR-2504 : Update delay of 1002 nets completely.
TMR-2502 : Annotate delay completely, extr mode = 2.
TMR-3001 : Initiate 0 clocks from SDC.
TMR-3004 : Map sdc constraints, there are 0 constraints in total.
TMR-3003 : Constraints initiated successfully.
TMR-3501 : Forward propagation: start to calculate arrival time...
TMR-3502 : Backward propagation: start to calculate required time...
TMR-3503 : Timing propagation completes.
PHY-3001 : End timing update;  0.198231s wall, 0.031250s user + 0.000000s system = 0.031250s CPU (15.8%)

PHY-3001 : Global placement ...
PHY-3001 : Initial: Len = 230981
PHY-3001 : Clustering ...
PHY-3001 : Level 0 #clusters 851.
PHY-3001 : End clustering;  0.000016s wall, 0.000000s user + 0.000000s system = 0.000000s CPU (n/a%)

PHY-3001 : Run with size of 4
PHY-3001 : Cell area utilization is 3%
PHY-3001 : :::0::: Try harder cell spreading with beta_ = 0
PHY-3002 : Step(1): len = 157264, overlap = 0
PHY-3002 : Step(2): len = 99369.7, overlap = 0
PHY-3002 : Step(3): len = 74749.1, overlap = 0
PHY-3002 : Step(4): len = 54481.7, overlap = 0
PHY-3002 : Step(5): len = 43374.7, overlap = 0
PHY-3002 : Step(6): len = 37267.9, overlap = 1.875
PHY-3002 : Step(7): len = 33244.4, overlap = 2.3125
PHY-3002 : Step(8): len = 27917.5, overlap = 8.8125
PHY-3002 : Step(9): len = 26794.3, overlap = 11.6562
PHY-3002 : Step(10): len = 25805.6, overlap = 15.9688
PHY-3002 : Step(11): len = 21430.2, overlap = 16.0312
PHY-3002 : Step(12): len = 21184, overlap = 14.4375
PHY-3002 : Step(13): len = 21232.8, overlap = 13.8438
PHY-3002 : Step(14): len = 19337.7, overlap = 13.75
PHY-3002 : Step(15): len = 19846.3, overlap = 13.5312
PHY-3002 : Step(16): len = 20218.5, overlap = 13.3125
PHY-3001 : Legalization ...
PHY-3001 : End legalization;  0.003433s wall, 0.000000s user + 0.000000s system = 0.000000s CPU (n/a%)

PHY-3001 : Run with size of 4
PHY-3001 : Cell area utilization is 4%
PHY-3001 : Update timing in Manhattan mode ...
TMR-2503 : Start to update net delay, extr mode = 3.
TMR-2504 : Update delay of 1002 nets completely.
TMR-2502 : Annotate delay completely, extr mode = 3.
TMR-3501 : Forward propagation: start to calculate arrival time...
TMR-3502 : Backward propagation: start to calculate required time...
TMR-3503 : Timing propagation completes.
PHY-3001 : End timing update;  0.010973s wall, 0.000000s user + 0.000000s system = 0.000000s CPU (n/a%)

PHY-3001 : :::0::: Try harder cell spreading with beta_ = 6.40698e-05
PHY-3002 : Step(17): len = 17713.6, overlap = 33.4375
PHY-3002 : Step(18): len = 18340.7, overlap = 33.4375
PHY-3002 : Step(19): len = 18657.7, overlap = 33.4062
PHY-3001 : :::1::: Try harder cell spreading with beta_ = 0.00012814
PHY-3002 : Step(20): len = 18219.4, overlap = 32.6875
PHY-3002 : Step(21): len = 18459.1, overlap = 32.8125
PHY-3002 : Step(22): len = 18616, overlap = 17.125
PHY-3002 : Step(23): len = 18047.7, overlap = 16.9062
PHY-3002 : Step(24): len = 17634, overlap = 15.1562
PHY-3002 : Step(25): len = 17636.9, overlap = 13.625
PHY-3002 : Step(26): len = 17298.7, overlap = 13.5938
PHY-3002 : Step(27): len = 17505.6, overlap = 13.5312
PHY-3002 : Step(28): len = 18048, overlap = 13.9375
PHY-3001 : :::2::: Try harder cell spreading with beta_ = 0.000256279
PHY-3002 : Step(29): len = 17209.4, overlap = 13.5938
PHY-3002 : Step(30): len = 17274.9, overlap = 13.6875
PHY-3002 : Step(31): len = 17864.7, overlap = 13.5938
PHY-3001 : :::3::: Try harder cell spreading with beta_ = 0.000512558
PHY-3002 : Step(32): len = 17377, overlap = 13.0312
PHY-3002 : Step(33): len = 17562.4, overlap = 12.5625
PHY-3002 : Step(34): len = 17687.5, overlap = 12.2188
PHY-3001 : Run with size of 2
PHY-3001 : Cell area utilization is 4%
PHY-3001 : Update timing in Manhattan mode ...
TMR-2503 : Start to update net delay, extr mode = 3.
TMR-2504 : Update delay of 1002 nets completely.
TMR-2502 : Annotate delay completely, extr mode = 3.
TMR-3501 : Forward propagation: start to calculate arrival time...
TMR-3502 : Backward propagation: start to calculate required time...
TMR-3503 : Timing propagation completes.
PHY-3001 : End timing update;  0.009940s wall, 0.000000s user + 0.000000s system = 0.000000s CPU (n/a%)

PHY-3001 : :::0::: Try harder cell spreading with beta_ = 2.42645e-05
PHY-3002 : Step(35): len = 19172.1, overlap = 27.1562
PHY-3002 : Step(36): len = 19335, overlap = 27.2188
PHY-3002 : Step(37): len = 19397.4, overlap = 26.9062
PHY-3002 : Step(38): len = 19058.1, overlap = 25.375
PHY-3002 : Step(39): len = 18607.5, overlap = 26.9375
PHY-3001 : :::1::: Try harder cell spreading with beta_ = 4.85291e-05
PHY-3002 : Step(40): len = 19552.3, overlap = 27.9375
PHY-3002 : Step(41): len = 19863.8, overlap = 22.5938
PHY-3002 : Step(42): len = 19688.9, overlap = 24.3438
PHY-3002 : Step(43): len = 19692.9, overlap = 24.1562
PHY-3002 : Step(44): len = 19452.7, overlap = 24.625
PHY-3002 : Step(45): len = 19599.5, overlap = 27.375
PHY-3002 : Step(46): len = 20345.8, overlap = 28.9375
PHY-3002 : Step(47): len = 20576.7, overlap = 28.75
PHY-3002 : Step(48): len = 20147.6, overlap = 22.5938
PHY-3002 : Step(49): len = 20130.1, overlap = 22.4375
PHY-3002 : Step(50): len = 19343.3, overlap = 23.0938
PHY-3002 : Step(51): len = 19607, overlap = 25.3438
PHY-3002 : Step(52): len = 19809.1, overlap = 26.4062
PHY-3002 : Step(53): len = 19025.3, overlap = 24.6875
PHY-3002 : Step(54): len = 19236, overlap = 27.2812
PHY-3002 : Step(55): len = 19459.5, overlap = 26.1875
PHY-3002 : Step(56): len = 18644.1, overlap = 22.9375
PHY-3002 : Step(57): len = 18526.9, overlap = 22.6562
PHY-3002 : Step(58): len = 18600.8, overlap = 23.375
PHY-3002 : Step(59): len = 18188.8, overlap = 23.5625
PHY-3002 : Step(60): len = 18353.2, overlap = 25.0312
PHY-3002 : Step(61): len = 18495.1, overlap = 24.7188
PHY-3001 : :::2::: Try harder cell spreading with beta_ = 9.70582e-05
PHY-3002 : Step(62): len = 18022.5, overlap = 25.4062
PHY-3002 : Step(63): len = 18243, overlap = 25.5938
PHY-3002 : Step(64): len = 18360.7, overlap = 25.125
PHY-3001 : :::3::: Try harder cell spreading with beta_ = 0.000194116
PHY-3002 : Step(65): len = 18554, overlap = 24.5625
PHY-3002 : Step(66): len = 18554, overlap = 24.5625
PHY-3002 : Step(67): len = 18331.7, overlap = 21.625
OPT-1001 : Start physical optimization ...
RUN-1002 : start command "start_timer -report"
TMR-2505 : Start building timing graph for model keyboard_instance.
TMR-2506 : Build timing graph completely. Port num: 8, tpin num: 3773, tnet num: 1002, tinst num: 851, tnode num: 4468, tedge num: 6070.
TMR-2508 : Levelizing timing graph completed, there are 49 levels in total.
TMR-2501 : Timing graph initialized successfully.
OPT-1001 : Total overflow 50.91 peak overflow 3.56
OPT-1001 : Start high-fanout net optimization ...
OPT-1001 : Update timing in global mode
PHY-1001 : Start incremental global routing, caller is place ...
RUN-1001 : Generating global routing grids ...
RUN-1001 : Building simple global routing graph ...
PHY-1001 : Generate routing nets ...
PHY-1001 : Reuse net number 0/1004.
PHY-1001 : Global iterations in 16 thread ...
PHY-1002 : len = 20896, over cnt = 98(0%), over = 347, worst = 17
PHY-1001 : End global iterations;  0.048673s wall, 0.000000s user + 0.000000s system = 0.000000s CPU (n/a%)

PHY-1001 : Congestion index: top1 = 25.04, top5 = 12.99, top10 = 7.63, top15 = 5.11.
PHY-1001 : End incremental global routing;  0.101034s wall, 0.031250s user + 0.000000s system = 0.031250s CPU (30.9%)

TMR-2503 : Start to update net delay, extr mode = 5.
TMR-2504 : Update delay of 1002 nets completely.
TMR-2502 : Annotate delay completely, extr mode = 5.
TMR-3001 : Initiate 0 clocks from SDC.
TMR-3004 : Map sdc constraints, there are 0 constraints in total.
TMR-3003 : Constraints initiated successfully.
TMR-3501 : Forward propagation: start to calculate arrival time...
TMR-3502 : Backward propagation: start to calculate required time...
TMR-3503 : Timing propagation completes.
OPT-1001 : End timing update;  0.013987s wall, 0.000000s user + 0.000000s system = 0.000000s CPU (n/a%)

OPT-1001 : 0 high-fanout net processed.
OPT-1001 : End high-fanout net optimization;  0.124947s wall, 0.031250s user + 0.000000s system = 0.031250s CPU (25.0%)

OPT-1001 : Current memory(MB): used = 151, reserve = 123, peak = 151.
OPT-1001 : Start global optimization ...
OPT-1001 : Start congestion update ...
RUN-1001 : Generating global routing grids ...
PHY-1001 : Generate routing nets ...
PHY-1001 : Reuse net number 646/1004.
PHY-1001 : Global iterations in 16 thread ...
PHY-1002 : len = 20896, over cnt = 98(0%), over = 347, worst = 17
PHY-1002 : len = 23368, over cnt = 56(0%), over = 106, worst = 9
PHY-1002 : len = 23888, over cnt = 32(0%), over = 69, worst = 4
PHY-1002 : len = 24280, over cnt = 13(0%), over = 39, worst = 4
PHY-1002 : len = 24888, over cnt = 0(0%), over = 0, worst = 0
PHY-1001 : End global iterations;  0.063635s wall, 0.000000s user + 0.000000s system = 0.000000s CPU (n/a%)

PHY-1001 : Congestion index: top1 = 23.51, top5 = 13.64, top10 = 8.50, top15 = 5.79.
OPT-1001 : End congestion update;  0.109054s wall, 0.015625s user + 0.000000s system = 0.015625s CPU (14.3%)

OPT-1001 : Update timing in Manhattan mode
TMR-2503 : Start to update net delay, extr mode = 3.
TMR-2504 : Update delay of 1002 nets completely.
TMR-2502 : Annotate delay completely, extr mode = 3.
TMR-3501 : Forward propagation: start to calculate arrival time...
TMR-3502 : Backward propagation: start to calculate required time...
TMR-3503 : Timing propagation completes.
OPT-1001 : End timing update;  0.011416s wall, 0.015625s user + 0.000000s system = 0.015625s CPU (136.9%)

OPT-0007 : Start: WNS 2147483647 TNS 0 NUM_FEPS 0
OPT-1001 : End global optimization;  0.120563s wall, 0.031250s user + 0.000000s system = 0.031250s CPU (25.9%)

OPT-1001 : Current memory(MB): used = 152, reserve = 124, peak = 152.
OPT-1001 : End physical optimization;  0.444696s wall, 0.078125s user + 0.015625s system = 0.093750s CPU (21.1%)

PHY-3001 : Start packing ...
SYN-4007 : Packing 0 MUX to BLE ...
SYN-4008 : Packed 0 MUX and 0 SEQ to BLE.
SYN-4007 : Packing 419 LUT to BLE ...
SYN-4008 : Packed 419 LUT and 139 SEQ to BLE.
SYN-4003 : Packing 113 remaining SEQ's ...
SYN-4005 : Packed 70 SEQ with LUT/SLICE
SYN-4006 : 222 single LUT's are left
SYN-4006 : 43 single SEQ's are left
SYN-4011 : Packing model "keyboard_instance" (AL_USER_NORMAL) with 462/644 primitive instances ...
PHY-3001 : End packing;  0.027936s wall, 0.000000s user + 0.000000s system = 0.000000s CPU (n/a%)

PHY-1001 : Populate physical database on model keyboard_instance.
RUN-1001 : There are total 426 instances
RUN-1001 : 199 mslices, 199 lslices, 24 pads, 0 brams, 0 dsps
RUN-1001 : There are total 877 nets
RUN-1001 : 492 nets have 2 pins
RUN-1001 : 252 nets have [3 - 5] pins
RUN-1001 : 104 nets have [6 - 10] pins
RUN-1001 : 19 nets have [11 - 20] pins
RUN-1001 : 7 nets have [21 - 99] pins
RUN-1001 : 3 nets have 100+ pins
PHY-3001 : design contains 424 instances, 398 slices, 16 macros(154 instances: 110 mslices 44 lslices)
PHY-3001 : Cell area utilization is 5%
PHY-3001 : After packing: Len = 18924.2, Over = 29.75
PHY-3001 : Run with size of 2
PHY-3001 : Cell area utilization is 5%
PHY-3001 : Update timing in Manhattan mode ...
RUN-1002 : start command "start_timer -report"
TMR-2505 : Start building timing graph for model keyboard_instance.
TMR-2506 : Build timing graph completely. Port num: 8, tpin num: 3342, tnet num: 875, tinst num: 424, tnode num: 3860, tedge num: 5599.
TMR-2508 : Levelizing timing graph completed, there are 47 levels in total.
TMR-2501 : Timing graph initialized successfully.
TMR-2503 : Start to update net delay, extr mode = 3.
TMR-2504 : Update delay of 875 nets completely.
TMR-2502 : Annotate delay completely, extr mode = 3.
TMR-3001 : Initiate 0 clocks from SDC.
TMR-3004 : Map sdc constraints, there are 0 constraints in total.
TMR-3003 : Constraints initiated successfully.
TMR-3501 : Forward propagation: start to calculate arrival time...
TMR-3502 : Backward propagation: start to calculate required time...
TMR-3503 : Timing propagation completes.
PHY-3001 : End timing update;  0.170610s wall, 0.093750s user + 0.000000s system = 0.093750s CPU (55.0%)

PHY-3001 : :::0::: Try harder cell spreading with beta_ = 1.60743e-05
PHY-3002 : Step(68): len = 18293.2, overlap = 30.5
PHY-3002 : Step(69): len = 18405.2, overlap = 30.75
PHY-3002 : Step(70): len = 18011.2, overlap = 34
PHY-3002 : Step(71): len = 17176.3, overlap = 38
PHY-3002 : Step(72): len = 16832.1, overlap = 39.75
PHY-3002 : Step(73): len = 16865.4, overlap = 39
PHY-3002 : Step(74): len = 16909.7, overlap = 39.5
PHY-3001 : :::1::: Try harder cell spreading with beta_ = 3.21486e-05
PHY-3002 : Step(75): len = 17677.9, overlap = 33.75
PHY-3002 : Step(76): len = 17748.7, overlap = 33.25
PHY-3002 : Step(77): len = 17972.9, overlap = 32.5
PHY-3001 : :::2::: Try harder cell spreading with beta_ = 6.42972e-05
PHY-3002 : Step(78): len = 19001.8, overlap = 27
PHY-3002 : Step(79): len = 19144.2, overlap = 26
PHY-3002 : Step(80): len = 19286, overlap = 24.75
PHY-3001 : Legalization ...
PHY-3001 : End legalization;  0.081612s wall, 0.000000s user + 0.000000s system = 0.000000s CPU (n/a%)

PHY-3001 : Trial Legalized: Len = 27841.8
PHY-3001 : Run with size of 2
PHY-3001 : Cell area utilization is 5%
PHY-3001 : Update timing in Manhattan mode ...
TMR-2503 : Start to update net delay, extr mode = 3.
TMR-2504 : Update delay of 875 nets completely.
TMR-2502 : Annotate delay completely, extr mode = 3.
TMR-3501 : Forward propagation: start to calculate arrival time...
TMR-3502 : Backward propagation: start to calculate required time...
TMR-3503 : Timing propagation completes.
PHY-3001 : End timing update;  0.010889s wall, 0.000000s user + 0.000000s system = 0.000000s CPU (n/a%)

PHY-3001 : :::0::: Try harder cell spreading with beta_ = 0.000313033
PHY-3002 : Step(81): len = 23447.1, overlap = 6.5
PHY-3002 : Step(82): len = 22463.1, overlap = 12
PHY-3002 : Step(83): len = 21041.6, overlap = 15.5
PHY-3002 : Step(84): len = 20312.9, overlap = 15.5
PHY-3002 : Step(85): len = 20138.8, overlap = 14
PHY-3002 : Step(86): len = 20233.1, overlap = 13
PHY-3001 : :::1::: Try harder cell spreading with beta_ = 0.000626066
PHY-3002 : Step(87): len = 20349.8, overlap = 12.75
PHY-3002 : Step(88): len = 20388, overlap = 12.5
PHY-3002 : Step(89): len = 20375.8, overlap = 13.5
PHY-3001 : :::2::: Try harder cell spreading with beta_ = 0.00125213
PHY-3002 : Step(90): len = 20430.2, overlap = 13.25
PHY-3002 : Step(91): len = 20430.2, overlap = 13.25
PHY-3001 : Legalization ...
PHY-3001 : End legalization;  0.005178s wall, 0.000000s user + 0.000000s system = 0.000000s CPU (n/a%)

PHY-3001 : Legalized: Len = 24037.6, Over = 0
PHY-3001 : End spreading;  0.002946s wall, 0.000000s user + 0.000000s system = 0.000000s CPU (n/a%)

PHY-3001 : Final: Len = 24037.6, Over = 0
OPT-1001 : Start physical optimization ...
RUN-1002 : start command "start_timer -report"
TMR-2505 : Start building timing graph for model keyboard_instance.
TMR-2506 : Build timing graph completely. Port num: 8, tpin num: 3342, tnet num: 875, tinst num: 424, tnode num: 3860, tedge num: 5599.
TMR-2508 : Levelizing timing graph completed, there are 47 levels in total.
TMR-2501 : Timing graph initialized successfully.
OPT-1001 : Total overflow 0.00 peak overflow 0.00
OPT-1001 : Start high-fanout net optimization ...
OPT-1001 : Update timing in global mode
PHY-1001 : Start incremental global routing, caller is place ...
RUN-1001 : Generating global routing grids ...
PHY-1001 : Generate routing nets ...
PHY-1001 : Reuse net number 26/877.
PHY-1001 : Global iterations in 16 thread ...
PHY-1002 : len = 28120, over cnt = 89(0%), over = 138, worst = 5
PHY-1002 : len = 28688, over cnt = 52(0%), over = 71, worst = 4
PHY-1002 : len = 29352, over cnt = 13(0%), over = 15, worst = 2
PHY-1002 : len = 29512, over cnt = 4(0%), over = 5, worst = 2
PHY-1002 : len = 29568, over cnt = 0(0%), over = 0, worst = 0
PHY-1001 : End global iterations;  0.085481s wall, 0.015625s user + 0.000000s system = 0.015625s CPU (18.3%)

PHY-1001 : Congestion index: top1 = 23.41, top5 = 15.54, top10 = 10.15, top15 = 7.01.
PHY-1001 : End incremental global routing;  0.140040s wall, 0.031250s user + 0.000000s system = 0.031250s CPU (22.3%)

TMR-2503 : Start to update net delay, extr mode = 5.
TMR-2504 : Update delay of 875 nets completely.
TMR-2502 : Annotate delay completely, extr mode = 5.
TMR-3001 : Initiate 0 clocks from SDC.
TMR-3004 : Map sdc constraints, there are 0 constraints in total.
TMR-3003 : Constraints initiated successfully.
TMR-3501 : Forward propagation: start to calculate arrival time...
TMR-3502 : Backward propagation: start to calculate required time...
TMR-3503 : Timing propagation completes.
OPT-1001 : End timing update;  0.013964s wall, 0.015625s user + 0.000000s system = 0.015625s CPU (111.9%)

OPT-1001 : 0 high-fanout net processed.
OPT-1001 : End high-fanout net optimization;  0.168787s wall, 0.046875s user + 0.000000s system = 0.046875s CPU (27.8%)

OPT-1001 : Current memory(MB): used = 156, reserve = 128, peak = 156.
OPT-1001 : Start path based optimization ...
OPT-1001 : Start congestion update ...
RUN-1001 : Generating global routing grids ...
PHY-1001 : Generate routing nets ...
PHY-1001 : Reuse net number 715/877.
PHY-1001 : Global iterations in 16 thread ...
PHY-1002 : len = 29568, over cnt = 0(0%), over = 0, worst = 0
PHY-1001 : End global iterations;  0.003509s wall, 0.000000s user + 0.000000s system = 0.000000s CPU (n/a%)

PHY-1001 : Congestion index: top1 = 23.41, top5 = 15.54, top10 = 10.15, top15 = 7.01.
OPT-1001 : End congestion update;  0.051943s wall, 0.015625s user + 0.000000s system = 0.015625s CPU (30.1%)

OPT-1001 : Update timing in Manhattan mode
TMR-2503 : Start to update net delay, extr mode = 3.
TMR-2504 : Update delay of 875 nets completely.
TMR-2502 : Annotate delay completely, extr mode = 3.
TMR-3501 : Forward propagation: start to calculate arrival time...
TMR-3502 : Backward propagation: start to calculate required time...
TMR-3503 : Timing propagation completes.
OPT-1001 : End timing update;  0.009692s wall, 0.000000s user + 0.000000s system = 0.000000s CPU (n/a%)

OPT-0007 : Start: WNS 2147483647 TNS 0 NUM_FEPS 0
OPT-1001 : End path based optimization;  0.061721s wall, 0.015625s user + 0.000000s system = 0.015625s CPU (25.3%)

OPT-1001 : Current memory(MB): used = 156, reserve = 128, peak = 156.
OPT-1001 : Update timing in Manhattan mode
TMR-2503 : Start to update net delay, extr mode = 3.
TMR-2504 : Update delay of 875 nets completely.
TMR-2502 : Annotate delay completely, extr mode = 3.
TMR-3501 : Forward propagation: start to calculate arrival time...
TMR-3502 : Backward propagation: start to calculate required time...
TMR-3503 : Timing propagation completes.
OPT-1001 : End timing update;  0.008592s wall, 0.000000s user + 0.000000s system = 0.000000s CPU (n/a%)

OPT-1001 : Start pin optimization...
OPT-1001 : skip pin optimization...
OPT-1001 : Update timing in global mode
PHY-1001 : Start incremental global routing, caller is place ...
RUN-1001 : Generating global routing grids ...
PHY-1001 : Generate routing nets ...
PHY-1001 : Reuse net number 715/877.
PHY-1001 : Global iterations in 16 thread ...
PHY-1002 : len = 29568, over cnt = 0(0%), over = 0, worst = 0
PHY-1001 : End global iterations;  0.002634s wall, 0.000000s user + 0.000000s system = 0.000000s CPU (n/a%)

PHY-1001 : Congestion index: top1 = 23.41, top5 = 15.54, top10 = 10.15, top15 = 7.01.
PHY-1001 : End incremental global routing;  0.045129s wall, 0.000000s user + 0.000000s system = 0.000000s CPU (n/a%)

TMR-2503 : Start to update net delay, extr mode = 5.
TMR-2504 : Update delay of 875 nets completely.
TMR-2502 : Annotate delay completely, extr mode = 5.
TMR-3501 : Forward propagation: start to calculate arrival time...
TMR-3502 : Backward propagation: start to calculate required time...
TMR-3503 : Timing propagation completes.
OPT-1001 : End timing update;  0.016269s wall, 0.015625s user + 0.000000s system = 0.015625s CPU (96.0%)

RUN-1001 : Generating global routing grids ...
PHY-1001 : Generate routing nets ...
PHY-1001 : Reuse net number 715/877.
PHY-1001 : Global iterations in 16 thread ...
PHY-1002 : len = 29568, over cnt = 0(0%), over = 0, worst = 0
PHY-1001 : End global iterations;  0.002557s wall, 0.000000s user + 0.000000s system = 0.000000s CPU (n/a%)

PHY-1001 : Congestion index: top1 = 23.41, top5 = 15.54, top10 = 10.15, top15 = 7.01.
OPT-1001 : Update timing in Manhattan mode
TMR-2503 : Start to update net delay, extr mode = 3.
TMR-2504 : Update delay of 875 nets completely.
TMR-2502 : Annotate delay completely, extr mode = 3.
TMR-3501 : Forward propagation: start to calculate arrival time...
TMR-3502 : Backward propagation: start to calculate required time...
TMR-3503 : Timing propagation completes.
OPT-1001 : End timing update;  0.009921s wall, 0.000000s user + 0.000000s system = 0.000000s CPU (n/a%)

RUN-1001 : QoR Analysis:
OPT-0007 :   WNS 2147483647 TNS 0 NUM_FEPS 0
RUN-1001 :   No local congestion issue, and most congested 1% tile average routing util is 22.896552
RUN-1001 :   Top critical paths
OPT-1001 : End physical optimization;  0.553649s wall, 0.093750s user + 0.015625s system = 0.109375s CPU (19.8%)

RUN-1003 : finish command "place" in  3.805186s wall, 0.421875s user + 0.234375s system = 0.656250s CPU (17.2%)

RUN-1004 : used memory is 139 MB, reserved memory is 111 MB, peak memory is 157 MB
RUN-1002 : start command "export_db keyboard_place.db"
RUN-1001 : Exported /
RUN-1001 : Exported flow parameters
RUN-1001 : Exported libs
RUN-1001 : Exported entities
RUN-1001 : Exported ports
RUN-1001 : Exported pins
RUN-1001 : Exported instances
RUN-1001 : Exported nets
RUN-1001 : Exported buses
RUN-1001 : Exported models
RUN-1001 : Exported congestions
RUN-1001 : Exported violations
RUN-1001 : Exported timing constraints
RUN-1001 : Exported IO constraints
RUN-1001 : Exported Inst constraints
RUN-1002 : start command "route"
RUN-1001 : Open license file E:/Anlogic/TD5.6.59063/license/Anlogic.lic
RUN-1001 : Print Global Property
RUN-1001 : ---------------------------------------------------------------
RUN-1001 :        Parameters        |  Settings  |  Default Values  |  Note  
RUN-1001 : ---------------------------------------------------------------
RUN-1001 :          message         |  standard  |     standard     |        
RUN-1001 :   mixed_pack_place_flow  |     on     |        on        |        
RUN-1001 :        qor_monitor       |    off     |       off        |        
RUN-1001 :        syn_ip_flow       |    off     |       off        |        
RUN-1001 :          thread          |    auto    |       auto       |        
RUN-1001 : ---------------------------------------------------------------
RUN-1001 : Print Route Property
RUN-1001 : -------------------------------------------------------
RUN-1001 :    Parameters    |  Settings  |  Default Values  |  Note  
RUN-1001 : -------------------------------------------------------
RUN-1001 :      effort      |   medium   |      medium      |        
RUN-1001 :     fix_hold     |    off     |       off        |        
RUN-1001 :    opt_timing    |   medium   |      medium      |        
RUN-1001 :   phy_sim_model  |    off     |       off        |        
RUN-1001 :     priority     |   timing   |      timing      |        
RUN-1001 :     swap_pin     |     on     |        on        |        
RUN-1001 : -------------------------------------------------------
PHY-1001 : Route runs in 16 thread(s)
RUN-1001 : There are total 426 instances
RUN-1001 : 199 mslices, 199 lslices, 24 pads, 0 brams, 0 dsps
RUN-1001 : There are total 877 nets
RUN-1001 : 492 nets have 2 pins
RUN-1001 : 252 nets have [3 - 5] pins
RUN-1001 : 104 nets have [6 - 10] pins
RUN-1001 : 19 nets have [11 - 20] pins
RUN-1001 : 7 nets have [21 - 99] pins
RUN-1001 : 3 nets have 100+ pins
RUN-1002 : start command "start_timer -report"
TMR-2505 : Start building timing graph for model keyboard_instance.
TMR-2506 : Build timing graph completely. Port num: 8, tpin num: 3342, tnet num: 875, tinst num: 424, tnode num: 3860, tedge num: 5599.
TMR-2508 : Levelizing timing graph completed, there are 47 levels in total.
TMR-2501 : Timing graph initialized successfully.
PHY-1001 : 199 mslices, 199 lslices, 24 pads, 0 brams, 0 dsps
TMR-2503 : Start to update net delay, extr mode = 3.
TMR-2504 : Update delay of 875 nets completely.
TMR-2502 : Annotate delay completely, extr mode = 3.
TMR-3001 : Initiate 0 clocks from SDC.
TMR-3004 : Map sdc constraints, there are 0 constraints in total.
TMR-3003 : Constraints initiated successfully.
TMR-3501 : Forward propagation: start to calculate arrival time...
TMR-3502 : Backward propagation: start to calculate required time...
TMR-3503 : Timing propagation completes.
PHY-1001 : Start global routing, caller is route ...
RUN-1001 : Generating global routing grids ...
PHY-1001 : Generate routing nets ...
PHY-1001 : Global iterations in 16 thread ...
PHY-1002 : len = 28048, over cnt = 87(0%), over = 136, worst = 5
PHY-1002 : len = 28768, over cnt = 38(0%), over = 50, worst = 5
PHY-1002 : len = 29184, over cnt = 13(0%), over = 17, worst = 3
PHY-1002 : len = 29456, over cnt = 0(0%), over = 0, worst = 0
PHY-1001 : End global iterations;  0.098331s wall, 0.031250s user + 0.000000s system = 0.031250s CPU (31.8%)

PHY-1001 : Congestion index: top1 = 23.43, top5 = 15.51, top10 = 10.10, top15 = 6.95.
PHY-1001 : End global routing;  0.148446s wall, 0.046875s user + 0.000000s system = 0.046875s CPU (31.6%)

PHY-1001 : Start detail routing ...
PHY-1001 : Current memory(MB): used = 175, reserve = 149, peak = 191.
PHY-1001 : Detailed router is running in normal mode.
PHY-1001 : Generate detailed routing grids ...
PHY-1001 : Generate nets ...
PHY-1001 : net clk_50M_dup_1 will be routed on clock mesh
PHY-1001 : clock net U1/scan_clk_syn_4 will be merged with clock U1/scan_clk
PHY-1001 : Current memory(MB): used = 444, reserve = 422, peak = 444.
PHY-1001 : End build detailed router design. 4.123564s wall, 0.750000s user + 0.000000s system = 0.750000s CPU (18.2%)

PHY-1001 : Detail Route ...
PHY-1001 : ===== Detail Route Phase 1 =====
PHY-1001 : Clock net routing.....
PHY-1001 : Routed 0% nets.
PHY-1022 : len = 11672, over cnt = 0(0%), over = 0, worst = 0, crit = 0
PHY-1001 : End initial clock net routed; 0.455497s wall, 0.015625s user + 0.000000s system = 0.015625s CPU (3.4%)

PHY-1001 : Current memory(MB): used = 473, reserve = 452, peak = 473.
PHY-1001 : End phase 1; 0.463405s wall, 0.015625s user + 0.000000s system = 0.015625s CPU (3.4%)

PHY-1001 : ===== Detail Route Phase 2 =====
PHY-1001 : Initial routing.....
PHY-1001 : Routed 21% nets.
PHY-1001 : Routed 32% nets.
PHY-1001 : Routed 38% nets.
PHY-1001 : Routed 38% nets.
PHY-1001 : Routed 38% nets.
PHY-1001 : Patch 371 net; 0.388150s wall, 0.109375s user + 0.015625s system = 0.125000s CPU (32.2%)

PHY-1022 : len = 59792, over cnt = 29(0%), over = 29, worst = 1, crit = 0
PHY-1001 : Current memory(MB): used = 474, reserve = 453, peak = 474.
PHY-1001 : End initial routed; 0.530350s wall, 0.187500s user + 0.015625s system = 0.203125s CPU (38.3%)

PHY-1001 : Update timing.....
PHY-1001 : 0/713(0%) critical/total net(s).
RUN-1001 : ------------------------------------------
RUN-1001 :   Type   |    WNS(ns)    |  TNS(ns)  |  FEP  
RUN-1001 : ------------------------------------------
RUN-1001 :   Setup  |  2147483.647  |   0.000   |   0   
RUN-1001 :   Hold   |  2147483.647  |   0.000   |   0   
RUN-1001 : ------------------------------------------
PHY-1001 : End update timing; 0.206552s wall, 0.125000s user + 0.000000s system = 0.125000s CPU (60.5%)

PHY-1001 : Current memory(MB): used = 474, reserve = 453, peak = 474.
PHY-1001 : End phase 2; 0.737014s wall, 0.312500s user + 0.015625s system = 0.328125s CPU (44.5%)

PHY-1001 : ===== Detail Route Phase 3 =====
PHY-1001 : Optimize timing.....
PHY-1022 : len = 59792, over cnt = 29(0%), over = 29, worst = 1, crit = 0
PHY-1001 : End optimize timing; 0.005088s wall, 0.000000s user + 0.000000s system = 0.000000s CPU (n/a%)

PHY-1001 : Ripup-reroute.....
PHY-1001 : ===== DR Iter 1 =====
PHY-1022 : len = 59912, over cnt = 2(0%), over = 2, worst = 1, crit = 0
PHY-1001 : End DR Iter 1; 0.032128s wall, 0.000000s user + 0.000000s system = 0.000000s CPU (n/a%)

PHY-1001 : ===== DR Iter 2 =====
PHY-1022 : len = 59912, over cnt = 0(0%), over = 0, worst = 0, crit = 0
PHY-1001 : End DR Iter 2; 0.014895s wall, 0.000000s user + 0.015625s system = 0.015625s CPU (104.9%)

PHY-1001 : Update timing.....
PHY-1001 : 0/713(0%) critical/total net(s).
RUN-1001 : ------------------------------------------
RUN-1001 :   Type   |    WNS(ns)    |  TNS(ns)  |  FEP  
RUN-1001 : ------------------------------------------
RUN-1001 :   Setup  |  2147483.647  |   0.000   |   0   
RUN-1001 :   Hold   |  2147483.647  |   0.000   |   0   
RUN-1001 : ------------------------------------------
PHY-1001 : End update timing; 0.216238s wall, 0.031250s user + 0.000000s system = 0.031250s CPU (14.5%)

PHY-1001 : Commit to database.....
PHY-1001 : 13 feed throughs used by 9 nets
PHY-1001 : End commit to database; 0.141772s wall, 0.046875s user + 0.000000s system = 0.046875s CPU (33.1%)

PHY-1001 : Current memory(MB): used = 487, reserve = 465, peak = 487.
PHY-1001 : End phase 3; 0.541941s wall, 0.078125s user + 0.015625s system = 0.093750s CPU (17.3%)

PHY-1003 : Routed, final wirelength = 59912
PHY-1001 : Current memory(MB): used = 487, reserve = 465, peak = 487.
PHY-1001 : End export database. 0.006828s wall, 0.000000s user + 0.000000s system = 0.000000s CPU (n/a%)

PHY-1001 : End detail routing;  6.140501s wall, 1.203125s user + 0.031250s system = 1.234375s CPU (20.1%)

RUN-1003 : finish command "route" in  6.547550s wall, 1.250000s user + 0.031250s system = 1.281250s CPU (19.6%)

RUN-1004 : used memory is 438 MB, reserved memory is 417 MB, peak memory is 487 MB
RUN-1002 : start command "report_area -io_info -file keyboard_phy.area"
RUN-1001 : standard
***Report Model: keyboard_instance Device: EG4S20BG256***

IO Statistics
#IO                        24
  #input                    6
  #output                  18
  #inout                    0

Utilization Statistics
#lut                      730   out of  19600    3.72%
#reg                      252   out of  19600    1.29%
#le                       773
  #lut only               521   out of    773   67.40%
  #reg only                43   out of    773    5.56%
  #lut&reg                209   out of    773   27.04%
#dsp                        0   out of     29    0.00%
#bram                       0   out of     64    0.00%
  #bram9k                   0
  #fifo9k                   0
#bram32k                    0   out of     16    0.00%
#pad                       24   out of    188   12.77%
  #ireg                     0
  #oreg                     0
  #treg                     0
#pll                        0   out of      4    0.00%
#gclk                       2   out of     16   12.50%

Clock Resource Statistics
Index     ClockNet         Type               DriverType         Driver                      Fanout
#1        clk_50M_dup_1    GCLK               io                 clk_50M_syn_2.di            140
#2        U1/scan_clk      GCLK               lslice             U1/scan_clk_reg_syn_9.q1    10


Detailed IO Report

        Name           Direction    Location    IOStandard    DriveStrength    PullType    PackReg  
        RSTn             INPUT         A9        LVCMOS33          N/A          PULLUP      NONE    
       clk_50M           INPUT         R7        LVCMOS33          N/A          PULLUP      NONE    
       col[3]            INPUT        F10        LVCMOS33          N/A          PULLUP      NONE    
       col[2]            INPUT        C11        LVCMOS33          N/A          PULLUP      NONE    
       col[1]            INPUT        D11        LVCMOS33          N/A          PULLUP      NONE    
       col[0]            INPUT        E11        LVCMOS33          N/A          PULLUP      NONE    
  DigitronCS_Out[3]     OUTPUT         A3        LVCMOS33           8            NONE       NONE    
  DigitronCS_Out[2]     OUTPUT         A5        LVCMOS33           8            NONE       NONE    
  DigitronCS_Out[1]     OUTPUT         B6        LVCMOS33           8            NONE       NONE    
  DigitronCS_Out[0]     OUTPUT         C9        LVCMOS33           8            NONE       NONE    
   Digitron_Out[7]      OUTPUT         C8        LVCMOS33           8            NONE       NONE    
   Digitron_Out[6]      OUTPUT         A8        LVCMOS33           8            NONE       NONE    
   Digitron_Out[5]      OUTPUT         B5        LVCMOS33           8            NONE       NONE    
   Digitron_Out[4]      OUTPUT         A7        LVCMOS33           8            NONE       NONE    
   Digitron_Out[3]      OUTPUT         E8        LVCMOS33           8            NONE       NONE    
   Digitron_Out[2]      OUTPUT         B8        LVCMOS33           8            NONE       NONE    
   Digitron_Out[1]      OUTPUT         A6        LVCMOS33           8            NONE       NONE    
   Digitron_Out[0]      OUTPUT         A4        LVCMOS33           8            NONE       NONE    
       buzzer           OUTPUT        H11        LVCMOS33           8            NONE       NONE    
        light           OUTPUT        B14        LVCMOS33           8            NONE       NONE    
       row[3]           OUTPUT         D9        LVCMOS33           8            NONE       NONE    
       row[2]           OUTPUT         F9        LVCMOS33           8            NONE       NONE    
       row[1]           OUTPUT        C10        LVCMOS33           8            NONE       NONE    
       row[0]           OUTPUT        E10        LVCMOS33           8            NONE       NONE    

Report Hierarchy Area:
+-------------------------------------------------------------------------------------------+
|Instance |Module                      |le     |lut     |ripple  |seq     |bram    |dsp     |
+-------------------------------------------------------------------------------------------+
|top      |keyboard_instance           |773    |576     |154     |252     |0       |0       |
|  U1     |keyboard_scan               |73     |50      |9       |53      |0       |0       |
|  U2     |key_filter                  |60     |31      |6       |50      |0       |0       |
|  U3     |onehot2binary               |601    |467     |134     |135     |0       |0       |
|  U5     |Digitron_TimeDisplay_module |36     |25      |5       |14      |0       |0       |
+-------------------------------------------------------------------------------------------+


DataNet Average Fanout:

   Index     Fanout    Nets  
    #1         1       468   
    #2         2       139   
    #3         3        68   
    #4         4        45   
    #5        5-10     106   
    #6       11-50      22   
    #7       51-100     1    
  Average     2.70           

RUN-1002 : start command "export_db keyboard_pr.db"
RUN-1001 : Exported /
RUN-1001 : Exported flow parameters
RUN-1001 : Exported libs
RUN-1001 : Exported entities
RUN-1001 : Exported ports
RUN-1001 : Exported pins
RUN-1001 : Exported instances
RUN-1001 : Exported nets
RUN-1001 : Exported buses
RUN-1001 : Exported models
RUN-1001 : Exported congestions
RUN-1001 : Exported violations
RUN-1001 : Exported timing constraints
RUN-1001 : Exported IO constraints
RUN-1001 : Exported Inst constraints
RUN-1002 : start command "export_bid keyboard_inst.bid"
RUN-1002 : start command "bitgen -bit keyboard.bit -unused_io_status pulldown"
BIT-1003 : Start to generate bitstream. 
BIT-1002 : Bitgen processed 164 unused pads, reserve input tri_state with pulldown
BIT-1002 : Init instances with 16 threads.
BIT-1002 : Init instances completely, inst num: 588
BIT-1002 : Init pips with 16 threads.
BIT-1002 : Init pips completely, net num: 877, pip num: 6595
BIT-1002 : Init feedthrough with 16 threads.
BIT-1002 : Init feedthrough completely, num: 13
BIT-1003 : Multithreading accelaration with 16 threads.
BIT-1003 : Generate bitstream completely, there are 793 valid insts, and 21988 bits set as '1'.
BIT-1004 : PLL setting string = 0000
BIT-1004 : Generate bits file keyboard.bit.
RUN-1003 : finish command "bitgen -bit keyboard.bit -unused_io_status pulldown" in  1.604506s wall, 8.578125s user + 0.031250s system = 8.609375s CPU (536.6%)

RUN-1004 : used memory is 446 MB, reserved memory is 425 MB, peak memory is 632 MB
RUN-1002 : start command "backup_run_log run.log ../.logs/phy_1/td_20240829_000230.log"
