============================================================
   Tang Dynasty, V5.6.59063
   Copyright (c) 2012-2022 Anlogic
   Executable = E:/Anlogic/TD5.6.59063/bin/td.exe
   Built at =   12:45:13 Sep  6 2022
   Run by =     19234
   Run Date =   Thu Aug 29 00:07:46 2024

   Run on =     ERIKPSW
============================================================
RUN-1002 : start command "open_project keyboard.prj"
RUN-1001 : Print Global Property
RUN-1001 : ---------------------------------------------------------------
RUN-1001 :        Parameters        |  Settings  |  Default Values  |  Note  
RUN-1001 : ---------------------------------------------------------------
RUN-1001 :          message         |  standard  |     standard     |        
RUN-1001 :   mixed_pack_place_flow  |     on     |        on        |        
RUN-1001 :        qor_monitor       |    off     |       off        |        
RUN-1001 :        syn_ip_flow       |    off     |       off        |        
RUN-1001 :          thread          |    auto    |       auto       |        
RUN-1001 : ---------------------------------------------------------------
RUN-1001 : Print Design Property
RUN-1001 : --------------------------------------------------------------
RUN-1001 :        Parameters       |  Settings  |  Default Values  |  Note  
RUN-1001 : --------------------------------------------------------------
RUN-1001 :   default_reg_initial   |    auto    |       auto       |        
RUN-1001 :        infer_add        |     on     |        on        |        
RUN-1001 :        infer_fsm        |    off     |       off        |        
RUN-1001 :        infer_mult       |     on     |        on        |        
RUN-1001 :        infer_ram        |     on     |        on        |        
RUN-1001 :        infer_reg        |     on     |        on        |        
RUN-1001 :   infer_reg_init_value  |     on     |        on        |        
RUN-1001 :        infer_rom        |     on     |        on        |        
RUN-1001 :      infer_shifter      |     on     |        on        |        
RUN-1001 : --------------------------------------------------------------
RUN-1001 : Print Rtl Property
RUN-1001 : --------------------------------------------------------------
RUN-1001 :        Parameters       |  Settings  |  Default Values  |  Note  
RUN-1001 : --------------------------------------------------------------
RUN-1001 :       compress_add      |   ripple   |      ripple      |        
RUN-1001 :        elf_sload        |    off     |       off        |        
RUN-1001 :       fix_undriven      |     0      |        0         |        
RUN-1001 :         flatten         |    off     |       off        |        
RUN-1001 :       gate_sharing      |     on     |        on        |        
RUN-1001 :    hdl_warning_level    |   normal   |      normal      |        
RUN-1001 :   impl_internal_tribuf  |     on     |        on        |        
RUN-1001 :      impl_set_reset     |     on     |        on        |        
RUN-1001 :        infer_gsr        |    off     |       off        |        
RUN-1001 :      keep_hierarchy     |    auto    |       auto       |        
RUN-1001 :        max_fanout       |    9999    |       9999       |        
RUN-1001 :      max_oh2bin_len     |     10     |        10        |        
RUN-1001 :       merge_equal       |     on     |        on        |        
RUN-1001 :       merge_equiv       |     on     |        on        |        
RUN-1001 :        merge_mux        |    off     |       off        |        
RUN-1001 :     min_control_set     |     8      |        8         |        
RUN-1001 :      min_ripple_len     |    auto    |       auto       |        
RUN-1001 :       oh2bin_ratio      |    0.08    |       0.08       |        
RUN-1001 :     opt_adder_fanout    |     on     |        on        |        
RUN-1001 :        opt_arith        |     on     |        on        |        
RUN-1001 :       opt_big_gate      |    off     |       off        |        
RUN-1001 :        opt_const        |     on     |        on        |        
RUN-1001 :      opt_const_mult     |     on     |        on        |        
RUN-1001 :       opt_lessthan      |     on     |        on        |        
RUN-1001 :         opt_mux         |    off     |       off        |        
RUN-1001 :         opt_ram         |    high    |       high       |        
RUN-1001 :      rtl_sim_model      |    off     |       off        |        
RUN-1001 :         seq_syn         |     on     |        on        |        
RUN-1001 : --------------------------------------------------------------
HDL-1007 : analyze verilog file ../../../src/Digitron_TimeDisplay_module.v
HDL-1007 : analyze verilog file ../../../src/key_filter.v
HDL-1007 : analyze verilog file ../../../src/keyboard_instance.v
HDL-1007 : undeclared symbol 'secrect', assumed default net type 'wire' in ../../../src/keyboard_instance.v(42)
HDL-1007 : analyze verilog file ../../../src/keyboard_scan.v
HDL-1007 : analyze verilog file ../../../src/onehot2binary.v
RUN-1001 : Project manager successfully analyzed 5 source files.
RUN-1002 : start command "import_device eagle_s20.db -package EG4S20BG256"
ARC-1001 : Device Initialization.
ARC-1001 : ------------------------------------------------------------------
ARC-1001 :            OPTION            |          IO          |   SETTING   
ARC-1001 : ------------------------------------------------------------------
ARC-1001 :   cso_b/cclk/mosi/miso/dout  |  T3/R11/T10/P10/S11  |    gpio    
ARC-1001 :             done             |         P13          |    gpio    
ARC-1001 :           program_b          |          T2          |  dedicate  
ARC-1001 :        tdi/tms/tck/tdo       |   C12/A15/C14/E14    |  dedicate  
ARC-1001 : ------------------------------------------------------------------
ARC-1004 : Device setting, marked 5 dedicate IOs in total.
RUN-1002 : start command "import_db ../syn_1/keyboard_gate.db"
RUN-1001 : Importing database generated by Tang Dynasty, V5.6.59063.
RUN-1001 : Database version number 46140.
RUN-1001 : Import flow parameters
RUN-1001 : Import timing constraints
RUN-1001 : Import IO constraints
RUN-1001 : Import Inst constraints
RUN-1001 : Import design success TD_VERSION=5.6.59063 , DB_VERSION=46140
RUN-1002 : start command "read_sdc"
USR-1002 : read_sdc file_name -help -h -eco
USR-1009 : NO module with IP_SDC ...
RUN-1104 : Import SDC file  finished, there are 0 nets kept by constraints.
RUN-1002 : start command "place"
RUN-1001 : Open license file E:/Anlogic/TD5.6.59063/license/Anlogic.lic
RUN-1001 : Print Global Property
RUN-1001 : ---------------------------------------------------------------
RUN-1001 :        Parameters        |  Settings  |  Default Values  |  Note  
RUN-1001 : ---------------------------------------------------------------
RUN-1001 :          message         |  standard  |     standard     |        
RUN-1001 :   mixed_pack_place_flow  |     on     |        on        |        
RUN-1001 :        qor_monitor       |    off     |       off        |        
RUN-1001 :        syn_ip_flow       |    off     |       off        |        
RUN-1001 :          thread          |    auto    |       auto       |        
RUN-1001 : ---------------------------------------------------------------
RUN-1001 : Print Place Property
RUN-1001 : --------------------------------------------------------------
RUN-1001 :        Parameters       |  Settings  |  Default Values  |  Note  
RUN-1001 : --------------------------------------------------------------
RUN-1001 :      detailed_place     |     on     |        on        |        
RUN-1001 :          effort         |   medium   |      medium      |        
RUN-1001 :         fix_hold        |    off     |       off        |        
RUN-1001 :       legalization      |    ori     |       ori        |        
RUN-1001 :      new_spreading      |     on     |        on        |        
RUN-1001 :        opt_timing       |   medium   |      medium      |        
RUN-1001 :   post_clock_route_opt  |    off     |       off        |        
RUN-1001 :       pr_strategy       |     1      |        1         |        
RUN-1001 :        relaxation       |    1.00    |       1.00       |        
RUN-1001 :         retiming        |    off     |       off        |        
RUN-1001 : --------------------------------------------------------------
PHY-3001 : Placer runs in 16 thread(s).
RUN-1002 : start command "legalize_phy_inst"
SYN-1011 : Flatten model keyboard_instance
RUN-1002 : start command "phys_opt -simplify_lut"
SYN-4024 : Net "clk_50M_dup_1" drives clk pins.
SYN-4024 : Net "U1/scan_clk" drives clk pins.
SYN-4025 : Tag rtl::Net U1/scan_clk as clock net
SYN-4025 : Tag rtl::Net clk_50M_dup_1 as clock net
SYN-4026 : Tagged 2 rtl::Net as clock net
SYN-4015 : Create BUFG instance for clk Net U1/scan_clk to drive 20 clock pins.
PHY-1001 : Populate physical database on model keyboard_instance.
RUN-1001 : There are total 848 instances
RUN-0007 : 423 luts, 246 seqs, 110 mslices, 41 lslices, 24 pads, 0 brams, 0 dsps
RUN-1001 : There are total 990 nets
RUN-1001 : 627 nets have 2 pins
RUN-1001 : 225 nets have [3 - 5] pins
RUN-1001 : 107 nets have [6 - 10] pins
RUN-1001 : 17 nets have [11 - 20] pins
RUN-1001 : 12 nets have [21 - 99] pins
RUN-1001 : 2 nets have 100+ pins
RUN-1001 : Report Control nets information:
RUN-1001 : DFF Distribution
RUN-1001 : ----------------------------------
RUN-1001 :   CE   |  SSR  |  ASR  |  DFF Count  
RUN-1001 : ----------------------------------
RUN-1001 :   No   |  No   |  No   |     97      
RUN-1001 :   No   |  No   |  Yes  |     20      
RUN-1001 :   No   |  Yes  |  No   |     49      
RUN-1001 :   Yes  |  No   |  No   |     48      
RUN-1001 :   Yes  |  No   |  Yes  |     32      
RUN-1001 :   Yes  |  Yes  |  No   |      0      
RUN-1001 : ----------------------------------
RUN-0007 : Control Group Statistic
RUN-0007 : ---------------------------
RUN-0007 :   #CLK  |  #CE  |  #SSR/ASR  
RUN-0007 : ---------------------------
RUN-0007 :    2    |   5   |     3      
RUN-0007 : ---------------------------
RUN-0007 : Control Set = 8
PHY-3001 : Initial placement ...
PHY-3001 : design contains 846 instances, 423 luts, 246 seqs, 151 slices, 15 macros(151 instances: 110 mslices 41 lslices)
PHY-0007 : Cell area utilization is 3%
PHY-3001 : Start timing update ...
RUN-1002 : start command "start_timer -report"
TMR-2505 : Start building timing graph for model keyboard_instance.
TMR-2506 : Build timing graph completely. Port num: 8, tpin num: 3694, tnet num: 988, tinst num: 846, tnode num: 4367, tedge num: 5911.
TMR-2508 : Levelizing timing graph completed, there are 49 levels in total.
TMR-2501 : Timing graph initialized successfully.
TMR-2503 : Start to update net delay, extr mode = 2.
TMR-2504 : Update delay of 988 nets completely.
TMR-2502 : Annotate delay completely, extr mode = 2.
TMR-3001 : Initiate 0 clocks from SDC.
TMR-3004 : Map sdc constraints, there are 0 constraints in total.
TMR-3003 : Constraints initiated successfully.
TMR-3501 : Forward propagation: start to calculate arrival time...
TMR-3502 : Backward propagation: start to calculate required time...
TMR-3503 : Timing propagation completes.
PHY-3001 : End timing update;  0.196238s wall, 0.093750s user + 0.000000s system = 0.093750s CPU (47.8%)

PHY-3001 : Global placement ...
PHY-3001 : Initial: Len = 248500
PHY-3001 : Clustering ...
PHY-3001 : Level 0 #clusters 846.
PHY-3001 : End clustering;  0.000016s wall, 0.000000s user + 0.000000s system = 0.000000s CPU (n/a%)

PHY-3001 : Run with size of 4
PHY-3001 : Cell area utilization is 3%
PHY-3001 : :::0::: Try harder cell spreading with beta_ = 0
PHY-3002 : Step(1): len = 163622, overlap = 0
PHY-3002 : Step(2): len = 106815, overlap = 0
PHY-3002 : Step(3): len = 79742.3, overlap = 0
PHY-3002 : Step(4): len = 53954.3, overlap = 0
PHY-3002 : Step(5): len = 44008.1, overlap = 0
PHY-3002 : Step(6): len = 37854, overlap = 1.4375
PHY-3002 : Step(7): len = 29509.7, overlap = 9.875
PHY-3002 : Step(8): len = 25697.9, overlap = 18.0938
PHY-3002 : Step(9): len = 25501.4, overlap = 21.8125
PHY-3002 : Step(10): len = 22220.8, overlap = 21.9688
PHY-3002 : Step(11): len = 19875.2, overlap = 23.0625
PHY-3002 : Step(12): len = 20007.1, overlap = 22.6562
PHY-3002 : Step(13): len = 20317.2, overlap = 22.4375
PHY-3002 : Step(14): len = 19748.7, overlap = 21.5938
PHY-3002 : Step(15): len = 17802.9, overlap = 21.5312
PHY-3002 : Step(16): len = 17879.8, overlap = 19.125
PHY-3002 : Step(17): len = 18049.4, overlap = 16.4375
PHY-3001 : :::1::: Try harder cell spreading with beta_ = 0.000596858
PHY-3002 : Step(18): len = 16266.9, overlap = 16.9688
PHY-3002 : Step(19): len = 15618.1, overlap = 15.7188
PHY-3002 : Step(20): len = 15771.4, overlap = 15.5
PHY-3002 : Step(21): len = 16181.1, overlap = 14.5625
PHY-3001 : Legalization ...
PHY-3001 : End legalization;  0.004301s wall, 0.000000s user + 0.000000s system = 0.000000s CPU (n/a%)

PHY-3001 : Run with size of 4
PHY-3001 : Cell area utilization is 4%
PHY-3001 : Update timing in Manhattan mode ...
TMR-2503 : Start to update net delay, extr mode = 3.
TMR-2504 : Update delay of 988 nets completely.
TMR-2502 : Annotate delay completely, extr mode = 3.
TMR-3501 : Forward propagation: start to calculate arrival time...
TMR-3502 : Backward propagation: start to calculate required time...
TMR-3503 : Timing propagation completes.
PHY-3001 : End timing update;  0.010675s wall, 0.000000s user + 0.000000s system = 0.000000s CPU (n/a%)

PHY-3001 : :::0::: Try harder cell spreading with beta_ = 4.20504e-06
PHY-3002 : Step(22): len = 15053.5, overlap = 33.125
PHY-3002 : Step(23): len = 15161.5, overlap = 34.1562
PHY-3002 : Step(24): len = 15375.5, overlap = 34.25
PHY-3001 : :::1::: Try harder cell spreading with beta_ = 8.41008e-06
PHY-3002 : Step(25): len = 14873.7, overlap = 33.875
PHY-3002 : Step(26): len = 15244.3, overlap = 34.1562
PHY-3002 : Step(27): len = 15869.4, overlap = 34.0312
PHY-3001 : :::2::: Try harder cell spreading with beta_ = 1.68202e-05
PHY-3002 : Step(28): len = 15370.4, overlap = 34.125
PHY-3002 : Step(29): len = 15514.5, overlap = 33.9375
PHY-3002 : Step(30): len = 16820.8, overlap = 32.2812
PHY-3002 : Step(31): len = 17267.1, overlap = 29.8438
PHY-3002 : Step(32): len = 16071, overlap = 27.8125
PHY-3002 : Step(33): len = 15698.5, overlap = 27.5938
PHY-3002 : Step(34): len = 15835.5, overlap = 27.3125
PHY-3002 : Step(35): len = 15819.5, overlap = 30.625
PHY-3002 : Step(36): len = 15964.2, overlap = 30.9375
PHY-3002 : Step(37): len = 14844.6, overlap = 34.5
PHY-3002 : Step(38): len = 14891.3, overlap = 35
PHY-3002 : Step(39): len = 15114.7, overlap = 35.6875
PHY-3001 : :::3::: Try harder cell spreading with beta_ = 3.36403e-05
PHY-3002 : Step(40): len = 14086.2, overlap = 34.75
PHY-3002 : Step(41): len = 14119.5, overlap = 34.3125
PHY-3002 : Step(42): len = 14328.9, overlap = 33.9375
PHY-3001 : :::4::: Try harder cell spreading with beta_ = 6.72806e-05
PHY-3002 : Step(43): len = 13928.7, overlap = 32.625
PHY-3002 : Step(44): len = 14191.2, overlap = 31.5
PHY-3002 : Step(45): len = 14468, overlap = 30.3125
PHY-3001 : Run with size of 2
PHY-3001 : Cell area utilization is 4%
PHY-3001 : Update timing in Manhattan mode ...
TMR-2503 : Start to update net delay, extr mode = 3.
TMR-2504 : Update delay of 988 nets completely.
TMR-2502 : Annotate delay completely, extr mode = 3.
TMR-3501 : Forward propagation: start to calculate arrival time...
TMR-3502 : Backward propagation: start to calculate required time...
TMR-3503 : Timing propagation completes.
PHY-3001 : End timing update;  0.009980s wall, 0.000000s user + 0.000000s system = 0.000000s CPU (n/a%)

PHY-3001 : :::0::: Try harder cell spreading with beta_ = 1.17707e-05
PHY-3002 : Step(46): len = 15088.4, overlap = 53.0312
PHY-3002 : Step(47): len = 15340, overlap = 52.8125
PHY-3002 : Step(48): len = 16745.5, overlap = 38.4688
PHY-3002 : Step(49): len = 17323.8, overlap = 40.9375
PHY-3002 : Step(50): len = 17009, overlap = 31.3125
PHY-3002 : Step(51): len = 17287.8, overlap = 28.4688
PHY-3002 : Step(52): len = 16539.9, overlap = 34.7812
PHY-3002 : Step(53): len = 16723.1, overlap = 34.9688
PHY-3002 : Step(54): len = 16821.8, overlap = 32.2188
PHY-3001 : :::1::: Try harder cell spreading with beta_ = 2.35415e-05
PHY-3002 : Step(55): len = 15678.4, overlap = 31.9688
PHY-3002 : Step(56): len = 15786.3, overlap = 32.0938
PHY-3002 : Step(57): len = 15965.3, overlap = 32.2188
PHY-3001 : :::2::: Try harder cell spreading with beta_ = 4.70829e-05
PHY-3002 : Step(58): len = 16273.1, overlap = 30.1875
PHY-3002 : Step(59): len = 16407.7, overlap = 29.5
PHY-3002 : Step(60): len = 16724.6, overlap = 27.6875
OPT-1001 : Start physical optimization ...
RUN-1002 : start command "start_timer -report"
TMR-2505 : Start building timing graph for model keyboard_instance.
TMR-2506 : Build timing graph completely. Port num: 8, tpin num: 3694, tnet num: 988, tinst num: 846, tnode num: 4367, tedge num: 5911.
TMR-2508 : Levelizing timing graph completed, there are 49 levels in total.
TMR-2501 : Timing graph initialized successfully.
OPT-1001 : Total overflow 56.62 peak overflow 2.62
OPT-1001 : Start high-fanout net optimization ...
OPT-1001 : Update timing in global mode
PHY-1001 : Start incremental global routing, caller is place ...
RUN-1001 : Generating global routing grids ...
RUN-1001 : Building simple global routing graph ...
PHY-1001 : Generate routing nets ...
PHY-1001 : Reuse net number 0/990.
PHY-1001 : Global iterations in 16 thread ...
PHY-1002 : len = 18864, over cnt = 94(0%), over = 342, worst = 10
PHY-1001 : End global iterations;  0.054403s wall, 0.000000s user + 0.000000s system = 0.000000s CPU (n/a%)

PHY-1001 : Congestion index: top1 = 25.11, top5 = 12.20, top10 = 6.94, top15 = 4.63.
PHY-1001 : End incremental global routing;  0.105812s wall, 0.000000s user + 0.000000s system = 0.000000s CPU (n/a%)

TMR-2503 : Start to update net delay, extr mode = 5.
TMR-2504 : Update delay of 988 nets completely.
TMR-2502 : Annotate delay completely, extr mode = 5.
TMR-3001 : Initiate 0 clocks from SDC.
TMR-3004 : Map sdc constraints, there are 0 constraints in total.
TMR-3003 : Constraints initiated successfully.
TMR-3501 : Forward propagation: start to calculate arrival time...
TMR-3502 : Backward propagation: start to calculate required time...
TMR-3503 : Timing propagation completes.
OPT-1001 : End timing update;  0.022581s wall, 0.015625s user + 0.000000s system = 0.015625s CPU (69.2%)

OPT-1001 : 0 high-fanout net processed.
OPT-1001 : End high-fanout net optimization;  0.150347s wall, 0.015625s user + 0.000000s system = 0.015625s CPU (10.4%)

OPT-1001 : Current memory(MB): used = 153, reserve = 124, peak = 153.
OPT-1001 : Start global optimization ...
OPT-1001 : Start congestion update ...
RUN-1001 : Generating global routing grids ...
PHY-1001 : Generate routing nets ...
PHY-1001 : Reuse net number 598/990.
PHY-1001 : Global iterations in 16 thread ...
PHY-1002 : len = 18864, over cnt = 94(0%), over = 342, worst = 10
PHY-1002 : len = 20512, over cnt = 64(0%), over = 176, worst = 8
PHY-1002 : len = 21880, over cnt = 22(0%), over = 51, worst = 5
PHY-1002 : len = 22512, over cnt = 8(0%), over = 15, worst = 4
PHY-1002 : len = 22664, over cnt = 0(0%), over = 0, worst = 0
PHY-1001 : End global iterations;  0.055960s wall, 0.000000s user + 0.000000s system = 0.000000s CPU (n/a%)

PHY-1001 : Congestion index: top1 = 24.42, top5 = 13.07, top10 = 7.88, top15 = 5.35.
OPT-1001 : End congestion update;  0.102133s wall, 0.000000s user + 0.015625s system = 0.015625s CPU (15.3%)

OPT-1001 : Update timing in Manhattan mode
TMR-2503 : Start to update net delay, extr mode = 3.
TMR-2504 : Update delay of 988 nets completely.
TMR-2502 : Annotate delay completely, extr mode = 3.
TMR-3501 : Forward propagation: start to calculate arrival time...
TMR-3502 : Backward propagation: start to calculate required time...
TMR-3503 : Timing propagation completes.
OPT-1001 : End timing update;  0.017167s wall, 0.000000s user + 0.000000s system = 0.000000s CPU (n/a%)

OPT-0007 : Start: WNS 2147483647 TNS 0 NUM_FEPS 0
OPT-1001 : End global optimization;  0.119434s wall, 0.000000s user + 0.015625s system = 0.015625s CPU (13.1%)

OPT-1001 : Current memory(MB): used = 154, reserve = 126, peak = 154.
OPT-1001 : End physical optimization;  0.442158s wall, 0.062500s user + 0.015625s system = 0.078125s CPU (17.7%)

PHY-3001 : Start packing ...
SYN-4007 : Packing 0 MUX to BLE ...
SYN-4008 : Packed 0 MUX and 0 SEQ to BLE.
SYN-4007 : Packing 423 LUT to BLE ...
SYN-4008 : Packed 423 LUT and 143 SEQ to BLE.
SYN-4003 : Packing 103 remaining SEQ's ...
SYN-4005 : Packed 54 SEQ with LUT/SLICE
SYN-4006 : 234 single LUT's are left
SYN-4006 : 49 single SEQ's are left
SYN-4011 : Packing model "keyboard_instance" (AL_USER_NORMAL) with 472/651 primitive instances ...
PHY-3001 : End packing;  0.030422s wall, 0.000000s user + 0.000000s system = 0.000000s CPU (n/a%)

PHY-1001 : Populate physical database on model keyboard_instance.
RUN-1001 : There are total 426 instances
RUN-1001 : 199 mslices, 199 lslices, 24 pads, 0 brams, 0 dsps
RUN-1001 : There are total 859 nets
RUN-1001 : 496 nets have 2 pins
RUN-1001 : 233 nets have [3 - 5] pins
RUN-1001 : 100 nets have [6 - 10] pins
RUN-1001 : 18 nets have [11 - 20] pins
RUN-1001 : 10 nets have [21 - 99] pins
RUN-1001 : 2 nets have 100+ pins
PHY-3001 : design contains 424 instances, 398 slices, 15 macros(151 instances: 110 mslices 41 lslices)
PHY-3001 : Cell area utilization is 5%
PHY-3001 : After packing: Len = 16986, Over = 32
PHY-3001 : Run with size of 2
PHY-3001 : Cell area utilization is 5%
PHY-3001 : Update timing in Manhattan mode ...
RUN-1002 : start command "start_timer -report"
TMR-2505 : Start building timing graph for model keyboard_instance.
TMR-2506 : Build timing graph completely. Port num: 8, tpin num: 3245, tnet num: 857, tinst num: 424, tnode num: 3743, tedge num: 5411.
TMR-2508 : Levelizing timing graph completed, there are 47 levels in total.
TMR-2501 : Timing graph initialized successfully.
TMR-2503 : Start to update net delay, extr mode = 3.
TMR-2504 : Update delay of 857 nets completely.
TMR-2502 : Annotate delay completely, extr mode = 3.
TMR-3001 : Initiate 0 clocks from SDC.
TMR-3004 : Map sdc constraints, there are 0 constraints in total.
TMR-3003 : Constraints initiated successfully.
TMR-3501 : Forward propagation: start to calculate arrival time...
TMR-3502 : Backward propagation: start to calculate required time...
TMR-3503 : Timing propagation completes.
PHY-3001 : End timing update;  0.185007s wall, 0.093750s user + 0.000000s system = 0.093750s CPU (50.7%)

PHY-3001 : :::0::: Try harder cell spreading with beta_ = 1.96183e-05
PHY-3002 : Step(61): len = 16292.2, overlap = 30
PHY-3002 : Step(62): len = 16354.3, overlap = 30.25
PHY-3002 : Step(63): len = 15864.1, overlap = 31.25
PHY-3002 : Step(64): len = 15791.6, overlap = 31.5
PHY-3002 : Step(65): len = 15443.2, overlap = 31.5
PHY-3001 : :::1::: Try harder cell spreading with beta_ = 3.92367e-05
PHY-3002 : Step(66): len = 16064.4, overlap = 32.75
PHY-3002 : Step(67): len = 16201.8, overlap = 32.75
PHY-3002 : Step(68): len = 16295, overlap = 32.5
PHY-3001 : :::2::: Try harder cell spreading with beta_ = 7.84734e-05
PHY-3002 : Step(69): len = 17136.1, overlap = 32
PHY-3002 : Step(70): len = 17298.7, overlap = 31.75
PHY-3002 : Step(71): len = 17536.6, overlap = 29.75
PHY-3001 : Legalization ...
PHY-3001 : End legalization;  0.068084s wall, 0.000000s user + 0.000000s system = 0.000000s CPU (n/a%)

PHY-3001 : Trial Legalized: Len = 26102.5
PHY-3001 : Run with size of 2
PHY-3001 : Cell area utilization is 5%
PHY-3001 : Update timing in Manhattan mode ...
TMR-2503 : Start to update net delay, extr mode = 3.
TMR-2504 : Update delay of 857 nets completely.
TMR-2502 : Annotate delay completely, extr mode = 3.
TMR-3501 : Forward propagation: start to calculate arrival time...
TMR-3502 : Backward propagation: start to calculate required time...
TMR-3503 : Timing propagation completes.
PHY-3001 : End timing update;  0.009112s wall, 0.000000s user + 0.000000s system = 0.000000s CPU (n/a%)

PHY-3001 : :::0::: Try harder cell spreading with beta_ = 0.000807712
PHY-3002 : Step(72): len = 23303.9, overlap = 3.5
PHY-3002 : Step(73): len = 21684.4, overlap = 7.5
PHY-3002 : Step(74): len = 19787, overlap = 6.75
PHY-3002 : Step(75): len = 19402.5, overlap = 9
PHY-3002 : Step(76): len = 18950.2, overlap = 9.5
PHY-3002 : Step(77): len = 18658.3, overlap = 11.25
PHY-3002 : Step(78): len = 18063.9, overlap = 11.75
PHY-3002 : Step(79): len = 17914.1, overlap = 12.25
PHY-3002 : Step(80): len = 17983.1, overlap = 12.5
PHY-3001 : :::1::: Try harder cell spreading with beta_ = 0.00161542
PHY-3002 : Step(81): len = 18056.3, overlap = 11.5
PHY-3002 : Step(82): len = 18078.3, overlap = 11.75
PHY-3001 : :::2::: Try harder cell spreading with beta_ = 0.00323085
PHY-3002 : Step(83): len = 18098.8, overlap = 11.5
PHY-3002 : Step(84): len = 18098.9, overlap = 11.75
PHY-3001 : Legalization ...
PHY-3001 : End legalization;  0.005293s wall, 0.000000s user + 0.000000s system = 0.000000s CPU (n/a%)

PHY-3001 : Legalized: Len = 21836.4, Over = 0
PHY-3001 : End spreading;  0.002848s wall, 0.000000s user + 0.000000s system = 0.000000s CPU (n/a%)

PHY-3001 : Final: Len = 21836.4, Over = 0
OPT-1001 : Start physical optimization ...
RUN-1002 : start command "start_timer -report"
TMR-2505 : Start building timing graph for model keyboard_instance.
TMR-2506 : Build timing graph completely. Port num: 8, tpin num: 3245, tnet num: 857, tinst num: 424, tnode num: 3743, tedge num: 5411.
TMR-2508 : Levelizing timing graph completed, there are 47 levels in total.
TMR-2501 : Timing graph initialized successfully.
OPT-1001 : Total overflow 0.00 peak overflow 0.00
OPT-1001 : Start high-fanout net optimization ...
OPT-1001 : Update timing in global mode
PHY-1001 : Start incremental global routing, caller is place ...
RUN-1001 : Generating global routing grids ...
PHY-1001 : Generate routing nets ...
PHY-1001 : Reuse net number 37/859.
PHY-1001 : Global iterations in 16 thread ...
PHY-1002 : len = 25544, over cnt = 78(0%), over = 119, worst = 4
PHY-1002 : len = 26080, over cnt = 32(0%), over = 46, worst = 4
PHY-1002 : len = 26368, over cnt = 16(0%), over = 24, worst = 3
PHY-1002 : len = 26656, over cnt = 2(0%), over = 2, worst = 1
PHY-1002 : len = 26680, over cnt = 0(0%), over = 0, worst = 0
PHY-1001 : End global iterations;  0.109221s wall, 0.000000s user + 0.000000s system = 0.000000s CPU (n/a%)

PHY-1001 : Congestion index: top1 = 21.49, top5 = 14.71, top10 = 9.25, top15 = 6.37.
PHY-1001 : End incremental global routing;  0.158747s wall, 0.000000s user + 0.000000s system = 0.000000s CPU (n/a%)

TMR-2503 : Start to update net delay, extr mode = 5.
TMR-2504 : Update delay of 857 nets completely.
TMR-2502 : Annotate delay completely, extr mode = 5.
TMR-3001 : Initiate 0 clocks from SDC.
TMR-3004 : Map sdc constraints, there are 0 constraints in total.
TMR-3003 : Constraints initiated successfully.
TMR-3501 : Forward propagation: start to calculate arrival time...
TMR-3502 : Backward propagation: start to calculate required time...
TMR-3503 : Timing propagation completes.
OPT-1001 : End timing update;  0.014557s wall, 0.015625s user + 0.000000s system = 0.015625s CPU (107.3%)

OPT-1001 : 0 high-fanout net processed.
OPT-1001 : End high-fanout net optimization;  0.183928s wall, 0.015625s user + 0.000000s system = 0.015625s CPU (8.5%)

OPT-1001 : Current memory(MB): used = 158, reserve = 130, peak = 158.
OPT-1001 : Start path based optimization ...
OPT-1001 : Start congestion update ...
RUN-1001 : Generating global routing grids ...
PHY-1001 : Generate routing nets ...
PHY-1001 : Reuse net number 693/859.
PHY-1001 : Global iterations in 16 thread ...
PHY-1002 : len = 26680, over cnt = 0(0%), over = 0, worst = 0
PHY-1001 : End global iterations;  0.003892s wall, 0.000000s user + 0.000000s system = 0.000000s CPU (n/a%)

PHY-1001 : Congestion index: top1 = 21.49, top5 = 14.71, top10 = 9.25, top15 = 6.37.
OPT-1001 : End congestion update;  0.049341s wall, 0.000000s user + 0.000000s system = 0.000000s CPU (n/a%)

OPT-1001 : Update timing in Manhattan mode
TMR-2503 : Start to update net delay, extr mode = 3.
TMR-2504 : Update delay of 857 nets completely.
TMR-2502 : Annotate delay completely, extr mode = 3.
TMR-3501 : Forward propagation: start to calculate arrival time...
TMR-3502 : Backward propagation: start to calculate required time...
TMR-3503 : Timing propagation completes.
OPT-1001 : End timing update;  0.010537s wall, 0.000000s user + 0.000000s system = 0.000000s CPU (n/a%)

OPT-0007 : Start: WNS 2147483647 TNS 0 NUM_FEPS 0
OPT-1001 : End path based optimization;  0.059966s wall, 0.000000s user + 0.000000s system = 0.000000s CPU (n/a%)

OPT-1001 : Current memory(MB): used = 158, reserve = 131, peak = 158.
OPT-1001 : Update timing in Manhattan mode
TMR-2503 : Start to update net delay, extr mode = 3.
TMR-2504 : Update delay of 857 nets completely.
TMR-2502 : Annotate delay completely, extr mode = 3.
TMR-3501 : Forward propagation: start to calculate arrival time...
TMR-3502 : Backward propagation: start to calculate required time...
TMR-3503 : Timing propagation completes.
OPT-1001 : End timing update;  0.008298s wall, 0.000000s user + 0.000000s system = 0.000000s CPU (n/a%)

OPT-1001 : Start pin optimization...
OPT-1001 : skip pin optimization...
OPT-1001 : Update timing in global mode
PHY-1001 : Start incremental global routing, caller is place ...
RUN-1001 : Generating global routing grids ...
PHY-1001 : Generate routing nets ...
PHY-1001 : Reuse net number 693/859.
PHY-1001 : Global iterations in 16 thread ...
PHY-1002 : len = 26680, over cnt = 0(0%), over = 0, worst = 0
PHY-1001 : End global iterations;  0.002921s wall, 0.000000s user + 0.000000s system = 0.000000s CPU (n/a%)

PHY-1001 : Congestion index: top1 = 21.49, top5 = 14.71, top10 = 9.25, top15 = 6.37.
PHY-1001 : End incremental global routing;  0.047295s wall, 0.000000s user + 0.000000s system = 0.000000s CPU (n/a%)

TMR-2503 : Start to update net delay, extr mode = 5.
TMR-2504 : Update delay of 857 nets completely.
TMR-2502 : Annotate delay completely, extr mode = 5.
TMR-3501 : Forward propagation: start to calculate arrival time...
TMR-3502 : Backward propagation: start to calculate required time...
TMR-3503 : Timing propagation completes.
OPT-1001 : End timing update;  0.013421s wall, 0.000000s user + 0.000000s system = 0.000000s CPU (n/a%)

RUN-1001 : Generating global routing grids ...
PHY-1001 : Generate routing nets ...
PHY-1001 : Reuse net number 693/859.
PHY-1001 : Global iterations in 16 thread ...
PHY-1002 : len = 26680, over cnt = 0(0%), over = 0, worst = 0
PHY-1001 : End global iterations;  0.002716s wall, 0.000000s user + 0.000000s system = 0.000000s CPU (n/a%)

PHY-1001 : Congestion index: top1 = 21.49, top5 = 14.71, top10 = 9.25, top15 = 6.37.
OPT-1001 : Update timing in Manhattan mode
TMR-2503 : Start to update net delay, extr mode = 3.
TMR-2504 : Update delay of 857 nets completely.
TMR-2502 : Annotate delay completely, extr mode = 3.
TMR-3501 : Forward propagation: start to calculate arrival time...
TMR-3502 : Backward propagation: start to calculate required time...
TMR-3503 : Timing propagation completes.
OPT-1001 : End timing update;  0.012741s wall, 0.000000s user + 0.000000s system = 0.000000s CPU (n/a%)

RUN-1001 : QoR Analysis:
OPT-0007 :   WNS 2147483647 TNS 0 NUM_FEPS 0
RUN-1001 :   No local congestion issue, and most congested 1% tile average routing util is 21.103448
RUN-1001 :   Top critical paths
OPT-1001 : End physical optimization;  0.570711s wall, 0.093750s user + 0.000000s system = 0.093750s CPU (16.4%)

RUN-1003 : finish command "place" in  3.632844s wall, 0.421875s user + 0.187500s system = 0.609375s CPU (16.8%)

RUN-1004 : used memory is 142 MB, reserved memory is 114 MB, peak memory is 159 MB
RUN-1002 : start command "export_db keyboard_place.db"
RUN-1001 : Exported /
RUN-1001 : Exported flow parameters
RUN-1001 : Exported libs
RUN-1001 : Exported entities
RUN-1001 : Exported ports
RUN-1001 : Exported pins
RUN-1001 : Exported instances
RUN-1001 : Exported nets
RUN-1001 : Exported buses
RUN-1001 : Exported models
RUN-1001 : Exported congestions
RUN-1001 : Exported violations
RUN-1001 : Exported timing constraints
RUN-1001 : Exported IO constraints
RUN-1001 : Exported Inst constraints
RUN-1002 : start command "route"
RUN-1001 : Open license file E:/Anlogic/TD5.6.59063/license/Anlogic.lic
RUN-1001 : Print Global Property
RUN-1001 : ---------------------------------------------------------------
RUN-1001 :        Parameters        |  Settings  |  Default Values  |  Note  
RUN-1001 : ---------------------------------------------------------------
RUN-1001 :          message         |  standard  |     standard     |        
RUN-1001 :   mixed_pack_place_flow  |     on     |        on        |        
RUN-1001 :        qor_monitor       |    off     |       off        |        
RUN-1001 :        syn_ip_flow       |    off     |       off        |        
RUN-1001 :          thread          |    auto    |       auto       |        
RUN-1001 : ---------------------------------------------------------------
RUN-1001 : Print Route Property
RUN-1001 : -------------------------------------------------------
RUN-1001 :    Parameters    |  Settings  |  Default Values  |  Note  
RUN-1001 : -------------------------------------------------------
RUN-1001 :      effort      |   medium   |      medium      |        
RUN-1001 :     fix_hold     |    off     |       off        |        
RUN-1001 :    opt_timing    |   medium   |      medium      |        
RUN-1001 :   phy_sim_model  |    off     |       off        |        
RUN-1001 :     priority     |   timing   |      timing      |        
RUN-1001 :     swap_pin     |     on     |        on        |        
RUN-1001 : -------------------------------------------------------
PHY-1001 : Route runs in 16 thread(s)
RUN-1001 : There are total 426 instances
RUN-1001 : 199 mslices, 199 lslices, 24 pads, 0 brams, 0 dsps
RUN-1001 : There are total 859 nets
RUN-1001 : 496 nets have 2 pins
RUN-1001 : 233 nets have [3 - 5] pins
RUN-1001 : 100 nets have [6 - 10] pins
RUN-1001 : 18 nets have [11 - 20] pins
RUN-1001 : 10 nets have [21 - 99] pins
RUN-1001 : 2 nets have 100+ pins
RUN-1002 : start command "start_timer -report"
TMR-2505 : Start building timing graph for model keyboard_instance.
TMR-2506 : Build timing graph completely. Port num: 8, tpin num: 3245, tnet num: 857, tinst num: 424, tnode num: 3743, tedge num: 5411.
TMR-2508 : Levelizing timing graph completed, there are 47 levels in total.
TMR-2501 : Timing graph initialized successfully.
PHY-1001 : 199 mslices, 199 lslices, 24 pads, 0 brams, 0 dsps
TMR-2503 : Start to update net delay, extr mode = 3.
TMR-2504 : Update delay of 857 nets completely.
TMR-2502 : Annotate delay completely, extr mode = 3.
TMR-3001 : Initiate 0 clocks from SDC.
TMR-3004 : Map sdc constraints, there are 0 constraints in total.
TMR-3003 : Constraints initiated successfully.
TMR-3501 : Forward propagation: start to calculate arrival time...
TMR-3502 : Backward propagation: start to calculate required time...
TMR-3503 : Timing propagation completes.
PHY-1001 : Start global routing, caller is route ...
RUN-1001 : Generating global routing grids ...
PHY-1001 : Generate routing nets ...
PHY-1001 : Global iterations in 16 thread ...
PHY-1002 : len = 25168, over cnt = 82(0%), over = 122, worst = 4
PHY-1002 : len = 25760, over cnt = 41(0%), over = 53, worst = 4
PHY-1002 : len = 26160, over cnt = 12(0%), over = 15, worst = 3
PHY-1002 : len = 26392, over cnt = 0(0%), over = 0, worst = 0
PHY-1001 : End global iterations;  0.091863s wall, 0.015625s user + 0.015625s system = 0.031250s CPU (34.0%)

PHY-1001 : Congestion index: top1 = 22.05, top5 = 14.72, top10 = 9.18, top15 = 6.31.
PHY-1001 : End global routing;  0.142350s wall, 0.015625s user + 0.015625s system = 0.031250s CPU (22.0%)

PHY-1001 : Start detail routing ...
PHY-1001 : Current memory(MB): used = 180, reserve = 152, peak = 194.
PHY-1001 : Detailed router is running in normal mode.
PHY-1001 : Generate detailed routing grids ...
PHY-1001 : Generate nets ...
PHY-1001 : net clk_50M_dup_1 will be routed on clock mesh
PHY-1001 : clock net U1/scan_clk_syn_4 will be merged with clock U1/scan_clk
PHY-1001 : Current memory(MB): used = 446, reserve = 423, peak = 446.
PHY-1001 : End build detailed router design. 4.203652s wall, 0.625000s user + 0.031250s system = 0.656250s CPU (15.6%)

PHY-1001 : Detail Route ...
PHY-1001 : ===== Detail Route Phase 1 =====
PHY-1001 : Clock net routing.....
PHY-1001 : Routed 0% nets.
PHY-1022 : len = 10648, over cnt = 0(0%), over = 0, worst = 0, crit = 0
PHY-1001 : End initial clock net routed; 0.364211s wall, 0.062500s user + 0.000000s system = 0.062500s CPU (17.2%)

PHY-1001 : Current memory(MB): used = 476, reserve = 454, peak = 476.
PHY-1001 : End phase 1; 0.370344s wall, 0.062500s user + 0.000000s system = 0.062500s CPU (16.9%)

PHY-1001 : ===== Detail Route Phase 2 =====
PHY-1001 : Initial routing.....
PHY-1001 : Routed 16% nets.
PHY-1001 : Routed 25% nets.
PHY-1001 : Routed 27% nets.
PHY-1001 : Routed 27% nets.
PHY-1001 : Routed 27% nets.
PHY-1001 : Patch 456 net; 0.300842s wall, 0.062500s user + 0.000000s system = 0.062500s CPU (20.8%)

PHY-1022 : len = 55936, over cnt = 27(0%), over = 27, worst = 1, crit = 0
PHY-1001 : Current memory(MB): used = 476, reserve = 454, peak = 476.
PHY-1001 : End initial routed; 0.539063s wall, 0.125000s user + 0.000000s system = 0.125000s CPU (23.2%)

PHY-1001 : Update timing.....
PHY-1001 : 0/697(0%) critical/total net(s).
RUN-1001 : ------------------------------------------
RUN-1001 :   Type   |    WNS(ns)    |  TNS(ns)  |  FEP  
RUN-1001 : ------------------------------------------
RUN-1001 :   Setup  |  2147483.647  |   0.000   |   0   
RUN-1001 :   Hold   |  2147483.647  |   0.000   |   0   
RUN-1001 : ------------------------------------------
PHY-1001 : End update timing; 0.220310s wall, 0.015625s user + 0.000000s system = 0.015625s CPU (7.1%)

PHY-1001 : Current memory(MB): used = 477, reserve = 454, peak = 477.
PHY-1001 : End phase 2; 0.759465s wall, 0.140625s user + 0.000000s system = 0.140625s CPU (18.5%)

PHY-1001 : ===== Detail Route Phase 3 =====
PHY-1001 : Optimize timing.....
PHY-1022 : len = 55936, over cnt = 27(0%), over = 27, worst = 1, crit = 0
PHY-1001 : End optimize timing; 0.005639s wall, 0.000000s user + 0.000000s system = 0.000000s CPU (n/a%)

PHY-1001 : Ripup-reroute.....
PHY-1001 : ===== DR Iter 1 =====
PHY-1022 : len = 55888, over cnt = 7(0%), over = 7, worst = 1, crit = 0
PHY-1001 : End DR Iter 1; 0.041597s wall, 0.000000s user + 0.000000s system = 0.000000s CPU (n/a%)

PHY-1001 : ===== DR Iter 2 =====
PHY-1022 : len = 56000, over cnt = 0(0%), over = 0, worst = 0, crit = 0
PHY-1001 : End DR Iter 2; 0.028847s wall, 0.000000s user + 0.000000s system = 0.000000s CPU (n/a%)

PHY-1001 : Update timing.....
PHY-1001 : 0/697(0%) critical/total net(s).
RUN-1001 : ------------------------------------------
RUN-1001 :   Type   |    WNS(ns)    |  TNS(ns)  |  FEP  
RUN-1001 : ------------------------------------------
RUN-1001 :   Setup  |  2147483.647  |   0.000   |   0   
RUN-1001 :   Hold   |  2147483.647  |   0.000   |   0   
RUN-1001 : ------------------------------------------
PHY-1001 : End update timing; 0.188155s wall, 0.000000s user + 0.000000s system = 0.000000s CPU (n/a%)

PHY-1001 : Commit to database.....
PHY-1001 : 9 feed throughs used by 9 nets
PHY-1001 : End commit to database; 0.098436s wall, 0.000000s user + 0.000000s system = 0.000000s CPU (n/a%)

PHY-1001 : Current memory(MB): used = 488, reserve = 466, peak = 488.
PHY-1001 : End phase 3; 0.516655s wall, 0.015625s user + 0.000000s system = 0.015625s CPU (3.0%)

PHY-1003 : Routed, final wirelength = 56000
PHY-1001 : Current memory(MB): used = 489, reserve = 466, peak = 489.
PHY-1001 : End export database. 0.008748s wall, 0.000000s user + 0.000000s system = 0.000000s CPU (n/a%)

PHY-1001 : End detail routing;  6.095831s wall, 0.875000s user + 0.031250s system = 0.906250s CPU (14.9%)

RUN-1003 : finish command "route" in  6.525443s wall, 0.937500s user + 0.046875s system = 0.984375s CPU (15.1%)

RUN-1004 : used memory is 429 MB, reserved memory is 406 MB, peak memory is 489 MB
RUN-1002 : start command "report_area -io_info -file keyboard_phy.area"
RUN-1001 : standard
***Report Model: keyboard_instance Device: EG4S20BG256***

IO Statistics
#IO                        24
  #input                    6
  #output                  18
  #inout                    0

Utilization Statistics
#lut                      725   out of  19600    3.70%
#reg                      246   out of  19600    1.26%
#le                       774
  #lut only               528   out of    774   68.22%
  #reg only                49   out of    774    6.33%
  #lut&reg                197   out of    774   25.45%
#dsp                        0   out of     29    0.00%
#bram                       0   out of     64    0.00%
  #bram9k                   0
  #fifo9k                   0
#bram32k                    0   out of     16    0.00%
#pad                       24   out of    188   12.77%
  #ireg                     0
  #oreg                     0
  #treg                     0
#pll                        0   out of      4    0.00%
#gclk                       2   out of     16   12.50%

Clock Resource Statistics
Index     ClockNet         Type               DriverType         Driver                      Fanout
#1        clk_50M_dup_1    GCLK               io                 clk_50M_syn_2.di            136
#2        U1/scan_clk      GCLK               lslice             U1/scan_clk_reg_syn_9.q0    10


Detailed IO Report

        Name           Direction    Location    IOStandard    DriveStrength    PullType    PackReg  
        RSTn             INPUT         A9        LVCMOS33          N/A          PULLUP      NONE    
       clk_50M           INPUT         R7        LVCMOS33          N/A          PULLUP      NONE    
       col[3]            INPUT        F10        LVCMOS33          N/A          PULLUP      NONE    
       col[2]            INPUT        C11        LVCMOS33          N/A          PULLUP      NONE    
       col[1]            INPUT        D11        LVCMOS33          N/A          PULLUP      NONE    
       col[0]            INPUT        E11        LVCMOS33          N/A          PULLUP      NONE    
  DigitronCS_Out[3]     OUTPUT         A3        LVCMOS33           8            NONE       NONE    
  DigitronCS_Out[2]     OUTPUT         A5        LVCMOS33           8            NONE       NONE    
  DigitronCS_Out[1]     OUTPUT         B6        LVCMOS33           8            NONE       NONE    
  DigitronCS_Out[0]     OUTPUT         C9        LVCMOS33           8            NONE       NONE    
   Digitron_Out[7]      OUTPUT         C8        LVCMOS33           8            NONE       NONE    
   Digitron_Out[6]      OUTPUT         A8        LVCMOS33           8            NONE       NONE    
   Digitron_Out[5]      OUTPUT         B5        LVCMOS33           8            NONE       NONE    
   Digitron_Out[4]      OUTPUT         A7        LVCMOS33           8            NONE       NONE    
   Digitron_Out[3]      OUTPUT         E8        LVCMOS33           8            NONE       NONE    
   Digitron_Out[2]      OUTPUT         B8        LVCMOS33           8            NONE       NONE    
   Digitron_Out[1]      OUTPUT         A6        LVCMOS33           8            NONE       NONE    
   Digitron_Out[0]      OUTPUT         A4        LVCMOS33           8            NONE       NONE    
       buzzer           OUTPUT        H11        LVCMOS33           8            NONE       NONE    
        light           OUTPUT        B14        LVCMOS33           8            NONE       NONE    
       row[3]           OUTPUT         D9        LVCMOS33           8            NONE       NONE    
       row[2]           OUTPUT         F9        LVCMOS33           8            NONE       NONE    
       row[1]           OUTPUT        C10        LVCMOS33           8            NONE       NONE    
       row[0]           OUTPUT        E10        LVCMOS33           8            NONE       NONE    

Report Hierarchy Area:
+-------------------------------------------------------------------------------------------+
|Instance |Module                      |le     |lut     |ripple  |seq     |bram    |dsp     |
+-------------------------------------------------------------------------------------------+
|top      |keyboard_instance           |774    |574     |151     |246     |0       |0       |
|  U1     |keyboard_scan               |71     |49      |9       |53      |0       |0       |
|  U2     |key_filter                  |61     |34      |6       |51      |0       |0       |
|  U3     |onehot2binary               |598    |465     |131     |127     |0       |0       |
|  U5     |Digitron_TimeDisplay_module |41     |23      |5       |15      |0       |0       |
+-------------------------------------------------------------------------------------------+


DataNet Average Fanout:

   Index     Fanout    Nets  
    #1         1       472   
    #2         2       149   
    #3         3        42   
    #4         4        42   
    #5        5-10     103   
    #6       11-50      22   
    #7       51-100     1    
  Average     2.67           

RUN-1002 : start command "export_db keyboard_pr.db"
RUN-1001 : Exported /
RUN-1001 : Exported flow parameters
RUN-1001 : Exported libs
RUN-1001 : Exported entities
RUN-1001 : Exported ports
RUN-1001 : Exported pins
RUN-1001 : Exported instances
RUN-1001 : Exported nets
RUN-1001 : Exported buses
RUN-1001 : Exported models
RUN-1001 : Exported congestions
RUN-1001 : Exported violations
RUN-1001 : Exported timing constraints
RUN-1001 : Exported IO constraints
RUN-1001 : Exported Inst constraints
RUN-1002 : start command "export_bid keyboard_inst.bid"
RUN-1002 : start command "bitgen -bit keyboard.bit -unused_io_status pulldown"
BIT-1003 : Start to generate bitstream. 
BIT-1002 : Bitgen processed 164 unused pads, reserve input tri_state with pulldown
BIT-1002 : Init instances with 16 threads.
BIT-1002 : Init instances completely, inst num: 588
BIT-1002 : Init pips with 16 threads.
BIT-1002 : Init pips completely, net num: 859, pip num: 6258
BIT-1002 : Init feedthrough with 16 threads.
BIT-1002 : Init feedthrough completely, num: 9
BIT-1003 : Multithreading accelaration with 16 threads.
BIT-1003 : Generate bitstream completely, there are 780 valid insts, and 21284 bits set as '1'.
BIT-1004 : PLL setting string = 0000
BIT-1004 : Generate bits file keyboard.bit.
RUN-1003 : finish command "bitgen -bit keyboard.bit -unused_io_status pulldown" in  1.554515s wall, 8.734375s user + 0.062500s system = 8.796875s CPU (565.9%)

RUN-1004 : used memory is 437 MB, reserved memory is 420 MB, peak memory is 630 MB
RUN-1002 : start command "backup_run_log run.log ../.logs/phy_1/td_20240829_000746.log"
