============================================================
   Tang Dynasty, V5.6.59063
   Copyright (c) 2012-2022 Anlogic
   Executable = E:/Anlogic/TD5.6.59063/bin/td.exe
   Built at =   12:45:13 Sep  6 2022
   Run by =     19234
   Run Date =   Tue Aug 27 23:32:19 2024

   Run on =     ERIKPSW
============================================================
RUN-1002 : start command "open_project keyboard.prj"
RUN-1001 : Print Global Property
RUN-1001 : ---------------------------------------------------------------
RUN-1001 :        Parameters        |  Settings  |  Default Values  |  Note  
RUN-1001 : ---------------------------------------------------------------
RUN-1001 :          message         |  standard  |     standard     |        
RUN-1001 :   mixed_pack_place_flow  |     on     |        on        |        
RUN-1001 :        qor_monitor       |    off     |       off        |        
RUN-1001 :        syn_ip_flow       |    off     |       off        |        
RUN-1001 :          thread          |    auto    |       auto       |        
RUN-1001 : ---------------------------------------------------------------
RUN-1001 : Print Design Property
RUN-1001 : --------------------------------------------------------------
RUN-1001 :        Parameters       |  Settings  |  Default Values  |  Note  
RUN-1001 : --------------------------------------------------------------
RUN-1001 :   default_reg_initial   |    auto    |       auto       |        
RUN-1001 :        infer_add        |     on     |        on        |        
RUN-1001 :        infer_fsm        |    off     |       off        |        
RUN-1001 :        infer_mult       |     on     |        on        |        
RUN-1001 :        infer_ram        |     on     |        on        |        
RUN-1001 :        infer_reg        |     on     |        on        |        
RUN-1001 :   infer_reg_init_value  |     on     |        on        |        
RUN-1001 :        infer_rom        |     on     |        on        |        
RUN-1001 :      infer_shifter      |     on     |        on        |        
RUN-1001 : --------------------------------------------------------------
RUN-1001 : Print Rtl Property
RUN-1001 : --------------------------------------------------------------
RUN-1001 :        Parameters       |  Settings  |  Default Values  |  Note  
RUN-1001 : --------------------------------------------------------------
RUN-1001 :       compress_add      |   ripple   |      ripple      |        
RUN-1001 :        elf_sload        |    off     |       off        |        
RUN-1001 :       fix_undriven      |     0      |        0         |        
RUN-1001 :         flatten         |    off     |       off        |        
RUN-1001 :       gate_sharing      |     on     |        on        |        
RUN-1001 :    hdl_warning_level    |   normal   |      normal      |        
RUN-1001 :   impl_internal_tribuf  |     on     |        on        |        
RUN-1001 :      impl_set_reset     |     on     |        on        |        
RUN-1001 :        infer_gsr        |    off     |       off        |        
RUN-1001 :      keep_hierarchy     |    auto    |       auto       |        
RUN-1001 :        max_fanout       |    9999    |       9999       |        
RUN-1001 :      max_oh2bin_len     |     10     |        10        |        
RUN-1001 :       merge_equal       |     on     |        on        |        
RUN-1001 :       merge_equiv       |     on     |        on        |        
RUN-1001 :        merge_mux        |    off     |       off        |        
RUN-1001 :     min_control_set     |     8      |        8         |        
RUN-1001 :      min_ripple_len     |    auto    |       auto       |        
RUN-1001 :       oh2bin_ratio      |    0.08    |       0.08       |        
RUN-1001 :     opt_adder_fanout    |     on     |        on        |        
RUN-1001 :        opt_arith        |     on     |        on        |        
RUN-1001 :       opt_big_gate      |    off     |       off        |        
RUN-1001 :        opt_const        |     on     |        on        |        
RUN-1001 :      opt_const_mult     |     on     |        on        |        
RUN-1001 :       opt_lessthan      |     on     |        on        |        
RUN-1001 :         opt_mux         |    off     |       off        |        
RUN-1001 :         opt_ram         |    high    |       high       |        
RUN-1001 :      rtl_sim_model      |    off     |       off        |        
RUN-1001 :         seq_syn         |     on     |        on        |        
RUN-1001 : --------------------------------------------------------------
HDL-1007 : analyze verilog file ../../../src/Digitron_TimeDisplay_module.v
HDL-1007 : analyze verilog file ../../../src/key_filter.v
HDL-1007 : analyze verilog file ../../../src/keyboard_instance.v
HDL-1007 : analyze verilog file ../../../src/keyboard_scan.v
HDL-1007 : analyze verilog file ../../../src/onehot2binary.v
RUN-1001 : Project manager successfully analyzed 5 source files.
RUN-1002 : start command "import_device eagle_s20.db -package EG4S20BG256"
ARC-1001 : Device Initialization.
ARC-1001 : ------------------------------------------------------------------
ARC-1001 :            OPTION            |          IO          |   SETTING   
ARC-1001 : ------------------------------------------------------------------
ARC-1001 :   cso_b/cclk/mosi/miso/dout  |  T3/R11/T10/P10/S11  |    gpio    
ARC-1001 :             done             |         P13          |    gpio    
ARC-1001 :           program_b          |          T2          |  dedicate  
ARC-1001 :        tdi/tms/tck/tdo       |   C12/A15/C14/E14    |  dedicate  
ARC-1001 : ------------------------------------------------------------------
ARC-1004 : Device setting, marked 5 dedicate IOs in total.
RUN-1002 : start command "import_db ../syn_1/keyboard_gate.db"
RUN-1001 : Importing database generated by Tang Dynasty, V5.6.59063.
RUN-1001 : Database version number 46140.
RUN-1001 : Import flow parameters
RUN-1001 : Import timing constraints
RUN-1001 : Import IO constraints
RUN-1001 : Import Inst constraints
RUN-1001 : Import design success TD_VERSION=5.6.59063 , DB_VERSION=46140
RUN-1002 : start command "read_sdc"
USR-1002 : read_sdc file_name -help -h -eco
USR-1009 : NO module with IP_SDC ...
RUN-1104 : Import SDC file  finished, there are 0 nets kept by constraints.
RUN-1002 : start command "place"
RUN-1001 : Open license file E:/Anlogic/TD5.6.59063/license/Anlogic.lic
RUN-1001 : Print Global Property
RUN-1001 : ---------------------------------------------------------------
RUN-1001 :        Parameters        |  Settings  |  Default Values  |  Note  
RUN-1001 : ---------------------------------------------------------------
RUN-1001 :          message         |  standard  |     standard     |        
RUN-1001 :   mixed_pack_place_flow  |     on     |        on        |        
RUN-1001 :        qor_monitor       |    off     |       off        |        
RUN-1001 :        syn_ip_flow       |    off     |       off        |        
RUN-1001 :          thread          |    auto    |       auto       |        
RUN-1001 : ---------------------------------------------------------------
RUN-1001 : Print Place Property
RUN-1001 : --------------------------------------------------------------
RUN-1001 :        Parameters       |  Settings  |  Default Values  |  Note  
RUN-1001 : --------------------------------------------------------------
RUN-1001 :      detailed_place     |     on     |        on        |        
RUN-1001 :          effort         |   medium   |      medium      |        
RUN-1001 :         fix_hold        |    off     |       off        |        
RUN-1001 :       legalization      |    ori     |       ori        |        
RUN-1001 :      new_spreading      |     on     |        on        |        
RUN-1001 :        opt_timing       |   medium   |      medium      |        
RUN-1001 :   post_clock_route_opt  |    off     |       off        |        
RUN-1001 :       pr_strategy       |     1      |        1         |        
RUN-1001 :        relaxation       |    1.00    |       1.00       |        
RUN-1001 :         retiming        |    off     |       off        |        
RUN-1001 : --------------------------------------------------------------
PHY-3001 : Placer runs in 16 thread(s).
RUN-1002 : start command "legalize_phy_inst"
SYN-1011 : Flatten model keyboard_instance
RUN-1002 : start command "phys_opt -simplify_lut"
SYN-4024 : Net "clk_50M_dup_1" drives clk pins.
SYN-4024 : Net "U1/scan_clk" drives clk pins.
SYN-4025 : Tag rtl::Net U1/scan_clk as clock net
SYN-4025 : Tag rtl::Net clk_50M_dup_1 as clock net
SYN-4026 : Tagged 2 rtl::Net as clock net
SYN-4015 : Create BUFG instance for clk Net U1/scan_clk to drive 20 clock pins.
PHY-1001 : Populate physical database on model keyboard_instance.
RUN-1001 : There are total 587 instances
RUN-0007 : 243 luts, 201 seqs, 81 mslices, 34 lslices, 24 pads, 0 brams, 0 dsps
RUN-1001 : There are total 704 nets
RUN-1001 : 430 nets have 2 pins
RUN-1001 : 185 nets have [3 - 5] pins
RUN-1001 : 72 nets have [6 - 10] pins
RUN-1001 : 8 nets have [11 - 20] pins
RUN-1001 : 7 nets have [21 - 99] pins
RUN-1001 : 2 nets have 100+ pins
RUN-1001 : Report Control nets information:
RUN-1001 : DFF Distribution
RUN-1001 : ----------------------------------
RUN-1001 :   CE   |  SSR  |  ASR  |  DFF Count  
RUN-1001 : ----------------------------------
RUN-1001 :   No   |  No   |  No   |     100     
RUN-1001 :   No   |  No   |  Yes  |     20      
RUN-1001 :   No   |  Yes  |  No   |     17      
RUN-1001 :   Yes  |  No   |  No   |      0      
RUN-1001 :   Yes  |  No   |  Yes  |     32      
RUN-1001 :   Yes  |  Yes  |  No   |     32      
RUN-1001 : ----------------------------------
RUN-0007 : Control Group Statistic
RUN-0007 : ---------------------------
RUN-0007 :   #CLK  |  #CE  |  #SSR/ASR  
RUN-0007 : ---------------------------
RUN-0007 :    2    |   3   |     3      
RUN-0007 : ---------------------------
RUN-0007 : Control Set = 6
PHY-3001 : Initial placement ...
PHY-3001 : design contains 585 instances, 243 luts, 201 seqs, 115 slices, 12 macros(115 instances: 81 mslices 34 lslices)
PHY-0007 : Cell area utilization is 2%
PHY-3001 : Start timing update ...
RUN-1002 : start command "start_timer -report"
TMR-2505 : Start building timing graph for model keyboard_instance.
TMR-2506 : Build timing graph completely. Port num: 8, tpin num: 2524, tnet num: 702, tinst num: 585, tnode num: 3091, tedge num: 4050.
TMR-2508 : Levelizing timing graph completed, there are 43 levels in total.
TMR-2501 : Timing graph initialized successfully.
TMR-2503 : Start to update net delay, extr mode = 2.
TMR-2504 : Update delay of 702 nets completely.
TMR-2502 : Annotate delay completely, extr mode = 2.
TMR-3001 : Initiate 0 clocks from SDC.
TMR-3004 : Map sdc constraints, there are 0 constraints in total.
TMR-3003 : Constraints initiated successfully.
TMR-3501 : Forward propagation: start to calculate arrival time...
TMR-3502 : Backward propagation: start to calculate required time...
TMR-3503 : Timing propagation completes.
PHY-3001 : End timing update;  0.137817s wall, 0.093750s user + 0.000000s system = 0.093750s CPU (68.0%)

PHY-3001 : Global placement ...
PHY-3001 : Initial: Len = 167962
PHY-3001 : Clustering ...
PHY-3001 : Level 0 #clusters 585.
PHY-3001 : End clustering;  0.000015s wall, 0.000000s user + 0.000000s system = 0.000000s CPU (n/a%)

PHY-3001 : Run with size of 4
PHY-3001 : Cell area utilization is 2%
PHY-3001 : :::0::: Try harder cell spreading with beta_ = 0
PHY-3002 : Step(1): len = 110907, overlap = 0
PHY-3002 : Step(2): len = 70498.4, overlap = 0
PHY-3002 : Step(3): len = 49488.5, overlap = 0
PHY-3002 : Step(4): len = 37316.6, overlap = 0
PHY-3002 : Step(5): len = 30159.9, overlap = 0
PHY-3002 : Step(6): len = 26015.2, overlap = 0
PHY-3002 : Step(7): len = 22160.8, overlap = 0
PHY-3002 : Step(8): len = 19244.9, overlap = 2
PHY-3002 : Step(9): len = 17858.3, overlap = 2
PHY-3002 : Step(10): len = 17558.5, overlap = 2
PHY-3002 : Step(11): len = 16884.1, overlap = 1.75
PHY-3002 : Step(12): len = 16749.9, overlap = 1.75
PHY-3002 : Step(13): len = 16344.9, overlap = 2
PHY-3002 : Step(14): len = 15692, overlap = 2
PHY-3002 : Step(15): len = 15076.9, overlap = 2
PHY-3002 : Step(16): len = 15333.7, overlap = 2.25
PHY-3002 : Step(17): len = 14497.7, overlap = 1.375
PHY-3002 : Step(18): len = 14746.6, overlap = 0.875
PHY-3002 : Step(19): len = 14949.3, overlap = 0.5625
PHY-3002 : Step(20): len = 13824.6, overlap = 0.3125
PHY-3002 : Step(21): len = 13315.1, overlap = 0.1875
PHY-3002 : Step(22): len = 13591.2, overlap = 0.625
PHY-3002 : Step(23): len = 12711.6, overlap = 0.875
PHY-3002 : Step(24): len = 12718.3, overlap = 1.5625
PHY-3002 : Step(25): len = 12873.7, overlap = 4.4375
PHY-3002 : Step(26): len = 11781.4, overlap = 4.4375
PHY-3002 : Step(27): len = 12031.2, overlap = 4.5625
PHY-3002 : Step(28): len = 12228.8, overlap = 6.3125
PHY-3002 : Step(29): len = 11920.8, overlap = 5.1875
PHY-3002 : Step(30): len = 11563.5, overlap = 4.375
PHY-3002 : Step(31): len = 11733, overlap = 0.25
PHY-3002 : Step(32): len = 11420.4, overlap = 0
PHY-3002 : Step(33): len = 11467.3, overlap = 0
PHY-3002 : Step(34): len = 11556.4, overlap = 0
PHY-3002 : Step(35): len = 10644.7, overlap = 0
PHY-3002 : Step(36): len = 10569.7, overlap = 0
PHY-3002 : Step(37): len = 10504.4, overlap = 0
PHY-3002 : Step(38): len = 9968.5, overlap = 0.0625
PHY-3002 : Step(39): len = 10101.9, overlap = 0.1875
PHY-3002 : Step(40): len = 10252.6, overlap = 0.1875
PHY-3001 : Legalization ...
PHY-3001 : End legalization;  0.003195s wall, 0.000000s user + 0.000000s system = 0.000000s CPU (n/a%)

PHY-3001 : Run with size of 4
PHY-3001 : Cell area utilization is 3%
PHY-3001 : Update timing in Manhattan mode ...
TMR-2503 : Start to update net delay, extr mode = 3.
TMR-2504 : Update delay of 702 nets completely.
TMR-2502 : Annotate delay completely, extr mode = 3.
TMR-3501 : Forward propagation: start to calculate arrival time...
TMR-3502 : Backward propagation: start to calculate required time...
TMR-3503 : Timing propagation completes.
PHY-3001 : End timing update;  0.007215s wall, 0.000000s user + 0.000000s system = 0.000000s CPU (n/a%)

PHY-3001 : :::0::: Try harder cell spreading with beta_ = 0.000430586
PHY-3002 : Step(41): len = 9698.4, overlap = 7.15625
PHY-3002 : Step(42): len = 9701.1, overlap = 6.96875
PHY-3002 : Step(43): len = 9816.7, overlap = 6.625
PHY-3001 : Run with size of 2
PHY-3001 : Cell area utilization is 3%
PHY-3001 : Update timing in Manhattan mode ...
TMR-2503 : Start to update net delay, extr mode = 3.
TMR-2504 : Update delay of 702 nets completely.
TMR-2502 : Annotate delay completely, extr mode = 3.
TMR-3501 : Forward propagation: start to calculate arrival time...
TMR-3502 : Backward propagation: start to calculate required time...
TMR-3503 : Timing propagation completes.
PHY-3001 : End timing update;  0.006925s wall, 0.000000s user + 0.000000s system = 0.000000s CPU (n/a%)

PHY-3001 : :::0::: Try harder cell spreading with beta_ = 3.90522e-05
PHY-3002 : Step(44): len = 10179.2, overlap = 26.4062
PHY-3002 : Step(45): len = 10739.8, overlap = 14.5
PHY-3002 : Step(46): len = 11051.7, overlap = 13.7812
PHY-3002 : Step(47): len = 11434.8, overlap = 15.9062
PHY-3002 : Step(48): len = 11086.4, overlap = 14.4375
PHY-3002 : Step(49): len = 10623, overlap = 13.375
PHY-3002 : Step(50): len = 10645.5, overlap = 13.5625
PHY-3002 : Step(51): len = 10570.1, overlap = 13.3438
PHY-3001 : :::1::: Try harder cell spreading with beta_ = 7.81044e-05
PHY-3002 : Step(52): len = 10622.8, overlap = 9.40625
PHY-3002 : Step(53): len = 10537.7, overlap = 11.6562
PHY-3002 : Step(54): len = 10611.5, overlap = 9.5625
PHY-3001 : :::2::: Try harder cell spreading with beta_ = 0.000156209
PHY-3002 : Step(55): len = 11024.9, overlap = 10.5625
PHY-3002 : Step(56): len = 11059.5, overlap = 10.5625
PHY-3002 : Step(57): len = 11082.4, overlap = 10.5312
OPT-1001 : Start physical optimization ...
RUN-1002 : start command "start_timer -report"
TMR-2505 : Start building timing graph for model keyboard_instance.
TMR-2506 : Build timing graph completely. Port num: 8, tpin num: 2524, tnet num: 702, tinst num: 585, tnode num: 3091, tedge num: 4050.
TMR-2508 : Levelizing timing graph completed, there are 43 levels in total.
TMR-2501 : Timing graph initialized successfully.
OPT-1001 : Total overflow 40.53 peak overflow 2.03
OPT-1001 : Start high-fanout net optimization ...
OPT-1001 : Update timing in global mode
PHY-1001 : Start incremental global routing, caller is place ...
RUN-1001 : Generating global routing grids ...
RUN-1001 : Building simple global routing graph ...
PHY-1001 : Generate routing nets ...
PHY-1001 : Reuse net number 0/704.
PHY-1001 : Global iterations in 16 thread ...
PHY-1002 : len = 11896, over cnt = 44(0%), over = 149, worst = 13
PHY-1001 : End global iterations;  0.032968s wall, 0.015625s user + 0.015625s system = 0.031250s CPU (94.8%)

PHY-1001 : Congestion index: top1 = 17.91, top5 = 7.78, top10 = 4.20, top15 = 2.80.
PHY-1001 : End incremental global routing;  0.080635s wall, 0.031250s user + 0.015625s system = 0.046875s CPU (58.1%)

TMR-2503 : Start to update net delay, extr mode = 5.
TMR-2504 : Update delay of 702 nets completely.
TMR-2502 : Annotate delay completely, extr mode = 5.
TMR-3001 : Initiate 0 clocks from SDC.
TMR-3004 : Map sdc constraints, there are 0 constraints in total.
TMR-3003 : Constraints initiated successfully.
TMR-3501 : Forward propagation: start to calculate arrival time...
TMR-3502 : Backward propagation: start to calculate required time...
TMR-3503 : Timing propagation completes.
OPT-1001 : End timing update;  0.008918s wall, 0.000000s user + 0.000000s system = 0.000000s CPU (n/a%)

OPT-1001 : 0 high-fanout net processed.
OPT-1001 : End high-fanout net optimization;  0.096518s wall, 0.046875s user + 0.015625s system = 0.062500s CPU (64.8%)

OPT-1001 : Current memory(MB): used = 148, reserve = 120, peak = 148.
OPT-1001 : Start global optimization ...
OPT-1001 : Start congestion update ...
RUN-1001 : Generating global routing grids ...
PHY-1001 : Generate routing nets ...
PHY-1001 : Reuse net number 365/704.
PHY-1001 : Global iterations in 16 thread ...
PHY-1002 : len = 11896, over cnt = 44(0%), over = 149, worst = 13
PHY-1002 : len = 13216, over cnt = 14(0%), over = 18, worst = 3
PHY-1002 : len = 13312, over cnt = 5(0%), over = 6, worst = 2
PHY-1002 : len = 13376, over cnt = 0(0%), over = 0, worst = 0
PHY-1001 : End global iterations;  0.023973s wall, 0.000000s user + 0.000000s system = 0.000000s CPU (n/a%)

PHY-1001 : Congestion index: top1 = 16.72, top5 = 8.28, top10 = 4.56, top15 = 3.04.
OPT-1001 : End congestion update;  0.064559s wall, 0.000000s user + 0.000000s system = 0.000000s CPU (n/a%)

OPT-1001 : Update timing in Manhattan mode
TMR-2503 : Start to update net delay, extr mode = 3.
TMR-2504 : Update delay of 702 nets completely.
TMR-2502 : Annotate delay completely, extr mode = 3.
TMR-3501 : Forward propagation: start to calculate arrival time...
TMR-3502 : Backward propagation: start to calculate required time...
TMR-3503 : Timing propagation completes.
OPT-1001 : End timing update;  0.007290s wall, 0.000000s user + 0.000000s system = 0.000000s CPU (n/a%)

OPT-0007 : Start: WNS 2147483647 TNS 0 NUM_FEPS 0
OPT-1001 : End global optimization;  0.071945s wall, 0.000000s user + 0.000000s system = 0.000000s CPU (n/a%)

OPT-1001 : Current memory(MB): used = 149, reserve = 121, peak = 149.
OPT-1001 : End physical optimization;  0.331594s wall, 0.093750s user + 0.015625s system = 0.109375s CPU (33.0%)

PHY-3001 : Start packing ...
SYN-4007 : Packing 0 MUX to BLE ...
SYN-4008 : Packed 0 MUX and 0 SEQ to BLE.
SYN-4007 : Packing 243 LUT to BLE ...
SYN-4008 : Packed 243 LUT and 79 SEQ to BLE.
SYN-4003 : Packing 122 remaining SEQ's ...
SYN-4005 : Packed 51 SEQ with LUT/SLICE
SYN-4006 : 123 single LUT's are left
SYN-4006 : 71 single SEQ's are left
SYN-4011 : Packing model "keyboard_instance" (AL_USER_NORMAL) with 314/457 primitive instances ...
PHY-3001 : End packing;  0.018722s wall, 0.000000s user + 0.000000s system = 0.000000s CPU (n/a%)

PHY-1001 : Populate physical database on model keyboard_instance.
RUN-1001 : There are total 311 instances
RUN-1001 : 141 mslices, 142 lslices, 24 pads, 0 brams, 0 dsps
RUN-1001 : There are total 625 nets
RUN-1001 : 351 nets have 2 pins
RUN-1001 : 185 nets have [3 - 5] pins
RUN-1001 : 72 nets have [6 - 10] pins
RUN-1001 : 10 nets have [11 - 20] pins
RUN-1001 : 5 nets have [21 - 99] pins
RUN-1001 : 2 nets have 100+ pins
PHY-3001 : design contains 309 instances, 283 slices, 12 macros(115 instances: 81 mslices 34 lslices)
PHY-3001 : Cell area utilization is 3%
PHY-3001 : After packing: Len = 11309.8, Over = 21
PHY-3001 : Run with size of 2
PHY-3001 : Cell area utilization is 3%
PHY-3001 : Update timing in Manhattan mode ...
RUN-1002 : start command "start_timer -report"
TMR-2505 : Start building timing graph for model keyboard_instance.
TMR-2506 : Build timing graph completely. Port num: 8, tpin num: 2216, tnet num: 623, tinst num: 309, tnode num: 2633, tedge num: 3673.
TMR-2508 : Levelizing timing graph completed, there are 41 levels in total.
TMR-2501 : Timing graph initialized successfully.
TMR-2503 : Start to update net delay, extr mode = 3.
TMR-2504 : Update delay of 623 nets completely.
TMR-2502 : Annotate delay completely, extr mode = 3.
TMR-3001 : Initiate 0 clocks from SDC.
TMR-3004 : Map sdc constraints, there are 0 constraints in total.
TMR-3003 : Constraints initiated successfully.
TMR-3501 : Forward propagation: start to calculate arrival time...
TMR-3502 : Backward propagation: start to calculate required time...
TMR-3503 : Timing propagation completes.
PHY-3001 : End timing update;  0.155944s wall, 0.093750s user + 0.000000s system = 0.093750s CPU (60.1%)

PHY-3001 : :::0::: Try harder cell spreading with beta_ = 1.32463e-05
PHY-3002 : Step(58): len = 11070.1, overlap = 23.5
PHY-3002 : Step(59): len = 11119, overlap = 24.5
PHY-3002 : Step(60): len = 10718.6, overlap = 26.25
PHY-3002 : Step(61): len = 10291.4, overlap = 26.75
PHY-3002 : Step(62): len = 10269.3, overlap = 26.5
PHY-3002 : Step(63): len = 10065.9, overlap = 26.5
PHY-3001 : :::1::: Try harder cell spreading with beta_ = 2.64926e-05
PHY-3002 : Step(64): len = 10445, overlap = 24.5
PHY-3002 : Step(65): len = 10573.1, overlap = 23.75
PHY-3002 : Step(66): len = 10765.6, overlap = 23.5
PHY-3001 : :::2::: Try harder cell spreading with beta_ = 5.29851e-05
PHY-3002 : Step(67): len = 10969.8, overlap = 22.5
PHY-3002 : Step(68): len = 11108.3, overlap = 22.25
PHY-3002 : Step(69): len = 11322.3, overlap = 18.75
PHY-3001 : Legalization ...
PHY-3001 : End legalization;  0.066557s wall, 0.015625s user + 0.015625s system = 0.031250s CPU (47.0%)

PHY-3001 : Trial Legalized: Len = 17851
PHY-3001 : Run with size of 2
PHY-3001 : Cell area utilization is 3%
PHY-3001 : Update timing in Manhattan mode ...
TMR-2503 : Start to update net delay, extr mode = 3.
TMR-2504 : Update delay of 623 nets completely.
TMR-2502 : Annotate delay completely, extr mode = 3.
TMR-3501 : Forward propagation: start to calculate arrival time...
TMR-3502 : Backward propagation: start to calculate required time...
TMR-3503 : Timing propagation completes.
PHY-3001 : End timing update;  0.006390s wall, 0.000000s user + 0.000000s system = 0.000000s CPU (n/a%)

PHY-3001 : :::0::: Try harder cell spreading with beta_ = 0.000843391
PHY-3002 : Step(70): len = 15064.5, overlap = 2.75
PHY-3002 : Step(71): len = 13828, overlap = 5
PHY-3002 : Step(72): len = 12556.1, overlap = 6.75
PHY-3002 : Step(73): len = 12250.3, overlap = 7.5
PHY-3002 : Step(74): len = 12205.1, overlap = 7.25
PHY-3002 : Step(75): len = 12131.8, overlap = 8.25
PHY-3002 : Step(76): len = 12011.6, overlap = 8
PHY-3002 : Step(77): len = 11999.3, overlap = 8.25
PHY-3001 : :::1::: Try harder cell spreading with beta_ = 0.00168678
PHY-3002 : Step(78): len = 11982.1, overlap = 8
PHY-3002 : Step(79): len = 11975.7, overlap = 8
PHY-3001 : :::2::: Try harder cell spreading with beta_ = 0.00337356
PHY-3002 : Step(80): len = 12006.1, overlap = 8.25
PHY-3002 : Step(81): len = 12025.3, overlap = 8.25
PHY-3001 : Legalization ...
PHY-3001 : End legalization;  0.005152s wall, 0.000000s user + 0.000000s system = 0.000000s CPU (n/a%)

PHY-3001 : Legalized: Len = 14709.5, Over = 0
PHY-3001 : End spreading;  0.002674s wall, 0.000000s user + 0.000000s system = 0.000000s CPU (n/a%)

PHY-3001 : Final: Len = 14709.5, Over = 0
OPT-1001 : Start physical optimization ...
RUN-1002 : start command "start_timer -report"
TMR-2505 : Start building timing graph for model keyboard_instance.
TMR-2506 : Build timing graph completely. Port num: 8, tpin num: 2216, tnet num: 623, tinst num: 309, tnode num: 2633, tedge num: 3673.
TMR-2508 : Levelizing timing graph completed, there are 41 levels in total.
TMR-2501 : Timing graph initialized successfully.
OPT-1001 : Total overflow 0.00 peak overflow 0.00
OPT-1001 : Start high-fanout net optimization ...
OPT-1001 : Update timing in global mode
PHY-1001 : Start incremental global routing, caller is place ...
RUN-1001 : Generating global routing grids ...
PHY-1001 : Generate routing nets ...
PHY-1001 : Reuse net number 8/625.
PHY-1001 : Global iterations in 16 thread ...
PHY-1002 : len = 17168, over cnt = 48(0%), over = 71, worst = 4
PHY-1002 : len = 17432, over cnt = 21(0%), over = 30, worst = 3
PHY-1002 : len = 17768, over cnt = 4(0%), over = 4, worst = 1
PHY-1002 : len = 17840, over cnt = 0(0%), over = 0, worst = 0
PHY-1001 : End global iterations;  0.074997s wall, 0.000000s user + 0.000000s system = 0.000000s CPU (n/a%)

PHY-1001 : Congestion index: top1 = 18.56, top5 = 11.03, top10 = 6.48, top15 = 4.33.
PHY-1001 : End incremental global routing;  0.118856s wall, 0.031250s user + 0.000000s system = 0.031250s CPU (26.3%)

TMR-2503 : Start to update net delay, extr mode = 5.
TMR-2504 : Update delay of 623 nets completely.
TMR-2502 : Annotate delay completely, extr mode = 5.
TMR-3001 : Initiate 0 clocks from SDC.
TMR-3004 : Map sdc constraints, there are 0 constraints in total.
TMR-3003 : Constraints initiated successfully.
TMR-3501 : Forward propagation: start to calculate arrival time...
TMR-3502 : Backward propagation: start to calculate required time...
TMR-3503 : Timing propagation completes.
OPT-1001 : End timing update;  0.009314s wall, 0.015625s user + 0.000000s system = 0.015625s CPU (167.8%)

OPT-1001 : 0 high-fanout net processed.
OPT-1001 : End high-fanout net optimization;  0.134736s wall, 0.046875s user + 0.000000s system = 0.046875s CPU (34.8%)

OPT-1001 : Current memory(MB): used = 151, reserve = 123, peak = 152.
OPT-1001 : Start path based optimization ...
OPT-1001 : Start congestion update ...
RUN-1001 : Generating global routing grids ...
PHY-1001 : Generate routing nets ...
PHY-1001 : Reuse net number 497/625.
PHY-1001 : Global iterations in 16 thread ...
PHY-1002 : len = 17840, over cnt = 0(0%), over = 0, worst = 0
PHY-1001 : End global iterations;  0.001914s wall, 0.000000s user + 0.000000s system = 0.000000s CPU (n/a%)

PHY-1001 : Congestion index: top1 = 18.56, top5 = 11.03, top10 = 6.48, top15 = 4.33.
OPT-1001 : End congestion update;  0.041800s wall, 0.046875s user + 0.000000s system = 0.046875s CPU (112.1%)

OPT-1001 : Update timing in Manhattan mode
TMR-2503 : Start to update net delay, extr mode = 3.
TMR-2504 : Update delay of 623 nets completely.
TMR-2502 : Annotate delay completely, extr mode = 3.
TMR-3501 : Forward propagation: start to calculate arrival time...
TMR-3502 : Backward propagation: start to calculate required time...
TMR-3503 : Timing propagation completes.
OPT-1001 : End timing update;  0.006788s wall, 0.000000s user + 0.000000s system = 0.000000s CPU (n/a%)

OPT-0007 : Start: WNS 2147483647 TNS 0 NUM_FEPS 0
OPT-1001 : End path based optimization;  0.048666s wall, 0.046875s user + 0.000000s system = 0.046875s CPU (96.3%)

OPT-1001 : Current memory(MB): used = 151, reserve = 124, peak = 152.
OPT-1001 : Update timing in Manhattan mode
TMR-2503 : Start to update net delay, extr mode = 3.
TMR-2504 : Update delay of 623 nets completely.
TMR-2502 : Annotate delay completely, extr mode = 3.
TMR-3501 : Forward propagation: start to calculate arrival time...
TMR-3502 : Backward propagation: start to calculate required time...
TMR-3503 : Timing propagation completes.
OPT-1001 : End timing update;  0.005579s wall, 0.000000s user + 0.000000s system = 0.000000s CPU (n/a%)

OPT-1001 : Start pin optimization...
OPT-1001 : skip pin optimization...
OPT-1001 : Update timing in global mode
PHY-1001 : Start incremental global routing, caller is place ...
RUN-1001 : Generating global routing grids ...
PHY-1001 : Generate routing nets ...
PHY-1001 : Reuse net number 497/625.
PHY-1001 : Global iterations in 16 thread ...
PHY-1002 : len = 17840, over cnt = 0(0%), over = 0, worst = 0
PHY-1001 : End global iterations;  0.002112s wall, 0.000000s user + 0.000000s system = 0.000000s CPU (n/a%)

PHY-1001 : Congestion index: top1 = 18.56, top5 = 11.03, top10 = 6.48, top15 = 4.33.
PHY-1001 : End incremental global routing;  0.047140s wall, 0.015625s user + 0.000000s system = 0.015625s CPU (33.1%)

TMR-2503 : Start to update net delay, extr mode = 5.
TMR-2504 : Update delay of 623 nets completely.
TMR-2502 : Annotate delay completely, extr mode = 5.
TMR-3501 : Forward propagation: start to calculate arrival time...
TMR-3502 : Backward propagation: start to calculate required time...
TMR-3503 : Timing propagation completes.
OPT-1001 : End timing update;  0.011829s wall, 0.000000s user + 0.000000s system = 0.000000s CPU (n/a%)

RUN-1001 : Generating global routing grids ...
PHY-1001 : Generate routing nets ...
PHY-1001 : Reuse net number 497/625.
PHY-1001 : Global iterations in 16 thread ...
PHY-1002 : len = 17840, over cnt = 0(0%), over = 0, worst = 0
PHY-1001 : End global iterations;  0.002346s wall, 0.000000s user + 0.000000s system = 0.000000s CPU (n/a%)

PHY-1001 : Congestion index: top1 = 18.56, top5 = 11.03, top10 = 6.48, top15 = 4.33.
OPT-1001 : Update timing in Manhattan mode
TMR-2503 : Start to update net delay, extr mode = 3.
TMR-2504 : Update delay of 623 nets completely.
TMR-2502 : Annotate delay completely, extr mode = 3.
TMR-3501 : Forward propagation: start to calculate arrival time...
TMR-3502 : Backward propagation: start to calculate required time...
TMR-3503 : Timing propagation completes.
OPT-1001 : End timing update;  0.007300s wall, 0.000000s user + 0.000000s system = 0.000000s CPU (n/a%)

RUN-1001 : QoR Analysis:
OPT-0007 :   WNS 2147483647 TNS 0 NUM_FEPS 0
RUN-1001 :   No local congestion issue, and most congested 1% tile average routing util is 18.137931
RUN-1001 :   Top critical paths
OPT-1001 : End physical optimization;  0.487209s wall, 0.218750s user + 0.000000s system = 0.218750s CPU (44.9%)

RUN-1003 : finish command "place" in  3.235198s wall, 0.890625s user + 0.468750s system = 1.359375s CPU (42.0%)

RUN-1004 : used memory is 134 MB, reserved memory is 106 MB, peak memory is 152 MB
RUN-1002 : start command "export_db keyboard_place.db"
RUN-1001 : Exported /
RUN-1001 : Exported flow parameters
RUN-1001 : Exported libs
RUN-1001 : Exported entities
RUN-1001 : Exported ports
RUN-1001 : Exported pins
RUN-1001 : Exported instances
RUN-1001 : Exported nets
RUN-1001 : Exported buses
RUN-1001 : Exported models
RUN-1001 : Exported congestions
RUN-1001 : Exported violations
RUN-1001 : Exported timing constraints
RUN-1001 : Exported IO constraints
RUN-1001 : Exported Inst constraints
RUN-1002 : start command "route"
RUN-1001 : Open license file E:/Anlogic/TD5.6.59063/license/Anlogic.lic
RUN-1001 : Print Global Property
RUN-1001 : ---------------------------------------------------------------
RUN-1001 :        Parameters        |  Settings  |  Default Values  |  Note  
RUN-1001 : ---------------------------------------------------------------
RUN-1001 :          message         |  standard  |     standard     |        
RUN-1001 :   mixed_pack_place_flow  |     on     |        on        |        
RUN-1001 :        qor_monitor       |    off     |       off        |        
RUN-1001 :        syn_ip_flow       |    off     |       off        |        
RUN-1001 :          thread          |    auto    |       auto       |        
RUN-1001 : ---------------------------------------------------------------
RUN-1001 : Print Route Property
RUN-1001 : -------------------------------------------------------
RUN-1001 :    Parameters    |  Settings  |  Default Values  |  Note  
RUN-1001 : -------------------------------------------------------
RUN-1001 :      effort      |   medium   |      medium      |        
RUN-1001 :     fix_hold     |    off     |       off        |        
RUN-1001 :    opt_timing    |   medium   |      medium      |        
RUN-1001 :   phy_sim_model  |    off     |       off        |        
RUN-1001 :     priority     |   timing   |      timing      |        
RUN-1001 :     swap_pin     |     on     |        on        |        
RUN-1001 : -------------------------------------------------------
PHY-1001 : Route runs in 16 thread(s)
RUN-1001 : There are total 311 instances
RUN-1001 : 141 mslices, 142 lslices, 24 pads, 0 brams, 0 dsps
RUN-1001 : There are total 625 nets
RUN-1001 : 351 nets have 2 pins
RUN-1001 : 185 nets have [3 - 5] pins
RUN-1001 : 72 nets have [6 - 10] pins
RUN-1001 : 10 nets have [11 - 20] pins
RUN-1001 : 5 nets have [21 - 99] pins
RUN-1001 : 2 nets have 100+ pins
RUN-1002 : start command "start_timer -report"
TMR-2505 : Start building timing graph for model keyboard_instance.
TMR-2506 : Build timing graph completely. Port num: 8, tpin num: 2216, tnet num: 623, tinst num: 309, tnode num: 2633, tedge num: 3673.
TMR-2508 : Levelizing timing graph completed, there are 41 levels in total.
TMR-2501 : Timing graph initialized successfully.
PHY-1001 : 141 mslices, 142 lslices, 24 pads, 0 brams, 0 dsps
TMR-2503 : Start to update net delay, extr mode = 3.
TMR-2504 : Update delay of 623 nets completely.
TMR-2502 : Annotate delay completely, extr mode = 3.
TMR-3001 : Initiate 0 clocks from SDC.
TMR-3004 : Map sdc constraints, there are 0 constraints in total.
TMR-3003 : Constraints initiated successfully.
TMR-3501 : Forward propagation: start to calculate arrival time...
TMR-3502 : Backward propagation: start to calculate required time...
TMR-3503 : Timing propagation completes.
PHY-1001 : Start global routing, caller is route ...
RUN-1001 : Generating global routing grids ...
PHY-1001 : Generate routing nets ...
PHY-1001 : Global iterations in 16 thread ...
PHY-1002 : len = 17104, over cnt = 49(0%), over = 72, worst = 4
PHY-1002 : len = 17368, over cnt = 21(0%), over = 30, worst = 3
PHY-1002 : len = 17704, over cnt = 4(0%), over = 4, worst = 1
PHY-1002 : len = 17776, over cnt = 0(0%), over = 0, worst = 0
PHY-1001 : End global iterations;  0.053732s wall, 0.031250s user + 0.000000s system = 0.031250s CPU (58.2%)

PHY-1001 : Congestion index: top1 = 18.47, top5 = 11.00, top10 = 6.47, top15 = 4.33.
PHY-1001 : End global routing;  0.098014s wall, 0.046875s user + 0.000000s system = 0.046875s CPU (47.8%)

PHY-1001 : Start detail routing ...
PHY-1001 : Current memory(MB): used = 171, reserve = 143, peak = 186.
PHY-1001 : Detailed router is running in normal mode.
PHY-1001 : Generate detailed routing grids ...
PHY-1001 : Generate nets ...
PHY-1001 : net clk_50M_dup_1 will be routed on clock mesh
PHY-1001 : clock net U1/scan_clk_syn_4 will be merged with clock U1/scan_clk
PHY-1001 : Current memory(MB): used = 439, reserve = 416, peak = 439.
PHY-1001 : End build detailed router design. 3.889169s wall, 1.187500s user + 0.015625s system = 1.203125s CPU (30.9%)

PHY-1001 : Detail Route ...
PHY-1001 : ===== Detail Route Phase 1 =====
PHY-1001 : Clock net routing.....
PHY-1001 : Routed 0% nets.
PHY-1022 : len = 7176, over cnt = 0(0%), over = 0, worst = 0, crit = 0
PHY-1001 : End initial clock net routed; 0.446363s wall, 0.109375s user + 0.000000s system = 0.109375s CPU (24.5%)

PHY-1001 : Current memory(MB): used = 469, reserve = 446, peak = 469.
PHY-1001 : End phase 1; 0.455778s wall, 0.109375s user + 0.000000s system = 0.109375s CPU (24.0%)

PHY-1001 : ===== Detail Route Phase 2 =====
PHY-1001 : Initial routing.....
PHY-1001 : Routed 24% nets.
PHY-1001 : Routed 27% nets.
PHY-1001 : Routed 27% nets.
PHY-1001 : Patch 321 net; 0.224050s wall, 0.078125s user + 0.000000s system = 0.078125s CPU (34.9%)

PHY-1022 : len = 33144, over cnt = 24(0%), over = 24, worst = 1, crit = 0
PHY-1001 : Current memory(MB): used = 469, reserve = 446, peak = 469.
PHY-1001 : End initial routed; 0.310567s wall, 0.093750s user + 0.000000s system = 0.093750s CPU (30.2%)

PHY-1001 : Update timing.....
PHY-1001 : 0/496(0%) critical/total net(s).
RUN-1001 : ------------------------------------------
RUN-1001 :   Type   |    WNS(ns)    |  TNS(ns)  |  FEP  
RUN-1001 : ------------------------------------------
RUN-1001 :   Setup  |  2147483.647  |   0.000   |   0   
RUN-1001 :   Hold   |  2147483.647  |   0.000   |   0   
RUN-1001 : ------------------------------------------
PHY-1001 : End update timing; 0.188572s wall, 0.015625s user + 0.000000s system = 0.015625s CPU (8.3%)

PHY-1001 : Current memory(MB): used = 469, reserve = 447, peak = 469.
PHY-1001 : End phase 2; 0.499233s wall, 0.109375s user + 0.000000s system = 0.109375s CPU (21.9%)

PHY-1001 : ===== Detail Route Phase 3 =====
PHY-1001 : Optimize timing.....
PHY-1022 : len = 33144, over cnt = 24(0%), over = 24, worst = 1, crit = 0
PHY-1001 : End optimize timing; 0.005320s wall, 0.015625s user + 0.000000s system = 0.015625s CPU (293.7%)

PHY-1001 : Ripup-reroute.....
PHY-1001 : ===== DR Iter 1 =====
PHY-1022 : len = 33184, over cnt = 0(0%), over = 0, worst = 0, crit = 0
PHY-1001 : End DR Iter 1; 0.050781s wall, 0.000000s user + 0.000000s system = 0.000000s CPU (n/a%)

PHY-1001 : Update timing.....
PHY-1001 : 0/496(0%) critical/total net(s).
RUN-1001 : ------------------------------------------
RUN-1001 :   Type   |    WNS(ns)    |  TNS(ns)  |  FEP  
RUN-1001 : ------------------------------------------
RUN-1001 :   Setup  |  2147483.647  |   0.000   |   0   
RUN-1001 :   Hold   |  2147483.647  |   0.000   |   0   
RUN-1001 : ------------------------------------------
PHY-1001 : End update timing; 0.196446s wall, 0.062500s user + 0.000000s system = 0.062500s CPU (31.8%)

PHY-1001 : Commit to database.....
PHY-1001 : 8 feed throughs used by 7 nets
PHY-1001 : End commit to database; 0.063678s wall, 0.000000s user + 0.015625s system = 0.015625s CPU (24.5%)

PHY-1001 : Current memory(MB): used = 481, reserve = 458, peak = 481.
PHY-1001 : End phase 3; 0.449220s wall, 0.109375s user + 0.015625s system = 0.125000s CPU (27.8%)

PHY-1003 : Routed, final wirelength = 33184
PHY-1001 : Current memory(MB): used = 481, reserve = 458, peak = 481.
PHY-1001 : End export database. 0.006040s wall, 0.000000s user + 0.000000s system = 0.000000s CPU (n/a%)

PHY-1001 : End detail routing;  5.504993s wall, 1.562500s user + 0.046875s system = 1.609375s CPU (29.2%)

RUN-1003 : finish command "route" in  5.821264s wall, 1.640625s user + 0.046875s system = 1.687500s CPU (29.0%)

RUN-1004 : used memory is 423 MB, reserved memory is 399 MB, peak memory is 481 MB
RUN-1002 : start command "report_area -io_info -file keyboard_phy.area"
RUN-1001 : standard
***Report Model: keyboard_instance Device: EG4S20BG256***

IO Statistics
#IO                        24
  #input                    6
  #output                  18
  #inout                    0

Utilization Statistics
#lut                      473   out of  19600    2.41%
#reg                      201   out of  19600    1.03%
#le                       544
  #lut only               343   out of    544   63.05%
  #reg only                71   out of    544   13.05%
  #lut&reg                130   out of    544   23.90%
#dsp                        0   out of     29    0.00%
#bram                       0   out of     64    0.00%
  #bram9k                   0
  #fifo9k                   0
#bram32k                    0   out of     16    0.00%
#pad                       24   out of    188   12.77%
  #ireg                     0
  #oreg                     0
  #treg                     0
#pll                        0   out of      4    0.00%
#gclk                       2   out of     16   12.50%

Clock Resource Statistics
Index     ClockNet         Type               DriverType         Driver                      Fanout
#1        clk_50M_dup_1    GCLK               io                 clk_50M_syn_2.di            110
#2        U1/scan_clk      GCLK               mslice             U1/scan_clk_reg_syn_9.q1    10


Detailed IO Report

        Name           Direction    Location    IOStandard    DriveStrength    PullType    PackReg  
        RSTn             INPUT         A9        LVCMOS33          N/A          PULLUP      NONE    
       clk_50M           INPUT         R7        LVCMOS33          N/A          PULLUP      NONE    
       col[3]            INPUT        F10        LVCMOS33          N/A          PULLUP      NONE    
       col[2]            INPUT        C11        LVCMOS33          N/A          PULLUP      NONE    
       col[1]            INPUT        D11        LVCMOS33          N/A          PULLUP      NONE    
       col[0]            INPUT        E11        LVCMOS33          N/A          PULLUP      NONE    
  DigitronCS_Out[3]     OUTPUT         A3        LVCMOS33           8            NONE       NONE    
  DigitronCS_Out[2]     OUTPUT         A5        LVCMOS33           8            NONE       NONE    
  DigitronCS_Out[1]     OUTPUT         B6        LVCMOS33           8            NONE       NONE    
  DigitronCS_Out[0]     OUTPUT         C9        LVCMOS33           8            NONE       NONE    
   Digitron_Out[7]      OUTPUT         C8        LVCMOS33           8            NONE       NONE    
   Digitron_Out[6]      OUTPUT         A8        LVCMOS33           8            NONE       NONE    
   Digitron_Out[5]      OUTPUT         B5        LVCMOS33           8            NONE       NONE    
   Digitron_Out[4]      OUTPUT         A7        LVCMOS33           8            NONE       NONE    
   Digitron_Out[3]      OUTPUT         E8        LVCMOS33           8            NONE       NONE    
   Digitron_Out[2]      OUTPUT         B8        LVCMOS33           8            NONE       NONE    
   Digitron_Out[1]      OUTPUT         A6        LVCMOS33           8            NONE       NONE    
   Digitron_Out[0]      OUTPUT         A4        LVCMOS33           8            NONE       NONE    
       buzzer           OUTPUT        H11        LVCMOS33           8            NONE       NONE    
        light           OUTPUT        B14        LVCMOS33           8            NONE       NONE    
       row[3]           OUTPUT         D9        LVCMOS33           8            NONE       NONE    
       row[2]           OUTPUT         F9        LVCMOS33           8            NONE       NONE    
       row[1]           OUTPUT        C10        LVCMOS33           8            NONE       NONE    
       row[0]           OUTPUT        E10        LVCMOS33           8            NONE       NONE    

Report Hierarchy Area:
+-------------------------------------------------------------------------------------------+
|Instance |Module                      |le     |lut     |ripple  |seq     |bram    |dsp     |
+-------------------------------------------------------------------------------------------+
|top      |keyboard_instance           |544    |358     |115     |201     |0       |0       |
|  U1     |keyboard_scan               |70     |47      |9       |53      |0       |0       |
|  U2     |key_filter                  |60     |36      |6       |50      |0       |0       |
|  U3     |onehot2binary               |367    |246     |95      |81      |0       |0       |
|  U5     |Digitron_TimeDisplay_module |42     |24      |5       |17      |0       |0       |
+-------------------------------------------------------------------------------------------+


DataNet Average Fanout:

   Index     Fanout    Nets  
    #1         1       327   
    #2         2       131   
    #3         3        27   
    #4         4        27   
    #5        5-10      73   
    #6       11-50      12   
  Average     2.43           

RUN-1002 : start command "export_db keyboard_pr.db"
RUN-1001 : Exported /
RUN-1001 : Exported flow parameters
RUN-1001 : Exported libs
RUN-1001 : Exported entities
RUN-1001 : Exported ports
RUN-1001 : Exported pins
RUN-1001 : Exported instances
RUN-1001 : Exported nets
RUN-1001 : Exported buses
RUN-1001 : Exported models
RUN-1001 : Exported congestions
RUN-1001 : Exported violations
RUN-1001 : Exported timing constraints
RUN-1001 : Exported IO constraints
RUN-1001 : Exported Inst constraints
RUN-1002 : start command "export_bid keyboard_inst.bid"
RUN-1002 : start command "bitgen -bit keyboard.bit -unused_io_status pulldown"
BIT-1003 : Start to generate bitstream. 
BIT-1002 : Bitgen processed 164 unused pads, reserve input tri_state with pulldown
BIT-1002 : Init instances with 16 threads.
BIT-1002 : Init instances completely, inst num: 473
BIT-1002 : Init pips with 16 threads.
BIT-1002 : Init pips completely, net num: 625, pip num: 4194
BIT-1002 : Init feedthrough completely, num: 8
BIT-1003 : Multithreading accelaration with 16 threads.
BIT-1003 : Generate bitstream completely, there are 648 valid insts, and 14209 bits set as '1'.
BIT-1004 : PLL setting string = 0000
BIT-1004 : Generate bits file keyboard.bit.
RUN-1003 : finish command "bitgen -bit keyboard.bit -unused_io_status pulldown" in  1.505352s wall, 5.703125s user + 0.125000s system = 5.828125s CPU (387.2%)

RUN-1004 : used memory is 430 MB, reserved memory is 412 MB, peak memory is 625 MB
RUN-1002 : start command "backup_run_log run.log ../.logs/phy_1/td_20240827_233219.log"
