============================================================
   Tang Dynasty, V5.6.59063
   Copyright (c) 2012-2022 Anlogic
   Executable = E:/Anlogic/TD5.6.59063/bin/td.exe
   Built at =   12:45:13 Sep  6 2022
   Run by =     19234
   Run Date =   Wed Aug 28 13:37:58 2024

   Run on =     ERIKPSW
============================================================
RUN-1002 : start command "open_project keyboard.prj"
RUN-1001 : Print Global Property
RUN-1001 : ---------------------------------------------------------------
RUN-1001 :        Parameters        |  Settings  |  Default Values  |  Note  
RUN-1001 : ---------------------------------------------------------------
RUN-1001 :          message         |  standard  |     standard     |        
RUN-1001 :   mixed_pack_place_flow  |     on     |        on        |        
RUN-1001 :        qor_monitor       |    off     |       off        |        
RUN-1001 :        syn_ip_flow       |    off     |       off        |        
RUN-1001 :          thread          |    auto    |       auto       |        
RUN-1001 : ---------------------------------------------------------------
RUN-1001 : Print Design Property
RUN-1001 : --------------------------------------------------------------
RUN-1001 :        Parameters       |  Settings  |  Default Values  |  Note  
RUN-1001 : --------------------------------------------------------------
RUN-1001 :   default_reg_initial   |    auto    |       auto       |        
RUN-1001 :        infer_add        |     on     |        on        |        
RUN-1001 :        infer_fsm        |    off     |       off        |        
RUN-1001 :        infer_mult       |     on     |        on        |        
RUN-1001 :        infer_ram        |     on     |        on        |        
RUN-1001 :        infer_reg        |     on     |        on        |        
RUN-1001 :   infer_reg_init_value  |     on     |        on        |        
RUN-1001 :        infer_rom        |     on     |        on        |        
RUN-1001 :      infer_shifter      |     on     |        on        |        
RUN-1001 : --------------------------------------------------------------
RUN-1001 : Print Rtl Property
RUN-1001 : --------------------------------------------------------------
RUN-1001 :        Parameters       |  Settings  |  Default Values  |  Note  
RUN-1001 : --------------------------------------------------------------
RUN-1001 :       compress_add      |   ripple   |      ripple      |        
RUN-1001 :        elf_sload        |    off     |       off        |        
RUN-1001 :       fix_undriven      |     0      |        0         |        
RUN-1001 :         flatten         |    off     |       off        |        
RUN-1001 :       gate_sharing      |     on     |        on        |        
RUN-1001 :    hdl_warning_level    |   normal   |      normal      |        
RUN-1001 :   impl_internal_tribuf  |     on     |        on        |        
RUN-1001 :      impl_set_reset     |     on     |        on        |        
RUN-1001 :        infer_gsr        |    off     |       off        |        
RUN-1001 :      keep_hierarchy     |    auto    |       auto       |        
RUN-1001 :        max_fanout       |    9999    |       9999       |        
RUN-1001 :      max_oh2bin_len     |     10     |        10        |        
RUN-1001 :       merge_equal       |     on     |        on        |        
RUN-1001 :       merge_equiv       |     on     |        on        |        
RUN-1001 :        merge_mux        |    off     |       off        |        
RUN-1001 :     min_control_set     |     8      |        8         |        
RUN-1001 :      min_ripple_len     |    auto    |       auto       |        
RUN-1001 :       oh2bin_ratio      |    0.08    |       0.08       |        
RUN-1001 :     opt_adder_fanout    |     on     |        on        |        
RUN-1001 :        opt_arith        |     on     |        on        |        
RUN-1001 :       opt_big_gate      |    off     |       off        |        
RUN-1001 :        opt_const        |     on     |        on        |        
RUN-1001 :      opt_const_mult     |     on     |        on        |        
RUN-1001 :       opt_lessthan      |     on     |        on        |        
RUN-1001 :         opt_mux         |    off     |       off        |        
RUN-1001 :         opt_ram         |    high    |       high       |        
RUN-1001 :      rtl_sim_model      |    off     |       off        |        
RUN-1001 :         seq_syn         |     on     |        on        |        
RUN-1001 : --------------------------------------------------------------
HDL-1007 : analyze verilog file ../../../src/Digitron_TimeDisplay_module.v
HDL-1007 : analyze verilog file ../../../src/key_filter.v
HDL-1007 : analyze verilog file ../../../src/keyboard_instance.v
HDL-1007 : analyze verilog file ../../../src/keyboard_scan.v
HDL-1007 : analyze verilog file ../../../src/onehot2binary.v
RUN-1001 : Project manager successfully analyzed 5 source files.
RUN-1002 : start command "import_device eagle_s20.db -package EG4S20BG256"
ARC-1001 : Device Initialization.
ARC-1001 : ------------------------------------------------------------------
ARC-1001 :            OPTION            |          IO          |   SETTING   
ARC-1001 : ------------------------------------------------------------------
ARC-1001 :   cso_b/cclk/mosi/miso/dout  |  T3/R11/T10/P10/S11  |    gpio    
ARC-1001 :             done             |         P13          |    gpio    
ARC-1001 :           program_b          |          T2          |  dedicate  
ARC-1001 :        tdi/tms/tck/tdo       |   C12/A15/C14/E14    |  dedicate  
ARC-1001 : ------------------------------------------------------------------
ARC-1004 : Device setting, marked 5 dedicate IOs in total.
RUN-1002 : start command "import_db ../syn_1/keyboard_gate.db"
RUN-1001 : Importing database generated by Tang Dynasty, V5.6.59063.
RUN-1001 : Database version number 46140.
RUN-1001 : Import flow parameters
RUN-1001 : Import timing constraints
RUN-1001 : Import IO constraints
RUN-1001 : Import Inst constraints
RUN-1001 : Import design success TD_VERSION=5.6.59063 , DB_VERSION=46140
RUN-1002 : start command "read_sdc"
USR-1002 : read_sdc file_name -help -h -eco
USR-1009 : NO module with IP_SDC ...
RUN-1104 : Import SDC file  finished, there are 0 nets kept by constraints.
RUN-1002 : start command "place"
RUN-1001 : Open license file E:/Anlogic/TD5.6.59063/license/Anlogic.lic
RUN-1001 : Print Global Property
RUN-1001 : ---------------------------------------------------------------
RUN-1001 :        Parameters        |  Settings  |  Default Values  |  Note  
RUN-1001 : ---------------------------------------------------------------
RUN-1001 :          message         |  standard  |     standard     |        
RUN-1001 :   mixed_pack_place_flow  |     on     |        on        |        
RUN-1001 :        qor_monitor       |    off     |       off        |        
RUN-1001 :        syn_ip_flow       |    off     |       off        |        
RUN-1001 :          thread          |    auto    |       auto       |        
RUN-1001 : ---------------------------------------------------------------
RUN-1001 : Print Place Property
RUN-1001 : --------------------------------------------------------------
RUN-1001 :        Parameters       |  Settings  |  Default Values  |  Note  
RUN-1001 : --------------------------------------------------------------
RUN-1001 :      detailed_place     |     on     |        on        |        
RUN-1001 :          effort         |   medium   |      medium      |        
RUN-1001 :         fix_hold        |    off     |       off        |        
RUN-1001 :       legalization      |    ori     |       ori        |        
RUN-1001 :      new_spreading      |     on     |        on        |        
RUN-1001 :        opt_timing       |   medium   |      medium      |        
RUN-1001 :   post_clock_route_opt  |    off     |       off        |        
RUN-1001 :       pr_strategy       |     1      |        1         |        
RUN-1001 :        relaxation       |    1.00    |       1.00       |        
RUN-1001 :         retiming        |    off     |       off        |        
RUN-1001 : --------------------------------------------------------------
PHY-3001 : Placer runs in 16 thread(s).
RUN-1002 : start command "legalize_phy_inst"
SYN-1011 : Flatten model keyboard_instance
RUN-1002 : start command "phys_opt -simplify_lut"
SYN-4024 : Net "clk_50M_dup_1" drives clk pins.
SYN-4024 : Net "U1/scan_clk" drives clk pins.
SYN-4025 : Tag rtl::Net U1/scan_clk as clock net
SYN-4025 : Tag rtl::Net clk_50M_dup_1 as clock net
SYN-4026 : Tagged 2 rtl::Net as clock net
SYN-4015 : Create BUFG instance for clk Net U1/scan_clk to drive 20 clock pins.
PHY-1001 : Populate physical database on model keyboard_instance.
RUN-1001 : There are total 612 instances
RUN-0007 : 253 luts, 201 seqs, 96 mslices, 34 lslices, 24 pads, 0 brams, 0 dsps
RUN-1001 : There are total 729 nets
RUN-1001 : 448 nets have 2 pins
RUN-1001 : 181 nets have [3 - 5] pins
RUN-1001 : 80 nets have [6 - 10] pins
RUN-1001 : 10 nets have [11 - 20] pins
RUN-1001 : 8 nets have [21 - 99] pins
RUN-1001 : 2 nets have 100+ pins
RUN-1001 : Report Control nets information:
RUN-1001 : DFF Distribution
RUN-1001 : ----------------------------------
RUN-1001 :   CE   |  SSR  |  ASR  |  DFF Count  
RUN-1001 : ----------------------------------
RUN-1001 :   No   |  No   |  No   |     91      
RUN-1001 :   No   |  No   |  Yes  |     20      
RUN-1001 :   No   |  Yes  |  No   |     17      
RUN-1001 :   Yes  |  No   |  No   |      9      
RUN-1001 :   Yes  |  No   |  Yes  |     32      
RUN-1001 :   Yes  |  Yes  |  No   |     32      
RUN-1001 : ----------------------------------
RUN-0007 : Control Group Statistic
RUN-0007 : ---------------------------
RUN-0007 :   #CLK  |  #CE  |  #SSR/ASR  
RUN-0007 : ---------------------------
RUN-0007 :    2    |   4   |     3      
RUN-0007 : ---------------------------
RUN-0007 : Control Set = 7
PHY-3001 : Initial placement ...
PHY-3001 : design contains 610 instances, 253 luts, 201 seqs, 130 slices, 13 macros(130 instances: 96 mslices 34 lslices)
PHY-0007 : Cell area utilization is 2%
PHY-3001 : Start timing update ...
RUN-1002 : start command "start_timer -report"
TMR-2505 : Start building timing graph for model keyboard_instance.
TMR-2506 : Build timing graph completely. Port num: 8, tpin num: 2650, tnet num: 727, tinst num: 610, tnode num: 3226, tedge num: 4252.
TMR-2508 : Levelizing timing graph completed, there are 43 levels in total.
TMR-2501 : Timing graph initialized successfully.
TMR-2503 : Start to update net delay, extr mode = 2.
TMR-2504 : Update delay of 727 nets completely.
TMR-2502 : Annotate delay completely, extr mode = 2.
TMR-3001 : Initiate 0 clocks from SDC.
TMR-3004 : Map sdc constraints, there are 0 constraints in total.
TMR-3003 : Constraints initiated successfully.
TMR-3501 : Forward propagation: start to calculate arrival time...
TMR-3502 : Backward propagation: start to calculate required time...
TMR-3503 : Timing propagation completes.
PHY-3001 : End timing update;  0.133813s wall, 0.062500s user + 0.000000s system = 0.062500s CPU (46.7%)

PHY-3001 : Global placement ...
PHY-3001 : Initial: Len = 177560
PHY-3001 : Clustering ...
PHY-3001 : Level 0 #clusters 610.
PHY-3001 : End clustering;  0.000015s wall, 0.000000s user + 0.000000s system = 0.000000s CPU (n/a%)

PHY-3001 : Run with size of 4
PHY-3001 : Cell area utilization is 2%
PHY-3001 : :::0::: Try harder cell spreading with beta_ = 0
PHY-3002 : Step(1): len = 120443, overlap = 0
PHY-3002 : Step(2): len = 79997.8, overlap = 0
PHY-3002 : Step(3): len = 58913.7, overlap = 0
PHY-3002 : Step(4): len = 44127.5, overlap = 0
PHY-3002 : Step(5): len = 34384.4, overlap = 0
PHY-3002 : Step(6): len = 28470.6, overlap = 0
PHY-3002 : Step(7): len = 24408.1, overlap = 0
PHY-3002 : Step(8): len = 21539.9, overlap = 0
PHY-3002 : Step(9): len = 20148.7, overlap = 0
PHY-3002 : Step(10): len = 18956.2, overlap = 0
PHY-3002 : Step(11): len = 17011.5, overlap = 0.25
PHY-3002 : Step(12): len = 16804.8, overlap = 0.75
PHY-3002 : Step(13): len = 16759.1, overlap = 1
PHY-3002 : Step(14): len = 15818, overlap = 2
PHY-3002 : Step(15): len = 15866.1, overlap = 2
PHY-3002 : Step(16): len = 15258.3, overlap = 2
PHY-3002 : Step(17): len = 15565.5, overlap = 2
PHY-3002 : Step(18): len = 15788.7, overlap = 1.75
PHY-3002 : Step(19): len = 15659.1, overlap = 3.1875
PHY-3002 : Step(20): len = 15837, overlap = 10
PHY-3002 : Step(21): len = 14883.5, overlap = 11.2812
PHY-3002 : Step(22): len = 15291.1, overlap = 9.21875
PHY-3002 : Step(23): len = 13560, overlap = 11.0312
PHY-3002 : Step(24): len = 12055.7, overlap = 10.25
PHY-3002 : Step(25): len = 12267.4, overlap = 9.375
PHY-3002 : Step(26): len = 12375.1, overlap = 9.46875
PHY-3001 : Legalization ...
PHY-3001 : End legalization;  0.003802s wall, 0.000000s user + 0.000000s system = 0.000000s CPU (n/a%)

PHY-3001 : Run with size of 4
PHY-3001 : Cell area utilization is 3%
PHY-3001 : Update timing in Manhattan mode ...
TMR-2503 : Start to update net delay, extr mode = 3.
TMR-2504 : Update delay of 727 nets completely.
TMR-2502 : Annotate delay completely, extr mode = 3.
TMR-3501 : Forward propagation: start to calculate arrival time...
TMR-3502 : Backward propagation: start to calculate required time...
TMR-3503 : Timing propagation completes.
PHY-3001 : End timing update;  0.006583s wall, 0.000000s user + 0.000000s system = 0.000000s CPU (n/a%)

PHY-3001 : :::0::: Try harder cell spreading with beta_ = 3.39028e-05
PHY-3002 : Step(27): len = 11420.5, overlap = 22
PHY-3002 : Step(28): len = 11642.8, overlap = 22.2188
PHY-3002 : Step(29): len = 12109.3, overlap = 21.2188
PHY-3001 : :::1::: Try harder cell spreading with beta_ = 6.78057e-05
PHY-3002 : Step(30): len = 11924.1, overlap = 14.75
PHY-3002 : Step(31): len = 12201.7, overlap = 14.375
PHY-3002 : Step(32): len = 12993.7, overlap = 12.375
PHY-3002 : Step(33): len = 13126, overlap = 12.5
PHY-3002 : Step(34): len = 11800.3, overlap = 13.25
PHY-3002 : Step(35): len = 11785.2, overlap = 14.9375
PHY-3002 : Step(36): len = 11874, overlap = 14.9375
PHY-3001 : :::2::: Try harder cell spreading with beta_ = 0.000135611
PHY-3002 : Step(37): len = 11166.8, overlap = 13.5
PHY-3002 : Step(38): len = 11281, overlap = 13.5
PHY-3002 : Step(39): len = 11340.3, overlap = 13.5
PHY-3001 : :::3::: Try harder cell spreading with beta_ = 0.000271223
PHY-3002 : Step(40): len = 11184.4, overlap = 13.5
PHY-3002 : Step(41): len = 11184.4, overlap = 13.5
PHY-3001 : Run with size of 2
PHY-3001 : Cell area utilization is 3%
PHY-3001 : Update timing in Manhattan mode ...
TMR-2503 : Start to update net delay, extr mode = 3.
TMR-2504 : Update delay of 727 nets completely.
TMR-2502 : Annotate delay completely, extr mode = 3.
TMR-3501 : Forward propagation: start to calculate arrival time...
TMR-3502 : Backward propagation: start to calculate required time...
TMR-3503 : Timing propagation completes.
PHY-3001 : End timing update;  0.006744s wall, 0.015625s user + 0.000000s system = 0.015625s CPU (231.7%)

PHY-3001 : :::0::: Try harder cell spreading with beta_ = 2.48684e-05
PHY-3002 : Step(42): len = 13249.6, overlap = 26.9688
PHY-3002 : Step(43): len = 13484.6, overlap = 21.5938
PHY-3002 : Step(44): len = 13143.3, overlap = 20.4375
PHY-3002 : Step(45): len = 13267.5, overlap = 20.0625
PHY-3002 : Step(46): len = 12928.2, overlap = 20.375
PHY-3002 : Step(47): len = 12416, overlap = 21.5625
PHY-3002 : Step(48): len = 12425.3, overlap = 21.9375
PHY-3002 : Step(49): len = 12513, overlap = 23.125
PHY-3002 : Step(50): len = 12320.6, overlap = 21.6562
PHY-3002 : Step(51): len = 12338.4, overlap = 21.625
PHY-3002 : Step(52): len = 12310.3, overlap = 23.875
PHY-3001 : :::1::: Try harder cell spreading with beta_ = 4.97369e-05
PHY-3002 : Step(53): len = 12190.4, overlap = 23.3438
PHY-3002 : Step(54): len = 12281.3, overlap = 23.3438
PHY-3002 : Step(55): len = 12365.2, overlap = 23.25
PHY-3001 : :::2::: Try harder cell spreading with beta_ = 9.94737e-05
PHY-3002 : Step(56): len = 12156.3, overlap = 23.1562
PHY-3002 : Step(57): len = 12156.3, overlap = 23.1562
PHY-3002 : Step(58): len = 12099.2, overlap = 23
PHY-3001 : :::3::: Try harder cell spreading with beta_ = 0.000198947
PHY-3002 : Step(59): len = 12152.3, overlap = 22.9375
PHY-3002 : Step(60): len = 12199.9, overlap = 22.75
PHY-3001 : :::4::: Try harder cell spreading with beta_ = 0.000397895
PHY-3002 : Step(61): len = 12221.9, overlap = 21.8125
PHY-3002 : Step(62): len = 12231.3, overlap = 21.75
PHY-3001 : :::5::: Try harder cell spreading with beta_ = 0.000776687
PHY-3002 : Step(63): len = 12355.7, overlap = 21.4688
PHY-3002 : Step(64): len = 12379.6, overlap = 21.3438
PHY-3002 : Step(65): len = 12802.9, overlap = 13.0625
PHY-3002 : Step(66): len = 13006.1, overlap = 9.96875
PHY-3002 : Step(67): len = 13092.7, overlap = 10.625
PHY-3002 : Step(68): len = 13092, overlap = 10.625
PHY-3002 : Step(69): len = 12951, overlap = 12.375
OPT-1001 : Start physical optimization ...
RUN-1002 : start command "start_timer -report"
TMR-2505 : Start building timing graph for model keyboard_instance.
TMR-2506 : Build timing graph completely. Port num: 8, tpin num: 2650, tnet num: 727, tinst num: 610, tnode num: 3226, tedge num: 4252.
TMR-2508 : Levelizing timing graph completed, there are 43 levels in total.
TMR-2501 : Timing graph initialized successfully.
OPT-1001 : Total overflow 43.53 peak overflow 2.59
OPT-1001 : Start high-fanout net optimization ...
OPT-1001 : Update timing in global mode
PHY-1001 : Start incremental global routing, caller is place ...
RUN-1001 : Generating global routing grids ...
RUN-1001 : Building simple global routing graph ...
PHY-1001 : Generate routing nets ...
PHY-1001 : Reuse net number 0/729.
PHY-1001 : Global iterations in 16 thread ...
PHY-1002 : len = 14264, over cnt = 60(0%), over = 193, worst = 12
PHY-1001 : End global iterations;  0.027332s wall, 0.000000s user + 0.015625s system = 0.015625s CPU (57.2%)

PHY-1001 : Congestion index: top1 = 20.45, top5 = 8.68, top10 = 4.81, top15 = 3.21.
PHY-1001 : End incremental global routing;  0.105005s wall, 0.000000s user + 0.031250s system = 0.031250s CPU (29.8%)

TMR-2503 : Start to update net delay, extr mode = 5.
TMR-2504 : Update delay of 727 nets completely.
TMR-2502 : Annotate delay completely, extr mode = 5.
TMR-3001 : Initiate 0 clocks from SDC.
TMR-3004 : Map sdc constraints, there are 0 constraints in total.
TMR-3003 : Constraints initiated successfully.
TMR-3501 : Forward propagation: start to calculate arrival time...
TMR-3502 : Backward propagation: start to calculate required time...
TMR-3503 : Timing propagation completes.
OPT-1001 : End timing update;  0.009600s wall, 0.000000s user + 0.000000s system = 0.000000s CPU (n/a%)

OPT-1001 : 0 high-fanout net processed.
OPT-1001 : End high-fanout net optimization;  0.120415s wall, 0.046875s user + 0.031250s system = 0.078125s CPU (64.9%)

OPT-1001 : Current memory(MB): used = 146, reserve = 117, peak = 146.
OPT-1001 : Start global optimization ...
OPT-1001 : Start congestion update ...
RUN-1001 : Generating global routing grids ...
PHY-1001 : Generate routing nets ...
PHY-1001 : Reuse net number 402/729.
PHY-1001 : Global iterations in 16 thread ...
PHY-1002 : len = 14264, over cnt = 60(0%), over = 193, worst = 12
PHY-1002 : len = 15384, over cnt = 35(0%), over = 81, worst = 9
PHY-1002 : len = 16184, over cnt = 7(0%), over = 11, worst = 3
PHY-1002 : len = 16360, over cnt = 0(0%), over = 0, worst = 0
PHY-1001 : End global iterations;  0.027051s wall, 0.000000s user + 0.000000s system = 0.000000s CPU (n/a%)

PHY-1001 : Congestion index: top1 = 19.35, top5 = 9.47, top10 = 5.38, top15 = 3.59.
OPT-1001 : End congestion update;  0.076066s wall, 0.000000s user + 0.000000s system = 0.000000s CPU (n/a%)

OPT-1001 : Update timing in Manhattan mode
TMR-2503 : Start to update net delay, extr mode = 3.
TMR-2504 : Update delay of 727 nets completely.
TMR-2502 : Annotate delay completely, extr mode = 3.
TMR-3501 : Forward propagation: start to calculate arrival time...
TMR-3502 : Backward propagation: start to calculate required time...
TMR-3503 : Timing propagation completes.
OPT-1001 : End timing update;  0.011231s wall, 0.015625s user + 0.000000s system = 0.015625s CPU (139.1%)

OPT-0007 : Start: WNS 2147483647 TNS 0 NUM_FEPS 0
OPT-1001 : End global optimization;  0.087385s wall, 0.015625s user + 0.000000s system = 0.015625s CPU (17.9%)

OPT-1001 : Current memory(MB): used = 147, reserve = 119, peak = 147.
OPT-1001 : End physical optimization;  0.375951s wall, 0.171875s user + 0.046875s system = 0.218750s CPU (58.2%)

PHY-3001 : Start packing ...
SYN-4007 : Packing 0 MUX to BLE ...
SYN-4008 : Packed 0 MUX and 0 SEQ to BLE.
SYN-4007 : Packing 253 LUT to BLE ...
SYN-4008 : Packed 253 LUT and 79 SEQ to BLE.
SYN-4003 : Packing 122 remaining SEQ's ...
SYN-4005 : Packed 59 SEQ with LUT/SLICE
SYN-4006 : 125 single LUT's are left
SYN-4006 : 63 single SEQ's are left
SYN-4011 : Packing model "keyboard_instance" (AL_USER_NORMAL) with 316/474 primitive instances ...
PHY-3001 : End packing;  0.015858s wall, 0.000000s user + 0.000000s system = 0.000000s CPU (n/a%)

PHY-1001 : Populate physical database on model keyboard_instance.
RUN-1001 : There are total 324 instances
RUN-1001 : 148 mslices, 148 lslices, 24 pads, 0 brams, 0 dsps
RUN-1001 : There are total 650 nets
RUN-1001 : 369 nets have 2 pins
RUN-1001 : 181 nets have [3 - 5] pins
RUN-1001 : 80 nets have [6 - 10] pins
RUN-1001 : 12 nets have [11 - 20] pins
RUN-1001 : 6 nets have [21 - 99] pins
RUN-1001 : 2 nets have 100+ pins
PHY-3001 : design contains 322 instances, 296 slices, 13 macros(130 instances: 96 mslices 34 lslices)
PHY-3001 : Cell area utilization is 3%
PHY-3001 : After packing: Len = 13371, Over = 19.25
PHY-3001 : Run with size of 2
PHY-3001 : Cell area utilization is 3%
PHY-3001 : Update timing in Manhattan mode ...
RUN-1002 : start command "start_timer -report"
TMR-2505 : Start building timing graph for model keyboard_instance.
TMR-2506 : Build timing graph completely. Port num: 8, tpin num: 2332, tnet num: 648, tinst num: 322, tnode num: 2748, tedge num: 3858.
TMR-2508 : Levelizing timing graph completed, there are 41 levels in total.
TMR-2501 : Timing graph initialized successfully.
TMR-2503 : Start to update net delay, extr mode = 3.
TMR-2504 : Update delay of 648 nets completely.
TMR-2502 : Annotate delay completely, extr mode = 3.
TMR-3001 : Initiate 0 clocks from SDC.
TMR-3004 : Map sdc constraints, there are 0 constraints in total.
TMR-3003 : Constraints initiated successfully.
TMR-3501 : Forward propagation: start to calculate arrival time...
TMR-3502 : Backward propagation: start to calculate required time...
TMR-3503 : Timing propagation completes.
PHY-3001 : End timing update;  0.136352s wall, 0.062500s user + 0.000000s system = 0.062500s CPU (45.8%)

PHY-3001 : :::0::: Try harder cell spreading with beta_ = 2.38396e-05
PHY-3002 : Step(70): len = 13038.5, overlap = 20.25
PHY-3002 : Step(71): len = 13104.9, overlap = 20.25
PHY-3002 : Step(72): len = 12692.2, overlap = 23.75
PHY-3002 : Step(73): len = 12525.1, overlap = 23.25
PHY-3002 : Step(74): len = 12350.6, overlap = 24.5
PHY-3001 : :::1::: Try harder cell spreading with beta_ = 4.76793e-05
PHY-3002 : Step(75): len = 12705.7, overlap = 19.25
PHY-3002 : Step(76): len = 12705.7, overlap = 19.25
PHY-3002 : Step(77): len = 12571.6, overlap = 18.5
PHY-3002 : Step(78): len = 12574.8, overlap = 19.25
PHY-3002 : Step(79): len = 12601.1, overlap = 18.75
PHY-3001 : :::2::: Try harder cell spreading with beta_ = 9.53585e-05
PHY-3002 : Step(80): len = 12961.4, overlap = 17.75
PHY-3002 : Step(81): len = 13133.2, overlap = 17
PHY-3002 : Step(82): len = 13280.4, overlap = 17.25
PHY-3001 : Legalization ...
PHY-3001 : End legalization;  0.058671s wall, 0.000000s user + 0.046875s system = 0.046875s CPU (79.9%)

PHY-3001 : Trial Legalized: Len = 20345.2
PHY-3001 : Run with size of 2
PHY-3001 : Cell area utilization is 3%
PHY-3001 : Update timing in Manhattan mode ...
TMR-2503 : Start to update net delay, extr mode = 3.
TMR-2504 : Update delay of 648 nets completely.
TMR-2502 : Annotate delay completely, extr mode = 3.
TMR-3501 : Forward propagation: start to calculate arrival time...
TMR-3502 : Backward propagation: start to calculate required time...
TMR-3503 : Timing propagation completes.
PHY-3001 : End timing update;  0.006251s wall, 0.000000s user + 0.000000s system = 0.000000s CPU (n/a%)

PHY-3001 : :::0::: Try harder cell spreading with beta_ = 0.0141152
PHY-3002 : Step(83): len = 19260.4, overlap = 0.75
PHY-3002 : Step(84): len = 18634.9, overlap = 1.25
PHY-3002 : Step(85): len = 17363.5, overlap = 4.25
PHY-3002 : Step(86): len = 16769.9, overlap = 5.5
PHY-3002 : Step(87): len = 16374.4, overlap = 5.75
PHY-3002 : Step(88): len = 16132.9, overlap = 6
PHY-3002 : Step(89): len = 15868.5, overlap = 6.5
PHY-3002 : Step(90): len = 15602.8, overlap = 5.75
PHY-3002 : Step(91): len = 15475.8, overlap = 6.5
PHY-3002 : Step(92): len = 15328.3, overlap = 7.25
PHY-3002 : Step(93): len = 15279, overlap = 7.5
PHY-3002 : Step(94): len = 15262.5, overlap = 7.25
PHY-3001 : :::1::: Try harder cell spreading with beta_ = 0.0245209
PHY-3002 : Step(95): len = 15254, overlap = 7.25
PHY-3002 : Step(96): len = 14993.5, overlap = 7.5
PHY-3002 : Step(97): len = 14969.5, overlap = 7.5
PHY-3002 : Step(98): len = 14783.8, overlap = 7.75
PHY-3002 : Step(99): len = 14769.6, overlap = 7.75
PHY-3002 : Step(100): len = 14753, overlap = 7.75
PHY-3001 : Legalization ...
PHY-3001 : End legalization;  0.004593s wall, 0.000000s user + 0.000000s system = 0.000000s CPU (n/a%)

PHY-3001 : Legalized: Len = 17308.9, Over = 0
PHY-3001 : End spreading;  0.002388s wall, 0.000000s user + 0.000000s system = 0.000000s CPU (n/a%)

PHY-3001 : Final: Len = 17308.9, Over = 0
OPT-1001 : Start physical optimization ...
RUN-1002 : start command "start_timer -report"
TMR-2505 : Start building timing graph for model keyboard_instance.
TMR-2506 : Build timing graph completely. Port num: 8, tpin num: 2332, tnet num: 648, tinst num: 322, tnode num: 2748, tedge num: 3858.
TMR-2508 : Levelizing timing graph completed, there are 41 levels in total.
TMR-2501 : Timing graph initialized successfully.
OPT-1001 : Total overflow 0.00 peak overflow 0.00
OPT-1001 : Start high-fanout net optimization ...
OPT-1001 : Update timing in global mode
PHY-1001 : Start incremental global routing, caller is place ...
RUN-1001 : Generating global routing grids ...
PHY-1001 : Generate routing nets ...
PHY-1001 : Reuse net number 20/650.
PHY-1001 : Global iterations in 16 thread ...
PHY-1002 : len = 19448, over cnt = 45(0%), over = 66, worst = 4
PHY-1002 : len = 19752, over cnt = 18(0%), over = 23, worst = 4
PHY-1002 : len = 20000, over cnt = 0(0%), over = 0, worst = 0
PHY-1001 : End global iterations;  0.052505s wall, 0.000000s user + 0.000000s system = 0.000000s CPU (n/a%)

PHY-1001 : Congestion index: top1 = 19.63, top5 = 11.49, top10 = 6.96, top15 = 4.73.
PHY-1001 : End incremental global routing;  0.092159s wall, 0.015625s user + 0.000000s system = 0.015625s CPU (17.0%)

TMR-2503 : Start to update net delay, extr mode = 5.
TMR-2504 : Update delay of 648 nets completely.
TMR-2502 : Annotate delay completely, extr mode = 5.
TMR-3001 : Initiate 0 clocks from SDC.
TMR-3004 : Map sdc constraints, there are 0 constraints in total.
TMR-3003 : Constraints initiated successfully.
TMR-3501 : Forward propagation: start to calculate arrival time...
TMR-3502 : Backward propagation: start to calculate required time...
TMR-3503 : Timing propagation completes.
OPT-1001 : End timing update;  0.009055s wall, 0.000000s user + 0.000000s system = 0.000000s CPU (n/a%)

OPT-1001 : 0 high-fanout net processed.
OPT-1001 : End high-fanout net optimization;  0.107116s wall, 0.015625s user + 0.000000s system = 0.015625s CPU (14.6%)

OPT-1001 : Current memory(MB): used = 149, reserve = 121, peak = 150.
OPT-1001 : Start path based optimization ...
OPT-1001 : Start congestion update ...
RUN-1001 : Generating global routing grids ...
PHY-1001 : Generate routing nets ...
PHY-1001 : Reuse net number 521/650.
PHY-1001 : Global iterations in 16 thread ...
PHY-1002 : len = 20000, over cnt = 0(0%), over = 0, worst = 0
PHY-1001 : End global iterations;  0.001959s wall, 0.000000s user + 0.000000s system = 0.000000s CPU (n/a%)

PHY-1001 : Congestion index: top1 = 19.63, top5 = 11.49, top10 = 6.96, top15 = 4.73.
OPT-1001 : End congestion update;  0.041436s wall, 0.015625s user + 0.000000s system = 0.015625s CPU (37.7%)

OPT-1001 : Update timing in Manhattan mode
TMR-2503 : Start to update net delay, extr mode = 3.
TMR-2504 : Update delay of 648 nets completely.
TMR-2502 : Annotate delay completely, extr mode = 3.
TMR-3501 : Forward propagation: start to calculate arrival time...
TMR-3502 : Backward propagation: start to calculate required time...
TMR-3503 : Timing propagation completes.
OPT-1001 : End timing update;  0.006444s wall, 0.000000s user + 0.000000s system = 0.000000s CPU (n/a%)

OPT-0007 : Start: WNS 2147483647 TNS 0 NUM_FEPS 0
OPT-1001 : End path based optimization;  0.048016s wall, 0.015625s user + 0.000000s system = 0.015625s CPU (32.5%)

OPT-1001 : Current memory(MB): used = 150, reserve = 122, peak = 150.
OPT-1001 : Update timing in Manhattan mode
TMR-2503 : Start to update net delay, extr mode = 3.
TMR-2504 : Update delay of 648 nets completely.
TMR-2502 : Annotate delay completely, extr mode = 3.
TMR-3501 : Forward propagation: start to calculate arrival time...
TMR-3502 : Backward propagation: start to calculate required time...
TMR-3503 : Timing propagation completes.
OPT-1001 : End timing update;  0.004911s wall, 0.000000s user + 0.000000s system = 0.000000s CPU (n/a%)

OPT-1001 : Start pin optimization...
OPT-1001 : skip pin optimization...
OPT-1001 : Update timing in global mode
PHY-1001 : Start incremental global routing, caller is place ...
RUN-1001 : Generating global routing grids ...
PHY-1001 : Generate routing nets ...
PHY-1001 : Reuse net number 521/650.
PHY-1001 : Global iterations in 16 thread ...
PHY-1002 : len = 20000, over cnt = 0(0%), over = 0, worst = 0
PHY-1001 : End global iterations;  0.003036s wall, 0.000000s user + 0.000000s system = 0.000000s CPU (n/a%)

PHY-1001 : Congestion index: top1 = 19.63, top5 = 11.49, top10 = 6.96, top15 = 4.73.
PHY-1001 : End incremental global routing;  0.044947s wall, 0.015625s user + 0.000000s system = 0.015625s CPU (34.8%)

TMR-2503 : Start to update net delay, extr mode = 5.
TMR-2504 : Update delay of 648 nets completely.
TMR-2502 : Annotate delay completely, extr mode = 5.
TMR-3501 : Forward propagation: start to calculate arrival time...
TMR-3502 : Backward propagation: start to calculate required time...
TMR-3503 : Timing propagation completes.
OPT-1001 : End timing update;  0.009086s wall, 0.000000s user + 0.000000s system = 0.000000s CPU (n/a%)

RUN-1001 : Generating global routing grids ...
PHY-1001 : Generate routing nets ...
PHY-1001 : Reuse net number 521/650.
PHY-1001 : Global iterations in 16 thread ...
PHY-1002 : len = 20000, over cnt = 0(0%), over = 0, worst = 0
PHY-1001 : End global iterations;  0.001902s wall, 0.000000s user + 0.000000s system = 0.000000s CPU (n/a%)

PHY-1001 : Congestion index: top1 = 19.63, top5 = 11.49, top10 = 6.96, top15 = 4.73.
OPT-1001 : Update timing in Manhattan mode
TMR-2503 : Start to update net delay, extr mode = 3.
TMR-2504 : Update delay of 648 nets completely.
TMR-2502 : Annotate delay completely, extr mode = 3.
TMR-3501 : Forward propagation: start to calculate arrival time...
TMR-3502 : Backward propagation: start to calculate required time...
TMR-3503 : Timing propagation completes.
OPT-1001 : End timing update;  0.006892s wall, 0.000000s user + 0.000000s system = 0.000000s CPU (n/a%)

RUN-1001 : QoR Analysis:
OPT-0007 :   WNS 2147483647 TNS 0 NUM_FEPS 0
RUN-1001 :   No local congestion issue, and most congested 1% tile average routing util is 19.310345
RUN-1001 :   Top critical paths
OPT-1001 : End physical optimization;  0.402457s wall, 0.140625s user + 0.000000s system = 0.140625s CPU (34.9%)

RUN-1003 : finish command "place" in  3.292086s wall, 0.781250s user + 0.718750s system = 1.500000s CPU (45.6%)

RUN-1004 : used memory is 133 MB, reserved memory is 105 MB, peak memory is 150 MB
RUN-1002 : start command "export_db keyboard_place.db"
RUN-1001 : Exported /
RUN-1001 : Exported flow parameters
RUN-1001 : Exported libs
RUN-1001 : Exported entities
RUN-1001 : Exported ports
RUN-1001 : Exported pins
RUN-1001 : Exported instances
RUN-1001 : Exported nets
RUN-1001 : Exported buses
RUN-1001 : Exported models
RUN-1001 : Exported congestions
RUN-1001 : Exported violations
RUN-1001 : Exported timing constraints
RUN-1001 : Exported IO constraints
RUN-1001 : Exported Inst constraints
RUN-1002 : start command "route"
RUN-1001 : Open license file E:/Anlogic/TD5.6.59063/license/Anlogic.lic
RUN-1001 : Print Global Property
RUN-1001 : ---------------------------------------------------------------
RUN-1001 :        Parameters        |  Settings  |  Default Values  |  Note  
RUN-1001 : ---------------------------------------------------------------
RUN-1001 :          message         |  standard  |     standard     |        
RUN-1001 :   mixed_pack_place_flow  |     on     |        on        |        
RUN-1001 :        qor_monitor       |    off     |       off        |        
RUN-1001 :        syn_ip_flow       |    off     |       off        |        
RUN-1001 :          thread          |    auto    |       auto       |        
RUN-1001 : ---------------------------------------------------------------
RUN-1001 : Print Route Property
RUN-1001 : -------------------------------------------------------
RUN-1001 :    Parameters    |  Settings  |  Default Values  |  Note  
RUN-1001 : -------------------------------------------------------
RUN-1001 :      effort      |   medium   |      medium      |        
RUN-1001 :     fix_hold     |    off     |       off        |        
RUN-1001 :    opt_timing    |   medium   |      medium      |        
RUN-1001 :   phy_sim_model  |    off     |       off        |        
RUN-1001 :     priority     |   timing   |      timing      |        
RUN-1001 :     swap_pin     |     on     |        on        |        
RUN-1001 : -------------------------------------------------------
PHY-1001 : Route runs in 16 thread(s)
RUN-1001 : There are total 324 instances
RUN-1001 : 148 mslices, 148 lslices, 24 pads, 0 brams, 0 dsps
RUN-1001 : There are total 650 nets
RUN-1001 : 369 nets have 2 pins
RUN-1001 : 181 nets have [3 - 5] pins
RUN-1001 : 80 nets have [6 - 10] pins
RUN-1001 : 12 nets have [11 - 20] pins
RUN-1001 : 6 nets have [21 - 99] pins
RUN-1001 : 2 nets have 100+ pins
RUN-1002 : start command "start_timer -report"
TMR-2505 : Start building timing graph for model keyboard_instance.
TMR-2506 : Build timing graph completely. Port num: 8, tpin num: 2332, tnet num: 648, tinst num: 322, tnode num: 2748, tedge num: 3858.
TMR-2508 : Levelizing timing graph completed, there are 41 levels in total.
TMR-2501 : Timing graph initialized successfully.
PHY-1001 : 148 mslices, 148 lslices, 24 pads, 0 brams, 0 dsps
TMR-2503 : Start to update net delay, extr mode = 3.
TMR-2504 : Update delay of 648 nets completely.
TMR-2502 : Annotate delay completely, extr mode = 3.
TMR-3001 : Initiate 0 clocks from SDC.
TMR-3004 : Map sdc constraints, there are 0 constraints in total.
TMR-3003 : Constraints initiated successfully.
TMR-3501 : Forward propagation: start to calculate arrival time...
TMR-3502 : Backward propagation: start to calculate required time...
TMR-3503 : Timing propagation completes.
PHY-1001 : Start global routing, caller is route ...
RUN-1001 : Generating global routing grids ...
PHY-1001 : Generate routing nets ...
PHY-1001 : Global iterations in 16 thread ...
PHY-1002 : len = 19296, over cnt = 46(0%), over = 67, worst = 4
PHY-1002 : len = 19584, over cnt = 19(0%), over = 25, worst = 4
PHY-1002 : len = 19848, over cnt = 0(0%), over = 0, worst = 0
PHY-1001 : End global iterations;  0.054633s wall, 0.000000s user + 0.015625s system = 0.015625s CPU (28.6%)

PHY-1001 : Congestion index: top1 = 19.57, top5 = 11.51, top10 = 6.96, top15 = 4.70.
PHY-1001 : End global routing;  0.091569s wall, 0.015625s user + 0.015625s system = 0.031250s CPU (34.1%)

PHY-1001 : Start detail routing ...
PHY-1001 : Current memory(MB): used = 170, reserve = 142, peak = 186.
PHY-1001 : Detailed router is running in normal mode.
PHY-1001 : Generate detailed routing grids ...
PHY-1001 : Generate nets ...
PHY-1001 : net clk_50M_dup_1 will be routed on clock mesh
PHY-1001 : clock net U1/scan_clk_syn_4 will be merged with clock U1/scan_clk
PHY-1001 : Current memory(MB): used = 439, reserve = 415, peak = 439.
PHY-1001 : End build detailed router design. 3.470235s wall, 1.375000s user + 0.062500s system = 1.437500s CPU (41.4%)

PHY-1001 : Detail Route ...
PHY-1001 : ===== Detail Route Phase 1 =====
PHY-1001 : Clock net routing.....
PHY-1001 : Routed 0% nets.
PHY-1022 : len = 8928, over cnt = 0(0%), over = 0, worst = 0, crit = 0
PHY-1001 : End initial clock net routed; 0.387908s wall, 0.171875s user + 0.015625s system = 0.187500s CPU (48.3%)

PHY-1001 : Current memory(MB): used = 469, reserve = 446, peak = 469.
PHY-1001 : End phase 1; 0.393718s wall, 0.187500s user + 0.015625s system = 0.203125s CPU (51.6%)

PHY-1001 : ===== Detail Route Phase 2 =====
PHY-1001 : Initial routing.....
PHY-1001 : Routed 24% nets.
PHY-1001 : Routed 33% nets.
PHY-1001 : Routed 33% nets.
PHY-1001 : Patch 289 net; 0.208914s wall, 0.062500s user + 0.000000s system = 0.062500s CPU (29.9%)

PHY-1022 : len = 40424, over cnt = 18(0%), over = 19, worst = 2, crit = 0
PHY-1001 : Current memory(MB): used = 469, reserve = 446, peak = 469.
PHY-1001 : End initial routed; 0.293494s wall, 0.109375s user + 0.015625s system = 0.125000s CPU (42.6%)

PHY-1001 : Update timing.....
PHY-1001 : 0/507(0%) critical/total net(s).
RUN-1001 : ------------------------------------------
RUN-1001 :   Type   |    WNS(ns)    |  TNS(ns)  |  FEP  
RUN-1001 : ------------------------------------------
RUN-1001 :   Setup  |  2147483.647  |   0.000   |   0   
RUN-1001 :   Hold   |  2147483.647  |   0.000   |   0   
RUN-1001 : ------------------------------------------
PHY-1001 : End update timing; 0.163552s wall, 0.031250s user + 0.000000s system = 0.031250s CPU (19.1%)

PHY-1001 : Current memory(MB): used = 470, reserve = 447, peak = 470.
PHY-1001 : End phase 2; 0.457117s wall, 0.140625s user + 0.015625s system = 0.156250s CPU (34.2%)

PHY-1001 : ===== Detail Route Phase 3 =====
PHY-1001 : Optimize timing.....
PHY-1022 : len = 40424, over cnt = 18(0%), over = 19, worst = 2, crit = 0
PHY-1001 : End optimize timing; 0.004693s wall, 0.000000s user + 0.000000s system = 0.000000s CPU (n/a%)

PHY-1001 : Ripup-reroute.....
PHY-1001 : ===== DR Iter 1 =====
PHY-1022 : len = 40504, over cnt = 2(0%), over = 2, worst = 1, crit = 0
PHY-1001 : End DR Iter 1; 0.022240s wall, 0.000000s user + 0.000000s system = 0.000000s CPU (n/a%)

PHY-1001 : ===== DR Iter 2 =====
PHY-1022 : len = 40488, over cnt = 0(0%), over = 0, worst = 0, crit = 0
PHY-1001 : End DR Iter 2; 0.016193s wall, 0.015625s user + 0.000000s system = 0.015625s CPU (96.5%)

PHY-1001 : Update timing.....
PHY-1001 : 0/507(0%) critical/total net(s).
RUN-1001 : ------------------------------------------
RUN-1001 :   Type   |    WNS(ns)    |  TNS(ns)  |  FEP  
RUN-1001 : ------------------------------------------
RUN-1001 :   Setup  |  2147483.647  |   0.000   |   0   
RUN-1001 :   Hold   |  2147483.647  |   0.000   |   0   
RUN-1001 : ------------------------------------------
PHY-1001 : End update timing; 0.152696s wall, 0.062500s user + 0.000000s system = 0.062500s CPU (40.9%)

PHY-1001 : Commit to database.....
PHY-1001 : 7 feed throughs used by 6 nets
PHY-1001 : End commit to database; 0.064802s wall, 0.015625s user + 0.000000s system = 0.015625s CPU (24.1%)

PHY-1001 : Current memory(MB): used = 481, reserve = 458, peak = 481.
PHY-1001 : End phase 3; 0.369515s wall, 0.093750s user + 0.000000s system = 0.093750s CPU (25.4%)

PHY-1003 : Routed, final wirelength = 40488
PHY-1001 : Current memory(MB): used = 481, reserve = 458, peak = 481.
PHY-1001 : End export database. 0.005723s wall, 0.000000s user + 0.000000s system = 0.000000s CPU (n/a%)

PHY-1001 : End detail routing;  4.911852s wall, 1.921875s user + 0.093750s system = 2.015625s CPU (41.0%)

RUN-1003 : finish command "route" in  5.227382s wall, 2.015625s user + 0.109375s system = 2.125000s CPU (40.7%)

RUN-1004 : used memory is 423 MB, reserved memory is 398 MB, peak memory is 481 MB
RUN-1002 : start command "report_area -io_info -file keyboard_phy.area"
RUN-1001 : standard
***Report Model: keyboard_instance Device: EG4S20BG256***

IO Statistics
#IO                        24
  #input                    6
  #output                  18
  #inout                    0

Utilization Statistics
#lut                      513   out of  19600    2.62%
#reg                      201   out of  19600    1.03%
#le                       576
  #lut only               375   out of    576   65.10%
  #reg only                63   out of    576   10.94%
  #lut&reg                138   out of    576   23.96%
#dsp                        0   out of     29    0.00%
#bram                       0   out of     64    0.00%
  #bram9k                   0
  #fifo9k                   0
#bram32k                    0   out of     16    0.00%
#pad                       24   out of    188   12.77%
  #ireg                     0
  #oreg                     0
  #treg                     0
#pll                        0   out of      4    0.00%
#gclk                       2   out of     16   12.50%

Clock Resource Statistics
Index     ClockNet         Type               DriverType         Driver                      Fanout
#1        clk_50M_dup_1    GCLK               io                 clk_50M_syn_2.di            107
#2        U1/scan_clk      GCLK               lslice             U1/scan_clk_reg_syn_9.q1    10


Detailed IO Report

        Name           Direction    Location    IOStandard    DriveStrength    PullType    PackReg  
        RSTn             INPUT         A9        LVCMOS33          N/A          PULLUP      NONE    
       clk_50M           INPUT         R7        LVCMOS33          N/A          PULLUP      NONE    
       col[3]            INPUT        F10        LVCMOS33          N/A          PULLUP      NONE    
       col[2]            INPUT        C11        LVCMOS33          N/A          PULLUP      NONE    
       col[1]            INPUT        D11        LVCMOS33          N/A          PULLUP      NONE    
       col[0]            INPUT        E11        LVCMOS33          N/A          PULLUP      NONE    
  DigitronCS_Out[3]     OUTPUT         A3        LVCMOS33           8            NONE       NONE    
  DigitronCS_Out[2]     OUTPUT         A5        LVCMOS33           8            NONE       NONE    
  DigitronCS_Out[1]     OUTPUT         B6        LVCMOS33           8            NONE       NONE    
  DigitronCS_Out[0]     OUTPUT         C9        LVCMOS33           8            NONE       NONE    
   Digitron_Out[7]      OUTPUT         C8        LVCMOS33           8            NONE       NONE    
   Digitron_Out[6]      OUTPUT         A8        LVCMOS33           8            NONE       NONE    
   Digitron_Out[5]      OUTPUT         B5        LVCMOS33           8            NONE       NONE    
   Digitron_Out[4]      OUTPUT         A7        LVCMOS33           8            NONE       NONE    
   Digitron_Out[3]      OUTPUT         E8        LVCMOS33           8            NONE       NONE    
   Digitron_Out[2]      OUTPUT         B8        LVCMOS33           8            NONE       NONE    
   Digitron_Out[1]      OUTPUT         A6        LVCMOS33           8            NONE       NONE    
   Digitron_Out[0]      OUTPUT         A4        LVCMOS33           8            NONE       NONE    
       buzzer           OUTPUT        H11        LVCMOS33           8            NONE       NONE    
        light           OUTPUT        B14        LVCMOS33           8            NONE       NONE    
       row[3]           OUTPUT         D9        LVCMOS33           8            NONE       NONE    
       row[2]           OUTPUT         F9        LVCMOS33           8            NONE       NONE    
       row[1]           OUTPUT        C10        LVCMOS33           8            NONE       NONE    
       row[0]           OUTPUT        E10        LVCMOS33           8            NONE       NONE    

Report Hierarchy Area:
+-------------------------------------------------------------------------------------------+
|Instance |Module                      |le     |lut     |ripple  |seq     |bram    |dsp     |
+-------------------------------------------------------------------------------------------+
|top      |keyboard_instance           |576    |383     |130     |201     |0       |0       |
|  U1     |keyboard_scan               |72     |50      |9       |53      |0       |0       |
|  U2     |key_filter                  |61     |33      |6       |51      |0       |0       |
|  U3     |onehot2binary               |402    |264     |110     |86      |0       |0       |
|  U5     |Digitron_TimeDisplay_module |36     |31      |5       |11      |0       |0       |
+-------------------------------------------------------------------------------------------+


DataNet Average Fanout:

   Index     Fanout    Nets  
    #1         1       345   
    #2         2       123   
    #3         3        35   
    #4         4        23   
    #5        5-10      81   
    #6       11-50      15   
  Average     2.48           

RUN-1002 : start command "export_db keyboard_pr.db"
RUN-1001 : Exported /
RUN-1001 : Exported flow parameters
RUN-1001 : Exported libs
RUN-1001 : Exported entities
RUN-1001 : Exported ports
RUN-1001 : Exported pins
RUN-1001 : Exported instances
RUN-1001 : Exported nets
RUN-1001 : Exported buses
RUN-1001 : Exported models
RUN-1001 : Exported congestions
RUN-1001 : Exported violations
RUN-1001 : Exported timing constraints
RUN-1001 : Exported IO constraints
RUN-1001 : Exported Inst constraints
RUN-1002 : start command "export_bid keyboard_inst.bid"
RUN-1002 : start command "bitgen -bit keyboard.bit -unused_io_status pulldown"
BIT-1003 : Start to generate bitstream. 
BIT-1002 : Bitgen processed 164 unused pads, reserve input tri_state with pulldown
BIT-1002 : Init instances with 16 threads.
BIT-1002 : Init instances completely, inst num: 486
BIT-1002 : Init pips with 16 threads.
BIT-1002 : Init pips completely, net num: 650, pip num: 4544
BIT-1002 : Init feedthrough completely, num: 7
BIT-1003 : Multithreading accelaration with 16 threads.
BIT-1003 : Generate bitstream completely, there are 704 valid insts, and 15371 bits set as '1'.
BIT-1004 : PLL setting string = 0000
BIT-1004 : Generate bits file keyboard.bit.
RUN-1003 : finish command "bitgen -bit keyboard.bit -unused_io_status pulldown" in  1.268711s wall, 5.500000s user + 0.062500s system = 5.562500s CPU (438.4%)

RUN-1004 : used memory is 439 MB, reserved memory is 415 MB, peak memory is 621 MB
RUN-1002 : start command "backup_run_log run.log ../.logs/phy_1/td_20240828_133758.log"
