============================================================
   Tang Dynasty, V5.6.59063
   Copyright (c) 2012-2022 Anlogic
   Executable = E:/Anlogic/TD5.6.59063/bin/td.exe
   Built at =   12:45:13 Sep  6 2022
   Run by =     19234
   Run Date =   Tue Aug 27 23:00:06 2024

   Run on =     ERIKPSW
============================================================
RUN-1002 : start command "open_project keyboard.prj"
RUN-1001 : Print Global Property
RUN-1001 : ---------------------------------------------------------------
RUN-1001 :        Parameters        |  Settings  |  Default Values  |  Note  
RUN-1001 : ---------------------------------------------------------------
RUN-1001 :          message         |  standard  |     standard     |        
RUN-1001 :   mixed_pack_place_flow  |     on     |        on        |        
RUN-1001 :        qor_monitor       |    off     |       off        |        
RUN-1001 :        syn_ip_flow       |    off     |       off        |        
RUN-1001 :          thread          |    auto    |       auto       |        
RUN-1001 : ---------------------------------------------------------------
RUN-1001 : Print Design Property
RUN-1001 : --------------------------------------------------------------
RUN-1001 :        Parameters       |  Settings  |  Default Values  |  Note  
RUN-1001 : --------------------------------------------------------------
RUN-1001 :   default_reg_initial   |    auto    |       auto       |        
RUN-1001 :        infer_add        |     on     |        on        |        
RUN-1001 :        infer_fsm        |    off     |       off        |        
RUN-1001 :        infer_mult       |     on     |        on        |        
RUN-1001 :        infer_ram        |     on     |        on        |        
RUN-1001 :        infer_reg        |     on     |        on        |        
RUN-1001 :   infer_reg_init_value  |     on     |        on        |        
RUN-1001 :        infer_rom        |     on     |        on        |        
RUN-1001 :      infer_shifter      |     on     |        on        |        
RUN-1001 : --------------------------------------------------------------
RUN-1001 : Print Rtl Property
RUN-1001 : --------------------------------------------------------------
RUN-1001 :        Parameters       |  Settings  |  Default Values  |  Note  
RUN-1001 : --------------------------------------------------------------
RUN-1001 :       compress_add      |   ripple   |      ripple      |        
RUN-1001 :        elf_sload        |    off     |       off        |        
RUN-1001 :       fix_undriven      |     0      |        0         |        
RUN-1001 :         flatten         |    off     |       off        |        
RUN-1001 :       gate_sharing      |     on     |        on        |        
RUN-1001 :    hdl_warning_level    |   normal   |      normal      |        
RUN-1001 :   impl_internal_tribuf  |     on     |        on        |        
RUN-1001 :      impl_set_reset     |     on     |        on        |        
RUN-1001 :        infer_gsr        |    off     |       off        |        
RUN-1001 :      keep_hierarchy     |    auto    |       auto       |        
RUN-1001 :        max_fanout       |    9999    |       9999       |        
RUN-1001 :      max_oh2bin_len     |     10     |        10        |        
RUN-1001 :       merge_equal       |     on     |        on        |        
RUN-1001 :       merge_equiv       |     on     |        on        |        
RUN-1001 :        merge_mux        |    off     |       off        |        
RUN-1001 :     min_control_set     |     8      |        8         |        
RUN-1001 :      min_ripple_len     |    auto    |       auto       |        
RUN-1001 :       oh2bin_ratio      |    0.08    |       0.08       |        
RUN-1001 :     opt_adder_fanout    |     on     |        on        |        
RUN-1001 :        opt_arith        |     on     |        on        |        
RUN-1001 :       opt_big_gate      |    off     |       off        |        
RUN-1001 :        opt_const        |     on     |        on        |        
RUN-1001 :      opt_const_mult     |     on     |        on        |        
RUN-1001 :       opt_lessthan      |     on     |        on        |        
RUN-1001 :         opt_mux         |    off     |       off        |        
RUN-1001 :         opt_ram         |    high    |       high       |        
RUN-1001 :      rtl_sim_model      |    off     |       off        |        
RUN-1001 :         seq_syn         |     on     |        on        |        
RUN-1001 : --------------------------------------------------------------
HDL-1007 : analyze verilog file ../../../src/Digitron_TimeDisplay_module.v
HDL-1007 : analyze verilog file ../../../src/key_filter.v
HDL-1007 : analyze verilog file ../../../src/keyboard_instance.v
HDL-1007 : analyze verilog file ../../../src/keyboard_scan.v
HDL-1007 : analyze verilog file ../../../src/onehot2binary.v
RUN-1001 : Project manager successfully analyzed 5 source files.
RUN-1002 : start command "import_device eagle_s20.db -package EG4S20BG256"
ARC-1001 : Device Initialization.
ARC-1001 : ------------------------------------------------------------------
ARC-1001 :            OPTION            |          IO          |   SETTING   
ARC-1001 : ------------------------------------------------------------------
ARC-1001 :   cso_b/cclk/mosi/miso/dout  |  T3/R11/T10/P10/S11  |    gpio    
ARC-1001 :             done             |         P13          |    gpio    
ARC-1001 :           program_b          |          T2          |  dedicate  
ARC-1001 :        tdi/tms/tck/tdo       |   C12/A15/C14/E14    |  dedicate  
ARC-1001 : ------------------------------------------------------------------
ARC-1004 : Device setting, marked 5 dedicate IOs in total.
RUN-1002 : start command "import_db ../syn_1/keyboard_gate.db"
RUN-1001 : Importing database generated by Tang Dynasty, V5.6.59063.
RUN-1001 : Database version number 46140.
RUN-1001 : Import flow parameters
RUN-1001 : Import timing constraints
RUN-1001 : Import IO constraints
RUN-1001 : Import Inst constraints
RUN-1001 : Import design success TD_VERSION=5.6.59063 , DB_VERSION=46140
RUN-1002 : start command "read_sdc"
USR-1002 : read_sdc file_name -help -h -eco
USR-1009 : NO module with IP_SDC ...
RUN-1104 : Import SDC file  finished, there are 0 nets kept by constraints.
RUN-1002 : start command "place"
RUN-1001 : Open license file E:/Anlogic/TD5.6.59063/license/Anlogic.lic
RUN-1001 : Print Global Property
RUN-1001 : ---------------------------------------------------------------
RUN-1001 :        Parameters        |  Settings  |  Default Values  |  Note  
RUN-1001 : ---------------------------------------------------------------
RUN-1001 :          message         |  standard  |     standard     |        
RUN-1001 :   mixed_pack_place_flow  |     on     |        on        |        
RUN-1001 :        qor_monitor       |    off     |       off        |        
RUN-1001 :        syn_ip_flow       |    off     |       off        |        
RUN-1001 :          thread          |    auto    |       auto       |        
RUN-1001 : ---------------------------------------------------------------
RUN-1001 : Print Place Property
RUN-1001 : --------------------------------------------------------------
RUN-1001 :        Parameters       |  Settings  |  Default Values  |  Note  
RUN-1001 : --------------------------------------------------------------
RUN-1001 :      detailed_place     |     on     |        on        |        
RUN-1001 :          effort         |   medium   |      medium      |        
RUN-1001 :         fix_hold        |    off     |       off        |        
RUN-1001 :       legalization      |    ori     |       ori        |        
RUN-1001 :      new_spreading      |     on     |        on        |        
RUN-1001 :        opt_timing       |   medium   |      medium      |        
RUN-1001 :   post_clock_route_opt  |    off     |       off        |        
RUN-1001 :       pr_strategy       |     1      |        1         |        
RUN-1001 :        relaxation       |    1.00    |       1.00       |        
RUN-1001 :         retiming        |    off     |       off        |        
RUN-1001 : --------------------------------------------------------------
PHY-3001 : Placer runs in 16 thread(s).
RUN-1002 : start command "legalize_phy_inst"
SYN-1011 : Flatten model keyboard_instance
RUN-1002 : start command "phys_opt -simplify_lut"
SYN-4024 : Net "clk_50M_dup_1" drives clk pins.
SYN-4024 : Net "U1/scan_clk" drives clk pins.
SYN-4025 : Tag rtl::Net U1/scan_clk as clock net
SYN-4025 : Tag rtl::Net clk_50M_dup_1 as clock net
SYN-4026 : Tagged 2 rtl::Net as clock net
SYN-4015 : Create BUFG instance for clk Net U1/scan_clk to drive 20 clock pins.
PHY-1001 : Populate physical database on model keyboard_instance.
RUN-1001 : There are total 371 instances
RUN-0007 : 186 luts, 132 seqs, 10 mslices, 15 lslices, 24 pads, 0 brams, 0 dsps
RUN-1001 : There are total 441 nets
RUN-1001 : 237 nets have 2 pins
RUN-1001 : 158 nets have [3 - 5] pins
RUN-1001 : 36 nets have [6 - 10] pins
RUN-1001 : 5 nets have [11 - 20] pins
RUN-1001 : 3 nets have [21 - 99] pins
RUN-1001 : 2 nets have 100+ pins
RUN-1001 : Report Control nets information:
RUN-1001 : DFF Distribution
RUN-1001 : ----------------------------------
RUN-1001 :   CE   |  SSR  |  ASR  |  DFF Count  
RUN-1001 : ----------------------------------
RUN-1001 :   No   |  No   |  No   |     80      
RUN-1001 :   No   |  No   |  Yes  |     20      
RUN-1001 :   No   |  Yes  |  No   |      0      
RUN-1001 :   Yes  |  No   |  No   |      0      
RUN-1001 :   Yes  |  No   |  Yes  |     32      
RUN-1001 :   Yes  |  Yes  |  No   |      0      
RUN-1001 : ----------------------------------
RUN-0007 : Control Group Statistic
RUN-0007 : ---------------------------
RUN-0007 :   #CLK  |  #CE  |  #SSR/ASR  
RUN-0007 : ---------------------------
RUN-0007 :    2    |   2   |     2      
RUN-0007 : ---------------------------
RUN-0007 : Control Set = 4
PHY-3001 : Initial placement ...
PHY-3001 : design contains 369 instances, 186 luts, 132 seqs, 25 slices, 3 macros(25 instances: 10 mslices 15 lslices)
PHY-0007 : Cell area utilization is 1%
PHY-3001 : Start timing update ...
RUN-1002 : start command "start_timer -report"
TMR-2505 : Start building timing graph for model keyboard_instance.
TMR-2506 : Build timing graph completely. Port num: 8, tpin num: 1575, tnet num: 439, tinst num: 369, tnode num: 1948, tedge num: 2481.
TMR-2508 : Levelizing timing graph completed, there are 21 levels in total.
TMR-2501 : Timing graph initialized successfully.
TMR-2503 : Start to update net delay, extr mode = 2.
TMR-2504 : Update delay of 439 nets completely.
TMR-2502 : Annotate delay completely, extr mode = 2.
TMR-3001 : Initiate 0 clocks from SDC.
TMR-3004 : Map sdc constraints, there are 0 constraints in total.
TMR-3003 : Constraints initiated successfully.
TMR-3501 : Forward propagation: start to calculate arrival time...
TMR-3502 : Backward propagation: start to calculate required time...
TMR-3503 : Timing propagation completes.
PHY-3001 : End timing update;  0.123118s wall, 0.062500s user + 0.000000s system = 0.062500s CPU (50.8%)

PHY-3001 : Global placement ...
PHY-3001 : Initial: Len = 104253
PHY-3001 : Clustering ...
PHY-3001 : Level 0 #clusters 369.
PHY-3001 : End clustering;  0.000014s wall, 0.000000s user + 0.000000s system = 0.000000s CPU (n/a%)

PHY-3001 : Run with size of 4
PHY-3001 : Cell area utilization is 1%
PHY-3001 : :::0::: Try harder cell spreading with beta_ = 0
PHY-3002 : Step(1): len = 66601.3, overlap = 0
PHY-3002 : Step(2): len = 41031.7, overlap = 0
PHY-3002 : Step(3): len = 29341.9, overlap = 0
PHY-3002 : Step(4): len = 22371.7, overlap = 0
PHY-3002 : Step(5): len = 18971, overlap = 0
PHY-3002 : Step(6): len = 17057.2, overlap = 0
PHY-3002 : Step(7): len = 16068.6, overlap = 0
PHY-3002 : Step(8): len = 14937.6, overlap = 0
PHY-3002 : Step(9): len = 15129.1, overlap = 0
PHY-3002 : Step(10): len = 14687.5, overlap = 0
PHY-3002 : Step(11): len = 13451.1, overlap = 0
PHY-3002 : Step(12): len = 13385.9, overlap = 0
PHY-3002 : Step(13): len = 12928, overlap = 0
PHY-3002 : Step(14): len = 12500.7, overlap = 0
PHY-3002 : Step(15): len = 12352.9, overlap = 0
PHY-3002 : Step(16): len = 12351.2, overlap = 0
PHY-3002 : Step(17): len = 12359.1, overlap = 0
PHY-3002 : Step(18): len = 11785.1, overlap = 0
PHY-3002 : Step(19): len = 11950.1, overlap = 0
PHY-3002 : Step(20): len = 10727.7, overlap = 0
PHY-3002 : Step(21): len = 9490.9, overlap = 0
PHY-3002 : Step(22): len = 9046.9, overlap = 0
PHY-3002 : Step(23): len = 9116.6, overlap = 0
PHY-3002 : Step(24): len = 9118.2, overlap = 0
PHY-3002 : Step(25): len = 9401.7, overlap = 0
PHY-3002 : Step(26): len = 9014.5, overlap = 0
PHY-3002 : Step(27): len = 9242.2, overlap = 0
PHY-3002 : Step(28): len = 9130.6, overlap = 0
PHY-3002 : Step(29): len = 8940.3, overlap = 0
PHY-3002 : Step(30): len = 9080.8, overlap = 0
PHY-3002 : Step(31): len = 9409.7, overlap = 0
PHY-3002 : Step(32): len = 9022, overlap = 0
PHY-3002 : Step(33): len = 8610.4, overlap = 0
PHY-3002 : Step(34): len = 8646.5, overlap = 0
PHY-3002 : Step(35): len = 8193.5, overlap = 0
PHY-3002 : Step(36): len = 8334.6, overlap = 0
PHY-3002 : Step(37): len = 7835.1, overlap = 0
PHY-3002 : Step(38): len = 7932.1, overlap = 0
PHY-3002 : Step(39): len = 8056.9, overlap = 0
PHY-3002 : Step(40): len = 7316.9, overlap = 0
PHY-3002 : Step(41): len = 7561.6, overlap = 0
PHY-3002 : Step(42): len = 7564.6, overlap = 0
PHY-3002 : Step(43): len = 6924.9, overlap = 0
PHY-3002 : Step(44): len = 6996.2, overlap = 0
PHY-3002 : Step(45): len = 6509.9, overlap = 0
PHY-3002 : Step(46): len = 6558.8, overlap = 0
PHY-3002 : Step(47): len = 6584.1, overlap = 0.3125
PHY-3002 : Step(48): len = 5673.5, overlap = 1.46875
PHY-3002 : Step(49): len = 5796.8, overlap = 2.3125
PHY-3002 : Step(50): len = 5796.8, overlap = 2.3125
PHY-3001 : Legalization ...
PHY-3001 : End legalization;  0.004728s wall, 0.000000s user + 0.000000s system = 0.000000s CPU (n/a%)

PHY-3001 : Run with size of 4
PHY-3001 : Cell area utilization is 1%
PHY-3001 : Update timing in Manhattan mode ...
TMR-2503 : Start to update net delay, extr mode = 3.
TMR-2504 : Update delay of 439 nets completely.
TMR-2502 : Annotate delay completely, extr mode = 3.
TMR-3501 : Forward propagation: start to calculate arrival time...
TMR-3502 : Backward propagation: start to calculate required time...
TMR-3503 : Timing propagation completes.
PHY-3001 : End timing update;  0.004446s wall, 0.000000s user + 0.000000s system = 0.000000s CPU (n/a%)

PHY-3001 : :::0::: Try harder cell spreading with beta_ = 0
PHY-3002 : Step(51): len = 5281.2, overlap = 6.875
PHY-3002 : Step(52): len = 5366.6, overlap = 6.90625
PHY-3002 : Step(53): len = 5395.3, overlap = 6.84375
PHY-3001 : Run with size of 2
PHY-3001 : Cell area utilization is 1%
PHY-3001 : Update timing in Manhattan mode ...
TMR-2503 : Start to update net delay, extr mode = 3.
TMR-2504 : Update delay of 439 nets completely.
TMR-2502 : Annotate delay completely, extr mode = 3.
TMR-3501 : Forward propagation: start to calculate arrival time...
TMR-3502 : Backward propagation: start to calculate required time...
TMR-3503 : Timing propagation completes.
PHY-3001 : End timing update;  0.004571s wall, 0.015625s user + 0.000000s system = 0.015625s CPU (341.8%)

PHY-3001 : :::0::: Try harder cell spreading with beta_ = 3.01991e-05
PHY-3002 : Step(54): len = 5461.8, overlap = 7.15625
PHY-3002 : Step(55): len = 5541.9, overlap = 7.15625
PHY-3002 : Step(56): len = 5717.3, overlap = 6.34375
PHY-3001 : :::1::: Try harder cell spreading with beta_ = 6.03983e-05
PHY-3002 : Step(57): len = 5292.5, overlap = 5.875
PHY-3002 : Step(58): len = 5353.2, overlap = 5.75
PHY-3002 : Step(59): len = 5406.6, overlap = 5.53125
PHY-3001 : :::2::: Try harder cell spreading with beta_ = 0.000120797
PHY-3002 : Step(60): len = 5520.8, overlap = 2.875
PHY-3002 : Step(61): len = 5672.8, overlap = 3.40625
PHY-3002 : Step(62): len = 5762.4, overlap = 3.375
OPT-1001 : Start physical optimization ...
RUN-1002 : start command "start_timer -report"
TMR-2505 : Start building timing graph for model keyboard_instance.
TMR-2506 : Build timing graph completely. Port num: 8, tpin num: 1575, tnet num: 439, tinst num: 369, tnode num: 1948, tedge num: 2481.
TMR-2508 : Levelizing timing graph completed, there are 21 levels in total.
TMR-2501 : Timing graph initialized successfully.
OPT-1001 : Total overflow 17.22 peak overflow 2.91
OPT-1001 : Start high-fanout net optimization ...
OPT-1001 : Update timing in global mode
PHY-1001 : Start incremental global routing, caller is place ...
RUN-1001 : Generating global routing grids ...
RUN-1001 : Building simple global routing graph ...
PHY-1001 : Generate routing nets ...
PHY-1001 : Reuse net number 0/441.
PHY-1001 : Global iterations in 16 thread ...
PHY-1002 : len = 5928, over cnt = 36(0%), over = 171, worst = 16
PHY-1001 : End global iterations;  0.023464s wall, 0.000000s user + 0.000000s system = 0.000000s CPU (n/a%)

PHY-1001 : Congestion index: top1 = 16.98, top5 = 4.91, top10 = 2.44, top15 = 1.63.
PHY-1001 : End incremental global routing;  0.068143s wall, 0.000000s user + 0.015625s system = 0.015625s CPU (22.9%)

TMR-2503 : Start to update net delay, extr mode = 5.
TMR-2504 : Update delay of 439 nets completely.
TMR-2502 : Annotate delay completely, extr mode = 5.
TMR-3001 : Initiate 0 clocks from SDC.
TMR-3004 : Map sdc constraints, there are 0 constraints in total.
TMR-3003 : Constraints initiated successfully.
TMR-3501 : Forward propagation: start to calculate arrival time...
TMR-3502 : Backward propagation: start to calculate required time...
TMR-3503 : Timing propagation completes.
OPT-1001 : End timing update;  0.005406s wall, 0.000000s user + 0.000000s system = 0.000000s CPU (n/a%)

OPT-1001 : 0 high-fanout net processed.
OPT-1001 : End high-fanout net optimization;  0.077351s wall, 0.000000s user + 0.015625s system = 0.015625s CPU (20.2%)

OPT-1001 : Current memory(MB): used = 140, reserve = 112, peak = 140.
OPT-1001 : Start global optimization ...
OPT-1001 : Start congestion update ...
RUN-1001 : Generating global routing grids ...
PHY-1001 : Generate routing nets ...
PHY-1001 : Reuse net number 273/441.
PHY-1001 : Global iterations in 16 thread ...
PHY-1002 : len = 5928, over cnt = 36(0%), over = 171, worst = 16
PHY-1002 : len = 7504, over cnt = 27(0%), over = 47, worst = 6
PHY-1002 : len = 7928, over cnt = 4(0%), over = 4, worst = 1
PHY-1002 : len = 7992, over cnt = 1(0%), over = 1, worst = 1
PHY-1002 : len = 8024, over cnt = 0(0%), over = 0, worst = 0
PHY-1001 : End global iterations;  0.028962s wall, 0.015625s user + 0.000000s system = 0.015625s CPU (53.9%)

PHY-1001 : Congestion index: top1 = 17.72, top5 = 5.99, top10 = 2.98, top15 = 1.99.
OPT-1001 : End congestion update;  0.066621s wall, 0.031250s user + 0.000000s system = 0.031250s CPU (46.9%)

OPT-1001 : Update timing in Manhattan mode
TMR-2503 : Start to update net delay, extr mode = 3.
TMR-2504 : Update delay of 439 nets completely.
TMR-2502 : Annotate delay completely, extr mode = 3.
TMR-3501 : Forward propagation: start to calculate arrival time...
TMR-3502 : Backward propagation: start to calculate required time...
TMR-3503 : Timing propagation completes.
OPT-1001 : End timing update;  0.004112s wall, 0.000000s user + 0.000000s system = 0.000000s CPU (n/a%)

OPT-0007 : Start: WNS 2147483647 TNS 0 NUM_FEPS 0
OPT-1001 : End global optimization;  0.070809s wall, 0.031250s user + 0.000000s system = 0.031250s CPU (44.1%)

OPT-1001 : Current memory(MB): used = 141, reserve = 113, peak = 141.
OPT-1001 : End physical optimization;  0.315180s wall, 0.109375s user + 0.015625s system = 0.125000s CPU (39.7%)

PHY-3001 : Start packing ...
SYN-4007 : Packing 0 MUX to BLE ...
SYN-4008 : Packed 0 MUX and 0 SEQ to BLE.
SYN-4007 : Packing 186 LUT to BLE ...
SYN-4008 : Packed 186 LUT and 58 SEQ to BLE.
SYN-4003 : Packing 74 remaining SEQ's ...
SYN-4005 : Packed 49 SEQ with LUT/SLICE
SYN-4006 : 83 single LUT's are left
SYN-4006 : 25 single SEQ's are left
SYN-4011 : Packing model "keyboard_instance" (AL_USER_NORMAL) with 211/264 primitive instances ...
PHY-3001 : End packing;  0.012191s wall, 0.015625s user + 0.000000s system = 0.015625s CPU (128.2%)

PHY-1001 : Populate physical database on model keyboard_instance.
RUN-1001 : There are total 176 instances
RUN-1001 : 74 mslices, 74 lslices, 24 pads, 0 brams, 0 dsps
RUN-1001 : There are total 383 nets
RUN-1001 : 171 nets have 2 pins
RUN-1001 : 156 nets have [3 - 5] pins
RUN-1001 : 43 nets have [6 - 10] pins
RUN-1001 : 9 nets have [11 - 20] pins
RUN-1001 : 3 nets have [21 - 99] pins
RUN-1001 : 1 nets have 100+ pins
PHY-3001 : design contains 174 instances, 148 slices, 3 macros(25 instances: 10 mslices 15 lslices)
PHY-3001 : Cell area utilization is 2%
PHY-3001 : After packing: Len = 6026.6, Over = 10.25
PHY-3001 : Run with size of 2
PHY-3001 : Cell area utilization is 2%
PHY-3001 : Update timing in Manhattan mode ...
RUN-1002 : start command "start_timer -report"
TMR-2505 : Start building timing graph for model keyboard_instance.
TMR-2506 : Build timing graph completely. Port num: 8, tpin num: 1444, tnet num: 381, tinst num: 174, tnode num: 1730, tedge num: 2385.
TMR-2508 : Levelizing timing graph completed, there are 21 levels in total.
TMR-2501 : Timing graph initialized successfully.
TMR-2503 : Start to update net delay, extr mode = 3.
TMR-2504 : Update delay of 381 nets completely.
TMR-2502 : Annotate delay completely, extr mode = 3.
TMR-3001 : Initiate 0 clocks from SDC.
TMR-3004 : Map sdc constraints, there are 0 constraints in total.
TMR-3003 : Constraints initiated successfully.
TMR-3501 : Forward propagation: start to calculate arrival time...
TMR-3502 : Backward propagation: start to calculate required time...
TMR-3503 : Timing propagation completes.
PHY-3001 : End timing update;  0.165563s wall, 0.046875s user + 0.000000s system = 0.046875s CPU (28.3%)

PHY-3001 : :::0::: Try harder cell spreading with beta_ = 1.57419e-05
PHY-3002 : Step(63): len = 5701.8, overlap = 9.75
PHY-3002 : Step(64): len = 5846.4, overlap = 9.75
PHY-3002 : Step(65): len = 5912.1, overlap = 10.25
PHY-3001 : :::1::: Try harder cell spreading with beta_ = 3.14837e-05
PHY-3002 : Step(66): len = 5933.8, overlap = 10
PHY-3002 : Step(67): len = 6087.5, overlap = 9
PHY-3002 : Step(68): len = 6264.9, overlap = 7.25
PHY-3001 : :::2::: Try harder cell spreading with beta_ = 6.29675e-05
PHY-3002 : Step(69): len = 6224.1, overlap = 7.25
PHY-3002 : Step(70): len = 6308.7, overlap = 7.25
PHY-3002 : Step(71): len = 6375.8, overlap = 6.5
PHY-3001 : Legalization ...
PHY-3001 : End legalization;  0.074352s wall, 0.000000s user + 0.062500s system = 0.062500s CPU (84.1%)

PHY-3001 : Trial Legalized: Len = 9848.8
PHY-3001 : Run with size of 2
PHY-3001 : Cell area utilization is 2%
PHY-3001 : Update timing in Manhattan mode ...
TMR-2503 : Start to update net delay, extr mode = 3.
TMR-2504 : Update delay of 381 nets completely.
TMR-2502 : Annotate delay completely, extr mode = 3.
TMR-3501 : Forward propagation: start to calculate arrival time...
TMR-3502 : Backward propagation: start to calculate required time...
TMR-3503 : Timing propagation completes.
PHY-3001 : End timing update;  0.004207s wall, 0.000000s user + 0.000000s system = 0.000000s CPU (n/a%)

PHY-3001 : :::0::: Try harder cell spreading with beta_ = 0.000648223
PHY-3002 : Step(72): len = 7607.6, overlap = 2
PHY-3002 : Step(73): len = 7478, overlap = 2.75
PHY-3002 : Step(74): len = 6965.5, overlap = 4.75
PHY-3002 : Step(75): len = 6749, overlap = 4.5
PHY-3002 : Step(76): len = 6587.5, overlap = 4.5
PHY-3002 : Step(77): len = 6560, overlap = 4.5
PHY-3001 : :::1::: Try harder cell spreading with beta_ = 0.00129645
PHY-3002 : Step(78): len = 6642.7, overlap = 4.75
PHY-3002 : Step(79): len = 6645.3, overlap = 4.75
PHY-3002 : Step(80): len = 6627.1, overlap = 4.75
PHY-3001 : :::2::: Try harder cell spreading with beta_ = 0.00259289
PHY-3002 : Step(81): len = 6647.3, overlap = 4.75
PHY-3002 : Step(82): len = 6647.3, overlap = 4.75
PHY-3001 : Legalization ...
PHY-3001 : End legalization;  0.004973s wall, 0.000000s user + 0.000000s system = 0.000000s CPU (n/a%)

PHY-3001 : Legalized: Len = 8316.6, Over = 0
PHY-3001 : Spreading special nets. 2 overflows in 2952 tiles.
PHY-3001 : End spreading;  0.002388s wall, 0.015625s user + 0.000000s system = 0.015625s CPU (654.3%)

PHY-3001 : 2 instances has been re-located, deltaX = 1, deltaY = 1, maxDist = 1.
PHY-3001 : Final: Len = 8356.6, Over = 0
OPT-1001 : Start physical optimization ...
RUN-1002 : start command "start_timer -report"
TMR-2505 : Start building timing graph for model keyboard_instance.
TMR-2506 : Build timing graph completely. Port num: 8, tpin num: 1444, tnet num: 381, tinst num: 174, tnode num: 1730, tedge num: 2385.
TMR-2508 : Levelizing timing graph completed, there are 21 levels in total.
TMR-2501 : Timing graph initialized successfully.
OPT-1001 : Total overflow 0.00 peak overflow 0.00
OPT-1001 : Start high-fanout net optimization ...
OPT-1001 : Update timing in global mode
PHY-1001 : Start incremental global routing, caller is place ...
RUN-1001 : Generating global routing grids ...
PHY-1001 : Generate routing nets ...
PHY-1001 : Reuse net number 7/383.
PHY-1001 : Global iterations in 16 thread ...
PHY-1002 : len = 9248, over cnt = 32(0%), over = 47, worst = 4
PHY-1002 : len = 9520, over cnt = 12(0%), over = 14, worst = 2
PHY-1002 : len = 9640, over cnt = 3(0%), over = 3, worst = 1
PHY-1002 : len = 9688, over cnt = 0(0%), over = 0, worst = 0
PHY-1001 : End global iterations;  0.045019s wall, 0.031250s user + 0.000000s system = 0.031250s CPU (69.4%)

PHY-1001 : Congestion index: top1 = 17.41, top5 = 7.30, top10 = 3.68, top15 = 2.46.
PHY-1001 : End incremental global routing;  0.086231s wall, 0.046875s user + 0.000000s system = 0.046875s CPU (54.4%)

TMR-2503 : Start to update net delay, extr mode = 5.
TMR-2504 : Update delay of 381 nets completely.
TMR-2502 : Annotate delay completely, extr mode = 5.
TMR-3001 : Initiate 0 clocks from SDC.
TMR-3004 : Map sdc constraints, there are 0 constraints in total.
TMR-3003 : Constraints initiated successfully.
TMR-3501 : Forward propagation: start to calculate arrival time...
TMR-3502 : Backward propagation: start to calculate required time...
TMR-3503 : Timing propagation completes.
OPT-1001 : End timing update;  0.008315s wall, 0.015625s user + 0.000000s system = 0.015625s CPU (187.9%)

OPT-1001 : 0 high-fanout net processed.
OPT-1001 : End high-fanout net optimization;  0.104557s wall, 0.062500s user + 0.000000s system = 0.062500s CPU (59.8%)

OPT-1001 : Current memory(MB): used = 143, reserve = 115, peak = 144.
OPT-1001 : Start path based optimization ...
OPT-1001 : Start congestion update ...
RUN-1001 : Generating global routing grids ...
PHY-1001 : Generate routing nets ...
PHY-1001 : Reuse net number 298/383.
PHY-1001 : Global iterations in 16 thread ...
PHY-1002 : len = 9688, over cnt = 0(0%), over = 0, worst = 0
PHY-1001 : End global iterations;  0.001342s wall, 0.000000s user + 0.000000s system = 0.000000s CPU (n/a%)

PHY-1001 : Congestion index: top1 = 17.41, top5 = 7.30, top10 = 3.68, top15 = 2.46.
OPT-1001 : End congestion update;  0.040463s wall, 0.000000s user + 0.000000s system = 0.000000s CPU (n/a%)

OPT-1001 : Update timing in Manhattan mode
TMR-2503 : Start to update net delay, extr mode = 3.
TMR-2504 : Update delay of 381 nets completely.
TMR-2502 : Annotate delay completely, extr mode = 3.
TMR-3501 : Forward propagation: start to calculate arrival time...
TMR-3502 : Backward propagation: start to calculate required time...
TMR-3503 : Timing propagation completes.
OPT-1001 : End timing update;  0.004499s wall, 0.015625s user + 0.000000s system = 0.015625s CPU (347.3%)

OPT-0007 : Start: WNS 2147483647 TNS 0 NUM_FEPS 0
OPT-1001 : End path based optimization;  0.045048s wall, 0.015625s user + 0.000000s system = 0.015625s CPU (34.7%)

OPT-1001 : Current memory(MB): used = 143, reserve = 115, peak = 144.
OPT-1001 : Update timing in Manhattan mode
TMR-2503 : Start to update net delay, extr mode = 3.
TMR-2504 : Update delay of 381 nets completely.
TMR-2502 : Annotate delay completely, extr mode = 3.
TMR-3501 : Forward propagation: start to calculate arrival time...
TMR-3502 : Backward propagation: start to calculate required time...
TMR-3503 : Timing propagation completes.
OPT-1001 : End timing update;  0.003475s wall, 0.000000s user + 0.000000s system = 0.000000s CPU (n/a%)

OPT-1001 : Start pin optimization...
OPT-1001 : skip pin optimization...
OPT-1001 : Update timing in global mode
PHY-1001 : Start incremental global routing, caller is place ...
RUN-1001 : Generating global routing grids ...
PHY-1001 : Generate routing nets ...
PHY-1001 : Reuse net number 298/383.
PHY-1001 : Global iterations in 16 thread ...
PHY-1002 : len = 9688, over cnt = 0(0%), over = 0, worst = 0
PHY-1001 : End global iterations;  0.001260s wall, 0.000000s user + 0.000000s system = 0.000000s CPU (n/a%)

PHY-1001 : Congestion index: top1 = 17.41, top5 = 7.30, top10 = 3.68, top15 = 2.46.
PHY-1001 : End incremental global routing;  0.038707s wall, 0.031250s user + 0.000000s system = 0.031250s CPU (80.7%)

TMR-2503 : Start to update net delay, extr mode = 5.
TMR-2504 : Update delay of 381 nets completely.
TMR-2502 : Annotate delay completely, extr mode = 5.
TMR-3501 : Forward propagation: start to calculate arrival time...
TMR-3502 : Backward propagation: start to calculate required time...
TMR-3503 : Timing propagation completes.
OPT-1001 : End timing update;  0.005816s wall, 0.015625s user + 0.000000s system = 0.015625s CPU (268.7%)

RUN-1001 : Generating global routing grids ...
PHY-1001 : Generate routing nets ...
PHY-1001 : Reuse net number 298/383.
PHY-1001 : Global iterations in 16 thread ...
PHY-1002 : len = 9688, over cnt = 0(0%), over = 0, worst = 0
PHY-1001 : End global iterations;  0.001249s wall, 0.000000s user + 0.000000s system = 0.000000s CPU (n/a%)

PHY-1001 : Congestion index: top1 = 17.41, top5 = 7.30, top10 = 3.68, top15 = 2.46.
OPT-1001 : Update timing in Manhattan mode
TMR-2503 : Start to update net delay, extr mode = 3.
TMR-2504 : Update delay of 381 nets completely.
TMR-2502 : Annotate delay completely, extr mode = 3.
TMR-3501 : Forward propagation: start to calculate arrival time...
TMR-3502 : Backward propagation: start to calculate required time...
TMR-3503 : Timing propagation completes.
OPT-1001 : End timing update;  0.005485s wall, 0.000000s user + 0.000000s system = 0.000000s CPU (n/a%)

RUN-1001 : QoR Analysis:
OPT-0007 :   WNS 2147483647 TNS 0 NUM_FEPS 0
RUN-1001 :   No local congestion issue, and most congested 1% tile average routing util is 16.931034
RUN-1001 :   Top critical paths
OPT-1001 : End physical optimization;  0.386709s wall, 0.218750s user + 0.000000s system = 0.218750s CPU (56.6%)

RUN-1003 : finish command "place" in  2.727074s wall, 0.828125s user + 0.703125s system = 1.531250s CPU (56.1%)

RUN-1004 : used memory is 128 MB, reserved memory is 100 MB, peak memory is 144 MB
RUN-1002 : start command "export_db keyboard_place.db"
RUN-1001 : Exported /
RUN-1001 : Exported flow parameters
RUN-1001 : Exported libs
RUN-1001 : Exported entities
RUN-1001 : Exported ports
RUN-1001 : Exported pins
RUN-1001 : Exported instances
RUN-1001 : Exported nets
RUN-1001 : Exported buses
RUN-1001 : Exported models
RUN-1001 : Exported congestions
RUN-1001 : Exported violations
RUN-1001 : Exported timing constraints
RUN-1001 : Exported IO constraints
RUN-1001 : Exported Inst constraints
RUN-1002 : start command "route"
RUN-1001 : Open license file E:/Anlogic/TD5.6.59063/license/Anlogic.lic
RUN-1001 : Print Global Property
RUN-1001 : ---------------------------------------------------------------
RUN-1001 :        Parameters        |  Settings  |  Default Values  |  Note  
RUN-1001 : ---------------------------------------------------------------
RUN-1001 :          message         |  standard  |     standard     |        
RUN-1001 :   mixed_pack_place_flow  |     on     |        on        |        
RUN-1001 :        qor_monitor       |    off     |       off        |        
RUN-1001 :        syn_ip_flow       |    off     |       off        |        
RUN-1001 :          thread          |    auto    |       auto       |        
RUN-1001 : ---------------------------------------------------------------
RUN-1001 : Print Route Property
RUN-1001 : -------------------------------------------------------
RUN-1001 :    Parameters    |  Settings  |  Default Values  |  Note  
RUN-1001 : -------------------------------------------------------
RUN-1001 :      effort      |   medium   |      medium      |        
RUN-1001 :     fix_hold     |    off     |       off        |        
RUN-1001 :    opt_timing    |   medium   |      medium      |        
RUN-1001 :   phy_sim_model  |    off     |       off        |        
RUN-1001 :     priority     |   timing   |      timing      |        
RUN-1001 :     swap_pin     |     on     |        on        |        
RUN-1001 : -------------------------------------------------------
PHY-1001 : Route runs in 16 thread(s)
RUN-1001 : There are total 176 instances
RUN-1001 : 74 mslices, 74 lslices, 24 pads, 0 brams, 0 dsps
RUN-1001 : There are total 383 nets
RUN-1001 : 171 nets have 2 pins
RUN-1001 : 156 nets have [3 - 5] pins
RUN-1001 : 43 nets have [6 - 10] pins
RUN-1001 : 9 nets have [11 - 20] pins
RUN-1001 : 3 nets have [21 - 99] pins
RUN-1001 : 1 nets have 100+ pins
RUN-1002 : start command "start_timer -report"
TMR-2505 : Start building timing graph for model keyboard_instance.
TMR-2506 : Build timing graph completely. Port num: 8, tpin num: 1444, tnet num: 381, tinst num: 174, tnode num: 1730, tedge num: 2385.
TMR-2508 : Levelizing timing graph completed, there are 21 levels in total.
TMR-2501 : Timing graph initialized successfully.
PHY-1001 : 74 mslices, 74 lslices, 24 pads, 0 brams, 0 dsps
TMR-2503 : Start to update net delay, extr mode = 3.
TMR-2504 : Update delay of 381 nets completely.
TMR-2502 : Annotate delay completely, extr mode = 3.
TMR-3001 : Initiate 0 clocks from SDC.
TMR-3004 : Map sdc constraints, there are 0 constraints in total.
TMR-3003 : Constraints initiated successfully.
TMR-3501 : Forward propagation: start to calculate arrival time...
TMR-3502 : Backward propagation: start to calculate required time...
TMR-3503 : Timing propagation completes.
PHY-1001 : Start global routing, caller is route ...
RUN-1001 : Generating global routing grids ...
PHY-1001 : Generate routing nets ...
PHY-1001 : Global iterations in 16 thread ...
PHY-1002 : len = 9192, over cnt = 36(0%), over = 50, worst = 4
PHY-1002 : len = 9472, over cnt = 15(0%), over = 16, worst = 2
PHY-1002 : len = 9688, over cnt = 0(0%), over = 0, worst = 0
PHY-1001 : End global iterations;  0.054786s wall, 0.031250s user + 0.000000s system = 0.031250s CPU (57.0%)

PHY-1001 : Congestion index: top1 = 17.35, top5 = 7.26, top10 = 3.66, top15 = 2.44.
PHY-1001 : End global routing;  0.091539s wall, 0.062500s user + 0.000000s system = 0.062500s CPU (68.3%)

PHY-1001 : Start detail routing ...
PHY-1001 : Current memory(MB): used = 163, reserve = 136, peak = 178.
PHY-1001 : Detailed router is running in normal mode.
PHY-1001 : Generate detailed routing grids ...
PHY-1001 : Generate nets ...
PHY-1001 : net clk_50M_dup_1 will be routed on clock mesh
PHY-1001 : clock net U1/scan_clk_syn_4 will be merged with clock U1/scan_clk
PHY-1001 : Current memory(MB): used = 432, reserve = 409, peak = 432.
PHY-1001 : End build detailed router design. 3.824360s wall, 1.468750s user + 0.046875s system = 1.515625s CPU (39.6%)

PHY-1001 : Detail Route ...
PHY-1001 : ===== Detail Route Phase 1 =====
PHY-1001 : Clock net routing.....
PHY-1001 : Routed 0% nets.
PHY-1022 : len = 6304, over cnt = 0(0%), over = 0, worst = 0, crit = 0
PHY-1001 : End initial clock net routed; 0.287851s wall, 0.046875s user + 0.015625s system = 0.062500s CPU (21.7%)

PHY-1001 : Current memory(MB): used = 461, reserve = 441, peak = 461.
PHY-1001 : End phase 1; 0.293612s wall, 0.046875s user + 0.015625s system = 0.062500s CPU (21.3%)

PHY-1001 : ===== Detail Route Phase 2 =====
PHY-1001 : Initial routing.....
PHY-1001 : Routed 22% nets.
PHY-1001 : Routed 27% nets.
PHY-1001 : Routed 30% nets.
PHY-1001 : Patch 217 net; 0.083916s wall, 0.000000s user + 0.000000s system = 0.000000s CPU (n/a%)

PHY-1022 : len = 22384, over cnt = 12(0%), over = 12, worst = 1, crit = 0
PHY-1001 : Current memory(MB): used = 461, reserve = 441, peak = 461.
PHY-1001 : End initial routed; 0.153450s wall, 0.000000s user + 0.000000s system = 0.000000s CPU (n/a%)

PHY-1001 : Update timing.....
PHY-1001 : 0/335(0%) critical/total net(s).
RUN-1001 : ------------------------------------------
RUN-1001 :   Type   |    WNS(ns)    |  TNS(ns)  |  FEP  
RUN-1001 : ------------------------------------------
RUN-1001 :   Setup  |  2147483.647  |   0.000   |   0   
RUN-1001 :   Hold   |  2147483.647  |   0.000   |   0   
RUN-1001 : ------------------------------------------
PHY-1001 : End update timing; 0.183275s wall, 0.000000s user + 0.000000s system = 0.000000s CPU (n/a%)

PHY-1001 : Current memory(MB): used = 461, reserve = 441, peak = 461.
PHY-1001 : End phase 2; 0.336868s wall, 0.000000s user + 0.000000s system = 0.000000s CPU (n/a%)

PHY-1001 : ===== Detail Route Phase 3 =====
PHY-1001 : Optimize timing.....
PHY-1022 : len = 22384, over cnt = 12(0%), over = 12, worst = 1, crit = 0
PHY-1001 : End optimize timing; 0.008074s wall, 0.015625s user + 0.000000s system = 0.015625s CPU (193.5%)

PHY-1001 : Ripup-reroute.....
PHY-1001 : ===== DR Iter 1 =====
PHY-1022 : len = 22368, over cnt = 1(0%), over = 1, worst = 1, crit = 0
PHY-1001 : End DR Iter 1; 0.018415s wall, 0.000000s user + 0.000000s system = 0.000000s CPU (n/a%)

PHY-1001 : ===== DR Iter 2 =====
PHY-1022 : len = 22344, over cnt = 0(0%), over = 0, worst = 0, crit = 0
PHY-1001 : End DR Iter 2; 0.013432s wall, 0.015625s user + 0.000000s system = 0.015625s CPU (116.3%)

PHY-1001 : Update timing.....
PHY-1001 : 0/335(0%) critical/total net(s).
RUN-1001 : ------------------------------------------
RUN-1001 :   Type   |    WNS(ns)    |  TNS(ns)  |  FEP  
RUN-1001 : ------------------------------------------
RUN-1001 :   Setup  |  2147483.647  |   0.000   |   0   
RUN-1001 :   Hold   |  2147483.647  |   0.000   |   0   
RUN-1001 : ------------------------------------------
PHY-1001 : End update timing; 0.154253s wall, 0.046875s user + 0.000000s system = 0.046875s CPU (30.4%)

PHY-1001 : Commit to database.....
PHY-1001 : 5 feed throughs used by 4 nets
PHY-1001 : End commit to database; 0.046478s wall, 0.031250s user + 0.000000s system = 0.031250s CPU (67.2%)

PHY-1001 : Current memory(MB): used = 471, reserve = 449, peak = 471.
PHY-1001 : End phase 3; 0.357263s wall, 0.156250s user + 0.000000s system = 0.156250s CPU (43.7%)

PHY-1003 : Routed, final wirelength = 22344
PHY-1001 : Current memory(MB): used = 471, reserve = 449, peak = 471.
PHY-1001 : End export database. 0.005591s wall, 0.000000s user + 0.000000s system = 0.000000s CPU (n/a%)

PHY-1001 : End detail routing;  5.017885s wall, 1.734375s user + 0.078125s system = 1.812500s CPU (36.1%)

RUN-1003 : finish command "route" in  5.336820s wall, 1.906250s user + 0.078125s system = 1.984375s CPU (37.2%)

RUN-1004 : used memory is 426 MB, reserved memory is 403 MB, peak memory is 471 MB
RUN-1002 : start command "report_area -io_info -file keyboard_phy.area"
RUN-1001 : standard
***Report Model: keyboard_instance Device: EG4S20BG256***

IO Statistics
#IO                        24
  #input                    6
  #output                  18
  #inout                    0

Utilization Statistics
#lut                      254   out of  19600    1.30%
#reg                      148   out of  19600    0.76%
#le                       279
  #lut only               131   out of    279   46.95%
  #reg only                25   out of    279    8.96%
  #lut&reg                123   out of    279   44.09%
#dsp                        0   out of     29    0.00%
#bram                       0   out of     64    0.00%
  #bram9k                   0
  #fifo9k                   0
#bram32k                    0   out of     16    0.00%
#pad                       24   out of    188   12.77%
  #ireg                     0
  #oreg                     0
  #treg                     0
#pll                        0   out of      4    0.00%
#gclk                       2   out of     16   12.50%

Clock Resource Statistics
Index     ClockNet         Type               DriverType         Driver                      Fanout
#1        clk_50M_dup_1    GCLK               io                 clk_50M_syn_2.di            79
#2        U1/scan_clk      GCLK               lslice             U1/scan_clk_reg_syn_9.q1    12


Detailed IO Report

        Name           Direction    Location    IOStandard    DriveStrength    PullType    PackReg  
        RSTn             INPUT         A9        LVCMOS33          N/A          PULLUP      NONE    
       clk_50M           INPUT         R7        LVCMOS33          N/A          PULLUP      NONE    
       col[3]            INPUT        F10        LVCMOS33          N/A          PULLUP      NONE    
       col[2]            INPUT        C11        LVCMOS33          N/A          PULLUP      NONE    
       col[1]            INPUT        D11        LVCMOS33          N/A          PULLUP      NONE    
       col[0]            INPUT        E11        LVCMOS33          N/A          PULLUP      NONE    
  DigitronCS_Out[3]     OUTPUT         A3        LVCMOS33           8            NONE       NONE    
  DigitronCS_Out[2]     OUTPUT         A5        LVCMOS33           8            NONE       NONE    
  DigitronCS_Out[1]     OUTPUT         B6        LVCMOS33           8            NONE       NONE    
  DigitronCS_Out[0]     OUTPUT         C9        LVCMOS33           8            NONE       NONE    
   Digitron_Out[7]      OUTPUT         C8        LVCMOS33           8            NONE       NONE    
   Digitron_Out[6]      OUTPUT         A8        LVCMOS33           8            NONE       NONE    
   Digitron_Out[5]      OUTPUT         B5        LVCMOS33           8            NONE       NONE    
   Digitron_Out[4]      OUTPUT         A7        LVCMOS33           8            NONE       NONE    
   Digitron_Out[3]      OUTPUT         E8        LVCMOS33           8            NONE       NONE    
   Digitron_Out[2]      OUTPUT         B8        LVCMOS33           8            NONE       NONE    
   Digitron_Out[1]      OUTPUT         A6        LVCMOS33           8            NONE       NONE    
   Digitron_Out[0]      OUTPUT         A4        LVCMOS33           8            NONE       NONE    
       buzzer           OUTPUT        H11        LVCMOS33           8            NONE       NONE    
        light           OUTPUT        B14        LVCMOS33           8            NONE       NONE    
       row[3]           OUTPUT         D9        LVCMOS33           8            NONE       NONE    
       row[2]           OUTPUT         F9        LVCMOS33           8            NONE       NONE    
       row[1]           OUTPUT        C10        LVCMOS33           8            NONE       NONE    
       row[0]           OUTPUT        E10        LVCMOS33           8            NONE       NONE    

Report Hierarchy Area:
+-------------------------------------------------------------------------------------------+
|Instance |Module                      |le     |lut     |ripple  |seq     |bram    |dsp     |
+-------------------------------------------------------------------------------------------+
|top      |keyboard_instance           |279    |229     |25      |148     |0       |0       |
|  U1     |keyboard_scan               |70     |49      |9       |50      |0       |0       |
|  U2     |key_filter                  |61     |42      |6       |51      |0       |0       |
|  U3     |onehot2binary               |104    |104     |0       |31      |0       |0       |
|  U5     |Digitron_TimeDisplay_module |40     |30      |10      |16      |0       |0       |
+-------------------------------------------------------------------------------------------+


DataNet Average Fanout:

   Index     Fanout    Nets  
    #1         1       147   
    #2         2       109   
    #3         3        26   
    #4         4        21   
    #5        5-10      43   
    #6       11-50      9    
  Average     2.67           

RUN-1002 : start command "export_db keyboard_pr.db"
RUN-1001 : Exported /
RUN-1001 : Exported flow parameters
RUN-1001 : Exported libs
RUN-1001 : Exported entities
RUN-1001 : Exported ports
RUN-1001 : Exported pins
RUN-1001 : Exported instances
RUN-1001 : Exported nets
RUN-1001 : Exported buses
RUN-1001 : Exported models
RUN-1001 : Exported congestions
RUN-1001 : Exported violations
RUN-1001 : Exported timing constraints
RUN-1001 : Exported IO constraints
RUN-1001 : Exported Inst constraints
RUN-1002 : start command "export_bid keyboard_inst.bid"
RUN-1002 : start command "bitgen -bit keyboard.bit -unused_io_status pulldown"
BIT-1003 : Start to generate bitstream. 
BIT-1002 : Bitgen processed 164 unused pads, reserve input tri_state with pulldown
BIT-1002 : Init instances with 16 threads.
BIT-1002 : Init instances completely, inst num: 338
BIT-1002 : Init pips with 16 threads.
BIT-1002 : Init pips completely, net num: 383, pip num: 2706
BIT-1002 : Init feedthrough completely, num: 5
BIT-1003 : Multithreading accelaration with 16 threads.
BIT-1003 : Generate bitstream completely, there are 501 valid insts, and 8516 bits set as '1'.
BIT-1004 : PLL setting string = 0000
BIT-1004 : Generate bits file keyboard.bit.
RUN-1003 : finish command "bitgen -bit keyboard.bit -unused_io_status pulldown" in  1.238070s wall, 4.453125s user + 0.000000s system = 4.453125s CPU (359.7%)

RUN-1004 : used memory is 439 MB, reserved memory is 420 MB, peak memory is 618 MB
RUN-1002 : start command "backup_run_log run.log ../.logs/phy_1/td_20240827_230006.log"
