============================================================
   Tang Dynasty, V5.6.59063
   Copyright (c) 2012-2022 Anlogic
   Executable = E:/Anlogic/TD5.6.59063/bin/td.exe
   Built at =   12:45:13 Sep  6 2022
   Run by =     19234
   Run Date =   Wed Aug 28 23:51:01 2024

   Run on =     ERIKPSW
============================================================
RUN-1002 : start command "open_project keyboard.prj"
RUN-1001 : Print Global Property
RUN-1001 : ---------------------------------------------------------------
RUN-1001 :        Parameters        |  Settings  |  Default Values  |  Note  
RUN-1001 : ---------------------------------------------------------------
RUN-1001 :          message         |  standard  |     standard     |        
RUN-1001 :   mixed_pack_place_flow  |     on     |        on        |        
RUN-1001 :        qor_monitor       |    off     |       off        |        
RUN-1001 :        syn_ip_flow       |    off     |       off        |        
RUN-1001 :          thread          |    auto    |       auto       |        
RUN-1001 : ---------------------------------------------------------------
RUN-1001 : Print Design Property
RUN-1001 : --------------------------------------------------------------
RUN-1001 :        Parameters       |  Settings  |  Default Values  |  Note  
RUN-1001 : --------------------------------------------------------------
RUN-1001 :   default_reg_initial   |    auto    |       auto       |        
RUN-1001 :        infer_add        |     on     |        on        |        
RUN-1001 :        infer_fsm        |    off     |       off        |        
RUN-1001 :        infer_mult       |     on     |        on        |        
RUN-1001 :        infer_ram        |     on     |        on        |        
RUN-1001 :        infer_reg        |     on     |        on        |        
RUN-1001 :   infer_reg_init_value  |     on     |        on        |        
RUN-1001 :        infer_rom        |     on     |        on        |        
RUN-1001 :      infer_shifter      |     on     |        on        |        
RUN-1001 : --------------------------------------------------------------
RUN-1001 : Print Rtl Property
RUN-1001 : --------------------------------------------------------------
RUN-1001 :        Parameters       |  Settings  |  Default Values  |  Note  
RUN-1001 : --------------------------------------------------------------
RUN-1001 :       compress_add      |   ripple   |      ripple      |        
RUN-1001 :        elf_sload        |    off     |       off        |        
RUN-1001 :       fix_undriven      |     0      |        0         |        
RUN-1001 :         flatten         |    off     |       off        |        
RUN-1001 :       gate_sharing      |     on     |        on        |        
RUN-1001 :    hdl_warning_level    |   normal   |      normal      |        
RUN-1001 :   impl_internal_tribuf  |     on     |        on        |        
RUN-1001 :      impl_set_reset     |     on     |        on        |        
RUN-1001 :        infer_gsr        |    off     |       off        |        
RUN-1001 :      keep_hierarchy     |    auto    |       auto       |        
RUN-1001 :        max_fanout       |    9999    |       9999       |        
RUN-1001 :      max_oh2bin_len     |     10     |        10        |        
RUN-1001 :       merge_equal       |     on     |        on        |        
RUN-1001 :       merge_equiv       |     on     |        on        |        
RUN-1001 :        merge_mux        |    off     |       off        |        
RUN-1001 :     min_control_set     |     8      |        8         |        
RUN-1001 :      min_ripple_len     |    auto    |       auto       |        
RUN-1001 :       oh2bin_ratio      |    0.08    |       0.08       |        
RUN-1001 :     opt_adder_fanout    |     on     |        on        |        
RUN-1001 :        opt_arith        |     on     |        on        |        
RUN-1001 :       opt_big_gate      |    off     |       off        |        
RUN-1001 :        opt_const        |     on     |        on        |        
RUN-1001 :      opt_const_mult     |     on     |        on        |        
RUN-1001 :       opt_lessthan      |     on     |        on        |        
RUN-1001 :         opt_mux         |    off     |       off        |        
RUN-1001 :         opt_ram         |    high    |       high       |        
RUN-1001 :      rtl_sim_model      |    off     |       off        |        
RUN-1001 :         seq_syn         |     on     |        on        |        
RUN-1001 : --------------------------------------------------------------
HDL-1007 : analyze verilog file ../../../src/Digitron_TimeDisplay_module.v
HDL-1007 : analyze verilog file ../../../src/key_filter.v
HDL-1007 : analyze verilog file ../../../src/keyboard_instance.v
HDL-1007 : undeclared symbol 'secrect', assumed default net type 'wire' in ../../../src/keyboard_instance.v(42)
HDL-1007 : analyze verilog file ../../../src/keyboard_scan.v
HDL-1007 : analyze verilog file ../../../src/onehot2binary.v
HDL-5007 WARNING: literal value 'd2 truncated to fit in 1 bits in ../../../src/onehot2binary.v(153)
HDL-5007 WARNING: literal value 'd3 truncated to fit in 1 bits in ../../../src/onehot2binary.v(154)
RUN-1001 : Project manager successfully analyzed 5 source files.
RUN-1002 : start command "import_device eagle_s20.db -package EG4S20BG256"
ARC-1001 : Device Initialization.
ARC-1001 : ------------------------------------------------------------------
ARC-1001 :            OPTION            |          IO          |   SETTING   
ARC-1001 : ------------------------------------------------------------------
ARC-1001 :   cso_b/cclk/mosi/miso/dout  |  T3/R11/T10/P10/S11  |    gpio    
ARC-1001 :             done             |         P13          |    gpio    
ARC-1001 :           program_b          |          T2          |  dedicate  
ARC-1001 :        tdi/tms/tck/tdo       |   C12/A15/C14/E14    |  dedicate  
ARC-1001 : ------------------------------------------------------------------
ARC-1004 : Device setting, marked 5 dedicate IOs in total.
RUN-1002 : start command "import_db ../syn_1/keyboard_gate.db"
RUN-1001 : Importing database generated by Tang Dynasty, V5.6.59063.
RUN-1001 : Database version number 46140.
RUN-1001 : Import flow parameters
RUN-1001 : Import timing constraints
RUN-1001 : Import IO constraints
RUN-1001 : Import Inst constraints
RUN-1001 : Import design success TD_VERSION=5.6.59063 , DB_VERSION=46140
RUN-1002 : start command "read_sdc"
USR-1002 : read_sdc file_name -help -h -eco
USR-1009 : NO module with IP_SDC ...
RUN-1104 : Import SDC file  finished, there are 0 nets kept by constraints.
RUN-1002 : start command "place"
RUN-1001 : Open license file E:/Anlogic/TD5.6.59063/license/Anlogic.lic
RUN-1001 : Print Global Property
RUN-1001 : ---------------------------------------------------------------
RUN-1001 :        Parameters        |  Settings  |  Default Values  |  Note  
RUN-1001 : ---------------------------------------------------------------
RUN-1001 :          message         |  standard  |     standard     |        
RUN-1001 :   mixed_pack_place_flow  |     on     |        on        |        
RUN-1001 :        qor_monitor       |    off     |       off        |        
RUN-1001 :        syn_ip_flow       |    off     |       off        |        
RUN-1001 :          thread          |    auto    |       auto       |        
RUN-1001 : ---------------------------------------------------------------
RUN-1001 : Print Place Property
RUN-1001 : --------------------------------------------------------------
RUN-1001 :        Parameters       |  Settings  |  Default Values  |  Note  
RUN-1001 : --------------------------------------------------------------
RUN-1001 :      detailed_place     |     on     |        on        |        
RUN-1001 :          effort         |   medium   |      medium      |        
RUN-1001 :         fix_hold        |    off     |       off        |        
RUN-1001 :       legalization      |    ori     |       ori        |        
RUN-1001 :      new_spreading      |     on     |        on        |        
RUN-1001 :        opt_timing       |   medium   |      medium      |        
RUN-1001 :   post_clock_route_opt  |    off     |       off        |        
RUN-1001 :       pr_strategy       |     1      |        1         |        
RUN-1001 :        relaxation       |    1.00    |       1.00       |        
RUN-1001 :         retiming        |    off     |       off        |        
RUN-1001 : --------------------------------------------------------------
PHY-3001 : Placer runs in 16 thread(s).
RUN-1002 : start command "legalize_phy_inst"
SYN-1011 : Flatten model keyboard_instance
RUN-1002 : start command "phys_opt -simplify_lut"
SYN-4024 : Net "clk_50M_dup_1" drives clk pins.
SYN-4024 : Net "U1/scan_clk" drives clk pins.
SYN-4025 : Tag rtl::Net U1/scan_clk as clock net
SYN-4025 : Tag rtl::Net clk_50M_dup_1 as clock net
SYN-4026 : Tagged 2 rtl::Net as clock net
SYN-4015 : Create BUFG instance for clk Net U1/scan_clk to drive 20 clock pins.
PHY-1001 : Populate physical database on model keyboard_instance.
RUN-1001 : There are total 868 instances
RUN-0007 : 446 luts, 243 seqs, 110 mslices, 41 lslices, 24 pads, 0 brams, 0 dsps
RUN-1001 : There are total 1010 nets
RUN-1001 : 642 nets have 2 pins
RUN-1001 : 225 nets have [3 - 5] pins
RUN-1001 : 112 nets have [6 - 10] pins
RUN-1001 : 16 nets have [11 - 20] pins
RUN-1001 : 13 nets have [21 - 99] pins
RUN-1001 : 2 nets have 100+ pins
RUN-1001 : Report Control nets information:
RUN-1001 : DFF Distribution
RUN-1001 : ----------------------------------
RUN-1001 :   CE   |  SSR  |  ASR  |  DFF Count  
RUN-1001 : ----------------------------------
RUN-1001 :   No   |  No   |  No   |     94      
RUN-1001 :   No   |  No   |  Yes  |     20      
RUN-1001 :   No   |  Yes  |  No   |     49      
RUN-1001 :   Yes  |  No   |  No   |     48      
RUN-1001 :   Yes  |  No   |  Yes  |     32      
RUN-1001 :   Yes  |  Yes  |  No   |      0      
RUN-1001 : ----------------------------------
RUN-0007 : Control Group Statistic
RUN-0007 : ---------------------------
RUN-0007 :   #CLK  |  #CE  |  #SSR/ASR  
RUN-0007 : ---------------------------
RUN-0007 :    2    |   5   |     3      
RUN-0007 : ---------------------------
RUN-0007 : Control Set = 8
PHY-3001 : Initial placement ...
PHY-3001 : design contains 866 instances, 446 luts, 243 seqs, 151 slices, 15 macros(151 instances: 110 mslices 41 lslices)
PHY-0007 : Cell area utilization is 3%
PHY-3001 : Start timing update ...
RUN-1002 : start command "start_timer -report"
TMR-2505 : Start building timing graph for model keyboard_instance.
TMR-2506 : Build timing graph completely. Port num: 8, tpin num: 3829, tnet num: 1008, tinst num: 866, tnode num: 4496, tedge num: 6141.
TMR-2508 : Levelizing timing graph completed, there are 49 levels in total.
TMR-2501 : Timing graph initialized successfully.
TMR-2503 : Start to update net delay, extr mode = 2.
TMR-2504 : Update delay of 1008 nets completely.
TMR-2502 : Annotate delay completely, extr mode = 2.
TMR-3001 : Initiate 0 clocks from SDC.
TMR-3004 : Map sdc constraints, there are 0 constraints in total.
TMR-3003 : Constraints initiated successfully.
TMR-3501 : Forward propagation: start to calculate arrival time...
TMR-3502 : Backward propagation: start to calculate required time...
TMR-3503 : Timing propagation completes.
PHY-3001 : End timing update;  0.181332s wall, 0.093750s user + 0.000000s system = 0.093750s CPU (51.7%)

PHY-3001 : Global placement ...
PHY-3001 : Initial: Len = 245400
PHY-3001 : Clustering ...
PHY-3001 : Level 0 #clusters 866.
PHY-3001 : End clustering;  0.000017s wall, 0.000000s user + 0.000000s system = 0.000000s CPU (n/a%)

PHY-3001 : Run with size of 4
PHY-3001 : Cell area utilization is 3%
PHY-3001 : :::0::: Try harder cell spreading with beta_ = 0
PHY-3002 : Step(1): len = 161303, overlap = 0
PHY-3002 : Step(2): len = 107448, overlap = 0
PHY-3002 : Step(3): len = 77883.1, overlap = 0
PHY-3002 : Step(4): len = 55612.9, overlap = 0
PHY-3002 : Step(5): len = 43298.5, overlap = 0.3125
PHY-3002 : Step(6): len = 36485.5, overlap = 10.625
PHY-3002 : Step(7): len = 30101.8, overlap = 15.9375
PHY-3002 : Step(8): len = 26584.8, overlap = 16.625
PHY-3002 : Step(9): len = 24530.1, overlap = 14.0312
PHY-3002 : Step(10): len = 23135.5, overlap = 11.5312
PHY-3002 : Step(11): len = 21880.7, overlap = 11.9062
PHY-3002 : Step(12): len = 19360.2, overlap = 11.4688
PHY-3002 : Step(13): len = 19393.5, overlap = 11.5312
PHY-3002 : Step(14): len = 19541.5, overlap = 10.9375
PHY-3002 : Step(15): len = 19197.4, overlap = 9.5625
PHY-3002 : Step(16): len = 17592.6, overlap = 12.4688
PHY-3002 : Step(17): len = 16414, overlap = 15.3125
PHY-3002 : Step(18): len = 16414, overlap = 15.3125
PHY-3002 : Step(19): len = 15507.8, overlap = 16.0938
PHY-3002 : Step(20): len = 15684.8, overlap = 16.3125
PHY-3002 : Step(21): len = 15684.8, overlap = 16.3125
PHY-3001 : Legalization ...
PHY-3001 : End legalization;  0.004198s wall, 0.000000s user + 0.000000s system = 0.000000s CPU (n/a%)

PHY-3001 : Run with size of 4
PHY-3001 : Cell area utilization is 5%
PHY-3001 : Update timing in Manhattan mode ...
TMR-2503 : Start to update net delay, extr mode = 3.
TMR-2504 : Update delay of 1008 nets completely.
TMR-2502 : Annotate delay completely, extr mode = 3.
TMR-3501 : Forward propagation: start to calculate arrival time...
TMR-3502 : Backward propagation: start to calculate required time...
TMR-3503 : Timing propagation completes.
PHY-3001 : End timing update;  0.011250s wall, 0.000000s user + 0.000000s system = 0.000000s CPU (n/a%)

PHY-3001 : :::0::: Try harder cell spreading with beta_ = 3.54037e-06
PHY-3002 : Step(22): len = 15273.4, overlap = 33.3438
PHY-3002 : Step(23): len = 15379.8, overlap = 33.4688
PHY-3002 : Step(24): len = 15510.4, overlap = 33.5
PHY-3001 : :::1::: Try harder cell spreading with beta_ = 7.08075e-06
PHY-3002 : Step(25): len = 15196.8, overlap = 33.7812
PHY-3002 : Step(26): len = 15377.7, overlap = 34.4688
PHY-3001 : :::2::: Try harder cell spreading with beta_ = 1.41615e-05
PHY-3002 : Step(27): len = 15360.1, overlap = 35.75
PHY-3002 : Step(28): len = 15584.4, overlap = 35.625
PHY-3002 : Step(29): len = 16140.2, overlap = 35.5625
PHY-3001 : :::3::: Try harder cell spreading with beta_ = 2.8323e-05
PHY-3002 : Step(30): len = 15581.8, overlap = 33.7812
PHY-3002 : Step(31): len = 15835.9, overlap = 33.4688
PHY-3002 : Step(32): len = 16194.3, overlap = 32.5625
PHY-3001 : Run with size of 2
PHY-3001 : Cell area utilization is 5%
PHY-3001 : Update timing in Manhattan mode ...
TMR-2503 : Start to update net delay, extr mode = 3.
TMR-2504 : Update delay of 1008 nets completely.
TMR-2502 : Annotate delay completely, extr mode = 3.
TMR-3501 : Forward propagation: start to calculate arrival time...
TMR-3502 : Backward propagation: start to calculate required time...
TMR-3503 : Timing propagation completes.
PHY-3001 : End timing update;  0.009576s wall, 0.000000s user + 0.000000s system = 0.000000s CPU (n/a%)

PHY-3001 : :::0::: Try harder cell spreading with beta_ = 1.22713e-05
PHY-3002 : Step(33): len = 15897.7, overlap = 54.0938
PHY-3002 : Step(34): len = 16204.2, overlap = 53.75
PHY-3002 : Step(35): len = 18498.3, overlap = 46.8438
PHY-3002 : Step(36): len = 19101.2, overlap = 39.0938
PHY-3002 : Step(37): len = 18455.6, overlap = 40.0625
PHY-3002 : Step(38): len = 19123, overlap = 39.125
PHY-3002 : Step(39): len = 19410.8, overlap = 26.4062
PHY-3002 : Step(40): len = 18498.4, overlap = 24.4375
PHY-3002 : Step(41): len = 18848.8, overlap = 25.875
PHY-3002 : Step(42): len = 18986.8, overlap = 26.0938
PHY-3002 : Step(43): len = 18055.4, overlap = 28.625
PHY-3002 : Step(44): len = 18223.4, overlap = 28.6875
PHY-3002 : Step(45): len = 17704.2, overlap = 31.125
PHY-3002 : Step(46): len = 17023.7, overlap = 35.4375
PHY-3002 : Step(47): len = 17051.9, overlap = 36.4062
PHY-3002 : Step(48): len = 16868.5, overlap = 36.9375
PHY-3002 : Step(49): len = 16111.4, overlap = 33.2188
PHY-3002 : Step(50): len = 16246.3, overlap = 37.9062
PHY-3002 : Step(51): len = 16424.9, overlap = 41.5625
PHY-3001 : :::1::: Try harder cell spreading with beta_ = 2.45427e-05
PHY-3002 : Step(52): len = 15832, overlap = 42.4062
PHY-3002 : Step(53): len = 15832, overlap = 42.4062
PHY-3002 : Step(54): len = 16091.7, overlap = 40
PHY-3002 : Step(55): len = 16268.3, overlap = 39.8438
PHY-3002 : Step(56): len = 16886.4, overlap = 38.4062
PHY-3002 : Step(57): len = 17069.9, overlap = 37.9688
PHY-3002 : Step(58): len = 16517.7, overlap = 34.9375
PHY-3002 : Step(59): len = 16632.9, overlap = 34.5625
PHY-3002 : Step(60): len = 16568.1, overlap = 37.7188
PHY-3001 : :::2::: Try harder cell spreading with beta_ = 4.90853e-05
PHY-3002 : Step(61): len = 16614.5, overlap = 37.5625
PHY-3002 : Step(62): len = 16919.4, overlap = 38.5
PHY-3002 : Step(63): len = 17225.8, overlap = 38.375
PHY-3001 : :::3::: Try harder cell spreading with beta_ = 9.81707e-05
PHY-3002 : Step(64): len = 17590.6, overlap = 33.25
PHY-3002 : Step(65): len = 17799.5, overlap = 34.5938
PHY-3002 : Step(66): len = 18213.3, overlap = 34.9375
PHY-3001 : :::4::: Try harder cell spreading with beta_ = 0.000196341
PHY-3002 : Step(67): len = 18325.2, overlap = 30.1875
PHY-3002 : Step(68): len = 18413.8, overlap = 25.9062
PHY-3002 : Step(69): len = 18386.8, overlap = 29.25
PHY-3001 : :::5::: Try harder cell spreading with beta_ = 0.000392683
PHY-3002 : Step(70): len = 18930.9, overlap = 23.2812
PHY-3002 : Step(71): len = 19331.9, overlap = 21.75
PHY-3002 : Step(72): len = 19402, overlap = 21.4688
OPT-1001 : Start physical optimization ...
RUN-1002 : start command "start_timer -report"
TMR-2505 : Start building timing graph for model keyboard_instance.
TMR-2506 : Build timing graph completely. Port num: 8, tpin num: 3829, tnet num: 1008, tinst num: 866, tnode num: 4496, tedge num: 6141.
TMR-2508 : Levelizing timing graph completed, there are 49 levels in total.
TMR-2501 : Timing graph initialized successfully.
OPT-1001 : Total overflow 59.25 peak overflow 2.91
OPT-1001 : Start high-fanout net optimization ...
OPT-1001 : Update timing in global mode
PHY-1001 : Start incremental global routing, caller is place ...
RUN-1001 : Generating global routing grids ...
RUN-1001 : Building simple global routing graph ...
PHY-1001 : Generate routing nets ...
PHY-1001 : Reuse net number 0/1010.
PHY-1001 : Global iterations in 16 thread ...
PHY-1002 : len = 21616, over cnt = 98(0%), over = 383, worst = 15
PHY-1001 : End global iterations;  0.049451s wall, 0.046875s user + 0.015625s system = 0.062500s CPU (126.4%)

PHY-1001 : Congestion index: top1 = 27.52, top5 = 13.60, top10 = 8.04, top15 = 5.41.
PHY-1001 : End incremental global routing;  0.106109s wall, 0.062500s user + 0.015625s system = 0.078125s CPU (73.6%)

TMR-2503 : Start to update net delay, extr mode = 5.
TMR-2504 : Update delay of 1008 nets completely.
TMR-2502 : Annotate delay completely, extr mode = 5.
TMR-3001 : Initiate 0 clocks from SDC.
TMR-3004 : Map sdc constraints, there are 0 constraints in total.
TMR-3003 : Constraints initiated successfully.
TMR-3501 : Forward propagation: start to calculate arrival time...
TMR-3502 : Backward propagation: start to calculate required time...
TMR-3503 : Timing propagation completes.
OPT-1001 : End timing update;  0.015415s wall, 0.015625s user + 0.000000s system = 0.015625s CPU (101.4%)

OPT-1001 : 0 high-fanout net processed.
OPT-1001 : End high-fanout net optimization;  0.133793s wall, 0.093750s user + 0.015625s system = 0.109375s CPU (81.7%)

OPT-1001 : Current memory(MB): used = 151, reserve = 123, peak = 151.
OPT-1001 : Start global optimization ...
OPT-1001 : Start congestion update ...
RUN-1001 : Generating global routing grids ...
PHY-1001 : Generate routing nets ...
PHY-1001 : Reuse net number 653/1010.
PHY-1001 : Global iterations in 16 thread ...
PHY-1002 : len = 21616, over cnt = 98(0%), over = 383, worst = 15
PHY-1002 : len = 24536, over cnt = 52(0%), over = 126, worst = 15
PHY-1002 : len = 25816, over cnt = 16(0%), over = 25, worst = 5
PHY-1002 : len = 26160, over cnt = 1(0%), over = 1, worst = 1
PHY-1002 : len = 26176, over cnt = 0(0%), over = 0, worst = 0
PHY-1001 : End global iterations;  0.064130s wall, 0.015625s user + 0.000000s system = 0.015625s CPU (24.4%)

PHY-1001 : Congestion index: top1 = 25.09, top5 = 14.27, top10 = 8.97, top15 = 6.15.
OPT-1001 : End congestion update;  0.109727s wall, 0.046875s user + 0.000000s system = 0.046875s CPU (42.7%)

OPT-1001 : Update timing in Manhattan mode
TMR-2503 : Start to update net delay, extr mode = 3.
TMR-2504 : Update delay of 1008 nets completely.
TMR-2502 : Annotate delay completely, extr mode = 3.
TMR-3501 : Forward propagation: start to calculate arrival time...
TMR-3502 : Backward propagation: start to calculate required time...
TMR-3503 : Timing propagation completes.
OPT-1001 : End timing update;  0.011729s wall, 0.000000s user + 0.000000s system = 0.000000s CPU (n/a%)

OPT-0007 : Start: WNS 2147483647 TNS 0 NUM_FEPS 0
OPT-1001 : End global optimization;  0.121551s wall, 0.046875s user + 0.000000s system = 0.046875s CPU (38.6%)

OPT-1001 : Current memory(MB): used = 152, reserve = 124, peak = 152.
OPT-1001 : End physical optimization;  0.433231s wall, 0.171875s user + 0.046875s system = 0.218750s CPU (50.5%)

PHY-3001 : Start packing ...
SYN-4007 : Packing 0 MUX to BLE ...
SYN-4008 : Packed 0 MUX and 0 SEQ to BLE.
SYN-4007 : Packing 446 LUT to BLE ...
SYN-4008 : Packed 446 LUT and 140 SEQ to BLE.
SYN-4003 : Packing 103 remaining SEQ's ...
SYN-4005 : Packed 65 SEQ with LUT/SLICE
SYN-4006 : 249 single LUT's are left
SYN-4006 : 38 single SEQ's are left
SYN-4011 : Packing model "keyboard_instance" (AL_USER_NORMAL) with 484/663 primitive instances ...
PHY-3001 : End packing;  0.035969s wall, 0.015625s user + 0.000000s system = 0.015625s CPU (43.4%)

PHY-1001 : Populate physical database on model keyboard_instance.
RUN-1001 : There are total 429 instances
RUN-1001 : 200 mslices, 201 lslices, 24 pads, 0 brams, 0 dsps
RUN-1001 : There are total 882 nets
RUN-1001 : 514 nets have 2 pins
RUN-1001 : 228 nets have [3 - 5] pins
RUN-1001 : 109 nets have [6 - 10] pins
RUN-1001 : 17 nets have [11 - 20] pins
RUN-1001 : 12 nets have [21 - 99] pins
RUN-1001 : 2 nets have 100+ pins
PHY-3001 : design contains 427 instances, 401 slices, 15 macros(151 instances: 110 mslices 41 lslices)
PHY-3001 : Cell area utilization is 5%
PHY-3001 : After packing: Len = 19753.6, Over = 28
PHY-3001 : Run with size of 2
PHY-3001 : Cell area utilization is 5%
PHY-3001 : Update timing in Manhattan mode ...
RUN-1002 : start command "start_timer -report"
TMR-2505 : Start building timing graph for model keyboard_instance.
TMR-2506 : Build timing graph completely. Port num: 8, tpin num: 3391, tnet num: 880, tinst num: 427, tnode num: 3888, tedge num: 5655.
TMR-2508 : Levelizing timing graph completed, there are 47 levels in total.
TMR-2501 : Timing graph initialized successfully.
TMR-2503 : Start to update net delay, extr mode = 3.
TMR-2504 : Update delay of 880 nets completely.
TMR-2502 : Annotate delay completely, extr mode = 3.
TMR-3001 : Initiate 0 clocks from SDC.
TMR-3004 : Map sdc constraints, there are 0 constraints in total.
TMR-3003 : Constraints initiated successfully.
TMR-3501 : Forward propagation: start to calculate arrival time...
TMR-3502 : Backward propagation: start to calculate required time...
TMR-3503 : Timing propagation completes.
PHY-3001 : End timing update;  0.177068s wall, 0.078125s user + 0.000000s system = 0.078125s CPU (44.1%)

PHY-3001 : :::0::: Try harder cell spreading with beta_ = 3.51258e-05
PHY-3002 : Step(73): len = 18669.4, overlap = 32.25
PHY-3002 : Step(74): len = 18653.1, overlap = 31.25
PHY-3002 : Step(75): len = 17753.2, overlap = 34.75
PHY-3002 : Step(76): len = 17565.7, overlap = 36
PHY-3002 : Step(77): len = 17382.9, overlap = 37
PHY-3001 : :::1::: Try harder cell spreading with beta_ = 7.02516e-05
PHY-3002 : Step(78): len = 18321.2, overlap = 37
PHY-3002 : Step(79): len = 18450.9, overlap = 36.75
PHY-3002 : Step(80): len = 18603.8, overlap = 32.75
PHY-3002 : Step(81): len = 18266.2, overlap = 32
PHY-3002 : Step(82): len = 18250.1, overlap = 31.5
PHY-3002 : Step(83): len = 18224.8, overlap = 33.25
PHY-3001 : :::2::: Try harder cell spreading with beta_ = 0.000129909
PHY-3002 : Step(84): len = 18910.5, overlap = 30.75
PHY-3002 : Step(85): len = 19044.7, overlap = 30.75
PHY-3002 : Step(86): len = 19185.3, overlap = 29.75
PHY-3001 : Legalization ...
PHY-3001 : End legalization;  0.080638s wall, 0.000000s user + 0.062500s system = 0.062500s CPU (77.5%)

PHY-3001 : Trial Legalized: Len = 28283.4
PHY-3001 : Run with size of 2
PHY-3001 : Cell area utilization is 5%
PHY-3001 : Update timing in Manhattan mode ...
TMR-2503 : Start to update net delay, extr mode = 3.
TMR-2504 : Update delay of 880 nets completely.
TMR-2502 : Annotate delay completely, extr mode = 3.
TMR-3501 : Forward propagation: start to calculate arrival time...
TMR-3502 : Backward propagation: start to calculate required time...
TMR-3503 : Timing propagation completes.
PHY-3001 : End timing update;  0.009570s wall, 0.000000s user + 0.000000s system = 0.000000s CPU (n/a%)

PHY-3001 : :::0::: Try harder cell spreading with beta_ = 0.00137071
PHY-3002 : Step(87): len = 25372.1, overlap = 2
PHY-3002 : Step(88): len = 24034.7, overlap = 5.75
PHY-3002 : Step(89): len = 22220.1, overlap = 8.5
PHY-3002 : Step(90): len = 21670.6, overlap = 10.75
PHY-3002 : Step(91): len = 21382.8, overlap = 11.5
PHY-3002 : Step(92): len = 21121.4, overlap = 11.25
PHY-3002 : Step(93): len = 20736.9, overlap = 12.75
PHY-3002 : Step(94): len = 20511.7, overlap = 15.25
PHY-3002 : Step(95): len = 20298.8, overlap = 16
PHY-3002 : Step(96): len = 20200.6, overlap = 16
PHY-3002 : Step(97): len = 20100.9, overlap = 15.25
PHY-3001 : :::1::: Try harder cell spreading with beta_ = 0.00222271
PHY-3002 : Step(98): len = 20168.4, overlap = 15
PHY-3002 : Step(99): len = 20173.9, overlap = 14.5
PHY-3001 : :::2::: Try harder cell spreading with beta_ = 0.00444541
PHY-3002 : Step(100): len = 20145.3, overlap = 15.25
PHY-3002 : Step(101): len = 20133.7, overlap = 15.25
PHY-3001 : Legalization ...
PHY-3001 : End legalization;  0.005283s wall, 0.000000s user + 0.000000s system = 0.000000s CPU (n/a%)

PHY-3001 : Legalized: Len = 23651.2, Over = 0
PHY-3001 : End spreading;  0.002927s wall, 0.000000s user + 0.000000s system = 0.000000s CPU (n/a%)

PHY-3001 : Final: Len = 23651.2, Over = 0
OPT-1001 : Start physical optimization ...
RUN-1002 : start command "start_timer -report"
TMR-2505 : Start building timing graph for model keyboard_instance.
TMR-2506 : Build timing graph completely. Port num: 8, tpin num: 3391, tnet num: 880, tinst num: 427, tnode num: 3888, tedge num: 5655.
TMR-2508 : Levelizing timing graph completed, there are 47 levels in total.
TMR-2501 : Timing graph initialized successfully.
OPT-1001 : Total overflow 0.00 peak overflow 0.00
OPT-1001 : Start high-fanout net optimization ...
OPT-1001 : Update timing in global mode
PHY-1001 : Start incremental global routing, caller is place ...
RUN-1001 : Generating global routing grids ...
PHY-1001 : Generate routing nets ...
PHY-1001 : Reuse net number 18/882.
PHY-1001 : Global iterations in 16 thread ...
PHY-1002 : len = 27384, over cnt = 74(0%), over = 123, worst = 5
PHY-1002 : len = 27904, over cnt = 50(0%), over = 69, worst = 4
PHY-1002 : len = 28664, over cnt = 4(0%), over = 4, worst = 1
PHY-1002 : len = 28704, over cnt = 0(0%), over = 0, worst = 0
PHY-1001 : End global iterations;  0.094427s wall, 0.015625s user + 0.015625s system = 0.031250s CPU (33.1%)

PHY-1001 : Congestion index: top1 = 21.72, top5 = 14.74, top10 = 9.62, top15 = 6.71.
PHY-1001 : End incremental global routing;  0.148184s wall, 0.062500s user + 0.015625s system = 0.078125s CPU (52.7%)

TMR-2503 : Start to update net delay, extr mode = 5.
TMR-2504 : Update delay of 880 nets completely.
TMR-2502 : Annotate delay completely, extr mode = 5.
TMR-3001 : Initiate 0 clocks from SDC.
TMR-3004 : Map sdc constraints, there are 0 constraints in total.
TMR-3003 : Constraints initiated successfully.
TMR-3501 : Forward propagation: start to calculate arrival time...
TMR-3502 : Backward propagation: start to calculate required time...
TMR-3503 : Timing propagation completes.
OPT-1001 : End timing update;  0.015489s wall, 0.015625s user + 0.000000s system = 0.015625s CPU (100.9%)

OPT-1001 : 0 high-fanout net processed.
OPT-1001 : End high-fanout net optimization;  0.176707s wall, 0.078125s user + 0.015625s system = 0.093750s CPU (53.1%)

OPT-1001 : Current memory(MB): used = 156, reserve = 128, peak = 156.
OPT-1001 : Start path based optimization ...
OPT-1001 : Start congestion update ...
RUN-1001 : Generating global routing grids ...
PHY-1001 : Generate routing nets ...
PHY-1001 : Reuse net number 718/882.
PHY-1001 : Global iterations in 16 thread ...
PHY-1002 : len = 28704, over cnt = 0(0%), over = 0, worst = 0
PHY-1001 : End global iterations;  0.003322s wall, 0.015625s user + 0.000000s system = 0.015625s CPU (470.3%)

PHY-1001 : Congestion index: top1 = 21.72, top5 = 14.74, top10 = 9.62, top15 = 6.71.
OPT-1001 : End congestion update;  0.049450s wall, 0.031250s user + 0.000000s system = 0.031250s CPU (63.2%)

OPT-1001 : Update timing in Manhattan mode
TMR-2503 : Start to update net delay, extr mode = 3.
TMR-2504 : Update delay of 880 nets completely.
TMR-2502 : Annotate delay completely, extr mode = 3.
TMR-3501 : Forward propagation: start to calculate arrival time...
TMR-3502 : Backward propagation: start to calculate required time...
TMR-3503 : Timing propagation completes.
OPT-1001 : End timing update;  0.013873s wall, 0.000000s user + 0.000000s system = 0.000000s CPU (n/a%)

OPT-0007 : Start: WNS 2147483647 TNS 0 NUM_FEPS 0
OPT-1001 : End path based optimization;  0.063409s wall, 0.031250s user + 0.000000s system = 0.031250s CPU (49.3%)

OPT-1001 : Current memory(MB): used = 157, reserve = 128, peak = 157.
OPT-1001 : Update timing in Manhattan mode
TMR-2503 : Start to update net delay, extr mode = 3.
TMR-2504 : Update delay of 880 nets completely.
TMR-2502 : Annotate delay completely, extr mode = 3.
TMR-3501 : Forward propagation: start to calculate arrival time...
TMR-3502 : Backward propagation: start to calculate required time...
TMR-3503 : Timing propagation completes.
OPT-1001 : End timing update;  0.008382s wall, 0.000000s user + 0.000000s system = 0.000000s CPU (n/a%)

OPT-1001 : Start pin optimization...
OPT-1001 : skip pin optimization...
OPT-1001 : Update timing in global mode
PHY-1001 : Start incremental global routing, caller is place ...
RUN-1001 : Generating global routing grids ...
PHY-1001 : Generate routing nets ...
PHY-1001 : Reuse net number 718/882.
PHY-1001 : Global iterations in 16 thread ...
PHY-1002 : len = 28704, over cnt = 0(0%), over = 0, worst = 0
PHY-1001 : End global iterations;  0.002558s wall, 0.000000s user + 0.000000s system = 0.000000s CPU (n/a%)

PHY-1001 : Congestion index: top1 = 21.72, top5 = 14.74, top10 = 9.62, top15 = 6.71.
PHY-1001 : End incremental global routing;  0.047265s wall, 0.015625s user + 0.000000s system = 0.015625s CPU (33.1%)

TMR-2503 : Start to update net delay, extr mode = 5.
TMR-2504 : Update delay of 880 nets completely.
TMR-2502 : Annotate delay completely, extr mode = 5.
TMR-3501 : Forward propagation: start to calculate arrival time...
TMR-3502 : Backward propagation: start to calculate required time...
TMR-3503 : Timing propagation completes.
OPT-1001 : End timing update;  0.019118s wall, 0.000000s user + 0.000000s system = 0.000000s CPU (n/a%)

RUN-1001 : Generating global routing grids ...
PHY-1001 : Generate routing nets ...
PHY-1001 : Reuse net number 718/882.
PHY-1001 : Global iterations in 16 thread ...
PHY-1002 : len = 28704, over cnt = 0(0%), over = 0, worst = 0
PHY-1001 : End global iterations;  0.002636s wall, 0.000000s user + 0.000000s system = 0.000000s CPU (n/a%)

PHY-1001 : Congestion index: top1 = 21.72, top5 = 14.74, top10 = 9.62, top15 = 6.71.
OPT-1001 : Update timing in Manhattan mode
TMR-2503 : Start to update net delay, extr mode = 3.
TMR-2504 : Update delay of 880 nets completely.
TMR-2502 : Annotate delay completely, extr mode = 3.
TMR-3501 : Forward propagation: start to calculate arrival time...
TMR-3502 : Backward propagation: start to calculate required time...
TMR-3503 : Timing propagation completes.
OPT-1001 : End timing update;  0.011998s wall, 0.015625s user + 0.000000s system = 0.015625s CPU (130.2%)

RUN-1001 : QoR Analysis:
OPT-0007 :   WNS 2147483647 TNS 0 NUM_FEPS 0
RUN-1001 :   No local congestion issue, and most congested 1% tile average routing util is 21.310345
RUN-1001 :   Top critical paths
OPT-1001 : End physical optimization;  0.554674s wall, 0.234375s user + 0.015625s system = 0.250000s CPU (45.1%)

RUN-1003 : finish command "place" in  4.133040s wall, 1.203125s user + 1.046875s system = 2.250000s CPU (54.4%)

RUN-1004 : used memory is 139 MB, reserved memory is 111 MB, peak memory is 157 MB
RUN-1002 : start command "export_db keyboard_place.db"
RUN-1001 : Exported /
RUN-1001 : Exported flow parameters
RUN-1001 : Exported libs
RUN-1001 : Exported entities
RUN-1001 : Exported ports
RUN-1001 : Exported pins
RUN-1001 : Exported instances
RUN-1001 : Exported nets
RUN-1001 : Exported buses
RUN-1001 : Exported models
RUN-1001 : Exported congestions
RUN-1001 : Exported violations
RUN-1001 : Exported timing constraints
RUN-1001 : Exported IO constraints
RUN-1001 : Exported Inst constraints
RUN-1002 : start command "route"
RUN-1001 : Open license file E:/Anlogic/TD5.6.59063/license/Anlogic.lic
RUN-1001 : Print Global Property
RUN-1001 : ---------------------------------------------------------------
RUN-1001 :        Parameters        |  Settings  |  Default Values  |  Note  
RUN-1001 : ---------------------------------------------------------------
RUN-1001 :          message         |  standard  |     standard     |        
RUN-1001 :   mixed_pack_place_flow  |     on     |        on        |        
RUN-1001 :        qor_monitor       |    off     |       off        |        
RUN-1001 :        syn_ip_flow       |    off     |       off        |        
RUN-1001 :          thread          |    auto    |       auto       |        
RUN-1001 : ---------------------------------------------------------------
RUN-1001 : Print Route Property
RUN-1001 : -------------------------------------------------------
RUN-1001 :    Parameters    |  Settings  |  Default Values  |  Note  
RUN-1001 : -------------------------------------------------------
RUN-1001 :      effort      |   medium   |      medium      |        
RUN-1001 :     fix_hold     |    off     |       off        |        
RUN-1001 :    opt_timing    |   medium   |      medium      |        
RUN-1001 :   phy_sim_model  |    off     |       off        |        
RUN-1001 :     priority     |   timing   |      timing      |        
RUN-1001 :     swap_pin     |     on     |        on        |        
RUN-1001 : -------------------------------------------------------
PHY-1001 : Route runs in 16 thread(s)
RUN-1001 : There are total 429 instances
RUN-1001 : 200 mslices, 201 lslices, 24 pads, 0 brams, 0 dsps
RUN-1001 : There are total 882 nets
RUN-1001 : 514 nets have 2 pins
RUN-1001 : 228 nets have [3 - 5] pins
RUN-1001 : 109 nets have [6 - 10] pins
RUN-1001 : 17 nets have [11 - 20] pins
RUN-1001 : 12 nets have [21 - 99] pins
RUN-1001 : 2 nets have 100+ pins
RUN-1002 : start command "start_timer -report"
TMR-2505 : Start building timing graph for model keyboard_instance.
TMR-2506 : Build timing graph completely. Port num: 8, tpin num: 3391, tnet num: 880, tinst num: 427, tnode num: 3888, tedge num: 5655.
TMR-2508 : Levelizing timing graph completed, there are 47 levels in total.
TMR-2501 : Timing graph initialized successfully.
PHY-1001 : 200 mslices, 201 lslices, 24 pads, 0 brams, 0 dsps
TMR-2503 : Start to update net delay, extr mode = 3.
TMR-2504 : Update delay of 880 nets completely.
TMR-2502 : Annotate delay completely, extr mode = 3.
TMR-3001 : Initiate 0 clocks from SDC.
TMR-3004 : Map sdc constraints, there are 0 constraints in total.
TMR-3003 : Constraints initiated successfully.
TMR-3501 : Forward propagation: start to calculate arrival time...
TMR-3502 : Backward propagation: start to calculate required time...
TMR-3503 : Timing propagation completes.
PHY-1001 : Start global routing, caller is route ...
RUN-1001 : Generating global routing grids ...
PHY-1001 : Generate routing nets ...
PHY-1001 : Global iterations in 16 thread ...
PHY-1002 : len = 27272, over cnt = 76(0%), over = 125, worst = 5
PHY-1002 : len = 27808, over cnt = 51(0%), over = 69, worst = 4
PHY-1002 : len = 28256, over cnt = 25(0%), over = 36, worst = 3
PHY-1002 : len = 28624, over cnt = 0(0%), over = 0, worst = 0
PHY-1001 : End global iterations;  0.101495s wall, 0.046875s user + 0.015625s system = 0.062500s CPU (61.6%)

PHY-1001 : Congestion index: top1 = 21.79, top5 = 14.74, top10 = 9.62, top15 = 6.68.
PHY-1001 : End global routing;  0.146353s wall, 0.062500s user + 0.015625s system = 0.078125s CPU (53.4%)

PHY-1001 : Start detail routing ...
PHY-1001 : Current memory(MB): used = 182, reserve = 155, peak = 191.
PHY-1001 : Detailed router is running in normal mode.
PHY-1001 : Generate detailed routing grids ...
PHY-1001 : Generate nets ...
PHY-1001 : net clk_50M_dup_1 will be routed on clock mesh
PHY-1001 : clock net U1/scan_clk_syn_4 will be merged with clock U1/scan_clk
PHY-1001 : Current memory(MB): used = 443, reserve = 420, peak = 443.
PHY-1001 : End build detailed router design. 4.124827s wall, 1.500000s user + 0.062500s system = 1.562500s CPU (37.9%)

PHY-1001 : Detail Route ...
PHY-1001 : ===== Detail Route Phase 1 =====
PHY-1001 : Clock net routing.....
PHY-1001 : Routed 0% nets.
PHY-1022 : len = 10640, over cnt = 0(0%), over = 0, worst = 0, crit = 0
PHY-1001 : End initial clock net routed; 0.377932s wall, 0.125000s user + 0.000000s system = 0.125000s CPU (33.1%)

PHY-1001 : Current memory(MB): used = 473, reserve = 452, peak = 473.
PHY-1001 : End phase 1; 0.383764s wall, 0.125000s user + 0.000000s system = 0.125000s CPU (32.6%)

PHY-1001 : ===== Detail Route Phase 2 =====
PHY-1001 : Initial routing.....
PHY-1001 : Routed 17% nets.
PHY-1001 : Routed 29% nets.
PHY-1001 : Routed 31% nets.
PHY-1001 : Routed 31% nets.
PHY-1001 : Routed 32% nets.
PHY-1001 : Patch 436 net; 0.331435s wall, 0.125000s user + 0.000000s system = 0.125000s CPU (37.7%)

PHY-1022 : len = 60856, over cnt = 34(0%), over = 34, worst = 1, crit = 0
PHY-1001 : Current memory(MB): used = 473, reserve = 452, peak = 473.
PHY-1001 : End initial routed; 0.506473s wall, 0.140625s user + 0.000000s system = 0.140625s CPU (27.8%)

PHY-1001 : Update timing.....
PHY-1001 : 0/720(0%) critical/total net(s).
RUN-1001 : ------------------------------------------
RUN-1001 :   Type   |    WNS(ns)    |  TNS(ns)  |  FEP  
RUN-1001 : ------------------------------------------
RUN-1001 :   Setup  |  2147483.647  |   0.000   |   0   
RUN-1001 :   Hold   |  2147483.647  |   0.000   |   0   
RUN-1001 : ------------------------------------------
PHY-1001 : End update timing; 0.219510s wall, 0.125000s user + 0.000000s system = 0.125000s CPU (56.9%)

PHY-1001 : Current memory(MB): used = 474, reserve = 452, peak = 474.
PHY-1001 : End phase 2; 0.726104s wall, 0.265625s user + 0.000000s system = 0.265625s CPU (36.6%)

PHY-1001 : ===== Detail Route Phase 3 =====
PHY-1001 : Optimize timing.....
PHY-1022 : len = 60856, over cnt = 34(0%), over = 34, worst = 1, crit = 0
PHY-1001 : End optimize timing; 0.008022s wall, 0.000000s user + 0.000000s system = 0.000000s CPU (n/a%)

PHY-1001 : Ripup-reroute.....
PHY-1001 : ===== DR Iter 1 =====
PHY-1022 : len = 60808, over cnt = 3(0%), over = 3, worst = 1, crit = 0
PHY-1001 : End DR Iter 1; 0.049793s wall, 0.015625s user + 0.000000s system = 0.015625s CPU (31.4%)

PHY-1001 : ===== DR Iter 2 =====
PHY-1022 : len = 60840, over cnt = 0(0%), over = 0, worst = 0, crit = 0
PHY-1001 : End DR Iter 2; 0.016149s wall, 0.000000s user + 0.000000s system = 0.000000s CPU (n/a%)

PHY-1001 : Update timing.....
PHY-1001 : 0/720(0%) critical/total net(s).
RUN-1001 : ------------------------------------------
RUN-1001 :   Type   |    WNS(ns)    |  TNS(ns)  |  FEP  
RUN-1001 : ------------------------------------------
RUN-1001 :   Setup  |  2147483.647  |   0.000   |   0   
RUN-1001 :   Hold   |  2147483.647  |   0.000   |   0   
RUN-1001 : ------------------------------------------
PHY-1001 : End update timing; 0.289360s wall, 0.093750s user + 0.000000s system = 0.093750s CPU (32.4%)

PHY-1001 : Commit to database.....
PHY-1001 : 12 feed throughs used by 12 nets
PHY-1001 : End commit to database; 0.082408s wall, 0.062500s user + 0.000000s system = 0.062500s CPU (75.8%)

PHY-1001 : Current memory(MB): used = 485, reserve = 463, peak = 485.
PHY-1001 : End phase 3; 0.568270s wall, 0.234375s user + 0.000000s system = 0.234375s CPU (41.2%)

PHY-1003 : Routed, final wirelength = 60840
PHY-1001 : Current memory(MB): used = 485, reserve = 464, peak = 485.
PHY-1001 : End export database. 0.006032s wall, 0.000000s user + 0.000000s system = 0.000000s CPU (n/a%)

PHY-1001 : End detail routing;  6.065103s wall, 2.203125s user + 0.078125s system = 2.281250s CPU (37.6%)

RUN-1003 : finish command "route" in  6.471403s wall, 2.359375s user + 0.109375s system = 2.468750s CPU (38.1%)

RUN-1004 : used memory is 435 MB, reserved memory is 415 MB, peak memory is 485 MB
RUN-1002 : start command "report_area -io_info -file keyboard_phy.area"
RUN-1001 : standard
***Report Model: keyboard_instance Device: EG4S20BG256***

IO Statistics
#IO                        24
  #input                    6
  #output                  18
  #inout                    0

Utilization Statistics
#lut                      748   out of  19600    3.82%
#reg                      243   out of  19600    1.24%
#le                       786
  #lut only               543   out of    786   69.08%
  #reg only                38   out of    786    4.83%
  #lut&reg                205   out of    786   26.08%
#dsp                        0   out of     29    0.00%
#bram                       0   out of     64    0.00%
  #bram9k                   0
  #fifo9k                   0
#bram32k                    0   out of     16    0.00%
#pad                       24   out of    188   12.77%
  #ireg                     0
  #oreg                     0
  #treg                     0
#pll                        0   out of      4    0.00%
#gclk                       2   out of     16   12.50%

Clock Resource Statistics
Index     ClockNet         Type               DriverType         Driver                      Fanout
#1        clk_50M_dup_1    GCLK               io                 clk_50M_syn_2.di            135
#2        U1/scan_clk      GCLK               lslice             U1/scan_clk_reg_syn_9.q0    10


Detailed IO Report

        Name           Direction    Location    IOStandard    DriveStrength    PullType    PackReg  
        RSTn             INPUT         A9        LVCMOS33          N/A          PULLUP      NONE    
       clk_50M           INPUT         R7        LVCMOS33          N/A          PULLUP      NONE    
       col[3]            INPUT        F10        LVCMOS33          N/A          PULLUP      NONE    
       col[2]            INPUT        C11        LVCMOS33          N/A          PULLUP      NONE    
       col[1]            INPUT        D11        LVCMOS33          N/A          PULLUP      NONE    
       col[0]            INPUT        E11        LVCMOS33          N/A          PULLUP      NONE    
  DigitronCS_Out[3]     OUTPUT         A3        LVCMOS33           8            NONE       NONE    
  DigitronCS_Out[2]     OUTPUT         A5        LVCMOS33           8            NONE       NONE    
  DigitronCS_Out[1]     OUTPUT         B6        LVCMOS33           8            NONE       NONE    
  DigitronCS_Out[0]     OUTPUT         C9        LVCMOS33           8            NONE       NONE    
   Digitron_Out[7]      OUTPUT         C8        LVCMOS33           8            NONE       NONE    
   Digitron_Out[6]      OUTPUT         A8        LVCMOS33           8            NONE       NONE    
   Digitron_Out[5]      OUTPUT         B5        LVCMOS33           8            NONE       NONE    
   Digitron_Out[4]      OUTPUT         A7        LVCMOS33           8            NONE       NONE    
   Digitron_Out[3]      OUTPUT         E8        LVCMOS33           8            NONE       NONE    
   Digitron_Out[2]      OUTPUT         B8        LVCMOS33           8            NONE       NONE    
   Digitron_Out[1]      OUTPUT         A6        LVCMOS33           8            NONE       NONE    
   Digitron_Out[0]      OUTPUT         A4        LVCMOS33           8            NONE       NONE    
       buzzer           OUTPUT        H11        LVCMOS33           8            NONE       NONE    
        light           OUTPUT        B14        LVCMOS33           8            NONE       NONE    
       row[3]           OUTPUT         D9        LVCMOS33           8            NONE       NONE    
       row[2]           OUTPUT         F9        LVCMOS33           8            NONE       NONE    
       row[1]           OUTPUT        C10        LVCMOS33           8            NONE       NONE    
       row[0]           OUTPUT        E10        LVCMOS33           8            NONE       NONE    

Report Hierarchy Area:
+-------------------------------------------------------------------------------------------+
|Instance |Module                      |le     |lut     |ripple  |seq     |bram    |dsp     |
+-------------------------------------------------------------------------------------------+
|top      |keyboard_instance           |786    |597     |151     |243     |0       |0       |
|  U1     |keyboard_scan               |73     |50      |9       |53      |0       |0       |
|  U2     |key_filter                  |62     |34      |6       |52      |0       |0       |
|  U3     |onehot2binary               |606    |475     |131     |123     |0       |0       |
|  U5     |Digitron_TimeDisplay_module |40     |33      |5       |15      |0       |0       |
+-------------------------------------------------------------------------------------------+


DataNet Average Fanout:

   Index     Fanout    Nets  
    #1         1       490   
    #2         2       120   
    #3         3        64   
    #4         4        44   
    #5        5-10     112   
    #6       11-50      23   
    #7       51-100     1    
  Average     2.74           

RUN-1002 : start command "export_db keyboard_pr.db"
RUN-1001 : Exported /
RUN-1001 : Exported flow parameters
RUN-1001 : Exported libs
RUN-1001 : Exported entities
RUN-1001 : Exported ports
RUN-1001 : Exported pins
RUN-1001 : Exported instances
RUN-1001 : Exported nets
RUN-1001 : Exported buses
RUN-1001 : Exported models
RUN-1001 : Exported congestions
RUN-1001 : Exported violations
RUN-1001 : Exported timing constraints
RUN-1001 : Exported IO constraints
RUN-1001 : Exported Inst constraints
RUN-1002 : start command "export_bid keyboard_inst.bid"
RUN-1002 : start command "bitgen -bit keyboard.bit -unused_io_status pulldown"
BIT-1003 : Start to generate bitstream. 
BIT-1002 : Bitgen processed 164 unused pads, reserve input tri_state with pulldown
BIT-1002 : Init instances with 16 threads.
BIT-1002 : Init instances completely, inst num: 591
BIT-1002 : Init pips with 16 threads.
BIT-1002 : Init pips completely, net num: 882, pip num: 6586
BIT-1002 : Init feedthrough with 16 threads.
BIT-1002 : Init feedthrough completely, num: 12
BIT-1003 : Multithreading accelaration with 16 threads.
BIT-1003 : Generate bitstream completely, there are 817 valid insts, and 22139 bits set as '1'.
BIT-1004 : PLL setting string = 0000
BIT-1004 : Generate bits file keyboard.bit.
RUN-1003 : finish command "bitgen -bit keyboard.bit -unused_io_status pulldown" in  1.691778s wall, 9.453125s user + 0.093750s system = 9.546875s CPU (564.3%)

RUN-1004 : used memory is 436 MB, reserved memory is 418 MB, peak memory is 629 MB
RUN-1002 : start command "backup_run_log run.log ../.logs/phy_1/td_20240828_235101.log"
