============================================================
   Tang Dynasty, V5.6.59063
   Copyright (c) 2012-2022 Anlogic
   Executable = E:/Anlogic/TD5.6.59063/bin/td.exe
   Built at =   12:45:13 Sep  6 2022
   Run by =     19234
   Run Date =   Wed Aug 28 16:55:50 2024

   Run on =     ERIKPSW
============================================================
RUN-1002 : start command "open_project keyboard.prj"
RUN-1001 : Print Global Property
RUN-1001 : ---------------------------------------------------------------
RUN-1001 :        Parameters        |  Settings  |  Default Values  |  Note  
RUN-1001 : ---------------------------------------------------------------
RUN-1001 :          message         |  standard  |     standard     |        
RUN-1001 :   mixed_pack_place_flow  |     on     |        on        |        
RUN-1001 :        qor_monitor       |    off     |       off        |        
RUN-1001 :        syn_ip_flow       |    off     |       off        |        
RUN-1001 :          thread          |    auto    |       auto       |        
RUN-1001 : ---------------------------------------------------------------
RUN-1001 : Print Design Property
RUN-1001 : --------------------------------------------------------------
RUN-1001 :        Parameters       |  Settings  |  Default Values  |  Note  
RUN-1001 : --------------------------------------------------------------
RUN-1001 :   default_reg_initial   |    auto    |       auto       |        
RUN-1001 :        infer_add        |     on     |        on        |        
RUN-1001 :        infer_fsm        |    off     |       off        |        
RUN-1001 :        infer_mult       |     on     |        on        |        
RUN-1001 :        infer_ram        |     on     |        on        |        
RUN-1001 :        infer_reg        |     on     |        on        |        
RUN-1001 :   infer_reg_init_value  |     on     |        on        |        
RUN-1001 :        infer_rom        |     on     |        on        |        
RUN-1001 :      infer_shifter      |     on     |        on        |        
RUN-1001 : --------------------------------------------------------------
RUN-1001 : Print Rtl Property
RUN-1001 : --------------------------------------------------------------
RUN-1001 :        Parameters       |  Settings  |  Default Values  |  Note  
RUN-1001 : --------------------------------------------------------------
RUN-1001 :       compress_add      |   ripple   |      ripple      |        
RUN-1001 :        elf_sload        |    off     |       off        |        
RUN-1001 :       fix_undriven      |     0      |        0         |        
RUN-1001 :         flatten         |    off     |       off        |        
RUN-1001 :       gate_sharing      |     on     |        on        |        
RUN-1001 :    hdl_warning_level    |   normal   |      normal      |        
RUN-1001 :   impl_internal_tribuf  |     on     |        on        |        
RUN-1001 :      impl_set_reset     |     on     |        on        |        
RUN-1001 :        infer_gsr        |    off     |       off        |        
RUN-1001 :      keep_hierarchy     |    auto    |       auto       |        
RUN-1001 :        max_fanout       |    9999    |       9999       |        
RUN-1001 :      max_oh2bin_len     |     10     |        10        |        
RUN-1001 :       merge_equal       |     on     |        on        |        
RUN-1001 :       merge_equiv       |     on     |        on        |        
RUN-1001 :        merge_mux        |    off     |       off        |        
RUN-1001 :     min_control_set     |     8      |        8         |        
RUN-1001 :      min_ripple_len     |    auto    |       auto       |        
RUN-1001 :       oh2bin_ratio      |    0.08    |       0.08       |        
RUN-1001 :     opt_adder_fanout    |     on     |        on        |        
RUN-1001 :        opt_arith        |     on     |        on        |        
RUN-1001 :       opt_big_gate      |    off     |       off        |        
RUN-1001 :        opt_const        |     on     |        on        |        
RUN-1001 :      opt_const_mult     |     on     |        on        |        
RUN-1001 :       opt_lessthan      |     on     |        on        |        
RUN-1001 :         opt_mux         |    off     |       off        |        
RUN-1001 :         opt_ram         |    high    |       high       |        
RUN-1001 :      rtl_sim_model      |    off     |       off        |        
RUN-1001 :         seq_syn         |     on     |        on        |        
RUN-1001 : --------------------------------------------------------------
HDL-1007 : analyze verilog file ../../../src/Digitron_TimeDisplay_module.v
HDL-1007 : analyze verilog file ../../../src/key_filter.v
HDL-1007 : analyze verilog file ../../../src/keyboard_instance.v
HDL-1007 : undeclared symbol 'secrect', assumed default net type 'wire' in ../../../src/keyboard_instance.v(42)
HDL-1007 : analyze verilog file ../../../src/keyboard_scan.v
HDL-1007 : analyze verilog file ../../../src/onehot2binary.v
RUN-1001 : Project manager successfully analyzed 5 source files.
RUN-1002 : start command "import_device eagle_s20.db -package EG4S20BG256"
ARC-1001 : Device Initialization.
ARC-1001 : ------------------------------------------------------------------
ARC-1001 :            OPTION            |          IO          |   SETTING   
ARC-1001 : ------------------------------------------------------------------
ARC-1001 :   cso_b/cclk/mosi/miso/dout  |  T3/R11/T10/P10/S11  |    gpio    
ARC-1001 :             done             |         P13          |    gpio    
ARC-1001 :           program_b          |          T2          |  dedicate  
ARC-1001 :        tdi/tms/tck/tdo       |   C12/A15/C14/E14    |  dedicate  
ARC-1001 : ------------------------------------------------------------------
ARC-1004 : Device setting, marked 5 dedicate IOs in total.
RUN-1002 : start command "import_db ../syn_1/keyboard_gate.db"
RUN-1001 : Importing database generated by Tang Dynasty, V5.6.59063.
RUN-1001 : Database version number 46140.
RUN-1001 : Import flow parameters
RUN-1001 : Import timing constraints
RUN-1001 : Import IO constraints
RUN-1001 : Import Inst constraints
RUN-1001 : Import design success TD_VERSION=5.6.59063 , DB_VERSION=46140
RUN-1002 : start command "read_sdc"
USR-1002 : read_sdc file_name -help -h -eco
USR-1009 : NO module with IP_SDC ...
RUN-1104 : Import SDC file  finished, there are 0 nets kept by constraints.
RUN-1002 : start command "place"
RUN-1001 : Open license file E:/Anlogic/TD5.6.59063/license/Anlogic.lic
RUN-1001 : Print Global Property
RUN-1001 : ---------------------------------------------------------------
RUN-1001 :        Parameters        |  Settings  |  Default Values  |  Note  
RUN-1001 : ---------------------------------------------------------------
RUN-1001 :          message         |  standard  |     standard     |        
RUN-1001 :   mixed_pack_place_flow  |     on     |        on        |        
RUN-1001 :        qor_monitor       |    off     |       off        |        
RUN-1001 :        syn_ip_flow       |    off     |       off        |        
RUN-1001 :          thread          |    auto    |       auto       |        
RUN-1001 : ---------------------------------------------------------------
RUN-1001 : Print Place Property
RUN-1001 : --------------------------------------------------------------
RUN-1001 :        Parameters       |  Settings  |  Default Values  |  Note  
RUN-1001 : --------------------------------------------------------------
RUN-1001 :      detailed_place     |     on     |        on        |        
RUN-1001 :          effort         |   medium   |      medium      |        
RUN-1001 :         fix_hold        |    off     |       off        |        
RUN-1001 :       legalization      |    ori     |       ori        |        
RUN-1001 :      new_spreading      |     on     |        on        |        
RUN-1001 :        opt_timing       |   medium   |      medium      |        
RUN-1001 :   post_clock_route_opt  |    off     |       off        |        
RUN-1001 :       pr_strategy       |     1      |        1         |        
RUN-1001 :        relaxation       |    1.00    |       1.00       |        
RUN-1001 :         retiming        |    off     |       off        |        
RUN-1001 : --------------------------------------------------------------
PHY-3001 : Placer runs in 16 thread(s).
RUN-1002 : start command "legalize_phy_inst"
SYN-1011 : Flatten model keyboard_instance
RUN-1002 : start command "phys_opt -simplify_lut"
SYN-4024 : Net "clk_50M_dup_1" drives clk pins.
SYN-4024 : Net "U1/scan_clk" drives clk pins.
SYN-4025 : Tag rtl::Net U1/scan_clk as clock net
SYN-4025 : Tag rtl::Net clk_50M_dup_1 as clock net
SYN-4026 : Tagged 2 rtl::Net as clock net
SYN-4015 : Create BUFG instance for clk Net U1/scan_clk to drive 20 clock pins.
PHY-1001 : Populate physical database on model keyboard_instance.
RUN-1001 : There are total 758 instances
RUN-0007 : 352 luts, 241 seqs, 96 mslices, 41 lslices, 24 pads, 0 brams, 0 dsps
RUN-1001 : There are total 900 nets
RUN-1001 : 547 nets have 2 pins
RUN-1001 : 225 nets have [3 - 5] pins
RUN-1001 : 103 nets have [6 - 10] pins
RUN-1001 : 15 nets have [11 - 20] pins
RUN-1001 : 8 nets have [21 - 99] pins
RUN-1001 : 2 nets have 100+ pins
RUN-1001 : Report Control nets information:
RUN-1001 : DFF Distribution
RUN-1001 : ----------------------------------
RUN-1001 :   CE   |  SSR  |  ASR  |  DFF Count  
RUN-1001 : ----------------------------------
RUN-1001 :   No   |  No   |  No   |     92      
RUN-1001 :   No   |  No   |  Yes  |     20      
RUN-1001 :   No   |  Yes  |  No   |     17      
RUN-1001 :   Yes  |  No   |  No   |     48      
RUN-1001 :   Yes  |  No   |  Yes  |     32      
RUN-1001 :   Yes  |  Yes  |  No   |     32      
RUN-1001 : ----------------------------------
RUN-0007 : Control Group Statistic
RUN-0007 : ---------------------------
RUN-0007 :   #CLK  |  #CE  |  #SSR/ASR  
RUN-0007 : ---------------------------
RUN-0007 :    2    |   6   |     3      
RUN-0007 : ---------------------------
RUN-0007 : Control Set = 9
PHY-3001 : Initial placement ...
PHY-3001 : design contains 756 instances, 352 luts, 241 seqs, 137 slices, 14 macros(137 instances: 96 mslices 41 lslices)
PHY-0007 : Cell area utilization is 3%
PHY-3001 : Start timing update ...
RUN-1002 : start command "start_timer -report"
TMR-2505 : Start building timing graph for model keyboard_instance.
TMR-2506 : Build timing graph completely. Port num: 8, tpin num: 3321, tnet num: 898, tinst num: 756, tnode num: 4016, tedge num: 5345.
TMR-2508 : Levelizing timing graph completed, there are 43 levels in total.
TMR-2501 : Timing graph initialized successfully.
TMR-2503 : Start to update net delay, extr mode = 2.
TMR-2504 : Update delay of 898 nets completely.
TMR-2502 : Annotate delay completely, extr mode = 2.
TMR-3001 : Initiate 0 clocks from SDC.
TMR-3004 : Map sdc constraints, there are 0 constraints in total.
TMR-3003 : Constraints initiated successfully.
TMR-3501 : Forward propagation: start to calculate arrival time...
TMR-3502 : Backward propagation: start to calculate required time...
TMR-3503 : Timing propagation completes.
PHY-3001 : End timing update;  0.274579s wall, 0.046875s user + 0.000000s system = 0.046875s CPU (17.1%)

PHY-3001 : Global placement ...
PHY-3001 : Initial: Len = 241193
PHY-3001 : Clustering ...
PHY-3001 : Level 0 #clusters 756.
PHY-3001 : End clustering;  0.000028s wall, 0.000000s user + 0.000000s system = 0.000000s CPU (n/a%)

PHY-3001 : Run with size of 4
PHY-3001 : Cell area utilization is 3%
PHY-3001 : :::0::: Try harder cell spreading with beta_ = 0
PHY-3002 : Step(1): len = 150707, overlap = 0
PHY-3002 : Step(2): len = 100720, overlap = 0
PHY-3002 : Step(3): len = 74084.3, overlap = 0
PHY-3002 : Step(4): len = 52834.1, overlap = 0
PHY-3002 : Step(5): len = 42104.7, overlap = 0
PHY-3002 : Step(6): len = 37185.5, overlap = 0
PHY-3002 : Step(7): len = 29947.5, overlap = 2
PHY-3002 : Step(8): len = 25663.7, overlap = 2.25
PHY-3002 : Step(9): len = 24876.8, overlap = 5.1875
PHY-3002 : Step(10): len = 23493, overlap = 9.0625
PHY-3002 : Step(11): len = 21443.1, overlap = 10.1875
PHY-3002 : Step(12): len = 19152.5, overlap = 11.5625
PHY-3002 : Step(13): len = 18947.5, overlap = 11.9375
PHY-3002 : Step(14): len = 18982.1, overlap = 15.1562
PHY-3002 : Step(15): len = 17767.6, overlap = 15.5625
PHY-3002 : Step(16): len = 17460, overlap = 12
PHY-3002 : Step(17): len = 17266.8, overlap = 12
PHY-3002 : Step(18): len = 17521.6, overlap = 12.875
PHY-3002 : Step(19): len = 17376.7, overlap = 17.8125
PHY-3002 : Step(20): len = 17176.8, overlap = 18.0625
PHY-3002 : Step(21): len = 15736.3, overlap = 17
PHY-3002 : Step(22): len = 15833.3, overlap = 16.8125
PHY-3002 : Step(23): len = 16024.8, overlap = 16.5625
PHY-3002 : Step(24): len = 15655.1, overlap = 16.0938
PHY-3002 : Step(25): len = 15766.1, overlap = 16.0625
PHY-3002 : Step(26): len = 14419.4, overlap = 16.25
PHY-3002 : Step(27): len = 14528.9, overlap = 16.8125
PHY-3002 : Step(28): len = 14256.8, overlap = 17.6875
PHY-3002 : Step(29): len = 14323, overlap = 18.1562
PHY-3002 : Step(30): len = 13644.8, overlap = 19.2188
PHY-3002 : Step(31): len = 13730.9, overlap = 19.4062
PHY-3002 : Step(32): len = 13443.1, overlap = 18.9375
PHY-3002 : Step(33): len = 13842.8, overlap = 16.7188
PHY-3002 : Step(34): len = 14227.4, overlap = 14.75
PHY-3001 : Legalization ...
PHY-3001 : End legalization;  0.004121s wall, 0.000000s user + 0.000000s system = 0.000000s CPU (n/a%)

PHY-3001 : Run with size of 4
PHY-3001 : Cell area utilization is 4%
PHY-3001 : Update timing in Manhattan mode ...
TMR-2503 : Start to update net delay, extr mode = 3.
TMR-2504 : Update delay of 898 nets completely.
TMR-2502 : Annotate delay completely, extr mode = 3.
TMR-3501 : Forward propagation: start to calculate arrival time...
TMR-3502 : Backward propagation: start to calculate required time...
TMR-3503 : Timing propagation completes.
PHY-3001 : End timing update;  0.012278s wall, 0.015625s user + 0.000000s system = 0.015625s CPU (127.3%)

PHY-3001 : :::0::: Try harder cell spreading with beta_ = 6.05264e-05
PHY-3002 : Step(35): len = 13158.6, overlap = 31.9688
PHY-3002 : Step(36): len = 13378.3, overlap = 31.8438
PHY-3002 : Step(37): len = 13920.5, overlap = 32.3438
PHY-3002 : Step(38): len = 14039.4, overlap = 32.3438
PHY-3002 : Step(39): len = 13149.9, overlap = 19.75
PHY-3002 : Step(40): len = 13219.3, overlap = 19.75
PHY-3002 : Step(41): len = 13355.3, overlap = 13.7812
PHY-3001 : :::1::: Try harder cell spreading with beta_ = 0.000121053
PHY-3002 : Step(42): len = 13380.1, overlap = 13.75
PHY-3002 : Step(43): len = 13557.6, overlap = 13.2812
PHY-3002 : Step(44): len = 14072, overlap = 12.6562
PHY-3001 : :::2::: Try harder cell spreading with beta_ = 0.000242106
PHY-3002 : Step(45): len = 13826.1, overlap = 10.9062
PHY-3002 : Step(46): len = 13914.5, overlap = 10.9062
PHY-3002 : Step(47): len = 13988.4, overlap = 10.9062
PHY-3001 : Run with size of 2
PHY-3001 : Cell area utilization is 4%
PHY-3001 : Update timing in Manhattan mode ...
TMR-2503 : Start to update net delay, extr mode = 3.
TMR-2504 : Update delay of 898 nets completely.
TMR-2502 : Annotate delay completely, extr mode = 3.
TMR-3501 : Forward propagation: start to calculate arrival time...
TMR-3502 : Backward propagation: start to calculate required time...
TMR-3503 : Timing propagation completes.
PHY-3001 : End timing update;  0.012330s wall, 0.000000s user + 0.000000s system = 0.000000s CPU (n/a%)

PHY-3001 : :::0::: Try harder cell spreading with beta_ = 1.11149e-05
PHY-3002 : Step(48): len = 15173.3, overlap = 33.3125
PHY-3002 : Step(49): len = 15385.2, overlap = 33.3125
PHY-3002 : Step(50): len = 15212.8, overlap = 24.5312
PHY-3002 : Step(51): len = 14344.1, overlap = 29.5938
PHY-3002 : Step(52): len = 14549.2, overlap = 29.4375
PHY-3002 : Step(53): len = 14623, overlap = 29.8438
PHY-3001 : :::1::: Try harder cell spreading with beta_ = 2.22298e-05
PHY-3002 : Step(54): len = 15065.6, overlap = 30.2188
PHY-3002 : Step(55): len = 15227.6, overlap = 29.9688
PHY-3002 : Step(56): len = 14919.9, overlap = 25.4062
PHY-3002 : Step(57): len = 14847.2, overlap = 15.8125
PHY-3002 : Step(58): len = 14886.8, overlap = 15.75
PHY-3002 : Step(59): len = 14447.7, overlap = 22.7188
PHY-3002 : Step(60): len = 14415.5, overlap = 23.6562
PHY-3002 : Step(61): len = 14362.4, overlap = 23.2812
PHY-3001 : :::2::: Try harder cell spreading with beta_ = 4.44597e-05
PHY-3002 : Step(62): len = 14323.5, overlap = 17.3438
PHY-3002 : Step(63): len = 14291.6, overlap = 17.2188
PHY-3002 : Step(64): len = 14287.5, overlap = 17.1562
PHY-3001 : :::3::: Try harder cell spreading with beta_ = 8.89193e-05
PHY-3002 : Step(65): len = 14516.1, overlap = 15.1562
PHY-3002 : Step(66): len = 14458.7, overlap = 14.9375
PHY-3002 : Step(67): len = 14458.7, overlap = 14.9375
OPT-1001 : Start physical optimization ...
RUN-1002 : start command "start_timer -report"
TMR-2505 : Start building timing graph for model keyboard_instance.
TMR-2506 : Build timing graph completely. Port num: 8, tpin num: 3321, tnet num: 898, tinst num: 756, tnode num: 4016, tedge num: 5345.
TMR-2508 : Levelizing timing graph completed, there are 43 levels in total.
TMR-2501 : Timing graph initialized successfully.
OPT-1001 : Total overflow 49.00 peak overflow 2.47
OPT-1001 : Start high-fanout net optimization ...
OPT-1001 : Update timing in global mode
PHY-1001 : Start incremental global routing, caller is place ...
RUN-1001 : Generating global routing grids ...
RUN-1001 : Building simple global routing graph ...
PHY-1001 : Generate routing nets ...
PHY-1001 : Reuse net number 0/900.
PHY-1001 : Global iterations in 16 thread ...
PHY-1002 : len = 15920, over cnt = 64(0%), over = 255, worst = 17
PHY-1001 : End global iterations;  0.056125s wall, 0.015625s user + 0.000000s system = 0.015625s CPU (27.8%)

PHY-1001 : Congestion index: top1 = 23.43, top5 = 10.21, top10 = 5.69, top15 = 3.80.
PHY-1001 : End incremental global routing;  0.128987s wall, 0.046875s user + 0.000000s system = 0.046875s CPU (36.3%)

TMR-2503 : Start to update net delay, extr mode = 5.
TMR-2504 : Update delay of 898 nets completely.
TMR-2502 : Annotate delay completely, extr mode = 5.
TMR-3001 : Initiate 0 clocks from SDC.
TMR-3004 : Map sdc constraints, there are 0 constraints in total.
TMR-3003 : Constraints initiated successfully.
TMR-3501 : Forward propagation: start to calculate arrival time...
TMR-3502 : Backward propagation: start to calculate required time...
TMR-3503 : Timing propagation completes.
OPT-1001 : End timing update;  0.016603s wall, 0.000000s user + 0.000000s system = 0.000000s CPU (n/a%)

OPT-1001 : 0 high-fanout net processed.
OPT-1001 : End high-fanout net optimization;  0.158203s wall, 0.046875s user + 0.000000s system = 0.046875s CPU (29.6%)

OPT-1001 : Current memory(MB): used = 151, reserve = 121, peak = 151.
OPT-1001 : Start global optimization ...
OPT-1001 : Start congestion update ...
RUN-1001 : Generating global routing grids ...
PHY-1001 : Generate routing nets ...
PHY-1001 : Reuse net number 475/900.
PHY-1001 : Global iterations in 16 thread ...
PHY-1002 : len = 15920, over cnt = 64(0%), over = 255, worst = 17
PHY-1002 : len = 17736, over cnt = 35(0%), over = 80, worst = 8
PHY-1002 : len = 18480, over cnt = 8(0%), over = 22, worst = 8
PHY-1002 : len = 18792, over cnt = 0(0%), over = 0, worst = 0
PHY-1001 : End global iterations;  0.059286s wall, 0.000000s user + 0.000000s system = 0.000000s CPU (n/a%)

PHY-1001 : Congestion index: top1 = 22.44, top5 = 11.17, top10 = 6.45, top15 = 4.31.
OPT-1001 : End congestion update;  0.139827s wall, 0.046875s user + 0.000000s system = 0.046875s CPU (33.5%)

OPT-1001 : Update timing in Manhattan mode
TMR-2503 : Start to update net delay, extr mode = 3.
TMR-2504 : Update delay of 898 nets completely.
TMR-2502 : Annotate delay completely, extr mode = 3.
TMR-3501 : Forward propagation: start to calculate arrival time...
TMR-3502 : Backward propagation: start to calculate required time...
TMR-3503 : Timing propagation completes.
OPT-1001 : End timing update;  0.018659s wall, 0.000000s user + 0.000000s system = 0.000000s CPU (n/a%)

OPT-0007 : Start: WNS 2147483647 TNS 0 NUM_FEPS 0
OPT-1001 : End global optimization;  0.158665s wall, 0.046875s user + 0.000000s system = 0.046875s CPU (29.5%)

OPT-1001 : Current memory(MB): used = 152, reserve = 123, peak = 152.
OPT-1001 : End physical optimization;  0.511919s wall, 0.171875s user + 0.000000s system = 0.171875s CPU (33.6%)

PHY-3001 : Start packing ...
SYN-4007 : Packing 0 MUX to BLE ...
SYN-4008 : Packed 0 MUX and 0 SEQ to BLE.
SYN-4007 : Packing 352 LUT to BLE ...
SYN-4008 : Packed 352 LUT and 106 SEQ to BLE.
SYN-4003 : Packing 135 remaining SEQ's ...
SYN-4005 : Packed 59 SEQ with LUT/SLICE
SYN-4006 : 197 single LUT's are left
SYN-4006 : 76 single SEQ's are left
SYN-4011 : Packing model "keyboard_instance" (AL_USER_NORMAL) with 428/593 primitive instances ...
PHY-3001 : End packing;  0.038669s wall, 0.000000s user + 0.000000s system = 0.000000s CPU (n/a%)

PHY-1001 : Populate physical database on model keyboard_instance.
RUN-1001 : There are total 390 instances
RUN-1001 : 181 mslices, 181 lslices, 24 pads, 0 brams, 0 dsps
RUN-1001 : There are total 806 nets
RUN-1001 : 453 nets have 2 pins
RUN-1001 : 227 nets have [3 - 5] pins
RUN-1001 : 102 nets have [6 - 10] pins
RUN-1001 : 16 nets have [11 - 20] pins
RUN-1001 : 6 nets have [21 - 99] pins
RUN-1001 : 2 nets have 100+ pins
PHY-3001 : design contains 388 instances, 362 slices, 14 macros(137 instances: 96 mslices 41 lslices)
PHY-3001 : Cell area utilization is 4%
PHY-3001 : After packing: Len = 15102, Over = 26.75
PHY-3001 : Run with size of 2
PHY-3001 : Cell area utilization is 4%
PHY-3001 : Update timing in Manhattan mode ...
RUN-1002 : start command "start_timer -report"
TMR-2505 : Start building timing graph for model keyboard_instance.
TMR-2506 : Build timing graph completely. Port num: 8, tpin num: 2914, tnet num: 804, tinst num: 388, tnode num: 3402, tedge num: 4855.
TMR-2508 : Levelizing timing graph completed, there are 41 levels in total.
TMR-2501 : Timing graph initialized successfully.
TMR-2503 : Start to update net delay, extr mode = 3.
TMR-2504 : Update delay of 804 nets completely.
TMR-2502 : Annotate delay completely, extr mode = 3.
TMR-3001 : Initiate 0 clocks from SDC.
TMR-3004 : Map sdc constraints, there are 0 constraints in total.
TMR-3003 : Constraints initiated successfully.
TMR-3501 : Forward propagation: start to calculate arrival time...
TMR-3502 : Backward propagation: start to calculate required time...
TMR-3503 : Timing propagation completes.
PHY-3001 : End timing update;  0.201111s wall, 0.140625s user + 0.000000s system = 0.140625s CPU (69.9%)

PHY-3001 : :::0::: Try harder cell spreading with beta_ = 1.62946e-05
PHY-3002 : Step(68): len = 14646.5, overlap = 25
PHY-3002 : Step(69): len = 14683, overlap = 25.5
PHY-3002 : Step(70): len = 14651.5, overlap = 26.25
PHY-3001 : :::1::: Try harder cell spreading with beta_ = 3.25892e-05
PHY-3002 : Step(71): len = 15009.5, overlap = 26
PHY-3002 : Step(72): len = 15133.6, overlap = 25.5
PHY-3002 : Step(73): len = 15334, overlap = 25.25
PHY-3001 : :::2::: Try harder cell spreading with beta_ = 6.51783e-05
PHY-3002 : Step(74): len = 15776.4, overlap = 21
PHY-3002 : Step(75): len = 15911.7, overlap = 21
PHY-3002 : Step(76): len = 16210.9, overlap = 22
PHY-3001 : Legalization ...
PHY-3001 : End legalization;  0.088215s wall, 0.015625s user + 0.015625s system = 0.031250s CPU (35.4%)

PHY-3001 : Trial Legalized: Len = 23681.3
PHY-3001 : Run with size of 2
PHY-3001 : Cell area utilization is 4%
PHY-3001 : Update timing in Manhattan mode ...
TMR-2503 : Start to update net delay, extr mode = 3.
TMR-2504 : Update delay of 804 nets completely.
TMR-2502 : Annotate delay completely, extr mode = 3.
TMR-3501 : Forward propagation: start to calculate arrival time...
TMR-3502 : Backward propagation: start to calculate required time...
TMR-3503 : Timing propagation completes.
PHY-3001 : End timing update;  0.011235s wall, 0.000000s user + 0.000000s system = 0.000000s CPU (n/a%)

PHY-3001 : :::0::: Try harder cell spreading with beta_ = 0.000448042
PHY-3002 : Step(77): len = 20220.2, overlap = 5.25
PHY-3002 : Step(78): len = 18883.1, overlap = 7.25
PHY-3002 : Step(79): len = 18399.4, overlap = 8
PHY-3002 : Step(80): len = 17801.1, overlap = 7.75
PHY-3002 : Step(81): len = 17626.4, overlap = 7.5
PHY-3002 : Step(82): len = 17459.8, overlap = 7.75
PHY-3001 : :::1::: Try harder cell spreading with beta_ = 0.000875483
PHY-3002 : Step(83): len = 17573.9, overlap = 8
PHY-3002 : Step(84): len = 17583.7, overlap = 7.5
PHY-3001 : :::2::: Try harder cell spreading with beta_ = 0.00175097
PHY-3002 : Step(85): len = 17591.4, overlap = 6.75
PHY-3002 : Step(86): len = 17591.4, overlap = 6.75
PHY-3001 : Legalization ...
PHY-3001 : End legalization;  0.006408s wall, 0.000000s user + 0.000000s system = 0.000000s CPU (n/a%)

PHY-3001 : Legalized: Len = 20795.9, Over = 0
PHY-3001 : End spreading;  0.004082s wall, 0.000000s user + 0.000000s system = 0.000000s CPU (n/a%)

PHY-3001 : Final: Len = 20795.9, Over = 0
OPT-1001 : Start physical optimization ...
RUN-1002 : start command "start_timer -report"
TMR-2505 : Start building timing graph for model keyboard_instance.
TMR-2506 : Build timing graph completely. Port num: 8, tpin num: 2914, tnet num: 804, tinst num: 388, tnode num: 3402, tedge num: 4855.
TMR-2508 : Levelizing timing graph completed, there are 41 levels in total.
TMR-2501 : Timing graph initialized successfully.
OPT-1001 : Total overflow 0.00 peak overflow 0.00
OPT-1001 : Start high-fanout net optimization ...
OPT-1001 : Update timing in global mode
PHY-1001 : Start incremental global routing, caller is place ...
RUN-1001 : Generating global routing grids ...
PHY-1001 : Generate routing nets ...
PHY-1001 : Reuse net number 52/806.
PHY-1001 : Global iterations in 16 thread ...
PHY-1002 : len = 23768, over cnt = 76(0%), over = 116, worst = 4
PHY-1002 : len = 24208, over cnt = 43(0%), over = 61, worst = 4
PHY-1002 : len = 24800, over cnt = 10(0%), over = 12, worst = 2
PHY-1002 : len = 24968, over cnt = 0(0%), over = 0, worst = 0
PHY-1001 : End global iterations;  0.116054s wall, 0.031250s user + 0.000000s system = 0.031250s CPU (26.9%)

PHY-1001 : Congestion index: top1 = 21.94, top5 = 14.12, top10 = 8.83, top15 = 6.03.
PHY-1001 : End incremental global routing;  0.178800s wall, 0.046875s user + 0.000000s system = 0.046875s CPU (26.2%)

TMR-2503 : Start to update net delay, extr mode = 5.
TMR-2504 : Update delay of 804 nets completely.
TMR-2502 : Annotate delay completely, extr mode = 5.
TMR-3001 : Initiate 0 clocks from SDC.
TMR-3004 : Map sdc constraints, there are 0 constraints in total.
TMR-3003 : Constraints initiated successfully.
TMR-3501 : Forward propagation: start to calculate arrival time...
TMR-3502 : Backward propagation: start to calculate required time...
TMR-3503 : Timing propagation completes.
OPT-1001 : End timing update;  0.016546s wall, 0.031250s user + 0.000000s system = 0.031250s CPU (188.9%)

OPT-1001 : 0 high-fanout net processed.
OPT-1001 : End high-fanout net optimization;  0.207099s wall, 0.078125s user + 0.000000s system = 0.078125s CPU (37.7%)

OPT-1001 : Current memory(MB): used = 155, reserve = 126, peak = 155.
OPT-1001 : Start path based optimization ...
OPT-1001 : Start congestion update ...
RUN-1001 : Generating global routing grids ...
PHY-1001 : Generate routing nets ...
PHY-1001 : Reuse net number 652/806.
PHY-1001 : Global iterations in 16 thread ...
PHY-1002 : len = 24968, over cnt = 0(0%), over = 0, worst = 0
PHY-1001 : End global iterations;  0.004856s wall, 0.000000s user + 0.000000s system = 0.000000s CPU (n/a%)

PHY-1001 : Congestion index: top1 = 21.94, top5 = 14.12, top10 = 8.83, top15 = 6.03.
OPT-1001 : End congestion update;  0.065154s wall, 0.015625s user + 0.000000s system = 0.015625s CPU (24.0%)

OPT-1001 : Update timing in Manhattan mode
TMR-2503 : Start to update net delay, extr mode = 3.
TMR-2504 : Update delay of 804 nets completely.
TMR-2502 : Annotate delay completely, extr mode = 3.
TMR-3501 : Forward propagation: start to calculate arrival time...
TMR-3502 : Backward propagation: start to calculate required time...
TMR-3503 : Timing propagation completes.
OPT-1001 : End timing update;  0.012438s wall, 0.015625s user + 0.000000s system = 0.015625s CPU (125.6%)

OPT-0007 : Start: WNS 2147483647 TNS 0 NUM_FEPS 0
OPT-1001 : End path based optimization;  0.077706s wall, 0.031250s user + 0.000000s system = 0.031250s CPU (40.2%)

OPT-1001 : Current memory(MB): used = 156, reserve = 126, peak = 156.
OPT-1001 : Update timing in Manhattan mode
TMR-2503 : Start to update net delay, extr mode = 3.
TMR-2504 : Update delay of 804 nets completely.
TMR-2502 : Annotate delay completely, extr mode = 3.
TMR-3501 : Forward propagation: start to calculate arrival time...
TMR-3502 : Backward propagation: start to calculate required time...
TMR-3503 : Timing propagation completes.
OPT-1001 : End timing update;  0.009159s wall, 0.000000s user + 0.000000s system = 0.000000s CPU (n/a%)

OPT-1001 : Start pin optimization...
OPT-1001 : skip pin optimization...
OPT-1001 : Update timing in global mode
PHY-1001 : Start incremental global routing, caller is place ...
RUN-1001 : Generating global routing grids ...
PHY-1001 : Generate routing nets ...
PHY-1001 : Reuse net number 652/806.
PHY-1001 : Global iterations in 16 thread ...
PHY-1002 : len = 24968, over cnt = 0(0%), over = 0, worst = 0
PHY-1001 : End global iterations;  0.003556s wall, 0.000000s user + 0.000000s system = 0.000000s CPU (n/a%)

PHY-1001 : Congestion index: top1 = 21.94, top5 = 14.12, top10 = 8.83, top15 = 6.03.
PHY-1001 : End incremental global routing;  0.066419s wall, 0.046875s user + 0.000000s system = 0.046875s CPU (70.6%)

TMR-2503 : Start to update net delay, extr mode = 5.
TMR-2504 : Update delay of 804 nets completely.
TMR-2502 : Annotate delay completely, extr mode = 5.
TMR-3501 : Forward propagation: start to calculate arrival time...
TMR-3502 : Backward propagation: start to calculate required time...
TMR-3503 : Timing propagation completes.
OPT-1001 : End timing update;  0.016098s wall, 0.000000s user + 0.000000s system = 0.000000s CPU (n/a%)

RUN-1001 : Generating global routing grids ...
PHY-1001 : Generate routing nets ...
PHY-1001 : Reuse net number 652/806.
PHY-1001 : Global iterations in 16 thread ...
PHY-1002 : len = 24968, over cnt = 0(0%), over = 0, worst = 0
PHY-1001 : End global iterations;  0.003177s wall, 0.000000s user + 0.000000s system = 0.000000s CPU (n/a%)

PHY-1001 : Congestion index: top1 = 21.94, top5 = 14.12, top10 = 8.83, top15 = 6.03.
OPT-1001 : Update timing in Manhattan mode
TMR-2503 : Start to update net delay, extr mode = 3.
TMR-2504 : Update delay of 804 nets completely.
TMR-2502 : Annotate delay completely, extr mode = 3.
TMR-3501 : Forward propagation: start to calculate arrival time...
TMR-3502 : Backward propagation: start to calculate required time...
TMR-3503 : Timing propagation completes.
OPT-1001 : End timing update;  0.015769s wall, 0.000000s user + 0.000000s system = 0.000000s CPU (n/a%)

RUN-1001 : QoR Analysis:
OPT-0007 :   WNS 2147483647 TNS 0 NUM_FEPS 0
RUN-1001 :   No local congestion issue, and most congested 1% tile average routing util is 21.448276
RUN-1001 :   Top critical paths
OPT-1001 : End physical optimization;  0.668632s wall, 0.250000s user + 0.000000s system = 0.250000s CPU (37.4%)

RUN-1003 : finish command "place" in  4.295684s wall, 1.125000s user + 0.734375s system = 1.859375s CPU (43.3%)

RUN-1004 : used memory is 138 MB, reserved memory is 108 MB, peak memory is 156 MB
RUN-1002 : start command "export_db keyboard_place.db"
RUN-1001 : Exported /
RUN-1001 : Exported flow parameters
RUN-1001 : Exported libs
RUN-1001 : Exported entities
RUN-1001 : Exported ports
RUN-1001 : Exported pins
RUN-1001 : Exported instances
RUN-1001 : Exported nets
RUN-1001 : Exported buses
RUN-1001 : Exported models
RUN-1001 : Exported congestions
RUN-1001 : Exported violations
RUN-1001 : Exported timing constraints
RUN-1001 : Exported IO constraints
RUN-1001 : Exported Inst constraints
RUN-1002 : start command "route"
RUN-1001 : Open license file E:/Anlogic/TD5.6.59063/license/Anlogic.lic
RUN-1001 : Print Global Property
RUN-1001 : ---------------------------------------------------------------
RUN-1001 :        Parameters        |  Settings  |  Default Values  |  Note  
RUN-1001 : ---------------------------------------------------------------
RUN-1001 :          message         |  standard  |     standard     |        
RUN-1001 :   mixed_pack_place_flow  |     on     |        on        |        
RUN-1001 :        qor_monitor       |    off     |       off        |        
RUN-1001 :        syn_ip_flow       |    off     |       off        |        
RUN-1001 :          thread          |    auto    |       auto       |        
RUN-1001 : ---------------------------------------------------------------
RUN-1001 : Print Route Property
RUN-1001 : -------------------------------------------------------
RUN-1001 :    Parameters    |  Settings  |  Default Values  |  Note  
RUN-1001 : -------------------------------------------------------
RUN-1001 :      effort      |   medium   |      medium      |        
RUN-1001 :     fix_hold     |    off     |       off        |        
RUN-1001 :    opt_timing    |   medium   |      medium      |        
RUN-1001 :   phy_sim_model  |    off     |       off        |        
RUN-1001 :     priority     |   timing   |      timing      |        
RUN-1001 :     swap_pin     |     on     |        on        |        
RUN-1001 : -------------------------------------------------------
PHY-1001 : Route runs in 16 thread(s)
RUN-1001 : There are total 390 instances
RUN-1001 : 181 mslices, 181 lslices, 24 pads, 0 brams, 0 dsps
RUN-1001 : There are total 806 nets
RUN-1001 : 453 nets have 2 pins
RUN-1001 : 227 nets have [3 - 5] pins
RUN-1001 : 102 nets have [6 - 10] pins
RUN-1001 : 16 nets have [11 - 20] pins
RUN-1001 : 6 nets have [21 - 99] pins
RUN-1001 : 2 nets have 100+ pins
RUN-1002 : start command "start_timer -report"
TMR-2505 : Start building timing graph for model keyboard_instance.
TMR-2506 : Build timing graph completely. Port num: 8, tpin num: 2914, tnet num: 804, tinst num: 388, tnode num: 3402, tedge num: 4855.
TMR-2508 : Levelizing timing graph completed, there are 41 levels in total.
TMR-2501 : Timing graph initialized successfully.
PHY-1001 : 181 mslices, 181 lslices, 24 pads, 0 brams, 0 dsps
TMR-2503 : Start to update net delay, extr mode = 3.
TMR-2504 : Update delay of 804 nets completely.
TMR-2502 : Annotate delay completely, extr mode = 3.
TMR-3001 : Initiate 0 clocks from SDC.
TMR-3004 : Map sdc constraints, there are 0 constraints in total.
TMR-3003 : Constraints initiated successfully.
TMR-3501 : Forward propagation: start to calculate arrival time...
TMR-3502 : Backward propagation: start to calculate required time...
TMR-3503 : Timing propagation completes.
PHY-1001 : Start global routing, caller is route ...
RUN-1001 : Generating global routing grids ...
PHY-1001 : Generate routing nets ...
PHY-1001 : Global iterations in 16 thread ...
PHY-1002 : len = 23400, over cnt = 76(0%), over = 112, worst = 4
PHY-1002 : len = 23896, over cnt = 41(0%), over = 55, worst = 4
PHY-1002 : len = 24536, over cnt = 6(0%), over = 6, worst = 1
PHY-1002 : len = 24616, over cnt = 0(0%), over = 0, worst = 0
PHY-1001 : End global iterations;  0.106828s wall, 0.015625s user + 0.000000s system = 0.015625s CPU (14.6%)

PHY-1001 : Congestion index: top1 = 21.85, top5 = 14.04, top10 = 8.70, top15 = 5.94.
PHY-1001 : End global routing;  0.187729s wall, 0.046875s user + 0.000000s system = 0.046875s CPU (25.0%)

PHY-1001 : Start detail routing ...
PHY-1001 : Current memory(MB): used = 176, reserve = 147, peak = 190.
PHY-1001 : Detailed router is running in normal mode.
PHY-1001 : Generate detailed routing grids ...
PHY-1001 : Generate nets ...
PHY-1001 : net clk_50M_dup_1 will be routed on clock mesh
PHY-1001 : clock net U1/scan_clk_syn_4 will be merged with clock U1/scan_clk
PHY-1001 : Current memory(MB): used = 442, reserve = 418, peak = 442.
PHY-1001 : End build detailed router design. 5.315818s wall, 1.890625s user + 0.046875s system = 1.937500s CPU (36.4%)

PHY-1001 : Detail Route ...
PHY-1001 : ===== Detail Route Phase 1 =====
PHY-1001 : Clock net routing.....
PHY-1001 : Routed 0% nets.
PHY-1022 : len = 9744, over cnt = 0(0%), over = 0, worst = 0, crit = 0
PHY-1001 : End initial clock net routed; 0.524482s wall, 0.234375s user + 0.015625s system = 0.250000s CPU (47.7%)

PHY-1001 : Current memory(MB): used = 472, reserve = 449, peak = 472.
PHY-1001 : End phase 1; 0.530794s wall, 0.234375s user + 0.015625s system = 0.250000s CPU (47.1%)

PHY-1001 : ===== Detail Route Phase 2 =====
PHY-1001 : Initial routing.....
PHY-1001 : Routed 23% nets.
PHY-1001 : Routed 30% nets.
PHY-1001 : Routed 33% nets.
PHY-1001 : Routed 33% nets.
PHY-1001 : Patch 385 net; 0.394793s wall, 0.156250s user + 0.000000s system = 0.156250s CPU (39.6%)

PHY-1022 : len = 48568, over cnt = 22(0%), over = 22, worst = 1, crit = 0
PHY-1001 : Current memory(MB): used = 472, reserve = 449, peak = 472.
PHY-1001 : End initial routed; 0.512119s wall, 0.265625s user + 0.000000s system = 0.265625s CPU (51.9%)

PHY-1001 : Update timing.....
PHY-1001 : 0/657(0%) critical/total net(s).
RUN-1001 : ------------------------------------------
RUN-1001 :   Type   |    WNS(ns)    |  TNS(ns)  |  FEP  
RUN-1001 : ------------------------------------------
RUN-1001 :   Setup  |  2147483.647  |   0.000   |   0   
RUN-1001 :   Hold   |  2147483.647  |   0.000   |   0   
RUN-1001 : ------------------------------------------
PHY-1001 : End update timing; 0.264121s wall, 0.140625s user + 0.000000s system = 0.140625s CPU (53.2%)

PHY-1001 : Current memory(MB): used = 472, reserve = 449, peak = 472.
PHY-1001 : End phase 2; 0.776371s wall, 0.406250s user + 0.000000s system = 0.406250s CPU (52.3%)

PHY-1001 : ===== Detail Route Phase 3 =====
PHY-1001 : Optimize timing.....
PHY-1022 : len = 48568, over cnt = 22(0%), over = 22, worst = 1, crit = 0
PHY-1001 : End optimize timing; 0.006639s wall, 0.000000s user + 0.000000s system = 0.000000s CPU (n/a%)

PHY-1001 : Ripup-reroute.....
PHY-1001 : ===== DR Iter 1 =====
PHY-1022 : len = 48464, over cnt = 3(0%), over = 3, worst = 1, crit = 0
PHY-1001 : End DR Iter 1; 0.030307s wall, 0.000000s user + 0.000000s system = 0.000000s CPU (n/a%)

PHY-1001 : ===== DR Iter 2 =====
PHY-1022 : len = 48488, over cnt = 0(0%), over = 0, worst = 0, crit = 0
PHY-1001 : End DR Iter 2; 0.017064s wall, 0.000000s user + 0.000000s system = 0.000000s CPU (n/a%)

PHY-1001 : Update timing.....
PHY-1001 : 0/657(0%) critical/total net(s).
RUN-1001 : ------------------------------------------
RUN-1001 :   Type   |    WNS(ns)    |  TNS(ns)  |  FEP  
RUN-1001 : ------------------------------------------
RUN-1001 :   Setup  |  2147483.647  |   0.000   |   0   
RUN-1001 :   Hold   |  2147483.647  |   0.000   |   0   
RUN-1001 : ------------------------------------------
PHY-1001 : End update timing; 0.279287s wall, 0.109375s user + 0.000000s system = 0.109375s CPU (39.2%)

PHY-1001 : Commit to database.....
PHY-1001 : 7 feed throughs used by 7 nets
PHY-1001 : End commit to database; 0.139540s wall, 0.046875s user + 0.000000s system = 0.046875s CPU (33.6%)

PHY-1001 : Current memory(MB): used = 485, reserve = 461, peak = 485.
PHY-1001 : End phase 3; 0.651301s wall, 0.203125s user + 0.000000s system = 0.203125s CPU (31.2%)

PHY-1003 : Routed, final wirelength = 48488
PHY-1001 : Current memory(MB): used = 485, reserve = 461, peak = 485.
PHY-1001 : End export database. 0.006987s wall, 0.015625s user + 0.000000s system = 0.015625s CPU (223.6%)

PHY-1001 : End detail routing;  7.586229s wall, 2.828125s user + 0.078125s system = 2.906250s CPU (38.3%)

RUN-1003 : finish command "route" in  8.088966s wall, 2.984375s user + 0.093750s system = 3.078125s CPU (38.1%)

RUN-1004 : used memory is 425 MB, reserved memory is 401 MB, peak memory is 485 MB
RUN-1002 : start command "report_area -io_info -file keyboard_phy.area"
RUN-1001 : standard
***Report Model: keyboard_instance Device: EG4S20BG256***

IO Statistics
#IO                        24
  #input                    6
  #output                  18
  #inout                    0

Utilization Statistics
#lut                      626   out of  19600    3.19%
#reg                      241   out of  19600    1.23%
#le                       702
  #lut only               461   out of    702   65.67%
  #reg only                76   out of    702   10.83%
  #lut&reg                165   out of    702   23.50%
#dsp                        0   out of     29    0.00%
#bram                       0   out of     64    0.00%
  #bram9k                   0
  #fifo9k                   0
#bram32k                    0   out of     16    0.00%
#pad                       24   out of    188   12.77%
  #ireg                     0
  #oreg                     0
  #treg                     0
#pll                        0   out of      4    0.00%
#gclk                       2   out of     16   12.50%

Clock Resource Statistics
Index     ClockNet         Type               DriverType         Driver                      Fanout
#1        clk_50M_dup_1    GCLK               io                 clk_50M_syn_2.di            123
#2        U1/scan_clk      GCLK               lslice             U1/scan_clk_reg_syn_9.q0    10


Detailed IO Report

        Name           Direction    Location    IOStandard    DriveStrength    PullType    PackReg  
        RSTn             INPUT         A9        LVCMOS33          N/A          PULLUP      NONE    
       clk_50M           INPUT         R7        LVCMOS33          N/A          PULLUP      NONE    
       col[3]            INPUT        F10        LVCMOS33          N/A          PULLUP      NONE    
       col[2]            INPUT        C11        LVCMOS33          N/A          PULLUP      NONE    
       col[1]            INPUT        D11        LVCMOS33          N/A          PULLUP      NONE    
       col[0]            INPUT        E11        LVCMOS33          N/A          PULLUP      NONE    
  DigitronCS_Out[3]     OUTPUT         A3        LVCMOS33           8            NONE       NONE    
  DigitronCS_Out[2]     OUTPUT         A5        LVCMOS33           8            NONE       NONE    
  DigitronCS_Out[1]     OUTPUT         B6        LVCMOS33           8            NONE       NONE    
  DigitronCS_Out[0]     OUTPUT         C9        LVCMOS33           8            NONE       NONE    
   Digitron_Out[7]      OUTPUT         C8        LVCMOS33           8            NONE       NONE    
   Digitron_Out[6]      OUTPUT         A8        LVCMOS33           8            NONE       NONE    
   Digitron_Out[5]      OUTPUT         B5        LVCMOS33           8            NONE       NONE    
   Digitron_Out[4]      OUTPUT         A7        LVCMOS33           8            NONE       NONE    
   Digitron_Out[3]      OUTPUT         E8        LVCMOS33           8            NONE       NONE    
   Digitron_Out[2]      OUTPUT         B8        LVCMOS33           8            NONE       NONE    
   Digitron_Out[1]      OUTPUT         A6        LVCMOS33           8            NONE       NONE    
   Digitron_Out[0]      OUTPUT         A4        LVCMOS33           8            NONE       NONE    
       buzzer           OUTPUT        H11        LVCMOS33           8            NONE       NONE    
        light           OUTPUT        B14        LVCMOS33           8            NONE       NONE    
       row[3]           OUTPUT         D9        LVCMOS33           8            NONE       NONE    
       row[2]           OUTPUT         F9        LVCMOS33           8            NONE       NONE    
       row[1]           OUTPUT        C10        LVCMOS33           8            NONE       NONE    
       row[0]           OUTPUT        E10        LVCMOS33           8            NONE       NONE    

Report Hierarchy Area:
+-------------------------------------------------------------------------------------------+
|Instance |Module                      |le     |lut     |ripple  |seq     |bram    |dsp     |
+-------------------------------------------------------------------------------------------+
|top      |keyboard_instance           |702    |489     |137     |241     |0       |0       |
|  U1     |keyboard_scan               |73     |50      |9       |53      |0       |0       |
|  U2     |key_filter                  |62     |27      |6       |52      |0       |0       |
|  U3     |onehot2binary               |524    |378     |117     |120     |0       |0       |
|  U5     |Digitron_TimeDisplay_module |42     |33      |5       |16      |0       |0       |
+-------------------------------------------------------------------------------------------+


DataNet Average Fanout:

   Index     Fanout    Nets  
    #1         1       429   
    #2         2       145   
    #3         3        53   
    #4         4        29   
    #5        5-10     105   
    #6       11-50      17   
  Average     2.51           

RUN-1002 : start command "export_db keyboard_pr.db"
RUN-1001 : Exported /
RUN-1001 : Exported flow parameters
RUN-1001 : Exported libs
RUN-1001 : Exported entities
RUN-1001 : Exported ports
RUN-1001 : Exported pins
RUN-1001 : Exported instances
RUN-1001 : Exported nets
RUN-1001 : Exported buses
RUN-1001 : Exported models
RUN-1001 : Exported congestions
RUN-1001 : Exported violations
RUN-1001 : Exported timing constraints
RUN-1001 : Exported IO constraints
RUN-1001 : Exported Inst constraints
RUN-1002 : start command "export_bid keyboard_inst.bid"
RUN-1002 : start command "bitgen -bit keyboard.bit -unused_io_status pulldown"
BIT-1003 : Start to generate bitstream. 
BIT-1002 : Bitgen processed 164 unused pads, reserve input tri_state with pulldown
BIT-1002 : Init instances with 16 threads.
BIT-1002 : Init instances completely, inst num: 552
BIT-1002 : Init pips with 16 threads.
BIT-1002 : Init pips completely, net num: 806, pip num: 5652
BIT-1002 : Init feedthrough completely, num: 7
BIT-1003 : Multithreading accelaration with 16 threads.
BIT-1003 : Generate bitstream completely, there are 745 valid insts, and 18824 bits set as '1'.
BIT-1004 : PLL setting string = 0000
BIT-1004 : Generate bits file keyboard.bit.
RUN-1003 : finish command "bitgen -bit keyboard.bit -unused_io_status pulldown" in  1.871500s wall, 10.171875s user + 0.046875s system = 10.218750s CPU (546.0%)

RUN-1004 : used memory is 431 MB, reserved memory is 411 MB, peak memory is 627 MB
RUN-1002 : start command "backup_run_log run.log ../.logs/phy_1/td_20240828_165550.log"
