============================================================
   Tang Dynasty, V5.6.59063
   Copyright (c) 2012-2022 Anlogic
   Executable = E:/Anlogic/TD5.6.59063/bin/td.exe
   Built at =   12:45:13 Sep  6 2022
   Run by =     19234
   Run Date =   Tue Aug 27 22:49:01 2024

   Run on =     ERIKPSW
============================================================
RUN-1002 : start command "open_project keyboard.prj"
RUN-1001 : Print Global Property
RUN-1001 : ---------------------------------------------------------------
RUN-1001 :        Parameters        |  Settings  |  Default Values  |  Note  
RUN-1001 : ---------------------------------------------------------------
RUN-1001 :          message         |  standard  |     standard     |        
RUN-1001 :   mixed_pack_place_flow  |     on     |        on        |        
RUN-1001 :        qor_monitor       |    off     |       off        |        
RUN-1001 :        syn_ip_flow       |    off     |       off        |        
RUN-1001 :          thread          |    auto    |       auto       |        
RUN-1001 : ---------------------------------------------------------------
RUN-1001 : Print Design Property
RUN-1001 : --------------------------------------------------------------
RUN-1001 :        Parameters       |  Settings  |  Default Values  |  Note  
RUN-1001 : --------------------------------------------------------------
RUN-1001 :   default_reg_initial   |    auto    |       auto       |        
RUN-1001 :        infer_add        |     on     |        on        |        
RUN-1001 :        infer_fsm        |    off     |       off        |        
RUN-1001 :        infer_mult       |     on     |        on        |        
RUN-1001 :        infer_ram        |     on     |        on        |        
RUN-1001 :        infer_reg        |     on     |        on        |        
RUN-1001 :   infer_reg_init_value  |     on     |        on        |        
RUN-1001 :        infer_rom        |     on     |        on        |        
RUN-1001 :      infer_shifter      |     on     |        on        |        
RUN-1001 : --------------------------------------------------------------
RUN-1001 : Print Rtl Property
RUN-1001 : --------------------------------------------------------------
RUN-1001 :        Parameters       |  Settings  |  Default Values  |  Note  
RUN-1001 : --------------------------------------------------------------
RUN-1001 :       compress_add      |   ripple   |      ripple      |        
RUN-1001 :        elf_sload        |    off     |       off        |        
RUN-1001 :       fix_undriven      |     0      |        0         |        
RUN-1001 :         flatten         |    off     |       off        |        
RUN-1001 :       gate_sharing      |     on     |        on        |        
RUN-1001 :    hdl_warning_level    |   normal   |      normal      |        
RUN-1001 :   impl_internal_tribuf  |     on     |        on        |        
RUN-1001 :      impl_set_reset     |     on     |        on        |        
RUN-1001 :        infer_gsr        |    off     |       off        |        
RUN-1001 :      keep_hierarchy     |    auto    |       auto       |        
RUN-1001 :        max_fanout       |    9999    |       9999       |        
RUN-1001 :      max_oh2bin_len     |     10     |        10        |        
RUN-1001 :       merge_equal       |     on     |        on        |        
RUN-1001 :       merge_equiv       |     on     |        on        |        
RUN-1001 :        merge_mux        |    off     |       off        |        
RUN-1001 :     min_control_set     |     8      |        8         |        
RUN-1001 :      min_ripple_len     |    auto    |       auto       |        
RUN-1001 :       oh2bin_ratio      |    0.08    |       0.08       |        
RUN-1001 :     opt_adder_fanout    |     on     |        on        |        
RUN-1001 :        opt_arith        |     on     |        on        |        
RUN-1001 :       opt_big_gate      |    off     |       off        |        
RUN-1001 :        opt_const        |     on     |        on        |        
RUN-1001 :      opt_const_mult     |     on     |        on        |        
RUN-1001 :       opt_lessthan      |     on     |        on        |        
RUN-1001 :         opt_mux         |    off     |       off        |        
RUN-1001 :         opt_ram         |    high    |       high       |        
RUN-1001 :      rtl_sim_model      |    off     |       off        |        
RUN-1001 :         seq_syn         |     on     |        on        |        
RUN-1001 : --------------------------------------------------------------
HDL-1007 : analyze verilog file ../../../src/Digitron_TimeDisplay_module.v
HDL-1007 : analyze verilog file ../../../src/key_filter.v
HDL-1007 : analyze verilog file ../../../src/keyboard_instance.v
HDL-1007 : analyze verilog file ../../../src/keyboard_scan.v
HDL-1007 : analyze verilog file ../../../src/onehot2binary.v
RUN-1001 : Project manager successfully analyzed 5 source files.
RUN-1002 : start command "import_device eagle_s20.db -package EG4S20BG256"
ARC-1001 : Device Initialization.
ARC-1001 : ------------------------------------------------------------------
ARC-1001 :            OPTION            |          IO          |   SETTING   
ARC-1001 : ------------------------------------------------------------------
ARC-1001 :   cso_b/cclk/mosi/miso/dout  |  T3/R11/T10/P10/S11  |    gpio    
ARC-1001 :             done             |         P13          |    gpio    
ARC-1001 :           program_b          |          T2          |  dedicate  
ARC-1001 :        tdi/tms/tck/tdo       |   C12/A15/C14/E14    |  dedicate  
ARC-1001 : ------------------------------------------------------------------
ARC-1004 : Device setting, marked 5 dedicate IOs in total.
RUN-1002 : start command "import_db ../syn_1/keyboard_gate.db"
RUN-1001 : Importing database generated by Tang Dynasty, V5.6.59063.
RUN-1001 : Database version number 46140.
RUN-1001 : Import flow parameters
RUN-1001 : Import timing constraints
RUN-1001 : Import IO constraints
RUN-1001 : Import Inst constraints
RUN-1001 : Import design success TD_VERSION=5.6.59063 , DB_VERSION=46140
RUN-1002 : start command "read_sdc"
USR-1002 : read_sdc file_name -help -h -eco
USR-1009 : NO module with IP_SDC ...
RUN-1104 : Import SDC file  finished, there are 0 nets kept by constraints.
RUN-1002 : start command "place"
RUN-1001 : Open license file E:/Anlogic/TD5.6.59063/license/Anlogic.lic
RUN-1001 : Print Global Property
RUN-1001 : ---------------------------------------------------------------
RUN-1001 :        Parameters        |  Settings  |  Default Values  |  Note  
RUN-1001 : ---------------------------------------------------------------
RUN-1001 :          message         |  standard  |     standard     |        
RUN-1001 :   mixed_pack_place_flow  |     on     |        on        |        
RUN-1001 :        qor_monitor       |    off     |       off        |        
RUN-1001 :        syn_ip_flow       |    off     |       off        |        
RUN-1001 :          thread          |    auto    |       auto       |        
RUN-1001 : ---------------------------------------------------------------
RUN-1001 : Print Place Property
RUN-1001 : --------------------------------------------------------------
RUN-1001 :        Parameters       |  Settings  |  Default Values  |  Note  
RUN-1001 : --------------------------------------------------------------
RUN-1001 :      detailed_place     |     on     |        on        |        
RUN-1001 :          effort         |   medium   |      medium      |        
RUN-1001 :         fix_hold        |    off     |       off        |        
RUN-1001 :       legalization      |    ori     |       ori        |        
RUN-1001 :      new_spreading      |     on     |        on        |        
RUN-1001 :        opt_timing       |   medium   |      medium      |        
RUN-1001 :   post_clock_route_opt  |    off     |       off        |        
RUN-1001 :       pr_strategy       |     1      |        1         |        
RUN-1001 :        relaxation       |    1.00    |       1.00       |        
RUN-1001 :         retiming        |    off     |       off        |        
RUN-1001 : --------------------------------------------------------------
PHY-3001 : Placer runs in 16 thread(s).
RUN-1002 : start command "legalize_phy_inst"
SYN-1011 : Flatten model keyboard_instance
RUN-1002 : start command "phys_opt -simplify_lut"
SYN-4024 : Net "clk_50M_dup_1" drives clk pins.
SYN-4024 : Net "U1/scan_clk" drives clk pins.
SYN-4025 : Tag rtl::Net U1/scan_clk as clock net
SYN-4025 : Tag rtl::Net clk_50M_dup_1 as clock net
SYN-4026 : Tagged 2 rtl::Net as clock net
SYN-4015 : Create BUFG instance for clk Net U1/scan_clk to drive 20 clock pins.
PHY-1001 : Populate physical database on model keyboard_instance.
RUN-1001 : There are total 410 instances
RUN-0007 : 179 luts, 152 seqs, 34 mslices, 17 lslices, 24 pads, 0 brams, 0 dsps
RUN-1001 : There are total 510 nets
RUN-1001 : 289 nets have 2 pins
RUN-1001 : 179 nets have [3 - 5] pins
RUN-1001 : 32 nets have [6 - 10] pins
RUN-1001 : 3 nets have [11 - 20] pins
RUN-1001 : 5 nets have [21 - 99] pins
RUN-1001 : 2 nets have 100+ pins
RUN-1001 : Report Control nets information:
RUN-1001 : DFF Distribution
RUN-1001 : ----------------------------------
RUN-1001 :   CE   |  SSR  |  ASR  |  DFF Count  
RUN-1001 : ----------------------------------
RUN-1001 :   No   |  No   |  No   |     81      
RUN-1001 :   No   |  No   |  Yes  |      8      
RUN-1001 :   No   |  Yes  |  No   |      0      
RUN-1001 :   Yes  |  No   |  No   |      0      
RUN-1001 :   Yes  |  No   |  Yes  |     32      
RUN-1001 :   Yes  |  Yes  |  No   |     31      
RUN-1001 : ----------------------------------
RUN-0007 : Control Group Statistic
RUN-0007 : ---------------------------
RUN-0007 :   #CLK  |  #CE  |  #SSR/ASR  
RUN-0007 : ---------------------------
RUN-0007 :    2    |   3   |     3      
RUN-0007 : ---------------------------
RUN-0007 : Control Set = 5
PHY-3001 : Initial placement ...
PHY-3001 : design contains 408 instances, 179 luts, 152 seqs, 51 slices, 5 macros(51 instances: 34 mslices 17 lslices)
PHY-0007 : Cell area utilization is 1%
PHY-3001 : Start timing update ...
RUN-1002 : start command "start_timer -report"
TMR-2505 : Start building timing graph for model keyboard_instance.
TMR-2506 : Build timing graph completely. Port num: 8, tpin num: 1804, tnet num: 508, tinst num: 408, tnode num: 2295, tedge num: 2889.
TMR-2508 : Levelizing timing graph completed, there are 31 levels in total.
TMR-2501 : Timing graph initialized successfully.
TMR-2503 : Start to update net delay, extr mode = 2.
TMR-2504 : Update delay of 508 nets completely.
TMR-2502 : Annotate delay completely, extr mode = 2.
TMR-3001 : Initiate 0 clocks from SDC.
TMR-3004 : Map sdc constraints, there are 0 constraints in total.
TMR-3003 : Constraints initiated successfully.
TMR-3501 : Forward propagation: start to calculate arrival time...
TMR-3502 : Backward propagation: start to calculate required time...
TMR-3503 : Timing propagation completes.
PHY-3001 : End timing update;  0.128311s wall, 0.015625s user + 0.000000s system = 0.015625s CPU (12.2%)

PHY-3001 : Global placement ...
PHY-3001 : Initial: Len = 115119
PHY-3001 : Clustering ...
PHY-3001 : Level 0 #clusters 408.
PHY-3001 : End clustering;  0.000023s wall, 0.000000s user + 0.000000s system = 0.000000s CPU (n/a%)

PHY-3001 : Run with size of 4
PHY-3001 : Cell area utilization is 1%
PHY-3001 : :::0::: Try harder cell spreading with beta_ = 0
PHY-3002 : Step(1): len = 75728.2, overlap = 0
PHY-3002 : Step(2): len = 44200, overlap = 0
PHY-3002 : Step(3): len = 31512.2, overlap = 0
PHY-3002 : Step(4): len = 24346.2, overlap = 0
PHY-3002 : Step(5): len = 20190.7, overlap = 0
PHY-3002 : Step(6): len = 17755.5, overlap = 0
PHY-3002 : Step(7): len = 17677.9, overlap = 0
PHY-3002 : Step(8): len = 16468.2, overlap = 0
PHY-3002 : Step(9): len = 16139, overlap = 0
PHY-3002 : Step(10): len = 16136.7, overlap = 0
PHY-3002 : Step(11): len = 15418, overlap = 0
PHY-3002 : Step(12): len = 15305.1, overlap = 0
PHY-3002 : Step(13): len = 15018.2, overlap = 0
PHY-3002 : Step(14): len = 14504.2, overlap = 0
PHY-3002 : Step(15): len = 14166.1, overlap = 0
PHY-3002 : Step(16): len = 14325.8, overlap = 0
PHY-3002 : Step(17): len = 13804.9, overlap = 0
PHY-3002 : Step(18): len = 12869.4, overlap = 0
PHY-3002 : Step(19): len = 12921.1, overlap = 0
PHY-3002 : Step(20): len = 12171.5, overlap = 0
PHY-3002 : Step(21): len = 11452.8, overlap = 0
PHY-3002 : Step(22): len = 11580.9, overlap = 0
PHY-3002 : Step(23): len = 11115.4, overlap = 0
PHY-3002 : Step(24): len = 10685.3, overlap = 0
PHY-3002 : Step(25): len = 10757.7, overlap = 0
PHY-3002 : Step(26): len = 9766.6, overlap = 0
PHY-3002 : Step(27): len = 9538.8, overlap = 0
PHY-3002 : Step(28): len = 9730.6, overlap = 0
PHY-3002 : Step(29): len = 9816.4, overlap = 0
PHY-3002 : Step(30): len = 9496.1, overlap = 0
PHY-3002 : Step(31): len = 9642.4, overlap = 0
PHY-3002 : Step(32): len = 9454.3, overlap = 0
PHY-3002 : Step(33): len = 9459.1, overlap = 0
PHY-3002 : Step(34): len = 9136.2, overlap = 0
PHY-3002 : Step(35): len = 8951.5, overlap = 0
PHY-3002 : Step(36): len = 9024, overlap = 0
PHY-3002 : Step(37): len = 8843.2, overlap = 0
PHY-3002 : Step(38): len = 8803.5, overlap = 0
PHY-3002 : Step(39): len = 8190.8, overlap = 0
PHY-3002 : Step(40): len = 7662.9, overlap = 0
PHY-3002 : Step(41): len = 7808.4, overlap = 0
PHY-3002 : Step(42): len = 7479.5, overlap = 0
PHY-3002 : Step(43): len = 7447, overlap = 0
PHY-3002 : Step(44): len = 7008.8, overlap = 0
PHY-3002 : Step(45): len = 7161.5, overlap = 0
PHY-3002 : Step(46): len = 7183.8, overlap = 0
PHY-3002 : Step(47): len = 6863.2, overlap = 0
PHY-3002 : Step(48): len = 6852.7, overlap = 0
PHY-3002 : Step(49): len = 6862, overlap = 0
PHY-3002 : Step(50): len = 6496.7, overlap = 0
PHY-3002 : Step(51): len = 6618.5, overlap = 0
PHY-3002 : Step(52): len = 6618.5, overlap = 0
PHY-3001 : Legalization ...
PHY-3001 : End legalization;  0.005595s wall, 0.000000s user + 0.000000s system = 0.000000s CPU (n/a%)

PHY-3001 : Run with size of 4
PHY-3001 : Cell area utilization is 1%
PHY-3001 : Update timing in Manhattan mode ...
TMR-2503 : Start to update net delay, extr mode = 3.
TMR-2504 : Update delay of 508 nets completely.
TMR-2502 : Annotate delay completely, extr mode = 3.
TMR-3501 : Forward propagation: start to calculate arrival time...
TMR-3502 : Backward propagation: start to calculate required time...
TMR-3503 : Timing propagation completes.
PHY-3001 : End timing update;  0.006177s wall, 0.000000s user + 0.000000s system = 0.000000s CPU (n/a%)

PHY-3001 : :::0::: Try harder cell spreading with beta_ = 0
PHY-3002 : Step(53): len = 5920.5, overlap = 3.125
PHY-3002 : Step(54): len = 5871, overlap = 3.21875
PHY-3002 : Step(55): len = 6008.7, overlap = 3.21875
PHY-3002 : Step(56): len = 6054.4, overlap = 3.21875
PHY-3001 : Run with size of 2
PHY-3001 : Cell area utilization is 1%
PHY-3001 : Update timing in Manhattan mode ...
TMR-2503 : Start to update net delay, extr mode = 3.
TMR-2504 : Update delay of 508 nets completely.
TMR-2502 : Annotate delay completely, extr mode = 3.
TMR-3501 : Forward propagation: start to calculate arrival time...
TMR-3502 : Backward propagation: start to calculate required time...
TMR-3503 : Timing propagation completes.
PHY-3001 : End timing update;  0.004953s wall, 0.000000s user + 0.000000s system = 0.000000s CPU (n/a%)

PHY-3001 : :::0::: Try harder cell spreading with beta_ = 0.00012181
PHY-3002 : Step(57): len = 5855.2, overlap = 6.78125
PHY-3002 : Step(58): len = 5993.2, overlap = 5.15625
PHY-3002 : Step(59): len = 6049.3, overlap = 4.53125
PHY-3001 : :::1::: Try harder cell spreading with beta_ = 0.000243621
PHY-3002 : Step(60): len = 5782.8, overlap = 4.09375
PHY-3002 : Step(61): len = 5912.2, overlap = 4.28125
PHY-3001 : :::2::: Try harder cell spreading with beta_ = 0.000487242
PHY-3002 : Step(62): len = 5680.9, overlap = 3.28125
PHY-3002 : Step(63): len = 5740.6, overlap = 3.125
OPT-1001 : Start physical optimization ...
RUN-1002 : start command "start_timer -report"
TMR-2505 : Start building timing graph for model keyboard_instance.
TMR-2506 : Build timing graph completely. Port num: 8, tpin num: 1804, tnet num: 508, tinst num: 408, tnode num: 2295, tedge num: 2889.
TMR-2508 : Levelizing timing graph completed, there are 31 levels in total.
TMR-2501 : Timing graph initialized successfully.
OPT-1001 : Total overflow 22.75 peak overflow 2.41
OPT-1001 : Start high-fanout net optimization ...
OPT-1001 : Update timing in global mode
PHY-1001 : Start incremental global routing, caller is place ...
RUN-1001 : Generating global routing grids ...
RUN-1001 : Building simple global routing graph ...
PHY-1001 : Generate routing nets ...
PHY-1001 : Reuse net number 0/510.
PHY-1001 : Global iterations in 16 thread ...
PHY-1002 : len = 6088, over cnt = 28(0%), over = 122, worst = 14
PHY-1001 : End global iterations;  0.026672s wall, 0.000000s user + 0.000000s system = 0.000000s CPU (n/a%)

PHY-1001 : Congestion index: top1 = 14.66, top5 = 4.69, top10 = 2.34, top15 = 1.56.
PHY-1001 : End incremental global routing;  0.071380s wall, 0.015625s user + 0.015625s system = 0.031250s CPU (43.8%)

TMR-2503 : Start to update net delay, extr mode = 5.
TMR-2504 : Update delay of 508 nets completely.
TMR-2502 : Annotate delay completely, extr mode = 5.
TMR-3001 : Initiate 0 clocks from SDC.
TMR-3004 : Map sdc constraints, there are 0 constraints in total.
TMR-3003 : Constraints initiated successfully.
TMR-3501 : Forward propagation: start to calculate arrival time...
TMR-3502 : Backward propagation: start to calculate required time...
TMR-3503 : Timing propagation completes.
OPT-1001 : End timing update;  0.006168s wall, 0.000000s user + 0.000000s system = 0.000000s CPU (n/a%)

OPT-1001 : 0 high-fanout net processed.
OPT-1001 : End high-fanout net optimization;  0.081753s wall, 0.015625s user + 0.015625s system = 0.031250s CPU (38.2%)

OPT-1001 : Current memory(MB): used = 144, reserve = 116, peak = 144.
OPT-1001 : Start global optimization ...
OPT-1001 : Start congestion update ...
RUN-1001 : Generating global routing grids ...
PHY-1001 : Generate routing nets ...
PHY-1001 : Reuse net number 255/510.
PHY-1001 : Global iterations in 16 thread ...
PHY-1002 : len = 6088, over cnt = 28(0%), over = 122, worst = 14
PHY-1002 : len = 7096, over cnt = 25(0%), over = 42, worst = 5
PHY-1002 : len = 7608, over cnt = 2(0%), over = 2, worst = 1
PHY-1002 : len = 7640, over cnt = 0(0%), over = 0, worst = 0
PHY-1001 : End global iterations;  0.019506s wall, 0.000000s user + 0.000000s system = 0.000000s CPU (n/a%)

PHY-1001 : Congestion index: top1 = 15.65, top5 = 5.52, top10 = 2.76, top15 = 1.84.
OPT-1001 : End congestion update;  0.055817s wall, 0.000000s user + 0.000000s system = 0.000000s CPU (n/a%)

OPT-1001 : Update timing in Manhattan mode
TMR-2503 : Start to update net delay, extr mode = 3.
TMR-2504 : Update delay of 508 nets completely.
TMR-2502 : Annotate delay completely, extr mode = 3.
TMR-3501 : Forward propagation: start to calculate arrival time...
TMR-3502 : Backward propagation: start to calculate required time...
TMR-3503 : Timing propagation completes.
OPT-1001 : End timing update;  0.005835s wall, 0.015625s user + 0.000000s system = 0.015625s CPU (267.8%)

OPT-0007 : Start: WNS 2147483647 TNS 0 NUM_FEPS 0
OPT-1001 : End global optimization;  0.061756s wall, 0.015625s user + 0.000000s system = 0.015625s CPU (25.3%)

OPT-1001 : Current memory(MB): used = 144, reserve = 117, peak = 144.
OPT-1001 : End physical optimization;  0.274043s wall, 0.093750s user + 0.015625s system = 0.109375s CPU (39.9%)

PHY-3001 : Start packing ...
SYN-4007 : Packing 0 MUX to BLE ...
SYN-4008 : Packed 0 MUX and 0 SEQ to BLE.
SYN-4007 : Packing 179 LUT to BLE ...
SYN-4008 : Packed 179 LUT and 59 SEQ to BLE.
SYN-4003 : Packing 93 remaining SEQ's ...
SYN-4005 : Packed 46 SEQ with LUT/SLICE
SYN-4006 : 80 single LUT's are left
SYN-4006 : 47 single SEQ's are left
SYN-4011 : Packing model "keyboard_instance" (AL_USER_NORMAL) with 226/305 primitive instances ...
PHY-3001 : End packing;  0.018645s wall, 0.000000s user + 0.000000s system = 0.000000s CPU (n/a%)

PHY-1001 : Populate physical database on model keyboard_instance.
RUN-1001 : There are total 202 instances
RUN-1001 : 87 mslices, 87 lslices, 24 pads, 0 brams, 0 dsps
RUN-1001 : There are total 451 nets
RUN-1001 : 230 nets have 2 pins
RUN-1001 : 176 nets have [3 - 5] pins
RUN-1001 : 35 nets have [6 - 10] pins
RUN-1001 : 5 nets have [11 - 20] pins
RUN-1001 : 4 nets have [21 - 99] pins
RUN-1001 : 1 nets have 100+ pins
PHY-3001 : design contains 200 instances, 174 slices, 5 macros(51 instances: 34 mslices 17 lslices)
PHY-3001 : Cell area utilization is 2%
PHY-3001 : After packing: Len = 6032.4, Over = 10
PHY-3001 : Run with size of 2
PHY-3001 : Cell area utilization is 2%
PHY-3001 : Update timing in Manhattan mode ...
RUN-1002 : start command "start_timer -report"
TMR-2505 : Start building timing graph for model keyboard_instance.
TMR-2506 : Build timing graph completely. Port num: 8, tpin num: 1574, tnet num: 449, tinst num: 200, tnode num: 1945, tedge num: 2608.
TMR-2508 : Levelizing timing graph completed, there are 29 levels in total.
TMR-2501 : Timing graph initialized successfully.
TMR-2503 : Start to update net delay, extr mode = 3.
TMR-2504 : Update delay of 449 nets completely.
TMR-2502 : Annotate delay completely, extr mode = 3.
TMR-3001 : Initiate 0 clocks from SDC.
TMR-3004 : Map sdc constraints, there are 0 constraints in total.
TMR-3003 : Constraints initiated successfully.
TMR-3501 : Forward propagation: start to calculate arrival time...
TMR-3502 : Backward propagation: start to calculate required time...
TMR-3503 : Timing propagation completes.
PHY-3001 : End timing update;  0.155000s wall, 0.031250s user + 0.000000s system = 0.031250s CPU (20.2%)

PHY-3001 : :::0::: Try harder cell spreading with beta_ = 7.23387e-05
PHY-3002 : Step(64): len = 5864.1, overlap = 9.25
PHY-3002 : Step(65): len = 5956.8, overlap = 8.75
PHY-3002 : Step(66): len = 6005.6, overlap = 8.5
PHY-3001 : :::1::: Try harder cell spreading with beta_ = 0.000144677
PHY-3002 : Step(67): len = 5934.9, overlap = 9.5
PHY-3002 : Step(68): len = 5953.6, overlap = 9.5
PHY-3002 : Step(69): len = 6006.4, overlap = 9.5
PHY-3001 : :::2::: Try harder cell spreading with beta_ = 0.000289355
PHY-3002 : Step(70): len = 6046.3, overlap = 9.25
PHY-3002 : Step(71): len = 6046.3, overlap = 9.25
PHY-3001 : Legalization ...
PHY-3001 : End legalization;  0.042175s wall, 0.000000s user + 0.015625s system = 0.015625s CPU (37.0%)

PHY-3001 : Trial Legalized: Len = 10917.8
PHY-3001 : Run with size of 2
PHY-3001 : Cell area utilization is 2%
PHY-3001 : Update timing in Manhattan mode ...
TMR-2503 : Start to update net delay, extr mode = 3.
TMR-2504 : Update delay of 449 nets completely.
TMR-2502 : Annotate delay completely, extr mode = 3.
TMR-3501 : Forward propagation: start to calculate arrival time...
TMR-3502 : Backward propagation: start to calculate required time...
TMR-3503 : Timing propagation completes.
PHY-3001 : End timing update;  0.004626s wall, 0.000000s user + 0.000000s system = 0.000000s CPU (n/a%)

PHY-3001 : :::0::: Try harder cell spreading with beta_ = 0
PHY-3002 : Step(72): len = 7252.5, overlap = 3.25
PHY-3002 : Step(73): len = 6478.1, overlap = 6.5
PHY-3002 : Step(74): len = 6123.5, overlap = 8
PHY-3002 : Step(75): len = 6124.1, overlap = 8.25
PHY-3002 : Step(76): len = 5933.9, overlap = 8.5
PHY-3001 : :::1::: Try harder cell spreading with beta_ = 0.000128237
PHY-3002 : Step(77): len = 5946.3, overlap = 7.25
PHY-3002 : Step(78): len = 6004.6, overlap = 7.25
PHY-3002 : Step(79): len = 6044.5, overlap = 6.25
PHY-3001 : :::2::: Try harder cell spreading with beta_ = 0.000256475
PHY-3002 : Step(80): len = 5848.5, overlap = 6
PHY-3002 : Step(81): len = 5856.7, overlap = 5.75
PHY-3002 : Step(82): len = 5875.1, overlap = 6
PHY-3001 : Legalization ...
PHY-3001 : End legalization;  0.005521s wall, 0.000000s user + 0.000000s system = 0.000000s CPU (n/a%)

PHY-3001 : Legalized: Len = 8693.7, Over = 0
PHY-3001 : End spreading;  0.002336s wall, 0.000000s user + 0.000000s system = 0.000000s CPU (n/a%)

PHY-3001 : Final: Len = 8693.7, Over = 0
OPT-1001 : Start physical optimization ...
RUN-1002 : start command "start_timer -report"
TMR-2505 : Start building timing graph for model keyboard_instance.
TMR-2506 : Build timing graph completely. Port num: 8, tpin num: 1574, tnet num: 449, tinst num: 200, tnode num: 1945, tedge num: 2608.
TMR-2508 : Levelizing timing graph completed, there are 29 levels in total.
TMR-2501 : Timing graph initialized successfully.
OPT-1001 : Total overflow 0.00 peak overflow 0.00
OPT-1001 : Start high-fanout net optimization ...
OPT-1001 : Update timing in global mode
PHY-1001 : Start incremental global routing, caller is place ...
RUN-1001 : Generating global routing grids ...
PHY-1001 : Generate routing nets ...
PHY-1001 : Reuse net number 8/451.
PHY-1001 : Global iterations in 16 thread ...
PHY-1002 : len = 9256, over cnt = 39(0%), over = 58, worst = 3
PHY-1002 : len = 9496, over cnt = 16(0%), over = 25, worst = 3
PHY-1002 : len = 9816, over cnt = 2(0%), over = 2, worst = 1
PHY-1002 : len = 9864, over cnt = 0(0%), over = 0, worst = 0
PHY-1001 : End global iterations;  0.043735s wall, 0.000000s user + 0.000000s system = 0.000000s CPU (n/a%)

PHY-1001 : Congestion index: top1 = 17.46, top5 = 7.24, top10 = 3.73, top15 = 2.49.
PHY-1001 : End incremental global routing;  0.083928s wall, 0.015625s user + 0.000000s system = 0.015625s CPU (18.6%)

TMR-2503 : Start to update net delay, extr mode = 5.
TMR-2504 : Update delay of 449 nets completely.
TMR-2502 : Annotate delay completely, extr mode = 5.
TMR-3001 : Initiate 0 clocks from SDC.
TMR-3004 : Map sdc constraints, there are 0 constraints in total.
TMR-3003 : Constraints initiated successfully.
TMR-3501 : Forward propagation: start to calculate arrival time...
TMR-3502 : Backward propagation: start to calculate required time...
TMR-3503 : Timing propagation completes.
OPT-1001 : End timing update;  0.006569s wall, 0.015625s user + 0.000000s system = 0.015625s CPU (237.8%)

OPT-1001 : 0 high-fanout net processed.
OPT-1001 : End high-fanout net optimization;  0.094829s wall, 0.031250s user + 0.000000s system = 0.031250s CPU (33.0%)

OPT-1001 : Current memory(MB): used = 145, reserve = 118, peak = 147.
OPT-1001 : Start path based optimization ...
OPT-1001 : Start congestion update ...
RUN-1001 : Generating global routing grids ...
PHY-1001 : Generate routing nets ...
PHY-1001 : Reuse net number 350/451.
PHY-1001 : Global iterations in 16 thread ...
PHY-1002 : len = 9864, over cnt = 0(0%), over = 0, worst = 0
PHY-1001 : End global iterations;  0.001342s wall, 0.000000s user + 0.000000s system = 0.000000s CPU (n/a%)

PHY-1001 : Congestion index: top1 = 17.46, top5 = 7.24, top10 = 3.73, top15 = 2.49.
OPT-1001 : End congestion update;  0.039367s wall, 0.031250s user + 0.000000s system = 0.031250s CPU (79.4%)

OPT-1001 : Update timing in Manhattan mode
TMR-2503 : Start to update net delay, extr mode = 3.
TMR-2504 : Update delay of 449 nets completely.
TMR-2502 : Annotate delay completely, extr mode = 3.
TMR-3501 : Forward propagation: start to calculate arrival time...
TMR-3502 : Backward propagation: start to calculate required time...
TMR-3503 : Timing propagation completes.
OPT-1001 : End timing update;  0.005413s wall, 0.000000s user + 0.000000s system = 0.000000s CPU (n/a%)

OPT-0007 : Start: WNS 2147483647 TNS 0 NUM_FEPS 0
OPT-1001 : End path based optimization;  0.044986s wall, 0.031250s user + 0.000000s system = 0.031250s CPU (69.5%)

OPT-1001 : Current memory(MB): used = 146, reserve = 118, peak = 147.
OPT-1001 : Update timing in Manhattan mode
TMR-2503 : Start to update net delay, extr mode = 3.
TMR-2504 : Update delay of 449 nets completely.
TMR-2502 : Annotate delay completely, extr mode = 3.
TMR-3501 : Forward propagation: start to calculate arrival time...
TMR-3502 : Backward propagation: start to calculate required time...
TMR-3503 : Timing propagation completes.
OPT-1001 : End timing update;  0.004127s wall, 0.000000s user + 0.000000s system = 0.000000s CPU (n/a%)

OPT-1001 : Start pin optimization...
OPT-1001 : skip pin optimization...
OPT-1001 : Update timing in global mode
PHY-1001 : Start incremental global routing, caller is place ...
RUN-1001 : Generating global routing grids ...
PHY-1001 : Generate routing nets ...
PHY-1001 : Reuse net number 350/451.
PHY-1001 : Global iterations in 16 thread ...
PHY-1002 : len = 9864, over cnt = 0(0%), over = 0, worst = 0
PHY-1001 : End global iterations;  0.001455s wall, 0.000000s user + 0.000000s system = 0.000000s CPU (n/a%)

PHY-1001 : Congestion index: top1 = 17.46, top5 = 7.24, top10 = 3.73, top15 = 2.49.
PHY-1001 : End incremental global routing;  0.040713s wall, 0.015625s user + 0.000000s system = 0.015625s CPU (38.4%)

TMR-2503 : Start to update net delay, extr mode = 5.
TMR-2504 : Update delay of 449 nets completely.
TMR-2502 : Annotate delay completely, extr mode = 5.
TMR-3501 : Forward propagation: start to calculate arrival time...
TMR-3502 : Backward propagation: start to calculate required time...
TMR-3503 : Timing propagation completes.
OPT-1001 : End timing update;  0.006412s wall, 0.000000s user + 0.000000s system = 0.000000s CPU (n/a%)

RUN-1001 : Generating global routing grids ...
PHY-1001 : Generate routing nets ...
PHY-1001 : Reuse net number 350/451.
PHY-1001 : Global iterations in 16 thread ...
PHY-1002 : len = 9864, over cnt = 0(0%), over = 0, worst = 0
PHY-1001 : End global iterations;  0.001360s wall, 0.000000s user + 0.000000s system = 0.000000s CPU (n/a%)

PHY-1001 : Congestion index: top1 = 17.46, top5 = 7.24, top10 = 3.73, top15 = 2.49.
OPT-1001 : Update timing in Manhattan mode
TMR-2503 : Start to update net delay, extr mode = 3.
TMR-2504 : Update delay of 449 nets completely.
TMR-2502 : Annotate delay completely, extr mode = 3.
TMR-3501 : Forward propagation: start to calculate arrival time...
TMR-3502 : Backward propagation: start to calculate required time...
TMR-3503 : Timing propagation completes.
OPT-1001 : End timing update;  0.005179s wall, 0.000000s user + 0.000000s system = 0.000000s CPU (n/a%)

RUN-1001 : QoR Analysis:
OPT-0007 :   WNS 2147483647 TNS 0 NUM_FEPS 0
RUN-1001 :   No local congestion issue, and most congested 1% tile average routing util is 17.000000
RUN-1001 :   Top critical paths
OPT-1001 : End physical optimization;  0.376393s wall, 0.171875s user + 0.000000s system = 0.171875s CPU (45.7%)

RUN-1003 : finish command "place" in  2.805950s wall, 0.703125s user + 0.500000s system = 1.203125s CPU (42.9%)

RUN-1004 : used memory is 134 MB, reserved memory is 106 MB, peak memory is 147 MB
RUN-1002 : start command "export_db keyboard_place.db"
RUN-1001 : Exported /
RUN-1001 : Exported flow parameters
RUN-1001 : Exported libs
RUN-1001 : Exported entities
RUN-1001 : Exported ports
RUN-1001 : Exported pins
RUN-1001 : Exported instances
RUN-1001 : Exported nets
RUN-1001 : Exported buses
RUN-1001 : Exported models
RUN-1001 : Exported congestions
RUN-1001 : Exported violations
RUN-1001 : Exported timing constraints
RUN-1001 : Exported IO constraints
RUN-1001 : Exported Inst constraints
RUN-1002 : start command "route"
RUN-1001 : Open license file E:/Anlogic/TD5.6.59063/license/Anlogic.lic
RUN-1001 : Print Global Property
RUN-1001 : ---------------------------------------------------------------
RUN-1001 :        Parameters        |  Settings  |  Default Values  |  Note  
RUN-1001 : ---------------------------------------------------------------
RUN-1001 :          message         |  standard  |     standard     |        
RUN-1001 :   mixed_pack_place_flow  |     on     |        on        |        
RUN-1001 :        qor_monitor       |    off     |       off        |        
RUN-1001 :        syn_ip_flow       |    off     |       off        |        
RUN-1001 :          thread          |    auto    |       auto       |        
RUN-1001 : ---------------------------------------------------------------
RUN-1001 : Print Route Property
RUN-1001 : -------------------------------------------------------
RUN-1001 :    Parameters    |  Settings  |  Default Values  |  Note  
RUN-1001 : -------------------------------------------------------
RUN-1001 :      effort      |   medium   |      medium      |        
RUN-1001 :     fix_hold     |    off     |       off        |        
RUN-1001 :    opt_timing    |   medium   |      medium      |        
RUN-1001 :   phy_sim_model  |    off     |       off        |        
RUN-1001 :     priority     |   timing   |      timing      |        
RUN-1001 :     swap_pin     |     on     |        on        |        
RUN-1001 : -------------------------------------------------------
PHY-1001 : Route runs in 16 thread(s)
RUN-1001 : There are total 202 instances
RUN-1001 : 87 mslices, 87 lslices, 24 pads, 0 brams, 0 dsps
RUN-1001 : There are total 451 nets
RUN-1001 : 230 nets have 2 pins
RUN-1001 : 176 nets have [3 - 5] pins
RUN-1001 : 35 nets have [6 - 10] pins
RUN-1001 : 5 nets have [11 - 20] pins
RUN-1001 : 4 nets have [21 - 99] pins
RUN-1001 : 1 nets have 100+ pins
RUN-1002 : start command "start_timer -report"
TMR-2505 : Start building timing graph for model keyboard_instance.
TMR-2506 : Build timing graph completely. Port num: 8, tpin num: 1574, tnet num: 449, tinst num: 200, tnode num: 1945, tedge num: 2608.
TMR-2508 : Levelizing timing graph completed, there are 29 levels in total.
TMR-2501 : Timing graph initialized successfully.
PHY-1001 : 87 mslices, 87 lslices, 24 pads, 0 brams, 0 dsps
TMR-2503 : Start to update net delay, extr mode = 3.
TMR-2504 : Update delay of 449 nets completely.
TMR-2502 : Annotate delay completely, extr mode = 3.
TMR-3001 : Initiate 0 clocks from SDC.
TMR-3004 : Map sdc constraints, there are 0 constraints in total.
TMR-3003 : Constraints initiated successfully.
TMR-3501 : Forward propagation: start to calculate arrival time...
TMR-3502 : Backward propagation: start to calculate required time...
TMR-3503 : Timing propagation completes.
PHY-1001 : Start global routing, caller is route ...
RUN-1001 : Generating global routing grids ...
PHY-1001 : Generate routing nets ...
PHY-1001 : Global iterations in 16 thread ...
PHY-1002 : len = 9232, over cnt = 39(0%), over = 58, worst = 3
PHY-1002 : len = 9488, over cnt = 17(0%), over = 26, worst = 3
PHY-1002 : len = 9816, over cnt = 2(0%), over = 2, worst = 1
PHY-1002 : len = 9864, over cnt = 0(0%), over = 0, worst = 0
PHY-1001 : End global iterations;  0.040054s wall, 0.000000s user + 0.000000s system = 0.000000s CPU (n/a%)

PHY-1001 : Congestion index: top1 = 17.48, top5 = 7.23, top10 = 3.72, top15 = 2.48.
PHY-1001 : End global routing;  0.079349s wall, 0.015625s user + 0.000000s system = 0.015625s CPU (19.7%)

PHY-1001 : Start detail routing ...
PHY-1001 : Current memory(MB): used = 167, reserve = 140, peak = 183.
PHY-1001 : Detailed router is running in normal mode.
PHY-1001 : Generate detailed routing grids ...
PHY-1001 : Generate nets ...
PHY-1001 : net clk_50M_dup_1 will be routed on clock mesh
PHY-1001 : clock net U1/scan_clk_syn_4 will be merged with clock U1/scan_clk
PHY-1001 : Current memory(MB): used = 435, reserve = 413, peak = 435.
PHY-1001 : End build detailed router design. 4.088111s wall, 1.171875s user + 0.125000s system = 1.296875s CPU (31.7%)

PHY-1001 : Detail Route ...
PHY-1001 : ===== Detail Route Phase 1 =====
PHY-1001 : Clock net routing.....
PHY-1001 : Routed 0% nets.
PHY-1022 : len = 6224, over cnt = 0(0%), over = 0, worst = 0, crit = 0
PHY-1001 : End initial clock net routed; 0.377940s wall, 0.062500s user + 0.000000s system = 0.062500s CPU (16.5%)

PHY-1001 : Current memory(MB): used = 464, reserve = 443, peak = 464.
PHY-1001 : End phase 1; 0.383603s wall, 0.062500s user + 0.000000s system = 0.062500s CPU (16.3%)

PHY-1001 : ===== Detail Route Phase 2 =====
PHY-1001 : Initial routing.....
PHY-1001 : Routed 21% nets.
PHY-1001 : Routed 24% nets.
PHY-1001 : Routed 39% nets.
PHY-1001 : Patch 199 net; 0.100624s wall, 0.000000s user + 0.000000s system = 0.000000s CPU (n/a%)

PHY-1022 : len = 21808, over cnt = 24(0%), over = 24, worst = 1, crit = 0
PHY-1001 : Current memory(MB): used = 464, reserve = 443, peak = 465.
PHY-1001 : End initial routed; 0.138808s wall, 0.000000s user + 0.000000s system = 0.000000s CPU (n/a%)

PHY-1001 : Update timing.....
PHY-1001 : 0/379(0%) critical/total net(s).
RUN-1001 : ------------------------------------------
RUN-1001 :   Type   |    WNS(ns)    |  TNS(ns)  |  FEP  
RUN-1001 : ------------------------------------------
RUN-1001 :   Setup  |  2147483.647  |   0.000   |   0   
RUN-1001 :   Hold   |  2147483.647  |   0.000   |   0   
RUN-1001 : ------------------------------------------
PHY-1001 : End update timing; 0.171589s wall, 0.031250s user + 0.000000s system = 0.031250s CPU (18.2%)

PHY-1001 : Current memory(MB): used = 465, reserve = 443, peak = 465.
PHY-1001 : End phase 2; 0.310518s wall, 0.031250s user + 0.000000s system = 0.031250s CPU (10.1%)

PHY-1001 : ===== Detail Route Phase 3 =====
PHY-1001 : Optimize timing.....
PHY-1022 : len = 21808, over cnt = 24(0%), over = 24, worst = 1, crit = 0
PHY-1001 : End optimize timing; 0.004070s wall, 0.000000s user + 0.000000s system = 0.000000s CPU (n/a%)

PHY-1001 : Ripup-reroute.....
PHY-1001 : ===== DR Iter 1 =====
PHY-1022 : len = 21768, over cnt = 4(0%), over = 4, worst = 1, crit = 0
PHY-1001 : End DR Iter 1; 0.022143s wall, 0.000000s user + 0.000000s system = 0.000000s CPU (n/a%)

PHY-1001 : ===== DR Iter 2 =====
PHY-1022 : len = 21856, over cnt = 0(0%), over = 0, worst = 0, crit = 0
PHY-1001 : End DR Iter 2; 0.012593s wall, 0.000000s user + 0.000000s system = 0.000000s CPU (n/a%)

PHY-1001 : Update timing.....
PHY-1001 : 0/379(0%) critical/total net(s).
RUN-1001 : ------------------------------------------
RUN-1001 :   Type   |    WNS(ns)    |  TNS(ns)  |  FEP  
RUN-1001 : ------------------------------------------
RUN-1001 :   Setup  |  2147483.647  |   0.000   |   0   
RUN-1001 :   Hold   |  2147483.647  |   0.000   |   0   
RUN-1001 : ------------------------------------------
PHY-1001 : End update timing; 0.211107s wall, 0.062500s user + 0.000000s system = 0.062500s CPU (29.6%)

PHY-1001 : Commit to database.....
PHY-1001 : 4 feed throughs used by 4 nets
PHY-1001 : End commit to database; 0.045659s wall, 0.046875s user + 0.000000s system = 0.046875s CPU (102.7%)

PHY-1001 : Current memory(MB): used = 476, reserve = 454, peak = 476.
PHY-1001 : End phase 3; 0.413150s wall, 0.156250s user + 0.000000s system = 0.156250s CPU (37.8%)

PHY-1003 : Routed, final wirelength = 21856
PHY-1001 : Current memory(MB): used = 476, reserve = 454, peak = 476.
PHY-1001 : End export database. 0.005143s wall, 0.000000s user + 0.000000s system = 0.000000s CPU (n/a%)

PHY-1001 : End detail routing;  5.391720s wall, 1.484375s user + 0.125000s system = 1.609375s CPU (29.8%)

RUN-1003 : finish command "route" in  5.675706s wall, 1.515625s user + 0.125000s system = 1.640625s CPU (28.9%)

RUN-1004 : used memory is 435 MB, reserved memory is 412 MB, peak memory is 476 MB
RUN-1002 : start command "report_area -io_info -file keyboard_phy.area"
RUN-1001 : standard
***Report Model: keyboard_instance Device: EG4S20BG256***

IO Statistics
#IO                        24
  #input                    6
  #output                  18
  #inout                    0

Utilization Statistics
#lut                      283   out of  19600    1.44%
#reg                      180   out of  19600    0.92%
#le                       330
  #lut only               150   out of    330   45.45%
  #reg only                47   out of    330   14.24%
  #lut&reg                133   out of    330   40.30%
#dsp                        0   out of     29    0.00%
#bram                       0   out of     64    0.00%
  #bram9k                   0
  #fifo9k                   0
#bram32k                    0   out of     16    0.00%
#pad                       24   out of    188   12.77%
  #ireg                     0
  #oreg                     0
  #treg                     0
#pll                        0   out of      4    0.00%
#gclk                       2   out of     16   12.50%

Clock Resource Statistics
Index     ClockNet         Type               DriverType         Driver                      Fanout
#1        clk_50M_dup_1    GCLK               io                 clk_50M_syn_2.di            97
#2        U1/scan_clk      GCLK               lslice             U1/scan_clk_reg_syn_9.q1    11


Detailed IO Report

        Name           Direction    Location    IOStandard    DriveStrength    PullType    PackReg  
        RSTn             INPUT         A9        LVCMOS33          N/A          PULLUP      NONE    
       clk_50M           INPUT         R7        LVCMOS33          N/A          PULLUP      NONE    
       col[3]            INPUT        F10        LVCMOS33          N/A          PULLUP      NONE    
       col[2]            INPUT        C11        LVCMOS33          N/A          PULLUP      NONE    
       col[1]            INPUT        D11        LVCMOS33          N/A          PULLUP      NONE    
       col[0]            INPUT        E11        LVCMOS33          N/A          PULLUP      NONE    
  DigitronCS_Out[3]     OUTPUT         A3        LVCMOS33           8            NONE       NONE    
  DigitronCS_Out[2]     OUTPUT         A5        LVCMOS33           8            NONE       NONE    
  DigitronCS_Out[1]     OUTPUT         B6        LVCMOS33           8            NONE       NONE    
  DigitronCS_Out[0]     OUTPUT         C9        LVCMOS33           8            NONE       NONE    
   Digitron_Out[7]      OUTPUT         C8        LVCMOS33           8            NONE       NONE    
   Digitron_Out[6]      OUTPUT         A8        LVCMOS33           8            NONE       NONE    
   Digitron_Out[5]      OUTPUT         B5        LVCMOS33           8            NONE       NONE    
   Digitron_Out[4]      OUTPUT         A7        LVCMOS33           8            NONE       NONE    
   Digitron_Out[3]      OUTPUT         E8        LVCMOS33           8            NONE       NONE    
   Digitron_Out[2]      OUTPUT         B8        LVCMOS33           8            NONE       NONE    
   Digitron_Out[1]      OUTPUT         A6        LVCMOS33           8            NONE       NONE    
   Digitron_Out[0]      OUTPUT         A4        LVCMOS33           8            NONE       NONE    
       buzzer           OUTPUT        H11        LVCMOS33           8            NONE       NONE    
        light           OUTPUT        B14        LVCMOS33           8            NONE       NONE    
       row[3]           OUTPUT         D9        LVCMOS33           8            NONE       NONE    
       row[2]           OUTPUT         F9        LVCMOS33           8            NONE       NONE    
       row[1]           OUTPUT        C10        LVCMOS33           8            NONE       NONE    
       row[0]           OUTPUT        E10        LVCMOS33           8            NONE       NONE    

Report Hierarchy Area:
+-------------------------------------------------------------------------------------------+
|Instance |Module                      |le     |lut     |ripple  |seq     |bram    |dsp     |
+-------------------------------------------------------------------------------------------+
|top      |keyboard_instance           |330    |232     |51      |180     |0       |0       |
|  U1     |keyboard_scan               |71     |49      |9       |53      |0       |0       |
|  U2     |key_filter                  |66     |48      |11      |49      |0       |0       |
|  U3     |onehot2binary               |150    |102     |21      |62      |0       |0       |
|  U5     |Digitron_TimeDisplay_module |39     |29      |10      |16      |0       |0       |
+-------------------------------------------------------------------------------------------+


DataNet Average Fanout:

   Index     Fanout    Nets  
    #1         1       206   
    #2         2       124   
    #3         3        27   
    #4         4        25   
    #5        5-10      36   
    #6       11-50      5    
  Average     2.35           

RUN-1002 : start command "export_db keyboard_pr.db"
RUN-1001 : Exported /
RUN-1001 : Exported flow parameters
RUN-1001 : Exported libs
RUN-1001 : Exported entities
RUN-1001 : Exported ports
RUN-1001 : Exported pins
RUN-1001 : Exported instances
RUN-1001 : Exported nets
RUN-1001 : Exported buses
RUN-1001 : Exported models
RUN-1001 : Exported congestions
RUN-1001 : Exported violations
RUN-1001 : Exported timing constraints
RUN-1001 : Exported IO constraints
RUN-1001 : Exported Inst constraints
RUN-1002 : start command "export_bid keyboard_inst.bid"
RUN-1002 : start command "bitgen -bit keyboard.bit -unused_io_status pulldown"
BIT-1003 : Start to generate bitstream. 
BIT-1002 : Bitgen processed 164 unused pads, reserve input tri_state with pulldown
BIT-1002 : Init instances with 16 threads.
BIT-1002 : Init instances completely, inst num: 364
BIT-1002 : Init pips with 16 threads.
BIT-1002 : Init pips completely, net num: 451, pip num: 2854
BIT-1002 : Init feedthrough completely, num: 4
BIT-1003 : Multithreading accelaration with 16 threads.
BIT-1003 : Generate bitstream completely, there are 518 valid insts, and 9220 bits set as '1'.
BIT-1004 : PLL setting string = 0000
BIT-1004 : Generate bits file keyboard.bit.
RUN-1003 : finish command "bitgen -bit keyboard.bit -unused_io_status pulldown" in  1.294341s wall, 3.156250s user + 0.062500s system = 3.218750s CPU (248.7%)

RUN-1004 : used memory is 445 MB, reserved memory is 426 MB, peak memory is 620 MB
RUN-1002 : start command "backup_run_log run.log ../.logs/phy_1/td_20240827_224901.log"
