============================================================
   Tang Dynasty, V5.6.59063
   Copyright (c) 2012-2022 Anlogic
   Executable = E:/Anlogic/TD5.6.59063/bin/td.exe
   Built at =   12:45:13 Sep  6 2022
   Run by =     19234
   Run Date =   Wed Aug 28 17:18:00 2024

   Run on =     ERIKPSW
============================================================
RUN-1002 : start command "open_project keyboard.prj"
RUN-1001 : Print Global Property
RUN-1001 : ---------------------------------------------------------------
RUN-1001 :        Parameters        |  Settings  |  Default Values  |  Note  
RUN-1001 : ---------------------------------------------------------------
RUN-1001 :          message         |  standard  |     standard     |        
RUN-1001 :   mixed_pack_place_flow  |     on     |        on        |        
RUN-1001 :        qor_monitor       |    off     |       off        |        
RUN-1001 :        syn_ip_flow       |    off     |       off        |        
RUN-1001 :          thread          |    auto    |       auto       |        
RUN-1001 : ---------------------------------------------------------------
RUN-1001 : Print Design Property
RUN-1001 : --------------------------------------------------------------
RUN-1001 :        Parameters       |  Settings  |  Default Values  |  Note  
RUN-1001 : --------------------------------------------------------------
RUN-1001 :   default_reg_initial   |    auto    |       auto       |        
RUN-1001 :        infer_add        |     on     |        on        |        
RUN-1001 :        infer_fsm        |    off     |       off        |        
RUN-1001 :        infer_mult       |     on     |        on        |        
RUN-1001 :        infer_ram        |     on     |        on        |        
RUN-1001 :        infer_reg        |     on     |        on        |        
RUN-1001 :   infer_reg_init_value  |     on     |        on        |        
RUN-1001 :        infer_rom        |     on     |        on        |        
RUN-1001 :      infer_shifter      |     on     |        on        |        
RUN-1001 : --------------------------------------------------------------
RUN-1001 : Print Rtl Property
RUN-1001 : --------------------------------------------------------------
RUN-1001 :        Parameters       |  Settings  |  Default Values  |  Note  
RUN-1001 : --------------------------------------------------------------
RUN-1001 :       compress_add      |   ripple   |      ripple      |        
RUN-1001 :        elf_sload        |    off     |       off        |        
RUN-1001 :       fix_undriven      |     0      |        0         |        
RUN-1001 :         flatten         |    off     |       off        |        
RUN-1001 :       gate_sharing      |     on     |        on        |        
RUN-1001 :    hdl_warning_level    |   normal   |      normal      |        
RUN-1001 :   impl_internal_tribuf  |     on     |        on        |        
RUN-1001 :      impl_set_reset     |     on     |        on        |        
RUN-1001 :        infer_gsr        |    off     |       off        |        
RUN-1001 :      keep_hierarchy     |    auto    |       auto       |        
RUN-1001 :        max_fanout       |    9999    |       9999       |        
RUN-1001 :      max_oh2bin_len     |     10     |        10        |        
RUN-1001 :       merge_equal       |     on     |        on        |        
RUN-1001 :       merge_equiv       |     on     |        on        |        
RUN-1001 :        merge_mux        |    off     |       off        |        
RUN-1001 :     min_control_set     |     8      |        8         |        
RUN-1001 :      min_ripple_len     |    auto    |       auto       |        
RUN-1001 :       oh2bin_ratio      |    0.08    |       0.08       |        
RUN-1001 :     opt_adder_fanout    |     on     |        on        |        
RUN-1001 :        opt_arith        |     on     |        on        |        
RUN-1001 :       opt_big_gate      |    off     |       off        |        
RUN-1001 :        opt_const        |     on     |        on        |        
RUN-1001 :      opt_const_mult     |     on     |        on        |        
RUN-1001 :       opt_lessthan      |     on     |        on        |        
RUN-1001 :         opt_mux         |    off     |       off        |        
RUN-1001 :         opt_ram         |    high    |       high       |        
RUN-1001 :      rtl_sim_model      |    off     |       off        |        
RUN-1001 :         seq_syn         |     on     |        on        |        
RUN-1001 : --------------------------------------------------------------
HDL-1007 : analyze verilog file ../../../src/Digitron_TimeDisplay_module.v
HDL-1007 : analyze verilog file ../../../src/key_filter.v
HDL-1007 : analyze verilog file ../../../src/keyboard_instance.v
HDL-1007 : undeclared symbol 'secrect', assumed default net type 'wire' in ../../../src/keyboard_instance.v(42)
HDL-1007 : analyze verilog file ../../../src/keyboard_scan.v
HDL-1007 : analyze verilog file ../../../src/onehot2binary.v
RUN-1001 : Project manager successfully analyzed 5 source files.
RUN-1002 : start command "import_device eagle_s20.db -package EG4S20BG256"
ARC-1001 : Device Initialization.
ARC-1001 : ------------------------------------------------------------------
ARC-1001 :            OPTION            |          IO          |   SETTING   
ARC-1001 : ------------------------------------------------------------------
ARC-1001 :   cso_b/cclk/mosi/miso/dout  |  T3/R11/T10/P10/S11  |    gpio    
ARC-1001 :             done             |         P13          |    gpio    
ARC-1001 :           program_b          |          T2          |  dedicate  
ARC-1001 :        tdi/tms/tck/tdo       |   C12/A15/C14/E14    |  dedicate  
ARC-1001 : ------------------------------------------------------------------
ARC-1004 : Device setting, marked 5 dedicate IOs in total.
RUN-1002 : start command "import_db ../syn_1/keyboard_gate.db"
RUN-1001 : Importing database generated by Tang Dynasty, V5.6.59063.
RUN-1001 : Database version number 46140.
RUN-1001 : Import flow parameters
RUN-1001 : Import timing constraints
RUN-1001 : Import IO constraints
RUN-1001 : Import Inst constraints
RUN-1001 : Import design success TD_VERSION=5.6.59063 , DB_VERSION=46140
RUN-1002 : start command "read_sdc"
USR-1002 : read_sdc file_name -help -h -eco
USR-1009 : NO module with IP_SDC ...
RUN-1104 : Import SDC file  finished, there are 0 nets kept by constraints.
RUN-1002 : start command "place"
RUN-1001 : Open license file E:/Anlogic/TD5.6.59063/license/Anlogic.lic
RUN-1001 : Print Global Property
RUN-1001 : ---------------------------------------------------------------
RUN-1001 :        Parameters        |  Settings  |  Default Values  |  Note  
RUN-1001 : ---------------------------------------------------------------
RUN-1001 :          message         |  standard  |     standard     |        
RUN-1001 :   mixed_pack_place_flow  |     on     |        on        |        
RUN-1001 :        qor_monitor       |    off     |       off        |        
RUN-1001 :        syn_ip_flow       |    off     |       off        |        
RUN-1001 :          thread          |    auto    |       auto       |        
RUN-1001 : ---------------------------------------------------------------
RUN-1001 : Print Place Property
RUN-1001 : --------------------------------------------------------------
RUN-1001 :        Parameters       |  Settings  |  Default Values  |  Note  
RUN-1001 : --------------------------------------------------------------
RUN-1001 :      detailed_place     |     on     |        on        |        
RUN-1001 :          effort         |   medium   |      medium      |        
RUN-1001 :         fix_hold        |    off     |       off        |        
RUN-1001 :       legalization      |    ori     |       ori        |        
RUN-1001 :      new_spreading      |     on     |        on        |        
RUN-1001 :        opt_timing       |   medium   |      medium      |        
RUN-1001 :   post_clock_route_opt  |    off     |       off        |        
RUN-1001 :       pr_strategy       |     1      |        1         |        
RUN-1001 :        relaxation       |    1.00    |       1.00       |        
RUN-1001 :         retiming        |    off     |       off        |        
RUN-1001 : --------------------------------------------------------------
PHY-3001 : Placer runs in 16 thread(s).
RUN-1002 : start command "legalize_phy_inst"
SYN-1011 : Flatten model keyboard_instance
RUN-1002 : start command "phys_opt -simplify_lut"
SYN-4024 : Net "clk_50M_dup_1" drives clk pins.
SYN-4024 : Net "U1/scan_clk" drives clk pins.
SYN-4025 : Tag rtl::Net U1/scan_clk as clock net
SYN-4025 : Tag rtl::Net clk_50M_dup_1 as clock net
SYN-4026 : Tagged 2 rtl::Net as clock net
SYN-4015 : Create BUFG instance for clk Net U1/scan_clk to drive 20 clock pins.
PHY-1001 : Populate physical database on model keyboard_instance.
RUN-1001 : There are total 726 instances
RUN-0007 : 320 luts, 241 seqs, 96 mslices, 41 lslices, 24 pads, 0 brams, 0 dsps
RUN-1001 : There are total 868 nets
RUN-1001 : 523 nets have 2 pins
RUN-1001 : 233 nets have [3 - 5] pins
RUN-1001 : 92 nets have [6 - 10] pins
RUN-1001 : 10 nets have [11 - 20] pins
RUN-1001 : 8 nets have [21 - 99] pins
RUN-1001 : 2 nets have 100+ pins
RUN-1001 : Report Control nets information:
RUN-1001 : DFF Distribution
RUN-1001 : ----------------------------------
RUN-1001 :   CE   |  SSR  |  ASR  |  DFF Count  
RUN-1001 : ----------------------------------
RUN-1001 :   No   |  No   |  No   |     92      
RUN-1001 :   No   |  No   |  Yes  |     20      
RUN-1001 :   No   |  Yes  |  No   |     17      
RUN-1001 :   Yes  |  No   |  No   |     48      
RUN-1001 :   Yes  |  No   |  Yes  |     32      
RUN-1001 :   Yes  |  Yes  |  No   |     32      
RUN-1001 : ----------------------------------
RUN-0007 : Control Group Statistic
RUN-0007 : ---------------------------
RUN-0007 :   #CLK  |  #CE  |  #SSR/ASR  
RUN-0007 : ---------------------------
RUN-0007 :    2    |   6   |     3      
RUN-0007 : ---------------------------
RUN-0007 : Control Set = 9
PHY-3001 : Initial placement ...
PHY-3001 : design contains 724 instances, 320 luts, 241 seqs, 137 slices, 14 macros(137 instances: 96 mslices 41 lslices)
PHY-0007 : Cell area utilization is 3%
PHY-3001 : Start timing update ...
RUN-1002 : start command "start_timer -report"
TMR-2505 : Start building timing graph for model keyboard_instance.
TMR-2506 : Build timing graph completely. Port num: 8, tpin num: 3146, tnet num: 866, tinst num: 724, tnode num: 3841, tedge num: 5059.
TMR-2508 : Levelizing timing graph completed, there are 43 levels in total.
TMR-2501 : Timing graph initialized successfully.
TMR-2503 : Start to update net delay, extr mode = 2.
TMR-2504 : Update delay of 866 nets completely.
TMR-2502 : Annotate delay completely, extr mode = 2.
TMR-3001 : Initiate 0 clocks from SDC.
TMR-3004 : Map sdc constraints, there are 0 constraints in total.
TMR-3003 : Constraints initiated successfully.
TMR-3501 : Forward propagation: start to calculate arrival time...
TMR-3502 : Backward propagation: start to calculate required time...
TMR-3503 : Timing propagation completes.
PHY-3001 : End timing update;  0.255218s wall, 0.109375s user + 0.000000s system = 0.109375s CPU (42.9%)

PHY-3001 : Global placement ...
PHY-3001 : Initial: Len = 227407
PHY-3001 : Clustering ...
PHY-3001 : Level 0 #clusters 724.
PHY-3001 : End clustering;  0.000023s wall, 0.000000s user + 0.000000s system = 0.000000s CPU (n/a%)

PHY-3001 : Run with size of 4
PHY-3001 : Cell area utilization is 3%
PHY-3001 : :::0::: Try harder cell spreading with beta_ = 0
PHY-3002 : Step(1): len = 146185, overlap = 0
PHY-3002 : Step(2): len = 90100.3, overlap = 0
PHY-3002 : Step(3): len = 64976, overlap = 0
PHY-3002 : Step(4): len = 46820.3, overlap = 0
PHY-3002 : Step(5): len = 37396.7, overlap = 0
PHY-3002 : Step(6): len = 32523.9, overlap = 1.25
PHY-3002 : Step(7): len = 26193.8, overlap = 0
PHY-3002 : Step(8): len = 22708.2, overlap = 2.75
PHY-3002 : Step(9): len = 22252.9, overlap = 11.9375
PHY-3002 : Step(10): len = 20828.7, overlap = 14.3125
PHY-3002 : Step(11): len = 19286.4, overlap = 13.75
PHY-3002 : Step(12): len = 18038, overlap = 14.9375
PHY-3002 : Step(13): len = 18188.8, overlap = 15.625
PHY-3002 : Step(14): len = 17492.6, overlap = 15.5
PHY-3002 : Step(15): len = 17520.9, overlap = 15.3438
PHY-3002 : Step(16): len = 17718.5, overlap = 15.6562
PHY-3002 : Step(17): len = 17016.1, overlap = 15.75
PHY-3002 : Step(18): len = 15837.4, overlap = 16.7188
PHY-3002 : Step(19): len = 15919.3, overlap = 17.0312
PHY-3002 : Step(20): len = 15193.7, overlap = 17.125
PHY-3002 : Step(21): len = 15440.7, overlap = 18.1562
PHY-3002 : Step(22): len = 15447.4, overlap = 17.1875
PHY-3002 : Step(23): len = 15862.4, overlap = 15.9688
PHY-3002 : Step(24): len = 14918.7, overlap = 14.6875
PHY-3002 : Step(25): len = 14422.5, overlap = 14.2812
PHY-3002 : Step(26): len = 14626.8, overlap = 13.5
PHY-3002 : Step(27): len = 13829.6, overlap = 13.6875
PHY-3002 : Step(28): len = 13256.3, overlap = 13.8438
PHY-3002 : Step(29): len = 13498, overlap = 13.4688
PHY-3002 : Step(30): len = 13590.5, overlap = 13.3438
PHY-3001 : Legalization ...
PHY-3001 : End legalization;  0.003903s wall, 0.000000s user + 0.000000s system = 0.000000s CPU (n/a%)

PHY-3001 : Run with size of 4
PHY-3001 : Cell area utilization is 3%
PHY-3001 : Update timing in Manhattan mode ...
TMR-2503 : Start to update net delay, extr mode = 3.
TMR-2504 : Update delay of 866 nets completely.
TMR-2502 : Annotate delay completely, extr mode = 3.
TMR-3501 : Forward propagation: start to calculate arrival time...
TMR-3502 : Backward propagation: start to calculate required time...
TMR-3503 : Timing propagation completes.
PHY-3001 : End timing update;  0.011969s wall, 0.000000s user + 0.000000s system = 0.000000s CPU (n/a%)

PHY-3001 : :::0::: Try harder cell spreading with beta_ = 0.000126251
PHY-3002 : Step(31): len = 14239.8, overlap = 20.9375
PHY-3002 : Step(32): len = 14500.8, overlap = 21.7188
PHY-3002 : Step(33): len = 13714.9, overlap = 19.2188
PHY-3002 : Step(34): len = 13152.7, overlap = 19
PHY-3002 : Step(35): len = 13096.8, overlap = 19
PHY-3002 : Step(36): len = 13239.5, overlap = 14.8125
PHY-3001 : :::1::: Try harder cell spreading with beta_ = 0.000252503
PHY-3002 : Step(37): len = 13134.5, overlap = 10.5312
PHY-3002 : Step(38): len = 13230.3, overlap = 10.4375
PHY-3002 : Step(39): len = 13462.3, overlap = 9.96875
PHY-3001 : :::2::: Try harder cell spreading with beta_ = 0.000505006
PHY-3002 : Step(40): len = 12969.2, overlap = 9.46875
PHY-3002 : Step(41): len = 13031.2, overlap = 9.46875
PHY-3002 : Step(42): len = 13051.4, overlap = 9.28125
PHY-3001 : Run with size of 2
PHY-3001 : Cell area utilization is 3%
PHY-3001 : Update timing in Manhattan mode ...
TMR-2503 : Start to update net delay, extr mode = 3.
TMR-2504 : Update delay of 866 nets completely.
TMR-2502 : Annotate delay completely, extr mode = 3.
TMR-3501 : Forward propagation: start to calculate arrival time...
TMR-3502 : Backward propagation: start to calculate required time...
TMR-3503 : Timing propagation completes.
PHY-3001 : End timing update;  0.010975s wall, 0.000000s user + 0.000000s system = 0.000000s CPU (n/a%)

PHY-3001 : :::0::: Try harder cell spreading with beta_ = 2.50092e-05
PHY-3002 : Step(43): len = 15127.1, overlap = 27.4688
PHY-3002 : Step(44): len = 15269.2, overlap = 27.75
PHY-3002 : Step(45): len = 14834.3, overlap = 25.3125
PHY-3002 : Step(46): len = 15054.3, overlap = 23.625
PHY-3002 : Step(47): len = 14848.9, overlap = 23.7812
PHY-3002 : Step(48): len = 14472.7, overlap = 20.9062
PHY-3002 : Step(49): len = 14270, overlap = 18.0312
PHY-3002 : Step(50): len = 13972.7, overlap = 22.8125
PHY-3002 : Step(51): len = 13800.6, overlap = 23.4375
PHY-3002 : Step(52): len = 13777.1, overlap = 23.875
PHY-3001 : :::1::: Try harder cell spreading with beta_ = 5.00183e-05
PHY-3002 : Step(53): len = 13882.3, overlap = 24.3438
PHY-3002 : Step(54): len = 13833.9, overlap = 25.1875
PHY-3002 : Step(55): len = 13730.5, overlap = 25.625
PHY-3001 : :::2::: Try harder cell spreading with beta_ = 0.000100037
PHY-3002 : Step(56): len = 14042.2, overlap = 22.1875
PHY-3002 : Step(57): len = 14300, overlap = 18.9062
PHY-3002 : Step(58): len = 14327.2, overlap = 16.5625
OPT-1001 : Start physical optimization ...
RUN-1002 : start command "start_timer -report"
TMR-2505 : Start building timing graph for model keyboard_instance.
TMR-2506 : Build timing graph completely. Port num: 8, tpin num: 3146, tnet num: 866, tinst num: 724, tnode num: 3841, tedge num: 5059.
TMR-2508 : Levelizing timing graph completed, there are 43 levels in total.
TMR-2501 : Timing graph initialized successfully.
OPT-1001 : Total overflow 54.03 peak overflow 2.47
OPT-1001 : Start high-fanout net optimization ...
OPT-1001 : Update timing in global mode
PHY-1001 : Start incremental global routing, caller is place ...
RUN-1001 : Generating global routing grids ...
RUN-1001 : Building simple global routing graph ...
PHY-1001 : Generate routing nets ...
PHY-1001 : Reuse net number 0/868.
PHY-1001 : Global iterations in 16 thread ...
PHY-1002 : len = 15472, over cnt = 55(0%), over = 182, worst = 13
PHY-1001 : End global iterations;  0.068868s wall, 0.015625s user + 0.000000s system = 0.015625s CPU (22.7%)

PHY-1001 : Congestion index: top1 = 21.14, top5 = 9.58, top10 = 5.31, top15 = 3.55.
PHY-1001 : End incremental global routing;  0.153615s wall, 0.062500s user + 0.015625s system = 0.078125s CPU (50.9%)

TMR-2503 : Start to update net delay, extr mode = 5.
TMR-2504 : Update delay of 866 nets completely.
TMR-2502 : Annotate delay completely, extr mode = 5.
TMR-3001 : Initiate 0 clocks from SDC.
TMR-3004 : Map sdc constraints, there are 0 constraints in total.
TMR-3003 : Constraints initiated successfully.
TMR-3501 : Forward propagation: start to calculate arrival time...
TMR-3502 : Backward propagation: start to calculate required time...
TMR-3503 : Timing propagation completes.
OPT-1001 : End timing update;  0.020809s wall, 0.015625s user + 0.000000s system = 0.015625s CPU (75.1%)

OPT-1001 : 0 high-fanout net processed.
OPT-1001 : End high-fanout net optimization;  0.190604s wall, 0.078125s user + 0.015625s system = 0.093750s CPU (49.2%)

OPT-1001 : Current memory(MB): used = 150, reserve = 121, peak = 150.
OPT-1001 : Start global optimization ...
OPT-1001 : Start congestion update ...
RUN-1001 : Generating global routing grids ...
PHY-1001 : Generate routing nets ...
PHY-1001 : Reuse net number 477/868.
PHY-1001 : Global iterations in 16 thread ...
PHY-1002 : len = 15472, over cnt = 55(0%), over = 182, worst = 13
PHY-1002 : len = 16808, over cnt = 26(0%), over = 54, worst = 9
PHY-1002 : len = 17320, over cnt = 7(0%), over = 11, worst = 3
PHY-1002 : len = 17480, over cnt = 0(0%), over = 0, worst = 0
PHY-1001 : End global iterations;  0.048482s wall, 0.000000s user + 0.000000s system = 0.000000s CPU (n/a%)

PHY-1001 : Congestion index: top1 = 20.52, top5 = 10.25, top10 = 5.83, top15 = 3.89.
OPT-1001 : End congestion update;  0.124101s wall, 0.015625s user + 0.000000s system = 0.015625s CPU (12.6%)

OPT-1001 : Update timing in Manhattan mode
TMR-2503 : Start to update net delay, extr mode = 3.
TMR-2504 : Update delay of 866 nets completely.
TMR-2502 : Annotate delay completely, extr mode = 3.
TMR-3501 : Forward propagation: start to calculate arrival time...
TMR-3502 : Backward propagation: start to calculate required time...
TMR-3503 : Timing propagation completes.
OPT-1001 : End timing update;  0.013922s wall, 0.000000s user + 0.000000s system = 0.000000s CPU (n/a%)

OPT-0007 : Start: WNS 2147483647 TNS 0 NUM_FEPS 0
OPT-1001 : End global optimization;  0.138167s wall, 0.015625s user + 0.000000s system = 0.015625s CPU (11.3%)

OPT-1001 : Current memory(MB): used = 151, reserve = 122, peak = 151.
OPT-1001 : End physical optimization;  0.526219s wall, 0.140625s user + 0.015625s system = 0.156250s CPU (29.7%)

PHY-3001 : Start packing ...
SYN-4007 : Packing 0 MUX to BLE ...
SYN-4008 : Packed 0 MUX and 0 SEQ to BLE.
SYN-4007 : Packing 320 LUT to BLE ...
SYN-4008 : Packed 320 LUT and 106 SEQ to BLE.
SYN-4003 : Packing 135 remaining SEQ's ...
SYN-4005 : Packed 60 SEQ with LUT/SLICE
SYN-4006 : 164 single LUT's are left
SYN-4006 : 75 single SEQ's are left
SYN-4011 : Packing model "keyboard_instance" (AL_USER_NORMAL) with 395/560 primitive instances ...
PHY-3001 : End packing;  0.028270s wall, 0.000000s user + 0.000000s system = 0.000000s CPU (n/a%)

PHY-1001 : Populate physical database on model keyboard_instance.
RUN-1001 : There are total 374 instances
RUN-1001 : 173 mslices, 173 lslices, 24 pads, 0 brams, 0 dsps
RUN-1001 : There are total 774 nets
RUN-1001 : 429 nets have 2 pins
RUN-1001 : 234 nets have [3 - 5] pins
RUN-1001 : 92 nets have [6 - 10] pins
RUN-1001 : 11 nets have [11 - 20] pins
RUN-1001 : 6 nets have [21 - 99] pins
RUN-1001 : 2 nets have 100+ pins
PHY-3001 : design contains 372 instances, 346 slices, 14 macros(137 instances: 96 mslices 41 lslices)
PHY-3001 : Cell area utilization is 4%
PHY-3001 : After packing: Len = 15058.6, Over = 25.5
PHY-3001 : Run with size of 2
PHY-3001 : Cell area utilization is 4%
PHY-3001 : Update timing in Manhattan mode ...
RUN-1002 : start command "start_timer -report"
TMR-2505 : Start building timing graph for model keyboard_instance.
TMR-2506 : Build timing graph completely. Port num: 8, tpin num: 2751, tnet num: 772, tinst num: 372, tnode num: 3251, tedge num: 4588.
TMR-2508 : Levelizing timing graph completed, there are 41 levels in total.
TMR-2501 : Timing graph initialized successfully.
TMR-2503 : Start to update net delay, extr mode = 3.
TMR-2504 : Update delay of 772 nets completely.
TMR-2502 : Annotate delay completely, extr mode = 3.
TMR-3001 : Initiate 0 clocks from SDC.
TMR-3004 : Map sdc constraints, there are 0 constraints in total.
TMR-3003 : Constraints initiated successfully.
TMR-3501 : Forward propagation: start to calculate arrival time...
TMR-3502 : Backward propagation: start to calculate required time...
TMR-3503 : Timing propagation completes.
PHY-3001 : End timing update;  0.239260s wall, 0.156250s user + 0.000000s system = 0.156250s CPU (65.3%)

PHY-3001 : :::0::: Try harder cell spreading with beta_ = 2.27863e-05
PHY-3002 : Step(59): len = 14400.7, overlap = 28.5
PHY-3002 : Step(60): len = 14435.3, overlap = 29
PHY-3002 : Step(61): len = 14395, overlap = 29.25
PHY-3001 : :::1::: Try harder cell spreading with beta_ = 4.55726e-05
PHY-3002 : Step(62): len = 14634.2, overlap = 28.75
PHY-3002 : Step(63): len = 14766.6, overlap = 28.75
PHY-3002 : Step(64): len = 14858.6, overlap = 28.5
PHY-3001 : :::2::: Try harder cell spreading with beta_ = 9.11451e-05
PHY-3002 : Step(65): len = 15223.4, overlap = 24.75
PHY-3002 : Step(66): len = 15285.3, overlap = 24.75
PHY-3002 : Step(67): len = 15361.8, overlap = 21.5
PHY-3001 : Legalization ...
PHY-3001 : End legalization;  0.067805s wall, 0.015625s user + 0.000000s system = 0.015625s CPU (23.0%)

PHY-3001 : Trial Legalized: Len = 22262.2
PHY-3001 : Run with size of 2
PHY-3001 : Cell area utilization is 4%
PHY-3001 : Update timing in Manhattan mode ...
TMR-2503 : Start to update net delay, extr mode = 3.
TMR-2504 : Update delay of 772 nets completely.
TMR-2502 : Annotate delay completely, extr mode = 3.
TMR-3501 : Forward propagation: start to calculate arrival time...
TMR-3502 : Backward propagation: start to calculate required time...
TMR-3503 : Timing propagation completes.
PHY-3001 : End timing update;  0.010516s wall, 0.000000s user + 0.000000s system = 0.000000s CPU (n/a%)

PHY-3001 : :::0::: Try harder cell spreading with beta_ = 0.000708174
PHY-3002 : Step(68): len = 19719, overlap = 3.75
PHY-3002 : Step(69): len = 18679.6, overlap = 6
PHY-3002 : Step(70): len = 17180, overlap = 8.5
PHY-3002 : Step(71): len = 16624.2, overlap = 8.25
PHY-3002 : Step(72): len = 16544.7, overlap = 8.75
PHY-3002 : Step(73): len = 16545.3, overlap = 8.75
PHY-3002 : Step(74): len = 16531.7, overlap = 9.25
PHY-3002 : Step(75): len = 16342.9, overlap = 10.25
PHY-3001 : :::1::: Try harder cell spreading with beta_ = 0.00141635
PHY-3002 : Step(76): len = 16291.7, overlap = 9.5
PHY-3002 : Step(77): len = 16278.9, overlap = 9.5
PHY-3001 : :::2::: Try harder cell spreading with beta_ = 0.0028327
PHY-3002 : Step(78): len = 16323.6, overlap = 10
PHY-3002 : Step(79): len = 16329.5, overlap = 10
PHY-3001 : Legalization ...
PHY-3001 : End legalization;  0.006407s wall, 0.000000s user + 0.000000s system = 0.000000s CPU (n/a%)

PHY-3001 : Legalized: Len = 19446.1, Over = 0
PHY-3001 : End spreading;  0.004086s wall, 0.000000s user + 0.000000s system = 0.000000s CPU (n/a%)

PHY-3001 : Final: Len = 19446.1, Over = 0
OPT-1001 : Start physical optimization ...
RUN-1002 : start command "start_timer -report"
TMR-2505 : Start building timing graph for model keyboard_instance.
TMR-2506 : Build timing graph completely. Port num: 8, tpin num: 2751, tnet num: 772, tinst num: 372, tnode num: 3251, tedge num: 4588.
TMR-2508 : Levelizing timing graph completed, there are 41 levels in total.
TMR-2501 : Timing graph initialized successfully.
OPT-1001 : Total overflow 0.00 peak overflow 0.00
OPT-1001 : Start high-fanout net optimization ...
OPT-1001 : Update timing in global mode
PHY-1001 : Start incremental global routing, caller is place ...
RUN-1001 : Generating global routing grids ...
PHY-1001 : Generate routing nets ...
PHY-1001 : Reuse net number 35/774.
PHY-1001 : Global iterations in 16 thread ...
PHY-1002 : len = 22144, over cnt = 71(0%), over = 95, worst = 4
PHY-1002 : len = 22528, over cnt = 38(0%), over = 46, worst = 2
PHY-1002 : len = 23200, over cnt = 0(0%), over = 0, worst = 0
PHY-1001 : End global iterations;  0.079754s wall, 0.031250s user + 0.000000s system = 0.031250s CPU (39.2%)

PHY-1001 : Congestion index: top1 = 20.93, top5 = 12.94, top10 = 7.97, top15 = 5.50.
PHY-1001 : End incremental global routing;  0.142673s wall, 0.031250s user + 0.000000s system = 0.031250s CPU (21.9%)

TMR-2503 : Start to update net delay, extr mode = 5.
TMR-2504 : Update delay of 772 nets completely.
TMR-2502 : Annotate delay completely, extr mode = 5.
TMR-3001 : Initiate 0 clocks from SDC.
TMR-3004 : Map sdc constraints, there are 0 constraints in total.
TMR-3003 : Constraints initiated successfully.
TMR-3501 : Forward propagation: start to calculate arrival time...
TMR-3502 : Backward propagation: start to calculate required time...
TMR-3503 : Timing propagation completes.
OPT-1001 : End timing update;  0.017165s wall, 0.015625s user + 0.000000s system = 0.015625s CPU (91.0%)

OPT-1001 : 0 high-fanout net processed.
OPT-1001 : End high-fanout net optimization;  0.170838s wall, 0.046875s user + 0.000000s system = 0.046875s CPU (27.4%)

OPT-1001 : Current memory(MB): used = 153, reserve = 124, peak = 154.
OPT-1001 : Start path based optimization ...
OPT-1001 : Start congestion update ...
RUN-1001 : Generating global routing grids ...
PHY-1001 : Generate routing nets ...
PHY-1001 : Reuse net number 619/774.
PHY-1001 : Global iterations in 16 thread ...
PHY-1002 : len = 23200, over cnt = 0(0%), over = 0, worst = 0
PHY-1001 : End global iterations;  0.003242s wall, 0.000000s user + 0.000000s system = 0.000000s CPU (n/a%)

PHY-1001 : Congestion index: top1 = 20.93, top5 = 12.94, top10 = 7.97, top15 = 5.50.
OPT-1001 : End congestion update;  0.068405s wall, 0.015625s user + 0.000000s system = 0.015625s CPU (22.8%)

OPT-1001 : Update timing in Manhattan mode
TMR-2503 : Start to update net delay, extr mode = 3.
TMR-2504 : Update delay of 772 nets completely.
TMR-2502 : Annotate delay completely, extr mode = 3.
TMR-3501 : Forward propagation: start to calculate arrival time...
TMR-3502 : Backward propagation: start to calculate required time...
TMR-3503 : Timing propagation completes.
OPT-1001 : End timing update;  0.016441s wall, 0.000000s user + 0.000000s system = 0.000000s CPU (n/a%)

OPT-0007 : Start: WNS 2147483647 TNS 0 NUM_FEPS 0
OPT-1001 : End path based optimization;  0.085031s wall, 0.015625s user + 0.000000s system = 0.015625s CPU (18.4%)

OPT-1001 : Current memory(MB): used = 154, reserve = 125, peak = 154.
OPT-1001 : Update timing in Manhattan mode
TMR-2503 : Start to update net delay, extr mode = 3.
TMR-2504 : Update delay of 772 nets completely.
TMR-2502 : Annotate delay completely, extr mode = 3.
TMR-3501 : Forward propagation: start to calculate arrival time...
TMR-3502 : Backward propagation: start to calculate required time...
TMR-3503 : Timing propagation completes.
OPT-1001 : End timing update;  0.014135s wall, 0.000000s user + 0.000000s system = 0.000000s CPU (n/a%)

OPT-1001 : Start pin optimization...
OPT-1001 : skip pin optimization...
OPT-1001 : Update timing in global mode
PHY-1001 : Start incremental global routing, caller is place ...
RUN-1001 : Generating global routing grids ...
PHY-1001 : Generate routing nets ...
PHY-1001 : Reuse net number 619/774.
PHY-1001 : Global iterations in 16 thread ...
PHY-1002 : len = 23200, over cnt = 0(0%), over = 0, worst = 0
PHY-1001 : End global iterations;  0.003453s wall, 0.000000s user + 0.000000s system = 0.000000s CPU (n/a%)

PHY-1001 : Congestion index: top1 = 20.93, top5 = 12.94, top10 = 7.97, top15 = 5.50.
PHY-1001 : End incremental global routing;  0.067380s wall, 0.031250s user + 0.000000s system = 0.031250s CPU (46.4%)

TMR-2503 : Start to update net delay, extr mode = 5.
TMR-2504 : Update delay of 772 nets completely.
TMR-2502 : Annotate delay completely, extr mode = 5.
TMR-3501 : Forward propagation: start to calculate arrival time...
TMR-3502 : Backward propagation: start to calculate required time...
TMR-3503 : Timing propagation completes.
OPT-1001 : End timing update;  0.016217s wall, 0.000000s user + 0.000000s system = 0.000000s CPU (n/a%)

RUN-1001 : Generating global routing grids ...
PHY-1001 : Generate routing nets ...
PHY-1001 : Reuse net number 619/774.
PHY-1001 : Global iterations in 16 thread ...
PHY-1002 : len = 23200, over cnt = 0(0%), over = 0, worst = 0
PHY-1001 : End global iterations;  0.004485s wall, 0.000000s user + 0.000000s system = 0.000000s CPU (n/a%)

PHY-1001 : Congestion index: top1 = 20.93, top5 = 12.94, top10 = 7.97, top15 = 5.50.
OPT-1001 : Update timing in Manhattan mode
TMR-2503 : Start to update net delay, extr mode = 3.
TMR-2504 : Update delay of 772 nets completely.
TMR-2502 : Annotate delay completely, extr mode = 3.
TMR-3501 : Forward propagation: start to calculate arrival time...
TMR-3502 : Backward propagation: start to calculate required time...
TMR-3503 : Timing propagation completes.
OPT-1001 : End timing update;  0.018184s wall, 0.000000s user + 0.000000s system = 0.000000s CPU (n/a%)

RUN-1001 : QoR Analysis:
OPT-0007 :   WNS 2147483647 TNS 0 NUM_FEPS 0
RUN-1001 :   No local congestion issue, and most congested 1% tile average routing util is 20.448276
RUN-1001 :   Top critical paths
OPT-1001 : End physical optimization;  0.677301s wall, 0.109375s user + 0.000000s system = 0.109375s CPU (16.1%)

RUN-1003 : finish command "place" in  4.247287s wall, 0.828125s user + 0.218750s system = 1.046875s CPU (24.6%)

RUN-1004 : used memory is 137 MB, reserved memory is 108 MB, peak memory is 154 MB
RUN-1002 : start command "export_db keyboard_place.db"
RUN-1001 : Exported /
RUN-1001 : Exported flow parameters
RUN-1001 : Exported libs
RUN-1001 : Exported entities
RUN-1001 : Exported ports
RUN-1001 : Exported pins
RUN-1001 : Exported instances
RUN-1001 : Exported nets
RUN-1001 : Exported buses
RUN-1001 : Exported models
RUN-1001 : Exported congestions
RUN-1001 : Exported violations
RUN-1001 : Exported timing constraints
RUN-1001 : Exported IO constraints
RUN-1001 : Exported Inst constraints
RUN-1002 : start command "route"
RUN-1001 : Open license file E:/Anlogic/TD5.6.59063/license/Anlogic.lic
RUN-1001 : Print Global Property
RUN-1001 : ---------------------------------------------------------------
RUN-1001 :        Parameters        |  Settings  |  Default Values  |  Note  
RUN-1001 : ---------------------------------------------------------------
RUN-1001 :          message         |  standard  |     standard     |        
RUN-1001 :   mixed_pack_place_flow  |     on     |        on        |        
RUN-1001 :        qor_monitor       |    off     |       off        |        
RUN-1001 :        syn_ip_flow       |    off     |       off        |        
RUN-1001 :          thread          |    auto    |       auto       |        
RUN-1001 : ---------------------------------------------------------------
RUN-1001 : Print Route Property
RUN-1001 : -------------------------------------------------------
RUN-1001 :    Parameters    |  Settings  |  Default Values  |  Note  
RUN-1001 : -------------------------------------------------------
RUN-1001 :      effort      |   medium   |      medium      |        
RUN-1001 :     fix_hold     |    off     |       off        |        
RUN-1001 :    opt_timing    |   medium   |      medium      |        
RUN-1001 :   phy_sim_model  |    off     |       off        |        
RUN-1001 :     priority     |   timing   |      timing      |        
RUN-1001 :     swap_pin     |     on     |        on        |        
RUN-1001 : -------------------------------------------------------
PHY-1001 : Route runs in 16 thread(s)
RUN-1001 : There are total 374 instances
RUN-1001 : 173 mslices, 173 lslices, 24 pads, 0 brams, 0 dsps
RUN-1001 : There are total 774 nets
RUN-1001 : 429 nets have 2 pins
RUN-1001 : 234 nets have [3 - 5] pins
RUN-1001 : 92 nets have [6 - 10] pins
RUN-1001 : 11 nets have [11 - 20] pins
RUN-1001 : 6 nets have [21 - 99] pins
RUN-1001 : 2 nets have 100+ pins
RUN-1002 : start command "start_timer -report"
TMR-2505 : Start building timing graph for model keyboard_instance.
TMR-2506 : Build timing graph completely. Port num: 8, tpin num: 2751, tnet num: 772, tinst num: 372, tnode num: 3251, tedge num: 4588.
TMR-2508 : Levelizing timing graph completed, there are 41 levels in total.
TMR-2501 : Timing graph initialized successfully.
PHY-1001 : 173 mslices, 173 lslices, 24 pads, 0 brams, 0 dsps
TMR-2503 : Start to update net delay, extr mode = 3.
TMR-2504 : Update delay of 772 nets completely.
TMR-2502 : Annotate delay completely, extr mode = 3.
TMR-3001 : Initiate 0 clocks from SDC.
TMR-3004 : Map sdc constraints, there are 0 constraints in total.
TMR-3003 : Constraints initiated successfully.
TMR-3501 : Forward propagation: start to calculate arrival time...
TMR-3502 : Backward propagation: start to calculate required time...
TMR-3503 : Timing propagation completes.
PHY-1001 : Start global routing, caller is route ...
RUN-1001 : Generating global routing grids ...
PHY-1001 : Generate routing nets ...
PHY-1001 : Global iterations in 16 thread ...
PHY-1002 : len = 21984, over cnt = 71(0%), over = 95, worst = 4
PHY-1002 : len = 22384, over cnt = 40(0%), over = 48, worst = 2
PHY-1002 : len = 22808, over cnt = 15(0%), over = 19, worst = 2
PHY-1002 : len = 23088, over cnt = 0(0%), over = 0, worst = 0
PHY-1001 : End global iterations;  0.110670s wall, 0.000000s user + 0.000000s system = 0.000000s CPU (n/a%)

PHY-1001 : Congestion index: top1 = 20.93, top5 = 12.90, top10 = 7.93, top15 = 5.47.
PHY-1001 : End global routing;  0.167505s wall, 0.046875s user + 0.000000s system = 0.046875s CPU (28.0%)

PHY-1001 : Start detail routing ...
PHY-1001 : Current memory(MB): used = 172, reserve = 143, peak = 188.
PHY-1001 : Detailed router is running in normal mode.
PHY-1001 : Generate detailed routing grids ...
PHY-1001 : Generate nets ...
PHY-1001 : net clk_50M_dup_1 will be routed on clock mesh
PHY-1001 : clock net U1/scan_clk_syn_4 will be merged with clock U1/scan_clk
PHY-1001 : Current memory(MB): used = 441, reserve = 417, peak = 441.
PHY-1001 : End build detailed router design. 5.375396s wall, 2.328125s user + 0.015625s system = 2.343750s CPU (43.6%)

PHY-1001 : Detail Route ...
PHY-1001 : ===== Detail Route Phase 1 =====
PHY-1001 : Clock net routing.....
PHY-1001 : Routed 0% nets.
PHY-1022 : len = 9256, over cnt = 0(0%), over = 0, worst = 0, crit = 0
PHY-1001 : End initial clock net routed; 0.537454s wall, 0.234375s user + 0.015625s system = 0.250000s CPU (46.5%)

PHY-1001 : Current memory(MB): used = 471, reserve = 448, peak = 471.
PHY-1001 : End phase 1; 0.544383s wall, 0.234375s user + 0.015625s system = 0.250000s CPU (45.9%)

PHY-1001 : ===== Detail Route Phase 2 =====
PHY-1001 : Initial routing.....
PHY-1001 : Routed 27% nets.
PHY-1001 : Routed 44% nets.
PHY-1001 : Routed 48% nets.
PHY-1001 : Routed 48% nets.
PHY-1001 : Patch 249 net; 0.356775s wall, 0.078125s user + 0.000000s system = 0.078125s CPU (21.9%)

PHY-1022 : len = 49720, over cnt = 24(0%), over = 24, worst = 1, crit = 0
PHY-1001 : Current memory(MB): used = 471, reserve = 448, peak = 471.
PHY-1001 : End initial routed; 0.515923s wall, 0.171875s user + 0.000000s system = 0.171875s CPU (33.3%)

PHY-1001 : Update timing.....
PHY-1001 : 0/625(0%) critical/total net(s).
RUN-1001 : ------------------------------------------
RUN-1001 :   Type   |    WNS(ns)    |  TNS(ns)  |  FEP  
RUN-1001 : ------------------------------------------
RUN-1001 :   Setup  |  2147483.647  |   0.000   |   0   
RUN-1001 :   Hold   |  2147483.647  |   0.000   |   0   
RUN-1001 : ------------------------------------------
PHY-1001 : End update timing; 0.282518s wall, 0.046875s user + 0.000000s system = 0.046875s CPU (16.6%)

PHY-1001 : Current memory(MB): used = 472, reserve = 448, peak = 472.
PHY-1001 : End phase 2; 0.798577s wall, 0.218750s user + 0.000000s system = 0.218750s CPU (27.4%)

PHY-1001 : ===== Detail Route Phase 3 =====
PHY-1001 : Optimize timing.....
PHY-1022 : len = 49720, over cnt = 24(0%), over = 24, worst = 1, crit = 0
PHY-1001 : End optimize timing; 0.006981s wall, 0.000000s user + 0.000000s system = 0.000000s CPU (n/a%)

PHY-1001 : Ripup-reroute.....
PHY-1001 : ===== DR Iter 1 =====
PHY-1022 : len = 49768, over cnt = 2(0%), over = 2, worst = 1, crit = 0
PHY-1001 : End DR Iter 1; 0.065024s wall, 0.015625s user + 0.015625s system = 0.031250s CPU (48.1%)

PHY-1001 : ===== DR Iter 2 =====
PHY-1022 : len = 49800, over cnt = 0(0%), over = 0, worst = 0, crit = 0
PHY-1001 : End DR Iter 2; 0.022574s wall, 0.015625s user + 0.000000s system = 0.015625s CPU (69.2%)

PHY-1001 : Update timing.....
PHY-1001 : 0/625(0%) critical/total net(s).
RUN-1001 : ------------------------------------------
RUN-1001 :   Type   |    WNS(ns)    |  TNS(ns)  |  FEP  
RUN-1001 : ------------------------------------------
RUN-1001 :   Setup  |  2147483.647  |   0.000   |   0   
RUN-1001 :   Hold   |  2147483.647  |   0.000   |   0   
RUN-1001 : ------------------------------------------
PHY-1001 : End update timing; 0.276405s wall, 0.062500s user + 0.000000s system = 0.062500s CPU (22.6%)

PHY-1001 : Commit to database.....
PHY-1001 : 7 feed throughs used by 7 nets
PHY-1001 : End commit to database; 0.121007s wall, 0.031250s user + 0.000000s system = 0.031250s CPU (25.8%)

PHY-1001 : Current memory(MB): used = 484, reserve = 460, peak = 484.
PHY-1001 : End phase 3; 0.668353s wall, 0.156250s user + 0.015625s system = 0.171875s CPU (25.7%)

PHY-1003 : Routed, final wirelength = 49800
PHY-1001 : Current memory(MB): used = 484, reserve = 460, peak = 484.
PHY-1001 : End export database. 0.008465s wall, 0.000000s user + 0.000000s system = 0.000000s CPU (n/a%)

PHY-1001 : End detail routing;  7.657979s wall, 3.015625s user + 0.046875s system = 3.062500s CPU (40.0%)

RUN-1003 : finish command "route" in  8.133383s wall, 3.234375s user + 0.046875s system = 3.281250s CPU (40.3%)

RUN-1004 : used memory is 443 MB, reserved memory is 420 MB, peak memory is 484 MB
RUN-1002 : start command "report_area -io_info -file keyboard_phy.area"
RUN-1001 : standard
***Report Model: keyboard_instance Device: EG4S20BG256***

IO Statistics
#IO                        24
  #input                    6
  #output                  18
  #inout                    0

Utilization Statistics
#lut                      594   out of  19600    3.03%
#reg                      241   out of  19600    1.23%
#le                       669
  #lut only               428   out of    669   63.98%
  #reg only                75   out of    669   11.21%
  #lut&reg                166   out of    669   24.81%
#dsp                        0   out of     29    0.00%
#bram                       0   out of     64    0.00%
  #bram9k                   0
  #fifo9k                   0
#bram32k                    0   out of     16    0.00%
#pad                       24   out of    188   12.77%
  #ireg                     0
  #oreg                     0
  #treg                     0
#pll                        0   out of      4    0.00%
#gclk                       2   out of     16   12.50%

Clock Resource Statistics
Index     ClockNet         Type               DriverType         Driver                      Fanout
#1        clk_50M_dup_1    GCLK               io                 clk_50M_syn_2.di            128
#2        U1/scan_clk      GCLK               lslice             U1/scan_clk_reg_syn_9.q1    10


Detailed IO Report

        Name           Direction    Location    IOStandard    DriveStrength    PullType    PackReg  
        RSTn             INPUT         A9        LVCMOS33          N/A          PULLUP      NONE    
       clk_50M           INPUT         R7        LVCMOS33          N/A          PULLUP      NONE    
       col[3]            INPUT        F10        LVCMOS33          N/A          PULLUP      NONE    
       col[2]            INPUT        C11        LVCMOS33          N/A          PULLUP      NONE    
       col[1]            INPUT        D11        LVCMOS33          N/A          PULLUP      NONE    
       col[0]            INPUT        E11        LVCMOS33          N/A          PULLUP      NONE    
  DigitronCS_Out[3]     OUTPUT         A3        LVCMOS33           8            NONE       NONE    
  DigitronCS_Out[2]     OUTPUT         A5        LVCMOS33           8            NONE       NONE    
  DigitronCS_Out[1]     OUTPUT         B6        LVCMOS33           8            NONE       NONE    
  DigitronCS_Out[0]     OUTPUT         C9        LVCMOS33           8            NONE       NONE    
   Digitron_Out[7]      OUTPUT         C8        LVCMOS33           8            NONE       NONE    
   Digitron_Out[6]      OUTPUT         A8        LVCMOS33           8            NONE       NONE    
   Digitron_Out[5]      OUTPUT         B5        LVCMOS33           8            NONE       NONE    
   Digitron_Out[4]      OUTPUT         A7        LVCMOS33           8            NONE       NONE    
   Digitron_Out[3]      OUTPUT         E8        LVCMOS33           8            NONE       NONE    
   Digitron_Out[2]      OUTPUT         B8        LVCMOS33           8            NONE       NONE    
   Digitron_Out[1]      OUTPUT         A6        LVCMOS33           8            NONE       NONE    
   Digitron_Out[0]      OUTPUT         A4        LVCMOS33           8            NONE       NONE    
       buzzer           OUTPUT        H11        LVCMOS33           8            NONE       NONE    
        light           OUTPUT        B14        LVCMOS33           8            NONE       NONE    
       row[3]           OUTPUT         D9        LVCMOS33           8            NONE       NONE    
       row[2]           OUTPUT         F9        LVCMOS33           8            NONE       NONE    
       row[1]           OUTPUT        C10        LVCMOS33           8            NONE       NONE    
       row[0]           OUTPUT        E10        LVCMOS33           8            NONE       NONE    

Report Hierarchy Area:
+-------------------------------------------------------------------------------------------+
|Instance |Module                      |le     |lut     |ripple  |seq     |bram    |dsp     |
+-------------------------------------------------------------------------------------------+
|top      |keyboard_instance           |669    |457     |137     |241     |0       |0       |
|  U1     |keyboard_scan               |71     |49      |9       |53      |0       |0       |
|  U2     |key_filter                  |61     |27      |6       |51      |0       |0       |
|  U3     |onehot2binary               |493    |348     |117     |121     |0       |0       |
|  U5     |Digitron_TimeDisplay_module |39     |28      |5       |16      |0       |0       |
+-------------------------------------------------------------------------------------------+


DataNet Average Fanout:

   Index     Fanout    Nets  
    #1         1       405   
    #2         2       164   
    #3         3        40   
    #4         4        30   
    #5        5-10      93   
    #6       11-50      14   
  Average     2.44           

RUN-1002 : start command "export_db keyboard_pr.db"
RUN-1001 : Exported /
RUN-1001 : Exported flow parameters
RUN-1001 : Exported libs
RUN-1001 : Exported entities
RUN-1001 : Exported ports
RUN-1001 : Exported pins
RUN-1001 : Exported instances
RUN-1001 : Exported nets
RUN-1001 : Exported buses
RUN-1001 : Exported models
RUN-1001 : Exported congestions
RUN-1001 : Exported violations
RUN-1001 : Exported timing constraints
RUN-1001 : Exported IO constraints
RUN-1001 : Exported Inst constraints
RUN-1002 : start command "export_bid keyboard_inst.bid"
RUN-1002 : start command "bitgen -bit keyboard.bit -unused_io_status pulldown"
BIT-1003 : Start to generate bitstream. 
BIT-1002 : Bitgen processed 164 unused pads, reserve input tri_state with pulldown
BIT-1002 : Init instances with 16 threads.
BIT-1002 : Init instances completely, inst num: 536
BIT-1002 : Init pips with 16 threads.
BIT-1002 : Init pips completely, net num: 774, pip num: 5473
BIT-1002 : Init feedthrough completely, num: 7
BIT-1003 : Multithreading accelaration with 16 threads.
BIT-1003 : Generate bitstream completely, there are 755 valid insts, and 18126 bits set as '1'.
BIT-1004 : PLL setting string = 0000
BIT-1004 : Generate bits file keyboard.bit.
RUN-1003 : finish command "bitgen -bit keyboard.bit -unused_io_status pulldown" in  1.972520s wall, 11.031250s user + 0.000000s system = 11.031250s CPU (559.2%)

RUN-1004 : used memory is 446 MB, reserved memory is 422 MB, peak memory is 630 MB
RUN-1002 : start command "backup_run_log run.log ../.logs/phy_1/td_20240828_171800.log"
