============================================================
   Tang Dynasty, V5.6.59063
   Copyright (c) 2012-2022 Anlogic
   Executable = E:/Anlogic/TD5.6.59063/bin/td.exe
   Built at =   12:45:13 Sep  6 2022
   Run by =     19234
   Run Date =   Tue Aug 27 22:20:12 2024

   Run on =     ERIKPSW
============================================================
RUN-1002 : start command "open_project keyboard.prj"
RUN-1001 : Print Global Property
RUN-1001 : ---------------------------------------------------------------
RUN-1001 :        Parameters        |  Settings  |  Default Values  |  Note  
RUN-1001 : ---------------------------------------------------------------
RUN-1001 :          message         |  standard  |     standard     |        
RUN-1001 :   mixed_pack_place_flow  |     on     |        on        |        
RUN-1001 :        qor_monitor       |    off     |       off        |        
RUN-1001 :        syn_ip_flow       |    off     |       off        |        
RUN-1001 :          thread          |    auto    |       auto       |        
RUN-1001 : ---------------------------------------------------------------
RUN-1001 : Print Design Property
RUN-1001 : --------------------------------------------------------------
RUN-1001 :        Parameters       |  Settings  |  Default Values  |  Note  
RUN-1001 : --------------------------------------------------------------
RUN-1001 :   default_reg_initial   |    auto    |       auto       |        
RUN-1001 :        infer_add        |     on     |        on        |        
RUN-1001 :        infer_fsm        |    off     |       off        |        
RUN-1001 :        infer_mult       |     on     |        on        |        
RUN-1001 :        infer_ram        |     on     |        on        |        
RUN-1001 :        infer_reg        |     on     |        on        |        
RUN-1001 :   infer_reg_init_value  |     on     |        on        |        
RUN-1001 :        infer_rom        |     on     |        on        |        
RUN-1001 :      infer_shifter      |     on     |        on        |        
RUN-1001 : --------------------------------------------------------------
RUN-1001 : Print Rtl Property
RUN-1001 : --------------------------------------------------------------
RUN-1001 :        Parameters       |  Settings  |  Default Values  |  Note  
RUN-1001 : --------------------------------------------------------------
RUN-1001 :       compress_add      |   ripple   |      ripple      |        
RUN-1001 :        elf_sload        |    off     |       off        |        
RUN-1001 :       fix_undriven      |     0      |        0         |        
RUN-1001 :         flatten         |    off     |       off        |        
RUN-1001 :       gate_sharing      |     on     |        on        |        
RUN-1001 :    hdl_warning_level    |   normal   |      normal      |        
RUN-1001 :   impl_internal_tribuf  |     on     |        on        |        
RUN-1001 :      impl_set_reset     |     on     |        on        |        
RUN-1001 :        infer_gsr        |    off     |       off        |        
RUN-1001 :      keep_hierarchy     |    auto    |       auto       |        
RUN-1001 :        max_fanout       |    9999    |       9999       |        
RUN-1001 :      max_oh2bin_len     |     10     |        10        |        
RUN-1001 :       merge_equal       |     on     |        on        |        
RUN-1001 :       merge_equiv       |     on     |        on        |        
RUN-1001 :        merge_mux        |    off     |       off        |        
RUN-1001 :     min_control_set     |     8      |        8         |        
RUN-1001 :      min_ripple_len     |    auto    |       auto       |        
RUN-1001 :       oh2bin_ratio      |    0.08    |       0.08       |        
RUN-1001 :     opt_adder_fanout    |     on     |        on        |        
RUN-1001 :        opt_arith        |     on     |        on        |        
RUN-1001 :       opt_big_gate      |    off     |       off        |        
RUN-1001 :        opt_const        |     on     |        on        |        
RUN-1001 :      opt_const_mult     |     on     |        on        |        
RUN-1001 :       opt_lessthan      |     on     |        on        |        
RUN-1001 :         opt_mux         |    off     |       off        |        
RUN-1001 :         opt_ram         |    high    |       high       |        
RUN-1001 :      rtl_sim_model      |    off     |       off        |        
RUN-1001 :         seq_syn         |     on     |        on        |        
RUN-1001 : --------------------------------------------------------------
HDL-1007 : analyze verilog file ../../../src/Digitron_TimeDisplay_module.v
HDL-1007 : analyze verilog file ../../../src/key_filter.v
HDL-1007 : analyze verilog file ../../../src/keyboard_instance.v
HDL-1007 : analyze verilog file ../../../src/keyboard_scan.v
HDL-1007 : analyze verilog file ../../../src/onehot2binary.v
RUN-1001 : Project manager successfully analyzed 5 source files.
RUN-1002 : start command "import_device eagle_s20.db -package EG4S20BG256"
ARC-1001 : Device Initialization.
ARC-1001 : ------------------------------------------------------------------
ARC-1001 :            OPTION            |          IO          |   SETTING   
ARC-1001 : ------------------------------------------------------------------
ARC-1001 :   cso_b/cclk/mosi/miso/dout  |  T3/R11/T10/P10/S11  |    gpio    
ARC-1001 :             done             |         P13          |    gpio    
ARC-1001 :           program_b          |          T2          |  dedicate  
ARC-1001 :        tdi/tms/tck/tdo       |   C12/A15/C14/E14    |  dedicate  
ARC-1001 : ------------------------------------------------------------------
ARC-1004 : Device setting, marked 5 dedicate IOs in total.
RUN-1002 : start command "import_db ../syn_1/keyboard_gate.db"
RUN-1001 : Importing database generated by Tang Dynasty, V5.6.59063.
RUN-1001 : Database version number 46140.
RUN-1001 : Import flow parameters
RUN-1001 : Import timing constraints
RUN-1001 : Import IO constraints
RUN-1001 : Import Inst constraints
RUN-1001 : Import design success TD_VERSION=5.6.59063 , DB_VERSION=46140
RUN-1002 : start command "read_sdc"
USR-1002 : read_sdc file_name -help -h -eco
USR-1009 : NO module with IP_SDC ...
RUN-1104 : Import SDC file  finished, there are 0 nets kept by constraints.
RUN-1002 : start command "place"
RUN-1001 : Open license file E:/Anlogic/TD5.6.59063/license/Anlogic.lic
RUN-1001 : Print Global Property
RUN-1001 : ---------------------------------------------------------------
RUN-1001 :        Parameters        |  Settings  |  Default Values  |  Note  
RUN-1001 : ---------------------------------------------------------------
RUN-1001 :          message         |  standard  |     standard     |        
RUN-1001 :   mixed_pack_place_flow  |     on     |        on        |        
RUN-1001 :        qor_monitor       |    off     |       off        |        
RUN-1001 :        syn_ip_flow       |    off     |       off        |        
RUN-1001 :          thread          |    auto    |       auto       |        
RUN-1001 : ---------------------------------------------------------------
RUN-1001 : Print Place Property
RUN-1001 : --------------------------------------------------------------
RUN-1001 :        Parameters       |  Settings  |  Default Values  |  Note  
RUN-1001 : --------------------------------------------------------------
RUN-1001 :      detailed_place     |     on     |        on        |        
RUN-1001 :          effort         |   medium   |      medium      |        
RUN-1001 :         fix_hold        |    off     |       off        |        
RUN-1001 :       legalization      |    ori     |       ori        |        
RUN-1001 :      new_spreading      |     on     |        on        |        
RUN-1001 :        opt_timing       |   medium   |      medium      |        
RUN-1001 :   post_clock_route_opt  |    off     |       off        |        
RUN-1001 :       pr_strategy       |     1      |        1         |        
RUN-1001 :        relaxation       |    1.00    |       1.00       |        
RUN-1001 :         retiming        |    off     |       off        |        
RUN-1001 : --------------------------------------------------------------
PHY-3001 : Placer runs in 16 thread(s).
RUN-1002 : start command "legalize_phy_inst"
SYN-1011 : Flatten model keyboard_instance
RUN-1002 : start command "phys_opt -simplify_lut"
SYN-4024 : Net "clk_50M_dup_5" drives clk pins.
SYN-4024 : Net "U1/scan_clk" drives clk pins.
SYN-4025 : Tag rtl::Net U1/scan_clk as clock net
SYN-4025 : Tag rtl::Net clk_50M_dup_5 as clock net
SYN-4026 : Tagged 2 rtl::Net as clock net
SYN-4015 : Create BUFG instance for clk Net U1/scan_clk to drive 20 clock pins.
PHY-1001 : Populate physical database on model keyboard_instance.
RUN-1001 : There are total 450 instances
RUN-0007 : 223 luts, 149 seqs, 33 mslices, 17 lslices, 24 pads, 0 brams, 0 dsps
RUN-1001 : There are total 547 nets
RUN-1001 : 310 nets have 2 pins
RUN-1001 : 189 nets have [3 - 5] pins
RUN-1001 : 34 nets have [6 - 10] pins
RUN-1001 : 7 nets have [11 - 20] pins
RUN-1001 : 5 nets have [21 - 99] pins
RUN-1001 : 2 nets have 100+ pins
RUN-1001 : Report Control nets information:
RUN-1001 : DFF Distribution
RUN-1001 : ----------------------------------
RUN-1001 :   CE   |  SSR  |  ASR  |  DFF Count  
RUN-1001 : ----------------------------------
RUN-1001 :   No   |  No   |  No   |     81      
RUN-1001 :   No   |  No   |  Yes  |      8      
RUN-1001 :   No   |  Yes  |  No   |     28      
RUN-1001 :   Yes  |  No   |  No   |      0      
RUN-1001 :   Yes  |  No   |  Yes  |     32      
RUN-1001 :   Yes  |  Yes  |  No   |      0      
RUN-1001 : ----------------------------------
RUN-0007 : Control Group Statistic
RUN-0007 : ---------------------------
RUN-0007 :   #CLK  |  #CE  |  #SSR/ASR  
RUN-0007 : ---------------------------
RUN-0007 :    2    |   2   |     3      
RUN-0007 : ---------------------------
RUN-0007 : Control Set = 5
PHY-3001 : Initial placement ...
PHY-3001 : design contains 448 instances, 223 luts, 149 seqs, 50 slices, 5 macros(50 instances: 33 mslices 17 lslices)
PHY-0007 : Cell area utilization is 1%
PHY-3001 : Start timing update ...
RUN-1002 : start command "start_timer -report"
TMR-2505 : Start building timing graph for model keyboard_instance.
TMR-2506 : Build timing graph completely. Port num: 8, tpin num: 1965, tnet num: 545, tinst num: 448, tnode num: 2416, tedge num: 3126.
TMR-2508 : Levelizing timing graph completed, there are 29 levels in total.
TMR-2501 : Timing graph initialized successfully.
TMR-2503 : Start to update net delay, extr mode = 2.
TMR-2504 : Update delay of 545 nets completely.
TMR-2502 : Annotate delay completely, extr mode = 2.
TMR-3001 : Initiate 0 clocks from SDC.
TMR-3004 : Map sdc constraints, there are 0 constraints in total.
TMR-3003 : Constraints initiated successfully.
TMR-3501 : Forward propagation: start to calculate arrival time...
TMR-3502 : Backward propagation: start to calculate required time...
TMR-3503 : Timing propagation completes.
PHY-3001 : End timing update;  0.134101s wall, 0.078125s user + 0.000000s system = 0.078125s CPU (58.3%)

PHY-3001 : Global placement ...
PHY-3001 : Initial: Len = 129850
PHY-3001 : Clustering ...
PHY-3001 : Level 0 #clusters 448.
PHY-3001 : End clustering;  0.000016s wall, 0.000000s user + 0.000000s system = 0.000000s CPU (n/a%)

PHY-3001 : Run with size of 4
PHY-3001 : Cell area utilization is 1%
PHY-3001 : :::0::: Try harder cell spreading with beta_ = 0
PHY-3002 : Step(1): len = 84559, overlap = 0
PHY-3002 : Step(2): len = 49989.5, overlap = 0
PHY-3002 : Step(3): len = 34903.1, overlap = 0
PHY-3002 : Step(4): len = 26485.9, overlap = 0
PHY-3002 : Step(5): len = 20953.2, overlap = 0
PHY-3002 : Step(6): len = 18029.9, overlap = 0
PHY-3002 : Step(7): len = 18067.5, overlap = 0
PHY-3002 : Step(8): len = 16057.5, overlap = 0
PHY-3002 : Step(9): len = 15836.4, overlap = 0
PHY-3002 : Step(10): len = 15979, overlap = 0
PHY-3002 : Step(11): len = 15435.4, overlap = 0
PHY-3002 : Step(12): len = 15324.8, overlap = 0
PHY-3002 : Step(13): len = 14314.6, overlap = 0
PHY-3002 : Step(14): len = 13996, overlap = 0
PHY-3002 : Step(15): len = 14112.2, overlap = 0
PHY-3002 : Step(16): len = 13930.7, overlap = 0
PHY-3002 : Step(17): len = 13993.7, overlap = 0
PHY-3002 : Step(18): len = 14199.7, overlap = 0
PHY-3002 : Step(19): len = 13094.9, overlap = 0
PHY-3002 : Step(20): len = 12498.1, overlap = 0
PHY-3002 : Step(21): len = 12579.9, overlap = 0
PHY-3002 : Step(22): len = 11908.4, overlap = 0
PHY-3002 : Step(23): len = 11329, overlap = 0
PHY-3002 : Step(24): len = 11444.6, overlap = 0
PHY-3002 : Step(25): len = 11524.7, overlap = 0
PHY-3002 : Step(26): len = 10511.6, overlap = 0
PHY-3002 : Step(27): len = 10676.7, overlap = 0
PHY-3002 : Step(28): len = 10555.9, overlap = 0
PHY-3002 : Step(29): len = 10188, overlap = 0
PHY-3002 : Step(30): len = 10263.6, overlap = 0
PHY-3002 : Step(31): len = 10097.7, overlap = 0
PHY-3002 : Step(32): len = 10173.5, overlap = 0
PHY-3002 : Step(33): len = 10316.8, overlap = 0
PHY-3002 : Step(34): len = 9760.3, overlap = 0
PHY-3002 : Step(35): len = 9783.8, overlap = 0
PHY-3002 : Step(36): len = 9914.9, overlap = 0
PHY-3002 : Step(37): len = 9010.1, overlap = 0
PHY-3002 : Step(38): len = 9190.4, overlap = 0
PHY-3002 : Step(39): len = 9315, overlap = 0
PHY-3001 : Legalization ...
PHY-3001 : End legalization;  0.004234s wall, 0.000000s user + 0.000000s system = 0.000000s CPU (n/a%)

PHY-3001 : Run with size of 4
PHY-3001 : Cell area utilization is 2%
PHY-3001 : Update timing in Manhattan mode ...
TMR-2503 : Start to update net delay, extr mode = 3.
TMR-2504 : Update delay of 545 nets completely.
TMR-2502 : Annotate delay completely, extr mode = 3.
TMR-3501 : Forward propagation: start to calculate arrival time...
TMR-3502 : Backward propagation: start to calculate required time...
TMR-3503 : Timing propagation completes.
PHY-3001 : End timing update;  0.005684s wall, 0.000000s user + 0.000000s system = 0.000000s CPU (n/a%)

PHY-3001 : :::0::: Try harder cell spreading with beta_ = 0
PHY-3002 : Step(40): len = 8693.7, overlap = 0.1875
PHY-3002 : Step(41): len = 8739, overlap = 0.125
PHY-3002 : Step(42): len = 8782.7, overlap = 0.125
PHY-3001 : Run with size of 2
PHY-3001 : Cell area utilization is 2%
PHY-3001 : Update timing in Manhattan mode ...
TMR-2503 : Start to update net delay, extr mode = 3.
TMR-2504 : Update delay of 545 nets completely.
TMR-2502 : Annotate delay completely, extr mode = 3.
TMR-3501 : Forward propagation: start to calculate arrival time...
TMR-3502 : Backward propagation: start to calculate required time...
TMR-3503 : Timing propagation completes.
PHY-3001 : End timing update;  0.005114s wall, 0.000000s user + 0.000000s system = 0.000000s CPU (n/a%)

PHY-3001 : :::0::: Try harder cell spreading with beta_ = 0.000223343
PHY-3002 : Step(43): len = 8651, overlap = 6.8125
PHY-3002 : Step(44): len = 8775.1, overlap = 7.03125
PHY-3002 : Step(45): len = 8823.7, overlap = 7.09375
PHY-3001 : :::1::: Try harder cell spreading with beta_ = 0.000446686
PHY-3002 : Step(46): len = 8673.7, overlap = 7.21875
PHY-3002 : Step(47): len = 8710.3, overlap = 7.40625
PHY-3001 : :::2::: Try harder cell spreading with beta_ = 0.000893372
PHY-3002 : Step(48): len = 8607.7, overlap = 7.59375
PHY-3002 : Step(49): len = 8607.7, overlap = 7.59375
OPT-1001 : Start physical optimization ...
RUN-1002 : start command "start_timer -report"
TMR-2505 : Start building timing graph for model keyboard_instance.
TMR-2506 : Build timing graph completely. Port num: 8, tpin num: 1965, tnet num: 545, tinst num: 448, tnode num: 2416, tedge num: 3126.
TMR-2508 : Levelizing timing graph completed, there are 29 levels in total.
TMR-2501 : Timing graph initialized successfully.
OPT-1001 : Total overflow 27.97 peak overflow 2.47
OPT-1001 : Start high-fanout net optimization ...
OPT-1001 : Update timing in global mode
PHY-1001 : Start incremental global routing, caller is place ...
RUN-1001 : Generating global routing grids ...
RUN-1001 : Building simple global routing graph ...
PHY-1001 : Generate routing nets ...
PHY-1001 : Reuse net number 0/547.
PHY-1001 : Global iterations in 16 thread ...
PHY-1002 : len = 8928, over cnt = 35(0%), over = 116, worst = 7
PHY-1001 : End global iterations;  0.025282s wall, 0.000000s user + 0.000000s system = 0.000000s CPU (n/a%)

PHY-1001 : Congestion index: top1 = 15.47, top5 = 5.67, top10 = 2.88, top15 = 1.92.
PHY-1001 : End incremental global routing;  0.072869s wall, 0.015625s user + 0.000000s system = 0.015625s CPU (21.4%)

TMR-2503 : Start to update net delay, extr mode = 5.
TMR-2504 : Update delay of 545 nets completely.
TMR-2502 : Annotate delay completely, extr mode = 5.
TMR-3001 : Initiate 0 clocks from SDC.
TMR-3004 : Map sdc constraints, there are 0 constraints in total.
TMR-3003 : Constraints initiated successfully.
TMR-3501 : Forward propagation: start to calculate arrival time...
TMR-3502 : Backward propagation: start to calculate required time...
TMR-3503 : Timing propagation completes.
OPT-1001 : End timing update;  0.007239s wall, 0.015625s user + 0.000000s system = 0.015625s CPU (215.8%)

OPT-1001 : 0 high-fanout net processed.
OPT-1001 : End high-fanout net optimization;  0.088193s wall, 0.031250s user + 0.000000s system = 0.031250s CPU (35.4%)

OPT-1001 : Current memory(MB): used = 141, reserve = 115, peak = 141.
OPT-1001 : Start global optimization ...
OPT-1001 : Start congestion update ...
RUN-1001 : Generating global routing grids ...
PHY-1001 : Generate routing nets ...
PHY-1001 : Reuse net number 266/547.
PHY-1001 : Global iterations in 16 thread ...
PHY-1002 : len = 8928, over cnt = 35(0%), over = 116, worst = 7
PHY-1002 : len = 9952, over cnt = 9(0%), over = 11, worst = 2
PHY-1002 : len = 10120, over cnt = 0(0%), over = 0, worst = 0
PHY-1001 : End global iterations;  0.019769s wall, 0.000000s user + 0.000000s system = 0.000000s CPU (n/a%)

PHY-1001 : Congestion index: top1 = 14.94, top5 = 6.14, top10 = 3.17, top15 = 2.11.
OPT-1001 : End congestion update;  0.058599s wall, 0.015625s user + 0.000000s system = 0.015625s CPU (26.7%)

OPT-1001 : Update timing in Manhattan mode
TMR-2503 : Start to update net delay, extr mode = 3.
TMR-2504 : Update delay of 545 nets completely.
TMR-2502 : Annotate delay completely, extr mode = 3.
TMR-3501 : Forward propagation: start to calculate arrival time...
TMR-3502 : Backward propagation: start to calculate required time...
TMR-3503 : Timing propagation completes.
OPT-1001 : End timing update;  0.005385s wall, 0.000000s user + 0.000000s system = 0.000000s CPU (n/a%)

OPT-0007 : Start: WNS 2147483647 TNS 0 NUM_FEPS 0
OPT-1001 : End global optimization;  0.064069s wall, 0.015625s user + 0.000000s system = 0.015625s CPU (24.4%)

OPT-1001 : Current memory(MB): used = 142, reserve = 116, peak = 142.
OPT-1001 : End physical optimization;  0.303880s wall, 0.093750s user + 0.000000s system = 0.093750s CPU (30.9%)

PHY-3001 : Start packing ...
SYN-4007 : Packing 0 MUX to BLE ...
SYN-4008 : Packed 0 MUX and 0 SEQ to BLE.
SYN-4007 : Packing 223 LUT to BLE ...
SYN-4008 : Packed 223 LUT and 87 SEQ to BLE.
SYN-4003 : Packing 62 remaining SEQ's ...
SYN-4005 : Packed 36 SEQ with LUT/SLICE
SYN-4006 : 102 single LUT's are left
SYN-4006 : 26 single SEQ's are left
SYN-4011 : Packing model "keyboard_instance" (AL_USER_NORMAL) with 249/327 primitive instances ...
PHY-3001 : End packing;  0.012986s wall, 0.000000s user + 0.000000s system = 0.000000s CPU (n/a%)

PHY-1001 : Populate physical database on model keyboard_instance.
RUN-1001 : There are total 211 instances
RUN-1001 : 91 mslices, 92 lslices, 24 pads, 0 brams, 0 dsps
RUN-1001 : There are total 460 nets
RUN-1001 : 220 nets have 2 pins
RUN-1001 : 189 nets have [3 - 5] pins
RUN-1001 : 37 nets have [6 - 10] pins
RUN-1001 : 9 nets have [11 - 20] pins
RUN-1001 : 3 nets have [21 - 99] pins
RUN-1001 : 2 nets have 100+ pins
PHY-3001 : design contains 209 instances, 183 slices, 5 macros(50 instances: 33 mslices 17 lslices)
PHY-3001 : Cell area utilization is 2%
PHY-3001 : After packing: Len = 8859.4, Over = 12.5
PHY-3001 : Run with size of 2
PHY-3001 : Cell area utilization is 2%
PHY-3001 : Update timing in Manhattan mode ...
RUN-1002 : start command "start_timer -report"
TMR-2505 : Start building timing graph for model keyboard_instance.
TMR-2506 : Build timing graph completely. Port num: 8, tpin num: 1699, tnet num: 458, tinst num: 209, tnode num: 2042, tedge num: 2830.
TMR-2508 : Levelizing timing graph completed, there are 27 levels in total.
TMR-2501 : Timing graph initialized successfully.
TMR-2503 : Start to update net delay, extr mode = 3.
TMR-2504 : Update delay of 458 nets completely.
TMR-2502 : Annotate delay completely, extr mode = 3.
TMR-3001 : Initiate 0 clocks from SDC.
TMR-3004 : Map sdc constraints, there are 0 constraints in total.
TMR-3003 : Constraints initiated successfully.
TMR-3501 : Forward propagation: start to calculate arrival time...
TMR-3502 : Backward propagation: start to calculate required time...
TMR-3503 : Timing propagation completes.
PHY-3001 : End timing update;  0.145305s wall, 0.093750s user + 0.000000s system = 0.093750s CPU (64.5%)

PHY-3001 : :::0::: Try harder cell spreading with beta_ = 6.16903e-05
PHY-3002 : Step(50): len = 8786.2, overlap = 11
PHY-3002 : Step(51): len = 8819.4, overlap = 10.75
PHY-3002 : Step(52): len = 8818.2, overlap = 10.75
PHY-3001 : :::1::: Try harder cell spreading with beta_ = 0.000123381
PHY-3002 : Step(53): len = 8710, overlap = 11.25
PHY-3002 : Step(54): len = 8732.5, overlap = 11.25
PHY-3002 : Step(55): len = 8854.9, overlap = 10.75
PHY-3001 : :::2::: Try harder cell spreading with beta_ = 0.000246761
PHY-3002 : Step(56): len = 8800.6, overlap = 11.25
PHY-3002 : Step(57): len = 8817.4, overlap = 11.25
PHY-3002 : Step(58): len = 8847.7, overlap = 12.25
PHY-3001 : Legalization ...
PHY-3001 : End legalization;  0.045348s wall, 0.000000s user + 0.015625s system = 0.015625s CPU (34.5%)

PHY-3001 : Trial Legalized: Len = 13607
PHY-3001 : Run with size of 2
PHY-3001 : Cell area utilization is 2%
PHY-3001 : Update timing in Manhattan mode ...
TMR-2503 : Start to update net delay, extr mode = 3.
TMR-2504 : Update delay of 458 nets completely.
TMR-2502 : Annotate delay completely, extr mode = 3.
TMR-3501 : Forward propagation: start to calculate arrival time...
TMR-3502 : Backward propagation: start to calculate required time...
TMR-3503 : Timing propagation completes.
PHY-3001 : End timing update;  0.004893s wall, 0.000000s user + 0.000000s system = 0.000000s CPU (n/a%)

PHY-3001 : :::0::: Try harder cell spreading with beta_ = 0
PHY-3002 : Step(59): len = 10315.9, overlap = 5.25
PHY-3002 : Step(60): len = 9169.5, overlap = 10.25
PHY-3002 : Step(61): len = 8763, overlap = 10.5
PHY-3002 : Step(62): len = 8776.4, overlap = 11
PHY-3002 : Step(63): len = 8816.8, overlap = 11.75
PHY-3001 : :::1::: Try harder cell spreading with beta_ = 7.27946e-05
PHY-3002 : Step(64): len = 8721.4, overlap = 11.75
PHY-3002 : Step(65): len = 8741.2, overlap = 11.25
PHY-3002 : Step(66): len = 8738.9, overlap = 11
PHY-3001 : :::2::: Try harder cell spreading with beta_ = 0.000145589
PHY-3002 : Step(67): len = 8607.5, overlap = 11
PHY-3002 : Step(68): len = 8607.5, overlap = 11
PHY-3001 : Legalization ...
PHY-3001 : End legalization;  0.005026s wall, 0.015625s user + 0.000000s system = 0.015625s CPU (310.9%)

PHY-3001 : Legalized: Len = 11160.4, Over = 0
PHY-3001 : Spreading special nets. 1 overflows in 2952 tiles.
PHY-3001 : End spreading;  0.002478s wall, 0.000000s user + 0.000000s system = 0.000000s CPU (n/a%)

PHY-3001 : 2 instances has been re-located, deltaX = 0, deltaY = 2, maxDist = 1.
PHY-3001 : Final: Len = 11170.4, Over = 0
OPT-1001 : Start physical optimization ...
RUN-1002 : start command "start_timer -report"
TMR-2505 : Start building timing graph for model keyboard_instance.
TMR-2506 : Build timing graph completely. Port num: 8, tpin num: 1699, tnet num: 458, tinst num: 209, tnode num: 2042, tedge num: 2830.
TMR-2508 : Levelizing timing graph completed, there are 27 levels in total.
TMR-2501 : Timing graph initialized successfully.
OPT-1001 : Total overflow 0.00 peak overflow 0.00
OPT-1001 : Start high-fanout net optimization ...
OPT-1001 : Update timing in global mode
PHY-1001 : Start incremental global routing, caller is place ...
RUN-1001 : Generating global routing grids ...
PHY-1001 : Generate routing nets ...
PHY-1001 : Reuse net number 13/460.
PHY-1001 : Global iterations in 16 thread ...
PHY-1002 : len = 12160, over cnt = 28(0%), over = 47, worst = 3
PHY-1002 : len = 12448, over cnt = 9(0%), over = 11, worst = 2
PHY-1002 : len = 12608, over cnt = 1(0%), over = 1, worst = 1
PHY-1002 : len = 12616, over cnt = 0(0%), over = 0, worst = 0
PHY-1001 : End global iterations;  0.038549s wall, 0.000000s user + 0.015625s system = 0.015625s CPU (40.5%)

PHY-1001 : Congestion index: top1 = 17.35, top5 = 7.82, top10 = 4.17, top15 = 2.78.
PHY-1001 : End incremental global routing;  0.078221s wall, 0.000000s user + 0.015625s system = 0.015625s CPU (20.0%)

TMR-2503 : Start to update net delay, extr mode = 5.
TMR-2504 : Update delay of 458 nets completely.
TMR-2502 : Annotate delay completely, extr mode = 5.
TMR-3001 : Initiate 0 clocks from SDC.
TMR-3004 : Map sdc constraints, there are 0 constraints in total.
TMR-3003 : Constraints initiated successfully.
TMR-3501 : Forward propagation: start to calculate arrival time...
TMR-3502 : Backward propagation: start to calculate required time...
TMR-3503 : Timing propagation completes.
OPT-1001 : End timing update;  0.006852s wall, 0.000000s user + 0.000000s system = 0.000000s CPU (n/a%)

OPT-1001 : 0 high-fanout net processed.
OPT-1001 : End high-fanout net optimization;  0.089779s wall, 0.000000s user + 0.015625s system = 0.015625s CPU (17.4%)

OPT-1001 : Current memory(MB): used = 144, reserve = 118, peak = 145.
OPT-1001 : Start path based optimization ...
OPT-1001 : Start congestion update ...
RUN-1001 : Generating global routing grids ...
PHY-1001 : Generate routing nets ...
PHY-1001 : Reuse net number 360/460.
PHY-1001 : Global iterations in 16 thread ...
PHY-1002 : len = 12616, over cnt = 0(0%), over = 0, worst = 0
PHY-1001 : End global iterations;  0.001598s wall, 0.000000s user + 0.000000s system = 0.000000s CPU (n/a%)

PHY-1001 : Congestion index: top1 = 17.35, top5 = 7.82, top10 = 4.17, top15 = 2.78.
OPT-1001 : End congestion update;  0.044152s wall, 0.031250s user + 0.000000s system = 0.031250s CPU (70.8%)

OPT-1001 : Update timing in Manhattan mode
TMR-2503 : Start to update net delay, extr mode = 3.
TMR-2504 : Update delay of 458 nets completely.
TMR-2502 : Annotate delay completely, extr mode = 3.
TMR-3501 : Forward propagation: start to calculate arrival time...
TMR-3502 : Backward propagation: start to calculate required time...
TMR-3503 : Timing propagation completes.
OPT-1001 : End timing update;  0.005311s wall, 0.015625s user + 0.000000s system = 0.015625s CPU (294.2%)

OPT-0007 : Start: WNS 2147483647 TNS 0 NUM_FEPS 0
OPT-1001 : End path based optimization;  0.049543s wall, 0.046875s user + 0.000000s system = 0.046875s CPU (94.6%)

OPT-1001 : Current memory(MB): used = 145, reserve = 119, peak = 145.
OPT-1001 : Update timing in Manhattan mode
TMR-2503 : Start to update net delay, extr mode = 3.
TMR-2504 : Update delay of 458 nets completely.
TMR-2502 : Annotate delay completely, extr mode = 3.
TMR-3501 : Forward propagation: start to calculate arrival time...
TMR-3502 : Backward propagation: start to calculate required time...
TMR-3503 : Timing propagation completes.
OPT-1001 : End timing update;  0.004144s wall, 0.000000s user + 0.000000s system = 0.000000s CPU (n/a%)

OPT-1001 : Start pin optimization...
OPT-1001 : skip pin optimization...
OPT-1001 : Update timing in global mode
PHY-1001 : Start incremental global routing, caller is place ...
RUN-1001 : Generating global routing grids ...
PHY-1001 : Generate routing nets ...
PHY-1001 : Reuse net number 360/460.
PHY-1001 : Global iterations in 16 thread ...
PHY-1002 : len = 12616, over cnt = 0(0%), over = 0, worst = 0
PHY-1001 : End global iterations;  0.001388s wall, 0.000000s user + 0.000000s system = 0.000000s CPU (n/a%)

PHY-1001 : Congestion index: top1 = 17.35, top5 = 7.82, top10 = 4.17, top15 = 2.78.
PHY-1001 : End incremental global routing;  0.039837s wall, 0.031250s user + 0.000000s system = 0.031250s CPU (78.4%)

TMR-2503 : Start to update net delay, extr mode = 5.
TMR-2504 : Update delay of 458 nets completely.
TMR-2502 : Annotate delay completely, extr mode = 5.
TMR-3501 : Forward propagation: start to calculate arrival time...
TMR-3502 : Backward propagation: start to calculate required time...
TMR-3503 : Timing propagation completes.
OPT-1001 : End timing update;  0.007703s wall, 0.000000s user + 0.000000s system = 0.000000s CPU (n/a%)

RUN-1001 : Generating global routing grids ...
PHY-1001 : Generate routing nets ...
PHY-1001 : Reuse net number 360/460.
PHY-1001 : Global iterations in 16 thread ...
PHY-1002 : len = 12616, over cnt = 0(0%), over = 0, worst = 0
PHY-1001 : End global iterations;  0.001473s wall, 0.000000s user + 0.000000s system = 0.000000s CPU (n/a%)

PHY-1001 : Congestion index: top1 = 17.35, top5 = 7.82, top10 = 4.17, top15 = 2.78.
OPT-1001 : Update timing in Manhattan mode
TMR-2503 : Start to update net delay, extr mode = 3.
TMR-2504 : Update delay of 458 nets completely.
TMR-2502 : Annotate delay completely, extr mode = 3.
TMR-3501 : Forward propagation: start to calculate arrival time...
TMR-3502 : Backward propagation: start to calculate required time...
TMR-3503 : Timing propagation completes.
OPT-1001 : End timing update;  0.008651s wall, 0.000000s user + 0.000000s system = 0.000000s CPU (n/a%)

RUN-1001 : QoR Analysis:
OPT-0007 :   WNS 2147483647 TNS 0 NUM_FEPS 0
RUN-1001 :   No local congestion issue, and most congested 1% tile average routing util is 16.965517
RUN-1001 :   Top critical paths
OPT-1001 : End physical optimization;  0.378295s wall, 0.218750s user + 0.031250s system = 0.250000s CPU (66.1%)

RUN-1003 : finish command "place" in  2.566575s wall, 0.828125s user + 0.437500s system = 1.265625s CPU (49.3%)

RUN-1004 : used memory is 128 MB, reserved memory is 102 MB, peak memory is 145 MB
RUN-1002 : start command "export_db keyboard_place.db"
RUN-1001 : Exported /
RUN-1001 : Exported flow parameters
RUN-1001 : Exported libs
RUN-1001 : Exported entities
RUN-1001 : Exported ports
RUN-1001 : Exported pins
RUN-1001 : Exported instances
RUN-1001 : Exported nets
RUN-1001 : Exported buses
RUN-1001 : Exported models
RUN-1001 : Exported congestions
RUN-1001 : Exported violations
RUN-1001 : Exported timing constraints
RUN-1001 : Exported IO constraints
RUN-1001 : Exported Inst constraints
RUN-1002 : start command "route"
RUN-1001 : Open license file E:/Anlogic/TD5.6.59063/license/Anlogic.lic
RUN-1001 : Print Global Property
RUN-1001 : ---------------------------------------------------------------
RUN-1001 :        Parameters        |  Settings  |  Default Values  |  Note  
RUN-1001 : ---------------------------------------------------------------
RUN-1001 :          message         |  standard  |     standard     |        
RUN-1001 :   mixed_pack_place_flow  |     on     |        on        |        
RUN-1001 :        qor_monitor       |    off     |       off        |        
RUN-1001 :        syn_ip_flow       |    off     |       off        |        
RUN-1001 :          thread          |    auto    |       auto       |        
RUN-1001 : ---------------------------------------------------------------
RUN-1001 : Print Route Property
RUN-1001 : -------------------------------------------------------
RUN-1001 :    Parameters    |  Settings  |  Default Values  |  Note  
RUN-1001 : -------------------------------------------------------
RUN-1001 :      effort      |   medium   |      medium      |        
RUN-1001 :     fix_hold     |    off     |       off        |        
RUN-1001 :    opt_timing    |   medium   |      medium      |        
RUN-1001 :   phy_sim_model  |    off     |       off        |        
RUN-1001 :     priority     |   timing   |      timing      |        
RUN-1001 :     swap_pin     |     on     |        on        |        
RUN-1001 : -------------------------------------------------------
PHY-1001 : Route runs in 16 thread(s)
RUN-1001 : There are total 211 instances
RUN-1001 : 91 mslices, 92 lslices, 24 pads, 0 brams, 0 dsps
RUN-1001 : There are total 460 nets
RUN-1001 : 220 nets have 2 pins
RUN-1001 : 189 nets have [3 - 5] pins
RUN-1001 : 37 nets have [6 - 10] pins
RUN-1001 : 9 nets have [11 - 20] pins
RUN-1001 : 3 nets have [21 - 99] pins
RUN-1001 : 2 nets have 100+ pins
RUN-1002 : start command "start_timer -report"
TMR-2505 : Start building timing graph for model keyboard_instance.
TMR-2506 : Build timing graph completely. Port num: 8, tpin num: 1699, tnet num: 458, tinst num: 209, tnode num: 2042, tedge num: 2830.
TMR-2508 : Levelizing timing graph completed, there are 27 levels in total.
TMR-2501 : Timing graph initialized successfully.
PHY-1001 : 91 mslices, 92 lslices, 24 pads, 0 brams, 0 dsps
TMR-2503 : Start to update net delay, extr mode = 3.
TMR-2504 : Update delay of 458 nets completely.
TMR-2502 : Annotate delay completely, extr mode = 3.
TMR-3001 : Initiate 0 clocks from SDC.
TMR-3004 : Map sdc constraints, there are 0 constraints in total.
TMR-3003 : Constraints initiated successfully.
TMR-3501 : Forward propagation: start to calculate arrival time...
TMR-3502 : Backward propagation: start to calculate required time...
TMR-3503 : Timing propagation completes.
PHY-1001 : Start global routing, caller is route ...
RUN-1001 : Generating global routing grids ...
PHY-1001 : Generate routing nets ...
PHY-1001 : Global iterations in 16 thread ...
PHY-1002 : len = 12112, over cnt = 29(0%), over = 48, worst = 3
PHY-1002 : len = 12400, over cnt = 9(0%), over = 11, worst = 2
PHY-1002 : len = 12576, over cnt = 0(0%), over = 0, worst = 0
PHY-1001 : End global iterations;  0.047097s wall, 0.000000s user + 0.015625s system = 0.015625s CPU (33.2%)

PHY-1001 : Congestion index: top1 = 17.28, top5 = 7.80, top10 = 4.15, top15 = 2.77.
PHY-1001 : End global routing;  0.092945s wall, 0.015625s user + 0.015625s system = 0.031250s CPU (33.6%)

PHY-1001 : Start detail routing ...
PHY-1001 : Current memory(MB): used = 164, reserve = 138, peak = 179.
PHY-1001 : Detailed router is running in normal mode.
PHY-1001 : Generate detailed routing grids ...
PHY-1001 : Generate nets ...
PHY-1001 : net clk_50M_dup_5 will be routed on clock mesh
PHY-1001 : clock net U1/scan_clk_syn_4 will be merged with clock U1/scan_clk
PHY-1001 : Current memory(MB): used = 432, reserve = 410, peak = 432.
PHY-1001 : End build detailed router design. 4.374036s wall, 2.187500s user + 0.218750s system = 2.406250s CPU (55.0%)

PHY-1001 : Detail Route ...
PHY-1001 : ===== Detail Route Phase 1 =====
PHY-1001 : Clock net routing.....
PHY-1001 : Routed 0% nets.
PHY-1022 : len = 6232, over cnt = 0(0%), over = 0, worst = 0, crit = 0
PHY-1001 : End initial clock net routed; 0.467363s wall, 0.218750s user + 0.031250s system = 0.250000s CPU (53.5%)

PHY-1001 : Current memory(MB): used = 462, reserve = 441, peak = 462.
PHY-1001 : End phase 1; 0.473254s wall, 0.218750s user + 0.031250s system = 0.250000s CPU (52.8%)

PHY-1001 : ===== Detail Route Phase 2 =====
PHY-1001 : Initial routing.....
PHY-1001 : Routed 23% nets.
PHY-1001 : Routed 31% nets.
PHY-1001 : Routed 32% nets.
PHY-1001 : Patch 240 net; 0.247496s wall, 0.234375s user + 0.000000s system = 0.234375s CPU (94.7%)

PHY-1022 : len = 26872, over cnt = 21(0%), over = 21, worst = 1, crit = 0
PHY-1001 : Current memory(MB): used = 462, reserve = 441, peak = 462.
PHY-1001 : End initial routed; 0.310604s wall, 0.265625s user + 0.046875s system = 0.312500s CPU (100.6%)

PHY-1001 : Update timing.....
PHY-1001 : 0/389(0%) critical/total net(s).
RUN-1001 : ------------------------------------------
RUN-1001 :   Type   |    WNS(ns)    |  TNS(ns)  |  FEP  
RUN-1001 : ------------------------------------------
RUN-1001 :   Setup  |  2147483.647  |   0.000   |   0   
RUN-1001 :   Hold   |  2147483.647  |   0.000   |   0   
RUN-1001 : ------------------------------------------
PHY-1001 : End update timing; 0.187243s wall, 0.156250s user + 0.000000s system = 0.156250s CPU (83.4%)

PHY-1001 : Current memory(MB): used = 463, reserve = 442, peak = 463.
PHY-1001 : End phase 2; 0.497959s wall, 0.421875s user + 0.046875s system = 0.468750s CPU (94.1%)

PHY-1001 : ===== Detail Route Phase 3 =====
PHY-1001 : Optimize timing.....
PHY-1022 : len = 26872, over cnt = 21(0%), over = 21, worst = 1, crit = 0
PHY-1001 : End optimize timing; 0.004902s wall, 0.000000s user + 0.000000s system = 0.000000s CPU (n/a%)

PHY-1001 : Ripup-reroute.....
PHY-1001 : ===== DR Iter 1 =====
PHY-1022 : len = 26896, over cnt = 1(0%), over = 1, worst = 1, crit = 0
PHY-1001 : End DR Iter 1; 0.026828s wall, 0.000000s user + 0.000000s system = 0.000000s CPU (n/a%)

PHY-1001 : ===== DR Iter 2 =====
PHY-1022 : len = 26904, over cnt = 0(0%), over = 0, worst = 0, crit = 0
PHY-1001 : End DR Iter 2; 0.015760s wall, 0.000000s user + 0.000000s system = 0.000000s CPU (n/a%)

PHY-1001 : Update timing.....
PHY-1001 : 0/389(0%) critical/total net(s).
RUN-1001 : ------------------------------------------
RUN-1001 :   Type   |    WNS(ns)    |  TNS(ns)  |  FEP  
RUN-1001 : ------------------------------------------
RUN-1001 :   Setup  |  2147483.647  |   0.000   |   0   
RUN-1001 :   Hold   |  2147483.647  |   0.000   |   0   
RUN-1001 : ------------------------------------------
PHY-1001 : End update timing; 0.170423s wall, 0.078125s user + 0.000000s system = 0.078125s CPU (45.8%)

PHY-1001 : Commit to database.....
PHY-1001 : 7 feed throughs used by 6 nets
PHY-1001 : End commit to database; 0.053680s wall, 0.015625s user + 0.000000s system = 0.015625s CPU (29.1%)

PHY-1001 : Current memory(MB): used = 473, reserve = 452, peak = 473.
PHY-1001 : End phase 3; 0.425959s wall, 0.187500s user + 0.031250s system = 0.218750s CPU (51.4%)

PHY-1003 : Routed, final wirelength = 26904
PHY-1001 : Current memory(MB): used = 473, reserve = 452, peak = 473.
PHY-1001 : End export database. 0.006668s wall, 0.000000s user + 0.000000s system = 0.000000s CPU (n/a%)

PHY-1001 : End detail routing;  6.016323s wall, 3.062500s user + 0.375000s system = 3.437500s CPU (57.1%)

RUN-1003 : finish command "route" in  6.378630s wall, 3.265625s user + 0.390625s system = 3.656250s CPU (57.3%)

RUN-1004 : used memory is 416 MB, reserved memory is 394 MB, peak memory is 473 MB
RUN-1002 : start command "report_area -io_info -file keyboard_phy.area"
RUN-1001 : standard
***Report Model: keyboard_instance Device: EG4S20BG256***

IO Statistics
#IO                        24
  #input                    6
  #output                  18
  #inout                    0

Utilization Statistics
#lut                      327   out of  19600    1.67%
#reg                      177   out of  19600    0.90%
#le                       353
  #lut only               176   out of    353   49.86%
  #reg only                26   out of    353    7.37%
  #lut&reg                151   out of    353   42.78%
#dsp                        0   out of     29    0.00%
#bram                       0   out of     64    0.00%
  #bram9k                   0
  #fifo9k                   0
#bram32k                    0   out of     16    0.00%
#pad                       24   out of    188   12.77%
  #ireg                     0
  #oreg                     0
  #treg                     0
#pll                        0   out of      4    0.00%
#gclk                       2   out of     16   12.50%

Clock Resource Statistics
Index     ClockNet         Type               DriverType         Driver                      Fanout
#1        clk_50M_dup_5    GCLK               io                 clk_50M_syn_6.di            93
#2        U1/scan_clk      GCLK               lslice             U1/scan_clk_reg_syn_9.q1    11


Detailed IO Report

        Name           Direction    Location    IOStandard    DriveStrength    PullType    PackReg  
        RSTn             INPUT         A9        LVCMOS33          N/A          PULLUP      NONE    
       clk_50M           INPUT         R7        LVCMOS33          N/A          PULLUP      NONE    
       col[3]            INPUT        F10        LVCMOS33          N/A          PULLUP      NONE    
       col[2]            INPUT        C11        LVCMOS33          N/A          PULLUP      NONE    
       col[1]            INPUT        D11        LVCMOS33          N/A          PULLUP      NONE    
       col[0]            INPUT        E11        LVCMOS33          N/A          PULLUP      NONE    
  DigitronCS_Out[3]     OUTPUT         A3        LVCMOS33           8            NONE       NONE    
  DigitronCS_Out[2]     OUTPUT         A5        LVCMOS33           8            NONE       NONE    
  DigitronCS_Out[1]     OUTPUT         B6        LVCMOS33           8            NONE       NONE    
  DigitronCS_Out[0]     OUTPUT         C9        LVCMOS33           8            NONE       NONE    
   Digitron_Out[7]      OUTPUT         C8        LVCMOS33           8            NONE       NONE    
   Digitron_Out[6]      OUTPUT         A8        LVCMOS33           8            NONE       NONE    
   Digitron_Out[5]      OUTPUT         B5        LVCMOS33           8            NONE       NONE    
   Digitron_Out[4]      OUTPUT         A7        LVCMOS33           8            NONE       NONE    
   Digitron_Out[3]      OUTPUT         E8        LVCMOS33           8            NONE       NONE    
   Digitron_Out[2]      OUTPUT         B8        LVCMOS33           8            NONE       NONE    
   Digitron_Out[1]      OUTPUT         A6        LVCMOS33           8            NONE       NONE    
   Digitron_Out[0]      OUTPUT         A4        LVCMOS33           8            NONE       NONE    
       buzzer           OUTPUT        H11        LVCMOS33           8            NONE       NONE    
        light           OUTPUT        B14        LVCMOS33           8            NONE       NONE    
       row[3]           OUTPUT         D9        LVCMOS33           8            NONE       NONE    
       row[2]           OUTPUT         F9        LVCMOS33           8            NONE       NONE    
       row[1]           OUTPUT        C10        LVCMOS33           8            NONE       NONE    
       row[0]           OUTPUT        E10        LVCMOS33           8            NONE       NONE    

Report Hierarchy Area:
+-------------------------------------------------------------------------------------------+
|Instance |Module                      |le     |lut     |ripple  |seq     |bram    |dsp     |
+-------------------------------------------------------------------------------------------+
|top      |keyboard_instance           |353    |277     |50      |177     |0       |0       |
|  U1     |keyboard_scan               |71     |50      |9       |53      |0       |0       |
|  U2     |key_filter                  |62     |37      |11      |50      |0       |0       |
|  U3     |onehot2binary               |181    |161     |20      |58      |0       |0       |
|  U5     |Digitron_TimeDisplay_module |34     |24      |10      |16      |0       |0       |
+-------------------------------------------------------------------------------------------+


DataNet Average Fanout:

   Index     Fanout    Nets  
    #1         1       196   
    #2         2       113   
    #3         3        47   
    #4         4        29   
    #5        5-10      40   
    #6       11-50      7    
  Average     2.51           

RUN-1002 : start command "export_db keyboard_pr.db"
RUN-1001 : Exported /
RUN-1001 : Exported flow parameters
RUN-1001 : Exported libs
RUN-1001 : Exported entities
RUN-1001 : Exported ports
RUN-1001 : Exported pins
RUN-1001 : Exported instances
RUN-1001 : Exported nets
RUN-1001 : Exported buses
RUN-1001 : Exported models
RUN-1001 : Exported congestions
RUN-1001 : Exported violations
RUN-1001 : Exported timing constraints
RUN-1001 : Exported IO constraints
RUN-1001 : Exported Inst constraints
RUN-1002 : start command "export_bid keyboard_inst.bid"
RUN-1002 : start command "bitgen -bit keyboard.bit -unused_io_status pulldown"
BIT-1003 : Start to generate bitstream. 
BIT-1002 : Bitgen processed 164 unused pads, reserve input tri_state with pulldown
BIT-1002 : Init instances with 16 threads.
BIT-1002 : Init instances completely, inst num: 373
BIT-1002 : Init pips with 16 threads.
BIT-1002 : Init pips completely, net num: 460, pip num: 3158
BIT-1002 : Init feedthrough completely, num: 7
BIT-1003 : Multithreading accelaration with 16 threads.
BIT-1003 : Generate bitstream completely, there are 580 valid insts, and 10250 bits set as '1'.
BIT-1004 : PLL setting string = 0000
BIT-1004 : Generate bits file keyboard.bit.
RUN-1003 : finish command "bitgen -bit keyboard.bit -unused_io_status pulldown" in  1.157933s wall, 4.343750s user + 0.093750s system = 4.437500s CPU (383.2%)

RUN-1004 : used memory is 423 MB, reserved memory is 402 MB, peak memory is 616 MB
RUN-1002 : start command "backup_run_log run.log ../.logs/phy_1/td_20240827_222012.log"
