============================================================
   Tang Dynasty, V5.6.59063
   Copyright (c) 2012-2022 Anlogic
   Executable = E:/Anlogic/TD5.6.59063/bin/td.exe
   Built at =   12:45:13 Sep  6 2022
   Run by =     19234
   Run Date =   Wed Aug 28 14:29:08 2024

   Run on =     ERIKPSW
============================================================
RUN-1002 : start command "open_project keyboard.prj"
RUN-1001 : Print Global Property
RUN-1001 : ---------------------------------------------------------------
RUN-1001 :        Parameters        |  Settings  |  Default Values  |  Note  
RUN-1001 : ---------------------------------------------------------------
RUN-1001 :          message         |  standard  |     standard     |        
RUN-1001 :   mixed_pack_place_flow  |     on     |        on        |        
RUN-1001 :        qor_monitor       |    off     |       off        |        
RUN-1001 :        syn_ip_flow       |    off     |       off        |        
RUN-1001 :          thread          |    auto    |       auto       |        
RUN-1001 : ---------------------------------------------------------------
RUN-1001 : Print Design Property
RUN-1001 : --------------------------------------------------------------
RUN-1001 :        Parameters       |  Settings  |  Default Values  |  Note  
RUN-1001 : --------------------------------------------------------------
RUN-1001 :   default_reg_initial   |    auto    |       auto       |        
RUN-1001 :        infer_add        |     on     |        on        |        
RUN-1001 :        infer_fsm        |    off     |       off        |        
RUN-1001 :        infer_mult       |     on     |        on        |        
RUN-1001 :        infer_ram        |     on     |        on        |        
RUN-1001 :        infer_reg        |     on     |        on        |        
RUN-1001 :   infer_reg_init_value  |     on     |        on        |        
RUN-1001 :        infer_rom        |     on     |        on        |        
RUN-1001 :      infer_shifter      |     on     |        on        |        
RUN-1001 : --------------------------------------------------------------
RUN-1001 : Print Rtl Property
RUN-1001 : --------------------------------------------------------------
RUN-1001 :        Parameters       |  Settings  |  Default Values  |  Note  
RUN-1001 : --------------------------------------------------------------
RUN-1001 :       compress_add      |   ripple   |      ripple      |        
RUN-1001 :        elf_sload        |    off     |       off        |        
RUN-1001 :       fix_undriven      |     0      |        0         |        
RUN-1001 :         flatten         |    off     |       off        |        
RUN-1001 :       gate_sharing      |     on     |        on        |        
RUN-1001 :    hdl_warning_level    |   normal   |      normal      |        
RUN-1001 :   impl_internal_tribuf  |     on     |        on        |        
RUN-1001 :      impl_set_reset     |     on     |        on        |        
RUN-1001 :        infer_gsr        |    off     |       off        |        
RUN-1001 :      keep_hierarchy     |    auto    |       auto       |        
RUN-1001 :        max_fanout       |    9999    |       9999       |        
RUN-1001 :      max_oh2bin_len     |     10     |        10        |        
RUN-1001 :       merge_equal       |     on     |        on        |        
RUN-1001 :       merge_equiv       |     on     |        on        |        
RUN-1001 :        merge_mux        |    off     |       off        |        
RUN-1001 :     min_control_set     |     8      |        8         |        
RUN-1001 :      min_ripple_len     |    auto    |       auto       |        
RUN-1001 :       oh2bin_ratio      |    0.08    |       0.08       |        
RUN-1001 :     opt_adder_fanout    |     on     |        on        |        
RUN-1001 :        opt_arith        |     on     |        on        |        
RUN-1001 :       opt_big_gate      |    off     |       off        |        
RUN-1001 :        opt_const        |     on     |        on        |        
RUN-1001 :      opt_const_mult     |     on     |        on        |        
RUN-1001 :       opt_lessthan      |     on     |        on        |        
RUN-1001 :         opt_mux         |    off     |       off        |        
RUN-1001 :         opt_ram         |    high    |       high       |        
RUN-1001 :      rtl_sim_model      |    off     |       off        |        
RUN-1001 :         seq_syn         |     on     |        on        |        
RUN-1001 : --------------------------------------------------------------
HDL-1007 : analyze verilog file ../../../src/Digitron_TimeDisplay_module.v
HDL-1007 : analyze verilog file ../../../src/key_filter.v
HDL-1007 : analyze verilog file ../../../src/keyboard_instance.v
HDL-1007 : analyze verilog file ../../../src/keyboard_scan.v
HDL-1007 : analyze verilog file ../../../src/onehot2binary.v
HDL-5007 WARNING: 'clk_1hz' is not declared in ../../../src/onehot2binary.v(1)
HDL-5007 WARNING: 'clk_1hz' is not declared in ../../../src/onehot2binary.v(1)
RUN-1001 : Project manager successfully analyzed 5 source files.
RUN-1002 : start command "import_device eagle_s20.db -package EG4S20BG256"
ARC-1001 : Device Initialization.
ARC-1001 : ------------------------------------------------------------------
ARC-1001 :            OPTION            |          IO          |   SETTING   
ARC-1001 : ------------------------------------------------------------------
ARC-1001 :   cso_b/cclk/mosi/miso/dout  |  T3/R11/T10/P10/S11  |    gpio    
ARC-1001 :             done             |         P13          |    gpio    
ARC-1001 :           program_b          |          T2          |  dedicate  
ARC-1001 :        tdi/tms/tck/tdo       |   C12/A15/C14/E14    |  dedicate  
ARC-1001 : ------------------------------------------------------------------
ARC-1004 : Device setting, marked 5 dedicate IOs in total.
RUN-1002 : start command "import_db ../syn_1/keyboard_gate.db"
RUN-1001 : Importing database generated by Tang Dynasty, V5.6.59063.
RUN-1001 : Database version number 46140.
RUN-1001 : Import flow parameters
RUN-1001 : Import timing constraints
RUN-1001 : Import IO constraints
RUN-1001 : Import Inst constraints
RUN-1001 : Import design success TD_VERSION=5.6.59063 , DB_VERSION=46140
RUN-1002 : start command "read_sdc"
USR-1002 : read_sdc file_name -help -h -eco
USR-1009 : NO module with IP_SDC ...
RUN-1104 : Import SDC file  finished, there are 0 nets kept by constraints.
RUN-1002 : start command "place"
RUN-1001 : Open license file E:/Anlogic/TD5.6.59063/license/Anlogic.lic
RUN-1001 : Print Global Property
RUN-1001 : ---------------------------------------------------------------
RUN-1001 :        Parameters        |  Settings  |  Default Values  |  Note  
RUN-1001 : ---------------------------------------------------------------
RUN-1001 :          message         |  standard  |     standard     |        
RUN-1001 :   mixed_pack_place_flow  |     on     |        on        |        
RUN-1001 :        qor_monitor       |    off     |       off        |        
RUN-1001 :        syn_ip_flow       |    off     |       off        |        
RUN-1001 :          thread          |    auto    |       auto       |        
RUN-1001 : ---------------------------------------------------------------
RUN-1001 : Print Place Property
RUN-1001 : --------------------------------------------------------------
RUN-1001 :        Parameters       |  Settings  |  Default Values  |  Note  
RUN-1001 : --------------------------------------------------------------
RUN-1001 :      detailed_place     |     on     |        on        |        
RUN-1001 :          effort         |   medium   |      medium      |        
RUN-1001 :         fix_hold        |    off     |       off        |        
RUN-1001 :       legalization      |    ori     |       ori        |        
RUN-1001 :      new_spreading      |     on     |        on        |        
RUN-1001 :        opt_timing       |   medium   |      medium      |        
RUN-1001 :   post_clock_route_opt  |    off     |       off        |        
RUN-1001 :       pr_strategy       |     1      |        1         |        
RUN-1001 :        relaxation       |    1.00    |       1.00       |        
RUN-1001 :         retiming        |    off     |       off        |        
RUN-1001 : --------------------------------------------------------------
PHY-3001 : Placer runs in 16 thread(s).
RUN-1002 : start command "legalize_phy_inst"
SYN-1011 : Flatten model keyboard_instance
RUN-1002 : start command "phys_opt -simplify_lut"
SYN-4024 : Net "clk_50M_dup_1" drives clk pins.
SYN-4024 : Net "U1/scan_clk" drives clk pins.
SYN-4025 : Tag rtl::Net U1/scan_clk as clock net
SYN-4025 : Tag rtl::Net clk_50M_dup_1 as clock net
SYN-4026 : Tagged 2 rtl::Net as clock net
SYN-4015 : Create BUFG instance for clk Net U1/scan_clk to drive 20 clock pins.
PHY-1001 : Populate physical database on model keyboard_instance.
RUN-1001 : There are total 651 instances
RUN-0007 : 281 luts, 208 seqs, 100 mslices, 34 lslices, 24 pads, 0 brams, 0 dsps
RUN-1001 : There are total 773 nets
RUN-1001 : 464 nets have 2 pins
RUN-1001 : 206 nets have [3 - 5] pins
RUN-1001 : 87 nets have [6 - 10] pins
RUN-1001 : 7 nets have [11 - 20] pins
RUN-1001 : 7 nets have [21 - 99] pins
RUN-1001 : 2 nets have 100+ pins
RUN-1001 : Report Control nets information:
RUN-1001 : DFF Distribution
RUN-1001 : ----------------------------------
RUN-1001 :   CE   |  SSR  |  ASR  |  DFF Count  
RUN-1001 : ----------------------------------
RUN-1001 :   No   |  No   |  No   |     107     
RUN-1001 :   No   |  No   |  Yes  |     20      
RUN-1001 :   No   |  Yes  |  No   |     17      
RUN-1001 :   Yes  |  No   |  No   |      0      
RUN-1001 :   Yes  |  No   |  Yes  |     32      
RUN-1001 :   Yes  |  Yes  |  No   |     32      
RUN-1001 : ----------------------------------
RUN-0007 : Control Group Statistic
RUN-0007 : ---------------------------
RUN-0007 :   #CLK  |  #CE  |  #SSR/ASR  
RUN-0007 : ---------------------------
RUN-0007 :    2    |   3   |     3      
RUN-0007 : ---------------------------
RUN-0007 : Control Set = 6
PHY-3001 : Initial placement ...
PHY-3001 : design contains 649 instances, 281 luts, 208 seqs, 134 slices, 14 macros(134 instances: 100 mslices 34 lslices)
PHY-0007 : Cell area utilization is 2%
PHY-3001 : Start timing update ...
RUN-1002 : start command "start_timer -report"
TMR-2505 : Start building timing graph for model keyboard_instance.
TMR-2506 : Build timing graph completely. Port num: 8, tpin num: 2808, tnet num: 771, tinst num: 649, tnode num: 3389, tedge num: 4491.
TMR-2508 : Levelizing timing graph completed, there are 43 levels in total.
TMR-2501 : Timing graph initialized successfully.
TMR-2503 : Start to update net delay, extr mode = 2.
TMR-2504 : Update delay of 771 nets completely.
TMR-2502 : Annotate delay completely, extr mode = 2.
TMR-3001 : Initiate 0 clocks from SDC.
TMR-3004 : Map sdc constraints, there are 0 constraints in total.
TMR-3003 : Constraints initiated successfully.
TMR-3501 : Forward propagation: start to calculate arrival time...
TMR-3502 : Backward propagation: start to calculate required time...
TMR-3503 : Timing propagation completes.
PHY-3001 : End timing update;  0.138125s wall, 0.046875s user + 0.000000s system = 0.046875s CPU (33.9%)

PHY-3001 : Global placement ...
PHY-3001 : Initial: Len = 186825
PHY-3001 : Clustering ...
PHY-3001 : Level 0 #clusters 649.
PHY-3001 : End clustering;  0.000052s wall, 0.000000s user + 0.000000s system = 0.000000s CPU (n/a%)

PHY-3001 : Run with size of 4
PHY-3001 : Cell area utilization is 2%
PHY-3001 : :::0::: Try harder cell spreading with beta_ = 0
PHY-3002 : Step(1): len = 123004, overlap = 0
PHY-3002 : Step(2): len = 79765.5, overlap = 0
PHY-3002 : Step(3): len = 60069.7, overlap = 0
PHY-3002 : Step(4): len = 45518.6, overlap = 0
PHY-3002 : Step(5): len = 35403.5, overlap = 0
PHY-3002 : Step(6): len = 31506.8, overlap = 0
PHY-3002 : Step(7): len = 25635.1, overlap = 1.75
PHY-3002 : Step(8): len = 22043.1, overlap = 4.5
PHY-3002 : Step(9): len = 20245.8, overlap = 5
PHY-3002 : Step(10): len = 18569.6, overlap = 4.5
PHY-3002 : Step(11): len = 18876.4, overlap = 4.75
PHY-3002 : Step(12): len = 18872, overlap = 5
PHY-3002 : Step(13): len = 17080.5, overlap = 5.25
PHY-3002 : Step(14): len = 16037.9, overlap = 5.25
PHY-3002 : Step(15): len = 16279.5, overlap = 5.5
PHY-3002 : Step(16): len = 16717.4, overlap = 5.5
PHY-3001 : Legalization ...
PHY-3001 : End legalization;  0.003875s wall, 0.015625s user + 0.000000s system = 0.015625s CPU (403.3%)

PHY-3001 : Run with size of 4
PHY-3001 : Cell area utilization is 3%
PHY-3001 : Update timing in Manhattan mode ...
TMR-2503 : Start to update net delay, extr mode = 3.
TMR-2504 : Update delay of 771 nets completely.
TMR-2502 : Annotate delay completely, extr mode = 3.
TMR-3501 : Forward propagation: start to calculate arrival time...
TMR-3502 : Backward propagation: start to calculate required time...
TMR-3503 : Timing propagation completes.
PHY-3001 : End timing update;  0.006916s wall, 0.000000s user + 0.000000s system = 0.000000s CPU (n/a%)

PHY-3001 : :::0::: Try harder cell spreading with beta_ = 0.00129211
PHY-3002 : Step(17): len = 15858, overlap = 14.9375
PHY-3002 : Step(18): len = 15825.4, overlap = 15
PHY-3002 : Step(19): len = 15314.7, overlap = 15.1875
PHY-3002 : Step(20): len = 15592.3, overlap = 14.8125
PHY-3002 : Step(21): len = 15785.5, overlap = 14.75
PHY-3001 : Run with size of 2
PHY-3001 : Cell area utilization is 3%
PHY-3001 : Update timing in Manhattan mode ...
TMR-2503 : Start to update net delay, extr mode = 3.
TMR-2504 : Update delay of 771 nets completely.
TMR-2502 : Annotate delay completely, extr mode = 3.
TMR-3501 : Forward propagation: start to calculate arrival time...
TMR-3502 : Backward propagation: start to calculate required time...
TMR-3503 : Timing propagation completes.
PHY-3001 : End timing update;  0.006857s wall, 0.000000s user + 0.000000s system = 0.000000s CPU (n/a%)

PHY-3001 : :::0::: Try harder cell spreading with beta_ = 0.000250476
PHY-3002 : Step(22): len = 20828.9, overlap = 16.625
PHY-3002 : Step(23): len = 21154.2, overlap = 16.625
PHY-3002 : Step(24): len = 19759.6, overlap = 17.3438
PHY-3002 : Step(25): len = 19582.6, overlap = 17.5625
PHY-3002 : Step(26): len = 18901.5, overlap = 18.3438
PHY-3002 : Step(27): len = 18876.6, overlap = 18.0625
PHY-3002 : Step(28): len = 18771.1, overlap = 12.9688
PHY-3002 : Step(29): len = 17902.6, overlap = 11.375
PHY-3002 : Step(30): len = 17828, overlap = 11.5625
PHY-3002 : Step(31): len = 17812.3, overlap = 10.875
PHY-3002 : Step(32): len = 17896.2, overlap = 9.71875
PHY-3002 : Step(33): len = 18034.7, overlap = 9.65625
PHY-3002 : Step(34): len = 18047.5, overlap = 14
PHY-3001 : :::1::: Try harder cell spreading with beta_ = 0.000500952
PHY-3002 : Step(35): len = 17843.5, overlap = 13.9062
PHY-3002 : Step(36): len = 17740.6, overlap = 15.7188
PHY-3002 : Step(37): len = 17574.5, overlap = 11.4375
PHY-3001 : :::2::: Try harder cell spreading with beta_ = 0.0010019
PHY-3002 : Step(38): len = 17713.7, overlap = 11.4375
PHY-3002 : Step(39): len = 17735.5, overlap = 11.5
PHY-3002 : Step(40): len = 17743.3, overlap = 11.5938
OPT-1001 : Start physical optimization ...
RUN-1002 : start command "start_timer -report"
TMR-2505 : Start building timing graph for model keyboard_instance.
TMR-2506 : Build timing graph completely. Port num: 8, tpin num: 2808, tnet num: 771, tinst num: 649, tnode num: 3389, tedge num: 4491.
TMR-2508 : Levelizing timing graph completed, there are 43 levels in total.
TMR-2501 : Timing graph initialized successfully.
OPT-1001 : Total overflow 40.22 peak overflow 2.59
OPT-1001 : Start high-fanout net optimization ...
OPT-1001 : Update timing in global mode
PHY-1001 : Start incremental global routing, caller is place ...
RUN-1001 : Generating global routing grids ...
RUN-1001 : Building simple global routing graph ...
PHY-1001 : Generate routing nets ...
PHY-1001 : Reuse net number 0/773.
PHY-1001 : Global iterations in 16 thread ...
PHY-1002 : len = 19904, over cnt = 89(0%), over = 261, worst = 11
PHY-1001 : End global iterations;  0.033942s wall, 0.000000s user + 0.000000s system = 0.000000s CPU (n/a%)

PHY-1001 : Congestion index: top1 = 23.94, top5 = 11.47, top10 = 6.53, top15 = 4.37.
PHY-1001 : End incremental global routing;  0.077903s wall, 0.046875s user + 0.000000s system = 0.046875s CPU (60.2%)

TMR-2503 : Start to update net delay, extr mode = 5.
TMR-2504 : Update delay of 771 nets completely.
TMR-2502 : Annotate delay completely, extr mode = 5.
TMR-3001 : Initiate 0 clocks from SDC.
TMR-3004 : Map sdc constraints, there are 0 constraints in total.
TMR-3003 : Constraints initiated successfully.
TMR-3501 : Forward propagation: start to calculate arrival time...
TMR-3502 : Backward propagation: start to calculate required time...
TMR-3503 : Timing propagation completes.
OPT-1001 : End timing update;  0.009404s wall, 0.000000s user + 0.000000s system = 0.000000s CPU (n/a%)

OPT-1001 : 0 high-fanout net processed.
OPT-1001 : End high-fanout net optimization;  0.094161s wall, 0.062500s user + 0.000000s system = 0.062500s CPU (66.4%)

OPT-1001 : Current memory(MB): used = 148, reserve = 119, peak = 148.
OPT-1001 : Start global optimization ...
OPT-1001 : Start congestion update ...
RUN-1001 : Generating global routing grids ...
PHY-1001 : Generate routing nets ...
PHY-1001 : Reuse net number 467/773.
PHY-1001 : Global iterations in 16 thread ...
PHY-1002 : len = 19904, over cnt = 89(0%), over = 261, worst = 11
PHY-1002 : len = 21048, over cnt = 45(0%), over = 90, worst = 8
PHY-1002 : len = 22312, over cnt = 2(0%), over = 2, worst = 1
PHY-1002 : len = 22336, over cnt = 0(0%), over = 0, worst = 0
PHY-1001 : End global iterations;  0.065507s wall, 0.015625s user + 0.000000s system = 0.015625s CPU (23.9%)

PHY-1001 : Congestion index: top1 = 22.28, top5 = 11.70, top10 = 7.00, top15 = 4.76.
OPT-1001 : End congestion update;  0.100659s wall, 0.031250s user + 0.000000s system = 0.031250s CPU (31.0%)

OPT-1001 : Update timing in Manhattan mode
TMR-2503 : Start to update net delay, extr mode = 3.
TMR-2504 : Update delay of 771 nets completely.
TMR-2502 : Annotate delay completely, extr mode = 3.
TMR-3501 : Forward propagation: start to calculate arrival time...
TMR-3502 : Backward propagation: start to calculate required time...
TMR-3503 : Timing propagation completes.
OPT-1001 : End timing update;  0.007077s wall, 0.015625s user + 0.000000s system = 0.015625s CPU (220.8%)

OPT-0007 : Start: WNS 2147483647 TNS 0 NUM_FEPS 0
OPT-1001 : End global optimization;  0.107817s wall, 0.046875s user + 0.000000s system = 0.046875s CPU (43.5%)

OPT-1001 : Current memory(MB): used = 149, reserve = 120, peak = 149.
OPT-1001 : End physical optimization;  0.357127s wall, 0.187500s user + 0.000000s system = 0.187500s CPU (52.5%)

PHY-3001 : Start packing ...
SYN-4007 : Packing 0 MUX to BLE ...
SYN-4008 : Packed 0 MUX and 0 SEQ to BLE.
SYN-4007 : Packing 281 LUT to BLE ...
SYN-4008 : Packed 281 LUT and 86 SEQ to BLE.
SYN-4003 : Packing 122 remaining SEQ's ...
SYN-4005 : Packed 59 SEQ with LUT/SLICE
SYN-4006 : 144 single LUT's are left
SYN-4006 : 63 single SEQ's are left
SYN-4011 : Packing model "keyboard_instance" (AL_USER_NORMAL) with 344/506 primitive instances ...
PHY-3001 : End packing;  0.015967s wall, 0.000000s user + 0.000000s system = 0.000000s CPU (n/a%)

PHY-1001 : Populate physical database on model keyboard_instance.
RUN-1001 : There are total 343 instances
RUN-1001 : 158 mslices, 157 lslices, 24 pads, 0 brams, 0 dsps
RUN-1001 : There are total 687 nets
RUN-1001 : 378 nets have 2 pins
RUN-1001 : 206 nets have [3 - 5] pins
RUN-1001 : 87 nets have [6 - 10] pins
RUN-1001 : 9 nets have [11 - 20] pins
RUN-1001 : 5 nets have [21 - 99] pins
RUN-1001 : 2 nets have 100+ pins
PHY-3001 : design contains 341 instances, 315 slices, 14 macros(134 instances: 100 mslices 34 lslices)
PHY-3001 : Cell area utilization is 4%
PHY-3001 : After packing: Len = 17944.8, Over = 21
PHY-3001 : Run with size of 2
PHY-3001 : Cell area utilization is 4%
PHY-3001 : Update timing in Manhattan mode ...
RUN-1002 : start command "start_timer -report"
TMR-2505 : Start building timing graph for model keyboard_instance.
TMR-2506 : Build timing graph completely. Port num: 8, tpin num: 2477, tnet num: 685, tinst num: 341, tnode num: 2899, tedge num: 4088.
TMR-2508 : Levelizing timing graph completed, there are 41 levels in total.
TMR-2501 : Timing graph initialized successfully.
TMR-2503 : Start to update net delay, extr mode = 3.
TMR-2504 : Update delay of 685 nets completely.
TMR-2502 : Annotate delay completely, extr mode = 3.
TMR-3001 : Initiate 0 clocks from SDC.
TMR-3004 : Map sdc constraints, there are 0 constraints in total.
TMR-3003 : Constraints initiated successfully.
TMR-3501 : Forward propagation: start to calculate arrival time...
TMR-3502 : Backward propagation: start to calculate required time...
TMR-3503 : Timing propagation completes.
PHY-3001 : End timing update;  0.140486s wall, 0.109375s user + 0.000000s system = 0.109375s CPU (77.9%)

PHY-3001 : :::0::: Try harder cell spreading with beta_ = 7.39588e-05
PHY-3002 : Step(41): len = 17327.8, overlap = 20.75
PHY-3002 : Step(42): len = 17311.3, overlap = 22.75
PHY-3002 : Step(43): len = 16956.7, overlap = 24.25
PHY-3002 : Step(44): len = 16901.5, overlap = 21.75
PHY-3002 : Step(45): len = 16934.3, overlap = 22
PHY-3002 : Step(46): len = 16894.3, overlap = 22
PHY-3002 : Step(47): len = 17087.1, overlap = 23
PHY-3002 : Step(48): len = 17042.1, overlap = 21.25
PHY-3002 : Step(49): len = 17032.6, overlap = 21.75
PHY-3002 : Step(50): len = 16429.8, overlap = 19.75
PHY-3002 : Step(51): len = 16072.6, overlap = 22.5
PHY-3002 : Step(52): len = 16143.9, overlap = 21
PHY-3002 : Step(53): len = 15850.7, overlap = 22.25
PHY-3002 : Step(54): len = 15630.3, overlap = 22.5
PHY-3002 : Step(55): len = 15559.9, overlap = 21.5
PHY-3002 : Step(56): len = 15270, overlap = 20.5
PHY-3002 : Step(57): len = 15322.5, overlap = 19
PHY-3002 : Step(58): len = 15372.8, overlap = 19
PHY-3001 : :::1::: Try harder cell spreading with beta_ = 0.000147918
PHY-3002 : Step(59): len = 15717.7, overlap = 15
PHY-3002 : Step(60): len = 15810.5, overlap = 15.25
PHY-3002 : Step(61): len = 15830.2, overlap = 15
PHY-3001 : :::2::: Try harder cell spreading with beta_ = 0.000295835
PHY-3002 : Step(62): len = 15829.7, overlap = 14.75
PHY-3002 : Step(63): len = 15846.3, overlap = 14.25
PHY-3001 : Legalization ...
PHY-3001 : End legalization;  0.060824s wall, 0.000000s user + 0.015625s system = 0.015625s CPU (25.7%)

PHY-3001 : Trial Legalized: Len = 21653
PHY-3001 : Run with size of 2
PHY-3001 : Cell area utilization is 4%
PHY-3001 : Update timing in Manhattan mode ...
TMR-2503 : Start to update net delay, extr mode = 3.
TMR-2504 : Update delay of 685 nets completely.
TMR-2502 : Annotate delay completely, extr mode = 3.
TMR-3501 : Forward propagation: start to calculate arrival time...
TMR-3502 : Backward propagation: start to calculate required time...
TMR-3503 : Timing propagation completes.
PHY-3001 : End timing update;  0.006453s wall, 0.000000s user + 0.000000s system = 0.000000s CPU (n/a%)

PHY-3001 : :::0::: Try harder cell spreading with beta_ = 0.0397942
PHY-3002 : Step(64): len = 21487.6, overlap = 0
PHY-3002 : Step(65): len = 19301.6, overlap = 2.75
PHY-3002 : Step(66): len = 17311.8, overlap = 4.25
PHY-3002 : Step(67): len = 16990.1, overlap = 4.75
PHY-3002 : Step(68): len = 16893.6, overlap = 4.75
PHY-3002 : Step(69): len = 16855.5, overlap = 5
PHY-3001 : Legalization ...
PHY-3001 : End legalization;  0.004598s wall, 0.000000s user + 0.000000s system = 0.000000s CPU (n/a%)

PHY-3001 : Legalized: Len = 19290.1, Over = 0
PHY-3001 : Spreading special nets. 1 overflows in 2952 tiles.
PHY-3001 : End spreading;  0.002435s wall, 0.000000s user + 0.000000s system = 0.000000s CPU (n/a%)

PHY-3001 : 2 instances has been re-located, deltaX = 0, deltaY = 2, maxDist = 1.
PHY-3001 : Final: Len = 19306.1, Over = 0
OPT-1001 : Start physical optimization ...
RUN-1002 : start command "start_timer -report"
TMR-2505 : Start building timing graph for model keyboard_instance.
TMR-2506 : Build timing graph completely. Port num: 8, tpin num: 2477, tnet num: 685, tinst num: 341, tnode num: 2899, tedge num: 4088.
TMR-2508 : Levelizing timing graph completed, there are 41 levels in total.
TMR-2501 : Timing graph initialized successfully.
OPT-1001 : Total overflow 0.00 peak overflow 0.00
OPT-1001 : Start high-fanout net optimization ...
OPT-1001 : Update timing in global mode
PHY-1001 : Start incremental global routing, caller is place ...
RUN-1001 : Generating global routing grids ...
PHY-1001 : Generate routing nets ...
PHY-1001 : Reuse net number 1/687.
PHY-1001 : Global iterations in 16 thread ...
PHY-1002 : len = 22288, over cnt = 45(0%), over = 66, worst = 4
PHY-1002 : len = 22488, over cnt = 29(0%), over = 38, worst = 3
PHY-1002 : len = 22872, over cnt = 5(0%), over = 5, worst = 1
PHY-1002 : len = 22952, over cnt = 0(0%), over = 0, worst = 0
PHY-1001 : End global iterations;  0.059341s wall, 0.000000s user + 0.000000s system = 0.000000s CPU (n/a%)

PHY-1001 : Congestion index: top1 = 20.91, top5 = 12.98, top10 = 7.87, top15 = 5.36.
PHY-1001 : End incremental global routing;  0.100754s wall, 0.000000s user + 0.000000s system = 0.000000s CPU (n/a%)

TMR-2503 : Start to update net delay, extr mode = 5.
TMR-2504 : Update delay of 685 nets completely.
TMR-2502 : Annotate delay completely, extr mode = 5.
TMR-3001 : Initiate 0 clocks from SDC.
TMR-3004 : Map sdc constraints, there are 0 constraints in total.
TMR-3003 : Constraints initiated successfully.
TMR-3501 : Forward propagation: start to calculate arrival time...
TMR-3502 : Backward propagation: start to calculate required time...
TMR-3503 : Timing propagation completes.
OPT-1001 : End timing update;  0.012232s wall, 0.000000s user + 0.000000s system = 0.000000s CPU (n/a%)

OPT-1001 : 0 high-fanout net processed.
OPT-1001 : End high-fanout net optimization;  0.119517s wall, 0.000000s user + 0.000000s system = 0.000000s CPU (n/a%)

OPT-1001 : Current memory(MB): used = 152, reserve = 123, peak = 152.
OPT-1001 : Start path based optimization ...
OPT-1001 : Start congestion update ...
RUN-1001 : Generating global routing grids ...
PHY-1001 : Generate routing nets ...
PHY-1001 : Reuse net number 557/687.
PHY-1001 : Global iterations in 16 thread ...
PHY-1002 : len = 22952, over cnt = 0(0%), over = 0, worst = 0
PHY-1001 : End global iterations;  0.002243s wall, 0.000000s user + 0.000000s system = 0.000000s CPU (n/a%)

PHY-1001 : Congestion index: top1 = 20.91, top5 = 12.98, top10 = 7.87, top15 = 5.36.
OPT-1001 : End congestion update;  0.042563s wall, 0.015625s user + 0.000000s system = 0.015625s CPU (36.7%)

OPT-1001 : Update timing in Manhattan mode
TMR-2503 : Start to update net delay, extr mode = 3.
TMR-2504 : Update delay of 685 nets completely.
TMR-2502 : Annotate delay completely, extr mode = 3.
TMR-3501 : Forward propagation: start to calculate arrival time...
TMR-3502 : Backward propagation: start to calculate required time...
TMR-3503 : Timing propagation completes.
OPT-1001 : End timing update;  0.006596s wall, 0.000000s user + 0.000000s system = 0.000000s CPU (n/a%)

OPT-0007 : Start: WNS 2147483647 TNS 0 NUM_FEPS 0
OPT-1001 : End path based optimization;  0.049230s wall, 0.015625s user + 0.000000s system = 0.015625s CPU (31.7%)

OPT-1001 : Current memory(MB): used = 152, reserve = 123, peak = 152.
OPT-1001 : Update timing in Manhattan mode
TMR-2503 : Start to update net delay, extr mode = 3.
TMR-2504 : Update delay of 685 nets completely.
TMR-2502 : Annotate delay completely, extr mode = 3.
TMR-3501 : Forward propagation: start to calculate arrival time...
TMR-3502 : Backward propagation: start to calculate required time...
TMR-3503 : Timing propagation completes.
OPT-1001 : End timing update;  0.005617s wall, 0.015625s user + 0.000000s system = 0.015625s CPU (278.2%)

OPT-1001 : Start pin optimization...
OPT-1001 : skip pin optimization...
OPT-1001 : Update timing in global mode
PHY-1001 : Start incremental global routing, caller is place ...
RUN-1001 : Generating global routing grids ...
PHY-1001 : Generate routing nets ...
PHY-1001 : Reuse net number 557/687.
PHY-1001 : Global iterations in 16 thread ...
PHY-1002 : len = 22952, over cnt = 0(0%), over = 0, worst = 0
PHY-1001 : End global iterations;  0.001923s wall, 0.000000s user + 0.000000s system = 0.000000s CPU (n/a%)

PHY-1001 : Congestion index: top1 = 20.91, top5 = 12.98, top10 = 7.87, top15 = 5.36.
PHY-1001 : End incremental global routing;  0.038828s wall, 0.015625s user + 0.000000s system = 0.015625s CPU (40.2%)

TMR-2503 : Start to update net delay, extr mode = 5.
TMR-2504 : Update delay of 685 nets completely.
TMR-2502 : Annotate delay completely, extr mode = 5.
TMR-3501 : Forward propagation: start to calculate arrival time...
TMR-3502 : Backward propagation: start to calculate required time...
TMR-3503 : Timing propagation completes.
OPT-1001 : End timing update;  0.009244s wall, 0.015625s user + 0.000000s system = 0.015625s CPU (169.0%)

RUN-1001 : Generating global routing grids ...
PHY-1001 : Generate routing nets ...
PHY-1001 : Reuse net number 557/687.
PHY-1001 : Global iterations in 16 thread ...
PHY-1002 : len = 22952, over cnt = 0(0%), over = 0, worst = 0
PHY-1001 : End global iterations;  0.001899s wall, 0.000000s user + 0.000000s system = 0.000000s CPU (n/a%)

PHY-1001 : Congestion index: top1 = 20.91, top5 = 12.98, top10 = 7.87, top15 = 5.36.
OPT-1001 : Update timing in Manhattan mode
TMR-2503 : Start to update net delay, extr mode = 3.
TMR-2504 : Update delay of 685 nets completely.
TMR-2502 : Annotate delay completely, extr mode = 3.
TMR-3501 : Forward propagation: start to calculate arrival time...
TMR-3502 : Backward propagation: start to calculate required time...
TMR-3503 : Timing propagation completes.
OPT-1001 : End timing update;  0.007303s wall, 0.015625s user + 0.000000s system = 0.015625s CPU (214.0%)

RUN-1001 : QoR Analysis:
OPT-0007 :   WNS 2147483647 TNS 0 NUM_FEPS 0
RUN-1001 :   No local congestion issue, and most congested 1% tile average routing util is 20.379310
RUN-1001 :   Top critical paths
OPT-1001 : End physical optimization;  0.413384s wall, 0.171875s user + 0.000000s system = 0.171875s CPU (41.6%)

RUN-1003 : finish command "place" in  2.593589s wall, 0.718750s user + 0.328125s system = 1.046875s CPU (40.4%)

RUN-1004 : used memory is 139 MB, reserved memory is 111 MB, peak memory is 152 MB
RUN-1002 : start command "export_db keyboard_place.db"
RUN-1001 : Exported /
RUN-1001 : Exported flow parameters
RUN-1001 : Exported libs
RUN-1001 : Exported entities
RUN-1001 : Exported ports
RUN-1001 : Exported pins
RUN-1001 : Exported instances
RUN-1001 : Exported nets
RUN-1001 : Exported buses
RUN-1001 : Exported models
RUN-1001 : Exported congestions
RUN-1001 : Exported violations
RUN-1001 : Exported timing constraints
RUN-1001 : Exported IO constraints
RUN-1001 : Exported Inst constraints
RUN-1002 : start command "route"
RUN-1001 : Open license file E:/Anlogic/TD5.6.59063/license/Anlogic.lic
RUN-1001 : Print Global Property
RUN-1001 : ---------------------------------------------------------------
RUN-1001 :        Parameters        |  Settings  |  Default Values  |  Note  
RUN-1001 : ---------------------------------------------------------------
RUN-1001 :          message         |  standard  |     standard     |        
RUN-1001 :   mixed_pack_place_flow  |     on     |        on        |        
RUN-1001 :        qor_monitor       |    off     |       off        |        
RUN-1001 :        syn_ip_flow       |    off     |       off        |        
RUN-1001 :          thread          |    auto    |       auto       |        
RUN-1001 : ---------------------------------------------------------------
RUN-1001 : Print Route Property
RUN-1001 : -------------------------------------------------------
RUN-1001 :    Parameters    |  Settings  |  Default Values  |  Note  
RUN-1001 : -------------------------------------------------------
RUN-1001 :      effort      |   medium   |      medium      |        
RUN-1001 :     fix_hold     |    off     |       off        |        
RUN-1001 :    opt_timing    |   medium   |      medium      |        
RUN-1001 :   phy_sim_model  |    off     |       off        |        
RUN-1001 :     priority     |   timing   |      timing      |        
RUN-1001 :     swap_pin     |     on     |        on        |        
RUN-1001 : -------------------------------------------------------
PHY-1001 : Route runs in 16 thread(s)
RUN-1001 : There are total 343 instances
RUN-1001 : 158 mslices, 157 lslices, 24 pads, 0 brams, 0 dsps
RUN-1001 : There are total 687 nets
RUN-1001 : 378 nets have 2 pins
RUN-1001 : 206 nets have [3 - 5] pins
RUN-1001 : 87 nets have [6 - 10] pins
RUN-1001 : 9 nets have [11 - 20] pins
RUN-1001 : 5 nets have [21 - 99] pins
RUN-1001 : 2 nets have 100+ pins
RUN-1002 : start command "start_timer -report"
TMR-2505 : Start building timing graph for model keyboard_instance.
TMR-2506 : Build timing graph completely. Port num: 8, tpin num: 2477, tnet num: 685, tinst num: 341, tnode num: 2899, tedge num: 4088.
TMR-2508 : Levelizing timing graph completed, there are 41 levels in total.
TMR-2501 : Timing graph initialized successfully.
PHY-1001 : 158 mslices, 157 lslices, 24 pads, 0 brams, 0 dsps
TMR-2503 : Start to update net delay, extr mode = 3.
TMR-2504 : Update delay of 685 nets completely.
TMR-2502 : Annotate delay completely, extr mode = 3.
TMR-3001 : Initiate 0 clocks from SDC.
TMR-3004 : Map sdc constraints, there are 0 constraints in total.
TMR-3003 : Constraints initiated successfully.
TMR-3501 : Forward propagation: start to calculate arrival time...
TMR-3502 : Backward propagation: start to calculate required time...
TMR-3503 : Timing propagation completes.
PHY-1001 : Start global routing, caller is route ...
RUN-1001 : Generating global routing grids ...
PHY-1001 : Generate routing nets ...
PHY-1001 : Global iterations in 16 thread ...
PHY-1002 : len = 22240, over cnt = 45(0%), over = 65, worst = 4
PHY-1002 : len = 22520, over cnt = 19(0%), over = 23, worst = 3
PHY-1002 : len = 22752, over cnt = 5(0%), over = 7, worst = 3
PHY-1002 : len = 22800, over cnt = 0(0%), over = 0, worst = 0
PHY-1001 : End global iterations;  0.063145s wall, 0.015625s user + 0.000000s system = 0.015625s CPU (24.7%)

PHY-1001 : Congestion index: top1 = 20.78, top5 = 12.88, top10 = 7.84, top15 = 5.30.
PHY-1001 : End global routing;  0.101186s wall, 0.031250s user + 0.000000s system = 0.031250s CPU (30.9%)

PHY-1001 : Start detail routing ...
PHY-1001 : Current memory(MB): used = 172, reserve = 144, peak = 188.
PHY-1001 : Detailed router is running in normal mode.
PHY-1001 : Generate detailed routing grids ...
PHY-1001 : Generate nets ...
PHY-1001 : net clk_50M_dup_1 will be routed on clock mesh
PHY-1001 : clock net U1/scan_clk_syn_4 will be merged with clock U1/scan_clk
PHY-1001 : Current memory(MB): used = 441, reserve = 417, peak = 441.
PHY-1001 : End build detailed router design. 3.363775s wall, 1.281250s user + 0.000000s system = 1.281250s CPU (38.1%)

PHY-1001 : Detail Route ...
PHY-1001 : ===== Detail Route Phase 1 =====
PHY-1001 : Clock net routing.....
PHY-1001 : Routed 0% nets.
PHY-1022 : len = 8912, over cnt = 0(0%), over = 0, worst = 0, crit = 0
PHY-1001 : End initial clock net routed; 0.408067s wall, 0.203125s user + 0.062500s system = 0.265625s CPU (65.1%)

PHY-1001 : Current memory(MB): used = 471, reserve = 448, peak = 471.
PHY-1001 : End phase 1; 0.413156s wall, 0.218750s user + 0.062500s system = 0.281250s CPU (68.1%)

PHY-1001 : ===== Detail Route Phase 2 =====
PHY-1001 : Initial routing.....
PHY-1001 : Routed 24% nets.
PHY-1001 : Routed 33% nets.
PHY-1001 : Routed 33% nets.
PHY-1001 : Routed 34% nets.
PHY-1001 : Routed 34% nets.
PHY-1001 : Patch 303 net; 0.165890s wall, 0.078125s user + 0.000000s system = 0.078125s CPU (47.1%)

PHY-1022 : len = 49376, over cnt = 10(0%), over = 10, worst = 1, crit = 0
PHY-1001 : Current memory(MB): used = 471, reserve = 448, peak = 472.
PHY-1001 : End initial routed; 0.387917s wall, 0.187500s user + 0.015625s system = 0.203125s CPU (52.4%)

PHY-1001 : Update timing.....
PHY-1001 : 0/541(0%) critical/total net(s).
RUN-1001 : ------------------------------------------
RUN-1001 :   Type   |    WNS(ns)    |  TNS(ns)  |  FEP  
RUN-1001 : ------------------------------------------
RUN-1001 :   Setup  |  2147483.647  |   0.000   |   0   
RUN-1001 :   Hold   |  2147483.647  |   0.000   |   0   
RUN-1001 : ------------------------------------------
PHY-1001 : End update timing; 0.167770s wall, 0.046875s user + 0.000000s system = 0.046875s CPU (27.9%)

PHY-1001 : Current memory(MB): used = 472, reserve = 449, peak = 472.
PHY-1001 : End phase 2; 0.555767s wall, 0.234375s user + 0.015625s system = 0.250000s CPU (45.0%)

PHY-1001 : ===== Detail Route Phase 3 =====
PHY-1001 : Optimize timing.....
PHY-1022 : len = 49376, over cnt = 10(0%), over = 10, worst = 1, crit = 0
PHY-1001 : End optimize timing; 0.004987s wall, 0.000000s user + 0.000000s system = 0.000000s CPU (n/a%)

PHY-1001 : Ripup-reroute.....
PHY-1001 : ===== DR Iter 1 =====
PHY-1022 : len = 49440, over cnt = 0(0%), over = 0, worst = 0, crit = 0
PHY-1001 : End DR Iter 1; 0.024324s wall, 0.000000s user + 0.000000s system = 0.000000s CPU (n/a%)

PHY-1001 : Update timing.....
PHY-1001 : 0/541(0%) critical/total net(s).
RUN-1001 : ------------------------------------------
RUN-1001 :   Type   |    WNS(ns)    |  TNS(ns)  |  FEP  
RUN-1001 : ------------------------------------------
RUN-1001 :   Setup  |  2147483.647  |   0.000   |   0   
RUN-1001 :   Hold   |  2147483.647  |   0.000   |   0   
RUN-1001 : ------------------------------------------
PHY-1001 : End update timing; 0.183195s wall, 0.109375s user + 0.000000s system = 0.109375s CPU (59.7%)

PHY-1001 : Commit to database.....
PHY-1001 : 4 feed throughs used by 4 nets
PHY-1001 : End commit to database; 0.082970s wall, 0.015625s user + 0.015625s system = 0.031250s CPU (37.7%)

PHY-1001 : Current memory(MB): used = 483, reserve = 460, peak = 483.
PHY-1001 : End phase 3; 0.434956s wall, 0.171875s user + 0.031250s system = 0.203125s CPU (46.7%)

PHY-1003 : Routed, final wirelength = 49440
PHY-1001 : Current memory(MB): used = 483, reserve = 460, peak = 483.
PHY-1001 : End export database. 0.006601s wall, 0.000000s user + 0.000000s system = 0.000000s CPU (n/a%)

PHY-1001 : End detail routing;  4.954831s wall, 2.000000s user + 0.125000s system = 2.125000s CPU (42.9%)

RUN-1003 : finish command "route" in  5.258202s wall, 2.125000s user + 0.125000s system = 2.250000s CPU (42.8%)

RUN-1004 : used memory is 424 MB, reserved memory is 400 MB, peak memory is 483 MB
RUN-1002 : start command "report_area -io_info -file keyboard_phy.area"
RUN-1001 : standard
***Report Model: keyboard_instance Device: EG4S20BG256***

IO Statistics
#IO                        24
  #input                    6
  #output                  18
  #inout                    0

Utilization Statistics
#lut                      549   out of  19600    2.80%
#reg                      208   out of  19600    1.06%
#le                       612
  #lut only               404   out of    612   66.01%
  #reg only                63   out of    612   10.29%
  #lut&reg                145   out of    612   23.69%
#dsp                        0   out of     29    0.00%
#bram                       0   out of     64    0.00%
  #bram9k                   0
  #fifo9k                   0
#bram32k                    0   out of     16    0.00%
#pad                       24   out of    188   12.77%
  #ireg                     0
  #oreg                     0
  #treg                     0
#pll                        0   out of      4    0.00%
#gclk                       2   out of     16   12.50%

Clock Resource Statistics
Index     ClockNet         Type               DriverType         Driver                      Fanout
#1        clk_50M_dup_1    GCLK               io                 clk_50M_syn_2.di            110
#2        U1/scan_clk      GCLK               lslice             U1/scan_clk_reg_syn_9.q1    11


Detailed IO Report

        Name           Direction    Location    IOStandard    DriveStrength    PullType    PackReg  
        RSTn             INPUT         A9        LVCMOS33          N/A          PULLUP      NONE    
       clk_50M           INPUT         R7        LVCMOS33          N/A          PULLUP      NONE    
       col[3]            INPUT        F10        LVCMOS33          N/A          PULLUP      NONE    
       col[2]            INPUT        C11        LVCMOS33          N/A          PULLUP      NONE    
       col[1]            INPUT        D11        LVCMOS33          N/A          PULLUP      NONE    
       col[0]            INPUT        E11        LVCMOS33          N/A          PULLUP      NONE    
  DigitronCS_Out[3]     OUTPUT         A3        LVCMOS33           8            NONE       NONE    
  DigitronCS_Out[2]     OUTPUT         A5        LVCMOS33           8            NONE       NONE    
  DigitronCS_Out[1]     OUTPUT         B6        LVCMOS33           8            NONE       NONE    
  DigitronCS_Out[0]     OUTPUT         C9        LVCMOS33           8            NONE       NONE    
   Digitron_Out[7]      OUTPUT         C8        LVCMOS33           8            NONE       NONE    
   Digitron_Out[6]      OUTPUT         A8        LVCMOS33           8            NONE       NONE    
   Digitron_Out[5]      OUTPUT         B5        LVCMOS33           8            NONE       NONE    
   Digitron_Out[4]      OUTPUT         A7        LVCMOS33           8            NONE       NONE    
   Digitron_Out[3]      OUTPUT         E8        LVCMOS33           8            NONE       NONE    
   Digitron_Out[2]      OUTPUT         B8        LVCMOS33           8            NONE       NONE    
   Digitron_Out[1]      OUTPUT         A6        LVCMOS33           8            NONE       NONE    
   Digitron_Out[0]      OUTPUT         A4        LVCMOS33           8            NONE       NONE    
       buzzer           OUTPUT        H11        LVCMOS33           8            NONE       NONE    
        light           OUTPUT        B14        LVCMOS33           8            NONE       NONE    
       row[3]           OUTPUT         D9        LVCMOS33           8            NONE       NONE    
       row[2]           OUTPUT         F9        LVCMOS33           8            NONE       NONE    
       row[1]           OUTPUT        C10        LVCMOS33           8            NONE       NONE    
       row[0]           OUTPUT        E10        LVCMOS33           8            NONE       NONE    

Report Hierarchy Area:
+-------------------------------------------------------------------------------------------+
|Instance |Module                      |le     |lut     |ripple  |seq     |bram    |dsp     |
+-------------------------------------------------------------------------------------------+
|top      |keyboard_instance           |612    |415     |134     |208     |0       |0       |
|  U1     |keyboard_scan               |71     |49      |9       |53      |0       |0       |
|  U2     |key_filter                  |61     |33      |6       |51      |0       |0       |
|  U3     |onehot2binary               |433    |305     |114     |88      |0       |0       |
|  U5     |Digitron_TimeDisplay_module |44     |25      |5       |16      |0       |0       |
+-------------------------------------------------------------------------------------------+


DataNet Average Fanout:

   Index     Fanout    Nets  
    #1         1       354   
    #2         2       136   
    #3         3        37   
    #4         4        33   
    #5        5-10      87   
    #6       11-50      12   
  Average     2.50           

RUN-1002 : start command "export_db keyboard_pr.db"
RUN-1001 : Exported /
RUN-1001 : Exported flow parameters
RUN-1001 : Exported libs
RUN-1001 : Exported entities
RUN-1001 : Exported ports
RUN-1001 : Exported pins
RUN-1001 : Exported instances
RUN-1001 : Exported nets
RUN-1001 : Exported buses
RUN-1001 : Exported models
RUN-1001 : Exported congestions
RUN-1001 : Exported violations
RUN-1001 : Exported timing constraints
RUN-1001 : Exported IO constraints
RUN-1001 : Exported Inst constraints
RUN-1002 : start command "export_bid keyboard_inst.bid"
RUN-1002 : start command "bitgen -bit keyboard.bit -unused_io_status pulldown"
BIT-1003 : Start to generate bitstream. 
BIT-1002 : Bitgen processed 164 unused pads, reserve input tri_state with pulldown
BIT-1002 : Init instances with 16 threads.
BIT-1002 : Init instances completely, inst num: 505
BIT-1002 : Init pips with 16 threads.
BIT-1002 : Init pips completely, net num: 687, pip num: 4941
BIT-1002 : Init feedthrough completely, num: 4
BIT-1003 : Multithreading accelaration with 16 threads.
BIT-1003 : Generate bitstream completely, there are 769 valid insts, and 16362 bits set as '1'.
BIT-1004 : PLL setting string = 0000
BIT-1004 : Generate bits file keyboard.bit.
RUN-1003 : finish command "bitgen -bit keyboard.bit -unused_io_status pulldown" in  1.319003s wall, 7.343750s user + 0.031250s system = 7.375000s CPU (559.1%)

RUN-1004 : used memory is 443 MB, reserved memory is 420 MB, peak memory is 625 MB
RUN-1002 : start command "backup_run_log run.log ../.logs/phy_1/td_20240828_142908.log"
