============================================================
   Tang Dynasty, V5.6.59063
   Copyright (c) 2012-2022 Anlogic
   Executable = E:/Anlogic/TD5.6.59063/bin/td.exe
   Built at =   12:45:13 Sep  6 2022
   Run by =     19234
   Run Date =   Thu Aug 29 00:05:03 2024

   Run on =     ERIKPSW
============================================================
RUN-1002 : start command "open_project keyboard.prj"
RUN-1001 : Print Global Property
RUN-1001 : ---------------------------------------------------------------
RUN-1001 :        Parameters        |  Settings  |  Default Values  |  Note  
RUN-1001 : ---------------------------------------------------------------
RUN-1001 :          message         |  standard  |     standard     |        
RUN-1001 :   mixed_pack_place_flow  |     on     |        on        |        
RUN-1001 :        qor_monitor       |    off     |       off        |        
RUN-1001 :        syn_ip_flow       |    off     |       off        |        
RUN-1001 :          thread          |    auto    |       auto       |        
RUN-1001 : ---------------------------------------------------------------
RUN-1001 : Print Design Property
RUN-1001 : --------------------------------------------------------------
RUN-1001 :        Parameters       |  Settings  |  Default Values  |  Note  
RUN-1001 : --------------------------------------------------------------
RUN-1001 :   default_reg_initial   |    auto    |       auto       |        
RUN-1001 :        infer_add        |     on     |        on        |        
RUN-1001 :        infer_fsm        |    off     |       off        |        
RUN-1001 :        infer_mult       |     on     |        on        |        
RUN-1001 :        infer_ram        |     on     |        on        |        
RUN-1001 :        infer_reg        |     on     |        on        |        
RUN-1001 :   infer_reg_init_value  |     on     |        on        |        
RUN-1001 :        infer_rom        |     on     |        on        |        
RUN-1001 :      infer_shifter      |     on     |        on        |        
RUN-1001 : --------------------------------------------------------------
RUN-1001 : Print Rtl Property
RUN-1001 : --------------------------------------------------------------
RUN-1001 :        Parameters       |  Settings  |  Default Values  |  Note  
RUN-1001 : --------------------------------------------------------------
RUN-1001 :       compress_add      |   ripple   |      ripple      |        
RUN-1001 :        elf_sload        |    off     |       off        |        
RUN-1001 :       fix_undriven      |     0      |        0         |        
RUN-1001 :         flatten         |    off     |       off        |        
RUN-1001 :       gate_sharing      |     on     |        on        |        
RUN-1001 :    hdl_warning_level    |   normal   |      normal      |        
RUN-1001 :   impl_internal_tribuf  |     on     |        on        |        
RUN-1001 :      impl_set_reset     |     on     |        on        |        
RUN-1001 :        infer_gsr        |    off     |       off        |        
RUN-1001 :      keep_hierarchy     |    auto    |       auto       |        
RUN-1001 :        max_fanout       |    9999    |       9999       |        
RUN-1001 :      max_oh2bin_len     |     10     |        10        |        
RUN-1001 :       merge_equal       |     on     |        on        |        
RUN-1001 :       merge_equiv       |     on     |        on        |        
RUN-1001 :        merge_mux        |    off     |       off        |        
RUN-1001 :     min_control_set     |     8      |        8         |        
RUN-1001 :      min_ripple_len     |    auto    |       auto       |        
RUN-1001 :       oh2bin_ratio      |    0.08    |       0.08       |        
RUN-1001 :     opt_adder_fanout    |     on     |        on        |        
RUN-1001 :        opt_arith        |     on     |        on        |        
RUN-1001 :       opt_big_gate      |    off     |       off        |        
RUN-1001 :        opt_const        |     on     |        on        |        
RUN-1001 :      opt_const_mult     |     on     |        on        |        
RUN-1001 :       opt_lessthan      |     on     |        on        |        
RUN-1001 :         opt_mux         |    off     |       off        |        
RUN-1001 :         opt_ram         |    high    |       high       |        
RUN-1001 :      rtl_sim_model      |    off     |       off        |        
RUN-1001 :         seq_syn         |     on     |        on        |        
RUN-1001 : --------------------------------------------------------------
HDL-1007 : analyze verilog file ../../../src/Digitron_TimeDisplay_module.v
HDL-1007 : analyze verilog file ../../../src/key_filter.v
HDL-1007 : analyze verilog file ../../../src/keyboard_instance.v
HDL-1007 : undeclared symbol 'secrect', assumed default net type 'wire' in ../../../src/keyboard_instance.v(42)
HDL-1007 : analyze verilog file ../../../src/keyboard_scan.v
HDL-1007 : analyze verilog file ../../../src/onehot2binary.v
RUN-1001 : Project manager successfully analyzed 5 source files.
RUN-1002 : start command "import_device eagle_s20.db -package EG4S20BG256"
ARC-1001 : Device Initialization.
ARC-1001 : ------------------------------------------------------------------
ARC-1001 :            OPTION            |          IO          |   SETTING   
ARC-1001 : ------------------------------------------------------------------
ARC-1001 :   cso_b/cclk/mosi/miso/dout  |  T3/R11/T10/P10/S11  |    gpio    
ARC-1001 :             done             |         P13          |    gpio    
ARC-1001 :           program_b          |          T2          |  dedicate  
ARC-1001 :        tdi/tms/tck/tdo       |   C12/A15/C14/E14    |  dedicate  
ARC-1001 : ------------------------------------------------------------------
ARC-1004 : Device setting, marked 5 dedicate IOs in total.
RUN-1002 : start command "import_db ../syn_1/keyboard_gate.db"
RUN-1001 : Importing database generated by Tang Dynasty, V5.6.59063.
RUN-1001 : Database version number 46140.
RUN-1001 : Import flow parameters
RUN-1001 : Import timing constraints
RUN-1001 : Import IO constraints
RUN-1001 : Import Inst constraints
RUN-1001 : Import design success TD_VERSION=5.6.59063 , DB_VERSION=46140
RUN-1002 : start command "read_sdc"
USR-1002 : read_sdc file_name -help -h -eco
USR-1009 : NO module with IP_SDC ...
RUN-1104 : Import SDC file  finished, there are 0 nets kept by constraints.
RUN-1002 : start command "place"
RUN-1001 : Open license file E:/Anlogic/TD5.6.59063/license/Anlogic.lic
RUN-1001 : Print Global Property
RUN-1001 : ---------------------------------------------------------------
RUN-1001 :        Parameters        |  Settings  |  Default Values  |  Note  
RUN-1001 : ---------------------------------------------------------------
RUN-1001 :          message         |  standard  |     standard     |        
RUN-1001 :   mixed_pack_place_flow  |     on     |        on        |        
RUN-1001 :        qor_monitor       |    off     |       off        |        
RUN-1001 :        syn_ip_flow       |    off     |       off        |        
RUN-1001 :          thread          |    auto    |       auto       |        
RUN-1001 : ---------------------------------------------------------------
RUN-1001 : Print Place Property
RUN-1001 : --------------------------------------------------------------
RUN-1001 :        Parameters       |  Settings  |  Default Values  |  Note  
RUN-1001 : --------------------------------------------------------------
RUN-1001 :      detailed_place     |     on     |        on        |        
RUN-1001 :          effort         |   medium   |      medium      |        
RUN-1001 :         fix_hold        |    off     |       off        |        
RUN-1001 :       legalization      |    ori     |       ori        |        
RUN-1001 :      new_spreading      |     on     |        on        |        
RUN-1001 :        opt_timing       |   medium   |      medium      |        
RUN-1001 :   post_clock_route_opt  |    off     |       off        |        
RUN-1001 :       pr_strategy       |     1      |        1         |        
RUN-1001 :        relaxation       |    1.00    |       1.00       |        
RUN-1001 :         retiming        |    off     |       off        |        
RUN-1001 : --------------------------------------------------------------
PHY-3001 : Placer runs in 16 thread(s).
RUN-1002 : start command "legalize_phy_inst"
SYN-1011 : Flatten model keyboard_instance
RUN-1002 : start command "phys_opt -simplify_lut"
SYN-4024 : Net "clk_50M_dup_1" drives clk pins.
SYN-4024 : Net "U1/scan_clk" drives clk pins.
SYN-4025 : Tag rtl::Net U1/scan_clk as clock net
SYN-4025 : Tag rtl::Net clk_50M_dup_1 as clock net
SYN-4026 : Tagged 2 rtl::Net as clock net
SYN-4015 : Create BUFG instance for clk Net U1/scan_clk to drive 20 clock pins.
PHY-1001 : Populate physical database on model keyboard_instance.
RUN-1001 : There are total 838 instances
RUN-0007 : 413 luts, 246 seqs, 110 mslices, 41 lslices, 24 pads, 0 brams, 0 dsps
RUN-1001 : There are total 980 nets
RUN-1001 : 608 nets have 2 pins
RUN-1001 : 240 nets have [3 - 5] pins
RUN-1001 : 105 nets have [6 - 10] pins
RUN-1001 : 15 nets have [11 - 20] pins
RUN-1001 : 10 nets have [21 - 99] pins
RUN-1001 : 2 nets have 100+ pins
RUN-1001 : Report Control nets information:
RUN-1001 : DFF Distribution
RUN-1001 : ----------------------------------
RUN-1001 :   CE   |  SSR  |  ASR  |  DFF Count  
RUN-1001 : ----------------------------------
RUN-1001 :   No   |  No   |  No   |     97      
RUN-1001 :   No   |  No   |  Yes  |     20      
RUN-1001 :   No   |  Yes  |  No   |     49      
RUN-1001 :   Yes  |  No   |  No   |     48      
RUN-1001 :   Yes  |  No   |  Yes  |     32      
RUN-1001 :   Yes  |  Yes  |  No   |      0      
RUN-1001 : ----------------------------------
RUN-0007 : Control Group Statistic
RUN-0007 : ---------------------------
RUN-0007 :   #CLK  |  #CE  |  #SSR/ASR  
RUN-0007 : ---------------------------
RUN-0007 :    2    |   5   |     3      
RUN-0007 : ---------------------------
RUN-0007 : Control Set = 8
PHY-3001 : Initial placement ...
PHY-3001 : design contains 836 instances, 413 luts, 246 seqs, 151 slices, 15 macros(151 instances: 110 mslices 41 lslices)
PHY-0007 : Cell area utilization is 3%
PHY-3001 : Start timing update ...
RUN-1002 : start command "start_timer -report"
TMR-2505 : Start building timing graph for model keyboard_instance.
TMR-2506 : Build timing graph completely. Port num: 8, tpin num: 3668, tnet num: 978, tinst num: 836, tnode num: 4341, tedge num: 5879.
TMR-2508 : Levelizing timing graph completed, there are 47 levels in total.
TMR-2501 : Timing graph initialized successfully.
TMR-2503 : Start to update net delay, extr mode = 2.
TMR-2504 : Update delay of 978 nets completely.
TMR-2502 : Annotate delay completely, extr mode = 2.
TMR-3001 : Initiate 0 clocks from SDC.
TMR-3004 : Map sdc constraints, there are 0 constraints in total.
TMR-3003 : Constraints initiated successfully.
TMR-3501 : Forward propagation: start to calculate arrival time...
TMR-3502 : Backward propagation: start to calculate required time...
TMR-3503 : Timing propagation completes.
PHY-3001 : End timing update;  0.154576s wall, 0.015625s user + 0.000000s system = 0.015625s CPU (10.1%)

PHY-3001 : Global placement ...
PHY-3001 : Initial: Len = 243976
PHY-3001 : Clustering ...
PHY-3001 : Level 0 #clusters 836.
PHY-3001 : End clustering;  0.000035s wall, 0.000000s user + 0.000000s system = 0.000000s CPU (n/a%)

PHY-3001 : Run with size of 4
PHY-3001 : Cell area utilization is 3%
PHY-3001 : :::0::: Try harder cell spreading with beta_ = 0
PHY-3002 : Step(1): len = 161337, overlap = 0
PHY-3002 : Step(2): len = 104082, overlap = 0
PHY-3002 : Step(3): len = 77502.9, overlap = 0
PHY-3002 : Step(4): len = 54967.5, overlap = 0
PHY-3002 : Step(5): len = 44097.3, overlap = 0
PHY-3002 : Step(6): len = 37239.4, overlap = 4.40625
PHY-3002 : Step(7): len = 29968.9, overlap = 9.0625
PHY-3002 : Step(8): len = 25816, overlap = 14.8125
PHY-3002 : Step(9): len = 25295.5, overlap = 16.2188
PHY-3002 : Step(10): len = 22127.5, overlap = 17.9375
PHY-3002 : Step(11): len = 19856.1, overlap = 18.375
PHY-3002 : Step(12): len = 20002.5, overlap = 20.2812
PHY-3002 : Step(13): len = 20355.5, overlap = 20.5
PHY-3002 : Step(14): len = 19595.7, overlap = 19.9375
PHY-3002 : Step(15): len = 17418.2, overlap = 19.6562
PHY-3001 : :::1::: Try harder cell spreading with beta_ = 0.00403253
PHY-3002 : Step(16): len = 16538.3, overlap = 18.2188
PHY-3002 : Step(17): len = 16821, overlap = 18
PHY-3002 : Step(18): len = 16917.5, overlap = 15.4375
PHY-3001 : :::2::: Try harder cell spreading with beta_ = 0.00806506
PHY-3002 : Step(19): len = 15581.6, overlap = 16.3125
PHY-3002 : Step(20): len = 15643.1, overlap = 16.625
PHY-3002 : Step(21): len = 15508, overlap = 17.3125
PHY-3001 : Legalization ...
PHY-3001 : End legalization;  0.004102s wall, 0.000000s user + 0.000000s system = 0.000000s CPU (n/a%)

PHY-3001 : Run with size of 4
PHY-3001 : Cell area utilization is 4%
PHY-3001 : Update timing in Manhattan mode ...
TMR-2503 : Start to update net delay, extr mode = 3.
TMR-2504 : Update delay of 978 nets completely.
TMR-2502 : Annotate delay completely, extr mode = 3.
TMR-3501 : Forward propagation: start to calculate arrival time...
TMR-3502 : Backward propagation: start to calculate required time...
TMR-3503 : Timing propagation completes.
PHY-3001 : End timing update;  0.009857s wall, 0.000000s user + 0.000000s system = 0.000000s CPU (n/a%)

PHY-3001 : :::0::: Try harder cell spreading with beta_ = 1.80779e-06
PHY-3002 : Step(22): len = 15424.7, overlap = 33.9062
PHY-3002 : Step(23): len = 15543.7, overlap = 34
PHY-3001 : :::1::: Try harder cell spreading with beta_ = 3.61558e-06
PHY-3002 : Step(24): len = 15062.2, overlap = 33.8125
PHY-3002 : Step(25): len = 15169, overlap = 33.5312
PHY-3001 : :::2::: Try harder cell spreading with beta_ = 7.23116e-06
PHY-3002 : Step(26): len = 15560.4, overlap = 32.0312
PHY-3002 : Step(27): len = 15560.4, overlap = 32.0312
PHY-3002 : Step(28): len = 15304.1, overlap = 31.0938
PHY-3001 : :::3::: Try harder cell spreading with beta_ = 1.44623e-05
PHY-3002 : Step(29): len = 17392, overlap = 26.1875
PHY-3002 : Step(30): len = 17721.9, overlap = 25.9688
PHY-3002 : Step(31): len = 17321.1, overlap = 25.5938
PHY-3002 : Step(32): len = 17530.6, overlap = 25.9688
PHY-3002 : Step(33): len = 17267, overlap = 26.9375
PHY-3002 : Step(34): len = 17843.8, overlap = 27.3438
PHY-3002 : Step(35): len = 17294, overlap = 16.5625
PHY-3002 : Step(36): len = 16857.4, overlap = 19.25
PHY-3002 : Step(37): len = 16873.5, overlap = 14.9062
PHY-3002 : Step(38): len = 16589.2, overlap = 19.5938
PHY-3002 : Step(39): len = 15442.5, overlap = 21.7188
PHY-3002 : Step(40): len = 15624.8, overlap = 22.7812
PHY-3002 : Step(41): len = 15977.3, overlap = 22.25
PHY-3001 : :::4::: Try harder cell spreading with beta_ = 2.89246e-05
PHY-3002 : Step(42): len = 14983.4, overlap = 21.3438
PHY-3002 : Step(43): len = 15151.3, overlap = 21.5625
PHY-3002 : Step(44): len = 15418.5, overlap = 23.5
PHY-3001 : :::5::: Try harder cell spreading with beta_ = 5.78493e-05
PHY-3002 : Step(45): len = 14671.8, overlap = 25.125
PHY-3002 : Step(46): len = 14890.3, overlap = 26.5
PHY-3002 : Step(47): len = 15179.6, overlap = 25
PHY-3001 : Run with size of 2
PHY-3001 : Cell area utilization is 4%
PHY-3001 : Update timing in Manhattan mode ...
TMR-2503 : Start to update net delay, extr mode = 3.
TMR-2504 : Update delay of 978 nets completely.
TMR-2502 : Annotate delay completely, extr mode = 3.
TMR-3501 : Forward propagation: start to calculate arrival time...
TMR-3502 : Backward propagation: start to calculate required time...
TMR-3503 : Timing propagation completes.
PHY-3001 : End timing update;  0.010144s wall, 0.000000s user + 0.000000s system = 0.000000s CPU (n/a%)

PHY-3001 : :::0::: Try harder cell spreading with beta_ = 1.26426e-05
PHY-3002 : Step(48): len = 15275.4, overlap = 45.5312
PHY-3002 : Step(49): len = 15544.7, overlap = 45.2812
PHY-3002 : Step(50): len = 17743.4, overlap = 34.3438
PHY-3002 : Step(51): len = 18328.5, overlap = 33.375
PHY-3002 : Step(52): len = 17663.2, overlap = 33.875
PHY-3002 : Step(53): len = 16523, overlap = 34.5
PHY-3002 : Step(54): len = 16501, overlap = 34.375
PHY-3002 : Step(55): len = 16516.7, overlap = 34.5
PHY-3001 : :::1::: Try harder cell spreading with beta_ = 2.52851e-05
PHY-3002 : Step(56): len = 16541.2, overlap = 36.8438
PHY-3002 : Step(57): len = 16829.4, overlap = 29.1562
PHY-3002 : Step(58): len = 17001.2, overlap = 28.8438
PHY-3001 : :::2::: Try harder cell spreading with beta_ = 5.05703e-05
PHY-3002 : Step(59): len = 17424, overlap = 24.4375
PHY-3002 : Step(60): len = 17634.2, overlap = 23.9375
PHY-3002 : Step(61): len = 17779.2, overlap = 22.7188
OPT-1001 : Start physical optimization ...
RUN-1002 : start command "start_timer -report"
TMR-2505 : Start building timing graph for model keyboard_instance.
TMR-2506 : Build timing graph completely. Port num: 8, tpin num: 3668, tnet num: 978, tinst num: 836, tnode num: 4341, tedge num: 5879.
TMR-2508 : Levelizing timing graph completed, there are 47 levels in total.
TMR-2501 : Timing graph initialized successfully.
OPT-1001 : Total overflow 55.19 peak overflow 2.19
OPT-1001 : Start high-fanout net optimization ...
OPT-1001 : Update timing in global mode
PHY-1001 : Start incremental global routing, caller is place ...
RUN-1001 : Generating global routing grids ...
RUN-1001 : Building simple global routing graph ...
PHY-1001 : Generate routing nets ...
PHY-1001 : Reuse net number 0/980.
PHY-1001 : Global iterations in 16 thread ...
PHY-1002 : len = 19056, over cnt = 87(0%), over = 319, worst = 17
PHY-1001 : End global iterations;  0.044437s wall, 0.000000s user + 0.000000s system = 0.000000s CPU (n/a%)

PHY-1001 : Congestion index: top1 = 25.99, top5 = 12.01, top10 = 6.99, top15 = 4.68.
PHY-1001 : End incremental global routing;  0.091087s wall, 0.000000s user + 0.000000s system = 0.000000s CPU (n/a%)

TMR-2503 : Start to update net delay, extr mode = 5.
TMR-2504 : Update delay of 978 nets completely.
TMR-2502 : Annotate delay completely, extr mode = 5.
TMR-3001 : Initiate 0 clocks from SDC.
TMR-3004 : Map sdc constraints, there are 0 constraints in total.
TMR-3003 : Constraints initiated successfully.
TMR-3501 : Forward propagation: start to calculate arrival time...
TMR-3502 : Backward propagation: start to calculate required time...
TMR-3503 : Timing propagation completes.
OPT-1001 : End timing update;  0.012378s wall, 0.000000s user + 0.000000s system = 0.000000s CPU (n/a%)

OPT-1001 : 0 high-fanout net processed.
OPT-1001 : End high-fanout net optimization;  0.113342s wall, 0.000000s user + 0.000000s system = 0.000000s CPU (n/a%)

OPT-1001 : Current memory(MB): used = 151, reserve = 122, peak = 151.
OPT-1001 : Start global optimization ...
OPT-1001 : Start congestion update ...
RUN-1001 : Generating global routing grids ...
PHY-1001 : Generate routing nets ...
PHY-1001 : Reuse net number 597/980.
PHY-1001 : Global iterations in 16 thread ...
PHY-1002 : len = 19056, over cnt = 87(0%), over = 319, worst = 17
PHY-1002 : len = 20608, over cnt = 50(0%), over = 163, worst = 12
PHY-1002 : len = 22400, over cnt = 17(0%), over = 49, worst = 10
PHY-1002 : len = 22904, over cnt = 1(0%), over = 1, worst = 1
PHY-1002 : len = 22920, over cnt = 0(0%), over = 0, worst = 0
PHY-1001 : End global iterations;  0.079960s wall, 0.000000s user + 0.000000s system = 0.000000s CPU (n/a%)

PHY-1001 : Congestion index: top1 = 25.45, top5 = 13.09, top10 = 7.86, top15 = 5.33.
OPT-1001 : End congestion update;  0.146956s wall, 0.046875s user + 0.000000s system = 0.046875s CPU (31.9%)

OPT-1001 : Update timing in Manhattan mode
TMR-2503 : Start to update net delay, extr mode = 3.
TMR-2504 : Update delay of 978 nets completely.
TMR-2502 : Annotate delay completely, extr mode = 3.
TMR-3501 : Forward propagation: start to calculate arrival time...
TMR-3502 : Backward propagation: start to calculate required time...
TMR-3503 : Timing propagation completes.
OPT-1001 : End timing update;  0.010100s wall, 0.000000s user + 0.000000s system = 0.000000s CPU (n/a%)

OPT-0007 : Start: WNS 2147483647 TNS 0 NUM_FEPS 0
OPT-1001 : End global optimization;  0.157274s wall, 0.046875s user + 0.000000s system = 0.046875s CPU (29.8%)

OPT-1001 : Current memory(MB): used = 152, reserve = 124, peak = 152.
OPT-1001 : End physical optimization;  0.425109s wall, 0.078125s user + 0.000000s system = 0.078125s CPU (18.4%)

PHY-3001 : Start packing ...
SYN-4007 : Packing 0 MUX to BLE ...
SYN-4008 : Packed 0 MUX and 0 SEQ to BLE.
SYN-4007 : Packing 413 LUT to BLE ...
SYN-4008 : Packed 413 LUT and 143 SEQ to BLE.
SYN-4003 : Packing 103 remaining SEQ's ...
SYN-4005 : Packed 69 SEQ with LUT/SLICE
SYN-4006 : 208 single LUT's are left
SYN-4006 : 34 single SEQ's are left
SYN-4011 : Packing model "keyboard_instance" (AL_USER_NORMAL) with 447/626 primitive instances ...
PHY-3001 : End packing;  0.035363s wall, 0.015625s user + 0.000000s system = 0.015625s CPU (44.2%)

PHY-1001 : Populate physical database on model keyboard_instance.
RUN-1001 : There are total 412 instances
RUN-1001 : 192 mslices, 192 lslices, 24 pads, 0 brams, 0 dsps
RUN-1001 : There are total 849 nets
RUN-1001 : 477 nets have 2 pins
RUN-1001 : 245 nets have [3 - 5] pins
RUN-1001 : 101 nets have [6 - 10] pins
RUN-1001 : 16 nets have [11 - 20] pins
RUN-1001 : 8 nets have [21 - 99] pins
RUN-1001 : 2 nets have 100+ pins
PHY-3001 : design contains 410 instances, 384 slices, 15 macros(151 instances: 110 mslices 41 lslices)
PHY-3001 : Cell area utilization is 5%
PHY-3001 : After packing: Len = 18148, Over = 29.75
PHY-3001 : Run with size of 2
PHY-3001 : Cell area utilization is 5%
PHY-3001 : Update timing in Manhattan mode ...
RUN-1002 : start command "start_timer -report"
TMR-2505 : Start building timing graph for model keyboard_instance.
TMR-2506 : Build timing graph completely. Port num: 8, tpin num: 3215, tnet num: 847, tinst num: 410, tnode num: 3709, tedge num: 5375.
TMR-2508 : Levelizing timing graph completed, there are 45 levels in total.
TMR-2501 : Timing graph initialized successfully.
TMR-2503 : Start to update net delay, extr mode = 3.
TMR-2504 : Update delay of 847 nets completely.
TMR-2502 : Annotate delay completely, extr mode = 3.
TMR-3001 : Initiate 0 clocks from SDC.
TMR-3004 : Map sdc constraints, there are 0 constraints in total.
TMR-3003 : Constraints initiated successfully.
TMR-3501 : Forward propagation: start to calculate arrival time...
TMR-3502 : Backward propagation: start to calculate required time...
TMR-3503 : Timing propagation completes.
PHY-3001 : End timing update;  0.171541s wall, 0.015625s user + 0.000000s system = 0.015625s CPU (9.1%)

PHY-3001 : :::0::: Try harder cell spreading with beta_ = 1.58272e-05
PHY-3002 : Step(62): len = 17318.3, overlap = 31.25
PHY-3002 : Step(63): len = 17390.3, overlap = 31.25
PHY-3002 : Step(64): len = 17143.2, overlap = 35.75
PHY-3002 : Step(65): len = 17068.2, overlap = 36
PHY-3002 : Step(66): len = 16592.4, overlap = 36.25
PHY-3002 : Step(67): len = 16215.4, overlap = 36.5
PHY-3002 : Step(68): len = 16211.6, overlap = 37
PHY-3002 : Step(69): len = 15984.2, overlap = 37.5
PHY-3002 : Step(70): len = 16064.9, overlap = 36.75
PHY-3002 : Step(71): len = 16050.4, overlap = 36
PHY-3002 : Step(72): len = 16160.1, overlap = 37.25
PHY-3002 : Step(73): len = 16302.8, overlap = 37.25
PHY-3002 : Step(74): len = 16383, overlap = 33.5
PHY-3002 : Step(75): len = 16399.8, overlap = 34.5
PHY-3002 : Step(76): len = 15978.4, overlap = 33.5
PHY-3002 : Step(77): len = 15286.6, overlap = 37.25
PHY-3002 : Step(78): len = 15005.7, overlap = 40
PHY-3002 : Step(79): len = 14728.4, overlap = 40
PHY-3002 : Step(80): len = 14579.6, overlap = 40.75
PHY-3002 : Step(81): len = 14760.7, overlap = 41
PHY-3002 : Step(82): len = 14641.3, overlap = 41.25
PHY-3002 : Step(83): len = 14796.3, overlap = 41.5
PHY-3002 : Step(84): len = 15105.8, overlap = 39.5
PHY-3001 : :::1::: Try harder cell spreading with beta_ = 3.16543e-05
PHY-3002 : Step(85): len = 15615.6, overlap = 36.75
PHY-3002 : Step(86): len = 15858.4, overlap = 37
PHY-3002 : Step(87): len = 15966, overlap = 32.5
PHY-3002 : Step(88): len = 16045, overlap = 31
PHY-3002 : Step(89): len = 15928.5, overlap = 29.5
PHY-3001 : :::2::: Try harder cell spreading with beta_ = 6.33087e-05
PHY-3002 : Step(90): len = 16457.5, overlap = 29.75
PHY-3002 : Step(91): len = 16632.9, overlap = 29.75
PHY-3002 : Step(92): len = 17115.4, overlap = 29.75
PHY-3001 : Legalization ...
PHY-3001 : End legalization;  0.065505s wall, 0.000000s user + 0.000000s system = 0.000000s CPU (n/a%)

PHY-3001 : Trial Legalized: Len = 26145.3
PHY-3001 : Run with size of 2
PHY-3001 : Cell area utilization is 5%
PHY-3001 : Update timing in Manhattan mode ...
TMR-2503 : Start to update net delay, extr mode = 3.
TMR-2504 : Update delay of 847 nets completely.
TMR-2502 : Annotate delay completely, extr mode = 3.
TMR-3501 : Forward propagation: start to calculate arrival time...
TMR-3502 : Backward propagation: start to calculate required time...
TMR-3503 : Timing propagation completes.
PHY-3001 : End timing update;  0.008900s wall, 0.000000s user + 0.000000s system = 0.000000s CPU (n/a%)

PHY-3001 : :::0::: Try harder cell spreading with beta_ = 0.000385239
PHY-3002 : Step(93): len = 21546.5, overlap = 5.5
PHY-3002 : Step(94): len = 20580.3, overlap = 9.25
PHY-3002 : Step(95): len = 18823, overlap = 11.75
PHY-3002 : Step(96): len = 18615.6, overlap = 12.5
PHY-3002 : Step(97): len = 18510.5, overlap = 12.25
PHY-3002 : Step(98): len = 18449.6, overlap = 11.5
PHY-3002 : Step(99): len = 18280.4, overlap = 12.25
PHY-3002 : Step(100): len = 18302.2, overlap = 12
PHY-3002 : Step(101): len = 18280, overlap = 12.25
PHY-3001 : :::1::: Try harder cell spreading with beta_ = 0.000770478
PHY-3002 : Step(102): len = 18386.2, overlap = 12
PHY-3002 : Step(103): len = 18396.5, overlap = 11.5
PHY-3002 : Step(104): len = 18351.7, overlap = 11.75
PHY-3001 : :::2::: Try harder cell spreading with beta_ = 0.00154096
PHY-3002 : Step(105): len = 18423.1, overlap = 12
PHY-3002 : Step(106): len = 18456, overlap = 11.75
PHY-3001 : Legalization ...
PHY-3001 : End legalization;  0.005119s wall, 0.000000s user + 0.000000s system = 0.000000s CPU (n/a%)

PHY-3001 : Legalized: Len = 21882.6, Over = 0
PHY-3001 : Spreading special nets. 1 overflows in 2952 tiles.
PHY-3001 : End spreading;  0.002971s wall, 0.000000s user + 0.000000s system = 0.000000s CPU (n/a%)

PHY-3001 : 2 instances has been re-located, deltaX = 0, deltaY = 2, maxDist = 1.
PHY-3001 : Final: Len = 21922.6, Over = 0
OPT-1001 : Start physical optimization ...
RUN-1002 : start command "start_timer -report"
TMR-2505 : Start building timing graph for model keyboard_instance.
TMR-2506 : Build timing graph completely. Port num: 8, tpin num: 3215, tnet num: 847, tinst num: 410, tnode num: 3709, tedge num: 5375.
TMR-2508 : Levelizing timing graph completed, there are 45 levels in total.
TMR-2501 : Timing graph initialized successfully.
OPT-1001 : Total overflow 0.00 peak overflow 0.00
OPT-1001 : Start high-fanout net optimization ...
OPT-1001 : Update timing in global mode
PHY-1001 : Start incremental global routing, caller is place ...
RUN-1001 : Generating global routing grids ...
PHY-1001 : Generate routing nets ...
PHY-1001 : Reuse net number 5/849.
PHY-1001 : Global iterations in 16 thread ...
PHY-1002 : len = 25112, over cnt = 75(0%), over = 116, worst = 6
PHY-1002 : len = 25976, over cnt = 22(0%), over = 22, worst = 1
PHY-1002 : len = 26120, over cnt = 9(0%), over = 9, worst = 1
PHY-1002 : len = 26256, over cnt = 0(0%), over = 0, worst = 0
PHY-1001 : End global iterations;  0.107772s wall, 0.000000s user + 0.000000s system = 0.000000s CPU (n/a%)

PHY-1001 : Congestion index: top1 = 22.63, top5 = 15.53, top10 = 9.57, top15 = 6.50.
PHY-1001 : End incremental global routing;  0.160677s wall, 0.000000s user + 0.000000s system = 0.000000s CPU (n/a%)

TMR-2503 : Start to update net delay, extr mode = 5.
TMR-2504 : Update delay of 847 nets completely.
TMR-2502 : Annotate delay completely, extr mode = 5.
TMR-3001 : Initiate 0 clocks from SDC.
TMR-3004 : Map sdc constraints, there are 0 constraints in total.
TMR-3003 : Constraints initiated successfully.
TMR-3501 : Forward propagation: start to calculate arrival time...
TMR-3502 : Backward propagation: start to calculate required time...
TMR-3503 : Timing propagation completes.
OPT-1001 : End timing update;  0.014072s wall, 0.000000s user + 0.000000s system = 0.000000s CPU (n/a%)

OPT-1001 : 0 high-fanout net processed.
OPT-1001 : End high-fanout net optimization;  0.186805s wall, 0.000000s user + 0.000000s system = 0.000000s CPU (n/a%)

OPT-1001 : Current memory(MB): used = 155, reserve = 127, peak = 155.
OPT-1001 : Start path based optimization ...
OPT-1001 : Start congestion update ...
RUN-1001 : Generating global routing grids ...
PHY-1001 : Generate routing nets ...
PHY-1001 : Reuse net number 693/849.
PHY-1001 : Global iterations in 16 thread ...
PHY-1002 : len = 26256, over cnt = 0(0%), over = 0, worst = 0
PHY-1001 : End global iterations;  0.002498s wall, 0.000000s user + 0.000000s system = 0.000000s CPU (n/a%)

PHY-1001 : Congestion index: top1 = 22.63, top5 = 15.53, top10 = 9.57, top15 = 6.50.
OPT-1001 : End congestion update;  0.047507s wall, 0.015625s user + 0.000000s system = 0.015625s CPU (32.9%)

OPT-1001 : Update timing in Manhattan mode
TMR-2503 : Start to update net delay, extr mode = 3.
TMR-2504 : Update delay of 847 nets completely.
TMR-2502 : Annotate delay completely, extr mode = 3.
TMR-3501 : Forward propagation: start to calculate arrival time...
TMR-3502 : Backward propagation: start to calculate required time...
TMR-3503 : Timing propagation completes.
OPT-1001 : End timing update;  0.009641s wall, 0.000000s user + 0.000000s system = 0.000000s CPU (n/a%)

OPT-0007 : Start: WNS 2147483647 TNS 0 NUM_FEPS 0
OPT-1001 : End path based optimization;  0.057246s wall, 0.015625s user + 0.000000s system = 0.015625s CPU (27.3%)

OPT-1001 : Current memory(MB): used = 155, reserve = 127, peak = 155.
OPT-1001 : Update timing in Manhattan mode
TMR-2503 : Start to update net delay, extr mode = 3.
TMR-2504 : Update delay of 847 nets completely.
TMR-2502 : Annotate delay completely, extr mode = 3.
TMR-3501 : Forward propagation: start to calculate arrival time...
TMR-3502 : Backward propagation: start to calculate required time...
TMR-3503 : Timing propagation completes.
OPT-1001 : End timing update;  0.008125s wall, 0.000000s user + 0.000000s system = 0.000000s CPU (n/a%)

OPT-1001 : Start pin optimization...
OPT-1001 : skip pin optimization...
OPT-1001 : Update timing in global mode
PHY-1001 : Start incremental global routing, caller is place ...
RUN-1001 : Generating global routing grids ...
PHY-1001 : Generate routing nets ...
PHY-1001 : Reuse net number 693/849.
PHY-1001 : Global iterations in 16 thread ...
PHY-1002 : len = 26256, over cnt = 0(0%), over = 0, worst = 0
PHY-1001 : End global iterations;  0.002838s wall, 0.000000s user + 0.000000s system = 0.000000s CPU (n/a%)

PHY-1001 : Congestion index: top1 = 22.63, top5 = 15.53, top10 = 9.57, top15 = 6.50.
PHY-1001 : End incremental global routing;  0.046761s wall, 0.000000s user + 0.000000s system = 0.000000s CPU (n/a%)

TMR-2503 : Start to update net delay, extr mode = 5.
TMR-2504 : Update delay of 847 nets completely.
TMR-2502 : Annotate delay completely, extr mode = 5.
TMR-3501 : Forward propagation: start to calculate arrival time...
TMR-3502 : Backward propagation: start to calculate required time...
TMR-3503 : Timing propagation completes.
OPT-1001 : End timing update;  0.014235s wall, 0.000000s user + 0.000000s system = 0.000000s CPU (n/a%)

RUN-1001 : Generating global routing grids ...
PHY-1001 : Generate routing nets ...
PHY-1001 : Reuse net number 693/849.
PHY-1001 : Global iterations in 16 thread ...
PHY-1002 : len = 26256, over cnt = 0(0%), over = 0, worst = 0
PHY-1001 : End global iterations;  0.002510s wall, 0.000000s user + 0.000000s system = 0.000000s CPU (n/a%)

PHY-1001 : Congestion index: top1 = 22.63, top5 = 15.53, top10 = 9.57, top15 = 6.50.
OPT-1001 : Update timing in Manhattan mode
TMR-2503 : Start to update net delay, extr mode = 3.
TMR-2504 : Update delay of 847 nets completely.
TMR-2502 : Annotate delay completely, extr mode = 3.
TMR-3501 : Forward propagation: start to calculate arrival time...
TMR-3502 : Backward propagation: start to calculate required time...
TMR-3503 : Timing propagation completes.
OPT-1001 : End timing update;  0.009333s wall, 0.000000s user + 0.000000s system = 0.000000s CPU (n/a%)

RUN-1001 : QoR Analysis:
OPT-0007 :   WNS 2147483647 TNS 0 NUM_FEPS 0
RUN-1001 :   No local congestion issue, and most congested 1% tile average routing util is 22.206897
RUN-1001 :   Top critical paths
OPT-1001 : End physical optimization;  0.554634s wall, 0.156250s user + 0.000000s system = 0.156250s CPU (28.2%)

RUN-1003 : finish command "place" in  3.997677s wall, 0.453125s user + 0.218750s system = 0.671875s CPU (16.8%)

RUN-1004 : used memory is 138 MB, reserved memory is 109 MB, peak memory is 155 MB
RUN-1002 : start command "export_db keyboard_place.db"
RUN-1001 : Exported /
RUN-1001 : Exported flow parameters
RUN-1001 : Exported libs
RUN-1001 : Exported entities
RUN-1001 : Exported ports
RUN-1001 : Exported pins
RUN-1001 : Exported instances
RUN-1001 : Exported nets
RUN-1001 : Exported buses
RUN-1001 : Exported models
RUN-1001 : Exported congestions
RUN-1001 : Exported violations
RUN-1001 : Exported timing constraints
RUN-1001 : Exported IO constraints
RUN-1001 : Exported Inst constraints
RUN-1002 : start command "route"
RUN-1001 : Open license file E:/Anlogic/TD5.6.59063/license/Anlogic.lic
RUN-1001 : Print Global Property
RUN-1001 : ---------------------------------------------------------------
RUN-1001 :        Parameters        |  Settings  |  Default Values  |  Note  
RUN-1001 : ---------------------------------------------------------------
RUN-1001 :          message         |  standard  |     standard     |        
RUN-1001 :   mixed_pack_place_flow  |     on     |        on        |        
RUN-1001 :        qor_monitor       |    off     |       off        |        
RUN-1001 :        syn_ip_flow       |    off     |       off        |        
RUN-1001 :          thread          |    auto    |       auto       |        
RUN-1001 : ---------------------------------------------------------------
RUN-1001 : Print Route Property
RUN-1001 : -------------------------------------------------------
RUN-1001 :    Parameters    |  Settings  |  Default Values  |  Note  
RUN-1001 : -------------------------------------------------------
RUN-1001 :      effort      |   medium   |      medium      |        
RUN-1001 :     fix_hold     |    off     |       off        |        
RUN-1001 :    opt_timing    |   medium   |      medium      |        
RUN-1001 :   phy_sim_model  |    off     |       off        |        
RUN-1001 :     priority     |   timing   |      timing      |        
RUN-1001 :     swap_pin     |     on     |        on        |        
RUN-1001 : -------------------------------------------------------
PHY-1001 : Route runs in 16 thread(s)
RUN-1001 : There are total 412 instances
RUN-1001 : 192 mslices, 192 lslices, 24 pads, 0 brams, 0 dsps
RUN-1001 : There are total 849 nets
RUN-1001 : 477 nets have 2 pins
RUN-1001 : 245 nets have [3 - 5] pins
RUN-1001 : 101 nets have [6 - 10] pins
RUN-1001 : 16 nets have [11 - 20] pins
RUN-1001 : 8 nets have [21 - 99] pins
RUN-1001 : 2 nets have 100+ pins
RUN-1002 : start command "start_timer -report"
TMR-2505 : Start building timing graph for model keyboard_instance.
TMR-2506 : Build timing graph completely. Port num: 8, tpin num: 3215, tnet num: 847, tinst num: 410, tnode num: 3709, tedge num: 5375.
TMR-2508 : Levelizing timing graph completed, there are 45 levels in total.
TMR-2501 : Timing graph initialized successfully.
PHY-1001 : 192 mslices, 192 lslices, 24 pads, 0 brams, 0 dsps
TMR-2503 : Start to update net delay, extr mode = 3.
TMR-2504 : Update delay of 847 nets completely.
TMR-2502 : Annotate delay completely, extr mode = 3.
TMR-3001 : Initiate 0 clocks from SDC.
TMR-3004 : Map sdc constraints, there are 0 constraints in total.
TMR-3003 : Constraints initiated successfully.
TMR-3501 : Forward propagation: start to calculate arrival time...
TMR-3502 : Backward propagation: start to calculate required time...
TMR-3503 : Timing propagation completes.
PHY-1001 : Start global routing, caller is route ...
RUN-1001 : Generating global routing grids ...
PHY-1001 : Generate routing nets ...
PHY-1001 : Global iterations in 16 thread ...
PHY-1002 : len = 25040, over cnt = 76(0%), over = 116, worst = 6
PHY-1002 : len = 25888, over cnt = 22(0%), over = 22, worst = 1
PHY-1002 : len = 26104, over cnt = 4(0%), over = 4, worst = 1
PHY-1002 : len = 26168, over cnt = 0(0%), over = 0, worst = 0
PHY-1001 : End global iterations;  0.098993s wall, 0.015625s user + 0.000000s system = 0.015625s CPU (15.8%)

PHY-1001 : Congestion index: top1 = 22.69, top5 = 15.55, top10 = 9.56, top15 = 6.49.
PHY-1001 : End global routing;  0.143915s wall, 0.031250s user + 0.000000s system = 0.031250s CPU (21.7%)

PHY-1001 : Start detail routing ...
PHY-1001 : Current memory(MB): used = 174, reserve = 146, peak = 190.
PHY-1001 : Detailed router is running in normal mode.
PHY-1001 : Generate detailed routing grids ...
PHY-1001 : Generate nets ...
PHY-1001 : net clk_50M_dup_1 will be routed on clock mesh
PHY-1001 : clock net U1/scan_clk_syn_4 will be merged with clock U1/scan_clk
PHY-1001 : Current memory(MB): used = 443, reserve = 421, peak = 443.
PHY-1001 : End build detailed router design. 4.129945s wall, 0.875000s user + 0.031250s system = 0.906250s CPU (21.9%)

PHY-1001 : Detail Route ...
PHY-1001 : ===== Detail Route Phase 1 =====
PHY-1001 : Clock net routing.....
PHY-1001 : Routed 0% nets.
PHY-1022 : len = 8280, over cnt = 0(0%), over = 0, worst = 0, crit = 0
PHY-1001 : End initial clock net routed; 0.469186s wall, 0.125000s user + 0.000000s system = 0.125000s CPU (26.6%)

PHY-1001 : Current memory(MB): used = 472, reserve = 452, peak = 472.
PHY-1001 : End phase 1; 0.475279s wall, 0.125000s user + 0.000000s system = 0.125000s CPU (26.3%)

PHY-1001 : ===== Detail Route Phase 2 =====
PHY-1001 : Initial routing.....
PHY-1001 : Routed 8% nets.
PHY-1001 : Routed 17% nets.
PHY-1001 : Routed 20% nets.
PHY-1001 : Patch 510 net; 0.350560s wall, 0.046875s user + 0.000000s system = 0.046875s CPU (13.4%)

PHY-1022 : len = 49536, over cnt = 42(0%), over = 42, worst = 1, crit = 0
PHY-1001 : Current memory(MB): used = 472, reserve = 452, peak = 473.
PHY-1001 : End initial routed; 0.423025s wall, 0.046875s user + 0.000000s system = 0.046875s CPU (11.1%)

PHY-1001 : Update timing.....
PHY-1001 : 0/687(0%) critical/total net(s).
RUN-1001 : ------------------------------------------
RUN-1001 :   Type   |    WNS(ns)    |  TNS(ns)  |  FEP  
RUN-1001 : ------------------------------------------
RUN-1001 :   Setup  |  2147483.647  |   0.000   |   0   
RUN-1001 :   Hold   |  2147483.647  |   0.000   |   0   
RUN-1001 : ------------------------------------------
PHY-1001 : End update timing; 0.189577s wall, 0.015625s user + 0.000000s system = 0.015625s CPU (8.2%)

PHY-1001 : Current memory(MB): used = 473, reserve = 452, peak = 473.
PHY-1001 : End phase 2; 0.612701s wall, 0.062500s user + 0.000000s system = 0.062500s CPU (10.2%)

PHY-1001 : ===== Detail Route Phase 3 =====
PHY-1001 : Optimize timing.....
PHY-1022 : len = 49536, over cnt = 42(0%), over = 42, worst = 1, crit = 0
PHY-1001 : End optimize timing; 0.006008s wall, 0.000000s user + 0.000000s system = 0.000000s CPU (n/a%)

PHY-1001 : Ripup-reroute.....
PHY-1001 : ===== DR Iter 1 =====
PHY-1022 : len = 49736, over cnt = 2(0%), over = 2, worst = 1, crit = 0
PHY-1001 : End DR Iter 1; 0.043542s wall, 0.000000s user + 0.000000s system = 0.000000s CPU (n/a%)

PHY-1001 : ===== DR Iter 2 =====
PHY-1022 : len = 49760, over cnt = 0(0%), over = 0, worst = 0, crit = 0
PHY-1001 : End DR Iter 2; 0.018903s wall, 0.000000s user + 0.000000s system = 0.000000s CPU (n/a%)

PHY-1001 : Update timing.....
PHY-1001 : 0/687(0%) critical/total net(s).
RUN-1001 : ------------------------------------------
RUN-1001 :   Type   |    WNS(ns)    |  TNS(ns)  |  FEP  
RUN-1001 : ------------------------------------------
RUN-1001 :   Setup  |  2147483.647  |   0.000   |   0   
RUN-1001 :   Hold   |  2147483.647  |   0.000   |   0   
RUN-1001 : ------------------------------------------
PHY-1001 : End update timing; 0.204157s wall, 0.015625s user + 0.000000s system = 0.015625s CPU (7.7%)

PHY-1001 : Commit to database.....
PHY-1001 : 9 feed throughs used by 8 nets
PHY-1001 : End commit to database; 0.080512s wall, 0.000000s user + 0.000000s system = 0.000000s CPU (n/a%)

PHY-1001 : Current memory(MB): used = 485, reserve = 464, peak = 485.
PHY-1001 : End phase 3; 0.504243s wall, 0.046875s user + 0.000000s system = 0.046875s CPU (9.3%)

PHY-1003 : Routed, final wirelength = 49760
PHY-1001 : Current memory(MB): used = 486, reserve = 464, peak = 486.
PHY-1001 : End export database. 0.006469s wall, 0.015625s user + 0.000000s system = 0.015625s CPU (241.5%)

PHY-1001 : End detail routing;  5.952492s wall, 1.156250s user + 0.031250s system = 1.187500s CPU (19.9%)

RUN-1003 : finish command "route" in  6.329878s wall, 1.281250s user + 0.031250s system = 1.312500s CPU (20.7%)

RUN-1004 : used memory is 438 MB, reserved memory is 417 MB, peak memory is 486 MB
RUN-1002 : start command "report_area -io_info -file keyboard_phy.area"
RUN-1001 : standard
***Report Model: keyboard_instance Device: EG4S20BG256***

IO Statistics
#IO                        24
  #input                    6
  #output                  18
  #inout                    0

Utilization Statistics
#lut                      715   out of  19600    3.65%
#reg                      246   out of  19600    1.26%
#le                       749
  #lut only               503   out of    749   67.16%
  #reg only                34   out of    749    4.54%
  #lut&reg                212   out of    749   28.30%
#dsp                        0   out of     29    0.00%
#bram                       0   out of     64    0.00%
  #bram9k                   0
  #fifo9k                   0
#bram32k                    0   out of     16    0.00%
#pad                       24   out of    188   12.77%
  #ireg                     0
  #oreg                     0
  #treg                     0
#pll                        0   out of      4    0.00%
#gclk                       2   out of     16   12.50%

Clock Resource Statistics
Index     ClockNet         Type               DriverType         Driver                      Fanout
#1        clk_50M_dup_1    GCLK               io                 clk_50M_syn_2.di            133
#2        U1/scan_clk      GCLK               mslice             U1/scan_clk_reg_syn_9.q1    10


Detailed IO Report

        Name           Direction    Location    IOStandard    DriveStrength    PullType    PackReg  
        RSTn             INPUT         A9        LVCMOS33          N/A          PULLUP      NONE    
       clk_50M           INPUT         R7        LVCMOS33          N/A          PULLUP      NONE    
       col[3]            INPUT        F10        LVCMOS33          N/A          PULLUP      NONE    
       col[2]            INPUT        C11        LVCMOS33          N/A          PULLUP      NONE    
       col[1]            INPUT        D11        LVCMOS33          N/A          PULLUP      NONE    
       col[0]            INPUT        E11        LVCMOS33          N/A          PULLUP      NONE    
  DigitronCS_Out[3]     OUTPUT         A3        LVCMOS33           8            NONE       NONE    
  DigitronCS_Out[2]     OUTPUT         A5        LVCMOS33           8            NONE       NONE    
  DigitronCS_Out[1]     OUTPUT         B6        LVCMOS33           8            NONE       NONE    
  DigitronCS_Out[0]     OUTPUT         C9        LVCMOS33           8            NONE       NONE    
   Digitron_Out[7]      OUTPUT         C8        LVCMOS33           8            NONE       NONE    
   Digitron_Out[6]      OUTPUT         A8        LVCMOS33           8            NONE       NONE    
   Digitron_Out[5]      OUTPUT         B5        LVCMOS33           8            NONE       NONE    
   Digitron_Out[4]      OUTPUT         A7        LVCMOS33           8            NONE       NONE    
   Digitron_Out[3]      OUTPUT         E8        LVCMOS33           8            NONE       NONE    
   Digitron_Out[2]      OUTPUT         B8        LVCMOS33           8            NONE       NONE    
   Digitron_Out[1]      OUTPUT         A6        LVCMOS33           8            NONE       NONE    
   Digitron_Out[0]      OUTPUT         A4        LVCMOS33           8            NONE       NONE    
       buzzer           OUTPUT        H11        LVCMOS33           8            NONE       NONE    
        light           OUTPUT        B14        LVCMOS33           8            NONE       NONE    
       row[3]           OUTPUT         D9        LVCMOS33           8            NONE       NONE    
       row[2]           OUTPUT         F9        LVCMOS33           8            NONE       NONE    
       row[1]           OUTPUT        C10        LVCMOS33           8            NONE       NONE    
       row[0]           OUTPUT        E10        LVCMOS33           8            NONE       NONE    

Report Hierarchy Area:
+-------------------------------------------------------------------------------------------+
|Instance |Module                      |le     |lut     |ripple  |seq     |bram    |dsp     |
+-------------------------------------------------------------------------------------------+
|top      |keyboard_instance           |749    |564     |151     |246     |0       |0       |
|  U1     |keyboard_scan               |71     |49      |9       |53      |0       |0       |
|  U2     |key_filter                  |62     |35      |6       |52      |0       |0       |
|  U3     |onehot2binary               |568    |437     |131     |124     |0       |0       |
|  U5     |Digitron_TimeDisplay_module |43     |38      |5       |17      |0       |0       |
+-------------------------------------------------------------------------------------------+


DataNet Average Fanout:

   Index     Fanout    Nets  
    #1         1       453   
    #2         2       154   
    #3         3        44   
    #4         4        47   
    #5        5-10     102   
    #6       11-50      20   
    #7       51-100     1    
  Average     2.68           

RUN-1002 : start command "export_db keyboard_pr.db"
RUN-1001 : Exported /
RUN-1001 : Exported flow parameters
RUN-1001 : Exported libs
RUN-1001 : Exported entities
RUN-1001 : Exported ports
RUN-1001 : Exported pins
RUN-1001 : Exported instances
RUN-1001 : Exported nets
RUN-1001 : Exported buses
RUN-1001 : Exported models
RUN-1001 : Exported congestions
RUN-1001 : Exported violations
RUN-1001 : Exported timing constraints
RUN-1001 : Exported IO constraints
RUN-1001 : Exported Inst constraints
RUN-1002 : start command "export_bid keyboard_inst.bid"
RUN-1002 : start command "bitgen -bit keyboard.bit -unused_io_status pulldown"
BIT-1003 : Start to generate bitstream. 
BIT-1002 : Bitgen processed 164 unused pads, reserve input tri_state with pulldown
BIT-1002 : Init instances with 16 threads.
BIT-1002 : Init instances completely, inst num: 574
BIT-1002 : Init pips with 16 threads.
BIT-1002 : Init pips completely, net num: 849, pip num: 6203
BIT-1002 : Init feedthrough with 16 threads.
BIT-1002 : Init feedthrough completely, num: 9
BIT-1003 : Multithreading accelaration with 16 threads.
BIT-1003 : Generate bitstream completely, there are 714 valid insts, and 21035 bits set as '1'.
BIT-1004 : PLL setting string = 0000
BIT-1004 : Generate bits file keyboard.bit.
RUN-1003 : finish command "bitgen -bit keyboard.bit -unused_io_status pulldown" in  1.568572s wall, 7.875000s user + 0.031250s system = 7.906250s CPU (504.0%)

RUN-1004 : used memory is 437 MB, reserved memory is 412 MB, peak memory is 630 MB
RUN-1002 : start command "backup_run_log run.log ../.logs/phy_1/td_20240829_000503.log"
