============================================================
   Tang Dynasty, V5.6.59063
   Copyright (c) 2012-2022 Anlogic
   Executable = E:/Anlogic/TD5.6.59063/bin/td.exe
   Built at =   12:45:13 Sep  6 2022
   Run by =     19234
   Run Date =   Wed Aug 28 15:01:49 2024

   Run on =     ERIKPSW
============================================================
RUN-1002 : start command "open_project keyboard.prj"
RUN-1001 : Print Global Property
RUN-1001 : ---------------------------------------------------------------
RUN-1001 :        Parameters        |  Settings  |  Default Values  |  Note  
RUN-1001 : ---------------------------------------------------------------
RUN-1001 :          message         |  standard  |     standard     |        
RUN-1001 :   mixed_pack_place_flow  |     on     |        on        |        
RUN-1001 :        qor_monitor       |    off     |       off        |        
RUN-1001 :        syn_ip_flow       |    off     |       off        |        
RUN-1001 :          thread          |    auto    |       auto       |        
RUN-1001 : ---------------------------------------------------------------
RUN-1001 : Print Design Property
RUN-1001 : --------------------------------------------------------------
RUN-1001 :        Parameters       |  Settings  |  Default Values  |  Note  
RUN-1001 : --------------------------------------------------------------
RUN-1001 :   default_reg_initial   |    auto    |       auto       |        
RUN-1001 :        infer_add        |     on     |        on        |        
RUN-1001 :        infer_fsm        |    off     |       off        |        
RUN-1001 :        infer_mult       |     on     |        on        |        
RUN-1001 :        infer_ram        |     on     |        on        |        
RUN-1001 :        infer_reg        |     on     |        on        |        
RUN-1001 :   infer_reg_init_value  |     on     |        on        |        
RUN-1001 :        infer_rom        |     on     |        on        |        
RUN-1001 :      infer_shifter      |     on     |        on        |        
RUN-1001 : --------------------------------------------------------------
RUN-1001 : Print Rtl Property
RUN-1001 : --------------------------------------------------------------
RUN-1001 :        Parameters       |  Settings  |  Default Values  |  Note  
RUN-1001 : --------------------------------------------------------------
RUN-1001 :       compress_add      |   ripple   |      ripple      |        
RUN-1001 :        elf_sload        |    off     |       off        |        
RUN-1001 :       fix_undriven      |     0      |        0         |        
RUN-1001 :         flatten         |    off     |       off        |        
RUN-1001 :       gate_sharing      |     on     |        on        |        
RUN-1001 :    hdl_warning_level    |   normal   |      normal      |        
RUN-1001 :   impl_internal_tribuf  |     on     |        on        |        
RUN-1001 :      impl_set_reset     |     on     |        on        |        
RUN-1001 :        infer_gsr        |    off     |       off        |        
RUN-1001 :      keep_hierarchy     |    auto    |       auto       |        
RUN-1001 :        max_fanout       |    9999    |       9999       |        
RUN-1001 :      max_oh2bin_len     |     10     |        10        |        
RUN-1001 :       merge_equal       |     on     |        on        |        
RUN-1001 :       merge_equiv       |     on     |        on        |        
RUN-1001 :        merge_mux        |    off     |       off        |        
RUN-1001 :     min_control_set     |     8      |        8         |        
RUN-1001 :      min_ripple_len     |    auto    |       auto       |        
RUN-1001 :       oh2bin_ratio      |    0.08    |       0.08       |        
RUN-1001 :     opt_adder_fanout    |     on     |        on        |        
RUN-1001 :        opt_arith        |     on     |        on        |        
RUN-1001 :       opt_big_gate      |    off     |       off        |        
RUN-1001 :        opt_const        |     on     |        on        |        
RUN-1001 :      opt_const_mult     |     on     |        on        |        
RUN-1001 :       opt_lessthan      |     on     |        on        |        
RUN-1001 :         opt_mux         |    off     |       off        |        
RUN-1001 :         opt_ram         |    high    |       high       |        
RUN-1001 :      rtl_sim_model      |    off     |       off        |        
RUN-1001 :         seq_syn         |     on     |        on        |        
RUN-1001 : --------------------------------------------------------------
HDL-1007 : analyze verilog file ../../../src/Digitron_TimeDisplay_module.v
HDL-1007 : analyze verilog file ../../../src/key_filter.v
HDL-1007 : analyze verilog file ../../../src/keyboard_instance.v
HDL-1007 : analyze verilog file ../../../src/keyboard_scan.v
HDL-1007 : analyze verilog file ../../../src/onehot2binary.v
HDL-5007 WARNING: 'RSTn' is not declared in ../../../src/onehot2binary.v(1)
HDL-5007 WARNING: 'RSTn' is not declared in ../../../src/onehot2binary.v(1)
RUN-1001 : Project manager successfully analyzed 5 source files.
RUN-1002 : start command "import_device eagle_s20.db -package EG4S20BG256"
ARC-1001 : Device Initialization.
ARC-1001 : ------------------------------------------------------------------
ARC-1001 :            OPTION            |          IO          |   SETTING   
ARC-1001 : ------------------------------------------------------------------
ARC-1001 :   cso_b/cclk/mosi/miso/dout  |  T3/R11/T10/P10/S11  |    gpio    
ARC-1001 :             done             |         P13          |    gpio    
ARC-1001 :           program_b          |          T2          |  dedicate  
ARC-1001 :        tdi/tms/tck/tdo       |   C12/A15/C14/E14    |  dedicate  
ARC-1001 : ------------------------------------------------------------------
ARC-1004 : Device setting, marked 5 dedicate IOs in total.
RUN-1002 : start command "import_db ../syn_1/keyboard_gate.db"
RUN-1001 : Importing database generated by Tang Dynasty, V5.6.59063.
RUN-1001 : Database version number 46140.
RUN-1001 : Import flow parameters
RUN-1001 : Import timing constraints
RUN-1001 : Import IO constraints
RUN-1001 : Import Inst constraints
RUN-1001 : Import design success TD_VERSION=5.6.59063 , DB_VERSION=46140
RUN-1002 : start command "read_sdc"
USR-1002 : read_sdc file_name -help -h -eco
USR-1009 : NO module with IP_SDC ...
RUN-1104 : Import SDC file  finished, there are 0 nets kept by constraints.
RUN-1002 : start command "place"
RUN-1001 : Open license file E:/Anlogic/TD5.6.59063/license/Anlogic.lic
RUN-1001 : Print Global Property
RUN-1001 : ---------------------------------------------------------------
RUN-1001 :        Parameters        |  Settings  |  Default Values  |  Note  
RUN-1001 : ---------------------------------------------------------------
RUN-1001 :          message         |  standard  |     standard     |        
RUN-1001 :   mixed_pack_place_flow  |     on     |        on        |        
RUN-1001 :        qor_monitor       |    off     |       off        |        
RUN-1001 :        syn_ip_flow       |    off     |       off        |        
RUN-1001 :          thread          |    auto    |       auto       |        
RUN-1001 : ---------------------------------------------------------------
RUN-1001 : Print Place Property
RUN-1001 : --------------------------------------------------------------
RUN-1001 :        Parameters       |  Settings  |  Default Values  |  Note  
RUN-1001 : --------------------------------------------------------------
RUN-1001 :      detailed_place     |     on     |        on        |        
RUN-1001 :          effort         |   medium   |      medium      |        
RUN-1001 :         fix_hold        |    off     |       off        |        
RUN-1001 :       legalization      |    ori     |       ori        |        
RUN-1001 :      new_spreading      |     on     |        on        |        
RUN-1001 :        opt_timing       |   medium   |      medium      |        
RUN-1001 :   post_clock_route_opt  |    off     |       off        |        
RUN-1001 :       pr_strategy       |     1      |        1         |        
RUN-1001 :        relaxation       |    1.00    |       1.00       |        
RUN-1001 :         retiming        |    off     |       off        |        
RUN-1001 : --------------------------------------------------------------
PHY-3001 : Placer runs in 16 thread(s).
RUN-1002 : start command "legalize_phy_inst"
SYN-1011 : Flatten model keyboard_instance
RUN-1002 : start command "phys_opt -simplify_lut"
SYN-4024 : Net "clk_50M_dup_1" drives clk pins.
SYN-4024 : Net "U1/scan_clk" drives clk pins.
SYN-4025 : Tag rtl::Net U1/scan_clk as clock net
SYN-4025 : Tag rtl::Net clk_50M_dup_1 as clock net
SYN-4026 : Tagged 2 rtl::Net as clock net
SYN-4015 : Create BUFG instance for clk Net U1/scan_clk to drive 20 clock pins.
PHY-1001 : Populate physical database on model keyboard_instance.
RUN-1001 : There are total 700 instances
RUN-0007 : 307 luts, 228 seqs, 96 mslices, 41 lslices, 24 pads, 0 brams, 0 dsps
RUN-1001 : There are total 842 nets
RUN-1001 : 511 nets have 2 pins
RUN-1001 : 228 nets have [3 - 5] pins
RUN-1001 : 80 nets have [6 - 10] pins
RUN-1001 : 12 nets have [11 - 20] pins
RUN-1001 : 9 nets have [21 - 99] pins
RUN-1001 : 2 nets have 100+ pins
RUN-1001 : Report Control nets information:
RUN-1001 : DFF Distribution
RUN-1001 : ----------------------------------
RUN-1001 :   CE   |  SSR  |  ASR  |  DFF Count  
RUN-1001 : ----------------------------------
RUN-1001 :   No   |  No   |  No   |     92      
RUN-1001 :   No   |  No   |  Yes  |     20      
RUN-1001 :   No   |  Yes  |  No   |     17      
RUN-1001 :   Yes  |  No   |  No   |     35      
RUN-1001 :   Yes  |  No   |  Yes  |     32      
RUN-1001 :   Yes  |  Yes  |  No   |     32      
RUN-1001 : ----------------------------------
RUN-0007 : Control Group Statistic
RUN-0007 : ---------------------------
RUN-0007 :   #CLK  |  #CE  |  #SSR/ASR  
RUN-0007 : ---------------------------
RUN-0007 :    2    |   5   |     3      
RUN-0007 : ---------------------------
RUN-0007 : Control Set = 8
PHY-3001 : Initial placement ...
PHY-3001 : design contains 698 instances, 307 luts, 228 seqs, 137 slices, 14 macros(137 instances: 96 mslices 41 lslices)
PHY-0007 : Cell area utilization is 2%
PHY-3001 : Start timing update ...
RUN-1002 : start command "start_timer -report"
TMR-2505 : Start building timing graph for model keyboard_instance.
TMR-2506 : Build timing graph completely. Port num: 8, tpin num: 3048, tnet num: 840, tinst num: 698, tnode num: 3704, tedge num: 4915.
TMR-2508 : Levelizing timing graph completed, there are 43 levels in total.
TMR-2501 : Timing graph initialized successfully.
TMR-2503 : Start to update net delay, extr mode = 2.
TMR-2504 : Update delay of 840 nets completely.
TMR-2502 : Annotate delay completely, extr mode = 2.
TMR-3001 : Initiate 0 clocks from SDC.
TMR-3004 : Map sdc constraints, there are 0 constraints in total.
TMR-3003 : Constraints initiated successfully.
TMR-3501 : Forward propagation: start to calculate arrival time...
TMR-3502 : Backward propagation: start to calculate required time...
TMR-3503 : Timing propagation completes.
PHY-3001 : End timing update;  0.132901s wall, 0.031250s user + 0.000000s system = 0.031250s CPU (23.5%)

PHY-3001 : Global placement ...
PHY-3001 : Initial: Len = 202140
PHY-3001 : Clustering ...
PHY-3001 : Level 0 #clusters 698.
PHY-3001 : End clustering;  0.000013s wall, 0.000000s user + 0.000000s system = 0.000000s CPU (n/a%)

PHY-3001 : Run with size of 4
PHY-3001 : Cell area utilization is 2%
PHY-3001 : :::0::: Try harder cell spreading with beta_ = 0
PHY-3002 : Step(1): len = 133584, overlap = 0
PHY-3002 : Step(2): len = 87564.9, overlap = 0
PHY-3002 : Step(3): len = 66176.8, overlap = 0
PHY-3002 : Step(4): len = 44122.8, overlap = 0
PHY-3002 : Step(5): len = 34663.1, overlap = 1
PHY-3002 : Step(6): len = 29253.9, overlap = 4
PHY-3002 : Step(7): len = 25347.5, overlap = 4.25
PHY-3002 : Step(8): len = 22364.3, overlap = 5.25
PHY-3002 : Step(9): len = 21900.7, overlap = 5.25
PHY-3002 : Step(10): len = 20662.7, overlap = 5.25
PHY-3002 : Step(11): len = 19767.6, overlap = 5.75
PHY-3002 : Step(12): len = 17290.7, overlap = 5.75
PHY-3002 : Step(13): len = 16162.6, overlap = 5.75
PHY-3002 : Step(14): len = 16419.6, overlap = 5.75
PHY-3002 : Step(15): len = 15248.8, overlap = 5.75
PHY-3002 : Step(16): len = 15548.8, overlap = 5.75
PHY-3002 : Step(17): len = 15898.7, overlap = 5.75
PHY-3002 : Step(18): len = 16061.2, overlap = 5.75
PHY-3002 : Step(19): len = 15925.1, overlap = 5.75
PHY-3002 : Step(20): len = 15777.6, overlap = 6
PHY-3002 : Step(21): len = 16184.1, overlap = 6
PHY-3002 : Step(22): len = 15423.4, overlap = 6.5625
PHY-3002 : Step(23): len = 15103.9, overlap = 17.875
PHY-3002 : Step(24): len = 14132.7, overlap = 17.5625
PHY-3002 : Step(25): len = 13810.6, overlap = 18.5625
PHY-3002 : Step(26): len = 14075.6, overlap = 18.125
PHY-3002 : Step(27): len = 13153.5, overlap = 18.5
PHY-3002 : Step(28): len = 12613.6, overlap = 17.375
PHY-3002 : Step(29): len = 13029.7, overlap = 17.25
PHY-3002 : Step(30): len = 12894.4, overlap = 17.1562
PHY-3002 : Step(31): len = 12402, overlap = 17.6562
PHY-3002 : Step(32): len = 12623.9, overlap = 17.8125
PHY-3002 : Step(33): len = 11936.6, overlap = 17.875
PHY-3002 : Step(34): len = 11938.2, overlap = 17.2812
PHY-3002 : Step(35): len = 11868.5, overlap = 16.7188
PHY-3002 : Step(36): len = 11581.1, overlap = 16.6875
PHY-3002 : Step(37): len = 11463.2, overlap = 16.7812
PHY-3002 : Step(38): len = 11229.5, overlap = 16.5312
PHY-3002 : Step(39): len = 11229.5, overlap = 16.5312
PHY-3002 : Step(40): len = 10747.7, overlap = 16.9375
PHY-3001 : Legalization ...
PHY-3001 : End legalization;  0.003838s wall, 0.000000s user + 0.000000s system = 0.000000s CPU (n/a%)

PHY-3001 : Run with size of 4
PHY-3001 : Cell area utilization is 3%
PHY-3001 : Update timing in Manhattan mode ...
TMR-2503 : Start to update net delay, extr mode = 3.
TMR-2504 : Update delay of 840 nets completely.
TMR-2502 : Annotate delay completely, extr mode = 3.
TMR-3501 : Forward propagation: start to calculate arrival time...
TMR-3502 : Backward propagation: start to calculate required time...
TMR-3503 : Timing propagation completes.
PHY-3001 : End timing update;  0.007424s wall, 0.000000s user + 0.000000s system = 0.000000s CPU (n/a%)

PHY-3001 : :::0::: Try harder cell spreading with beta_ = 5.91504e-05
PHY-3002 : Step(41): len = 11615.4, overlap = 9.28125
PHY-3002 : Step(42): len = 11708.9, overlap = 9.28125
PHY-3002 : Step(43): len = 11703.5, overlap = 9.15625
PHY-3001 : :::1::: Try harder cell spreading with beta_ = 0.000118301
PHY-3002 : Step(44): len = 11373.1, overlap = 9.125
PHY-3002 : Step(45): len = 11498.1, overlap = 9.125
PHY-3002 : Step(46): len = 11700.5, overlap = 8.75
PHY-3001 : :::2::: Try harder cell spreading with beta_ = 0.000236602
PHY-3002 : Step(47): len = 11284.8, overlap = 8.75
PHY-3002 : Step(48): len = 11342.6, overlap = 8.75
PHY-3001 : Run with size of 2
PHY-3001 : Cell area utilization is 3%
PHY-3001 : Update timing in Manhattan mode ...
TMR-2503 : Start to update net delay, extr mode = 3.
TMR-2504 : Update delay of 840 nets completely.
TMR-2502 : Annotate delay completely, extr mode = 3.
TMR-3501 : Forward propagation: start to calculate arrival time...
TMR-3502 : Backward propagation: start to calculate required time...
TMR-3503 : Timing propagation completes.
PHY-3001 : End timing update;  0.007272s wall, 0.000000s user + 0.000000s system = 0.000000s CPU (n/a%)

PHY-3001 : :::0::: Try harder cell spreading with beta_ = 3.81749e-05
PHY-3002 : Step(49): len = 13129.7, overlap = 24.6562
PHY-3002 : Step(50): len = 13977.3, overlap = 24.4062
PHY-3002 : Step(51): len = 14760.4, overlap = 21.25
PHY-3002 : Step(52): len = 13349.7, overlap = 19.8125
PHY-3002 : Step(53): len = 13114.3, overlap = 20.1875
PHY-3002 : Step(54): len = 12540.6, overlap = 23.0625
PHY-3002 : Step(55): len = 12691.7, overlap = 24.5
PHY-3002 : Step(56): len = 12839.2, overlap = 23.2188
PHY-3001 : :::1::: Try harder cell spreading with beta_ = 7.63498e-05
PHY-3002 : Step(57): len = 12602, overlap = 19.6562
PHY-3002 : Step(58): len = 12685.1, overlap = 19.1562
PHY-3002 : Step(59): len = 12752.4, overlap = 19.125
PHY-3001 : :::2::: Try harder cell spreading with beta_ = 0.0001527
PHY-3002 : Step(60): len = 12706.1, overlap = 18.2188
PHY-3002 : Step(61): len = 12706.1, overlap = 18.2188
PHY-3002 : Step(62): len = 12710.5, overlap = 17.9375
PHY-3001 : :::3::: Try harder cell spreading with beta_ = 0.000305399
PHY-3002 : Step(63): len = 12903.3, overlap = 17.7188
PHY-3002 : Step(64): len = 12959, overlap = 17
PHY-3002 : Step(65): len = 12991.2, overlap = 16.2812
OPT-1001 : Start physical optimization ...
RUN-1002 : start command "start_timer -report"
TMR-2505 : Start building timing graph for model keyboard_instance.
TMR-2506 : Build timing graph completely. Port num: 8, tpin num: 3048, tnet num: 840, tinst num: 698, tnode num: 3704, tedge num: 4915.
TMR-2508 : Levelizing timing graph completed, there are 43 levels in total.
TMR-2501 : Timing graph initialized successfully.
OPT-1001 : Total overflow 46.28 peak overflow 2.31
OPT-1001 : Start high-fanout net optimization ...
OPT-1001 : Update timing in global mode
PHY-1001 : Start incremental global routing, caller is place ...
RUN-1001 : Generating global routing grids ...
RUN-1001 : Building simple global routing graph ...
PHY-1001 : Generate routing nets ...
PHY-1001 : Reuse net number 0/842.
PHY-1001 : Global iterations in 16 thread ...
PHY-1002 : len = 14464, over cnt = 57(0%), over = 199, worst = 12
PHY-1001 : End global iterations;  0.030950s wall, 0.000000s user + 0.000000s system = 0.000000s CPU (n/a%)

PHY-1001 : Congestion index: top1 = 19.91, top5 = 9.35, top10 = 5.26, top15 = 3.51.
PHY-1001 : End incremental global routing;  0.072181s wall, 0.015625s user + 0.000000s system = 0.015625s CPU (21.6%)

TMR-2503 : Start to update net delay, extr mode = 5.
TMR-2504 : Update delay of 840 nets completely.
TMR-2502 : Annotate delay completely, extr mode = 5.
TMR-3001 : Initiate 0 clocks from SDC.
TMR-3004 : Map sdc constraints, there are 0 constraints in total.
TMR-3003 : Constraints initiated successfully.
TMR-3501 : Forward propagation: start to calculate arrival time...
TMR-3502 : Backward propagation: start to calculate required time...
TMR-3503 : Timing propagation completes.
OPT-1001 : End timing update;  0.009937s wall, 0.000000s user + 0.000000s system = 0.000000s CPU (n/a%)

OPT-1001 : 0 high-fanout net processed.
OPT-1001 : End high-fanout net optimization;  0.090454s wall, 0.015625s user + 0.000000s system = 0.015625s CPU (17.3%)

OPT-1001 : Current memory(MB): used = 150, reserve = 121, peak = 150.
OPT-1001 : Start global optimization ...
OPT-1001 : Start congestion update ...
RUN-1001 : Generating global routing grids ...
PHY-1001 : Generate routing nets ...
PHY-1001 : Reuse net number 471/842.
PHY-1001 : Global iterations in 16 thread ...
PHY-1002 : len = 14464, over cnt = 57(0%), over = 199, worst = 12
PHY-1002 : len = 15432, over cnt = 38(0%), over = 95, worst = 12
PHY-1002 : len = 16656, over cnt = 3(0%), over = 4, worst = 2
PHY-1002 : len = 16720, over cnt = 1(0%), over = 1, worst = 1
PHY-1002 : len = 16736, over cnt = 0(0%), over = 0, worst = 0
PHY-1001 : End global iterations;  0.029133s wall, 0.015625s user + 0.015625s system = 0.031250s CPU (107.3%)

PHY-1001 : Congestion index: top1 = 19.31, top5 = 9.93, top10 = 5.86, top15 = 3.92.
OPT-1001 : End congestion update;  0.069709s wall, 0.062500s user + 0.015625s system = 0.078125s CPU (112.1%)

OPT-1001 : Update timing in Manhattan mode
TMR-2503 : Start to update net delay, extr mode = 3.
TMR-2504 : Update delay of 840 nets completely.
TMR-2502 : Annotate delay completely, extr mode = 3.
TMR-3501 : Forward propagation: start to calculate arrival time...
TMR-3502 : Backward propagation: start to calculate required time...
TMR-3503 : Timing propagation completes.
OPT-1001 : End timing update;  0.008595s wall, 0.000000s user + 0.000000s system = 0.000000s CPU (n/a%)

OPT-0007 : Start: WNS 2147483647 TNS 0 NUM_FEPS 0
OPT-1001 : End global optimization;  0.078392s wall, 0.062500s user + 0.015625s system = 0.078125s CPU (99.7%)

OPT-1001 : Current memory(MB): used = 151, reserve = 122, peak = 151.
OPT-1001 : End physical optimization;  0.318979s wall, 0.203125s user + 0.015625s system = 0.218750s CPU (68.6%)

PHY-3001 : Start packing ...
SYN-4007 : Packing 0 MUX to BLE ...
SYN-4008 : Packed 0 MUX and 0 SEQ to BLE.
SYN-4007 : Packing 307 LUT to BLE ...
SYN-4008 : Packed 307 LUT and 93 SEQ to BLE.
SYN-4003 : Packing 135 remaining SEQ's ...
SYN-4005 : Packed 58 SEQ with LUT/SLICE
SYN-4006 : 168 single LUT's are left
SYN-4006 : 77 single SEQ's are left
SYN-4011 : Packing model "keyboard_instance" (AL_USER_NORMAL) with 384/549 primitive instances ...
PHY-3001 : End packing;  0.018468s wall, 0.015625s user + 0.000000s system = 0.015625s CPU (84.6%)

PHY-1001 : Populate physical database on model keyboard_instance.
RUN-1001 : There are total 366 instances
RUN-1001 : 169 mslices, 169 lslices, 24 pads, 0 brams, 0 dsps
RUN-1001 : There are total 749 nets
RUN-1001 : 418 nets have 2 pins
RUN-1001 : 228 nets have [3 - 5] pins
RUN-1001 : 80 nets have [6 - 10] pins
RUN-1001 : 15 nets have [11 - 20] pins
RUN-1001 : 6 nets have [21 - 99] pins
RUN-1001 : 2 nets have 100+ pins
PHY-3001 : design contains 364 instances, 338 slices, 14 macros(137 instances: 96 mslices 41 lslices)
PHY-3001 : Cell area utilization is 4%
PHY-3001 : After packing: Len = 13361.6, Over = 23.75
PHY-3001 : Run with size of 2
PHY-3001 : Cell area utilization is 4%
PHY-3001 : Update timing in Manhattan mode ...
RUN-1002 : start command "start_timer -report"
TMR-2505 : Start building timing graph for model keyboard_instance.
TMR-2506 : Build timing graph completely. Port num: 8, tpin num: 2676, tnet num: 747, tinst num: 364, tnode num: 3146, tedge num: 4455.
TMR-2508 : Levelizing timing graph completed, there are 41 levels in total.
TMR-2501 : Timing graph initialized successfully.
TMR-2503 : Start to update net delay, extr mode = 3.
TMR-2504 : Update delay of 747 nets completely.
TMR-2502 : Annotate delay completely, extr mode = 3.
TMR-3001 : Initiate 0 clocks from SDC.
TMR-3004 : Map sdc constraints, there are 0 constraints in total.
TMR-3003 : Constraints initiated successfully.
TMR-3501 : Forward propagation: start to calculate arrival time...
TMR-3502 : Backward propagation: start to calculate required time...
TMR-3503 : Timing propagation completes.
PHY-3001 : End timing update;  0.149470s wall, 0.125000s user + 0.000000s system = 0.125000s CPU (83.6%)

PHY-3001 : :::0::: Try harder cell spreading with beta_ = 2.39396e-05
PHY-3002 : Step(66): len = 13170, overlap = 22
PHY-3002 : Step(67): len = 13223.8, overlap = 22.75
PHY-3002 : Step(68): len = 13094.3, overlap = 23.75
PHY-3001 : :::1::: Try harder cell spreading with beta_ = 4.78792e-05
PHY-3002 : Step(69): len = 13087, overlap = 21.75
PHY-3002 : Step(70): len = 13136.5, overlap = 21.5
PHY-3002 : Step(71): len = 13214.5, overlap = 22
PHY-3001 : :::2::: Try harder cell spreading with beta_ = 9.57583e-05
PHY-3002 : Step(72): len = 13611.1, overlap = 20.75
PHY-3002 : Step(73): len = 13738, overlap = 20.5
PHY-3002 : Step(74): len = 13924.2, overlap = 19.75
PHY-3001 : Legalization ...
PHY-3001 : End legalization;  0.071094s wall, 0.000000s user + 0.000000s system = 0.000000s CPU (n/a%)

PHY-3001 : Trial Legalized: Len = 19408.9
PHY-3001 : Run with size of 2
PHY-3001 : Cell area utilization is 4%
PHY-3001 : Update timing in Manhattan mode ...
TMR-2503 : Start to update net delay, extr mode = 3.
TMR-2504 : Update delay of 747 nets completely.
TMR-2502 : Annotate delay completely, extr mode = 3.
TMR-3501 : Forward propagation: start to calculate arrival time...
TMR-3502 : Backward propagation: start to calculate required time...
TMR-3503 : Timing propagation completes.
PHY-3001 : End timing update;  0.006728s wall, 0.000000s user + 0.000000s system = 0.000000s CPU (n/a%)

PHY-3001 : :::0::: Try harder cell spreading with beta_ = 0.00146352
PHY-3002 : Step(75): len = 16983.4, overlap = 3
PHY-3002 : Step(76): len = 16645.4, overlap = 4.5
PHY-3002 : Step(77): len = 16005, overlap = 5.25
PHY-3002 : Step(78): len = 15371.3, overlap = 6
PHY-3002 : Step(79): len = 14941.7, overlap = 6.5
PHY-3002 : Step(80): len = 14828.6, overlap = 8
PHY-3002 : Step(81): len = 14797.8, overlap = 7.75
PHY-3001 : :::1::: Try harder cell spreading with beta_ = 0.00292704
PHY-3002 : Step(82): len = 14776.3, overlap = 8
PHY-3002 : Step(83): len = 14758.2, overlap = 7.75
PHY-3002 : Step(84): len = 14656.6, overlap = 8.5
PHY-3001 : :::2::: Try harder cell spreading with beta_ = 0.00585407
PHY-3002 : Step(85): len = 14622.8, overlap = 8.25
PHY-3002 : Step(86): len = 14609.4, overlap = 8.25
PHY-3001 : Legalization ...
PHY-3001 : End legalization;  0.005460s wall, 0.000000s user + 0.000000s system = 0.000000s CPU (n/a%)

PHY-3001 : Legalized: Len = 17549.1, Over = 0
PHY-3001 : End spreading;  0.002763s wall, 0.000000s user + 0.000000s system = 0.000000s CPU (n/a%)

PHY-3001 : Final: Len = 17549.1, Over = 0
OPT-1001 : Start physical optimization ...
RUN-1002 : start command "start_timer -report"
TMR-2505 : Start building timing graph for model keyboard_instance.
TMR-2506 : Build timing graph completely. Port num: 8, tpin num: 2676, tnet num: 747, tinst num: 364, tnode num: 3146, tedge num: 4455.
TMR-2508 : Levelizing timing graph completed, there are 41 levels in total.
TMR-2501 : Timing graph initialized successfully.
OPT-1001 : Total overflow 0.00 peak overflow 0.00
OPT-1001 : Start high-fanout net optimization ...
OPT-1001 : Update timing in global mode
PHY-1001 : Start incremental global routing, caller is place ...
RUN-1001 : Generating global routing grids ...
PHY-1001 : Generate routing nets ...
PHY-1001 : Reuse net number 31/749.
PHY-1001 : Global iterations in 16 thread ...
PHY-1002 : len = 20456, over cnt = 65(0%), over = 91, worst = 5
PHY-1002 : len = 20848, over cnt = 25(0%), over = 30, worst = 3
PHY-1002 : len = 21072, over cnt = 8(0%), over = 12, worst = 3
PHY-1002 : len = 21264, over cnt = 0(0%), over = 0, worst = 0
PHY-1001 : End global iterations;  0.078275s wall, 0.000000s user + 0.000000s system = 0.000000s CPU (n/a%)

PHY-1001 : Congestion index: top1 = 20.09, top5 = 12.34, top10 = 7.53, top15 = 5.15.
PHY-1001 : End incremental global routing;  0.121015s wall, 0.015625s user + 0.000000s system = 0.015625s CPU (12.9%)

TMR-2503 : Start to update net delay, extr mode = 5.
TMR-2504 : Update delay of 747 nets completely.
TMR-2502 : Annotate delay completely, extr mode = 5.
TMR-3001 : Initiate 0 clocks from SDC.
TMR-3004 : Map sdc constraints, there are 0 constraints in total.
TMR-3003 : Constraints initiated successfully.
TMR-3501 : Forward propagation: start to calculate arrival time...
TMR-3502 : Backward propagation: start to calculate required time...
TMR-3503 : Timing propagation completes.
OPT-1001 : End timing update;  0.011325s wall, 0.000000s user + 0.000000s system = 0.000000s CPU (n/a%)

OPT-1001 : 0 high-fanout net processed.
OPT-1001 : End high-fanout net optimization;  0.139760s wall, 0.015625s user + 0.000000s system = 0.015625s CPU (11.2%)

OPT-1001 : Current memory(MB): used = 154, reserve = 125, peak = 155.
OPT-1001 : Start path based optimization ...
OPT-1001 : Start congestion update ...
RUN-1001 : Generating global routing grids ...
PHY-1001 : Generate routing nets ...
PHY-1001 : Reuse net number 591/749.
PHY-1001 : Global iterations in 16 thread ...
PHY-1002 : len = 21264, over cnt = 0(0%), over = 0, worst = 0
PHY-1001 : End global iterations;  0.002034s wall, 0.000000s user + 0.000000s system = 0.000000s CPU (n/a%)

PHY-1001 : Congestion index: top1 = 20.09, top5 = 12.34, top10 = 7.53, top15 = 5.15.
OPT-1001 : End congestion update;  0.042265s wall, 0.000000s user + 0.000000s system = 0.000000s CPU (n/a%)

OPT-1001 : Update timing in Manhattan mode
TMR-2503 : Start to update net delay, extr mode = 3.
TMR-2504 : Update delay of 747 nets completely.
TMR-2502 : Annotate delay completely, extr mode = 3.
TMR-3501 : Forward propagation: start to calculate arrival time...
TMR-3502 : Backward propagation: start to calculate required time...
TMR-3503 : Timing propagation completes.
OPT-1001 : End timing update;  0.007321s wall, 0.015625s user + 0.000000s system = 0.015625s CPU (213.4%)

OPT-0007 : Start: WNS 2147483647 TNS 0 NUM_FEPS 0
OPT-1001 : End path based optimization;  0.049662s wall, 0.015625s user + 0.000000s system = 0.015625s CPU (31.5%)

OPT-1001 : Current memory(MB): used = 154, reserve = 125, peak = 155.
OPT-1001 : Update timing in Manhattan mode
TMR-2503 : Start to update net delay, extr mode = 3.
TMR-2504 : Update delay of 747 nets completely.
TMR-2502 : Annotate delay completely, extr mode = 3.
TMR-3501 : Forward propagation: start to calculate arrival time...
TMR-3502 : Backward propagation: start to calculate required time...
TMR-3503 : Timing propagation completes.
OPT-1001 : End timing update;  0.005673s wall, 0.000000s user + 0.000000s system = 0.000000s CPU (n/a%)

OPT-1001 : Start pin optimization...
OPT-1001 : skip pin optimization...
OPT-1001 : Update timing in global mode
PHY-1001 : Start incremental global routing, caller is place ...
RUN-1001 : Generating global routing grids ...
PHY-1001 : Generate routing nets ...
PHY-1001 : Reuse net number 591/749.
PHY-1001 : Global iterations in 16 thread ...
PHY-1002 : len = 21264, over cnt = 0(0%), over = 0, worst = 0
PHY-1001 : End global iterations;  0.001972s wall, 0.000000s user + 0.000000s system = 0.000000s CPU (n/a%)

PHY-1001 : Congestion index: top1 = 20.09, top5 = 12.34, top10 = 7.53, top15 = 5.15.
PHY-1001 : End incremental global routing;  0.041691s wall, 0.015625s user + 0.000000s system = 0.015625s CPU (37.5%)

TMR-2503 : Start to update net delay, extr mode = 5.
TMR-2504 : Update delay of 747 nets completely.
TMR-2502 : Annotate delay completely, extr mode = 5.
TMR-3501 : Forward propagation: start to calculate arrival time...
TMR-3502 : Backward propagation: start to calculate required time...
TMR-3503 : Timing propagation completes.
OPT-1001 : End timing update;  0.015458s wall, 0.000000s user + 0.000000s system = 0.000000s CPU (n/a%)

RUN-1001 : Generating global routing grids ...
PHY-1001 : Generate routing nets ...
PHY-1001 : Reuse net number 591/749.
PHY-1001 : Global iterations in 16 thread ...
PHY-1002 : len = 21264, over cnt = 0(0%), over = 0, worst = 0
PHY-1001 : End global iterations;  0.001938s wall, 0.000000s user + 0.000000s system = 0.000000s CPU (n/a%)

PHY-1001 : Congestion index: top1 = 20.09, top5 = 12.34, top10 = 7.53, top15 = 5.15.
OPT-1001 : Update timing in Manhattan mode
TMR-2503 : Start to update net delay, extr mode = 3.
TMR-2504 : Update delay of 747 nets completely.
TMR-2502 : Annotate delay completely, extr mode = 3.
TMR-3501 : Forward propagation: start to calculate arrival time...
TMR-3502 : Backward propagation: start to calculate required time...
TMR-3503 : Timing propagation completes.
OPT-1001 : End timing update;  0.008320s wall, 0.000000s user + 0.000000s system = 0.000000s CPU (n/a%)

RUN-1001 : QoR Analysis:
OPT-0007 :   WNS 2147483647 TNS 0 NUM_FEPS 0
RUN-1001 :   No local congestion issue, and most congested 1% tile average routing util is 19.655172
RUN-1001 :   Top critical paths
OPT-1001 : End physical optimization;  0.453614s wall, 0.171875s user + 0.000000s system = 0.171875s CPU (37.9%)

RUN-1003 : finish command "place" in  3.103799s wall, 0.890625s user + 0.421875s system = 1.312500s CPU (42.3%)

RUN-1004 : used memory is 137 MB, reserved memory is 108 MB, peak memory is 155 MB
RUN-1002 : start command "export_db keyboard_place.db"
RUN-1001 : Exported /
RUN-1001 : Exported flow parameters
RUN-1001 : Exported libs
RUN-1001 : Exported entities
RUN-1001 : Exported ports
RUN-1001 : Exported pins
RUN-1001 : Exported instances
RUN-1001 : Exported nets
RUN-1001 : Exported buses
RUN-1001 : Exported models
RUN-1001 : Exported congestions
RUN-1001 : Exported violations
RUN-1001 : Exported timing constraints
RUN-1001 : Exported IO constraints
RUN-1001 : Exported Inst constraints
RUN-1002 : start command "route"
RUN-1001 : Open license file E:/Anlogic/TD5.6.59063/license/Anlogic.lic
RUN-1001 : Print Global Property
RUN-1001 : ---------------------------------------------------------------
RUN-1001 :        Parameters        |  Settings  |  Default Values  |  Note  
RUN-1001 : ---------------------------------------------------------------
RUN-1001 :          message         |  standard  |     standard     |        
RUN-1001 :   mixed_pack_place_flow  |     on     |        on        |        
RUN-1001 :        qor_monitor       |    off     |       off        |        
RUN-1001 :        syn_ip_flow       |    off     |       off        |        
RUN-1001 :          thread          |    auto    |       auto       |        
RUN-1001 : ---------------------------------------------------------------
RUN-1001 : Print Route Property
RUN-1001 : -------------------------------------------------------
RUN-1001 :    Parameters    |  Settings  |  Default Values  |  Note  
RUN-1001 : -------------------------------------------------------
RUN-1001 :      effort      |   medium   |      medium      |        
RUN-1001 :     fix_hold     |    off     |       off        |        
RUN-1001 :    opt_timing    |   medium   |      medium      |        
RUN-1001 :   phy_sim_model  |    off     |       off        |        
RUN-1001 :     priority     |   timing   |      timing      |        
RUN-1001 :     swap_pin     |     on     |        on        |        
RUN-1001 : -------------------------------------------------------
PHY-1001 : Route runs in 16 thread(s)
RUN-1001 : There are total 366 instances
RUN-1001 : 169 mslices, 169 lslices, 24 pads, 0 brams, 0 dsps
RUN-1001 : There are total 749 nets
RUN-1001 : 418 nets have 2 pins
RUN-1001 : 228 nets have [3 - 5] pins
RUN-1001 : 80 nets have [6 - 10] pins
RUN-1001 : 15 nets have [11 - 20] pins
RUN-1001 : 6 nets have [21 - 99] pins
RUN-1001 : 2 nets have 100+ pins
RUN-1002 : start command "start_timer -report"
TMR-2505 : Start building timing graph for model keyboard_instance.
TMR-2506 : Build timing graph completely. Port num: 8, tpin num: 2676, tnet num: 747, tinst num: 364, tnode num: 3146, tedge num: 4455.
TMR-2508 : Levelizing timing graph completed, there are 41 levels in total.
TMR-2501 : Timing graph initialized successfully.
PHY-1001 : 169 mslices, 169 lslices, 24 pads, 0 brams, 0 dsps
TMR-2503 : Start to update net delay, extr mode = 3.
TMR-2504 : Update delay of 747 nets completely.
TMR-2502 : Annotate delay completely, extr mode = 3.
TMR-3001 : Initiate 0 clocks from SDC.
TMR-3004 : Map sdc constraints, there are 0 constraints in total.
TMR-3003 : Constraints initiated successfully.
TMR-3501 : Forward propagation: start to calculate arrival time...
TMR-3502 : Backward propagation: start to calculate required time...
TMR-3503 : Timing propagation completes.
PHY-1001 : Start global routing, caller is route ...
RUN-1001 : Generating global routing grids ...
PHY-1001 : Generate routing nets ...
PHY-1001 : Global iterations in 16 thread ...
PHY-1002 : len = 20296, over cnt = 67(0%), over = 97, worst = 5
PHY-1002 : len = 20720, over cnt = 27(0%), over = 32, worst = 3
PHY-1002 : len = 20968, over cnt = 9(0%), over = 13, worst = 3
PHY-1002 : len = 21168, over cnt = 0(0%), over = 0, worst = 0
PHY-1001 : End global iterations;  0.064084s wall, 0.031250s user + 0.000000s system = 0.031250s CPU (48.8%)

PHY-1001 : Congestion index: top1 = 20.19, top5 = 12.32, top10 = 7.52, top15 = 5.12.
PHY-1001 : End global routing;  0.103071s wall, 0.046875s user + 0.000000s system = 0.046875s CPU (45.5%)

PHY-1001 : Start detail routing ...
PHY-1001 : Current memory(MB): used = 174, reserve = 145, peak = 189.
PHY-1001 : Detailed router is running in normal mode.
PHY-1001 : Generate detailed routing grids ...
PHY-1001 : Generate nets ...
PHY-1001 : net clk_50M_dup_1 will be routed on clock mesh
PHY-1001 : clock net U1/scan_clk_syn_4 will be merged with clock U1/scan_clk
PHY-1001 : Current memory(MB): used = 441, reserve = 417, peak = 441.
PHY-1001 : End build detailed router design. 3.500448s wall, 1.656250s user + 0.078125s system = 1.734375s CPU (49.5%)

PHY-1001 : Detail Route ...
PHY-1001 : ===== Detail Route Phase 1 =====
PHY-1001 : Clock net routing.....
PHY-1001 : Routed 0% nets.
PHY-1022 : len = 8608, over cnt = 0(0%), over = 0, worst = 0, crit = 0
PHY-1001 : End initial clock net routed; 0.368798s wall, 0.156250s user + 0.015625s system = 0.171875s CPU (46.6%)

PHY-1001 : Current memory(MB): used = 471, reserve = 449, peak = 471.
PHY-1001 : End phase 1; 0.374606s wall, 0.171875s user + 0.015625s system = 0.187500s CPU (50.1%)

PHY-1001 : ===== Detail Route Phase 2 =====
PHY-1001 : Initial routing.....
PHY-1001 : Routed 25% nets.
PHY-1001 : Routed 35% nets.
PHY-1001 : Routed 35% nets.
PHY-1001 : Routed 36% nets.
PHY-1001 : Patch 329 net; 0.211226s wall, 0.156250s user + 0.000000s system = 0.156250s CPU (74.0%)

PHY-1022 : len = 41760, over cnt = 23(0%), over = 23, worst = 1, crit = 0
PHY-1001 : Current memory(MB): used = 471, reserve = 449, peak = 471.
PHY-1001 : End initial routed; 0.306939s wall, 0.203125s user + 0.000000s system = 0.203125s CPU (66.2%)

PHY-1001 : Update timing.....
PHY-1001 : 0/600(0%) critical/total net(s).
RUN-1001 : ------------------------------------------
RUN-1001 :   Type   |    WNS(ns)    |  TNS(ns)  |  FEP  
RUN-1001 : ------------------------------------------
RUN-1001 :   Setup  |  2147483.647  |   0.000   |   0   
RUN-1001 :   Hold   |  2147483.647  |   0.000   |   0   
RUN-1001 : ------------------------------------------
PHY-1001 : End update timing; 0.162283s wall, 0.109375s user + 0.000000s system = 0.109375s CPU (67.4%)

PHY-1001 : Current memory(MB): used = 472, reserve = 449, peak = 472.
PHY-1001 : End phase 2; 0.469290s wall, 0.312500s user + 0.000000s system = 0.312500s CPU (66.6%)

PHY-1001 : ===== Detail Route Phase 3 =====
PHY-1001 : Optimize timing.....
PHY-1022 : len = 41760, over cnt = 23(0%), over = 23, worst = 1, crit = 0
PHY-1001 : End optimize timing; 0.006599s wall, 0.000000s user + 0.000000s system = 0.000000s CPU (n/a%)

PHY-1001 : Ripup-reroute.....
PHY-1001 : ===== DR Iter 1 =====
PHY-1022 : len = 41704, over cnt = 7(0%), over = 7, worst = 1, crit = 0
PHY-1001 : End DR Iter 1; 0.023558s wall, 0.000000s user + 0.000000s system = 0.000000s CPU (n/a%)

PHY-1001 : ===== DR Iter 2 =====
PHY-1022 : len = 41800, over cnt = 0(0%), over = 0, worst = 0, crit = 0
PHY-1001 : End DR Iter 2; 0.021636s wall, 0.015625s user + 0.000000s system = 0.015625s CPU (72.2%)

PHY-1001 : Update timing.....
PHY-1001 : 0/600(0%) critical/total net(s).
RUN-1001 : ------------------------------------------
RUN-1001 :   Type   |    WNS(ns)    |  TNS(ns)  |  FEP  
RUN-1001 : ------------------------------------------
RUN-1001 :   Setup  |  2147483.647  |   0.000   |   0   
RUN-1001 :   Hold   |  2147483.647  |   0.000   |   0   
RUN-1001 : ------------------------------------------
PHY-1001 : End update timing; 0.183207s wall, 0.093750s user + 0.000000s system = 0.093750s CPU (51.2%)

PHY-1001 : Commit to database.....
PHY-1001 : 10 feed throughs used by 7 nets
PHY-1001 : End commit to database; 0.060067s wall, 0.046875s user + 0.015625s system = 0.062500s CPU (104.1%)

PHY-1001 : Current memory(MB): used = 484, reserve = 461, peak = 484.
PHY-1001 : End phase 3; 0.419569s wall, 0.234375s user + 0.015625s system = 0.250000s CPU (59.6%)

PHY-1003 : Routed, final wirelength = 41800
PHY-1001 : Current memory(MB): used = 484, reserve = 461, peak = 484.
PHY-1001 : End export database. 0.005679s wall, 0.000000s user + 0.000000s system = 0.000000s CPU (n/a%)

PHY-1001 : End detail routing;  4.954037s wall, 2.453125s user + 0.109375s system = 2.562500s CPU (51.7%)

RUN-1003 : finish command "route" in  5.272221s wall, 2.640625s user + 0.109375s system = 2.750000s CPU (52.2%)

RUN-1004 : used memory is 425 MB, reserved memory is 400 MB, peak memory is 484 MB
RUN-1002 : start command "report_area -io_info -file keyboard_phy.area"
RUN-1001 : standard
***Report Model: keyboard_instance Device: EG4S20BG256***

IO Statistics
#IO                        24
  #input                    6
  #output                  18
  #inout                    0

Utilization Statistics
#lut                      581   out of  19600    2.96%
#reg                      228   out of  19600    1.16%
#le                       658
  #lut only               430   out of    658   65.35%
  #reg only                77   out of    658   11.70%
  #lut&reg                151   out of    658   22.95%
#dsp                        0   out of     29    0.00%
#bram                       0   out of     64    0.00%
  #bram9k                   0
  #fifo9k                   0
#bram32k                    0   out of     16    0.00%
#pad                       24   out of    188   12.77%
  #ireg                     0
  #oreg                     0
  #treg                     0
#pll                        0   out of      4    0.00%
#gclk                       2   out of     16   12.50%

Clock Resource Statistics
Index     ClockNet         Type               DriverType         Driver                      Fanout
#1        clk_50M_dup_1    GCLK               io                 clk_50M_syn_2.di            120
#2        U1/scan_clk      GCLK               mslice             U1/scan_clk_reg_syn_9.q0    10


Detailed IO Report

        Name           Direction    Location    IOStandard    DriveStrength    PullType    PackReg  
        RSTn             INPUT         A9        LVCMOS33          N/A          PULLUP      NONE    
       clk_50M           INPUT         R7        LVCMOS33          N/A          PULLUP      NONE    
       col[3]            INPUT        F10        LVCMOS33          N/A          PULLUP      NONE    
       col[2]            INPUT        C11        LVCMOS33          N/A          PULLUP      NONE    
       col[1]            INPUT        D11        LVCMOS33          N/A          PULLUP      NONE    
       col[0]            INPUT        E11        LVCMOS33          N/A          PULLUP      NONE    
  DigitronCS_Out[3]     OUTPUT         A3        LVCMOS33           8            NONE       NONE    
  DigitronCS_Out[2]     OUTPUT         A5        LVCMOS33           8            NONE       NONE    
  DigitronCS_Out[1]     OUTPUT         B6        LVCMOS33           8            NONE       NONE    
  DigitronCS_Out[0]     OUTPUT         C9        LVCMOS33           8            NONE       NONE    
   Digitron_Out[7]      OUTPUT         C8        LVCMOS33           8            NONE       NONE    
   Digitron_Out[6]      OUTPUT         A8        LVCMOS33           8            NONE       NONE    
   Digitron_Out[5]      OUTPUT         B5        LVCMOS33           8            NONE       NONE    
   Digitron_Out[4]      OUTPUT         A7        LVCMOS33           8            NONE       NONE    
   Digitron_Out[3]      OUTPUT         E8        LVCMOS33           8            NONE       NONE    
   Digitron_Out[2]      OUTPUT         B8        LVCMOS33           8            NONE       NONE    
   Digitron_Out[1]      OUTPUT         A6        LVCMOS33           8            NONE       NONE    
   Digitron_Out[0]      OUTPUT         A4        LVCMOS33           8            NONE       NONE    
       buzzer           OUTPUT        H11        LVCMOS33           8            NONE       NONE    
        light           OUTPUT        B14        LVCMOS33           8            NONE       NONE    
       row[3]           OUTPUT         D9        LVCMOS33           8            NONE       NONE    
       row[2]           OUTPUT         F9        LVCMOS33           8            NONE       NONE    
       row[1]           OUTPUT        C10        LVCMOS33           8            NONE       NONE    
       row[0]           OUTPUT        E10        LVCMOS33           8            NONE       NONE    

Report Hierarchy Area:
+-------------------------------------------------------------------------------------------+
|Instance |Module                      |le     |lut     |ripple  |seq     |bram    |dsp     |
+-------------------------------------------------------------------------------------------+
|top      |keyboard_instance           |658    |444     |137     |228     |0       |0       |
|  U1     |keyboard_scan               |73     |50      |9       |53      |0       |0       |
|  U2     |key_filter                  |61     |32      |6       |51      |0       |0       |
|  U3     |onehot2binary               |477    |332     |117     |108     |0       |0       |
|  U5     |Digitron_TimeDisplay_module |43     |26      |5       |16      |0       |0       |
+-------------------------------------------------------------------------------------------+


DataNet Average Fanout:

   Index     Fanout    Nets  
    #1         1       394   
    #2         2       141   
    #3         3        52   
    #4         4        35   
    #5        5-10      82   
    #6       11-50      17   
  Average     2.46           

RUN-1002 : start command "export_db keyboard_pr.db"
RUN-1001 : Exported /
RUN-1001 : Exported flow parameters
RUN-1001 : Exported libs
RUN-1001 : Exported entities
RUN-1001 : Exported ports
RUN-1001 : Exported pins
RUN-1001 : Exported instances
RUN-1001 : Exported nets
RUN-1001 : Exported buses
RUN-1001 : Exported models
RUN-1001 : Exported congestions
RUN-1001 : Exported violations
RUN-1001 : Exported timing constraints
RUN-1001 : Exported IO constraints
RUN-1001 : Exported Inst constraints
RUN-1002 : start command "export_bid keyboard_inst.bid"
RUN-1002 : start command "bitgen -bit keyboard.bit -unused_io_status pulldown"
BIT-1003 : Start to generate bitstream. 
BIT-1002 : Bitgen processed 164 unused pads, reserve input tri_state with pulldown
BIT-1002 : Init instances with 16 threads.
BIT-1002 : Init instances completely, inst num: 528
BIT-1002 : Init pips with 16 threads.
BIT-1002 : Init pips completely, net num: 749, pip num: 5099
BIT-1002 : Init feedthrough with 16 threads.
BIT-1002 : Init feedthrough completely, num: 10
BIT-1003 : Multithreading accelaration with 16 threads.
BIT-1003 : Generate bitstream completely, there are 716 valid insts, and 17064 bits set as '1'.
BIT-1004 : PLL setting string = 0000
BIT-1004 : Generate bits file keyboard.bit.
RUN-1003 : finish command "bitgen -bit keyboard.bit -unused_io_status pulldown" in  1.395676s wall, 8.390625s user + 0.031250s system = 8.421875s CPU (603.4%)

RUN-1004 : used memory is 452 MB, reserved memory is 429 MB, peak memory is 626 MB
RUN-1002 : start command "backup_run_log run.log ../.logs/phy_1/td_20240828_150149.log"
