============================================================
   Tang Dynasty, V5.6.71036
      Copyright (c) 2012-2023 Anlogic Inc.
   Executable = C:/Anlogic/TD5.6.2/bin/td.exe
   Built at =   20:34:38 Mar 21 2023
   Run by =     Osscarrrrr
   Run Date =   Tue Aug 27 19:22:34 2024

   Run on =     ADMINISTRATOR
============================================================
RUN-1002 : start command "open_project keyboard.prj"
RUN-1001 : Print Global Property
RUN-1001 : ---------------------------------------------------------------
RUN-1001 :        Parameters        |  Settings  |  Default Values  |  Note  
RUN-1001 : ---------------------------------------------------------------
RUN-1001 :          message         |  standard  |     standard     |        
RUN-1001 :   mixed_pack_place_flow  |     on     |        on        |        
RUN-1001 :        qor_monitor       |    off     |       off        |        
RUN-1001 :        syn_ip_flow       |    off     |       off        |        
RUN-1001 :          thread          |    auto    |       auto       |        
RUN-1001 : ---------------------------------------------------------------
RUN-1001 : Print Design Property
RUN-1001 : --------------------------------------------------------------
RUN-1001 :        Parameters       |  Settings  |  Default Values  |  Note  
RUN-1001 : --------------------------------------------------------------
RUN-1001 :   default_reg_initial   |    auto    |       auto       |        
RUN-1001 :        infer_add        |     on     |        on        |        
RUN-1001 :        infer_fsm        |    off     |       off        |        
RUN-1001 :        infer_mult       |     on     |        on        |        
RUN-1001 :        infer_ram        |     on     |        on        |        
RUN-1001 :        infer_reg        |     on     |        on        |        
RUN-1001 :   infer_reg_init_value  |     on     |        on        |        
RUN-1001 :        infer_rom        |     on     |        on        |        
RUN-1001 :      infer_shifter      |     on     |        on        |        
RUN-1001 : --------------------------------------------------------------
RUN-1001 : Print Rtl Property
RUN-1001 : --------------------------------------------------------------
RUN-1001 :        Parameters       |  Settings  |  Default Values  |  Note  
RUN-1001 : --------------------------------------------------------------
RUN-1001 :       compress_add      |   ripple   |      ripple      |        
RUN-1001 :        elf_sload        |    off     |       off        |        
RUN-1001 :       fix_undriven      |     0      |        0         |        
RUN-1001 :         flatten         |    off     |       off        |        
RUN-1001 :       gate_sharing      |     on     |        on        |        
RUN-1001 :    hdl_warning_level    |   normal   |      normal      |        
RUN-1001 :   impl_internal_tribuf  |     on     |        on        |        
RUN-1001 :      impl_set_reset     |     on     |        on        |        
RUN-1001 :        infer_gsr        |    off     |       off        |        
RUN-1001 :      keep_hierarchy     |    auto    |       auto       |        
RUN-1001 :        max_fanout       |    9999    |       9999       |        
RUN-1001 :      max_oh2bin_len     |     10     |        10        |        
RUN-1001 :       merge_equal       |     on     |        on        |        
RUN-1001 :       merge_equiv       |     on     |        on        |        
RUN-1001 :        merge_mux        |    off     |       off        |        
RUN-1001 :     min_control_set     |     8      |        8         |        
RUN-1001 :      min_ripple_len     |    auto    |       auto       |        
RUN-1001 :       oh2bin_ratio      |    0.08    |       0.08       |        
RUN-1001 :     opt_adder_fanout    |     on     |        on        |        
RUN-1001 :        opt_arith        |     on     |        on        |        
RUN-1001 :       opt_big_gate      |    off     |       off        |        
RUN-1001 :        opt_const        |     on     |        on        |        
RUN-1001 :      opt_const_mult     |     on     |        on        |        
RUN-1001 :       opt_lessthan      |     on     |        on        |        
RUN-1001 :         opt_mux         |    off     |       off        |        
RUN-1001 :         opt_ram         |    high    |       high       |        
RUN-1001 :      rtl_sim_model      |    off     |       off        |        
RUN-1001 :         seq_syn         |     on     |        on        |        
RUN-1001 : --------------------------------------------------------------
HDL-1007 : analyze verilog file ../../../src/Digitron_TimeDisplay_module.v
HDL-1007 : analyze verilog file ../../../src/key_filter.v
HDL-1007 : analyze verilog file ../../../src/keyboard_instance.v
HDL-1007 : analyze verilog file ../../../src/keyboard_scan.v
HDL-1007 : analyze verilog file ../../../src/onehot2binary.v
RUN-1001 : Project manager successfully analyzed 5 source files.
RUN-1002 : start command "import_device eagle_s20.db -package EG4S20BG256"
ARC-1001 : Device Initialization.
ARC-1001 : ------------------------------------------------------------------
ARC-1001 :            OPTION            |          IO          |   SETTING   
ARC-1001 : ------------------------------------------------------------------
ARC-1001 :   cso_b/cclk/mosi/miso/dout  |  T3/R11/T10/P10/S11  |    gpio    
ARC-1001 :             done             |         P13          |    gpio    
ARC-1001 :           program_b          |          T2          |  dedicate  
ARC-1001 :        tdi/tms/tck/tdo       |   C12/A15/C14/E14    |  dedicate  
ARC-1001 : ------------------------------------------------------------------
ARC-1004 : Device setting, marked 5 dedicate IOs in total.
RUN-1002 : start command "import_db ../syn_1/keyboard_gate.db"
RUN-1001 : Importing database generated by Tang Dynasty, V5.6.71036.
RUN-1001 : Database version number 46146.
RUN-1001 : Import flow parameters
RUN-1001 : Import IO constraints
RUN-1001 : Import Inst constraints
RUN-1001 : Import design success TD_VERSION=5.6.71036 , DB_VERSION=46146
RUN-1002 : start command "place"
RUN-1001 : Open license file C:/Anlogic/TD5.6.2/license/Anlogic.lic
RUN-1001 : Print Global Property
RUN-1001 : ---------------------------------------------------------------
RUN-1001 :        Parameters        |  Settings  |  Default Values  |  Note  
RUN-1001 : ---------------------------------------------------------------
RUN-1001 :          message         |  standard  |     standard     |        
RUN-1001 :   mixed_pack_place_flow  |     on     |        on        |        
RUN-1001 :        qor_monitor       |    off     |       off        |        
RUN-1001 :        syn_ip_flow       |    off     |       off        |        
RUN-1001 :          thread          |    auto    |       auto       |        
RUN-1001 : ---------------------------------------------------------------
RUN-1001 : Print Place Property
RUN-1001 : --------------------------------------------------------------
RUN-1001 :        Parameters       |  Settings  |  Default Values  |  Note  
RUN-1001 : --------------------------------------------------------------
RUN-1001 :      detailed_place     |     on     |        on        |        
RUN-1001 :          effort         |   medium   |      medium      |        
RUN-1001 :         fix_hold        |    off     |       off        |        
RUN-1001 :       legalization      |    ori     |       ori        |        
RUN-1001 :      new_spreading      |     on     |        on        |        
RUN-1001 :        opt_timing       |   medium   |      medium      |        
RUN-1001 :   post_clock_route_opt  |    off     |       off        |        
RUN-1001 :       pr_strategy       |     1      |        1         |        
RUN-1001 :        relaxation       |    1.00    |       1.00       |        
RUN-1001 :         retiming        |    off     |       off        |        
RUN-1001 : --------------------------------------------------------------
PHY-3001 : Placer runs in 20 thread(s).
RUN-1002 : start command "legalize_phy_inst"
SYN-1011 : Flatten model keyboard_instance
RUN-1002 : start command "phys_opt -simplify_lut"
SYN-4024 : Net "clk_50M_dup_1" drives clk pins.
SYN-4024 : Net "U1/scan_clk" drives clk pins.
SYN-4025 : Tag rtl::Net U1/scan_clk as clock net
SYN-4025 : Tag rtl::Net clk_50M_dup_1 as clock net
SYN-4026 : Tagged 2 rtl::Net as clock net
SYN-4015 : Create BUFG instance for clk Net U1/scan_clk to drive 24 clock pins.
PHY-1001 : Populate physical database on model keyboard_instance.
RUN-1001 : There are total 353 instances
RUN-0007 : 173 luts, 128 seqs, 10 mslices, 15 lslices, 23 pads, 0 brams, 0 dsps
RUN-1001 : There are total 427 nets
RUN-1001 : 235 nets have 2 pins
RUN-1001 : 149 nets have [3 - 5] pins
RUN-1001 : 30 nets have [6 - 10] pins
RUN-1001 : 7 nets have [11 - 20] pins
RUN-1001 : 4 nets have [21 - 99] pins
RUN-1001 : 2 nets have 100+ pins
RUN-1001 : Report Control nets information:
RUN-1001 : DFF Distribution
RUN-1001 : ----------------------------------
RUN-1001 :   CE   |  SSR  |  ASR  |  DFF Count  
RUN-1001 : ----------------------------------
RUN-1001 :   No   |  No   |  No   |     76      
RUN-1001 :   No   |  No   |  Yes  |     20      
RUN-1001 :   No   |  Yes  |  No   |      0      
RUN-1001 :   Yes  |  No   |  No   |      0      
RUN-1001 :   Yes  |  No   |  Yes  |     32      
RUN-1001 :   Yes  |  Yes  |  No   |      0      
RUN-1001 : ----------------------------------
RUN-0007 : Control Group Statistic
RUN-0007 : ---------------------------
RUN-0007 :   #CLK  |  #CE  |  #SSR/ASR  
RUN-0007 : ---------------------------
RUN-0007 :    2    |   2   |     2      
RUN-0007 : ---------------------------
RUN-0007 : Control Set = 4
PHY-3001 : Initial placement ...
PHY-3001 : design contains 351 instances, 173 luts, 128 seqs, 25 slices, 3 macros(25 instances: 10 mslices 15 lslices)
PHY-0007 : Cell area utilization is 1%
PHY-3001 : Global placement ...
PHY-3001 : Initial: Len = 101248
PHY-3001 : Clustering ...
PHY-3001 : Level 0 #clusters 351.
PHY-3001 : End clustering;  0.000009s wall, 0.000000s user + 0.000000s system = 0.000000s CPU (n/a%)

PHY-3001 : Run with size of 4
PHY-3001 : Cell area utilization is 1%
PHY-3001 : :::0::: Try harder cell spreading with beta_ = 0
PHY-3002 : Step(1): len = 66374.9, overlap = 0
PHY-3002 : Step(2): len = 41120.1, overlap = 0
PHY-3002 : Step(3): len = 28889.8, overlap = 0
PHY-3002 : Step(4): len = 22811.1, overlap = 0
PHY-3002 : Step(5): len = 19114.2, overlap = 0
PHY-3002 : Step(6): len = 17218.9, overlap = 0
PHY-3002 : Step(7): len = 16822.1, overlap = 0
PHY-3002 : Step(8): len = 15519.3, overlap = 0
PHY-3002 : Step(9): len = 14996.2, overlap = 0
PHY-3002 : Step(10): len = 15126.4, overlap = 0
PHY-3002 : Step(11): len = 15027.7, overlap = 0
PHY-3002 : Step(12): len = 14853.7, overlap = 0
PHY-3002 : Step(13): len = 14372.9, overlap = 0
PHY-3002 : Step(14): len = 13552.1, overlap = 0
PHY-3002 : Step(15): len = 13789.4, overlap = 0
PHY-3002 : Step(16): len = 12794.2, overlap = 0
PHY-3002 : Step(17): len = 12079.8, overlap = 0
PHY-3002 : Step(18): len = 12554, overlap = 0
PHY-3002 : Step(19): len = 12726, overlap = 0
PHY-3002 : Step(20): len = 12032.5, overlap = 0
PHY-3002 : Step(21): len = 11499.2, overlap = 0
PHY-3002 : Step(22): len = 11683, overlap = 0
PHY-3002 : Step(23): len = 11060.4, overlap = 0
PHY-3002 : Step(24): len = 11164.9, overlap = 0
PHY-3002 : Step(25): len = 10185.5, overlap = 0
PHY-3002 : Step(26): len = 9944.4, overlap = 0
PHY-3002 : Step(27): len = 10143.2, overlap = 0
PHY-3002 : Step(28): len = 10193.3, overlap = 0
PHY-3002 : Step(29): len = 10540.6, overlap = 0
PHY-3002 : Step(30): len = 10123, overlap = 0
PHY-3002 : Step(31): len = 10570.1, overlap = 0
PHY-3002 : Step(32): len = 9830.4, overlap = 0
PHY-3002 : Step(33): len = 8818.7, overlap = 0
PHY-3002 : Step(34): len = 9130.7, overlap = 0
PHY-3002 : Step(35): len = 9302.9, overlap = 0
PHY-3002 : Step(36): len = 8519.5, overlap = 0
PHY-3002 : Step(37): len = 8399.5, overlap = 0
PHY-3002 : Step(38): len = 8708.1, overlap = 0
PHY-3002 : Step(39): len = 7747.1, overlap = 0
PHY-3002 : Step(40): len = 7698, overlap = 0
PHY-3002 : Step(41): len = 7826.5, overlap = 0
PHY-3002 : Step(42): len = 7374.7, overlap = 0
PHY-3002 : Step(43): len = 7007.4, overlap = 0
PHY-3002 : Step(44): len = 7282.5, overlap = 0
PHY-3002 : Step(45): len = 6687.5, overlap = 0
PHY-3002 : Step(46): len = 6412.9, overlap = 0
PHY-3002 : Step(47): len = 6174.6, overlap = 0
PHY-3002 : Step(48): len = 5558.1, overlap = 0
PHY-3002 : Step(49): len = 5552.4, overlap = 0
PHY-3002 : Step(50): len = 5308.5, overlap = 0
PHY-3002 : Step(51): len = 5094.8, overlap = 0
PHY-3002 : Step(52): len = 4800.2, overlap = 0
PHY-3002 : Step(53): len = 4695.4, overlap = 0
PHY-3002 : Step(54): len = 4063.9, overlap = 0
PHY-3002 : Step(55): len = 3921.4, overlap = 0
PHY-3002 : Step(56): len = 4023.1, overlap = 0
PHY-3001 : Legalization ...
PHY-3001 : End legalization;  0.003426s wall, 0.000000s user + 0.000000s system = 0.000000s CPU (n/a%)

PHY-3001 : Run with size of 4
PHY-3001 : Cell area utilization is 1%
PHY-3001 : :::0::: Try harder cell spreading with beta_ = 0.0212322
PHY-3002 : Step(57): len = 3694.6, overlap = 0
PHY-3002 : Step(58): len = 3717.5, overlap = 0
PHY-3002 : Step(59): len = 3717.5, overlap = 0
PHY-3001 : Run with size of 2
PHY-3001 : Cell area utilization is 1%
PHY-3001 : :::0::: Try harder cell spreading with beta_ = 5.39439e-05
PHY-3002 : Step(60): len = 3800.1, overlap = 6.875
PHY-3002 : Step(61): len = 3800.1, overlap = 6.875
PHY-3001 : :::1::: Try harder cell spreading with beta_ = 0.000107888
PHY-3002 : Step(62): len = 3811.6, overlap = 7.65625
PHY-3002 : Step(63): len = 3811.6, overlap = 7.65625
PHY-3001 : :::2::: Try harder cell spreading with beta_ = 0.000215776
PHY-3002 : Step(64): len = 3811.2, overlap = 8.03125
PHY-3002 : Step(65): len = 3811.2, overlap = 8.03125
OPT-1001 : Start physical optimization ...
OPT-1001 : Total overflow 14.53 peak overflow 2.84
OPT-1001 : Start high-fanout net optimization ...
OPT-1001 : Update timing in global mode
PHY-1001 : Start incremental global routing, caller is place ...
RUN-1001 : Generating global routing grids ...
RUN-1001 : Building simple global routing graph ...
PHY-1001 : Generate routing nets ...
PHY-1001 : Reuse net number 0/427.
PHY-1001 : Global iterations in 20 thread ...
PHY-1002 : len = 3776, over cnt = 14(0%), over = 98, worst = 20
PHY-1001 : End global iterations;  0.008566s wall, 0.000000s user + 0.000000s system = 0.000000s CPU (n/a%)

PHY-1001 : Congestion index: top1 = 12.42, top5 = 3.15, top10 = 1.57, top15 = 1.05.
PHY-1001 : End incremental global routing;  0.041080s wall, 0.015625s user + 0.000000s system = 0.015625s CPU (38.0%)

RUN-1002 : start command "start_timer -report"
TMR-5001 WARNING: No sdc constraints found while initiating timer.
TMR-2505 : Start building timing graph for model keyboard_instance.
TMR-2506 : Build timing graph completely. Port num: 7, tpin num: 1562, tnet num: 425, tinst num: 351, tnode num: 1955, tedge num: 2488.
TMR-2508 : Levelizing timing graph completed, there are 21 levels in total.
TMR-2501 : Timing graph initialized successfully.
OPT-1001 : End timing update;  0.115027s wall, 0.015625s user + 0.000000s system = 0.015625s CPU (13.6%)

OPT-1001 : 0 high-fanout net processed.
OPT-1001 : End high-fanout net optimization;  0.158775s wall, 0.031250s user + 0.000000s system = 0.031250s CPU (19.7%)

OPT-1001 : Current memory(MB): used = 147, reserve = 117, peak = 147.
OPT-1001 : End physical optimization;  0.162473s wall, 0.046875s user + 0.000000s system = 0.046875s CPU (28.9%)

PHY-3001 : Start packing ...
SYN-4007 : Packing 0 MUX to BLE ...
SYN-4008 : Packed 0 MUX and 0 SEQ to BLE.
SYN-4007 : Packing 173 LUT to BLE ...
SYN-4008 : Packed 173 LUT and 54 SEQ to BLE.
SYN-4003 : Packing 74 remaining SEQ's ...
SYN-4005 : Packed 51 SEQ with LUT/SLICE
SYN-4006 : 72 single LUT's are left
SYN-4006 : 23 single SEQ's are left
SYN-4011 : Packing model "keyboard_instance" (AL_USER_NORMAL) with 196/248 primitive instances ...
PHY-3001 : End packing;  0.008023s wall, 0.000000s user + 0.000000s system = 0.000000s CPU (n/a%)

PHY-1001 : Populate physical database on model keyboard_instance.
RUN-1001 : There are total 165 instances
RUN-1001 : 69 mslices, 69 lslices, 23 pads, 0 brams, 0 dsps
RUN-1001 : There are total 373 nets
RUN-1001 : 172 nets have 2 pins
RUN-1001 : 148 nets have [3 - 5] pins
RUN-1001 : 36 nets have [6 - 10] pins
RUN-1001 : 11 nets have [11 - 20] pins
RUN-1001 : 5 nets have [21 - 99] pins
RUN-1001 : 1 nets have 100+ pins
PHY-3001 : design contains 163 instances, 138 slices, 3 macros(25 instances: 10 mslices 15 lslices)
PHY-3001 : Cell area utilization is 1%
PHY-3001 : After packing: Len = 4015.8, Over = 13.25
PHY-3001 : Run with size of 2
PHY-3001 : Cell area utilization is 1%
PHY-3001 : :::0::: Try harder cell spreading with beta_ = 2.19688e-05
PHY-3002 : Step(66): len = 3940.4, overlap = 12.75
PHY-3002 : Step(67): len = 4008.7, overlap = 12.5
PHY-3002 : Step(68): len = 4081.1, overlap = 11.25
PHY-3001 : :::1::: Try harder cell spreading with beta_ = 4.39375e-05
PHY-3002 : Step(69): len = 3928.5, overlap = 10.75
PHY-3002 : Step(70): len = 3928.5, overlap = 10.75
PHY-3002 : Step(71): len = 3943.8, overlap = 9.25
PHY-3001 : :::2::: Try harder cell spreading with beta_ = 8.7875e-05
PHY-3002 : Step(72): len = 3991.5, overlap = 9.25
PHY-3002 : Step(73): len = 3991.5, overlap = 9.25
PHY-3001 : Legalization ...
PHY-3001 : End legalization;  0.032844s wall, 0.000000s user + 0.000000s system = 0.000000s CPU (n/a%)

PHY-3001 : Trial Legalized: Len = 7883.2
PHY-3001 : Run with size of 2
PHY-3001 : Cell area utilization is 1%
PHY-3001 : :::0::: Try harder cell spreading with beta_ = 0.0231012
PHY-3002 : Step(74): len = 6050.7, overlap = 2.75
PHY-3002 : Step(75): len = 4973.2, overlap = 4.5
PHY-3002 : Step(76): len = 4756.8, overlap = 6.5
PHY-3002 : Step(77): len = 4655.6, overlap = 6.75
PHY-3002 : Step(78): len = 4655.6, overlap = 6.75
PHY-3001 : :::1::: Try harder cell spreading with beta_ = 0.0373777
PHY-3002 : Step(79): len = 4644.3, overlap = 6.75
PHY-3002 : Step(80): len = 4302, overlap = 7
PHY-3001 : Legalization ...
PHY-3001 : End legalization;  0.004022s wall, 0.015625s user + 0.000000s system = 0.015625s CPU (388.5%)

PHY-3001 : Legalized: Len = 6782.9, Over = 0
PHY-3001 : Spreading special nets. 2 overflows in 2952 tiles.
PHY-3001 : End spreading;  0.001728s wall, 0.000000s user + 0.000000s system = 0.000000s CPU (n/a%)

PHY-3001 : 2 instances has been re-located, deltaX = 0, deltaY = 2, maxDist = 1.
PHY-3001 : Final: Len = 6790.9, Over = 0
OPT-1001 : Start physical optimization ...
OPT-1001 : Total overflow 0.00 peak overflow 0.00
OPT-1001 : Start high-fanout net optimization ...
OPT-1001 : Update timing in global mode
PHY-1001 : Start incremental global routing, caller is place ...
RUN-1001 : Generating global routing grids ...
PHY-1001 : Generate routing nets ...
PHY-1001 : Reuse net number 27/373.
PHY-1001 : Global iterations in 20 thread ...
PHY-1002 : len = 7304, over cnt = 29(0%), over = 65, worst = 5
PHY-1002 : len = 7864, over cnt = 11(0%), over = 13, worst = 2
PHY-1002 : len = 7960, over cnt = 5(0%), over = 5, worst = 1
PHY-1002 : len = 8024, over cnt = 0(0%), over = 0, worst = 0
PHY-1001 : End global iterations;  0.027150s wall, 0.015625s user + 0.000000s system = 0.015625s CPU (57.6%)

PHY-1001 : Congestion index: top1 = 18.94, top5 = 6.29, top10 = 3.13, top15 = 2.09.
PHY-1001 : End incremental global routing;  0.056623s wall, 0.031250s user + 0.015625s system = 0.046875s CPU (82.8%)

RUN-1002 : start command "start_timer -report"
TMR-5001 WARNING: No sdc constraints found while initiating timer.
TMR-2505 : Start building timing graph for model keyboard_instance.
TMR-2506 : Build timing graph completely. Port num: 7, tpin num: 1447, tnet num: 371, tinst num: 163, tnode num: 1745, tedge num: 2421.
TMR-2508 : Levelizing timing graph completed, there are 21 levels in total.
TMR-2501 : Timing graph initialized successfully.
OPT-1001 : End timing update;  0.096427s wall, 0.062500s user + 0.000000s system = 0.062500s CPU (64.8%)

OPT-1001 : 0 high-fanout net processed.
OPT-1001 : End high-fanout net optimization;  0.156128s wall, 0.093750s user + 0.015625s system = 0.109375s CPU (70.1%)

OPT-1001 : Current memory(MB): used = 148, reserve = 119, peak = 148.
OPT-1001 : Update timing in Manhattan mode
OPT-1001 : End timing update;  0.000187s wall, 0.000000s user + 0.000000s system = 0.000000s CPU (n/a%)

OPT-1001 : Start pin optimization...
OPT-1001 : skip pin optimization...
RUN-1001 : Generating global routing grids ...
PHY-1001 : Generate routing nets ...
PHY-1001 : Reuse net number 291/373.
PHY-1001 : Global iterations in 20 thread ...
PHY-1002 : len = 8024, over cnt = 0(0%), over = 0, worst = 0
PHY-1001 : End global iterations;  0.000892s wall, 0.000000s user + 0.000000s system = 0.000000s CPU (n/a%)

PHY-1001 : Congestion index: top1 = 18.94, top5 = 6.29, top10 = 3.13, top15 = 2.09.
OPT-1001 : Update timing in Manhattan mode
OPT-1001 : End timing update;  0.000316s wall, 0.000000s user + 0.000000s system = 0.000000s CPU (n/a%)

RUN-1001 : QoR Analysis:
OPT-0007 :   WNS 2147483647 TNS 0 NUM_FEPS 0
RUN-1001 :   No local congestion issue, and most congested 1% tile average routing util is 18.379310
RUN-1001 :   Top critical paths
OPT-1001 : End physical optimization;  0.186976s wall, 0.109375s user + 0.031250s system = 0.140625s CPU (75.2%)

RUN-1003 : finish command "place" in  1.811881s wall, 0.390625s user + 0.671875s system = 1.062500s CPU (58.6%)

RUN-1004 : used memory is 129 MB, reserved memory is 100 MB, peak memory is 149 MB
RUN-1002 : start command "export_db keyboard_place.db"
RUN-1001 : Exported /
RUN-1001 : Exported flow parameters
RUN-1001 : Exported libs
RUN-1001 : Exported entities
RUN-1001 : Exported ports
RUN-1001 : Exported pins
RUN-1001 : Exported instances
RUN-1001 : Exported nets
RUN-1001 : Exported buses
RUN-1001 : Exported models
RUN-1001 : Exported congestions
RUN-1001 : Exported violations
RUN-1001 : Exported IO constraints
RUN-1001 : Exported Inst constraints
RUN-1002 : start command "route"
RUN-1001 : Open license file C:/Anlogic/TD5.6.2/license/Anlogic.lic
RUN-1001 : Print Global Property
RUN-1001 : ---------------------------------------------------------------
RUN-1001 :        Parameters        |  Settings  |  Default Values  |  Note  
RUN-1001 : ---------------------------------------------------------------
RUN-1001 :          message         |  standard  |     standard     |        
RUN-1001 :   mixed_pack_place_flow  |     on     |        on        |        
RUN-1001 :        qor_monitor       |    off     |       off        |        
RUN-1001 :        syn_ip_flow       |    off     |       off        |        
RUN-1001 :          thread          |    auto    |       auto       |        
RUN-1001 : ---------------------------------------------------------------
RUN-1001 : Print Route Property
RUN-1001 : -------------------------------------------------------
RUN-1001 :    Parameters    |  Settings  |  Default Values  |  Note  
RUN-1001 : -------------------------------------------------------
RUN-1001 :      effort      |   medium   |      medium      |        
RUN-1001 :     fix_hold     |    off     |       off        |        
RUN-1001 :    opt_timing    |   medium   |      medium      |        
RUN-1001 :   phy_sim_model  |    off     |       off        |        
RUN-1001 :     priority     |   timing   |      timing      |        
RUN-1001 :     swap_pin     |     on     |        on        |        
RUN-1001 : -------------------------------------------------------
PHY-1001 : Route runs in 20 thread(s)
RUN-1001 : There are total 165 instances
RUN-1001 : 69 mslices, 69 lslices, 23 pads, 0 brams, 0 dsps
RUN-1001 : There are total 373 nets
RUN-1001 : 172 nets have 2 pins
RUN-1001 : 148 nets have [3 - 5] pins
RUN-1001 : 36 nets have [6 - 10] pins
RUN-1001 : 11 nets have [11 - 20] pins
RUN-1001 : 5 nets have [21 - 99] pins
RUN-1001 : 1 nets have 100+ pins
RUN-1002 : start command "start_timer -report"
TMR-5001 WARNING: No sdc constraints found while initiating timer.
TMR-2505 : Start building timing graph for model keyboard_instance.
TMR-2506 : Build timing graph completely. Port num: 7, tpin num: 1447, tnet num: 371, tinst num: 163, tnode num: 1745, tedge num: 2421.
TMR-2508 : Levelizing timing graph completed, there are 21 levels in total.
TMR-2501 : Timing graph initialized successfully.
PHY-1001 : 69 mslices, 69 lslices, 23 pads, 0 brams, 0 dsps
TMR-2503 : Start to update net delay, extr mode = 3.
TMR-2504 : Update delay of 371 nets completely.
TMR-2502 : Annotate delay completely, extr mode = 3.
TMR-3002 : No user constraint, initiate default constraint.
TMR-1501 : Assign derive clock DeriveClock to 180 clock pins, and constraint 298 relative nodes.
TMR-3003 : Constraints initiated successfully.
TMR-3501 : Forward propagation: start to calculate arrival time...
TMR-3502 : Backward propagation: start to calculate required time...
TMR-3503 : Timing propagation completes.
PHY-1001 : Start global routing, caller is route ...
RUN-1001 : Generating global routing grids ...
PHY-1001 : Generate routing nets ...
PHY-1001 : Global iterations in 20 thread ...
PHY-1002 : len = 7272, over cnt = 27(0%), over = 60, worst = 5
PHY-1002 : len = 7808, over cnt = 10(0%), over = 12, worst = 2
PHY-1002 : len = 7912, over cnt = 3(0%), over = 3, worst = 1
PHY-1002 : len = 7960, over cnt = 0(0%), over = 0, worst = 0
PHY-1001 : End global iterations;  0.030659s wall, 0.000000s user + 0.000000s system = 0.000000s CPU (n/a%)

PHY-1001 : Congestion index: top1 = 18.92, top5 = 6.26, top10 = 3.12, top15 = 2.08.
PHY-1001 : End global routing;  0.059789s wall, 0.000000s user + 0.000000s system = 0.000000s CPU (n/a%)

PHY-1001 : Start detail routing ...
PHY-1001 : Current memory(MB): used = 176, reserve = 147, peak = 193.
PHY-1001 : Detailed router is running in normal mode.
PHY-1001 : Generate detailed routing grids ...
PHY-1001 : Processed IO instance col[3]_syn_4 with INV attribute.
PHY-1001 : Processed IO instance col[2]_syn_4 with INV attribute.
PHY-1001 : Processed IO instance col[1]_syn_4 with INV attribute.
PHY-1001 : Processed IO instance col[0]_syn_4 with INV attribute.
PHY-1001 : Generate nets ...
PHY-1001 : net clk_50M_dup_1 will be routed on clock mesh
PHY-1001 : clock net U1/scan_clk_syn_4 will be merged with clock U1/scan_clk
PHY-1001 : Current memory(MB): used = 442, reserve = 418, peak = 442.
PHY-1001 : End build detailed router design. 2.602009s wall, 1.843750s user + 0.015625s system = 1.859375s CPU (71.5%)

PHY-1001 : Detail Route ...
PHY-1001 : ===== Detail Route Phase 1 =====
PHY-1001 : Clock net routing.....
PHY-1001 : Routed 0% nets.
PHY-1022 : len = 7760, over cnt = 0(0%), over = 0, worst = 0, crit = 0
PHY-1001 : End initial clock net routed; 0.206128s wall, 0.062500s user + 0.000000s system = 0.062500s CPU (30.3%)

PHY-1001 : Current memory(MB): used = 472, reserve = 448, peak = 472.
PHY-1001 : End phase 1; 0.210238s wall, 0.062500s user + 0.000000s system = 0.062500s CPU (29.7%)

PHY-1001 : ===== Detail Route Phase 2 =====
PHY-1001 : Initial routing.....
PHY-1001 : Routed 35% nets.
PHY-1001 : Routed 40% nets.
PHY-1001 : Routed 50% nets.
PHY-1001 : Routed 64% nets.
PHY-1001 : Routed 87% nets.
PHY-1022 : len = 25976, over cnt = 31(0%), over = 32, worst = 2, crit = 0
PHY-1001 : Current memory(MB): used = 472, reserve = 448, peak = 472.
PHY-1001 : End initial routed; 0.089038s wall, 0.046875s user + 0.000000s system = 0.046875s CPU (52.6%)

PHY-1001 : Current memory(MB): used = 472, reserve = 448, peak = 472.
PHY-1001 : End phase 2; 0.089078s wall, 0.046875s user + 0.000000s system = 0.046875s CPU (52.6%)

PHY-1001 : ===== Detail Route Phase 3 =====
PHY-1001 : Ripup-reroute.....
PHY-1001 : ===== DR Iter 1 =====
PHY-1022 : len = 25816, over cnt = 4(0%), over = 4, worst = 1, crit = 0
PHY-1001 : End DR Iter 1; 0.020584s wall, 0.031250s user + 0.000000s system = 0.031250s CPU (151.8%)

PHY-1001 : ===== DR Iter 2 =====
PHY-1022 : len = 25840, over cnt = 1(0%), over = 1, worst = 1, crit = 0
PHY-1001 : End DR Iter 2; 0.009218s wall, 0.015625s user + 0.000000s system = 0.015625s CPU (169.5%)

PHY-1001 : ===== DR Iter 3 =====
PHY-1022 : len = 25888, over cnt = 0(0%), over = 0, worst = 0, crit = 0
PHY-1001 : End DR Iter 3; 0.008226s wall, 0.000000s user + 0.000000s system = 0.000000s CPU (n/a%)

PHY-1001 : Commit to database.....
PHY-1001 : 5 feed throughs used by 4 nets
PHY-1001 : End commit to database; 0.027849s wall, 0.015625s user + 0.000000s system = 0.015625s CPU (56.1%)

PHY-1001 : Current memory(MB): used = 482, reserve = 458, peak = 482.
PHY-1001 : End phase 3; 0.148335s wall, 0.125000s user + 0.000000s system = 0.125000s CPU (84.3%)

PHY-1003 : Routed, final wirelength = 25888
PHY-1001 : Current memory(MB): used = 482, reserve = 458, peak = 482.
PHY-1001 : End export database. 0.004757s wall, 0.000000s user + 0.000000s system = 0.000000s CPU (n/a%)

PHY-1001 : End detail routing;  3.206243s wall, 2.171875s user + 0.031250s system = 2.203125s CPU (68.7%)

RUN-1003 : finish command "route" in  3.410801s wall, 2.265625s user + 0.031250s system = 2.296875s CPU (67.3%)

RUN-1004 : used memory is 421 MB, reserved memory is 397 MB, peak memory is 482 MB
RUN-1002 : start command "report_area -io_info -file keyboard_phy.area"
RUN-1001 : standard
***Report Model: keyboard_instance Device: EG4S20BG256***

IO Statistics
#IO                        23
  #input                    6
  #output                  17
  #inout                    0

Utilization Statistics
#lut                      245   out of  19600    1.25%
#reg                      144   out of  19600    0.73%
#le                       268
  #lut only               124   out of    268   46.27%
  #reg only                23   out of    268    8.58%
  #lut&reg                121   out of    268   45.15%
#dsp                        0   out of     29    0.00%
#bram                       0   out of     64    0.00%
  #bram9k                   0
  #fifo9k                   0
#bram32k                    0   out of     16    0.00%
#pad                       23   out of    188   12.23%
  #ireg                     4
  #oreg                     4
  #treg                     0
#pll                        0   out of      4    0.00%
#gclk                       1   out of     16    6.25%

Clock Resource Statistics
Index     ClockNet         Type               DriverType         Driver                      Fanout
#1        clk_50M_dup_1    GCLK               io                 clk_50M_syn_2.di            74
#2        U1/scan_clk      GCLK               lslice             U1/scan_clk_reg_syn_9.q1    16


Detailed IO Report

        Name           Direction    Location    IOStandard    DriveStrength    PullType    PackReg  
        RSTn             INPUT         A9        LVCMOS33          N/A          PULLUP      NONE    
       clk_50M           INPUT         R7        LVCMOS33          N/A          PULLUP      NONE    
       col[3]            INPUT        F10        LVCMOS33          N/A          PULLUP      IREG    
       col[2]            INPUT        C11        LVCMOS33          N/A          PULLUP      IREG    
       col[1]            INPUT        D11        LVCMOS33          N/A          PULLUP      IREG    
       col[0]            INPUT        E11        LVCMOS33          N/A          PULLUP      IREG    
  DigitronCS_Out[3]     OUTPUT         A3        LVCMOS33           8            NONE       NONE    
  DigitronCS_Out[2]     OUTPUT         A5        LVCMOS33           8            NONE       NONE    
  DigitronCS_Out[1]     OUTPUT         B6        LVCMOS33           8            NONE       NONE    
  DigitronCS_Out[0]     OUTPUT         C9        LVCMOS33           8            NONE       NONE    
   Digitron_Out[7]      OUTPUT         C8        LVCMOS33           8            NONE       NONE    
   Digitron_Out[6]      OUTPUT         A8        LVCMOS33           8            NONE       NONE    
   Digitron_Out[5]      OUTPUT         B5        LVCMOS33           8            NONE       NONE    
   Digitron_Out[4]      OUTPUT         A7        LVCMOS33           8            NONE       NONE    
   Digitron_Out[3]      OUTPUT         E8        LVCMOS33           8            NONE       NONE    
   Digitron_Out[2]      OUTPUT         B8        LVCMOS33           8            NONE       NONE    
   Digitron_Out[1]      OUTPUT         A6        LVCMOS33           8            NONE       NONE    
   Digitron_Out[0]      OUTPUT         A4        LVCMOS33           8            NONE       NONE    
        light           OUTPUT        B14        LVCMOS33           8            NONE       NONE    
       row[3]           OUTPUT         D9        LVCMOS33           8            NONE       OREG    
       row[2]           OUTPUT         F9        LVCMOS33           8            NONE       OREG    
       row[1]           OUTPUT        C10        LVCMOS33           8            NONE       OREG    
       row[0]           OUTPUT        E10        LVCMOS33           8            NONE       OREG    

Report Hierarchy Area:
+-------------------------------------------------------------------------------------------+
|Instance |Module                      |le     |lut     |ripple  |seq     |bram    |dsp     |
+-------------------------------------------------------------------------------------------+
|top      |keyboard_instance           |268    |220     |25      |152     |0       |0       |
|  U1     |keyboard_scan               |65     |42      |9       |49      |0       |0       |
|  U2     |key_filter                  |62     |47      |6       |52      |0       |0       |
|  U3     |onehot2binary               |102    |102     |0       |27      |0       |0       |
|  U5     |Digitron_TimeDisplay_module |34     |24      |10      |16      |0       |0       |
+-------------------------------------------------------------------------------------------+


DataNet Average Fanout:

   Index     Fanout    Nets  
    #1         1       149   
    #2         2       105   
    #3         3        29   
    #4         4        14   
    #5        5-10      37   
    #6       11-50      12   
  Average     2.78           

RUN-1002 : start command "export_db keyboard_pr.db"
RUN-1001 : Exported /
RUN-1001 : Exported flow parameters
RUN-1001 : Exported libs
RUN-1001 : Exported entities
RUN-1001 : Exported ports
RUN-1001 : Exported pins
RUN-1001 : Exported instances
RUN-1001 : Exported nets
RUN-1001 : Exported buses
RUN-1001 : Exported models
RUN-1001 : Exported congestions
RUN-1001 : Exported violations
RUN-1001 : Exported IO constraints
RUN-1001 : Exported Inst constraints
RUN-1002 : start command "export_bid keyboard_inst.bid"
RUN-1002 : start command "bitgen -bit keyboard.bit -unused_io_status pulldown"
BIT-1003 : Start to generate bitstream. 
BIT-1002 : Bitgen processed 165 unused pads, reserve input tri_state with pulldown
BIT-1002 : Init instances with 20 threads.
BIT-1002 : Init instances completely, inst num: 328
BIT-1002 : Init pips with 20 threads.
BIT-1002 : Init pips completely, net num: 373, pip num: 2785
BIT-1002 : Init feedthrough completely, num: 5
BIT-1003 : Multithreading accelaration with 20 threads.
BIT-1003 : Generate bitstream completely, there are 479 valid insts, and 8580 bits set as '1'.
BIT-1004 : PLL setting string = 0000
BIT-1004 : Generate bits file keyboard.bit.
RUN-1003 : finish command "bitgen -bit keyboard.bit -unused_io_status pulldown" in  1.118659s wall, 1.265625s user + 0.015625s system = 1.281250s CPU (114.5%)

RUN-1004 : used memory is 424 MB, reserved memory is 400 MB, peak memory is 639 MB
RUN-1002 : start command "backup_run_log run.log ../.logs/phy_1/td_20240827_192234.log"
