============================================================
   Tang Dynasty, V5.6.59063
   Copyright (c) 2012-2022 Anlogic
   Executable = E:/Anlogic/TD5.6.59063/bin/td.exe
   Built at =   12:45:13 Sep  6 2022
   Run by =     19234
   Run Date =   Tue Aug 27 23:03:43 2024

   Run on =     ERIKPSW
============================================================
RUN-1002 : start command "open_project keyboard.prj"
RUN-1001 : Print Global Property
RUN-1001 : ---------------------------------------------------------------
RUN-1001 :        Parameters        |  Settings  |  Default Values  |  Note  
RUN-1001 : ---------------------------------------------------------------
RUN-1001 :          message         |  standard  |     standard     |        
RUN-1001 :   mixed_pack_place_flow  |     on     |        on        |        
RUN-1001 :        qor_monitor       |    off     |       off        |        
RUN-1001 :        syn_ip_flow       |    off     |       off        |        
RUN-1001 :          thread          |    auto    |       auto       |        
RUN-1001 : ---------------------------------------------------------------
RUN-1001 : Print Design Property
RUN-1001 : --------------------------------------------------------------
RUN-1001 :        Parameters       |  Settings  |  Default Values  |  Note  
RUN-1001 : --------------------------------------------------------------
RUN-1001 :   default_reg_initial   |    auto    |       auto       |        
RUN-1001 :        infer_add        |     on     |        on        |        
RUN-1001 :        infer_fsm        |    off     |       off        |        
RUN-1001 :        infer_mult       |     on     |        on        |        
RUN-1001 :        infer_ram        |     on     |        on        |        
RUN-1001 :        infer_reg        |     on     |        on        |        
RUN-1001 :   infer_reg_init_value  |     on     |        on        |        
RUN-1001 :        infer_rom        |     on     |        on        |        
RUN-1001 :      infer_shifter      |     on     |        on        |        
RUN-1001 : --------------------------------------------------------------
RUN-1001 : Print Rtl Property
RUN-1001 : --------------------------------------------------------------
RUN-1001 :        Parameters       |  Settings  |  Default Values  |  Note  
RUN-1001 : --------------------------------------------------------------
RUN-1001 :       compress_add      |   ripple   |      ripple      |        
RUN-1001 :        elf_sload        |    off     |       off        |        
RUN-1001 :       fix_undriven      |     0      |        0         |        
RUN-1001 :         flatten         |    off     |       off        |        
RUN-1001 :       gate_sharing      |     on     |        on        |        
RUN-1001 :    hdl_warning_level    |   normal   |      normal      |        
RUN-1001 :   impl_internal_tribuf  |     on     |        on        |        
RUN-1001 :      impl_set_reset     |     on     |        on        |        
RUN-1001 :        infer_gsr        |    off     |       off        |        
RUN-1001 :      keep_hierarchy     |    auto    |       auto       |        
RUN-1001 :        max_fanout       |    9999    |       9999       |        
RUN-1001 :      max_oh2bin_len     |     10     |        10        |        
RUN-1001 :       merge_equal       |     on     |        on        |        
RUN-1001 :       merge_equiv       |     on     |        on        |        
RUN-1001 :        merge_mux        |    off     |       off        |        
RUN-1001 :     min_control_set     |     8      |        8         |        
RUN-1001 :      min_ripple_len     |    auto    |       auto       |        
RUN-1001 :       oh2bin_ratio      |    0.08    |       0.08       |        
RUN-1001 :     opt_adder_fanout    |     on     |        on        |        
RUN-1001 :        opt_arith        |     on     |        on        |        
RUN-1001 :       opt_big_gate      |    off     |       off        |        
RUN-1001 :        opt_const        |     on     |        on        |        
RUN-1001 :      opt_const_mult     |     on     |        on        |        
RUN-1001 :       opt_lessthan      |     on     |        on        |        
RUN-1001 :         opt_mux         |    off     |       off        |        
RUN-1001 :         opt_ram         |    high    |       high       |        
RUN-1001 :      rtl_sim_model      |    off     |       off        |        
RUN-1001 :         seq_syn         |     on     |        on        |        
RUN-1001 : --------------------------------------------------------------
HDL-1007 : analyze verilog file ../../../src/Digitron_TimeDisplay_module.v
HDL-1007 : analyze verilog file ../../../src/key_filter.v
HDL-1007 : analyze verilog file ../../../src/keyboard_instance.v
HDL-1007 : analyze verilog file ../../../src/keyboard_scan.v
HDL-1007 : analyze verilog file ../../../src/onehot2binary.v
RUN-1001 : Project manager successfully analyzed 5 source files.
RUN-1002 : start command "import_device eagle_s20.db -package EG4S20BG256"
ARC-1001 : Device Initialization.
ARC-1001 : ------------------------------------------------------------------
ARC-1001 :            OPTION            |          IO          |   SETTING   
ARC-1001 : ------------------------------------------------------------------
ARC-1001 :   cso_b/cclk/mosi/miso/dout  |  T3/R11/T10/P10/S11  |    gpio    
ARC-1001 :             done             |         P13          |    gpio    
ARC-1001 :           program_b          |          T2          |  dedicate  
ARC-1001 :        tdi/tms/tck/tdo       |   C12/A15/C14/E14    |  dedicate  
ARC-1001 : ------------------------------------------------------------------
ARC-1004 : Device setting, marked 5 dedicate IOs in total.
RUN-1002 : start command "import_db ../syn_1/keyboard_gate.db"
RUN-1001 : Importing database generated by Tang Dynasty, V5.6.59063.
RUN-1001 : Database version number 46140.
RUN-1001 : Import flow parameters
RUN-1001 : Import timing constraints
RUN-1001 : Import IO constraints
RUN-1001 : Import Inst constraints
RUN-1001 : Import design success TD_VERSION=5.6.59063 , DB_VERSION=46140
RUN-1002 : start command "read_sdc"
USR-1002 : read_sdc file_name -help -h -eco
USR-1009 : NO module with IP_SDC ...
RUN-1104 : Import SDC file  finished, there are 0 nets kept by constraints.
RUN-1002 : start command "place"
RUN-1001 : Open license file E:/Anlogic/TD5.6.59063/license/Anlogic.lic
RUN-1001 : Print Global Property
RUN-1001 : ---------------------------------------------------------------
RUN-1001 :        Parameters        |  Settings  |  Default Values  |  Note  
RUN-1001 : ---------------------------------------------------------------
RUN-1001 :          message         |  standard  |     standard     |        
RUN-1001 :   mixed_pack_place_flow  |     on     |        on        |        
RUN-1001 :        qor_monitor       |    off     |       off        |        
RUN-1001 :        syn_ip_flow       |    off     |       off        |        
RUN-1001 :          thread          |    auto    |       auto       |        
RUN-1001 : ---------------------------------------------------------------
RUN-1001 : Print Place Property
RUN-1001 : --------------------------------------------------------------
RUN-1001 :        Parameters       |  Settings  |  Default Values  |  Note  
RUN-1001 : --------------------------------------------------------------
RUN-1001 :      detailed_place     |     on     |        on        |        
RUN-1001 :          effort         |   medium   |      medium      |        
RUN-1001 :         fix_hold        |    off     |       off        |        
RUN-1001 :       legalization      |    ori     |       ori        |        
RUN-1001 :      new_spreading      |     on     |        on        |        
RUN-1001 :        opt_timing       |   medium   |      medium      |        
RUN-1001 :   post_clock_route_opt  |    off     |       off        |        
RUN-1001 :       pr_strategy       |     1      |        1         |        
RUN-1001 :        relaxation       |    1.00    |       1.00       |        
RUN-1001 :         retiming        |    off     |       off        |        
RUN-1001 : --------------------------------------------------------------
PHY-3001 : Placer runs in 16 thread(s).
RUN-1002 : start command "legalize_phy_inst"
SYN-1011 : Flatten model keyboard_instance
RUN-1002 : start command "phys_opt -simplify_lut"
SYN-4024 : Net "clk_50M_dup_1" drives clk pins.
SYN-4024 : Net "U1/scan_clk" drives clk pins.
SYN-4025 : Tag rtl::Net U1/scan_clk as clock net
SYN-4025 : Tag rtl::Net clk_50M_dup_1 as clock net
SYN-4026 : Tagged 2 rtl::Net as clock net
SYN-4015 : Create BUFG instance for clk Net U1/scan_clk to drive 20 clock pins.
PHY-1001 : Populate physical database on model keyboard_instance.
RUN-1001 : There are total 470 instances
RUN-0007 : 209 luts, 175 seqs, 36 mslices, 22 lslices, 24 pads, 0 brams, 0 dsps
RUN-1001 : There are total 579 nets
RUN-1001 : 339 nets have 2 pins
RUN-1001 : 191 nets have [3 - 5] pins
RUN-1001 : 35 nets have [6 - 10] pins
RUN-1001 : 6 nets have [11 - 20] pins
RUN-1001 : 6 nets have [21 - 99] pins
RUN-1001 : 2 nets have 100+ pins
RUN-1001 : Report Control nets information:
RUN-1001 : DFF Distribution
RUN-1001 : ----------------------------------
RUN-1001 :   CE   |  SSR  |  ASR  |  DFF Count  
RUN-1001 : ----------------------------------
RUN-1001 :   No   |  No   |  No   |     82      
RUN-1001 :   No   |  No   |  Yes  |     20      
RUN-1001 :   No   |  Yes  |  No   |      0      
RUN-1001 :   Yes  |  No   |  No   |      0      
RUN-1001 :   Yes  |  No   |  Yes  |     32      
RUN-1001 :   Yes  |  Yes  |  No   |     41      
RUN-1001 : ----------------------------------
RUN-0007 : Control Group Statistic
RUN-0007 : ---------------------------
RUN-0007 :   #CLK  |  #CE  |  #SSR/ASR  
RUN-0007 : ---------------------------
RUN-0007 :    2    |   3   |     3      
RUN-0007 : ---------------------------
RUN-0007 : Control Set = 5
PHY-3001 : Initial placement ...
PHY-3001 : design contains 468 instances, 209 luts, 175 seqs, 58 slices, 7 macros(58 instances: 36 mslices 22 lslices)
PHY-0007 : Cell area utilization is 1%
PHY-3001 : Start timing update ...
RUN-1002 : start command "start_timer -report"
TMR-2505 : Start building timing graph for model keyboard_instance.
TMR-2506 : Build timing graph completely. Port num: 8, tpin num: 2035, tnet num: 577, tinst num: 468, tnode num: 2576, tedge num: 3251.
TMR-2508 : Levelizing timing graph completed, there are 25 levels in total.
TMR-2501 : Timing graph initialized successfully.
TMR-2503 : Start to update net delay, extr mode = 2.
TMR-2504 : Update delay of 577 nets completely.
TMR-2502 : Annotate delay completely, extr mode = 2.
TMR-3001 : Initiate 0 clocks from SDC.
TMR-3004 : Map sdc constraints, there are 0 constraints in total.
TMR-3003 : Constraints initiated successfully.
TMR-3501 : Forward propagation: start to calculate arrival time...
TMR-3502 : Backward propagation: start to calculate required time...
TMR-3503 : Timing propagation completes.
PHY-3001 : End timing update;  0.131883s wall, 0.015625s user + 0.000000s system = 0.015625s CPU (11.8%)

PHY-3001 : Global placement ...
PHY-3001 : Initial: Len = 146302
PHY-3001 : Clustering ...
PHY-3001 : Level 0 #clusters 468.
PHY-3001 : End clustering;  0.000024s wall, 0.000000s user + 0.000000s system = 0.000000s CPU (n/a%)

PHY-3001 : Run with size of 4
PHY-3001 : Cell area utilization is 1%
PHY-3001 : :::0::: Try harder cell spreading with beta_ = 0
PHY-3002 : Step(1): len = 89305.5, overlap = 0
PHY-3002 : Step(2): len = 60333.6, overlap = 0
PHY-3002 : Step(3): len = 43462.7, overlap = 0
PHY-3002 : Step(4): len = 31952.3, overlap = 0
PHY-3002 : Step(5): len = 25422.5, overlap = 0
PHY-3002 : Step(6): len = 22879.5, overlap = 0
PHY-3002 : Step(7): len = 19562.8, overlap = 0
PHY-3002 : Step(8): len = 18681.7, overlap = 0
PHY-3002 : Step(9): len = 17619.6, overlap = 0
PHY-3002 : Step(10): len = 17210.7, overlap = 0
PHY-3002 : Step(11): len = 17142.6, overlap = 0
PHY-3002 : Step(12): len = 15985.4, overlap = 0
PHY-3002 : Step(13): len = 16190.8, overlap = 0
PHY-3002 : Step(14): len = 15173.9, overlap = 0
PHY-3002 : Step(15): len = 15174.5, overlap = 0
PHY-3002 : Step(16): len = 15264, overlap = 0
PHY-3002 : Step(17): len = 14920.3, overlap = 0
PHY-3002 : Step(18): len = 14165.1, overlap = 0
PHY-3002 : Step(19): len = 14507.3, overlap = 0
PHY-3002 : Step(20): len = 14387.1, overlap = 0
PHY-3002 : Step(21): len = 14394.7, overlap = 0
PHY-3002 : Step(22): len = 13447, overlap = 0
PHY-3002 : Step(23): len = 12671.9, overlap = 0
PHY-3002 : Step(24): len = 13063.2, overlap = 0
PHY-3002 : Step(25): len = 11363.1, overlap = 0
PHY-3002 : Step(26): len = 10937.9, overlap = 0
PHY-3002 : Step(27): len = 10761.7, overlap = 0
PHY-3002 : Step(28): len = 10486.2, overlap = 0
PHY-3002 : Step(29): len = 9811.8, overlap = 0
PHY-3002 : Step(30): len = 9233.1, overlap = 0
PHY-3002 : Step(31): len = 9388.4, overlap = 0
PHY-3002 : Step(32): len = 9500.1, overlap = 0
PHY-3002 : Step(33): len = 9648, overlap = 0
PHY-3002 : Step(34): len = 9074, overlap = 0
PHY-3002 : Step(35): len = 9074, overlap = 0
PHY-3002 : Step(36): len = 8704.8, overlap = 0
PHY-3002 : Step(37): len = 8704.8, overlap = 0
PHY-3002 : Step(38): len = 8581.9, overlap = 0
PHY-3001 : Legalization ...
PHY-3001 : End legalization;  0.003494s wall, 0.000000s user + 0.000000s system = 0.000000s CPU (n/a%)

PHY-3001 : Run with size of 4
PHY-3001 : Cell area utilization is 2%
PHY-3001 : Update timing in Manhattan mode ...
TMR-2503 : Start to update net delay, extr mode = 3.
TMR-2504 : Update delay of 577 nets completely.
TMR-2502 : Annotate delay completely, extr mode = 3.
TMR-3501 : Forward propagation: start to calculate arrival time...
TMR-3502 : Backward propagation: start to calculate required time...
TMR-3503 : Timing propagation completes.
PHY-3001 : End timing update;  0.005756s wall, 0.000000s user + 0.000000s system = 0.000000s CPU (n/a%)

PHY-3001 : :::0::: Try harder cell spreading with beta_ = 0
PHY-3002 : Step(39): len = 8665.9, overlap = 0
PHY-3002 : Step(40): len = 8713.8, overlap = 0
PHY-3002 : Step(41): len = 9070.4, overlap = 0
PHY-3002 : Step(42): len = 9240, overlap = 0
PHY-3002 : Step(43): len = 9184.5, overlap = 1.75
PHY-3002 : Step(44): len = 9708, overlap = 2.78125
PHY-3002 : Step(45): len = 10051.2, overlap = 1.59375
PHY-3002 : Step(46): len = 9521, overlap = 0.8125
PHY-3002 : Step(47): len = 9164.7, overlap = 0.9375
PHY-3002 : Step(48): len = 9252.2, overlap = 0.65625
PHY-3002 : Step(49): len = 9005.7, overlap = 0
PHY-3002 : Step(50): len = 9098.5, overlap = 0
PHY-3002 : Step(51): len = 8769.3, overlap = 0.4375
PHY-3002 : Step(52): len = 8857.4, overlap = 0.75
PHY-3002 : Step(53): len = 8926.2, overlap = 1.9375
PHY-3002 : Step(54): len = 8975.8, overlap = 2.59375
PHY-3002 : Step(55): len = 8532.2, overlap = 4.59375
PHY-3002 : Step(56): len = 8343.6, overlap = 4.34375
PHY-3002 : Step(57): len = 8566.7, overlap = 3.3125
PHY-3002 : Step(58): len = 8273.6, overlap = 4.65625
PHY-3002 : Step(59): len = 8129.6, overlap = 4.5
PHY-3002 : Step(60): len = 8369.4, overlap = 1.8125
PHY-3002 : Step(61): len = 8575.2, overlap = 3.09375
PHY-3002 : Step(62): len = 7605.1, overlap = 3.1875
PHY-3002 : Step(63): len = 7416, overlap = 0.5
PHY-3002 : Step(64): len = 7461.1, overlap = 2.59375
PHY-3002 : Step(65): len = 6711.8, overlap = 2.9375
PHY-3002 : Step(66): len = 6881.4, overlap = 3.34375
PHY-3002 : Step(67): len = 6567.2, overlap = 3.15625
PHY-3002 : Step(68): len = 6438.7, overlap = 2.3125
PHY-3002 : Step(69): len = 6431.4, overlap = 3.375
PHY-3002 : Step(70): len = 6225.4, overlap = 3.1875
PHY-3002 : Step(71): len = 5710.4, overlap = 3.28125
PHY-3002 : Step(72): len = 5718, overlap = 2.84375
PHY-3002 : Step(73): len = 5602, overlap = 2.40625
PHY-3002 : Step(74): len = 5347, overlap = 1.0625
PHY-3002 : Step(75): len = 5397.5, overlap = 0.9375
PHY-3002 : Step(76): len = 5416.1, overlap = 1
PHY-3002 : Step(77): len = 5439.8, overlap = 0.9375
PHY-3002 : Step(78): len = 5242.3, overlap = 1.375
PHY-3002 : Step(79): len = 5174.4, overlap = 1.375
PHY-3002 : Step(80): len = 5190, overlap = 1.3125
PHY-3002 : Step(81): len = 5102.6, overlap = 2.75
PHY-3002 : Step(82): len = 5092.1, overlap = 3.625
PHY-3002 : Step(83): len = 5054.2, overlap = 3.3125
PHY-3002 : Step(84): len = 5037.4, overlap = 3.6875
PHY-3002 : Step(85): len = 4812.2, overlap = 2.625
PHY-3002 : Step(86): len = 4872.2, overlap = 2.5
PHY-3002 : Step(87): len = 4956.9, overlap = 1.9375
PHY-3002 : Step(88): len = 4989.9, overlap = 1.625
PHY-3002 : Step(89): len = 4643, overlap = 0.6875
PHY-3002 : Step(90): len = 4643, overlap = 0.6875
PHY-3002 : Step(91): len = 4491.6, overlap = 0.6875
PHY-3002 : Step(92): len = 4513.9, overlap = 0.6875
PHY-3002 : Step(93): len = 4513.9, overlap = 0.6875
PHY-3001 : Run with size of 2
PHY-3001 : Cell area utilization is 2%
PHY-3001 : Update timing in Manhattan mode ...
TMR-2503 : Start to update net delay, extr mode = 3.
TMR-2504 : Update delay of 577 nets completely.
TMR-2502 : Annotate delay completely, extr mode = 3.
TMR-3501 : Forward propagation: start to calculate arrival time...
TMR-3502 : Backward propagation: start to calculate required time...
TMR-3503 : Timing propagation completes.
PHY-3001 : End timing update;  0.005417s wall, 0.000000s user + 0.000000s system = 0.000000s CPU (n/a%)

PHY-3001 : :::0::: Try harder cell spreading with beta_ = 2.41402e-05
PHY-3002 : Step(94): len = 4657, overlap = 16.1875
PHY-3002 : Step(95): len = 4657, overlap = 16.1875
PHY-3001 : :::1::: Try harder cell spreading with beta_ = 4.82805e-05
PHY-3002 : Step(96): len = 4771.5, overlap = 15.4062
PHY-3002 : Step(97): len = 4771.5, overlap = 15.4062
PHY-3001 : :::2::: Try harder cell spreading with beta_ = 9.65609e-05
PHY-3002 : Step(98): len = 5045.1, overlap = 12.7188
PHY-3002 : Step(99): len = 5169.7, overlap = 12.625
PHY-3002 : Step(100): len = 5374, overlap = 9.0625
OPT-1001 : Start physical optimization ...
RUN-1002 : start command "start_timer -report"
TMR-2505 : Start building timing graph for model keyboard_instance.
TMR-2506 : Build timing graph completely. Port num: 8, tpin num: 2035, tnet num: 577, tinst num: 468, tnode num: 2576, tedge num: 3251.
TMR-2508 : Levelizing timing graph completed, there are 25 levels in total.
TMR-2501 : Timing graph initialized successfully.
OPT-1001 : Total overflow 27.09 peak overflow 3.03
OPT-1001 : Start high-fanout net optimization ...
OPT-1001 : Update timing in global mode
PHY-1001 : Start incremental global routing, caller is place ...
RUN-1001 : Generating global routing grids ...
RUN-1001 : Building simple global routing graph ...
PHY-1001 : Generate routing nets ...
PHY-1001 : Reuse net number 0/579.
PHY-1001 : Global iterations in 16 thread ...
PHY-1002 : len = 5400, over cnt = 35(0%), over = 129, worst = 16
PHY-1001 : End global iterations;  0.021501s wall, 0.000000s user + 0.000000s system = 0.000000s CPU (n/a%)

PHY-1001 : Congestion index: top1 = 16.06, top5 = 4.51, top10 = 2.25, top15 = 1.50.
PHY-1001 : End incremental global routing;  0.068401s wall, 0.000000s user + 0.031250s system = 0.031250s CPU (45.7%)

TMR-2503 : Start to update net delay, extr mode = 5.
TMR-2504 : Update delay of 577 nets completely.
TMR-2502 : Annotate delay completely, extr mode = 5.
TMR-3001 : Initiate 0 clocks from SDC.
TMR-3004 : Map sdc constraints, there are 0 constraints in total.
TMR-3003 : Constraints initiated successfully.
TMR-3501 : Forward propagation: start to calculate arrival time...
TMR-3502 : Backward propagation: start to calculate required time...
TMR-3503 : Timing propagation completes.
OPT-1001 : End timing update;  0.007111s wall, 0.015625s user + 0.000000s system = 0.015625s CPU (219.7%)

OPT-1001 : 0 high-fanout net processed.
OPT-1001 : End high-fanout net optimization;  0.080503s wall, 0.015625s user + 0.031250s system = 0.046875s CPU (58.2%)

OPT-1001 : Current memory(MB): used = 143, reserve = 115, peak = 143.
OPT-1001 : Start global optimization ...
OPT-1001 : Start congestion update ...
RUN-1001 : Generating global routing grids ...
PHY-1001 : Generate routing nets ...
PHY-1001 : Reuse net number 309/579.
PHY-1001 : Global iterations in 16 thread ...
PHY-1002 : len = 5400, over cnt = 35(0%), over = 129, worst = 16
PHY-1002 : len = 6784, over cnt = 31(0%), over = 43, worst = 2
PHY-1002 : len = 7136, over cnt = 14(0%), over = 15, worst = 2
PHY-1002 : len = 7328, over cnt = 1(0%), over = 1, worst = 1
PHY-1002 : len = 7360, over cnt = 0(0%), over = 0, worst = 0
PHY-1001 : End global iterations;  0.029818s wall, 0.000000s user + 0.015625s system = 0.015625s CPU (52.4%)

PHY-1001 : Congestion index: top1 = 18.10, top5 = 5.69, top10 = 2.84, top15 = 1.89.
OPT-1001 : End congestion update;  0.066087s wall, 0.015625s user + 0.031250s system = 0.046875s CPU (70.9%)

OPT-1001 : Update timing in Manhattan mode
TMR-2503 : Start to update net delay, extr mode = 3.
TMR-2504 : Update delay of 577 nets completely.
TMR-2502 : Annotate delay completely, extr mode = 3.
TMR-3501 : Forward propagation: start to calculate arrival time...
TMR-3502 : Backward propagation: start to calculate required time...
TMR-3503 : Timing propagation completes.
OPT-1001 : End timing update;  0.005672s wall, 0.000000s user + 0.000000s system = 0.000000s CPU (n/a%)

OPT-0007 : Start: WNS 2147483647 TNS 0 NUM_FEPS 0
OPT-1001 : End global optimization;  0.071850s wall, 0.015625s user + 0.031250s system = 0.046875s CPU (65.2%)

OPT-1001 : Current memory(MB): used = 144, reserve = 116, peak = 144.
OPT-1001 : End physical optimization;  0.292918s wall, 0.109375s user + 0.062500s system = 0.171875s CPU (58.7%)

PHY-3001 : Start packing ...
SYN-4007 : Packing 0 MUX to BLE ...
SYN-4008 : Packed 0 MUX and 0 SEQ to BLE.
SYN-4007 : Packing 209 LUT to BLE ...
SYN-4008 : Packed 209 LUT and 76 SEQ to BLE.
SYN-4003 : Packing 99 remaining SEQ's ...
SYN-4005 : Packed 52 SEQ with LUT/SLICE
SYN-4006 : 91 single LUT's are left
SYN-4006 : 47 single SEQ's are left
SYN-4011 : Packing model "keyboard_instance" (AL_USER_NORMAL) with 256/342 primitive instances ...
PHY-3001 : End packing;  0.016718s wall, 0.000000s user + 0.000000s system = 0.000000s CPU (n/a%)

PHY-1001 : Populate physical database on model keyboard_instance.
RUN-1001 : There are total 224 instances
RUN-1001 : 98 mslices, 98 lslices, 24 pads, 0 brams, 0 dsps
RUN-1001 : There are total 503 nets
RUN-1001 : 258 nets have 2 pins
RUN-1001 : 188 nets have [3 - 5] pins
RUN-1001 : 43 nets have [6 - 10] pins
RUN-1001 : 7 nets have [11 - 20] pins
RUN-1001 : 6 nets have [21 - 99] pins
RUN-1001 : 1 nets have 100+ pins
PHY-3001 : design contains 222 instances, 196 slices, 7 macros(58 instances: 36 mslices 22 lslices)
PHY-3001 : Cell area utilization is 2%
PHY-3001 : After packing: Len = 5654.8, Over = 15
PHY-3001 : Run with size of 2
PHY-3001 : Cell area utilization is 2%
PHY-3001 : Update timing in Manhattan mode ...
RUN-1002 : start command "start_timer -report"
TMR-2505 : Start building timing graph for model keyboard_instance.
TMR-2506 : Build timing graph completely. Port num: 8, tpin num: 1760, tnet num: 501, tinst num: 222, tnode num: 2146, tedge num: 2930.
TMR-2508 : Levelizing timing graph completed, there are 23 levels in total.
TMR-2501 : Timing graph initialized successfully.
TMR-2503 : Start to update net delay, extr mode = 3.
TMR-2504 : Update delay of 501 nets completely.
TMR-2502 : Annotate delay completely, extr mode = 3.
TMR-3001 : Initiate 0 clocks from SDC.
TMR-3004 : Map sdc constraints, there are 0 constraints in total.
TMR-3003 : Constraints initiated successfully.
TMR-3501 : Forward propagation: start to calculate arrival time...
TMR-3502 : Backward propagation: start to calculate required time...
TMR-3503 : Timing propagation completes.
PHY-3001 : End timing update;  0.157580s wall, 0.109375s user + 0.000000s system = 0.109375s CPU (69.4%)

PHY-3001 : :::0::: Try harder cell spreading with beta_ = 2.08495e-05
PHY-3002 : Step(101): len = 5196, overlap = 16
PHY-3002 : Step(102): len = 5259.6, overlap = 15.25
PHY-3002 : Step(103): len = 5290.9, overlap = 13.5
PHY-3001 : :::1::: Try harder cell spreading with beta_ = 4.16989e-05
PHY-3002 : Step(104): len = 5274.4, overlap = 14
PHY-3002 : Step(105): len = 5310.2, overlap = 14.25
PHY-3002 : Step(106): len = 5399.7, overlap = 14
PHY-3001 : :::2::: Try harder cell spreading with beta_ = 8.33979e-05
PHY-3002 : Step(107): len = 5404.5, overlap = 13.25
PHY-3002 : Step(108): len = 5438.3, overlap = 13.25
PHY-3002 : Step(109): len = 5487.3, overlap = 13.25
PHY-3001 : Legalization ...
PHY-3001 : End legalization;  0.045706s wall, 0.000000s user + 0.015625s system = 0.015625s CPU (34.2%)

PHY-3001 : Trial Legalized: Len = 10651.6
PHY-3001 : Run with size of 2
PHY-3001 : Cell area utilization is 2%
PHY-3001 : Update timing in Manhattan mode ...
TMR-2503 : Start to update net delay, extr mode = 3.
TMR-2504 : Update delay of 501 nets completely.
TMR-2502 : Annotate delay completely, extr mode = 3.
TMR-3501 : Forward propagation: start to calculate arrival time...
TMR-3502 : Backward propagation: start to calculate required time...
TMR-3503 : Timing propagation completes.
PHY-3001 : End timing update;  0.005331s wall, 0.000000s user + 0.000000s system = 0.000000s CPU (n/a%)

PHY-3001 : :::0::: Try harder cell spreading with beta_ = 0.00212333
PHY-3002 : Step(110): len = 8392.3, overlap = 3.5
PHY-3002 : Step(111): len = 6817.5, overlap = 6
PHY-3002 : Step(112): len = 6289.4, overlap = 8.5
PHY-3002 : Step(113): len = 6143, overlap = 10
PHY-3002 : Step(114): len = 6096.6, overlap = 11
PHY-3001 : :::1::: Try harder cell spreading with beta_ = 0.00343555
PHY-3002 : Step(115): len = 6091.4, overlap = 10.75
PHY-3002 : Step(116): len = 5904.6, overlap = 10.5
PHY-3001 : Legalization ...
PHY-3001 : End legalization;  0.005213s wall, 0.000000s user + 0.000000s system = 0.000000s CPU (n/a%)

PHY-3001 : Legalized: Len = 8352, Over = 0
PHY-3001 : Spreading special nets. 3 overflows in 2952 tiles.
PHY-3001 : End spreading;  0.002626s wall, 0.000000s user + 0.000000s system = 0.000000s CPU (n/a%)

PHY-3001 : 5 instances has been re-located, deltaX = 3, deltaY = 0, maxDist = 1.
PHY-3001 : Final: Len = 8438, Over = 0
OPT-1001 : Start physical optimization ...
RUN-1002 : start command "start_timer -report"
TMR-2505 : Start building timing graph for model keyboard_instance.
TMR-2506 : Build timing graph completely. Port num: 8, tpin num: 1760, tnet num: 501, tinst num: 222, tnode num: 2146, tedge num: 2930.
TMR-2508 : Levelizing timing graph completed, there are 23 levels in total.
TMR-2501 : Timing graph initialized successfully.
OPT-1001 : Total overflow 0.00 peak overflow 0.00
OPT-1001 : Start high-fanout net optimization ...
OPT-1001 : Update timing in global mode
PHY-1001 : Start incremental global routing, caller is place ...
RUN-1001 : Generating global routing grids ...
PHY-1001 : Generate routing nets ...
PHY-1001 : Reuse net number 27/503.
PHY-1001 : Global iterations in 16 thread ...
PHY-1002 : len = 9456, over cnt = 46(0%), over = 80, worst = 5
PHY-1002 : len = 9928, over cnt = 27(0%), over = 35, worst = 5
PHY-1002 : len = 10384, over cnt = 1(0%), over = 1, worst = 1
PHY-1002 : len = 10400, over cnt = 0(0%), over = 0, worst = 0
PHY-1001 : End global iterations;  0.043680s wall, 0.000000s user + 0.015625s system = 0.015625s CPU (35.8%)

PHY-1001 : Congestion index: top1 = 21.14, top5 = 8.26, top10 = 4.15, top15 = 2.77.
PHY-1001 : End incremental global routing;  0.083505s wall, 0.015625s user + 0.015625s system = 0.031250s CPU (37.4%)

TMR-2503 : Start to update net delay, extr mode = 5.
TMR-2504 : Update delay of 501 nets completely.
TMR-2502 : Annotate delay completely, extr mode = 5.
TMR-3001 : Initiate 0 clocks from SDC.
TMR-3004 : Map sdc constraints, there are 0 constraints in total.
TMR-3003 : Constraints initiated successfully.
TMR-3501 : Forward propagation: start to calculate arrival time...
TMR-3502 : Backward propagation: start to calculate required time...
TMR-3503 : Timing propagation completes.
OPT-1001 : End timing update;  0.008266s wall, 0.000000s user + 0.000000s system = 0.000000s CPU (n/a%)

OPT-1001 : 0 high-fanout net processed.
OPT-1001 : End high-fanout net optimization;  0.099077s wall, 0.015625s user + 0.015625s system = 0.031250s CPU (31.5%)

OPT-1001 : Current memory(MB): used = 147, reserve = 119, peak = 147.
OPT-1001 : Start path based optimization ...
OPT-1001 : Start congestion update ...
RUN-1001 : Generating global routing grids ...
PHY-1001 : Generate routing nets ...
PHY-1001 : Reuse net number 402/503.
PHY-1001 : Global iterations in 16 thread ...
PHY-1002 : len = 10400, over cnt = 0(0%), over = 0, worst = 0
PHY-1001 : End global iterations;  0.002303s wall, 0.000000s user + 0.000000s system = 0.000000s CPU (n/a%)

PHY-1001 : Congestion index: top1 = 21.14, top5 = 8.26, top10 = 4.15, top15 = 2.77.
OPT-1001 : End congestion update;  0.057106s wall, 0.031250s user + 0.000000s system = 0.031250s CPU (54.7%)

OPT-1001 : Update timing in Manhattan mode
TMR-2503 : Start to update net delay, extr mode = 3.
TMR-2504 : Update delay of 501 nets completely.
TMR-2502 : Annotate delay completely, extr mode = 3.
TMR-3501 : Forward propagation: start to calculate arrival time...
TMR-3502 : Backward propagation: start to calculate required time...
TMR-3503 : Timing propagation completes.
OPT-1001 : End timing update;  0.005437s wall, 0.000000s user + 0.000000s system = 0.000000s CPU (n/a%)

OPT-0007 : Start: WNS 2147483647 TNS 0 NUM_FEPS 0
OPT-1001 : End path based optimization;  0.062632s wall, 0.031250s user + 0.000000s system = 0.031250s CPU (49.9%)

OPT-1001 : Current memory(MB): used = 147, reserve = 120, peak = 147.
OPT-1001 : Update timing in Manhattan mode
TMR-2503 : Start to update net delay, extr mode = 3.
TMR-2504 : Update delay of 501 nets completely.
TMR-2502 : Annotate delay completely, extr mode = 3.
TMR-3501 : Forward propagation: start to calculate arrival time...
TMR-3502 : Backward propagation: start to calculate required time...
TMR-3503 : Timing propagation completes.
OPT-1001 : End timing update;  0.004570s wall, 0.000000s user + 0.000000s system = 0.000000s CPU (n/a%)

OPT-1001 : Start pin optimization...
OPT-1001 : skip pin optimization...
OPT-1001 : Update timing in global mode
PHY-1001 : Start incremental global routing, caller is place ...
RUN-1001 : Generating global routing grids ...
PHY-1001 : Generate routing nets ...
PHY-1001 : Reuse net number 402/503.
PHY-1001 : Global iterations in 16 thread ...
PHY-1002 : len = 10400, over cnt = 0(0%), over = 0, worst = 0
PHY-1001 : End global iterations;  0.001640s wall, 0.000000s user + 0.000000s system = 0.000000s CPU (n/a%)

PHY-1001 : Congestion index: top1 = 21.14, top5 = 8.26, top10 = 4.15, top15 = 2.77.
PHY-1001 : End incremental global routing;  0.046041s wall, 0.015625s user + 0.000000s system = 0.015625s CPU (33.9%)

TMR-2503 : Start to update net delay, extr mode = 5.
TMR-2504 : Update delay of 501 nets completely.
TMR-2502 : Annotate delay completely, extr mode = 5.
TMR-3501 : Forward propagation: start to calculate arrival time...
TMR-3502 : Backward propagation: start to calculate required time...
TMR-3503 : Timing propagation completes.
OPT-1001 : End timing update;  0.008286s wall, 0.031250s user + 0.000000s system = 0.031250s CPU (377.1%)

RUN-1001 : Generating global routing grids ...
PHY-1001 : Generate routing nets ...
PHY-1001 : Reuse net number 402/503.
PHY-1001 : Global iterations in 16 thread ...
PHY-1002 : len = 10400, over cnt = 0(0%), over = 0, worst = 0
PHY-1001 : End global iterations;  0.001843s wall, 0.000000s user + 0.000000s system = 0.000000s CPU (n/a%)

PHY-1001 : Congestion index: top1 = 21.14, top5 = 8.26, top10 = 4.15, top15 = 2.77.
OPT-1001 : Update timing in Manhattan mode
TMR-2503 : Start to update net delay, extr mode = 3.
TMR-2504 : Update delay of 501 nets completely.
TMR-2502 : Annotate delay completely, extr mode = 3.
TMR-3501 : Forward propagation: start to calculate arrival time...
TMR-3502 : Backward propagation: start to calculate required time...
TMR-3503 : Timing propagation completes.
OPT-1001 : End timing update;  0.005858s wall, 0.000000s user + 0.000000s system = 0.000000s CPU (n/a%)

RUN-1001 : QoR Analysis:
OPT-0007 :   WNS 2147483647 TNS 0 NUM_FEPS 0
RUN-1001 :   No local congestion issue, and most congested 1% tile average routing util is 20.655172
RUN-1001 :   Top critical paths
OPT-1001 : End physical optimization;  0.414621s wall, 0.156250s user + 0.031250s system = 0.187500s CPU (45.2%)

RUN-1003 : finish command "place" in  3.390067s wall, 0.750000s user + 0.718750s system = 1.468750s CPU (43.3%)

RUN-1004 : used memory is 136 MB, reserved memory is 108 MB, peak memory is 147 MB
RUN-1002 : start command "export_db keyboard_place.db"
RUN-1001 : Exported /
RUN-1001 : Exported flow parameters
RUN-1001 : Exported libs
RUN-1001 : Exported entities
RUN-1001 : Exported ports
RUN-1001 : Exported pins
RUN-1001 : Exported instances
RUN-1001 : Exported nets
RUN-1001 : Exported buses
RUN-1001 : Exported models
RUN-1001 : Exported congestions
RUN-1001 : Exported violations
RUN-1001 : Exported timing constraints
RUN-1001 : Exported IO constraints
RUN-1001 : Exported Inst constraints
RUN-1002 : start command "route"
RUN-1001 : Open license file E:/Anlogic/TD5.6.59063/license/Anlogic.lic
RUN-1001 : Print Global Property
RUN-1001 : ---------------------------------------------------------------
RUN-1001 :        Parameters        |  Settings  |  Default Values  |  Note  
RUN-1001 : ---------------------------------------------------------------
RUN-1001 :          message         |  standard  |     standard     |        
RUN-1001 :   mixed_pack_place_flow  |     on     |        on        |        
RUN-1001 :        qor_monitor       |    off     |       off        |        
RUN-1001 :        syn_ip_flow       |    off     |       off        |        
RUN-1001 :          thread          |    auto    |       auto       |        
RUN-1001 : ---------------------------------------------------------------
RUN-1001 : Print Route Property
RUN-1001 : -------------------------------------------------------
RUN-1001 :    Parameters    |  Settings  |  Default Values  |  Note  
RUN-1001 : -------------------------------------------------------
RUN-1001 :      effort      |   medium   |      medium      |        
RUN-1001 :     fix_hold     |    off     |       off        |        
RUN-1001 :    opt_timing    |   medium   |      medium      |        
RUN-1001 :   phy_sim_model  |    off     |       off        |        
RUN-1001 :     priority     |   timing   |      timing      |        
RUN-1001 :     swap_pin     |     on     |        on        |        
RUN-1001 : -------------------------------------------------------
PHY-1001 : Route runs in 16 thread(s)
RUN-1001 : There are total 224 instances
RUN-1001 : 98 mslices, 98 lslices, 24 pads, 0 brams, 0 dsps
RUN-1001 : There are total 503 nets
RUN-1001 : 258 nets have 2 pins
RUN-1001 : 188 nets have [3 - 5] pins
RUN-1001 : 43 nets have [6 - 10] pins
RUN-1001 : 7 nets have [11 - 20] pins
RUN-1001 : 6 nets have [21 - 99] pins
RUN-1001 : 1 nets have 100+ pins
RUN-1002 : start command "start_timer -report"
TMR-2505 : Start building timing graph for model keyboard_instance.
TMR-2506 : Build timing graph completely. Port num: 8, tpin num: 1760, tnet num: 501, tinst num: 222, tnode num: 2146, tedge num: 2930.
TMR-2508 : Levelizing timing graph completed, there are 23 levels in total.
TMR-2501 : Timing graph initialized successfully.
PHY-1001 : 98 mslices, 98 lslices, 24 pads, 0 brams, 0 dsps
TMR-2503 : Start to update net delay, extr mode = 3.
TMR-2504 : Update delay of 501 nets completely.
TMR-2502 : Annotate delay completely, extr mode = 3.
TMR-3001 : Initiate 0 clocks from SDC.
TMR-3004 : Map sdc constraints, there are 0 constraints in total.
TMR-3003 : Constraints initiated successfully.
TMR-3501 : Forward propagation: start to calculate arrival time...
TMR-3502 : Backward propagation: start to calculate required time...
TMR-3503 : Timing propagation completes.
PHY-1001 : Start global routing, caller is route ...
RUN-1001 : Generating global routing grids ...
PHY-1001 : Generate routing nets ...
PHY-1001 : Global iterations in 16 thread ...
PHY-1002 : len = 9296, over cnt = 47(0%), over = 83, worst = 5
PHY-1002 : len = 9824, over cnt = 25(0%), over = 33, worst = 4
PHY-1002 : len = 10208, over cnt = 1(0%), over = 1, worst = 1
PHY-1002 : len = 10224, over cnt = 0(0%), over = 0, worst = 0
PHY-1001 : End global iterations;  0.046458s wall, 0.046875s user + 0.000000s system = 0.046875s CPU (100.9%)

PHY-1001 : Congestion index: top1 = 20.91, top5 = 8.15, top10 = 4.09, top15 = 2.73.
PHY-1001 : End global routing;  0.083259s wall, 0.093750s user + 0.000000s system = 0.093750s CPU (112.6%)

PHY-1001 : Start detail routing ...
PHY-1001 : Current memory(MB): used = 166, reserve = 139, peak = 182.
PHY-1001 : Detailed router is running in normal mode.
PHY-1001 : Generate detailed routing grids ...
PHY-1001 : Generate nets ...
PHY-1001 : net clk_50M_dup_1 will be routed on clock mesh
PHY-1001 : clock net U1/scan_clk_syn_4 will be merged with clock U1/scan_clk
PHY-1001 : Current memory(MB): used = 434, reserve = 411, peak = 434.
PHY-1001 : End build detailed router design. 3.761700s wall, 1.375000s user + 0.000000s system = 1.375000s CPU (36.6%)

PHY-1001 : Detail Route ...
PHY-1001 : ===== Detail Route Phase 1 =====
PHY-1001 : Clock net routing.....
PHY-1001 : Routed 0% nets.
PHY-1022 : len = 7552, over cnt = 0(0%), over = 0, worst = 0, crit = 0
PHY-1001 : End initial clock net routed; 0.300226s wall, 0.062500s user + 0.000000s system = 0.062500s CPU (20.8%)

PHY-1001 : Current memory(MB): used = 463, reserve = 441, peak = 463.
PHY-1001 : End phase 1; 0.306398s wall, 0.062500s user + 0.000000s system = 0.062500s CPU (20.4%)

PHY-1001 : ===== Detail Route Phase 2 =====
PHY-1001 : Initial routing.....
PHY-1001 : Routed 33% nets.
PHY-1001 : Routed 49% nets.
PHY-1001 : Routed 49% nets.
PHY-1001 : Patch 174 net; 0.053976s wall, 0.031250s user + 0.000000s system = 0.031250s CPU (57.9%)

PHY-1022 : len = 27248, over cnt = 26(0%), over = 26, worst = 1, crit = 0
PHY-1001 : Current memory(MB): used = 463, reserve = 441, peak = 463.
PHY-1001 : End initial routed; 0.106140s wall, 0.046875s user + 0.000000s system = 0.046875s CPU (44.2%)

PHY-1001 : Update timing.....
PHY-1001 : 0/426(0%) critical/total net(s).
RUN-1001 : ------------------------------------------
RUN-1001 :   Type   |    WNS(ns)    |  TNS(ns)  |  FEP  
RUN-1001 : ------------------------------------------
RUN-1001 :   Setup  |  2147483.647  |   0.000   |   0   
RUN-1001 :   Hold   |  2147483.647  |   0.000   |   0   
RUN-1001 : ------------------------------------------
PHY-1001 : End update timing; 0.148943s wall, 0.062500s user + 0.000000s system = 0.062500s CPU (42.0%)

PHY-1001 : Current memory(MB): used = 463, reserve = 441, peak = 463.
PHY-1001 : End phase 2; 0.255165s wall, 0.109375s user + 0.000000s system = 0.109375s CPU (42.9%)

PHY-1001 : ===== Detail Route Phase 3 =====
PHY-1001 : Optimize timing.....
PHY-1022 : len = 27248, over cnt = 26(0%), over = 26, worst = 1, crit = 0
PHY-1001 : End optimize timing; 0.003902s wall, 0.000000s user + 0.000000s system = 0.000000s CPU (n/a%)

PHY-1001 : Ripup-reroute.....
PHY-1001 : ===== DR Iter 1 =====
PHY-1022 : len = 27360, over cnt = 7(0%), over = 7, worst = 1, crit = 0
PHY-1001 : End DR Iter 1; 0.031554s wall, 0.000000s user + 0.000000s system = 0.000000s CPU (n/a%)

PHY-1001 : ===== DR Iter 2 =====
PHY-1022 : len = 27408, over cnt = 1(0%), over = 1, worst = 1, crit = 0
PHY-1001 : End DR Iter 2; 0.017737s wall, 0.015625s user + 0.000000s system = 0.015625s CPU (88.1%)

PHY-1001 : ===== DR Iter 3 =====
PHY-1022 : len = 27456, over cnt = 0(0%), over = 0, worst = 0, crit = 0
PHY-1001 : End DR Iter 3; 0.014531s wall, 0.000000s user + 0.000000s system = 0.000000s CPU (n/a%)

PHY-1001 : Update timing.....
PHY-1001 : 0/426(0%) critical/total net(s).
RUN-1001 : ------------------------------------------
RUN-1001 :   Type   |    WNS(ns)    |  TNS(ns)  |  FEP  
RUN-1001 : ------------------------------------------
RUN-1001 :   Setup  |  2147483.647  |   0.000   |   0   
RUN-1001 :   Hold   |  2147483.647  |   0.000   |   0   
RUN-1001 : ------------------------------------------
PHY-1001 : End update timing; 0.147755s wall, 0.078125s user + 0.000000s system = 0.078125s CPU (52.9%)

PHY-1001 : Commit to database.....
PHY-1001 : 7 feed throughs used by 7 nets
PHY-1001 : End commit to database; 0.042833s wall, 0.015625s user + 0.000000s system = 0.015625s CPU (36.5%)

PHY-1001 : Current memory(MB): used = 473, reserve = 451, peak = 473.
PHY-1001 : End phase 3; 0.404344s wall, 0.156250s user + 0.000000s system = 0.156250s CPU (38.6%)

PHY-1003 : Routed, final wirelength = 27456
PHY-1001 : Current memory(MB): used = 473, reserve = 451, peak = 473.
PHY-1001 : End export database. 0.005261s wall, 0.000000s user + 0.000000s system = 0.000000s CPU (n/a%)

PHY-1001 : End detail routing;  4.968397s wall, 1.796875s user + 0.015625s system = 1.812500s CPU (36.5%)

RUN-1003 : finish command "route" in  5.259186s wall, 2.015625s user + 0.015625s system = 2.031250s CPU (38.6%)

RUN-1004 : used memory is 433 MB, reserved memory is 410 MB, peak memory is 473 MB
RUN-1002 : start command "report_area -io_info -file keyboard_phy.area"
RUN-1001 : standard
***Report Model: keyboard_instance Device: EG4S20BG256***

IO Statistics
#IO                        24
  #input                    6
  #output                  18
  #inout                    0

Utilization Statistics
#lut                      333   out of  19600    1.70%
#reg                      191   out of  19600    0.97%
#le                       380
  #lut only               189   out of    380   49.74%
  #reg only                47   out of    380   12.37%
  #lut&reg                144   out of    380   37.89%
#dsp                        0   out of     29    0.00%
#bram                       0   out of     64    0.00%
  #bram9k                   0
  #fifo9k                   0
#bram32k                    0   out of     16    0.00%
#pad                       24   out of    188   12.77%
  #ireg                     0
  #oreg                     0
  #treg                     0
#pll                        0   out of      4    0.00%
#gclk                       2   out of     16   12.50%

Clock Resource Statistics
Index     ClockNet         Type               DriverType         Driver                      Fanout
#1        clk_50M_dup_1    GCLK               io                 clk_50M_syn_2.di            97
#2        U1/scan_clk      GCLK               lslice             U1/scan_clk_reg_syn_9.q1    10


Detailed IO Report

        Name           Direction    Location    IOStandard    DriveStrength    PullType    PackReg  
        RSTn             INPUT         A9        LVCMOS33          N/A          PULLUP      NONE    
       clk_50M           INPUT         R7        LVCMOS33          N/A          PULLUP      NONE    
       col[3]            INPUT        F10        LVCMOS33          N/A          PULLUP      NONE    
       col[2]            INPUT        C11        LVCMOS33          N/A          PULLUP      NONE    
       col[1]            INPUT        D11        LVCMOS33          N/A          PULLUP      NONE    
       col[0]            INPUT        E11        LVCMOS33          N/A          PULLUP      NONE    
  DigitronCS_Out[3]     OUTPUT         A3        LVCMOS33           8            NONE       NONE    
  DigitronCS_Out[2]     OUTPUT         A5        LVCMOS33           8            NONE       NONE    
  DigitronCS_Out[1]     OUTPUT         B6        LVCMOS33           8            NONE       NONE    
  DigitronCS_Out[0]     OUTPUT         C9        LVCMOS33           8            NONE       NONE    
   Digitron_Out[7]      OUTPUT         C8        LVCMOS33           8            NONE       NONE    
   Digitron_Out[6]      OUTPUT         A8        LVCMOS33           8            NONE       NONE    
   Digitron_Out[5]      OUTPUT         B5        LVCMOS33           8            NONE       NONE    
   Digitron_Out[4]      OUTPUT         A7        LVCMOS33           8            NONE       NONE    
   Digitron_Out[3]      OUTPUT         E8        LVCMOS33           8            NONE       NONE    
   Digitron_Out[2]      OUTPUT         B8        LVCMOS33           8            NONE       NONE    
   Digitron_Out[1]      OUTPUT         A6        LVCMOS33           8            NONE       NONE    
   Digitron_Out[0]      OUTPUT         A4        LVCMOS33           8            NONE       NONE    
       buzzer           OUTPUT        H11        LVCMOS33           8            NONE       NONE    
        light           OUTPUT        B14        LVCMOS33           8            NONE       NONE    
       row[3]           OUTPUT         D9        LVCMOS33           8            NONE       NONE    
       row[2]           OUTPUT         F9        LVCMOS33           8            NONE       NONE    
       row[1]           OUTPUT        C10        LVCMOS33           8            NONE       NONE    
       row[0]           OUTPUT        E10        LVCMOS33           8            NONE       NONE    

Report Hierarchy Area:
+-------------------------------------------------------------------------------------------+
|Instance |Module                      |le     |lut     |ripple  |seq     |bram    |dsp     |
+-------------------------------------------------------------------------------------------+
|top      |keyboard_instance           |380    |275     |58      |191     |0       |0       |
|  U1     |keyboard_scan               |71     |48      |9       |54      |0       |0       |
|  U2     |key_filter                  |60     |40      |6       |50      |0       |0       |
|  U3     |onehot2binary               |206    |154     |33      |71      |0       |0       |
|  U5     |Digitron_TimeDisplay_module |39     |29      |10      |16      |0       |0       |
+-------------------------------------------------------------------------------------------+


DataNet Average Fanout:

   Index     Fanout    Nets  
    #1         1       234   
    #2         2       137   
    #3         3        31   
    #4         4        20   
    #5        5-10      45   
    #6       11-50      8    
  Average     2.37           

RUN-1002 : start command "export_db keyboard_pr.db"
RUN-1001 : Exported /
RUN-1001 : Exported flow parameters
RUN-1001 : Exported libs
RUN-1001 : Exported entities
RUN-1001 : Exported ports
RUN-1001 : Exported pins
RUN-1001 : Exported instances
RUN-1001 : Exported nets
RUN-1001 : Exported buses
RUN-1001 : Exported models
RUN-1001 : Exported congestions
RUN-1001 : Exported violations
RUN-1001 : Exported timing constraints
RUN-1001 : Exported IO constraints
RUN-1001 : Exported Inst constraints
RUN-1002 : start command "export_bid keyboard_inst.bid"
RUN-1002 : start command "bitgen -bit keyboard.bit -unused_io_status pulldown"
BIT-1003 : Start to generate bitstream. 
BIT-1002 : Bitgen processed 164 unused pads, reserve input tri_state with pulldown
BIT-1002 : Init instances with 16 threads.
BIT-1002 : Init instances completely, inst num: 386
BIT-1002 : Init pips with 16 threads.
BIT-1002 : Init pips completely, net num: 503, pip num: 3219
BIT-1002 : Init feedthrough completely, num: 7
BIT-1003 : Multithreading accelaration with 16 threads.
BIT-1003 : Generate bitstream completely, there are 531 valid insts, and 10431 bits set as '1'.
BIT-1004 : PLL setting string = 0000
BIT-1004 : Generate bits file keyboard.bit.
RUN-1003 : finish command "bitgen -bit keyboard.bit -unused_io_status pulldown" in  1.438507s wall, 4.015625s user + 0.031250s system = 4.046875s CPU (281.3%)

RUN-1004 : used memory is 444 MB, reserved memory is 428 MB, peak memory is 620 MB
RUN-1002 : start command "backup_run_log run.log ../.logs/phy_1/td_20240827_230343.log"
