============================================================
   Tang Dynasty, V5.6.71036
      Copyright (c) 2012-2023 Anlogic Inc.
   Executable = C:/Anlogic/TD5.6.2/bin/td.exe
   Built at =   20:34:38 Mar 21 2023
   Run by =     Admini
   Run Date =   Thu Jan 18 10:29:06 2024

   Run on =     DESKTOP-LUUVO81
============================================================
RUN-1002 : start command "open_project keyboard.prj"
RUN-1001 : Print Global Property
RUN-1001 : ---------------------------------------------------------------
RUN-1001 :        Parameters        |  Settings  |  Default Values  |  Note  
RUN-1001 : ---------------------------------------------------------------
RUN-1001 :          message         |  standard  |     standard     |        
RUN-1001 :   mixed_pack_place_flow  |     on     |        on        |        
RUN-1001 :        qor_monitor       |    off     |       off        |        
RUN-1001 :        syn_ip_flow       |    off     |       off        |        
RUN-1001 :          thread          |    auto    |       auto       |        
RUN-1001 : ---------------------------------------------------------------
RUN-1001 : Print Design Property
RUN-1001 : --------------------------------------------------------------
RUN-1001 :        Parameters       |  Settings  |  Default Values  |  Note  
RUN-1001 : --------------------------------------------------------------
RUN-1001 :   default_reg_initial   |    auto    |       auto       |        
RUN-1001 :        infer_add        |     on     |        on        |        
RUN-1001 :        infer_fsm        |    off     |       off        |        
RUN-1001 :        infer_mult       |     on     |        on        |        
RUN-1001 :        infer_ram        |     on     |        on        |        
RUN-1001 :        infer_reg        |     on     |        on        |        
RUN-1001 :   infer_reg_init_value  |     on     |        on        |        
RUN-1001 :        infer_rom        |     on     |        on        |        
RUN-1001 :      infer_shifter      |     on     |        on        |        
RUN-1001 : --------------------------------------------------------------
RUN-1001 : Print Rtl Property
RUN-1001 : --------------------------------------------------------------
RUN-1001 :        Parameters       |  Settings  |  Default Values  |  Note  
RUN-1001 : --------------------------------------------------------------
RUN-1001 :       compress_add      |   ripple   |      ripple      |        
RUN-1001 :        elf_sload        |    off     |       off        |        
RUN-1001 :       fix_undriven      |     0      |        0         |        
RUN-1001 :         flatten         |    off     |       off        |        
RUN-1001 :       gate_sharing      |     on     |        on        |        
RUN-1001 :    hdl_warning_level    |   normal   |      normal      |        
RUN-1001 :   impl_internal_tribuf  |     on     |        on        |        
RUN-1001 :      impl_set_reset     |     on     |        on        |        
RUN-1001 :        infer_gsr        |    off     |       off        |        
RUN-1001 :      keep_hierarchy     |    auto    |       auto       |        
RUN-1001 :        max_fanout       |    9999    |       9999       |        
RUN-1001 :      max_oh2bin_len     |     10     |        10        |        
RUN-1001 :       merge_equal       |     on     |        on        |        
RUN-1001 :       merge_equiv       |     on     |        on        |        
RUN-1001 :        merge_mux        |    off     |       off        |        
RUN-1001 :     min_control_set     |     8      |        8         |        
RUN-1001 :      min_ripple_len     |    auto    |       auto       |        
RUN-1001 :       oh2bin_ratio      |    0.08    |       0.08       |        
RUN-1001 :     opt_adder_fanout    |     on     |        on        |        
RUN-1001 :        opt_arith        |     on     |        on        |        
RUN-1001 :       opt_big_gate      |    off     |       off        |        
RUN-1001 :        opt_const        |     on     |        on        |        
RUN-1001 :      opt_const_mult     |     on     |        on        |        
RUN-1001 :       opt_lessthan      |     on     |        on        |        
RUN-1001 :         opt_mux         |    off     |       off        |        
RUN-1001 :         opt_ram         |    high    |       high       |        
RUN-1001 :      rtl_sim_model      |    off     |       off        |        
RUN-1001 :         seq_syn         |     on     |        on        |        
RUN-1001 : --------------------------------------------------------------
HDL-1007 : analyze verilog file ../../../src/Digitron_TimeDisplay_module.v
HDL-1007 : analyze verilog file ../../../src/key_filter.v
HDL-1007 : analyze verilog file ../../../src/keyboard_instance.v
HDL-1007 : analyze verilog file ../../../src/keyboard_scan.v
HDL-1007 : analyze verilog file ../../../src/onehot2binary.v
RUN-1001 : Project manager successfully analyzed 5 source files.
RUN-1002 : start command "import_device eagle_s20.db -package EG4S20BG256"
ARC-1001 : Device Initialization.
ARC-1001 : ------------------------------------------------------------------
ARC-1001 :            OPTION            |          IO          |   SETTING   
ARC-1001 : ------------------------------------------------------------------
ARC-1001 :   cso_b/cclk/mosi/miso/dout  |  T3/R11/T10/P10/S11  |    gpio    
ARC-1001 :             done             |         P13          |    gpio    
ARC-1001 :           program_b          |          T2          |  dedicate  
ARC-1001 :        tdi/tms/tck/tdo       |   C12/A15/C14/E14    |  dedicate  
ARC-1001 : ------------------------------------------------------------------
ARC-1004 : Device setting, marked 5 dedicate IOs in total.
RUN-1002 : start command "import_db ../syn_1/keyboard_gate.db"
RUN-1001 : Importing database generated by Tang Dynasty, V5.6.71036.
RUN-1001 : Database version number 46146.
RUN-1001 : Import flow parameters
RUN-1001 : Import IO constraints
RUN-1001 : Import Inst constraints
RUN-1001 : Import design success TD_VERSION=5.6.71036 , DB_VERSION=46146
RUN-1002 : start command "place"
RUN-1001 : Open license file C:/Anlogic/TD5.6.2/license/Anlogic.lic
RUN-1001 : Print Global Property
RUN-1001 : ---------------------------------------------------------------
RUN-1001 :        Parameters        |  Settings  |  Default Values  |  Note  
RUN-1001 : ---------------------------------------------------------------
RUN-1001 :          message         |  standard  |     standard     |        
RUN-1001 :   mixed_pack_place_flow  |     on     |        on        |        
RUN-1001 :        qor_monitor       |    off     |       off        |        
RUN-1001 :        syn_ip_flow       |    off     |       off        |        
RUN-1001 :          thread          |    auto    |       auto       |        
RUN-1001 : ---------------------------------------------------------------
RUN-1001 : Print Place Property
RUN-1001 : --------------------------------------------------------------
RUN-1001 :        Parameters       |  Settings  |  Default Values  |  Note  
RUN-1001 : --------------------------------------------------------------
RUN-1001 :      detailed_place     |     on     |        on        |        
RUN-1001 :          effort         |   medium   |      medium      |        
RUN-1001 :         fix_hold        |    off     |       off        |        
RUN-1001 :       legalization      |    ori     |       ori        |        
RUN-1001 :      new_spreading      |     on     |        on        |        
RUN-1001 :        opt_timing       |   medium   |      medium      |        
RUN-1001 :   post_clock_route_opt  |    off     |       off        |        
RUN-1001 :       pr_strategy       |     1      |        1         |        
RUN-1001 :        relaxation       |    1.00    |       1.00       |        
RUN-1001 :         retiming        |    off     |       off        |        
RUN-1001 : --------------------------------------------------------------
PHY-3001 : Placer runs in 16 thread(s).
RUN-1002 : start command "legalize_phy_inst"
SYN-1011 : Flatten model keyboard_instance
RUN-1002 : start command "phys_opt -simplify_lut"
SYN-4024 : Net "clk_50M_dup_1" drives clk pins.
SYN-4024 : Net "U1/scan_clk" drives clk pins.
SYN-4025 : Tag rtl::Net U1/scan_clk as clock net
SYN-4025 : Tag rtl::Net clk_50M_dup_1 as clock net
SYN-4026 : Tagged 2 rtl::Net as clock net
SYN-4015 : Create BUFG instance for clk Net U1/scan_clk to drive 24 clock pins.
PHY-1001 : Populate physical database on model keyboard_instance.
RUN-1001 : There are total 236 instances
RUN-0007 : 97 luts, 93 seqs, 11 mslices, 9 lslices, 22 pads, 0 brams, 0 dsps
RUN-1001 : There are total 295 nets
RUN-1001 : 163 nets have 2 pins
RUN-1001 : 115 nets have [3 - 5] pins
RUN-1001 : 10 nets have [6 - 10] pins
RUN-1001 : 2 nets have [11 - 20] pins
RUN-1001 : 5 nets have [21 - 99] pins
RUN-1001 : Report Control nets information:
RUN-1001 : DFF Distribution
RUN-1001 : ----------------------------------
RUN-1001 :   CE   |  SSR  |  ASR  |  DFF Count  
RUN-1001 : ----------------------------------
RUN-1001 :   No   |  No   |  No   |     53      
RUN-1001 :   No   |  No   |  Yes  |      8      
RUN-1001 :   No   |  Yes  |  No   |      0      
RUN-1001 :   Yes  |  No   |  No   |      0      
RUN-1001 :   Yes  |  No   |  Yes  |     32      
RUN-1001 :   Yes  |  Yes  |  No   |      0      
RUN-1001 : ----------------------------------
RUN-0007 : Control Group Statistic
RUN-0007 : ---------------------------
RUN-0007 :   #CLK  |  #CE  |  #SSR/ASR  
RUN-0007 : ---------------------------
RUN-0007 :    2    |   2   |     2      
RUN-0007 : ---------------------------
RUN-0007 : Control Set = 4
PHY-3001 : Initial placement ...
PHY-3001 : design contains 234 instances, 97 luts, 93 seqs, 20 slices, 2 macros(20 instances: 11 mslices 9 lslices)
PHY-0007 : Cell area utilization is 0%
PHY-3001 : Global placement ...
PHY-3001 : Initial: Len = 72668.2
PHY-3001 : Clustering ...
PHY-3001 : Level 0 #clusters 234.
PHY-3001 : End clustering;  0.000021s wall, 0.000000s user + 0.000000s system = 0.000000s CPU (n/a%)

PHY-3001 : Run with size of 4
PHY-3001 : Cell area utilization is 0%
PHY-3001 : :::0::: Try harder cell spreading with beta_ = 0
PHY-3002 : Step(1): len = 48577.3, overlap = 0
PHY-3002 : Step(2): len = 32141.1, overlap = 0
PHY-3002 : Step(3): len = 25583.2, overlap = 0
PHY-3002 : Step(4): len = 20493.9, overlap = 0
PHY-3002 : Step(5): len = 17069.9, overlap = 0
PHY-3002 : Step(6): len = 15412.4, overlap = 0
PHY-3002 : Step(7): len = 15344.2, overlap = 0
PHY-3002 : Step(8): len = 14032.1, overlap = 0
PHY-3002 : Step(9): len = 13831.1, overlap = 0
PHY-3002 : Step(10): len = 13594.6, overlap = 0
PHY-3002 : Step(11): len = 12407.3, overlap = 0
PHY-3002 : Step(12): len = 12366.3, overlap = 0
PHY-3002 : Step(13): len = 12252, overlap = 0
PHY-3002 : Step(14): len = 10971.9, overlap = 0
PHY-3002 : Step(15): len = 10806.6, overlap = 0
PHY-3002 : Step(16): len = 10272, overlap = 0
PHY-3002 : Step(17): len = 8927.1, overlap = 0
PHY-3002 : Step(18): len = 8528.5, overlap = 0
PHY-3002 : Step(19): len = 8660.1, overlap = 0
PHY-3002 : Step(20): len = 8151.4, overlap = 0
PHY-3002 : Step(21): len = 8499.2, overlap = 0
PHY-3002 : Step(22): len = 8500.9, overlap = 0
PHY-3002 : Step(23): len = 7926.8, overlap = 0
PHY-3002 : Step(24): len = 7821.1, overlap = 0
PHY-3002 : Step(25): len = 7076.4, overlap = 0
PHY-3002 : Step(26): len = 6981.8, overlap = 0
PHY-3002 : Step(27): len = 7125.1, overlap = 0
PHY-3002 : Step(28): len = 6751.1, overlap = 0
PHY-3002 : Step(29): len = 6021.3, overlap = 0
PHY-3002 : Step(30): len = 5222, overlap = 0
PHY-3002 : Step(31): len = 4623.5, overlap = 0
PHY-3002 : Step(32): len = 4576.2, overlap = 0
PHY-3002 : Step(33): len = 3717.9, overlap = 0
PHY-3002 : Step(34): len = 3727, overlap = 0
PHY-3002 : Step(35): len = 3369.7, overlap = 0
PHY-3002 : Step(36): len = 3361.1, overlap = 0
PHY-3002 : Step(37): len = 3338.7, overlap = 0
PHY-3001 : Legalization ...
PHY-3001 : End legalization;  0.003300s wall, 0.000000s user + 0.000000s system = 0.000000s CPU (n/a%)

PHY-3001 : Run with size of 4
PHY-3001 : Cell area utilization is 0%
PHY-3001 : :::0::: Try harder cell spreading with beta_ = 0
PHY-3002 : Step(38): len = 2850.7, overlap = 0
PHY-3002 : Step(39): len = 2835.9, overlap = 0
PHY-3002 : Step(40): len = 2857.3, overlap = 0
PHY-3002 : Step(41): len = 2886.2, overlap = 0
PHY-3001 : Run with size of 2
PHY-3001 : Cell area utilization is 0%
PHY-3001 : :::0::: Try harder cell spreading with beta_ = 0.00108926
PHY-3002 : Step(42): len = 2764, overlap = 1.125
PHY-3002 : Step(43): len = 2764, overlap = 1.125
PHY-3002 : Step(44): len = 2810.7, overlap = 1.78125
PHY-3001 : :::1::: Try harder cell spreading with beta_ = 0.00217852
PHY-3002 : Step(45): len = 2765.3, overlap = 0.9375
PHY-3002 : Step(46): len = 2765.3, overlap = 0.9375
OPT-1001 : Start physical optimization ...
OPT-1001 : Total overflow 7.84 peak overflow 1.41
OPT-1001 : Start high-fanout net optimization ...
OPT-1001 : Update timing in global mode
PHY-1001 : Start incremental global routing, caller is place ...
RUN-1001 : Generating global routing grids ...
RUN-1001 : Building simple global routing graph ...
PHY-1001 : Generate routing nets ...
PHY-1001 : Reuse net number 0/295.
PHY-1001 : Global iterations in 16 thread ...
PHY-1002 : len = 2760, over cnt = 9(0%), over = 36, worst = 6
PHY-1001 : End global iterations;  0.006942s wall, 0.000000s user + 0.000000s system = 0.000000s CPU (n/a%)

PHY-1001 : Congestion index: top1 = 9.00, top5 = 2.19, top10 = 1.09, top15 = 0.73.
PHY-1001 : End incremental global routing;  0.038976s wall, 0.031250s user + 0.000000s system = 0.031250s CPU (80.2%)

RUN-1002 : start command "start_timer -report"
TMR-5001 WARNING: No sdc constraints found while initiating timer.
TMR-2505 : Start building timing graph for model keyboard_instance.
TMR-2506 : Build timing graph completely. Port num: 6, tpin num: 1019, tnet num: 293, tinst num: 234, tnode num: 1333, tedge num: 1604.
TMR-2508 : Levelizing timing graph completed, there are 27 levels in total.
TMR-2501 : Timing graph initialized successfully.
OPT-1001 : End timing update;  0.112288s wall, 0.125000s user + 0.000000s system = 0.125000s CPU (111.3%)

OPT-1001 : 0 high-fanout net processed.
OPT-1001 : End high-fanout net optimization;  0.153119s wall, 0.156250s user + 0.000000s system = 0.156250s CPU (102.0%)

OPT-1001 : Current memory(MB): used = 136, reserve = 111, peak = 136.
OPT-1001 : End physical optimization;  0.156231s wall, 0.156250s user + 0.000000s system = 0.156250s CPU (100.0%)

PHY-3001 : Start packing ...
SYN-4007 : Packing 0 MUX to BLE ...
SYN-4008 : Packed 0 MUX and 0 SEQ to BLE.
SYN-4007 : Packing 97 LUT to BLE ...
SYN-4008 : Packed 97 LUT and 35 SEQ to BLE.
SYN-4003 : Packing 58 remaining SEQ's ...
SYN-4005 : Packed 42 SEQ with LUT/SLICE
SYN-4006 : 22 single LUT's are left
SYN-4006 : 16 single SEQ's are left
SYN-4011 : Packing model "keyboard_instance" (AL_USER_NORMAL) with 113/159 primitive instances ...
PHY-3001 : End packing;  0.005080s wall, 0.000000s user + 0.000000s system = 0.000000s CPU (n/a%)

PHY-1001 : Populate physical database on model keyboard_instance.
RUN-1001 : There are total 106 instances
RUN-1001 : 40 mslices, 40 lslices, 22 pads, 0 brams, 0 dsps
RUN-1001 : There are total 260 nets
RUN-1001 : 122 nets have 2 pins
RUN-1001 : 121 nets have [3 - 5] pins
RUN-1001 : 10 nets have [6 - 10] pins
RUN-1001 : 3 nets have [11 - 20] pins
RUN-1001 : 4 nets have [21 - 99] pins
PHY-3001 : design contains 104 instances, 80 slices, 2 macros(20 instances: 11 mslices 9 lslices)
PHY-3001 : Cell area utilization is 1%
PHY-3001 : After packing: Len = 2976.2, Over = 3.25
PHY-3001 : Run with size of 2
PHY-3001 : Cell area utilization is 1%
PHY-3001 : :::0::: Try harder cell spreading with beta_ = 0.000149254
PHY-3002 : Step(47): len = 2942.6, overlap = 4
PHY-3002 : Step(48): len = 2969.5, overlap = 4
PHY-3002 : Step(49): len = 2986, overlap = 3.75
PHY-3001 : :::1::: Try harder cell spreading with beta_ = 0.000298509
PHY-3002 : Step(50): len = 2868.5, overlap = 3.25
PHY-3002 : Step(51): len = 2877.5, overlap = 3.25
PHY-3001 : :::2::: Try harder cell spreading with beta_ = 0.000597018
PHY-3002 : Step(52): len = 2903.1, overlap = 3.5
PHY-3002 : Step(53): len = 2903.1, overlap = 3.5
PHY-3001 : Legalization ...
PHY-3001 : End legalization;  0.018808s wall, 0.000000s user + 0.015625s system = 0.015625s CPU (83.1%)

PHY-3001 : Trial Legalized: Len = 4868.9
PHY-3001 : Run with size of 2
PHY-3001 : Cell area utilization is 1%
PHY-3001 : :::0::: Try harder cell spreading with beta_ = 0
PHY-3002 : Step(54): len = 3496, overlap = 1.25
PHY-3002 : Step(55): len = 3052.8, overlap = 2.25
PHY-3002 : Step(56): len = 2932.8, overlap = 2
PHY-3002 : Step(57): len = 2843.3, overlap = 1.5
PHY-3001 : Legalization ...
PHY-3001 : End legalization;  0.003727s wall, 0.015625s user + 0.000000s system = 0.015625s CPU (419.3%)

PHY-3001 : Legalized: Len = 4267.7, Over = 0
PHY-3001 : Spreading special nets. 3 overflows in 2952 tiles.
PHY-3001 : End spreading;  0.001688s wall, 0.000000s user + 0.000000s system = 0.000000s CPU (n/a%)

PHY-3001 : 5 instances has been re-located, deltaX = 3, deltaY = 0, maxDist = 1.
PHY-3001 : Final: Len = 4238.7, Over = 0
OPT-1001 : Start physical optimization ...
OPT-1001 : Total overflow 0.00 peak overflow 0.00
OPT-1001 : Start high-fanout net optimization ...
OPT-1001 : Update timing in global mode
PHY-1001 : Start incremental global routing, caller is place ...
RUN-1001 : Generating global routing grids ...
PHY-1001 : Generate routing nets ...
PHY-1001 : Reuse net number 11/260.
PHY-1001 : Global iterations in 16 thread ...
PHY-1002 : len = 4576, over cnt = 16(0%), over = 32, worst = 5
PHY-1002 : len = 4736, over cnt = 13(0%), over = 19, worst = 3
PHY-1002 : len = 5032, over cnt = 0(0%), over = 0, worst = 0
PHY-1001 : End global iterations;  0.016450s wall, 0.015625s user + 0.000000s system = 0.015625s CPU (95.0%)

PHY-1001 : Congestion index: top1 = 14.49, top5 = 3.98, top10 = 1.98, top15 = 1.32.
PHY-1001 : End incremental global routing;  0.045731s wall, 0.046875s user + 0.000000s system = 0.046875s CPU (102.5%)

RUN-1002 : start command "start_timer -report"
TMR-5001 WARNING: No sdc constraints found while initiating timer.
TMR-2505 : Start building timing graph for model keyboard_instance.
TMR-2506 : Build timing graph completely. Port num: 6, tpin num: 886, tnet num: 258, tinst num: 104, tnode num: 1125, tedge num: 1451.
TMR-2508 : Levelizing timing graph completed, there are 25 levels in total.
TMR-2501 : Timing graph initialized successfully.
OPT-1001 : End timing update;  0.088232s wall, 0.078125s user + 0.015625s system = 0.093750s CPU (106.3%)

OPT-1001 : 0 high-fanout net processed.
OPT-1001 : End high-fanout net optimization;  0.135886s wall, 0.125000s user + 0.015625s system = 0.140625s CPU (103.5%)

OPT-1001 : Current memory(MB): used = 137, reserve = 112, peak = 137.
OPT-1001 : Update timing in Manhattan mode
OPT-1001 : End timing update;  0.000120s wall, 0.000000s user + 0.000000s system = 0.000000s CPU (n/a%)

OPT-1001 : Start pin optimization...
OPT-1001 : skip pin optimization...
RUN-1001 : Generating global routing grids ...
PHY-1001 : Generate routing nets ...
PHY-1001 : Reuse net number 203/260.
PHY-1001 : Global iterations in 16 thread ...
PHY-1002 : len = 5032, over cnt = 0(0%), over = 0, worst = 0
PHY-1001 : End global iterations;  0.000758s wall, 0.000000s user + 0.000000s system = 0.000000s CPU (n/a%)

PHY-1001 : Congestion index: top1 = 14.49, top5 = 3.98, top10 = 1.98, top15 = 1.32.
OPT-1001 : Update timing in Manhattan mode
OPT-1001 : End timing update;  0.000236s wall, 0.000000s user + 0.000000s system = 0.000000s CPU (n/a%)

RUN-1001 : QoR Analysis:
OPT-0007 :   WNS 2147483647 TNS 0 NUM_FEPS 0
RUN-1001 :   No local congestion issue, and most congested 1% tile average routing util is 13.965517
RUN-1001 :   Top critical paths
OPT-1001 : End physical optimization;  0.166170s wall, 0.156250s user + 0.015625s system = 0.171875s CPU (103.4%)

RUN-1003 : finish command "place" in  1.194836s wall, 1.718750s user + 1.125000s system = 2.843750s CPU (238.0%)

RUN-1004 : used memory is 121 MB, reserved memory is 97 MB, peak memory is 137 MB
RUN-1002 : start command "export_db keyboard_place.db"
RUN-1001 : Exported /
RUN-1001 : Exported flow parameters
RUN-1001 : Exported libs
RUN-1001 : Exported entities
RUN-1001 : Exported ports
RUN-1001 : Exported pins
RUN-1001 : Exported instances
RUN-1001 : Exported nets
RUN-1001 : Exported buses
RUN-1001 : Exported models
RUN-1001 : Exported congestions
RUN-1001 : Exported violations
RUN-1001 : Exported IO constraints
RUN-1001 : Exported Inst constraints
RUN-1002 : start command "route"
RUN-1001 : Open license file C:/Anlogic/TD5.6.2/license/Anlogic.lic
RUN-1001 : Print Global Property
RUN-1001 : ---------------------------------------------------------------
RUN-1001 :        Parameters        |  Settings  |  Default Values  |  Note  
RUN-1001 : ---------------------------------------------------------------
RUN-1001 :          message         |  standard  |     standard     |        
RUN-1001 :   mixed_pack_place_flow  |     on     |        on        |        
RUN-1001 :        qor_monitor       |    off     |       off        |        
RUN-1001 :        syn_ip_flow       |    off     |       off        |        
RUN-1001 :          thread          |    auto    |       auto       |        
RUN-1001 : ---------------------------------------------------------------
RUN-1001 : Print Route Property
RUN-1001 : -------------------------------------------------------
RUN-1001 :    Parameters    |  Settings  |  Default Values  |  Note  
RUN-1001 : -------------------------------------------------------
RUN-1001 :      effort      |   medium   |      medium      |        
RUN-1001 :     fix_hold     |    off     |       off        |        
RUN-1001 :    opt_timing    |   medium   |      medium      |        
RUN-1001 :   phy_sim_model  |    off     |       off        |        
RUN-1001 :     priority     |   timing   |      timing      |        
RUN-1001 :     swap_pin     |     on     |        on        |        
RUN-1001 : -------------------------------------------------------
PHY-1001 : Route runs in 16 thread(s)
RUN-1001 : There are total 106 instances
RUN-1001 : 40 mslices, 40 lslices, 22 pads, 0 brams, 0 dsps
RUN-1001 : There are total 260 nets
RUN-1001 : 122 nets have 2 pins
RUN-1001 : 121 nets have [3 - 5] pins
RUN-1001 : 10 nets have [6 - 10] pins
RUN-1001 : 3 nets have [11 - 20] pins
RUN-1001 : 4 nets have [21 - 99] pins
RUN-1002 : start command "start_timer -report"
TMR-5001 WARNING: No sdc constraints found while initiating timer.
TMR-2505 : Start building timing graph for model keyboard_instance.
TMR-2506 : Build timing graph completely. Port num: 6, tpin num: 886, tnet num: 258, tinst num: 104, tnode num: 1125, tedge num: 1451.
TMR-2508 : Levelizing timing graph completed, there are 25 levels in total.
TMR-2501 : Timing graph initialized successfully.
PHY-1001 : 40 mslices, 40 lslices, 22 pads, 0 brams, 0 dsps
TMR-2503 : Start to update net delay, extr mode = 3.
TMR-2504 : Update delay of 258 nets completely.
TMR-2502 : Annotate delay completely, extr mode = 3.
TMR-3002 : No user constraint, initiate default constraint.
TMR-1501 : Assign derive clock DeriveClock to 132 clock pins, and constraint 239 relative nodes.
TMR-3003 : Constraints initiated successfully.
TMR-3501 : Forward propagation: start to calculate arrival time...
TMR-3502 : Backward propagation: start to calculate required time...
TMR-3503 : Timing propagation completes.
PHY-1001 : Start global routing, caller is route ...
RUN-1001 : Generating global routing grids ...
PHY-1001 : Generate routing nets ...
PHY-1001 : Global iterations in 16 thread ...
PHY-1002 : len = 4544, over cnt = 16(0%), over = 31, worst = 4
PHY-1002 : len = 4712, over cnt = 12(0%), over = 18, worst = 3
PHY-1002 : len = 4984, over cnt = 1(0%), over = 1, worst = 1
PHY-1002 : len = 5000, over cnt = 0(0%), over = 0, worst = 0
PHY-1001 : End global iterations;  0.022562s wall, 0.031250s user + 0.015625s system = 0.046875s CPU (207.8%)

PHY-1001 : Congestion index: top1 = 14.49, top5 = 3.95, top10 = 1.97, top15 = 1.31.
PHY-1001 : End global routing;  0.050437s wall, 0.062500s user + 0.015625s system = 0.078125s CPU (154.9%)

PHY-1001 : Start detail routing ...
PHY-1001 : Current memory(MB): used = 160, reserve = 135, peak = 173.
PHY-1001 : Detailed router is running in normal mode.
PHY-1001 : Generate detailed routing grids ...
PHY-1001 : Processed IO instance col[3]_syn_4 with INV attribute.
PHY-1001 : Processed IO instance col[2]_syn_4 with INV attribute.
PHY-1001 : Processed IO instance col[1]_syn_4 with INV attribute.
PHY-1001 : Processed IO instance col[0]_syn_4 with INV attribute.
PHY-1001 : Generate nets ...
PHY-1001 : net clk_50M_dup_1 will be routed on clock mesh
PHY-1001 : clock net U1/scan_clk_syn_4 will be merged with clock U1/scan_clk
PHY-1001 : Current memory(MB): used = 427, reserve = 406, peak = 427.
PHY-1001 : End build detailed router design. 2.766514s wall, 2.703125s user + 0.062500s system = 2.765625s CPU (100.0%)

PHY-1001 : Detail Route ...
PHY-1001 : ===== Detail Route Phase 1 =====
PHY-1001 : Clock net routing.....
PHY-1001 : Routed 0% nets.
PHY-1022 : len = 5120, over cnt = 0(0%), over = 0, worst = 0, crit = 0
PHY-1001 : End initial clock net routed; 0.236437s wall, 0.234375s user + 0.000000s system = 0.234375s CPU (99.1%)

PHY-1001 : Current memory(MB): used = 456, reserve = 435, peak = 456.
PHY-1001 : End phase 1; 0.241259s wall, 0.234375s user + 0.000000s system = 0.234375s CPU (97.1%)

PHY-1001 : ===== Detail Route Phase 2 =====
PHY-1001 : Initial routing.....
PHY-1001 : Routed 31% nets.
PHY-1001 : Routed 40% nets.
PHY-1001 : Routed 50% nets.
PHY-1001 : Routed 65% nets.
PHY-1001 : Routed 83% nets.
PHY-1022 : len = 17616, over cnt = 14(0%), over = 14, worst = 1, crit = 0
PHY-1001 : Current memory(MB): used = 456, reserve = 435, peak = 456.
PHY-1001 : End initial routed; 0.066977s wall, 0.125000s user + 0.046875s system = 0.171875s CPU (256.6%)

PHY-1001 : Current memory(MB): used = 456, reserve = 435, peak = 456.
PHY-1001 : End phase 2; 0.067009s wall, 0.125000s user + 0.046875s system = 0.171875s CPU (256.5%)

PHY-1001 : ===== Detail Route Phase 3 =====
PHY-1001 : Ripup-reroute.....
PHY-1001 : ===== DR Iter 1 =====
PHY-1022 : len = 17664, over cnt = 2(0%), over = 2, worst = 1, crit = 0
PHY-1001 : End DR Iter 1; 0.012592s wall, 0.015625s user + 0.046875s system = 0.062500s CPU (496.4%)

PHY-1001 : ===== DR Iter 2 =====
PHY-1022 : len = 17672, over cnt = 1(0%), over = 1, worst = 1, crit = 0
PHY-1001 : End DR Iter 2; 0.009261s wall, 0.015625s user + 0.000000s system = 0.015625s CPU (168.7%)

PHY-1001 : ===== DR Iter 3 =====
PHY-1022 : len = 17704, over cnt = 0(0%), over = 0, worst = 0, crit = 0
PHY-1001 : End DR Iter 3; 0.008459s wall, 0.000000s user + 0.000000s system = 0.000000s CPU (n/a%)

PHY-1001 : Commit to database.....
PHY-1001 : 2 feed throughs used by 2 nets
PHY-1001 : End commit to database; 0.020768s wall, 0.031250s user + 0.000000s system = 0.031250s CPU (150.5%)

PHY-1001 : Current memory(MB): used = 466, reserve = 445, peak = 466.
PHY-1001 : End phase 3; 0.141396s wall, 0.125000s user + 0.046875s system = 0.171875s CPU (121.6%)

PHY-1003 : Routed, final wirelength = 17704
PHY-1001 : Current memory(MB): used = 466, reserve = 445, peak = 466.
PHY-1001 : End export database. 0.005455s wall, 0.000000s user + 0.000000s system = 0.000000s CPU (n/a%)

PHY-1001 : End detail routing;  3.372488s wall, 3.328125s user + 0.171875s system = 3.500000s CPU (103.8%)

RUN-1003 : finish command "route" in  3.556810s wall, 3.515625s user + 0.203125s system = 3.718750s CPU (104.6%)

RUN-1004 : used memory is 408 MB, reserved memory is 386 MB, peak memory is 466 MB
RUN-1002 : start command "report_area -io_info -file keyboard_phy.area"
RUN-1001 : standard
***Report Model: keyboard_instance Device: EG4S20BG256***

IO Statistics
#IO                        22
  #input                    6
  #output                  16
  #inout                    0

Utilization Statistics
#lut                      140   out of  19600    0.71%
#reg                      105   out of  19600    0.54%
#le                       156
  #lut only                51   out of    156   32.69%
  #reg only                16   out of    156   10.26%
  #lut&reg                 89   out of    156   57.05%
#dsp                        0   out of     29    0.00%
#bram                       0   out of     64    0.00%
  #bram9k                   0
  #fifo9k                   0
#bram32k                    0   out of     16    0.00%
#pad                       22   out of    188   11.70%
  #ireg                     4
  #oreg                     4
  #treg                     0
#pll                        0   out of      4    0.00%
#gclk                       1   out of     16    6.25%

Clock Resource Statistics
Index     ClockNet         Type               DriverType         Driver                      Fanout
#1        clk_50M_dup_1    GCLK               io                 clk_50M_syn_2.di            50
#2        U1/scan_clk      GCLK               mslice             U1/scan_clk_reg_syn_9.q1    16


Detailed IO Report

        Name           Direction    Location    IOStandard    DriveStrength    PullType    PackReg  
        RSTn             INPUT         A9        LVCMOS33          N/A          PULLUP      NONE    
       clk_50M           INPUT         R7        LVCMOS33          N/A          PULLUP      NONE    
       col[3]            INPUT        F10        LVCMOS33          N/A          PULLUP      IREG    
       col[2]            INPUT        C11        LVCMOS33          N/A          PULLUP      IREG    
       col[1]            INPUT        D11        LVCMOS33          N/A          PULLUP      IREG    
       col[0]            INPUT        E11        LVCMOS33          N/A          PULLUP      IREG    
  DigitronCS_Out[3]     OUTPUT         A3        LVCMOS33           8            NONE       NONE    
  DigitronCS_Out[2]     OUTPUT         A5        LVCMOS33           8            NONE       NONE    
  DigitronCS_Out[1]     OUTPUT         B6        LVCMOS33           8            NONE       NONE    
  DigitronCS_Out[0]     OUTPUT         C9        LVCMOS33           8            NONE       NONE    
   Digitron_Out[7]      OUTPUT         C8        LVCMOS33           8            NONE       NONE    
   Digitron_Out[6]      OUTPUT         A8        LVCMOS33           8            NONE       NONE    
   Digitron_Out[5]      OUTPUT         B5        LVCMOS33           8            NONE       NONE    
   Digitron_Out[4]      OUTPUT         A7        LVCMOS33           8            NONE       NONE    
   Digitron_Out[3]      OUTPUT         E8        LVCMOS33           8            NONE       NONE    
   Digitron_Out[2]      OUTPUT         B8        LVCMOS33           8            NONE       NONE    
   Digitron_Out[1]      OUTPUT         A6        LVCMOS33           8            NONE       NONE    
   Digitron_Out[0]      OUTPUT         A4        LVCMOS33           8            NONE       NONE    
       row[3]           OUTPUT         D9        LVCMOS33           8            NONE       OREG    
       row[2]           OUTPUT         F9        LVCMOS33           8            NONE       OREG    
       row[1]           OUTPUT        C10        LVCMOS33           8            NONE       OREG    
       row[0]           OUTPUT        E10        LVCMOS33           8            NONE       OREG    

Report Hierarchy Area:
+-------------------------------------------------------------------------------------------+
|Instance |Module                      |le     |lut     |ripple  |seq     |bram    |dsp     |
+-------------------------------------------------------------------------------------------+
|top      |keyboard_instance           |156    |120     |20      |113     |0       |0       |
|  U1     |keyboard_scan               |65     |42      |9       |49      |0       |0       |
|  U2     |key_filter                  |67     |54      |11      |50      |0       |0       |
|  U3     |onehot2binary               |17     |17      |0       |6       |0       |0       |
|  U5     |Digitron_TimeDisplay_module |7      |7       |0       |0       |0       |0       |
+-------------------------------------------------------------------------------------------+


DataNet Average Fanout:

   Index     Fanout    Nets  
    #1         1       100   
    #2         2        87   
    #3         3        22   
    #4         4        12   
    #5        5-10      10   
    #6       11-50      3    
  Average     2.31           

RUN-1002 : start command "export_db keyboard_pr.db"
RUN-1001 : Exported /
RUN-1001 : Exported flow parameters
RUN-1001 : Exported libs
RUN-1001 : Exported entities
RUN-1001 : Exported ports
RUN-1001 : Exported pins
RUN-1001 : Exported instances
RUN-1001 : Exported nets
RUN-1001 : Exported buses
RUN-1001 : Exported models
RUN-1001 : Exported congestions
RUN-1001 : Exported violations
RUN-1001 : Exported IO constraints
RUN-1001 : Exported Inst constraints
RUN-1002 : start command "export_bid keyboard_inst.bid"
RUN-1002 : start command "bitgen -bit keyboard.bit"
BIT-1003 : Start to generate bitstream. 
BIT-1002 : Init instances with 16 threads.
BIT-1002 : Init instances completely, inst num: 104
BIT-1002 : Init pips with 16 threads.
BIT-1002 : Init pips completely, net num: 260, pip num: 1740
BIT-1002 : Init feedthrough completely, num: 2
BIT-1003 : Multithreading accelaration with 16 threads.
BIT-1003 : Generate bitstream completely, there are 239 valid insts, and 5019 bits set as '1'.
BIT-1004 : PLL setting string = 0000
BIT-1004 : Generate bits file keyboard.bit.
RUN-1002 : start command "backup_run_log run.log ../.logs/phy_1/td_20240118_102906.log"
