============================================================
   Tang Dynasty, V5.6.59063
   Copyright (c) 2012-2022 Anlogic
   Executable = E:/Anlogic/TD5.6.59063/bin/td.exe
   Built at =   12:45:13 Sep  6 2022
   Run by =     19234
   Run Date =   Mon Aug 26 22:41:50 2024

   Run on =     ERIKPSW
============================================================
RUN-1002 : start command "open_project display.prj"
RUN-1001 : Print Global Property
RUN-1001 : ---------------------------------------------------------------
RUN-1001 :        Parameters        |  Settings  |  Default Values  |  Note  
RUN-1001 : ---------------------------------------------------------------
RUN-1001 :          message         |  standard  |     standard     |        
RUN-1001 :   mixed_pack_place_flow  |     on     |        on        |        
RUN-1001 :        qor_monitor       |    off     |       off        |        
RUN-1001 :        syn_ip_flow       |    off     |       off        |        
RUN-1001 :          thread          |    auto    |       auto       |        
RUN-1001 : ---------------------------------------------------------------
RUN-1001 : Print Design Property
RUN-1001 : --------------------------------------------------------------
RUN-1001 :        Parameters       |  Settings  |  Default Values  |  Note  
RUN-1001 : --------------------------------------------------------------
RUN-1001 :   default_reg_initial   |    auto    |       auto       |        
RUN-1001 :        infer_add        |     on     |        on        |        
RUN-1001 :        infer_fsm        |    off     |       off        |        
RUN-1001 :        infer_mult       |     on     |        on        |        
RUN-1001 :        infer_ram        |     on     |        on        |        
RUN-1001 :        infer_reg        |     on     |        on        |        
RUN-1001 :   infer_reg_init_value  |     on     |        on        |        
RUN-1001 :        infer_rom        |     on     |        on        |        
RUN-1001 :      infer_shifter      |     on     |        on        |        
RUN-1001 : --------------------------------------------------------------
RUN-1001 : Print Rtl Property
RUN-1001 : --------------------------------------------------------------
RUN-1001 :        Parameters       |  Settings  |  Default Values  |  Note  
RUN-1001 : --------------------------------------------------------------
RUN-1001 :       compress_add      |   ripple   |      ripple      |        
RUN-1001 :        elf_sload        |    off     |       off        |        
RUN-1001 :       fix_undriven      |     0      |        0         |        
RUN-1001 :         flatten         |    off     |       off        |        
RUN-1001 :       gate_sharing      |     on     |        on        |        
RUN-1001 :    hdl_warning_level    |   normal   |      normal      |        
RUN-1001 :   impl_internal_tribuf  |     on     |        on        |        
RUN-1001 :      impl_set_reset     |     on     |        on        |        
RUN-1001 :        infer_gsr        |    off     |       off        |        
RUN-1001 :      keep_hierarchy     |    auto    |       auto       |        
RUN-1001 :        max_fanout       |    9999    |       9999       |        
RUN-1001 :      max_oh2bin_len     |     10     |        10        |        
RUN-1001 :       merge_equal       |     on     |        on        |        
RUN-1001 :       merge_equiv       |     on     |        on        |        
RUN-1001 :        merge_mux        |    off     |       off        |        
RUN-1001 :     min_control_set     |     8      |        8         |        
RUN-1001 :      min_ripple_len     |    auto    |       auto       |        
RUN-1001 :       oh2bin_ratio      |    0.08    |       0.08       |        
RUN-1001 :     opt_adder_fanout    |     on     |        on        |        
RUN-1001 :        opt_arith        |     on     |        on        |        
RUN-1001 :       opt_big_gate      |    off     |       off        |        
RUN-1001 :        opt_const        |     on     |        on        |        
RUN-1001 :      opt_const_mult     |     on     |        on        |        
RUN-1001 :       opt_lessthan      |     on     |        on        |        
RUN-1001 :         opt_mux         |    off     |       off        |        
RUN-1001 :         opt_ram         |    high    |       high       |        
RUN-1001 :      rtl_sim_model      |    off     |       off        |        
RUN-1001 :         seq_syn         |     on     |        on        |        
RUN-1001 : --------------------------------------------------------------
HDL-1007 : analyze verilog file ../../keyboard_instance.v
HDL-1007 : analyze verilog file ../../keyboard_scan.v
HDL-1007 : analyze verilog file ../../onehot2binary.v
HDL-1007 : analyze verilog file ../../key_filter.v
HDL-1007 : analyze verilog file ../../Digitron_TimeDisplay_module.v
RUN-1001 : Project manager successfully analyzed 5 source files.
RUN-1002 : start command "import_device eagle_s20.db -package EG4S20BG256"
ARC-1001 : Device Initialization.
ARC-1001 : ------------------------------------------------------------------
ARC-1001 :            OPTION            |          IO          |   SETTING   
ARC-1001 : ------------------------------------------------------------------
ARC-1001 :   cso_b/cclk/mosi/miso/dout  |  T3/R11/T10/P10/S11  |    gpio    
ARC-1001 :             done             |         P13          |    gpio    
ARC-1001 :           program_b          |          T2          |  dedicate  
ARC-1001 :        tdi/tms/tck/tdo       |   C12/A15/C14/E14    |  dedicate  
ARC-1001 : ------------------------------------------------------------------
ARC-1004 : Device setting, marked 5 dedicate IOs in total.
RUN-1002 : start command "import_db ../syn_1/display_gate.db"
RUN-1001 : Importing database generated by Tang Dynasty, V5.6.59063.
RUN-1001 : Database version number 46140.
RUN-1001 : Import flow parameters
RUN-1001 : Import timing constraints
RUN-1001 : Import IO constraints
RUN-1001 : Import Inst constraints
RUN-1001 : Import design success TD_VERSION=5.6.59063 , DB_VERSION=46140
RUN-1002 : start command "read_sdc"
USR-1002 : read_sdc file_name -help -h -eco
USR-1009 : NO module with IP_SDC ...
RUN-1104 : Import SDC file  finished, there are 0 nets kept by constraints.
RUN-1002 : start command "place"
RUN-1001 : Open license file E:/Anlogic/TD5.6.59063/license/Anlogic.lic
RUN-1001 : Print Global Property
RUN-1001 : ---------------------------------------------------------------
RUN-1001 :        Parameters        |  Settings  |  Default Values  |  Note  
RUN-1001 : ---------------------------------------------------------------
RUN-1001 :          message         |  standard  |     standard     |        
RUN-1001 :   mixed_pack_place_flow  |     on     |        on        |        
RUN-1001 :        qor_monitor       |    off     |       off        |        
RUN-1001 :        syn_ip_flow       |    off     |       off        |        
RUN-1001 :          thread          |    auto    |       auto       |        
RUN-1001 : ---------------------------------------------------------------
RUN-1001 : Print Place Property
RUN-1001 : --------------------------------------------------------------
RUN-1001 :        Parameters       |  Settings  |  Default Values  |  Note  
RUN-1001 : --------------------------------------------------------------
RUN-1001 :      detailed_place     |     on     |        on        |        
RUN-1001 :          effort         |   medium   |      medium      |        
RUN-1001 :         fix_hold        |    off     |       off        |        
RUN-1001 :       legalization      |    ori     |       ori        |        
RUN-1001 :      new_spreading      |     on     |        on        |        
RUN-1001 :        opt_timing       |   medium   |      medium      |        
RUN-1001 :   post_clock_route_opt  |    off     |       off        |        
RUN-1001 :       pr_strategy       |     1      |        1         |        
RUN-1001 :        relaxation       |    1.00    |       1.00       |        
RUN-1001 :         retiming        |    off     |       off        |        
RUN-1001 : --------------------------------------------------------------
PHY-3001 : Placer runs in 16 thread(s).
RUN-1002 : start command "legalize_phy_inst"
SYN-1011 : Flatten model keyboard_instance
RUN-1002 : start command "phys_opt -simplify_lut"
SYN-4024 : Net "clk_50M_dup_1" drives clk pins.
SYN-4024 : Net "U1/scan_clk" drives clk pins.
SYN-4025 : Tag rtl::Net U1/scan_clk as clock net
SYN-4025 : Tag rtl::Net clk_50M_dup_1 as clock net
SYN-4026 : Tagged 2 rtl::Net as clock net
SYN-4015 : Create BUFG instance for clk Net U1/scan_clk to drive 20 clock pins.
PHY-1001 : Populate physical database on model keyboard_instance.
RUN-1001 : There are total 290 instances
RUN-0007 : 118 luts, 120 seqs, 10 mslices, 15 lslices, 23 pads, 0 brams, 0 dsps
RUN-1001 : There are total 360 nets
RUN-1001 : 212 nets have 2 pins
RUN-1001 : 123 nets have [3 - 5] pins
RUN-1001 : 18 nets have [6 - 10] pins
RUN-1001 : 2 nets have [11 - 20] pins
RUN-1001 : 3 nets have [21 - 99] pins
RUN-1001 : 2 nets have 100+ pins
RUN-1001 : Report Control nets information:
RUN-1001 : DFF Distribution
RUN-1001 : ----------------------------------
RUN-1001 :   CE   |  SSR  |  ASR  |  DFF Count  
RUN-1001 : ----------------------------------
RUN-1001 :   No   |  No   |  No   |     68      
RUN-1001 :   No   |  No   |  Yes  |     20      
RUN-1001 :   No   |  Yes  |  No   |      0      
RUN-1001 :   Yes  |  No   |  No   |      0      
RUN-1001 :   Yes  |  No   |  Yes  |     32      
RUN-1001 :   Yes  |  Yes  |  No   |      0      
RUN-1001 : ----------------------------------
RUN-0007 : Control Group Statistic
RUN-0007 : ---------------------------
RUN-0007 :   #CLK  |  #CE  |  #SSR/ASR  
RUN-0007 : ---------------------------
RUN-0007 :    2    |   2   |     2      
RUN-0007 : ---------------------------
RUN-0007 : Control Set = 4
PHY-3001 : Initial placement ...
PHY-3001 : design contains 288 instances, 118 luts, 120 seqs, 25 slices, 3 macros(25 instances: 10 mslices 15 lslices)
PHY-0007 : Cell area utilization is 0%
PHY-3001 : Start timing update ...
RUN-1002 : start command "start_timer -report"
TMR-2505 : Start building timing graph for model keyboard_instance.
TMR-2506 : Build timing graph completely. Port num: 7, tpin num: 1239, tnet num: 358, tinst num: 288, tnode num: 1588, tedge num: 1972.
TMR-2508 : Levelizing timing graph completed, there are 21 levels in total.
TMR-2501 : Timing graph initialized successfully.
TMR-2503 : Start to update net delay, extr mode = 2.
TMR-2504 : Update delay of 358 nets completely.
TMR-2502 : Annotate delay completely, extr mode = 2.
TMR-3001 : Initiate 0 clocks from SDC.
TMR-3004 : Map sdc constraints, there are 0 constraints in total.
TMR-3003 : Constraints initiated successfully.
TMR-3501 : Forward propagation: start to calculate arrival time...
TMR-3502 : Backward propagation: start to calculate required time...
TMR-3503 : Timing propagation completes.
PHY-3001 : End timing update;  0.113565s wall, 0.015625s user + 0.000000s system = 0.015625s CPU (13.8%)

PHY-3001 : Global placement ...
PHY-3001 : Initial: Len = 79662.2
PHY-3001 : Clustering ...
PHY-3001 : Level 0 #clusters 288.
PHY-3001 : End clustering;  0.000016s wall, 0.000000s user + 0.000000s system = 0.000000s CPU (n/a%)

PHY-3001 : Run with size of 4
PHY-3001 : Cell area utilization is 0%
PHY-3001 : :::0::: Try harder cell spreading with beta_ = 0
PHY-3002 : Step(1): len = 49533.5, overlap = 0
PHY-3002 : Step(2): len = 30080.9, overlap = 0
PHY-3002 : Step(3): len = 22558.2, overlap = 0
PHY-3002 : Step(4): len = 18150.8, overlap = 0
PHY-3002 : Step(5): len = 15750.8, overlap = 0
PHY-3002 : Step(6): len = 15642.3, overlap = 0
PHY-3002 : Step(7): len = 14827, overlap = 0
PHY-3002 : Step(8): len = 14290, overlap = 0
PHY-3002 : Step(9): len = 14478.4, overlap = 0
PHY-3002 : Step(10): len = 12711.7, overlap = 0
PHY-3002 : Step(11): len = 12844.6, overlap = 0
PHY-3002 : Step(12): len = 12343.4, overlap = 0
PHY-3002 : Step(13): len = 11427.8, overlap = 0
PHY-3002 : Step(14): len = 10728.7, overlap = 0
PHY-3002 : Step(15): len = 10844.9, overlap = 0
PHY-3002 : Step(16): len = 10055.1, overlap = 0
PHY-3002 : Step(17): len = 9611.5, overlap = 0
PHY-3002 : Step(18): len = 9831.2, overlap = 0
PHY-3002 : Step(19): len = 8503.6, overlap = 0
PHY-3002 : Step(20): len = 8693.4, overlap = 0
PHY-3002 : Step(21): len = 8778.4, overlap = 0
PHY-3002 : Step(22): len = 7824, overlap = 0
PHY-3002 : Step(23): len = 7920, overlap = 0
PHY-3002 : Step(24): len = 7822.5, overlap = 0
PHY-3002 : Step(25): len = 7256.4, overlap = 0
PHY-3002 : Step(26): len = 7500.9, overlap = 0
PHY-3002 : Step(27): len = 7500.9, overlap = 0
PHY-3001 : Legalization ...
PHY-3001 : End legalization;  0.006580s wall, 0.000000s user + 0.000000s system = 0.000000s CPU (n/a%)

PHY-3001 : Run with size of 4
PHY-3001 : Cell area utilization is 1%
PHY-3001 : Update timing in Manhattan mode ...
TMR-2503 : Start to update net delay, extr mode = 3.
TMR-2504 : Update delay of 358 nets completely.
TMR-2502 : Annotate delay completely, extr mode = 3.
TMR-3501 : Forward propagation: start to calculate arrival time...
TMR-3502 : Backward propagation: start to calculate required time...
TMR-3503 : Timing propagation completes.
PHY-3001 : End timing update;  0.003492s wall, 0.000000s user + 0.000000s system = 0.000000s CPU (n/a%)

PHY-3001 : :::0::: Try harder cell spreading with beta_ = 0
PHY-3002 : Step(28): len = 6897.1, overlap = 0
PHY-3002 : Step(29): len = 6951.9, overlap = 0
PHY-3002 : Step(30): len = 7038.3, overlap = 0
PHY-3002 : Step(31): len = 7166.1, overlap = 0
PHY-3002 : Step(32): len = 7431.7, overlap = 0
PHY-3002 : Step(33): len = 7601.3, overlap = 0
PHY-3002 : Step(34): len = 7077.5, overlap = 0
PHY-3002 : Step(35): len = 7264.3, overlap = 0
PHY-3002 : Step(36): len = 7517.5, overlap = 0
PHY-3002 : Step(37): len = 7448.4, overlap = 0
PHY-3002 : Step(38): len = 7273.6, overlap = 0
PHY-3002 : Step(39): len = 7420.7, overlap = 0
PHY-3002 : Step(40): len = 6729, overlap = 0
PHY-3002 : Step(41): len = 6424.5, overlap = 0
PHY-3002 : Step(42): len = 6666.5, overlap = 0
PHY-3002 : Step(43): len = 5881.3, overlap = 0
PHY-3002 : Step(44): len = 5269.1, overlap = 0
PHY-3002 : Step(45): len = 5443.1, overlap = 0
PHY-3002 : Step(46): len = 5052, overlap = 0
PHY-3002 : Step(47): len = 4786.4, overlap = 0
PHY-3002 : Step(48): len = 4643.2, overlap = 0
PHY-3002 : Step(49): len = 4226.6, overlap = 0
PHY-3002 : Step(50): len = 4097.5, overlap = 0
PHY-3002 : Step(51): len = 3864.3, overlap = 0
PHY-3002 : Step(52): len = 3807.4, overlap = 0
PHY-3002 : Step(53): len = 3608.3, overlap = 0
PHY-3002 : Step(54): len = 3444.7, overlap = 0
PHY-3002 : Step(55): len = 3307.5, overlap = 0
PHY-3002 : Step(56): len = 3210.7, overlap = 0
PHY-3002 : Step(57): len = 3092.7, overlap = 0
PHY-3002 : Step(58): len = 3162.5, overlap = 0
PHY-3002 : Step(59): len = 2969, overlap = 0
PHY-3002 : Step(60): len = 3013.6, overlap = 0
PHY-3002 : Step(61): len = 2954.1, overlap = 0
PHY-3002 : Step(62): len = 3003.8, overlap = 0
PHY-3002 : Step(63): len = 2899, overlap = 0
PHY-3002 : Step(64): len = 2908.9, overlap = 0
PHY-3002 : Step(65): len = 2707.4, overlap = 0
PHY-3002 : Step(66): len = 2600.2, overlap = 0
PHY-3002 : Step(67): len = 2600.2, overlap = 0
PHY-3001 : Run with size of 2
PHY-3001 : Cell area utilization is 1%
PHY-3001 : Update timing in Manhattan mode ...
TMR-2503 : Start to update net delay, extr mode = 3.
TMR-2504 : Update delay of 358 nets completely.
TMR-2502 : Annotate delay completely, extr mode = 3.
TMR-3501 : Forward propagation: start to calculate arrival time...
TMR-3502 : Backward propagation: start to calculate required time...
TMR-3503 : Timing propagation completes.
PHY-3001 : End timing update;  0.003355s wall, 0.000000s user + 0.000000s system = 0.000000s CPU (n/a%)

PHY-3001 : :::0::: Try harder cell spreading with beta_ = 2.46366e-05
PHY-3002 : Step(68): len = 2652.1, overlap = 2.84375
PHY-3002 : Step(69): len = 2652.1, overlap = 2.84375
PHY-3001 : :::1::: Try harder cell spreading with beta_ = 4.92732e-05
PHY-3002 : Step(70): len = 2667.6, overlap = 2.65625
PHY-3002 : Step(71): len = 2667.6, overlap = 2.65625
PHY-3001 : :::2::: Try harder cell spreading with beta_ = 9.80745e-05
PHY-3002 : Step(72): len = 2719.4, overlap = 2.4375
PHY-3002 : Step(73): len = 2778.2, overlap = 2.375
OPT-1001 : Start physical optimization ...
RUN-1002 : start command "start_timer -report"
TMR-2505 : Start building timing graph for model keyboard_instance.
TMR-2506 : Build timing graph completely. Port num: 7, tpin num: 1239, tnet num: 358, tinst num: 288, tnode num: 1588, tedge num: 1972.
TMR-2508 : Levelizing timing graph completed, there are 21 levels in total.
TMR-2501 : Timing graph initialized successfully.
OPT-1001 : Total overflow 8.75 peak overflow 1.53
OPT-1001 : Start high-fanout net optimization ...
OPT-1001 : Update timing in global mode
PHY-1001 : Start incremental global routing, caller is place ...
RUN-1001 : Generating global routing grids ...
RUN-1001 : Building simple global routing graph ...
PHY-1001 : Generate routing nets ...
PHY-1001 : Reuse net number 0/360.
PHY-1001 : Global iterations in 16 thread ...
PHY-1002 : len = 2440, over cnt = 11(0%), over = 48, worst = 13
PHY-1001 : End global iterations;  0.007909s wall, 0.000000s user + 0.015625s system = 0.015625s CPU (197.6%)

PHY-1001 : Congestion index: top1 = 8.80, top5 = 2.07, top10 = 1.03, top15 = 0.69.
PHY-1001 : End incremental global routing;  0.049535s wall, 0.031250s user + 0.015625s system = 0.046875s CPU (94.6%)

TMR-2503 : Start to update net delay, extr mode = 5.
TMR-2504 : Update delay of 358 nets completely.
TMR-2502 : Annotate delay completely, extr mode = 5.
TMR-3001 : Initiate 0 clocks from SDC.
TMR-3004 : Map sdc constraints, there are 0 constraints in total.
TMR-3003 : Constraints initiated successfully.
TMR-3501 : Forward propagation: start to calculate arrival time...
TMR-3502 : Backward propagation: start to calculate required time...
TMR-3503 : Timing propagation completes.
OPT-1001 : End timing update;  0.004328s wall, 0.000000s user + 0.000000s system = 0.000000s CPU (n/a%)

OPT-1001 : 0 high-fanout net processed.
OPT-1001 : End high-fanout net optimization;  0.056803s wall, 0.046875s user + 0.015625s system = 0.062500s CPU (110.0%)

OPT-1001 : Current memory(MB): used = 139, reserve = 110, peak = 139.
OPT-1001 : Start global optimization ...
OPT-1001 : Start congestion update ...
RUN-1001 : Generating global routing grids ...
PHY-1001 : Generate routing nets ...
PHY-1001 : Reuse net number 139/360.
PHY-1001 : Global iterations in 16 thread ...
PHY-1002 : len = 2440, over cnt = 11(0%), over = 48, worst = 13
PHY-1002 : len = 3000, over cnt = 11(0%), over = 17, worst = 3
PHY-1002 : len = 3080, over cnt = 7(0%), over = 7, worst = 1
PHY-1002 : len = 3160, over cnt = 2(0%), over = 2, worst = 1
PHY-1001 : End global iterations;  0.013729s wall, 0.000000s user + 0.000000s system = 0.000000s CPU (n/a%)

PHY-1001 : Congestion index: top1 = 10.14, top5 = 2.48, top10 = 1.24, top15 = 0.83.
OPT-1001 : End congestion update;  0.049709s wall, 0.031250s user + 0.000000s system = 0.031250s CPU (62.9%)

OPT-1001 : Update timing in Manhattan mode
TMR-2503 : Start to update net delay, extr mode = 3.
TMR-2504 : Update delay of 358 nets completely.
TMR-2502 : Annotate delay completely, extr mode = 3.
TMR-3501 : Forward propagation: start to calculate arrival time...
TMR-3502 : Backward propagation: start to calculate required time...
TMR-3503 : Timing propagation completes.
OPT-1001 : End timing update;  0.003362s wall, 0.000000s user + 0.000000s system = 0.000000s CPU (n/a%)

OPT-0007 : Start: WNS 2147483647 TNS 0 NUM_FEPS 0
OPT-1001 : End global optimization;  0.053140s wall, 0.031250s user + 0.000000s system = 0.031250s CPU (58.8%)

OPT-1001 : Current memory(MB): used = 139, reserve = 110, peak = 139.
OPT-1001 : End physical optimization;  0.284537s wall, 0.171875s user + 0.015625s system = 0.187500s CPU (65.9%)

PHY-3001 : Start packing ...
SYN-4007 : Packing 0 MUX to BLE ...
SYN-4008 : Packed 0 MUX and 0 SEQ to BLE.
SYN-4007 : Packing 118 LUT to BLE ...
SYN-4008 : Packed 118 LUT and 46 SEQ to BLE.
SYN-4003 : Packing 74 remaining SEQ's ...
SYN-4005 : Packed 50 SEQ with LUT/SLICE
SYN-4006 : 26 single LUT's are left
SYN-4006 : 24 single SEQ's are left
SYN-4011 : Packing model "keyboard_instance" (AL_USER_NORMAL) with 142/194 primitive instances ...
PHY-3001 : End packing;  0.011679s wall, 0.000000s user + 0.000000s system = 0.000000s CPU (n/a%)

PHY-1001 : Populate physical database on model keyboard_instance.
RUN-1001 : There are total 128 instances
RUN-1001 : 50 mslices, 51 lslices, 23 pads, 0 brams, 0 dsps
RUN-1001 : There are total 314 nets
RUN-1001 : 163 nets have 2 pins
RUN-1001 : 122 nets have [3 - 5] pins
RUN-1001 : 21 nets have [6 - 10] pins
RUN-1001 : 4 nets have [11 - 20] pins
RUN-1001 : 3 nets have [21 - 99] pins
RUN-1001 : 1 nets have 100+ pins
PHY-3001 : design contains 126 instances, 101 slices, 3 macros(25 instances: 10 mslices 15 lslices)
PHY-3001 : Cell area utilization is 1%
PHY-3001 : After packing: Len = 3200, Over = 6.25
PHY-3001 : Run with size of 2
PHY-3001 : Cell area utilization is 1%
PHY-3001 : Update timing in Manhattan mode ...
RUN-1002 : start command "start_timer -report"
TMR-2505 : Start building timing graph for model keyboard_instance.
TMR-2506 : Build timing graph completely. Port num: 7, tpin num: 1070, tnet num: 312, tinst num: 126, tnode num: 1322, tedge num: 1782.
TMR-2508 : Levelizing timing graph completed, there are 21 levels in total.
TMR-2501 : Timing graph initialized successfully.
TMR-2503 : Start to update net delay, extr mode = 3.
TMR-2504 : Update delay of 312 nets completely.
TMR-2502 : Annotate delay completely, extr mode = 3.
TMR-3001 : Initiate 0 clocks from SDC.
TMR-3004 : Map sdc constraints, there are 0 constraints in total.
TMR-3003 : Constraints initiated successfully.
TMR-3501 : Forward propagation: start to calculate arrival time...
TMR-3502 : Backward propagation: start to calculate required time...
TMR-3503 : Timing propagation completes.
PHY-3001 : End timing update;  0.122372s wall, 0.078125s user + 0.000000s system = 0.078125s CPU (63.8%)

PHY-3001 : :::0::: Try harder cell spreading with beta_ = 4.2574e-05
PHY-3002 : Step(74): len = 3093.6, overlap = 6.25
PHY-3002 : Step(75): len = 3123.5, overlap = 6.25
PHY-3002 : Step(76): len = 3124.9, overlap = 5.25
PHY-3001 : :::1::: Try harder cell spreading with beta_ = 8.5148e-05
PHY-3002 : Step(77): len = 3056.8, overlap = 5.25
PHY-3002 : Step(78): len = 3069.1, overlap = 5
PHY-3002 : Step(79): len = 3110.3, overlap = 4.75
PHY-3001 : :::2::: Try harder cell spreading with beta_ = 0.000170296
PHY-3002 : Step(80): len = 3072.1, overlap = 4.5
PHY-3002 : Step(81): len = 3072.1, overlap = 4.5
PHY-3001 : Legalization ...
PHY-3001 : End legalization;  0.035126s wall, 0.000000s user + 0.000000s system = 0.000000s CPU (n/a%)

PHY-3001 : Trial Legalized: Len = 5819.2
PHY-3001 : Run with size of 2
PHY-3001 : Cell area utilization is 1%
PHY-3001 : Update timing in Manhattan mode ...
TMR-2503 : Start to update net delay, extr mode = 3.
TMR-2504 : Update delay of 312 nets completely.
TMR-2502 : Annotate delay completely, extr mode = 3.
TMR-3501 : Forward propagation: start to calculate arrival time...
TMR-3502 : Backward propagation: start to calculate required time...
TMR-3503 : Timing propagation completes.
PHY-3001 : End timing update;  0.003338s wall, 0.000000s user + 0.000000s system = 0.000000s CPU (n/a%)

PHY-3001 : :::0::: Try harder cell spreading with beta_ = 0.0653338
PHY-3002 : Step(82): len = 4832.1, overlap = 0.5
PHY-3002 : Step(83): len = 3895.1, overlap = 3
PHY-3002 : Step(84): len = 3364, overlap = 3.75
PHY-3002 : Step(85): len = 3341.7, overlap = 3.75
PHY-3002 : Step(86): len = 3114.1, overlap = 4.5
PHY-3002 : Step(87): len = 3116.1, overlap = 4.5
PHY-3002 : Step(88): len = 3029.5, overlap = 5.5
PHY-3001 : Legalization ...
PHY-3001 : End legalization;  0.004855s wall, 0.000000s user + 0.000000s system = 0.000000s CPU (n/a%)

PHY-3001 : Legalized: Len = 4660.9, Over = 0
PHY-3001 : Spreading special nets. 3 overflows in 2952 tiles.
PHY-3001 : End spreading;  0.002101s wall, 0.000000s user + 0.000000s system = 0.000000s CPU (n/a%)

PHY-3001 : 3 instances has been re-located, deltaX = 2, deltaY = 0, maxDist = 1.
PHY-3001 : Final: Len = 4708.9, Over = 0
OPT-1001 : Start physical optimization ...
RUN-1002 : start command "start_timer -report"
TMR-2505 : Start building timing graph for model keyboard_instance.
TMR-2506 : Build timing graph completely. Port num: 7, tpin num: 1070, tnet num: 312, tinst num: 126, tnode num: 1322, tedge num: 1782.
TMR-2508 : Levelizing timing graph completed, there are 21 levels in total.
TMR-2501 : Timing graph initialized successfully.
OPT-1001 : Total overflow 0.00 peak overflow 0.00
OPT-1001 : Start high-fanout net optimization ...
OPT-1001 : Update timing in global mode
PHY-1001 : Start incremental global routing, caller is place ...
RUN-1001 : Generating global routing grids ...
PHY-1001 : Generate routing nets ...
PHY-1001 : Reuse net number 22/314.
PHY-1001 : Global iterations in 16 thread ...
PHY-1002 : len = 4968, over cnt = 27(0%), over = 54, worst = 6
PHY-1002 : len = 5328, over cnt = 19(0%), over = 22, worst = 2
PHY-1002 : len = 5648, over cnt = 3(0%), over = 3, worst = 1
PHY-1002 : len = 5728, over cnt = 0(0%), over = 0, worst = 0
PHY-1001 : End global iterations;  0.031328s wall, 0.000000s user + 0.000000s system = 0.000000s CPU (n/a%)

PHY-1001 : Congestion index: top1 = 16.74, top5 = 4.68, top10 = 2.33, top15 = 1.56.
PHY-1001 : End incremental global routing;  0.067982s wall, 0.015625s user + 0.000000s system = 0.015625s CPU (23.0%)

TMR-2503 : Start to update net delay, extr mode = 5.
TMR-2504 : Update delay of 312 nets completely.
TMR-2502 : Annotate delay completely, extr mode = 5.
TMR-3001 : Initiate 0 clocks from SDC.
TMR-3004 : Map sdc constraints, there are 0 constraints in total.
TMR-3003 : Constraints initiated successfully.
TMR-3501 : Forward propagation: start to calculate arrival time...
TMR-3502 : Backward propagation: start to calculate required time...
TMR-3503 : Timing propagation completes.
OPT-1001 : End timing update;  0.004304s wall, 0.000000s user + 0.000000s system = 0.000000s CPU (n/a%)

OPT-1001 : 0 high-fanout net processed.
OPT-1001 : End high-fanout net optimization;  0.075114s wall, 0.015625s user + 0.000000s system = 0.015625s CPU (20.8%)

OPT-1001 : Current memory(MB): used = 140, reserve = 111, peak = 141.
OPT-1001 : Start path based optimization ...
OPT-1001 : Start congestion update ...
RUN-1001 : Generating global routing grids ...
PHY-1001 : Generate routing nets ...
PHY-1001 : Reuse net number 229/314.
PHY-1001 : Global iterations in 16 thread ...
PHY-1002 : len = 5728, over cnt = 0(0%), over = 0, worst = 0
PHY-1001 : End global iterations;  0.001029s wall, 0.000000s user + 0.000000s system = 0.000000s CPU (n/a%)

PHY-1001 : Congestion index: top1 = 16.74, top5 = 4.68, top10 = 2.33, top15 = 1.56.
OPT-1001 : End congestion update;  0.036639s wall, 0.000000s user + 0.000000s system = 0.000000s CPU (n/a%)

OPT-1001 : Update timing in Manhattan mode
TMR-2503 : Start to update net delay, extr mode = 3.
TMR-2504 : Update delay of 312 nets completely.
TMR-2502 : Annotate delay completely, extr mode = 3.
TMR-3501 : Forward propagation: start to calculate arrival time...
TMR-3502 : Backward propagation: start to calculate required time...
TMR-3503 : Timing propagation completes.
OPT-1001 : End timing update;  0.003662s wall, 0.000000s user + 0.000000s system = 0.000000s CPU (n/a%)

OPT-0007 : Start: WNS 2147483647 TNS 0 NUM_FEPS 0
OPT-1001 : End path based optimization;  0.040373s wall, 0.000000s user + 0.000000s system = 0.000000s CPU (n/a%)

OPT-1001 : Current memory(MB): used = 140, reserve = 112, peak = 141.
OPT-1001 : Update timing in Manhattan mode
TMR-2503 : Start to update net delay, extr mode = 3.
TMR-2504 : Update delay of 312 nets completely.
TMR-2502 : Annotate delay completely, extr mode = 3.
TMR-3501 : Forward propagation: start to calculate arrival time...
TMR-3502 : Backward propagation: start to calculate required time...
TMR-3503 : Timing propagation completes.
OPT-1001 : End timing update;  0.002733s wall, 0.000000s user + 0.000000s system = 0.000000s CPU (n/a%)

OPT-1001 : Start pin optimization...
OPT-1001 : skip pin optimization...
OPT-1001 : Update timing in global mode
PHY-1001 : Start incremental global routing, caller is place ...
RUN-1001 : Generating global routing grids ...
PHY-1001 : Generate routing nets ...
PHY-1001 : Reuse net number 229/314.
PHY-1001 : Global iterations in 16 thread ...
PHY-1002 : len = 5728, over cnt = 0(0%), over = 0, worst = 0
PHY-1001 : End global iterations;  0.001021s wall, 0.000000s user + 0.000000s system = 0.000000s CPU (n/a%)

PHY-1001 : Congestion index: top1 = 16.74, top5 = 4.68, top10 = 2.33, top15 = 1.56.
PHY-1001 : End incremental global routing;  0.037788s wall, 0.000000s user + 0.000000s system = 0.000000s CPU (n/a%)

TMR-2503 : Start to update net delay, extr mode = 5.
TMR-2504 : Update delay of 312 nets completely.
TMR-2502 : Annotate delay completely, extr mode = 5.
TMR-3501 : Forward propagation: start to calculate arrival time...
TMR-3502 : Backward propagation: start to calculate required time...
TMR-3503 : Timing propagation completes.
OPT-1001 : End timing update;  0.004194s wall, 0.000000s user + 0.000000s system = 0.000000s CPU (n/a%)

RUN-1001 : Generating global routing grids ...
PHY-1001 : Generate routing nets ...
PHY-1001 : Reuse net number 229/314.
PHY-1001 : Global iterations in 16 thread ...
PHY-1002 : len = 5728, over cnt = 0(0%), over = 0, worst = 0
PHY-1001 : End global iterations;  0.001031s wall, 0.000000s user + 0.000000s system = 0.000000s CPU (n/a%)

PHY-1001 : Congestion index: top1 = 16.74, top5 = 4.68, top10 = 2.33, top15 = 1.56.
OPT-1001 : Update timing in Manhattan mode
TMR-2503 : Start to update net delay, extr mode = 3.
TMR-2504 : Update delay of 312 nets completely.
TMR-2502 : Annotate delay completely, extr mode = 3.
TMR-3501 : Forward propagation: start to calculate arrival time...
TMR-3502 : Backward propagation: start to calculate required time...
TMR-3503 : Timing propagation completes.
OPT-1001 : End timing update;  0.003332s wall, 0.000000s user + 0.000000s system = 0.000000s CPU (n/a%)

RUN-1001 : QoR Analysis:
OPT-0007 :   WNS 2147483647 TNS 0 NUM_FEPS 0
RUN-1001 :   No local congestion issue, and most congested 1% tile average routing util is 16.344828
RUN-1001 :   Top critical paths
OPT-1001 : End physical optimization;  0.361851s wall, 0.078125s user + 0.000000s system = 0.078125s CPU (21.6%)

RUN-1003 : finish command "place" in  3.053677s wall, 0.625000s user + 0.359375s system = 0.984375s CPU (32.2%)

RUN-1004 : used memory is 125 MB, reserved memory is 96 MB, peak memory is 141 MB
RUN-1002 : start command "export_db display_place.db"
RUN-1001 : Exported /
RUN-1001 : Exported flow parameters
RUN-1001 : Exported libs
RUN-1001 : Exported entities
RUN-1001 : Exported ports
RUN-1001 : Exported pins
RUN-1001 : Exported instances
RUN-1001 : Exported nets
RUN-1001 : Exported buses
RUN-1001 : Exported models
RUN-1001 : Exported congestions
RUN-1001 : Exported violations
RUN-1001 : Exported timing constraints
RUN-1001 : Exported IO constraints
RUN-1001 : Exported Inst constraints
RUN-1002 : start command "route"
RUN-1001 : Open license file E:/Anlogic/TD5.6.59063/license/Anlogic.lic
RUN-1001 : Print Global Property
RUN-1001 : ---------------------------------------------------------------
RUN-1001 :        Parameters        |  Settings  |  Default Values  |  Note  
RUN-1001 : ---------------------------------------------------------------
RUN-1001 :          message         |  standard  |     standard     |        
RUN-1001 :   mixed_pack_place_flow  |     on     |        on        |        
RUN-1001 :        qor_monitor       |    off     |       off        |        
RUN-1001 :        syn_ip_flow       |    off     |       off        |        
RUN-1001 :          thread          |    auto    |       auto       |        
RUN-1001 : ---------------------------------------------------------------
RUN-1001 : Print Route Property
RUN-1001 : -------------------------------------------------------
RUN-1001 :    Parameters    |  Settings  |  Default Values  |  Note  
RUN-1001 : -------------------------------------------------------
RUN-1001 :      effort      |   medium   |      medium      |        
RUN-1001 :     fix_hold     |    off     |       off        |        
RUN-1001 :    opt_timing    |   medium   |      medium      |        
RUN-1001 :   phy_sim_model  |    off     |       off        |        
RUN-1001 :     priority     |   timing   |      timing      |        
RUN-1001 :     swap_pin     |     on     |        on        |        
RUN-1001 : -------------------------------------------------------
PHY-1001 : Route runs in 16 thread(s)
RUN-1001 : There are total 128 instances
RUN-1001 : 50 mslices, 51 lslices, 23 pads, 0 brams, 0 dsps
RUN-1001 : There are total 314 nets
RUN-1001 : 163 nets have 2 pins
RUN-1001 : 122 nets have [3 - 5] pins
RUN-1001 : 21 nets have [6 - 10] pins
RUN-1001 : 4 nets have [11 - 20] pins
RUN-1001 : 3 nets have [21 - 99] pins
RUN-1001 : 1 nets have 100+ pins
RUN-1002 : start command "start_timer -report"
TMR-2505 : Start building timing graph for model keyboard_instance.
TMR-2506 : Build timing graph completely. Port num: 7, tpin num: 1070, tnet num: 312, tinst num: 126, tnode num: 1322, tedge num: 1782.
TMR-2508 : Levelizing timing graph completed, there are 21 levels in total.
TMR-2501 : Timing graph initialized successfully.
PHY-1001 : 50 mslices, 51 lslices, 23 pads, 0 brams, 0 dsps
TMR-2503 : Start to update net delay, extr mode = 3.
TMR-2504 : Update delay of 312 nets completely.
TMR-2502 : Annotate delay completely, extr mode = 3.
TMR-3001 : Initiate 0 clocks from SDC.
TMR-3004 : Map sdc constraints, there are 0 constraints in total.
TMR-3003 : Constraints initiated successfully.
TMR-3501 : Forward propagation: start to calculate arrival time...
TMR-3502 : Backward propagation: start to calculate required time...
TMR-3503 : Timing propagation completes.
PHY-1001 : Start global routing, caller is route ...
RUN-1001 : Generating global routing grids ...
PHY-1001 : Generate routing nets ...
PHY-1001 : Global iterations in 16 thread ...
PHY-1002 : len = 4880, over cnt = 26(0%), over = 54, worst = 6
PHY-1002 : len = 5248, over cnt = 21(0%), over = 24, worst = 2
PHY-1002 : len = 5600, over cnt = 3(0%), over = 3, worst = 1
PHY-1002 : len = 5696, over cnt = 0(0%), over = 0, worst = 0
PHY-1001 : End global iterations;  0.039362s wall, 0.031250s user + 0.000000s system = 0.031250s CPU (79.4%)

PHY-1001 : Congestion index: top1 = 16.81, top5 = 4.62, top10 = 2.30, top15 = 1.54.
PHY-1001 : End global routing;  0.075676s wall, 0.031250s user + 0.000000s system = 0.031250s CPU (41.3%)

PHY-1001 : Start detail routing ...
PHY-1001 : Current memory(MB): used = 161, reserve = 133, peak = 175.
PHY-1001 : Detailed router is running in normal mode.
PHY-1001 : Generate detailed routing grids ...
PHY-1001 : Generate nets ...
PHY-1001 : net clk_50M_dup_1 will be routed on clock mesh
PHY-1001 : clock net U1/scan_clk_syn_4 will be merged with clock U1/scan_clk
PHY-1001 : Current memory(MB): used = 428, reserve = 404, peak = 428.
PHY-1001 : End build detailed router design. 3.559061s wall, 1.515625s user + 0.031250s system = 1.546875s CPU (43.5%)

PHY-1001 : Detail Route ...
PHY-1001 : ===== Detail Route Phase 1 =====
PHY-1001 : Clock net routing.....
PHY-1001 : Routed 0% nets.
PHY-1022 : len = 5776, over cnt = 0(0%), over = 0, worst = 0, crit = 0
PHY-1001 : End initial clock net routed; 0.258003s wall, 0.109375s user + 0.015625s system = 0.125000s CPU (48.4%)

PHY-1001 : Current memory(MB): used = 457, reserve = 434, peak = 457.
PHY-1001 : End phase 1; 0.263347s wall, 0.109375s user + 0.015625s system = 0.125000s CPU (47.5%)

PHY-1001 : ===== Detail Route Phase 2 =====
PHY-1001 : Initial routing.....
PHY-1001 : Routed 36% nets.
PHY-1001 : Patch 152 net; 0.031682s wall, 0.015625s user + 0.000000s system = 0.015625s CPU (49.3%)

PHY-1022 : len = 14480, over cnt = 21(0%), over = 21, worst = 1, crit = 0
PHY-1001 : Current memory(MB): used = 457, reserve = 434, peak = 457.
PHY-1001 : End initial routed; 0.047806s wall, 0.015625s user + 0.000000s system = 0.015625s CPU (32.7%)

PHY-1001 : Update timing.....
PHY-1001 : 0/267(0%) critical/total net(s).
RUN-1001 : ------------------------------------------
RUN-1001 :   Type   |    WNS(ns)    |  TNS(ns)  |  FEP  
RUN-1001 : ------------------------------------------
RUN-1001 :   Setup  |  2147483.647  |   0.000   |   0   
RUN-1001 :   Hold   |  2147483.647  |   0.000   |   0   
RUN-1001 : ------------------------------------------
PHY-1001 : End update timing; 0.125270s wall, 0.046875s user + 0.000000s system = 0.046875s CPU (37.4%)

PHY-1001 : Current memory(MB): used = 457, reserve = 434, peak = 457.
PHY-1001 : End phase 2; 0.173152s wall, 0.062500s user + 0.000000s system = 0.062500s CPU (36.1%)

PHY-1001 : ===== Detail Route Phase 3 =====
PHY-1001 : Optimize timing.....
PHY-1022 : len = 14480, over cnt = 21(0%), over = 21, worst = 1, crit = 0
PHY-1001 : End optimize timing; 0.004602s wall, 0.000000s user + 0.000000s system = 0.000000s CPU (n/a%)

PHY-1001 : Ripup-reroute.....
PHY-1001 : ===== DR Iter 1 =====
PHY-1022 : len = 14520, over cnt = 11(0%), over = 11, worst = 1, crit = 0
PHY-1001 : End DR Iter 1; 0.019855s wall, 0.000000s user + 0.000000s system = 0.000000s CPU (n/a%)

PHY-1001 : ===== DR Iter 2 =====
PHY-1022 : len = 14712, over cnt = 1(0%), over = 1, worst = 1, crit = 0
PHY-1001 : End DR Iter 2; 0.016077s wall, 0.015625s user + 0.000000s system = 0.015625s CPU (97.2%)

PHY-1001 : ===== DR Iter 3 =====
PHY-1022 : len = 14744, over cnt = 0(0%), over = 0, worst = 0, crit = 0
PHY-1001 : End DR Iter 3; 0.010601s wall, 0.000000s user + 0.000000s system = 0.000000s CPU (n/a%)

PHY-1001 : Update timing.....
PHY-1001 : 0/267(0%) critical/total net(s).
RUN-1001 : ------------------------------------------
RUN-1001 :   Type   |    WNS(ns)    |  TNS(ns)  |  FEP  
RUN-1001 : ------------------------------------------
RUN-1001 :   Setup  |  2147483.647  |   0.000   |   0   
RUN-1001 :   Hold   |  2147483.647  |   0.000   |   0   
RUN-1001 : ------------------------------------------
PHY-1001 : End update timing; 0.126838s wall, 0.093750s user + 0.000000s system = 0.093750s CPU (73.9%)

PHY-1001 : Commit to database.....
PHY-1001 : 2 feed throughs used by 2 nets
PHY-1001 : End commit to database; 0.027058s wall, 0.000000s user + 0.000000s system = 0.000000s CPU (n/a%)

PHY-1001 : Current memory(MB): used = 467, reserve = 444, peak = 467.
PHY-1001 : End phase 3; 0.329235s wall, 0.171875s user + 0.000000s system = 0.171875s CPU (52.2%)

PHY-1003 : Routed, final wirelength = 14744
PHY-1001 : Current memory(MB): used = 467, reserve = 444, peak = 467.
PHY-1001 : End export database. 0.004981s wall, 0.000000s user + 0.000000s system = 0.000000s CPU (n/a%)

PHY-1001 : End detail routing;  4.518517s wall, 1.937500s user + 0.078125s system = 2.015625s CPU (44.6%)

RUN-1003 : finish command "route" in  4.767886s wall, 2.000000s user + 0.078125s system = 2.078125s CPU (43.6%)

RUN-1004 : used memory is 418 MB, reserved memory is 393 MB, peak memory is 467 MB
RUN-1002 : start command "report_area -io_info -file display_phy.area"
RUN-1001 : standard
***Report Model: keyboard_instance Device: EG4S20BG256***

IO Statistics
#IO                        23
  #input                    6
  #output                  17
  #inout                    0

Utilization Statistics
#lut                      173   out of  19600    0.88%
#reg                      136   out of  19600    0.69%
#le                       197
  #lut only                61   out of    197   30.96%
  #reg only                24   out of    197   12.18%
  #lut&reg                112   out of    197   56.85%
#dsp                        0   out of     29    0.00%
#bram                       0   out of     64    0.00%
  #bram9k                   0
  #fifo9k                   0
#bram32k                    0   out of     16    0.00%
#pad                       23   out of    188   12.23%
  #ireg                     0
  #oreg                     0
  #treg                     0
#pll                        0   out of      4    0.00%
#gclk                       2   out of     16   12.50%

Clock Resource Statistics
Index     ClockNet         Type               DriverType         Driver                      Fanout
#1        clk_50M_dup_1    GCLK               io                 clk_50M_syn_2.di            63
#2        U1/scan_clk      GCLK               mslice             U1/scan_clk_reg_syn_9.q0    10


Detailed IO Report

        Name           Direction    Location    IOStandard    DriveStrength    PullType    PackReg  
        RSTn             INPUT         A9        LVCMOS33          N/A          PULLUP      NONE    
       clk_50M           INPUT         R7        LVCMOS33          N/A          PULLUP      NONE    
       col[3]            INPUT        F10        LVCMOS33          N/A          PULLUP      NONE    
       col[2]            INPUT        C11        LVCMOS33          N/A          PULLUP      NONE    
       col[1]            INPUT        D11        LVCMOS33          N/A          PULLUP      NONE    
       col[0]            INPUT        E11        LVCMOS33          N/A          PULLUP      NONE    
  DigitronCS_Out[3]     OUTPUT         A3        LVCMOS33           8            NONE       NONE    
  DigitronCS_Out[2]     OUTPUT         A5        LVCMOS33           8            NONE       NONE    
  DigitronCS_Out[1]     OUTPUT         B6        LVCMOS33           8            NONE       NONE    
  DigitronCS_Out[0]     OUTPUT         C9        LVCMOS33           8            NONE       NONE    
   Digitron_Out[7]      OUTPUT         C8        LVCMOS33           8            NONE       NONE    
   Digitron_Out[6]      OUTPUT         A8        LVCMOS33           8            NONE       NONE    
   Digitron_Out[5]      OUTPUT         B5        LVCMOS33           8            NONE       NONE    
   Digitron_Out[4]      OUTPUT         A7        LVCMOS33           8            NONE       NONE    
   Digitron_Out[3]      OUTPUT         E8        LVCMOS33           8            NONE       NONE    
   Digitron_Out[2]      OUTPUT         B8        LVCMOS33           8            NONE       NONE    
   Digitron_Out[1]      OUTPUT         A6        LVCMOS33           8            NONE       NONE    
   Digitron_Out[0]      OUTPUT         A4        LVCMOS33           8            NONE       NONE    
        light           OUTPUT        B14        LVCMOS33           8            NONE       NONE    
       row[3]           OUTPUT         D9        LVCMOS33           8            NONE       NONE    
       row[2]           OUTPUT         F9        LVCMOS33           8            NONE       NONE    
       row[1]           OUTPUT        C10        LVCMOS33           8            NONE       NONE    
       row[0]           OUTPUT        E10        LVCMOS33           8            NONE       NONE    

Report Hierarchy Area:
+-------------------------------------------------------------------------------------------+
|Instance |Module                      |le     |lut     |ripple  |seq     |bram    |dsp     |
+-------------------------------------------------------------------------------------------+
|top      |keyboard_instance           |197    |148     |25      |136     |0       |0       |
|  U1     |keyboard_scan               |69     |46      |9       |53      |0       |0       |
|  U2     |key_filter                  |61     |45      |6       |51      |0       |0       |
|  U3     |onehot2binary               |33     |33      |0       |16      |0       |0       |
|  U5     |Digitron_TimeDisplay_module |30     |20      |10      |16      |0       |0       |
+-------------------------------------------------------------------------------------------+


DataNet Average Fanout:

   Index     Fanout    Nets  
    #1         1       140   
    #2         2        85   
    #3         3        18   
    #4         4        19   
    #5        5-10      21   
    #6       11-50      4    
  Average     2.31           

RUN-1002 : start command "export_db display_pr.db"
RUN-1001 : Exported /
RUN-1001 : Exported flow parameters
RUN-1001 : Exported libs
RUN-1001 : Exported entities
RUN-1001 : Exported ports
RUN-1001 : Exported pins
RUN-1001 : Exported instances
RUN-1001 : Exported nets
RUN-1001 : Exported buses
RUN-1001 : Exported models
RUN-1001 : Exported congestions
RUN-1001 : Exported violations
RUN-1001 : Exported timing constraints
RUN-1001 : Exported IO constraints
RUN-1001 : Exported Inst constraints
RUN-1002 : start command "export_bid display_inst.bid"
RUN-1002 : start command "bitgen -bit display.bit -unused_io_status pulldown"
BIT-1003 : Start to generate bitstream. 
BIT-1002 : Bitgen processed 165 unused pads, reserve input tri_state with pulldown
BIT-1002 : Init instances with 16 threads.
BIT-1002 : Init instances completely, inst num: 291
BIT-1002 : Init pips with 16 threads.
BIT-1002 : Init pips completely, net num: 314, pip num: 1848
BIT-1002 : Init feedthrough completely, num: 2
BIT-1003 : Multithreading accelaration with 16 threads.
BIT-1003 : Generate bitstream completely, there are 420 valid insts, and 6072 bits set as '1'.
BIT-1004 : PLL setting string = 0000
BIT-1004 : Generate bits file display.bit.
RUN-1003 : finish command "bitgen -bit display.bit -unused_io_status pulldown" in  1.262180s wall, 4.203125s user + 0.046875s system = 4.250000s CPU (336.7%)

RUN-1004 : used memory is 418 MB, reserved memory is 395 MB, peak memory is 613 MB
RUN-1002 : start command "backup_run_log run.log ../.logs/phy_1/td_20240826_224150.log"
