============================================================
   Tang Dynasty, V5.6.59063
   Copyright (c) 2012-2022 Anlogic
   Executable = E:/Anlogic/TD5.6.59063/bin/td.exe
   Built at =   12:45:13 Sep  6 2022
   Run by =     19234
   Run Date =   Mon Aug 26 23:03:45 2024

   Run on =     ERIKPSW
============================================================
RUN-1002 : start command "open_project display.prj"
RUN-1001 : Print Global Property
RUN-1001 : ---------------------------------------------------------------
RUN-1001 :        Parameters        |  Settings  |  Default Values  |  Note  
RUN-1001 : ---------------------------------------------------------------
RUN-1001 :          message         |  standard  |     standard     |        
RUN-1001 :   mixed_pack_place_flow  |     on     |        on        |        
RUN-1001 :        qor_monitor       |    off     |       off        |        
RUN-1001 :        syn_ip_flow       |    off     |       off        |        
RUN-1001 :          thread          |    auto    |       auto       |        
RUN-1001 : ---------------------------------------------------------------
RUN-1001 : Print Design Property
RUN-1001 : --------------------------------------------------------------
RUN-1001 :        Parameters       |  Settings  |  Default Values  |  Note  
RUN-1001 : --------------------------------------------------------------
RUN-1001 :   default_reg_initial   |    auto    |       auto       |        
RUN-1001 :        infer_add        |     on     |        on        |        
RUN-1001 :        infer_fsm        |    off     |       off        |        
RUN-1001 :        infer_mult       |     on     |        on        |        
RUN-1001 :        infer_ram        |     on     |        on        |        
RUN-1001 :        infer_reg        |     on     |        on        |        
RUN-1001 :   infer_reg_init_value  |     on     |        on        |        
RUN-1001 :        infer_rom        |     on     |        on        |        
RUN-1001 :      infer_shifter      |     on     |        on        |        
RUN-1001 : --------------------------------------------------------------
RUN-1001 : Print Rtl Property
RUN-1001 : --------------------------------------------------------------
RUN-1001 :        Parameters       |  Settings  |  Default Values  |  Note  
RUN-1001 : --------------------------------------------------------------
RUN-1001 :       compress_add      |   ripple   |      ripple      |        
RUN-1001 :        elf_sload        |    off     |       off        |        
RUN-1001 :       fix_undriven      |     0      |        0         |        
RUN-1001 :         flatten         |    off     |       off        |        
RUN-1001 :       gate_sharing      |     on     |        on        |        
RUN-1001 :    hdl_warning_level    |   normal   |      normal      |        
RUN-1001 :   impl_internal_tribuf  |     on     |        on        |        
RUN-1001 :      impl_set_reset     |     on     |        on        |        
RUN-1001 :        infer_gsr        |    off     |       off        |        
RUN-1001 :      keep_hierarchy     |    auto    |       auto       |        
RUN-1001 :        max_fanout       |    9999    |       9999       |        
RUN-1001 :      max_oh2bin_len     |     10     |        10        |        
RUN-1001 :       merge_equal       |     on     |        on        |        
RUN-1001 :       merge_equiv       |     on     |        on        |        
RUN-1001 :        merge_mux        |    off     |       off        |        
RUN-1001 :     min_control_set     |     8      |        8         |        
RUN-1001 :      min_ripple_len     |    auto    |       auto       |        
RUN-1001 :       oh2bin_ratio      |    0.08    |       0.08       |        
RUN-1001 :     opt_adder_fanout    |     on     |        on        |        
RUN-1001 :        opt_arith        |     on     |        on        |        
RUN-1001 :       opt_big_gate      |    off     |       off        |        
RUN-1001 :        opt_const        |     on     |        on        |        
RUN-1001 :      opt_const_mult     |     on     |        on        |        
RUN-1001 :       opt_lessthan      |     on     |        on        |        
RUN-1001 :         opt_mux         |    off     |       off        |        
RUN-1001 :         opt_ram         |    high    |       high       |        
RUN-1001 :      rtl_sim_model      |    off     |       off        |        
RUN-1001 :         seq_syn         |     on     |        on        |        
RUN-1001 : --------------------------------------------------------------
HDL-1007 : analyze verilog file ../../keyboard_instance.v
HDL-1007 : analyze verilog file ../../keyboard_scan.v
HDL-1007 : analyze verilog file ../../onehot2binary.v
HDL-1007 : analyze verilog file ../../key_filter.v
HDL-1007 : analyze verilog file ../../Digitron_TimeDisplay_module.v
RUN-1001 : Project manager successfully analyzed 5 source files.
RUN-1002 : start command "import_device eagle_s20.db -package EG4S20BG256"
ARC-1001 : Device Initialization.
ARC-1001 : ------------------------------------------------------------------
ARC-1001 :            OPTION            |          IO          |   SETTING   
ARC-1001 : ------------------------------------------------------------------
ARC-1001 :   cso_b/cclk/mosi/miso/dout  |  T3/R11/T10/P10/S11  |    gpio    
ARC-1001 :             done             |         P13          |    gpio    
ARC-1001 :           program_b          |          T2          |  dedicate  
ARC-1001 :        tdi/tms/tck/tdo       |   C12/A15/C14/E14    |  dedicate  
ARC-1001 : ------------------------------------------------------------------
ARC-1004 : Device setting, marked 5 dedicate IOs in total.
RUN-1002 : start command "import_db ../syn_1/display_gate.db"
RUN-1001 : Importing database generated by Tang Dynasty, V5.6.59063.
RUN-1001 : Database version number 46140.
RUN-1001 : Import flow parameters
RUN-1001 : Import timing constraints
RUN-1001 : Import IO constraints
RUN-1001 : Import Inst constraints
RUN-1001 : Import design success TD_VERSION=5.6.59063 , DB_VERSION=46140
RUN-1002 : start command "read_sdc"
USR-1002 : read_sdc file_name -help -h -eco
USR-1009 : NO module with IP_SDC ...
RUN-1104 : Import SDC file  finished, there are 0 nets kept by constraints.
RUN-1002 : start command "place"
RUN-1001 : Open license file E:/Anlogic/TD5.6.59063/license/Anlogic.lic
RUN-1001 : Print Global Property
RUN-1001 : ---------------------------------------------------------------
RUN-1001 :        Parameters        |  Settings  |  Default Values  |  Note  
RUN-1001 : ---------------------------------------------------------------
RUN-1001 :          message         |  standard  |     standard     |        
RUN-1001 :   mixed_pack_place_flow  |     on     |        on        |        
RUN-1001 :        qor_monitor       |    off     |       off        |        
RUN-1001 :        syn_ip_flow       |    off     |       off        |        
RUN-1001 :          thread          |    auto    |       auto       |        
RUN-1001 : ---------------------------------------------------------------
RUN-1001 : Print Place Property
RUN-1001 : --------------------------------------------------------------
RUN-1001 :        Parameters       |  Settings  |  Default Values  |  Note  
RUN-1001 : --------------------------------------------------------------
RUN-1001 :      detailed_place     |     on     |        on        |        
RUN-1001 :          effort         |   medium   |      medium      |        
RUN-1001 :         fix_hold        |    off     |       off        |        
RUN-1001 :       legalization      |    ori     |       ori        |        
RUN-1001 :      new_spreading      |     on     |        on        |        
RUN-1001 :        opt_timing       |   medium   |      medium      |        
RUN-1001 :   post_clock_route_opt  |    off     |       off        |        
RUN-1001 :       pr_strategy       |     1      |        1         |        
RUN-1001 :        relaxation       |    1.00    |       1.00       |        
RUN-1001 :         retiming        |    off     |       off        |        
RUN-1001 : --------------------------------------------------------------
PHY-3001 : Placer runs in 16 thread(s).
RUN-1002 : start command "legalize_phy_inst"
SYN-1011 : Flatten model keyboard_instance
RUN-1002 : start command "phys_opt -simplify_lut"
SYN-4024 : Net "clk_50M_dup_1" drives clk pins.
SYN-4024 : Net "U1/scan_clk" drives clk pins.
SYN-4025 : Tag rtl::Net U1/scan_clk as clock net
SYN-4025 : Tag rtl::Net clk_50M_dup_1 as clock net
SYN-4026 : Tagged 2 rtl::Net as clock net
SYN-4015 : Create BUFG instance for clk Net U1/scan_clk to drive 20 clock pins.
PHY-1001 : Populate physical database on model keyboard_instance.
RUN-1001 : There are total 290 instances
RUN-0007 : 119 luts, 119 seqs, 10 mslices, 15 lslices, 23 pads, 0 brams, 0 dsps
RUN-1001 : There are total 360 nets
RUN-1001 : 218 nets have 2 pins
RUN-1001 : 119 nets have [3 - 5] pins
RUN-1001 : 17 nets have [6 - 10] pins
RUN-1001 : 1 nets have [11 - 20] pins
RUN-1001 : 3 nets have [21 - 99] pins
RUN-1001 : 2 nets have 100+ pins
RUN-1001 : Report Control nets information:
RUN-1001 : DFF Distribution
RUN-1001 : ----------------------------------
RUN-1001 :   CE   |  SSR  |  ASR  |  DFF Count  
RUN-1001 : ----------------------------------
RUN-1001 :   No   |  No   |  No   |     67      
RUN-1001 :   No   |  No   |  Yes  |     20      
RUN-1001 :   No   |  Yes  |  No   |      0      
RUN-1001 :   Yes  |  No   |  No   |      0      
RUN-1001 :   Yes  |  No   |  Yes  |     32      
RUN-1001 :   Yes  |  Yes  |  No   |      0      
RUN-1001 : ----------------------------------
RUN-0007 : Control Group Statistic
RUN-0007 : ---------------------------
RUN-0007 :   #CLK  |  #CE  |  #SSR/ASR  
RUN-0007 : ---------------------------
RUN-0007 :    2    |   2   |     2      
RUN-0007 : ---------------------------
RUN-0007 : Control Set = 4
PHY-3001 : Initial placement ...
PHY-3001 : design contains 288 instances, 119 luts, 119 seqs, 25 slices, 3 macros(25 instances: 10 mslices 15 lslices)
PHY-0007 : Cell area utilization is 0%
PHY-3001 : Start timing update ...
RUN-1002 : start command "start_timer -report"
TMR-2505 : Start building timing graph for model keyboard_instance.
TMR-2506 : Build timing graph completely. Port num: 7, tpin num: 1211, tnet num: 358, tinst num: 288, tnode num: 1558, tedge num: 1916.
TMR-2508 : Levelizing timing graph completed, there are 21 levels in total.
TMR-2501 : Timing graph initialized successfully.
TMR-2503 : Start to update net delay, extr mode = 2.
TMR-2504 : Update delay of 358 nets completely.
TMR-2502 : Annotate delay completely, extr mode = 2.
TMR-3001 : Initiate 0 clocks from SDC.
TMR-3004 : Map sdc constraints, there are 0 constraints in total.
TMR-3003 : Constraints initiated successfully.
TMR-3501 : Forward propagation: start to calculate arrival time...
TMR-3502 : Backward propagation: start to calculate required time...
TMR-3503 : Timing propagation completes.
PHY-3001 : End timing update;  0.138405s wall, 0.046875s user + 0.000000s system = 0.046875s CPU (33.9%)

PHY-3001 : Global placement ...
PHY-3001 : Initial: Len = 77606.2
PHY-3001 : Clustering ...
PHY-3001 : Level 0 #clusters 288.
PHY-3001 : End clustering;  0.000025s wall, 0.000000s user + 0.000000s system = 0.000000s CPU (n/a%)

PHY-3001 : Run with size of 4
PHY-3001 : Cell area utilization is 0%
PHY-3001 : :::0::: Try harder cell spreading with beta_ = 0
PHY-3002 : Step(1): len = 48361.6, overlap = 0
PHY-3002 : Step(2): len = 30278.4, overlap = 0
PHY-3002 : Step(3): len = 23519.9, overlap = 0
PHY-3002 : Step(4): len = 18607.6, overlap = 0
PHY-3002 : Step(5): len = 16240.8, overlap = 0
PHY-3002 : Step(6): len = 15425, overlap = 0
PHY-3002 : Step(7): len = 15381.8, overlap = 0
PHY-3002 : Step(8): len = 14221.6, overlap = 0
PHY-3002 : Step(9): len = 13638.3, overlap = 0
PHY-3002 : Step(10): len = 13943.7, overlap = 0
PHY-3002 : Step(11): len = 12692.5, overlap = 0
PHY-3002 : Step(12): len = 12120.9, overlap = 0
PHY-3002 : Step(13): len = 12432.9, overlap = 0
PHY-3002 : Step(14): len = 11272.8, overlap = 0
PHY-3002 : Step(15): len = 10201.1, overlap = 0
PHY-3002 : Step(16): len = 10299.3, overlap = 0
PHY-3002 : Step(17): len = 10204.6, overlap = 0
PHY-3002 : Step(18): len = 9638.5, overlap = 0
PHY-3002 : Step(19): len = 8976.4, overlap = 0
PHY-3002 : Step(20): len = 9177.7, overlap = 0
PHY-3002 : Step(21): len = 8560.3, overlap = 0
PHY-3002 : Step(22): len = 8427.5, overlap = 0
PHY-3002 : Step(23): len = 7802.6, overlap = 0
PHY-3002 : Step(24): len = 7436.4, overlap = 0
PHY-3002 : Step(25): len = 7595.3, overlap = 0
PHY-3002 : Step(26): len = 7442.8, overlap = 0
PHY-3002 : Step(27): len = 7675.2, overlap = 0
PHY-3002 : Step(28): len = 7469.1, overlap = 0
PHY-3002 : Step(29): len = 7590.2, overlap = 0
PHY-3002 : Step(30): len = 7262.7, overlap = 0
PHY-3002 : Step(31): len = 7062.6, overlap = 0
PHY-3002 : Step(32): len = 6949.1, overlap = 0
PHY-3002 : Step(33): len = 7059.9, overlap = 0
PHY-3002 : Step(34): len = 6422.7, overlap = 0
PHY-3002 : Step(35): len = 6507.5, overlap = 0
PHY-3002 : Step(36): len = 6600.9, overlap = 0
PHY-3002 : Step(37): len = 6761.7, overlap = 0
PHY-3002 : Step(38): len = 6083.5, overlap = 0
PHY-3002 : Step(39): len = 6204.2, overlap = 0
PHY-3002 : Step(40): len = 6354, overlap = 0
PHY-3002 : Step(41): len = 5893.2, overlap = 0
PHY-3002 : Step(42): len = 6035, overlap = 0
PHY-3002 : Step(43): len = 5806.5, overlap = 0
PHY-3002 : Step(44): len = 5884, overlap = 0
PHY-3002 : Step(45): len = 5911.6, overlap = 0
PHY-3002 : Step(46): len = 5423.5, overlap = 0
PHY-3002 : Step(47): len = 5433.2, overlap = 0
PHY-3002 : Step(48): len = 5574.1, overlap = 0
PHY-3002 : Step(49): len = 5119.2, overlap = 0
PHY-3002 : Step(50): len = 5238.9, overlap = 0
PHY-3002 : Step(51): len = 5072.9, overlap = 0
PHY-3002 : Step(52): len = 5018.5, overlap = 0
PHY-3002 : Step(53): len = 4506.3, overlap = 0
PHY-3002 : Step(54): len = 4558.5, overlap = 0
PHY-3002 : Step(55): len = 4657, overlap = 0
PHY-3002 : Step(56): len = 3992, overlap = 0
PHY-3002 : Step(57): len = 4010, overlap = 0
PHY-3002 : Step(58): len = 4067.8, overlap = 0
PHY-3001 : Legalization ...
PHY-3001 : End legalization;  0.004124s wall, 0.000000s user + 0.000000s system = 0.000000s CPU (n/a%)

PHY-3001 : Run with size of 4
PHY-3001 : Cell area utilization is 1%
PHY-3001 : Update timing in Manhattan mode ...
TMR-2503 : Start to update net delay, extr mode = 3.
TMR-2504 : Update delay of 358 nets completely.
TMR-2502 : Annotate delay completely, extr mode = 3.
TMR-3501 : Forward propagation: start to calculate arrival time...
TMR-3502 : Backward propagation: start to calculate required time...
TMR-3503 : Timing propagation completes.
PHY-3001 : End timing update;  0.003488s wall, 0.000000s user + 0.000000s system = 0.000000s CPU (n/a%)

PHY-3001 : :::0::: Try harder cell spreading with beta_ = 0
PHY-3002 : Step(59): len = 3720.8, overlap = 0
PHY-3002 : Step(60): len = 3752, overlap = 0
PHY-3002 : Step(61): len = 3752, overlap = 0
PHY-3001 : Run with size of 2
PHY-3001 : Cell area utilization is 1%
PHY-3001 : Update timing in Manhattan mode ...
TMR-2503 : Start to update net delay, extr mode = 3.
TMR-2504 : Update delay of 358 nets completely.
TMR-2502 : Annotate delay completely, extr mode = 3.
TMR-3501 : Forward propagation: start to calculate arrival time...
TMR-3502 : Backward propagation: start to calculate required time...
TMR-3503 : Timing propagation completes.
PHY-3001 : End timing update;  0.003362s wall, 0.000000s user + 0.000000s system = 0.000000s CPU (n/a%)

PHY-3001 : :::0::: Try harder cell spreading with beta_ = 0.000300507
PHY-3002 : Step(62): len = 3839.9, overlap = 4.46875
PHY-3002 : Step(63): len = 3864.5, overlap = 4.53125
PHY-3002 : Step(64): len = 3905.1, overlap = 4.3125
PHY-3001 : :::1::: Try harder cell spreading with beta_ = 0.000601013
PHY-3002 : Step(65): len = 3695.8, overlap = 3.84375
PHY-3002 : Step(66): len = 3695.8, overlap = 3.84375
PHY-3001 : :::2::: Try harder cell spreading with beta_ = 0.00120203
PHY-3002 : Step(67): len = 3743.8, overlap = 4.25
PHY-3002 : Step(68): len = 3784.4, overlap = 4.1875
OPT-1001 : Start physical optimization ...
RUN-1002 : start command "start_timer -report"
TMR-2505 : Start building timing graph for model keyboard_instance.
TMR-2506 : Build timing graph completely. Port num: 7, tpin num: 1211, tnet num: 358, tinst num: 288, tnode num: 1558, tedge num: 1916.
TMR-2508 : Levelizing timing graph completed, there are 21 levels in total.
TMR-2501 : Timing graph initialized successfully.
OPT-1001 : Total overflow 10.84 peak overflow 1.59
OPT-1001 : Start high-fanout net optimization ...
OPT-1001 : Update timing in global mode
PHY-1001 : Start incremental global routing, caller is place ...
RUN-1001 : Generating global routing grids ...
RUN-1001 : Building simple global routing graph ...
PHY-1001 : Generate routing nets ...
PHY-1001 : Reuse net number 0/360.
PHY-1001 : Global iterations in 16 thread ...
PHY-1002 : len = 3928, over cnt = 16(0%), over = 75, worst = 12
PHY-1001 : End global iterations;  0.014796s wall, 0.015625s user + 0.000000s system = 0.015625s CPU (105.6%)

PHY-1001 : Congestion index: top1 = 11.34, top5 = 3.23, top10 = 1.61, top15 = 1.07.
PHY-1001 : End incremental global routing;  0.057148s wall, 0.015625s user + 0.000000s system = 0.015625s CPU (27.3%)

TMR-2503 : Start to update net delay, extr mode = 5.
TMR-2504 : Update delay of 358 nets completely.
TMR-2502 : Annotate delay completely, extr mode = 5.
TMR-3001 : Initiate 0 clocks from SDC.
TMR-3004 : Map sdc constraints, there are 0 constraints in total.
TMR-3003 : Constraints initiated successfully.
TMR-3501 : Forward propagation: start to calculate arrival time...
TMR-3502 : Backward propagation: start to calculate required time...
TMR-3503 : Timing propagation completes.
OPT-1001 : End timing update;  0.004310s wall, 0.000000s user + 0.000000s system = 0.000000s CPU (n/a%)

OPT-1001 : 0 high-fanout net processed.
OPT-1001 : End high-fanout net optimization;  0.064186s wall, 0.015625s user + 0.000000s system = 0.015625s CPU (24.3%)

OPT-1001 : Current memory(MB): used = 141, reserve = 112, peak = 141.
OPT-1001 : Start global optimization ...
OPT-1001 : Start congestion update ...
RUN-1001 : Generating global routing grids ...
PHY-1001 : Generate routing nets ...
PHY-1001 : Reuse net number 174/360.
PHY-1001 : Global iterations in 16 thread ...
PHY-1002 : len = 3928, over cnt = 16(0%), over = 75, worst = 12
PHY-1002 : len = 4664, over cnt = 6(0%), over = 8, worst = 2
PHY-1002 : len = 4760, over cnt = 2(0%), over = 2, worst = 1
PHY-1002 : len = 4784, over cnt = 0(0%), over = 0, worst = 0
PHY-1001 : End global iterations;  0.012402s wall, 0.000000s user + 0.000000s system = 0.000000s CPU (n/a%)

PHY-1001 : Congestion index: top1 = 11.87, top5 = 3.66, top10 = 1.83, top15 = 1.22.
OPT-1001 : End congestion update;  0.048960s wall, 0.000000s user + 0.000000s system = 0.000000s CPU (n/a%)

OPT-1001 : Update timing in Manhattan mode
TMR-2503 : Start to update net delay, extr mode = 3.
TMR-2504 : Update delay of 358 nets completely.
TMR-2502 : Annotate delay completely, extr mode = 3.
TMR-3501 : Forward propagation: start to calculate arrival time...
TMR-3502 : Backward propagation: start to calculate required time...
TMR-3503 : Timing propagation completes.
OPT-1001 : End timing update;  0.004079s wall, 0.000000s user + 0.000000s system = 0.000000s CPU (n/a%)

OPT-0007 : Start: WNS 2147483647 TNS 0 NUM_FEPS 0
OPT-1001 : End global optimization;  0.053126s wall, 0.000000s user + 0.000000s system = 0.000000s CPU (n/a%)

OPT-1001 : Current memory(MB): used = 141, reserve = 113, peak = 141.
OPT-1001 : End physical optimization;  0.237419s wall, 0.093750s user + 0.000000s system = 0.093750s CPU (39.5%)

PHY-3001 : Start packing ...
SYN-4007 : Packing 0 MUX to BLE ...
SYN-4008 : Packed 0 MUX and 0 SEQ to BLE.
SYN-4007 : Packing 119 LUT to BLE ...
SYN-4008 : Packed 119 LUT and 45 SEQ to BLE.
SYN-4003 : Packing 74 remaining SEQ's ...
SYN-4005 : Packed 55 SEQ with LUT/SLICE
SYN-4006 : 23 single LUT's are left
SYN-4006 : 19 single SEQ's are left
SYN-4011 : Packing model "keyboard_instance" (AL_USER_NORMAL) with 138/190 primitive instances ...
PHY-3001 : End packing;  0.008095s wall, 0.015625s user + 0.000000s system = 0.015625s CPU (193.0%)

PHY-1001 : Populate physical database on model keyboard_instance.
RUN-1001 : There are total 127 instances
RUN-1001 : 50 mslices, 50 lslices, 23 pads, 0 brams, 0 dsps
RUN-1001 : There are total 315 nets
RUN-1001 : 169 nets have 2 pins
RUN-1001 : 117 nets have [3 - 5] pins
RUN-1001 : 23 nets have [6 - 10] pins
RUN-1001 : 2 nets have [11 - 20] pins
RUN-1001 : 3 nets have [21 - 99] pins
RUN-1001 : 1 nets have 100+ pins
PHY-3001 : design contains 125 instances, 100 slices, 3 macros(25 instances: 10 mslices 15 lslices)
PHY-3001 : Cell area utilization is 1%
PHY-3001 : After packing: Len = 4151.2, Over = 4.5
PHY-3001 : Run with size of 2
PHY-3001 : Cell area utilization is 1%
PHY-3001 : Update timing in Manhattan mode ...
RUN-1002 : start command "start_timer -report"
TMR-2505 : Start building timing graph for model keyboard_instance.
TMR-2506 : Build timing graph completely. Port num: 7, tpin num: 1044, tnet num: 313, tinst num: 125, tnode num: 1298, tedge num: 1726.
TMR-2508 : Levelizing timing graph completed, there are 21 levels in total.
TMR-2501 : Timing graph initialized successfully.
TMR-2503 : Start to update net delay, extr mode = 3.
TMR-2504 : Update delay of 313 nets completely.
TMR-2502 : Annotate delay completely, extr mode = 3.
TMR-3001 : Initiate 0 clocks from SDC.
TMR-3004 : Map sdc constraints, there are 0 constraints in total.
TMR-3003 : Constraints initiated successfully.
TMR-3501 : Forward propagation: start to calculate arrival time...
TMR-3502 : Backward propagation: start to calculate required time...
TMR-3503 : Timing propagation completes.
PHY-3001 : End timing update;  0.115623s wall, 0.093750s user + 0.000000s system = 0.093750s CPU (81.1%)

PHY-3001 : :::0::: Try harder cell spreading with beta_ = 0.000125823
PHY-3002 : Step(69): len = 4028.6, overlap = 4.5
PHY-3002 : Step(70): len = 4031.6, overlap = 4.75
PHY-3002 : Step(71): len = 3994.5, overlap = 5
PHY-3001 : :::1::: Try harder cell spreading with beta_ = 0.000251646
PHY-3002 : Step(72): len = 3986, overlap = 5
PHY-3002 : Step(73): len = 3999.4, overlap = 4.5
PHY-3001 : :::2::: Try harder cell spreading with beta_ = 0.000503291
PHY-3002 : Step(74): len = 3995.6, overlap = 4.5
PHY-3002 : Step(75): len = 3997.9, overlap = 4.5
PHY-3001 : Legalization ...
PHY-3001 : End legalization;  0.035806s wall, 0.015625s user + 0.000000s system = 0.015625s CPU (43.6%)

PHY-3001 : Trial Legalized: Len = 6821.1
PHY-3001 : Run with size of 2
PHY-3001 : Cell area utilization is 1%
PHY-3001 : Update timing in Manhattan mode ...
TMR-2503 : Start to update net delay, extr mode = 3.
TMR-2504 : Update delay of 313 nets completely.
TMR-2502 : Annotate delay completely, extr mode = 3.
TMR-3501 : Forward propagation: start to calculate arrival time...
TMR-3502 : Backward propagation: start to calculate required time...
TMR-3503 : Timing propagation completes.
PHY-3001 : End timing update;  0.002998s wall, 0.000000s user + 0.000000s system = 0.000000s CPU (n/a%)

PHY-3001 : :::0::: Try harder cell spreading with beta_ = 0
PHY-3002 : Step(76): len = 4882.9, overlap = 2.75
PHY-3002 : Step(77): len = 4195.4, overlap = 3.25
PHY-3002 : Step(78): len = 4122.5, overlap = 3.25
PHY-3002 : Step(79): len = 4110.1, overlap = 3.75
PHY-3002 : Step(80): len = 4077.4, overlap = 4
PHY-3001 : :::1::: Try harder cell spreading with beta_ = 0.000312047
PHY-3002 : Step(81): len = 4014.5, overlap = 3.75
PHY-3002 : Step(82): len = 4015.4, overlap = 3.75
PHY-3002 : Step(83): len = 4007.7, overlap = 4
PHY-3001 : :::2::: Try harder cell spreading with beta_ = 0.000624094
PHY-3002 : Step(84): len = 3978.3, overlap = 4
PHY-3002 : Step(85): len = 3980, overlap = 4
PHY-3001 : Legalization ...
PHY-3001 : End legalization;  0.004779s wall, 0.000000s user + 0.000000s system = 0.000000s CPU (n/a%)

PHY-3001 : Legalized: Len = 5461.4, Over = 0
PHY-3001 : Spreading special nets. 2 overflows in 2952 tiles.
PHY-3001 : End spreading;  0.002134s wall, 0.000000s user + 0.000000s system = 0.000000s CPU (n/a%)

PHY-3001 : 2 instances has been re-located, deltaX = 0, deltaY = 2, maxDist = 1.
PHY-3001 : Final: Len = 5473.4, Over = 0
OPT-1001 : Start physical optimization ...
RUN-1002 : start command "start_timer -report"
TMR-2505 : Start building timing graph for model keyboard_instance.
TMR-2506 : Build timing graph completely. Port num: 7, tpin num: 1044, tnet num: 313, tinst num: 125, tnode num: 1298, tedge num: 1726.
TMR-2508 : Levelizing timing graph completed, there are 21 levels in total.
TMR-2501 : Timing graph initialized successfully.
OPT-1001 : Total overflow 0.00 peak overflow 0.00
OPT-1001 : Start high-fanout net optimization ...
OPT-1001 : Update timing in global mode
PHY-1001 : Start incremental global routing, caller is place ...
RUN-1001 : Generating global routing grids ...
PHY-1001 : Generate routing nets ...
PHY-1001 : Reuse net number 16/315.
PHY-1001 : Global iterations in 16 thread ...
PHY-1002 : len = 5952, over cnt = 21(0%), over = 41, worst = 6
PHY-1002 : len = 6288, over cnt = 8(0%), over = 9, worst = 2
PHY-1002 : len = 6424, over cnt = 0(0%), over = 0, worst = 0
PHY-1001 : End global iterations;  0.026844s wall, 0.015625s user + 0.000000s system = 0.015625s CPU (58.2%)

PHY-1001 : Congestion index: top1 = 15.60, top5 = 5.00, top10 = 2.49, top15 = 1.66.
PHY-1001 : End incremental global routing;  0.072088s wall, 0.015625s user + 0.000000s system = 0.015625s CPU (21.7%)

TMR-2503 : Start to update net delay, extr mode = 5.
TMR-2504 : Update delay of 313 nets completely.
TMR-2502 : Annotate delay completely, extr mode = 5.
TMR-3001 : Initiate 0 clocks from SDC.
TMR-3004 : Map sdc constraints, there are 0 constraints in total.
TMR-3003 : Constraints initiated successfully.
TMR-3501 : Forward propagation: start to calculate arrival time...
TMR-3502 : Backward propagation: start to calculate required time...
TMR-3503 : Timing propagation completes.
OPT-1001 : End timing update;  0.004409s wall, 0.000000s user + 0.000000s system = 0.000000s CPU (n/a%)

OPT-1001 : 0 high-fanout net processed.
OPT-1001 : End high-fanout net optimization;  0.079383s wall, 0.015625s user + 0.000000s system = 0.015625s CPU (19.7%)

OPT-1001 : Current memory(MB): used = 142, reserve = 114, peak = 143.
OPT-1001 : Start path based optimization ...
OPT-1001 : Start congestion update ...
RUN-1001 : Generating global routing grids ...
PHY-1001 : Generate routing nets ...
PHY-1001 : Reuse net number 228/315.
PHY-1001 : Global iterations in 16 thread ...
PHY-1002 : len = 6424, over cnt = 0(0%), over = 0, worst = 0
PHY-1001 : End global iterations;  0.001583s wall, 0.015625s user + 0.000000s system = 0.015625s CPU (987.0%)

PHY-1001 : Congestion index: top1 = 15.60, top5 = 5.00, top10 = 2.49, top15 = 1.66.
OPT-1001 : End congestion update;  0.038902s wall, 0.031250s user + 0.000000s system = 0.031250s CPU (80.3%)

OPT-1001 : Update timing in Manhattan mode
TMR-2503 : Start to update net delay, extr mode = 3.
TMR-2504 : Update delay of 313 nets completely.
TMR-2502 : Annotate delay completely, extr mode = 3.
TMR-3501 : Forward propagation: start to calculate arrival time...
TMR-3502 : Backward propagation: start to calculate required time...
TMR-3503 : Timing propagation completes.
OPT-1001 : End timing update;  0.003638s wall, 0.000000s user + 0.000000s system = 0.000000s CPU (n/a%)

OPT-0007 : Start: WNS 2147483647 TNS 0 NUM_FEPS 0
OPT-1001 : End path based optimization;  0.042624s wall, 0.031250s user + 0.000000s system = 0.031250s CPU (73.3%)

OPT-1001 : Current memory(MB): used = 143, reserve = 114, peak = 143.
OPT-1001 : Update timing in Manhattan mode
TMR-2503 : Start to update net delay, extr mode = 3.
TMR-2504 : Update delay of 313 nets completely.
TMR-2502 : Annotate delay completely, extr mode = 3.
TMR-3501 : Forward propagation: start to calculate arrival time...
TMR-3502 : Backward propagation: start to calculate required time...
TMR-3503 : Timing propagation completes.
OPT-1001 : End timing update;  0.002661s wall, 0.000000s user + 0.000000s system = 0.000000s CPU (n/a%)

OPT-1001 : Start pin optimization...
OPT-1001 : skip pin optimization...
OPT-1001 : Update timing in global mode
PHY-1001 : Start incremental global routing, caller is place ...
RUN-1001 : Generating global routing grids ...
PHY-1001 : Generate routing nets ...
PHY-1001 : Reuse net number 228/315.
PHY-1001 : Global iterations in 16 thread ...
PHY-1002 : len = 6424, over cnt = 0(0%), over = 0, worst = 0
PHY-1001 : End global iterations;  0.001130s wall, 0.000000s user + 0.000000s system = 0.000000s CPU (n/a%)

PHY-1001 : Congestion index: top1 = 15.60, top5 = 5.00, top10 = 2.49, top15 = 1.66.
PHY-1001 : End incremental global routing;  0.039567s wall, 0.031250s user + 0.000000s system = 0.031250s CPU (79.0%)

TMR-2503 : Start to update net delay, extr mode = 5.
TMR-2504 : Update delay of 313 nets completely.
TMR-2502 : Annotate delay completely, extr mode = 5.
TMR-3501 : Forward propagation: start to calculate arrival time...
TMR-3502 : Backward propagation: start to calculate required time...
TMR-3503 : Timing propagation completes.
OPT-1001 : End timing update;  0.005927s wall, 0.000000s user + 0.000000s system = 0.000000s CPU (n/a%)

RUN-1001 : Generating global routing grids ...
PHY-1001 : Generate routing nets ...
PHY-1001 : Reuse net number 228/315.
PHY-1001 : Global iterations in 16 thread ...
PHY-1002 : len = 6424, over cnt = 0(0%), over = 0, worst = 0
PHY-1001 : End global iterations;  0.001189s wall, 0.000000s user + 0.000000s system = 0.000000s CPU (n/a%)

PHY-1001 : Congestion index: top1 = 15.60, top5 = 5.00, top10 = 2.49, top15 = 1.66.
OPT-1001 : Update timing in Manhattan mode
TMR-2503 : Start to update net delay, extr mode = 3.
TMR-2504 : Update delay of 313 nets completely.
TMR-2502 : Annotate delay completely, extr mode = 3.
TMR-3501 : Forward propagation: start to calculate arrival time...
TMR-3502 : Backward propagation: start to calculate required time...
TMR-3503 : Timing propagation completes.
OPT-1001 : End timing update;  0.003205s wall, 0.000000s user + 0.000000s system = 0.000000s CPU (n/a%)

RUN-1001 : QoR Analysis:
OPT-0007 :   WNS 2147483647 TNS 0 NUM_FEPS 0
RUN-1001 :   No local congestion issue, and most congested 1% tile average routing util is 15.206897
RUN-1001 :   Top critical paths
OPT-1001 : End physical optimization;  0.345165s wall, 0.250000s user + 0.000000s system = 0.250000s CPU (72.4%)

RUN-1003 : finish command "place" in  2.480208s wall, 0.843750s user + 0.484375s system = 1.328125s CPU (53.5%)

RUN-1004 : used memory is 127 MB, reserved memory is 98 MB, peak memory is 143 MB
RUN-1002 : start command "export_db display_place.db"
RUN-1001 : Exported /
RUN-1001 : Exported flow parameters
RUN-1001 : Exported libs
RUN-1001 : Exported entities
RUN-1001 : Exported ports
RUN-1001 : Exported pins
RUN-1001 : Exported instances
RUN-1001 : Exported nets
RUN-1001 : Exported buses
RUN-1001 : Exported models
RUN-1001 : Exported congestions
RUN-1001 : Exported violations
RUN-1001 : Exported timing constraints
RUN-1001 : Exported IO constraints
RUN-1001 : Exported Inst constraints
RUN-1002 : start command "route"
RUN-1001 : Open license file E:/Anlogic/TD5.6.59063/license/Anlogic.lic
RUN-1001 : Print Global Property
RUN-1001 : ---------------------------------------------------------------
RUN-1001 :        Parameters        |  Settings  |  Default Values  |  Note  
RUN-1001 : ---------------------------------------------------------------
RUN-1001 :          message         |  standard  |     standard     |        
RUN-1001 :   mixed_pack_place_flow  |     on     |        on        |        
RUN-1001 :        qor_monitor       |    off     |       off        |        
RUN-1001 :        syn_ip_flow       |    off     |       off        |        
RUN-1001 :          thread          |    auto    |       auto       |        
RUN-1001 : ---------------------------------------------------------------
RUN-1001 : Print Route Property
RUN-1001 : -------------------------------------------------------
RUN-1001 :    Parameters    |  Settings  |  Default Values  |  Note  
RUN-1001 : -------------------------------------------------------
RUN-1001 :      effort      |   medium   |      medium      |        
RUN-1001 :     fix_hold     |    off     |       off        |        
RUN-1001 :    opt_timing    |   medium   |      medium      |        
RUN-1001 :   phy_sim_model  |    off     |       off        |        
RUN-1001 :     priority     |   timing   |      timing      |        
RUN-1001 :     swap_pin     |     on     |        on        |        
RUN-1001 : -------------------------------------------------------
PHY-1001 : Route runs in 16 thread(s)
RUN-1001 : There are total 127 instances
RUN-1001 : 50 mslices, 50 lslices, 23 pads, 0 brams, 0 dsps
RUN-1001 : There are total 315 nets
RUN-1001 : 169 nets have 2 pins
RUN-1001 : 117 nets have [3 - 5] pins
RUN-1001 : 23 nets have [6 - 10] pins
RUN-1001 : 2 nets have [11 - 20] pins
RUN-1001 : 3 nets have [21 - 99] pins
RUN-1001 : 1 nets have 100+ pins
RUN-1002 : start command "start_timer -report"
TMR-2505 : Start building timing graph for model keyboard_instance.
TMR-2506 : Build timing graph completely. Port num: 7, tpin num: 1044, tnet num: 313, tinst num: 125, tnode num: 1298, tedge num: 1726.
TMR-2508 : Levelizing timing graph completed, there are 21 levels in total.
TMR-2501 : Timing graph initialized successfully.
PHY-1001 : 50 mslices, 50 lslices, 23 pads, 0 brams, 0 dsps
TMR-2503 : Start to update net delay, extr mode = 3.
TMR-2504 : Update delay of 313 nets completely.
TMR-2502 : Annotate delay completely, extr mode = 3.
TMR-3001 : Initiate 0 clocks from SDC.
TMR-3004 : Map sdc constraints, there are 0 constraints in total.
TMR-3003 : Constraints initiated successfully.
TMR-3501 : Forward propagation: start to calculate arrival time...
TMR-3502 : Backward propagation: start to calculate required time...
TMR-3503 : Timing propagation completes.
PHY-1001 : Start global routing, caller is route ...
RUN-1001 : Generating global routing grids ...
PHY-1001 : Generate routing nets ...
PHY-1001 : Global iterations in 16 thread ...
PHY-1002 : len = 5896, over cnt = 21(0%), over = 46, worst = 6
PHY-1002 : len = 6272, over cnt = 9(0%), over = 10, worst = 2
PHY-1002 : len = 6416, over cnt = 0(0%), over = 0, worst = 0
PHY-1001 : End global iterations;  0.033592s wall, 0.015625s user + 0.000000s system = 0.015625s CPU (46.5%)

PHY-1001 : Congestion index: top1 = 15.69, top5 = 5.00, top10 = 2.49, top15 = 1.66.
PHY-1001 : End global routing;  0.074391s wall, 0.015625s user + 0.000000s system = 0.015625s CPU (21.0%)

PHY-1001 : Start detail routing ...
PHY-1001 : Current memory(MB): used = 162, reserve = 134, peak = 177.
PHY-1001 : Detailed router is running in normal mode.
PHY-1001 : Generate detailed routing grids ...
PHY-1001 : Generate nets ...
PHY-1001 : net clk_50M_dup_1 will be routed on clock mesh
PHY-1001 : clock net U1/scan_clk_syn_4 will be merged with clock U1/scan_clk
PHY-1001 : Current memory(MB): used = 429, reserve = 406, peak = 429.
PHY-1001 : End build detailed router design. 3.707291s wall, 2.000000s user + 0.015625s system = 2.015625s CPU (54.4%)

PHY-1001 : Detail Route ...
PHY-1001 : ===== Detail Route Phase 1 =====
PHY-1001 : Clock net routing.....
PHY-1001 : Routed 0% nets.
PHY-1022 : len = 4920, over cnt = 0(0%), over = 0, worst = 0, crit = 0
PHY-1001 : End initial clock net routed; 0.262354s wall, 0.078125s user + 0.000000s system = 0.078125s CPU (29.8%)

PHY-1001 : Current memory(MB): used = 458, reserve = 436, peak = 458.
PHY-1001 : End phase 1; 0.267246s wall, 0.078125s user + 0.000000s system = 0.078125s CPU (29.2%)

PHY-1001 : ===== Detail Route Phase 2 =====
PHY-1001 : Initial routing.....
PHY-1001 : Routed 20% nets.
PHY-1001 : Routed 35% nets.
PHY-1001 : Patch 155 net; 0.054609s wall, 0.000000s user + 0.000000s system = 0.000000s CPU (n/a%)

PHY-1022 : len = 14648, over cnt = 16(0%), over = 16, worst = 1, crit = 0
PHY-1001 : Current memory(MB): used = 458, reserve = 436, peak = 458.
PHY-1001 : End initial routed; 0.076701s wall, 0.000000s user + 0.000000s system = 0.000000s CPU (n/a%)

PHY-1001 : Update timing.....
PHY-1001 : 0/268(0%) critical/total net(s).
RUN-1001 : ------------------------------------------
RUN-1001 :   Type   |    WNS(ns)    |  TNS(ns)  |  FEP  
RUN-1001 : ------------------------------------------
RUN-1001 :   Setup  |  2147483.647  |   0.000   |   0   
RUN-1001 :   Hold   |  2147483.647  |   0.000   |   0   
RUN-1001 : ------------------------------------------
PHY-1001 : End update timing; 0.145162s wall, 0.093750s user + 0.000000s system = 0.093750s CPU (64.6%)

PHY-1001 : Current memory(MB): used = 458, reserve = 436, peak = 458.
PHY-1001 : End phase 2; 0.221950s wall, 0.093750s user + 0.000000s system = 0.093750s CPU (42.2%)

PHY-1001 : ===== Detail Route Phase 3 =====
PHY-1001 : Optimize timing.....
PHY-1022 : len = 14648, over cnt = 16(0%), over = 16, worst = 1, crit = 0
PHY-1001 : End optimize timing; 0.004273s wall, 0.000000s user + 0.000000s system = 0.000000s CPU (n/a%)

PHY-1001 : Ripup-reroute.....
PHY-1001 : ===== DR Iter 1 =====
PHY-1022 : len = 14696, over cnt = 2(0%), over = 2, worst = 1, crit = 0
PHY-1001 : End DR Iter 1; 0.016217s wall, 0.000000s user + 0.015625s system = 0.015625s CPU (96.4%)

PHY-1001 : ===== DR Iter 2 =====
PHY-1022 : len = 14728, over cnt = 0(0%), over = 0, worst = 0, crit = 0
PHY-1001 : End DR Iter 2; 0.010110s wall, 0.000000s user + 0.000000s system = 0.000000s CPU (n/a%)

PHY-1001 : Update timing.....
PHY-1001 : 0/268(0%) critical/total net(s).
RUN-1001 : ------------------------------------------
RUN-1001 :   Type   |    WNS(ns)    |  TNS(ns)  |  FEP  
RUN-1001 : ------------------------------------------
RUN-1001 :   Setup  |  2147483.647  |   0.000   |   0   
RUN-1001 :   Hold   |  2147483.647  |   0.000   |   0   
RUN-1001 : ------------------------------------------
PHY-1001 : End update timing; 0.135740s wall, 0.093750s user + 0.000000s system = 0.093750s CPU (69.1%)

PHY-1001 : Commit to database.....
PHY-1001 : 4 feed throughs used by 4 nets
PHY-1001 : End commit to database; 0.034019s wall, 0.031250s user + 0.000000s system = 0.031250s CPU (91.9%)

PHY-1001 : Current memory(MB): used = 468, reserve = 445, peak = 468.
PHY-1001 : End phase 3; 0.304646s wall, 0.156250s user + 0.015625s system = 0.171875s CPU (56.4%)

PHY-1003 : Routed, final wirelength = 14728
PHY-1001 : Current memory(MB): used = 468, reserve = 445, peak = 468.
PHY-1001 : End export database. 0.005536s wall, 0.015625s user + 0.000000s system = 0.015625s CPU (282.2%)

PHY-1001 : End detail routing;  4.696368s wall, 2.468750s user + 0.031250s system = 2.500000s CPU (53.2%)

RUN-1003 : finish command "route" in  4.946594s wall, 2.593750s user + 0.046875s system = 2.640625s CPU (53.4%)

RUN-1004 : used memory is 412 MB, reserved memory is 387 MB, peak memory is 468 MB
RUN-1002 : start command "report_area -io_info -file display_phy.area"
RUN-1001 : standard
***Report Model: keyboard_instance Device: EG4S20BG256***

IO Statistics
#IO                        23
  #input                    6
  #output                  17
  #inout                    0

Utilization Statistics
#lut                      173   out of  19600    0.88%
#reg                      135   out of  19600    0.69%
#le                       191
  #lut only                56   out of    191   29.32%
  #reg only                18   out of    191    9.42%
  #lut&reg                117   out of    191   61.26%
#dsp                        0   out of     29    0.00%
#bram                       0   out of     64    0.00%
  #bram9k                   0
  #fifo9k                   0
#bram32k                    0   out of     16    0.00%
#pad                       23   out of    188   12.23%
  #ireg                     0
  #oreg                     0
  #treg                     0
#pll                        0   out of      4    0.00%
#gclk                       2   out of     16   12.50%

Clock Resource Statistics
Index     ClockNet         Type               DriverType         Driver                      Fanout
#1        clk_50M_dup_1    GCLK               io                 clk_50M_syn_2.di            63
#2        U1/scan_clk      GCLK               lslice             U1/scan_clk_reg_syn_9.q1    11


Detailed IO Report

        Name           Direction    Location    IOStandard    DriveStrength    PullType    PackReg  
        RSTn             INPUT         A9        LVCMOS33          N/A          PULLUP      NONE    
       clk_50M           INPUT         R7        LVCMOS33          N/A          PULLUP      NONE    
       col[3]            INPUT        F10        LVCMOS33          N/A          PULLUP      NONE    
       col[2]            INPUT        C11        LVCMOS33          N/A          PULLUP      NONE    
       col[1]            INPUT        D11        LVCMOS33          N/A          PULLUP      NONE    
       col[0]            INPUT        E11        LVCMOS33          N/A          PULLUP      NONE    
  DigitronCS_Out[3]     OUTPUT         A3        LVCMOS33           8            NONE       NONE    
  DigitronCS_Out[2]     OUTPUT         A5        LVCMOS33           8            NONE       NONE    
  DigitronCS_Out[1]     OUTPUT         B6        LVCMOS33           8            NONE       NONE    
  DigitronCS_Out[0]     OUTPUT         C9        LVCMOS33           8            NONE       NONE    
   Digitron_Out[7]      OUTPUT         C8        LVCMOS33           8            NONE       NONE    
   Digitron_Out[6]      OUTPUT         A8        LVCMOS33           8            NONE       NONE    
   Digitron_Out[5]      OUTPUT         B5        LVCMOS33           8            NONE       NONE    
   Digitron_Out[4]      OUTPUT         A7        LVCMOS33           8            NONE       NONE    
   Digitron_Out[3]      OUTPUT         E8        LVCMOS33           8            NONE       NONE    
   Digitron_Out[2]      OUTPUT         B8        LVCMOS33           8            NONE       NONE    
   Digitron_Out[1]      OUTPUT         A6        LVCMOS33           8            NONE       NONE    
   Digitron_Out[0]      OUTPUT         A4        LVCMOS33           8            NONE       NONE    
        light           OUTPUT        B14        LVCMOS33           8            NONE       NONE    
       row[3]           OUTPUT         D9        LVCMOS33           8            NONE       NONE    
       row[2]           OUTPUT         F9        LVCMOS33           8            NONE       NONE    
       row[1]           OUTPUT        C10        LVCMOS33           8            NONE       NONE    
       row[0]           OUTPUT        E10        LVCMOS33           8            NONE       NONE    

Report Hierarchy Area:
+-------------------------------------------------------------------------------------------+
|Instance |Module                      |le     |lut     |ripple  |seq     |bram    |dsp     |
+-------------------------------------------------------------------------------------------+
|top      |keyboard_instance           |191    |148     |25      |135     |0       |0       |
|  U1     |keyboard_scan               |71     |59      |9       |53      |0       |0       |
|  U2     |key_filter                  |60     |39      |6       |50      |0       |0       |
|  U3     |onehot2binary               |25     |25      |0       |16      |0       |0       |
|  U5     |Digitron_TimeDisplay_module |30     |20      |10      |16      |0       |0       |
+-------------------------------------------------------------------------------------------+


DataNet Average Fanout:

   Index     Fanout    Nets  
    #1         1       146   
    #2         2        93   
    #3         3        13   
    #4         4        11   
    #5        5-10      22   
    #6       11-50      3    
  Average     2.20           

RUN-1002 : start command "export_db display_pr.db"
RUN-1001 : Exported /
RUN-1001 : Exported flow parameters
RUN-1001 : Exported libs
RUN-1001 : Exported entities
RUN-1001 : Exported ports
RUN-1001 : Exported pins
RUN-1001 : Exported instances
RUN-1001 : Exported nets
RUN-1001 : Exported buses
RUN-1001 : Exported models
RUN-1001 : Exported congestions
RUN-1001 : Exported violations
RUN-1001 : Exported timing constraints
RUN-1001 : Exported IO constraints
RUN-1001 : Exported Inst constraints
RUN-1002 : start command "export_bid display_inst.bid"
RUN-1002 : start command "bitgen -bit display.bit -unused_io_status pulldown"
BIT-1003 : Start to generate bitstream. 
BIT-1002 : Bitgen processed 165 unused pads, reserve input tri_state with pulldown
BIT-1002 : Init instances with 16 threads.
BIT-1002 : Init instances completely, inst num: 290
BIT-1002 : Init pips with 16 threads.
BIT-1002 : Init pips completely, net num: 315, pip num: 1892
BIT-1002 : Init feedthrough completely, num: 4
BIT-1003 : Multithreading accelaration with 16 threads.
BIT-1003 : Generate bitstream completely, there are 454 valid insts, and 6182 bits set as '1'.
BIT-1004 : PLL setting string = 0000
BIT-1004 : Generate bits file display.bit.
RUN-1003 : finish command "bitgen -bit display.bit -unused_io_status pulldown" in  1.195217s wall, 3.937500s user + 0.062500s system = 4.000000s CPU (334.7%)

RUN-1004 : used memory is 419 MB, reserved memory is 397 MB, peak memory is 614 MB
RUN-1002 : start command "backup_run_log run.log ../.logs/phy_1/td_20240826_230345.log"
