============================================================
   Tang Dynasty, V5.6.59063
   Copyright (c) 2012-2022 Anlogic
   Executable = E:/Anlogic/TD5.6.59063/bin/td.exe
   Built at =   12:45:13 Sep  6 2022
   Run by =     19234
   Run Date =   Tue Aug 27 01:29:30 2024

   Run on =     ERIKPSW
============================================================
RUN-1002 : start command "open_project display.prj"
RUN-1001 : Print Global Property
RUN-1001 : ---------------------------------------------------------------
RUN-1001 :        Parameters        |  Settings  |  Default Values  |  Note  
RUN-1001 : ---------------------------------------------------------------
RUN-1001 :          message         |  standard  |     standard     |        
RUN-1001 :   mixed_pack_place_flow  |     on     |        on        |        
RUN-1001 :        qor_monitor       |    off     |       off        |        
RUN-1001 :        syn_ip_flow       |    off     |       off        |        
RUN-1001 :          thread          |    auto    |       auto       |        
RUN-1001 : ---------------------------------------------------------------
RUN-1001 : Print Design Property
RUN-1001 : --------------------------------------------------------------
RUN-1001 :        Parameters       |  Settings  |  Default Values  |  Note  
RUN-1001 : --------------------------------------------------------------
RUN-1001 :   default_reg_initial   |    auto    |       auto       |        
RUN-1001 :        infer_add        |     on     |        on        |        
RUN-1001 :        infer_fsm        |    off     |       off        |        
RUN-1001 :        infer_mult       |     on     |        on        |        
RUN-1001 :        infer_ram        |     on     |        on        |        
RUN-1001 :        infer_reg        |     on     |        on        |        
RUN-1001 :   infer_reg_init_value  |     on     |        on        |        
RUN-1001 :        infer_rom        |     on     |        on        |        
RUN-1001 :      infer_shifter      |     on     |        on        |        
RUN-1001 : --------------------------------------------------------------
RUN-1001 : Print Rtl Property
RUN-1001 : --------------------------------------------------------------
RUN-1001 :        Parameters       |  Settings  |  Default Values  |  Note  
RUN-1001 : --------------------------------------------------------------
RUN-1001 :       compress_add      |   ripple   |      ripple      |        
RUN-1001 :        elf_sload        |    off     |       off        |        
RUN-1001 :       fix_undriven      |     0      |        0         |        
RUN-1001 :         flatten         |    off     |       off        |        
RUN-1001 :       gate_sharing      |     on     |        on        |        
RUN-1001 :    hdl_warning_level    |   normal   |      normal      |        
RUN-1001 :   impl_internal_tribuf  |     on     |        on        |        
RUN-1001 :      impl_set_reset     |     on     |        on        |        
RUN-1001 :        infer_gsr        |    off     |       off        |        
RUN-1001 :      keep_hierarchy     |    auto    |       auto       |        
RUN-1001 :        max_fanout       |    9999    |       9999       |        
RUN-1001 :      max_oh2bin_len     |     10     |        10        |        
RUN-1001 :       merge_equal       |     on     |        on        |        
RUN-1001 :       merge_equiv       |     on     |        on        |        
RUN-1001 :        merge_mux        |    off     |       off        |        
RUN-1001 :     min_control_set     |     8      |        8         |        
RUN-1001 :      min_ripple_len     |    auto    |       auto       |        
RUN-1001 :       oh2bin_ratio      |    0.08    |       0.08       |        
RUN-1001 :     opt_adder_fanout    |     on     |        on        |        
RUN-1001 :        opt_arith        |     on     |        on        |        
RUN-1001 :       opt_big_gate      |    off     |       off        |        
RUN-1001 :        opt_const        |     on     |        on        |        
RUN-1001 :      opt_const_mult     |     on     |        on        |        
RUN-1001 :       opt_lessthan      |     on     |        on        |        
RUN-1001 :         opt_mux         |    off     |       off        |        
RUN-1001 :         opt_ram         |    high    |       high       |        
RUN-1001 :      rtl_sim_model      |    off     |       off        |        
RUN-1001 :         seq_syn         |     on     |        on        |        
RUN-1001 : --------------------------------------------------------------
HDL-1007 : analyze verilog file ../../keyboard_instance.v
HDL-1007 : undeclared symbol 'clo', assumed default net type 'wire' in ../../keyboard_instance.v(18)
HDL-1007 : analyze verilog file ../../keyboard_scan.v
HDL-1007 : analyze verilog file ../../onehot2binary.v
HDL-1007 : analyze verilog file ../../key_filter.v
HDL-1007 : analyze verilog file ../../Digitron_TimeDisplay_module.v
RUN-1001 : Project manager successfully analyzed 5 source files.
RUN-1002 : start command "import_device eagle_s20.db -package EG4S20BG256"
ARC-1001 : Device Initialization.
ARC-1001 : ------------------------------------------------------------------
ARC-1001 :            OPTION            |          IO          |   SETTING   
ARC-1001 : ------------------------------------------------------------------
ARC-1001 :   cso_b/cclk/mosi/miso/dout  |  T3/R11/T10/P10/S11  |    gpio    
ARC-1001 :             done             |         P13          |    gpio    
ARC-1001 :           program_b          |          T2          |  dedicate  
ARC-1001 :        tdi/tms/tck/tdo       |   C12/A15/C14/E14    |  dedicate  
ARC-1001 : ------------------------------------------------------------------
ARC-1004 : Device setting, marked 5 dedicate IOs in total.
RUN-1002 : start command "import_db ../syn_1/display_gate.db"
RUN-1001 : Importing database generated by Tang Dynasty, V5.6.59063.
RUN-1001 : Database version number 46140.
RUN-1001 : Import flow parameters
RUN-1001 : Import timing constraints
RUN-1001 : Import IO constraints
RUN-1001 : Import Inst constraints
RUN-1001 : Import design success TD_VERSION=5.6.59063 , DB_VERSION=46140
RUN-1002 : start command "read_sdc"
USR-1002 : read_sdc file_name -help -h -eco
USR-1009 : NO module with IP_SDC ...
RUN-1104 : Import SDC file  finished, there are 0 nets kept by constraints.
RUN-1002 : start command "place"
RUN-1001 : Open license file E:/Anlogic/TD5.6.59063/license/Anlogic.lic
RUN-1001 : Print Global Property
RUN-1001 : ---------------------------------------------------------------
RUN-1001 :        Parameters        |  Settings  |  Default Values  |  Note  
RUN-1001 : ---------------------------------------------------------------
RUN-1001 :          message         |  standard  |     standard     |        
RUN-1001 :   mixed_pack_place_flow  |     on     |        on        |        
RUN-1001 :        qor_monitor       |    off     |       off        |        
RUN-1001 :        syn_ip_flow       |    off     |       off        |        
RUN-1001 :          thread          |    auto    |       auto       |        
RUN-1001 : ---------------------------------------------------------------
RUN-1001 : Print Place Property
RUN-1001 : --------------------------------------------------------------
RUN-1001 :        Parameters       |  Settings  |  Default Values  |  Note  
RUN-1001 : --------------------------------------------------------------
RUN-1001 :      detailed_place     |     on     |        on        |        
RUN-1001 :          effort         |   medium   |      medium      |        
RUN-1001 :         fix_hold        |    off     |       off        |        
RUN-1001 :       legalization      |    ori     |       ori        |        
RUN-1001 :      new_spreading      |     on     |        on        |        
RUN-1001 :        opt_timing       |   medium   |      medium      |        
RUN-1001 :   post_clock_route_opt  |    off     |       off        |        
RUN-1001 :       pr_strategy       |     1      |        1         |        
RUN-1001 :        relaxation       |    1.00    |       1.00       |        
RUN-1001 :         retiming        |    off     |       off        |        
RUN-1001 : --------------------------------------------------------------
PHY-3001 : Placer runs in 16 thread(s).
RUN-1002 : start command "legalize_phy_inst"
SYN-1011 : Flatten model keyboard_instance
SYN-5055 WARNING: The kept net U5/data[11] will be merged to another kept net _al_n1
SYN-5055 WARNING: The kept net U5/data[10] will be merged to another kept net _al_n1
SYN-5055 WARNING: The kept net U5/data[9] will be merged to another kept net _al_n1
SYN-5055 WARNING: The kept net U5/data[8] will be merged to another kept net _al_n1
RUN-1002 : start command "phys_opt -simplify_lut"
SYN-4024 : Net "clk_50M_dup_1" drives clk pins.
SYN-4024 : Net "U1/scan_clk" drives clk pins.
SYN-4025 : Tag rtl::Net U1/scan_clk as clock net
SYN-4025 : Tag rtl::Net clk_50M_dup_1 as clock net
SYN-4026 : Tagged 2 rtl::Net as clock net
SYN-4015 : Create BUFG instance for clk Net U1/scan_clk to drive 4 clock pins.
PHY-1001 : Populate physical database on model keyboard_instance.
RUN-1001 : There are total 119 instances
RUN-0007 : 36 luts, 37 seqs, 10 mslices, 9 lslices, 23 pads, 0 brams, 0 dsps
RUN-1001 : There are total 161 nets
RUN-1001 : 112 nets have 2 pins
RUN-1001 : 40 nets have [3 - 5] pins
RUN-1001 : 7 nets have [6 - 10] pins
RUN-1001 : 2 nets have [21 - 99] pins
RUN-1001 : Report Control nets information:
RUN-1001 : DFF Distribution
RUN-1001 : ----------------------------------
RUN-1001 :   CE   |  SSR  |  ASR  |  DFF Count  
RUN-1001 : ----------------------------------
RUN-1001 :   No   |  No   |  No   |     37      
RUN-1001 :   No   |  No   |  Yes  |      0      
RUN-1001 :   No   |  Yes  |  No   |      0      
RUN-1001 :   Yes  |  No   |  No   |      0      
RUN-1001 :   Yes  |  No   |  Yes  |      0      
RUN-1001 :   Yes  |  Yes  |  No   |      0      
RUN-1001 : ----------------------------------
RUN-0007 : Control Group Statistic
RUN-0007 : ---------------------------
RUN-0007 :   #CLK  |  #CE  |  #SSR/ASR  
RUN-0007 : ---------------------------
RUN-0007 :    2    |   1   |     1      
RUN-0007 : ---------------------------
RUN-0007 : Control Set = 2
PHY-3001 : Initial placement ...
PHY-3001 : design contains 117 instances, 36 luts, 37 seqs, 19 slices, 2 macros(19 instances: 10 mslices 9 lslices)
PHY-0007 : Cell area utilization is 0%
PHY-3001 : Start timing update ...
RUN-1002 : start command "start_timer -report"
TMR-2505 : Start building timing graph for model keyboard_instance.
TMR-2506 : Build timing graph completely. Port num: 7, tpin num: 450, tnet num: 159, tinst num: 117, tnode num: 549, tedge num: 722.
TMR-2508 : Levelizing timing graph completed, there are 21 levels in total.
TMR-2501 : Timing graph initialized successfully.
TMR-2503 : Start to update net delay, extr mode = 2.
TMR-2504 : Update delay of 159 nets completely.
TMR-2502 : Annotate delay completely, extr mode = 2.
TMR-3001 : Initiate 0 clocks from SDC.
TMR-3004 : Map sdc constraints, there are 0 constraints in total.
TMR-3003 : Constraints initiated successfully.
TMR-3501 : Forward propagation: start to calculate arrival time...
TMR-3502 : Backward propagation: start to calculate required time...
TMR-3503 : Timing propagation completes.
PHY-3001 : End timing update;  0.108109s wall, 0.062500s user + 0.000000s system = 0.062500s CPU (57.8%)

PHY-3001 : Global placement ...
PHY-3001 : Initial: Len = 40764.4
PHY-3001 : Clustering ...
PHY-3001 : Level 0 #clusters 117.
PHY-3001 : End clustering;  0.000022s wall, 0.000000s user + 0.000000s system = 0.000000s CPU (n/a%)

PHY-3001 : Run with size of 4
PHY-3001 : Cell area utilization is 0%
PHY-3001 : :::0::: Try harder cell spreading with beta_ = 0
PHY-3002 : Step(1): len = 25068, overlap = 0
PHY-3002 : Step(2): len = 20056.8, overlap = 0
PHY-3002 : Step(3): len = 14415.5, overlap = 0
PHY-3002 : Step(4): len = 11179.5, overlap = 0
PHY-3002 : Step(5): len = 9294.6, overlap = 0
PHY-3002 : Step(6): len = 8238.1, overlap = 0
PHY-3002 : Step(7): len = 7951.9, overlap = 0
PHY-3002 : Step(8): len = 7433.5, overlap = 0
PHY-3002 : Step(9): len = 6801.6, overlap = 0
PHY-3002 : Step(10): len = 6847.5, overlap = 0
PHY-3002 : Step(11): len = 5893.4, overlap = 0
PHY-3002 : Step(12): len = 4676.8, overlap = 0
PHY-3002 : Step(13): len = 3782.2, overlap = 0
PHY-3002 : Step(14): len = 3625.8, overlap = 0
PHY-3002 : Step(15): len = 3546, overlap = 0
PHY-3002 : Step(16): len = 3054.5, overlap = 0
PHY-3002 : Step(17): len = 3172.7, overlap = 0
PHY-3002 : Step(18): len = 2640.6, overlap = 0
PHY-3002 : Step(19): len = 2505.5, overlap = 0
PHY-3002 : Step(20): len = 2662.8, overlap = 0
PHY-3002 : Step(21): len = 2302.4, overlap = 0
PHY-3002 : Step(22): len = 2345.7, overlap = 0
PHY-3002 : Step(23): len = 1951.5, overlap = 0
PHY-3002 : Step(24): len = 1870.4, overlap = 0
PHY-3002 : Step(25): len = 1758.5, overlap = 0
PHY-3002 : Step(26): len = 1755.9, overlap = 0
PHY-3002 : Step(27): len = 1604.3, overlap = 0
PHY-3002 : Step(28): len = 1607.3, overlap = 0
PHY-3002 : Step(29): len = 1607.3, overlap = 0
PHY-3001 : Legalization ...
PHY-3001 : End legalization;  0.004090s wall, 0.000000s user + 0.000000s system = 0.000000s CPU (n/a%)

PHY-3001 : Run with size of 4
PHY-3001 : Cell area utilization is 0%
PHY-3001 : Update timing in Manhattan mode ...
TMR-2503 : Start to update net delay, extr mode = 3.
TMR-2504 : Update delay of 159 nets completely.
TMR-2502 : Annotate delay completely, extr mode = 3.
TMR-3501 : Forward propagation: start to calculate arrival time...
TMR-3502 : Backward propagation: start to calculate required time...
TMR-3503 : Timing propagation completes.
PHY-3001 : End timing update;  0.001212s wall, 0.000000s user + 0.000000s system = 0.000000s CPU (n/a%)

PHY-3001 : :::0::: Try harder cell spreading with beta_ = 0
PHY-3002 : Step(30): len = 1537.4, overlap = 0
PHY-3002 : Step(31): len = 1546.7, overlap = 0
PHY-3002 : Step(32): len = 1579.9, overlap = 0
PHY-3001 : Run with size of 2
PHY-3001 : Cell area utilization is 0%
PHY-3001 : Update timing in Manhattan mode ...
TMR-2503 : Start to update net delay, extr mode = 3.
TMR-2504 : Update delay of 159 nets completely.
TMR-2502 : Annotate delay completely, extr mode = 3.
TMR-3501 : Forward propagation: start to calculate arrival time...
TMR-3502 : Backward propagation: start to calculate required time...
TMR-3503 : Timing propagation completes.
PHY-3001 : End timing update;  0.001213s wall, 0.000000s user + 0.000000s system = 0.000000s CPU (n/a%)

PHY-3001 : :::0::: Try harder cell spreading with beta_ = 0
PHY-3002 : Step(33): len = 1531.6, overlap = 0
PHY-3002 : Step(34): len = 1531.6, overlap = 0
PHY-3002 : Step(35): len = 1517.2, overlap = 0
PHY-3002 : Step(36): len = 1521.9, overlap = 0
PHY-3002 : Step(37): len = 1572.7, overlap = 0.5625
PHY-3002 : Step(38): len = 1598.6, overlap = 0.5625
PHY-3002 : Step(39): len = 1552.8, overlap = 1.6875
PHY-3002 : Step(40): len = 1561.2, overlap = 1.5625
PHY-3002 : Step(41): len = 1489.9, overlap = 2.25
PHY-3002 : Step(42): len = 1575.3, overlap = 2.625
PHY-3002 : Step(43): len = 1611.6, overlap = 2.03125
PHY-3002 : Step(44): len = 1541.8, overlap = 0
PHY-3002 : Step(45): len = 1417.3, overlap = 0
PHY-3002 : Step(46): len = 1428.3, overlap = 0
PHY-3002 : Step(47): len = 1467.9, overlap = 0
PHY-3002 : Step(48): len = 1480.4, overlap = 0
PHY-3002 : Step(49): len = 1413.8, overlap = 0
PHY-3002 : Step(50): len = 1432.8, overlap = 0
PHY-3002 : Step(51): len = 1456.5, overlap = 0
PHY-3002 : Step(52): len = 1469.6, overlap = 0
PHY-3002 : Step(53): len = 1455.6, overlap = 0
PHY-3002 : Step(54): len = 1459.7, overlap = 0
PHY-3002 : Step(55): len = 1492.9, overlap = 0
PHY-3002 : Step(56): len = 1481.4, overlap = 0
PHY-3002 : Step(57): len = 1481.9, overlap = 0
PHY-3002 : Step(58): len = 1447.2, overlap = 0
PHY-3002 : Step(59): len = 1425.6, overlap = 0
PHY-3002 : Step(60): len = 1454.3, overlap = 0
PHY-3002 : Step(61): len = 1480.7, overlap = 0
PHY-3002 : Step(62): len = 1514.4, overlap = 0
PHY-3002 : Step(63): len = 1397.7, overlap = 0
PHY-3002 : Step(64): len = 1435.7, overlap = 0
PHY-3002 : Step(65): len = 1413.7, overlap = 0.5
PHY-3002 : Step(66): len = 1395.2, overlap = 0.5
PHY-3002 : Step(67): len = 1433.7, overlap = 0.5
PHY-3002 : Step(68): len = 1315.4, overlap = 0.5
PHY-3002 : Step(69): len = 1325.3, overlap = 0.5
PHY-3002 : Step(70): len = 1365, overlap = 0.5
PHY-3002 : Step(71): len = 1416.1, overlap = 0.5
PHY-3002 : Step(72): len = 1457.3, overlap = 0.5
PHY-3002 : Step(73): len = 1305.1, overlap = 0.5
PHY-3002 : Step(74): len = 1327.1, overlap = 0.5
PHY-3002 : Step(75): len = 1370.5, overlap = 0
PHY-3002 : Step(76): len = 1268.7, overlap = 0
PHY-3002 : Step(77): len = 1166.5, overlap = 0
PHY-3002 : Step(78): len = 1158.1, overlap = 0
PHY-3002 : Step(79): len = 1161.6, overlap = 0
PHY-3002 : Step(80): len = 1169.6, overlap = 0
PHY-3002 : Step(81): len = 1159.9, overlap = 0
PHY-3002 : Step(82): len = 1110.9, overlap = 0
PHY-3002 : Step(83): len = 1119.9, overlap = 0
PHY-3002 : Step(84): len = 1111.8, overlap = 0
PHY-3002 : Step(85): len = 1079.5, overlap = 1.8125
PHY-3002 : Step(86): len = 1032.8, overlap = 2.5
PHY-3002 : Step(87): len = 1037.6, overlap = 2.4375
PHY-3002 : Step(88): len = 1062.6, overlap = 2.4375
PHY-3002 : Step(89): len = 1070, overlap = 2.5625
PHY-3002 : Step(90): len = 1061.7, overlap = 2.5625
PHY-3002 : Step(91): len = 1065.5, overlap = 2.5625
PHY-3002 : Step(92): len = 1072.7, overlap = 2.625
OPT-1001 : Start physical optimization ...
RUN-1002 : start command "start_timer -report"
TMR-2505 : Start building timing graph for model keyboard_instance.
TMR-2506 : Build timing graph completely. Port num: 7, tpin num: 450, tnet num: 159, tinst num: 117, tnode num: 549, tedge num: 722.
TMR-2508 : Levelizing timing graph completed, there are 21 levels in total.
TMR-2501 : Timing graph initialized successfully.
OPT-1001 : Total overflow 8.28 peak overflow 2.12
OPT-1001 : Start high-fanout net optimization ...
OPT-1001 : Update timing in global mode
PHY-1001 : Start incremental global routing, caller is place ...
RUN-1001 : Generating global routing grids ...
RUN-1001 : Building simple global routing graph ...
PHY-1001 : Generate routing nets ...
PHY-1001 : Reuse net number 0/161.
PHY-1001 : Global iterations in 16 thread ...
PHY-1002 : len = 1080, over cnt = 3(0%), over = 6, worst = 2
PHY-1001 : End global iterations;  0.003705s wall, 0.000000s user + 0.000000s system = 0.000000s CPU (n/a%)

PHY-1001 : Congestion index: top1 = 3.96, top5 = 0.88, top10 = 0.44, top15 = 0.29.
PHY-1001 : End incremental global routing;  0.058249s wall, 0.000000s user + 0.000000s system = 0.000000s CPU (n/a%)

TMR-2503 : Start to update net delay, extr mode = 5.
TMR-2504 : Update delay of 159 nets completely.
TMR-2502 : Annotate delay completely, extr mode = 5.
TMR-3001 : Initiate 0 clocks from SDC.
TMR-3004 : Map sdc constraints, there are 0 constraints in total.
TMR-3003 : Constraints initiated successfully.
TMR-3501 : Forward propagation: start to calculate arrival time...
TMR-3502 : Backward propagation: start to calculate required time...
TMR-3503 : Timing propagation completes.
OPT-1001 : End timing update;  0.002515s wall, 0.000000s user + 0.000000s system = 0.000000s CPU (n/a%)

OPT-1001 : 0 high-fanout net processed.
OPT-1001 : End high-fanout net optimization;  0.062461s wall, 0.015625s user + 0.000000s system = 0.015625s CPU (25.0%)

OPT-1001 : Current memory(MB): used = 138, reserve = 109, peak = 138.
OPT-1001 : Start global optimization ...
OPT-1001 : Start congestion update ...
RUN-1001 : Generating global routing grids ...
PHY-1001 : Generate routing nets ...
PHY-1001 : Reuse net number 46/161.
PHY-1001 : Global iterations in 16 thread ...
PHY-1002 : len = 1080, over cnt = 3(0%), over = 6, worst = 2
PHY-1002 : len = 1112, over cnt = 0(0%), over = 0, worst = 0
PHY-1001 : End global iterations;  0.004926s wall, 0.000000s user + 0.000000s system = 0.000000s CPU (n/a%)

PHY-1001 : Congestion index: top1 = 3.96, top5 = 0.88, top10 = 0.44, top15 = 0.29.
OPT-1001 : End congestion update;  0.055843s wall, 0.000000s user + 0.000000s system = 0.000000s CPU (n/a%)

OPT-1001 : Update timing in Manhattan mode
TMR-2503 : Start to update net delay, extr mode = 3.
TMR-2504 : Update delay of 159 nets completely.
TMR-2502 : Annotate delay completely, extr mode = 3.
TMR-3501 : Forward propagation: start to calculate arrival time...
TMR-3502 : Backward propagation: start to calculate required time...
TMR-3503 : Timing propagation completes.
OPT-1001 : End timing update;  0.001189s wall, 0.000000s user + 0.000000s system = 0.000000s CPU (n/a%)

OPT-0007 : Start: WNS 2147483647 TNS 0 NUM_FEPS 0
OPT-1001 : End global optimization;  0.057100s wall, 0.000000s user + 0.000000s system = 0.000000s CPU (n/a%)

OPT-1001 : Current memory(MB): used = 138, reserve = 109, peak = 138.
OPT-1001 : End physical optimization;  0.229419s wall, 0.015625s user + 0.000000s system = 0.015625s CPU (6.8%)

PHY-3001 : Start packing ...
SYN-4007 : Packing 0 MUX to BLE ...
SYN-4008 : Packed 0 MUX and 0 SEQ to BLE.
SYN-4007 : Packing 36 LUT to BLE ...
SYN-4008 : Packed 36 LUT and 11 SEQ to BLE.
SYN-4003 : Packing 26 remaining SEQ's ...
SYN-4005 : Packed 13 SEQ with LUT/SLICE
SYN-4006 : 14 single LUT's are left
SYN-4006 : 13 single SEQ's are left
SYN-4011 : Packing model "keyboard_instance" (AL_USER_NORMAL) with 49/95 primitive instances ...
PHY-3001 : End packing;  0.002661s wall, 0.000000s user + 0.000000s system = 0.000000s CPU (n/a%)

PHY-1001 : Populate physical database on model keyboard_instance.
RUN-1001 : There are total 72 instances
RUN-1001 : 22 mslices, 23 lslices, 23 pads, 0 brams, 0 dsps
RUN-1001 : There are total 150 nets
RUN-1001 : 101 nets have 2 pins
RUN-1001 : 40 nets have [3 - 5] pins
RUN-1001 : 7 nets have [6 - 10] pins
RUN-1001 : 2 nets have [21 - 99] pins
PHY-3001 : design contains 70 instances, 45 slices, 2 macros(19 instances: 10 mslices 9 lslices)
PHY-3001 : Cell area utilization is 0%
PHY-3001 : After packing: Len = 1291.2, Over = 3.75
PHY-3001 : Run with size of 2
PHY-3001 : Cell area utilization is 0%
PHY-3001 : Update timing in Manhattan mode ...
RUN-1002 : start command "start_timer -report"
TMR-2505 : Start building timing graph for model keyboard_instance.
TMR-2506 : Build timing graph completely. Port num: 7, tpin num: 411, tnet num: 148, tinst num: 70, tnode num: 493, tedge num: 683.
TMR-2508 : Levelizing timing graph completed, there are 21 levels in total.
TMR-2501 : Timing graph initialized successfully.
TMR-2503 : Start to update net delay, extr mode = 3.
TMR-2504 : Update delay of 148 nets completely.
TMR-2502 : Annotate delay completely, extr mode = 3.
TMR-3001 : Initiate 0 clocks from SDC.
TMR-3004 : Map sdc constraints, there are 0 constraints in total.
TMR-3003 : Constraints initiated successfully.
TMR-3501 : Forward propagation: start to calculate arrival time...
TMR-3502 : Backward propagation: start to calculate required time...
TMR-3503 : Timing propagation completes.
PHY-3001 : End timing update;  0.112223s wall, 0.093750s user + 0.000000s system = 0.093750s CPU (83.5%)

PHY-3001 : :::0::: Try harder cell spreading with beta_ = 0.0180923
PHY-3002 : Step(93): len = 1264.1, overlap = 3.75
PHY-3002 : Step(94): len = 1269.1, overlap = 3.75
PHY-3002 : Step(95): len = 1266.5, overlap = 4
PHY-3001 : Legalization ...
PHY-3001 : End legalization;  0.017393s wall, 0.000000s user + 0.000000s system = 0.000000s CPU (n/a%)

PHY-3001 : Trial Legalized: Len = 2820.2
PHY-3001 : Run with size of 2
PHY-3001 : Cell area utilization is 0%
PHY-3001 : Update timing in Manhattan mode ...
TMR-2503 : Start to update net delay, extr mode = 3.
TMR-2504 : Update delay of 148 nets completely.
TMR-2502 : Annotate delay completely, extr mode = 3.
TMR-3501 : Forward propagation: start to calculate arrival time...
TMR-3502 : Backward propagation: start to calculate required time...
TMR-3503 : Timing propagation completes.
PHY-3001 : End timing update;  0.001229s wall, 0.000000s user + 0.000000s system = 0.000000s CPU (n/a%)

PHY-3001 : :::0::: Try harder cell spreading with beta_ = 0
PHY-3002 : Step(96): len = 1836.8, overlap = 0.75
PHY-3002 : Step(97): len = 1539.9, overlap = 0.25
PHY-3002 : Step(98): len = 1323.9, overlap = 0
PHY-3002 : Step(99): len = 1321.6, overlap = 0
PHY-3002 : Step(100): len = 1313.2, overlap = 0
PHY-3001 : Legalization ...
PHY-3001 : End legalization;  0.004917s wall, 0.000000s user + 0.000000s system = 0.000000s CPU (n/a%)

PHY-3001 : Legalized: Len = 1750, Over = 0
PHY-3001 : End spreading;  0.001860s wall, 0.000000s user + 0.000000s system = 0.000000s CPU (n/a%)

PHY-3001 : Final: Len = 1750, Over = 0
OPT-1001 : Start physical optimization ...
RUN-1002 : start command "start_timer -report"
TMR-2505 : Start building timing graph for model keyboard_instance.
TMR-2506 : Build timing graph completely. Port num: 7, tpin num: 411, tnet num: 148, tinst num: 70, tnode num: 493, tedge num: 683.
TMR-2508 : Levelizing timing graph completed, there are 21 levels in total.
TMR-2501 : Timing graph initialized successfully.
OPT-1001 : Total overflow 0.00 peak overflow 0.00
OPT-1001 : Start high-fanout net optimization ...
OPT-1001 : Update timing in global mode
PHY-1001 : Start incremental global routing, caller is place ...
RUN-1001 : Generating global routing grids ...
PHY-1001 : Generate routing nets ...
PHY-1001 : Reuse net number 20/150.
PHY-1001 : Global iterations in 16 thread ...
PHY-1002 : len = 1768, over cnt = 8(0%), over = 22, worst = 6
PHY-1002 : len = 1992, over cnt = 8(0%), over = 8, worst = 1
PHY-1002 : len = 2120, over cnt = 0(0%), over = 0, worst = 0
PHY-1001 : End global iterations;  0.012471s wall, 0.000000s user + 0.000000s system = 0.000000s CPU (n/a%)

PHY-1001 : Congestion index: top1 = 7.56, top5 = 1.72, top10 = 0.86, top15 = 0.57.
PHY-1001 : End incremental global routing;  0.048917s wall, 0.015625s user + 0.000000s system = 0.015625s CPU (31.9%)

TMR-2503 : Start to update net delay, extr mode = 5.
TMR-2504 : Update delay of 148 nets completely.
TMR-2502 : Annotate delay completely, extr mode = 5.
TMR-3001 : Initiate 0 clocks from SDC.
TMR-3004 : Map sdc constraints, there are 0 constraints in total.
TMR-3003 : Constraints initiated successfully.
TMR-3501 : Forward propagation: start to calculate arrival time...
TMR-3502 : Backward propagation: start to calculate required time...
TMR-3503 : Timing propagation completes.
OPT-1001 : End timing update;  0.001754s wall, 0.015625s user + 0.000000s system = 0.015625s CPU (890.7%)

OPT-1001 : 0 high-fanout net processed.
OPT-1001 : End high-fanout net optimization;  0.051804s wall, 0.031250s user + 0.000000s system = 0.031250s CPU (60.3%)

OPT-1001 : Current memory(MB): used = 139, reserve = 110, peak = 140.
OPT-1001 : Start path based optimization ...
OPT-1001 : Start congestion update ...
RUN-1001 : Generating global routing grids ...
PHY-1001 : Generate routing nets ...
PHY-1001 : Reuse net number 96/150.
PHY-1001 : Global iterations in 16 thread ...
PHY-1002 : len = 2120, over cnt = 0(0%), over = 0, worst = 0
PHY-1001 : End global iterations;  0.000755s wall, 0.000000s user + 0.000000s system = 0.000000s CPU (n/a%)

PHY-1001 : Congestion index: top1 = 7.56, top5 = 1.72, top10 = 0.86, top15 = 0.57.
OPT-1001 : End congestion update;  0.037346s wall, 0.000000s user + 0.000000s system = 0.000000s CPU (n/a%)

OPT-1001 : Update timing in Manhattan mode
TMR-2503 : Start to update net delay, extr mode = 3.
TMR-2504 : Update delay of 148 nets completely.
TMR-2502 : Annotate delay completely, extr mode = 3.
TMR-3501 : Forward propagation: start to calculate arrival time...
TMR-3502 : Backward propagation: start to calculate required time...
TMR-3503 : Timing propagation completes.
OPT-1001 : End timing update;  0.002238s wall, 0.000000s user + 0.000000s system = 0.000000s CPU (n/a%)

OPT-0007 : Start: WNS 2147483647 TNS 0 NUM_FEPS 0
OPT-1001 : End path based optimization;  0.039694s wall, 0.000000s user + 0.000000s system = 0.000000s CPU (n/a%)

OPT-1001 : Current memory(MB): used = 139, reserve = 110, peak = 140.
OPT-1001 : Update timing in Manhattan mode
TMR-2503 : Start to update net delay, extr mode = 3.
TMR-2504 : Update delay of 148 nets completely.
TMR-2502 : Annotate delay completely, extr mode = 3.
TMR-3501 : Forward propagation: start to calculate arrival time...
TMR-3502 : Backward propagation: start to calculate required time...
TMR-3503 : Timing propagation completes.
OPT-1001 : End timing update;  0.001846s wall, 0.000000s user + 0.000000s system = 0.000000s CPU (n/a%)

OPT-1001 : Start pin optimization...
OPT-1001 : skip pin optimization...
OPT-1001 : Update timing in global mode
PHY-1001 : Start incremental global routing, caller is place ...
RUN-1001 : Generating global routing grids ...
PHY-1001 : Generate routing nets ...
PHY-1001 : Reuse net number 96/150.
PHY-1001 : Global iterations in 16 thread ...
PHY-1002 : len = 2120, over cnt = 0(0%), over = 0, worst = 0
PHY-1001 : End global iterations;  0.001445s wall, 0.000000s user + 0.000000s system = 0.000000s CPU (n/a%)

PHY-1001 : Congestion index: top1 = 7.56, top5 = 1.72, top10 = 0.86, top15 = 0.57.
PHY-1001 : End incremental global routing;  0.053921s wall, 0.031250s user + 0.000000s system = 0.031250s CPU (58.0%)

TMR-2503 : Start to update net delay, extr mode = 5.
TMR-2504 : Update delay of 148 nets completely.
TMR-2502 : Annotate delay completely, extr mode = 5.
TMR-3501 : Forward propagation: start to calculate arrival time...
TMR-3502 : Backward propagation: start to calculate required time...
TMR-3503 : Timing propagation completes.
OPT-1001 : End timing update;  0.001595s wall, 0.000000s user + 0.000000s system = 0.000000s CPU (n/a%)

RUN-1001 : Generating global routing grids ...
PHY-1001 : Generate routing nets ...
PHY-1001 : Reuse net number 96/150.
PHY-1001 : Global iterations in 16 thread ...
PHY-1002 : len = 2120, over cnt = 0(0%), over = 0, worst = 0
PHY-1001 : End global iterations;  0.000780s wall, 0.000000s user + 0.000000s system = 0.000000s CPU (n/a%)

PHY-1001 : Congestion index: top1 = 7.56, top5 = 1.72, top10 = 0.86, top15 = 0.57.
OPT-1001 : Update timing in Manhattan mode
TMR-2503 : Start to update net delay, extr mode = 3.
TMR-2504 : Update delay of 148 nets completely.
TMR-2502 : Annotate delay completely, extr mode = 3.
TMR-3501 : Forward propagation: start to calculate arrival time...
TMR-3502 : Backward propagation: start to calculate required time...
TMR-3503 : Timing propagation completes.
OPT-1001 : End timing update;  0.001420s wall, 0.000000s user + 0.000000s system = 0.000000s CPU (n/a%)

RUN-1001 : QoR Analysis:
OPT-0007 :   WNS 2147483647 TNS 0 NUM_FEPS 0
RUN-1001 :   No local congestion issue, and most congested 1% tile average routing util is 7.103448
RUN-1001 :   Top critical paths
OPT-1001 : End physical optimization;  0.297577s wall, 0.156250s user + 0.000000s system = 0.156250s CPU (52.5%)

RUN-1003 : finish command "place" in  2.716637s wall, 0.468750s user + 0.093750s system = 0.562500s CPU (20.7%)

RUN-1004 : used memory is 124 MB, reserved memory is 95 MB, peak memory is 140 MB
RUN-1002 : start command "export_db display_place.db"
RUN-1001 : Exported /
RUN-1001 : Exported flow parameters
RUN-1001 : Exported libs
RUN-1001 : Exported entities
RUN-1001 : Exported ports
RUN-1001 : Exported pins
RUN-1001 : Exported instances
RUN-1001 : Exported nets
RUN-1001 : Exported buses
RUN-1001 : Exported models
RUN-1001 : Exported congestions
RUN-1001 : Exported violations
RUN-1001 : Exported timing constraints
RUN-1001 : Exported IO constraints
RUN-1001 : Exported Inst constraints
RUN-1002 : start command "route"
RUN-1001 : Open license file E:/Anlogic/TD5.6.59063/license/Anlogic.lic
RUN-1001 : Print Global Property
RUN-1001 : ---------------------------------------------------------------
RUN-1001 :        Parameters        |  Settings  |  Default Values  |  Note  
RUN-1001 : ---------------------------------------------------------------
RUN-1001 :          message         |  standard  |     standard     |        
RUN-1001 :   mixed_pack_place_flow  |     on     |        on        |        
RUN-1001 :        qor_monitor       |    off     |       off        |        
RUN-1001 :        syn_ip_flow       |    off     |       off        |        
RUN-1001 :          thread          |    auto    |       auto       |        
RUN-1001 : ---------------------------------------------------------------
RUN-1001 : Print Route Property
RUN-1001 : -------------------------------------------------------
RUN-1001 :    Parameters    |  Settings  |  Default Values  |  Note  
RUN-1001 : -------------------------------------------------------
RUN-1001 :      effort      |   medium   |      medium      |        
RUN-1001 :     fix_hold     |    off     |       off        |        
RUN-1001 :    opt_timing    |   medium   |      medium      |        
RUN-1001 :   phy_sim_model  |    off     |       off        |        
RUN-1001 :     priority     |   timing   |      timing      |        
RUN-1001 :     swap_pin     |     on     |        on        |        
RUN-1001 : -------------------------------------------------------
PHY-1001 : Route runs in 16 thread(s)
RUN-1001 : There are total 72 instances
RUN-1001 : 22 mslices, 23 lslices, 23 pads, 0 brams, 0 dsps
RUN-1001 : There are total 150 nets
RUN-1001 : 101 nets have 2 pins
RUN-1001 : 40 nets have [3 - 5] pins
RUN-1001 : 7 nets have [6 - 10] pins
RUN-1001 : 2 nets have [21 - 99] pins
RUN-1002 : start command "start_timer -report"
TMR-2505 : Start building timing graph for model keyboard_instance.
TMR-2506 : Build timing graph completely. Port num: 7, tpin num: 411, tnet num: 148, tinst num: 70, tnode num: 493, tedge num: 683.
TMR-2508 : Levelizing timing graph completed, there are 21 levels in total.
TMR-2501 : Timing graph initialized successfully.
PHY-1001 : 22 mslices, 23 lslices, 23 pads, 0 brams, 0 dsps
TMR-2503 : Start to update net delay, extr mode = 3.
TMR-2504 : Update delay of 148 nets completely.
TMR-2502 : Annotate delay completely, extr mode = 3.
TMR-3001 : Initiate 0 clocks from SDC.
TMR-3004 : Map sdc constraints, there are 0 constraints in total.
TMR-3003 : Constraints initiated successfully.
TMR-3501 : Forward propagation: start to calculate arrival time...
TMR-3502 : Backward propagation: start to calculate required time...
TMR-3503 : Timing propagation completes.
PHY-1001 : Start global routing, caller is route ...
RUN-1001 : Generating global routing grids ...
PHY-1001 : Generate routing nets ...
PHY-1001 : Global iterations in 16 thread ...
PHY-1002 : len = 1800, over cnt = 10(0%), over = 24, worst = 6
PHY-1002 : len = 2032, over cnt = 9(0%), over = 9, worst = 1
PHY-1002 : len = 2168, over cnt = 0(0%), over = 0, worst = 0
PHY-1001 : End global iterations;  0.019975s wall, 0.000000s user + 0.000000s system = 0.000000s CPU (n/a%)

PHY-1001 : Congestion index: top1 = 7.86, top5 = 1.73, top10 = 0.86, top15 = 0.58.
PHY-1001 : End global routing;  0.075646s wall, 0.000000s user + 0.000000s system = 0.000000s CPU (n/a%)

PHY-1001 : Start detail routing ...
PHY-1001 : Current memory(MB): used = 159, reserve = 130, peak = 174.
PHY-1001 : Detailed router is running in normal mode.
PHY-1001 : Generate detailed routing grids ...
PHY-1001 : Generate nets ...
PHY-1001 : net clk_50M_dup_1 will be routed on clock mesh
PHY-1001 : clock net U1/scan_clk_syn_4 will be merged with clock U1/scan_clk
PHY-1001 : Current memory(MB): used = 426, reserve = 402, peak = 426.
PHY-1001 : End build detailed router design. 4.191225s wall, 2.031250s user + 0.062500s system = 2.093750s CPU (50.0%)

PHY-1001 : Detail Route ...
PHY-1001 : ===== Detail Route Phase 1 =====
PHY-1001 : Clock net routing.....
PHY-1001 : Routed 1% nets.
PHY-1022 : len = 3320, over cnt = 0(0%), over = 0, worst = 0, crit = 0
PHY-1001 : End initial clock net routed; 0.304147s wall, 0.109375s user + 0.000000s system = 0.109375s CPU (36.0%)

PHY-1001 : Current memory(MB): used = 455, reserve = 432, peak = 455.
PHY-1001 : End phase 1; 0.310978s wall, 0.109375s user + 0.000000s system = 0.109375s CPU (35.2%)

PHY-1001 : ===== Detail Route Phase 2 =====
PHY-1001 : Initial routing.....
PHY-1001 : Routed 50% nets.
PHY-1001 : Patch 37 net; 0.009954s wall, 0.000000s user + 0.000000s system = 0.000000s CPU (n/a%)

PHY-1022 : len = 6080, over cnt = 2(0%), over = 2, worst = 1, crit = 0
PHY-1001 : Current memory(MB): used = 455, reserve = 432, peak = 455.
PHY-1001 : End initial routed; 0.025479s wall, 0.015625s user + 0.000000s system = 0.015625s CPU (61.3%)

PHY-1001 : Update timing.....
PHY-1001 : 0/113(0%) critical/total net(s).
RUN-1001 : ------------------------------------------
RUN-1001 :   Type   |    WNS(ns)    |  TNS(ns)  |  FEP  
RUN-1001 : ------------------------------------------
RUN-1001 :   Setup  |  2147483.647  |   0.000   |   0   
RUN-1001 :   Hold   |  2147483.647  |   0.000   |   0   
RUN-1001 : ------------------------------------------
PHY-1001 : End update timing; 0.129819s wall, 0.093750s user + 0.000000s system = 0.093750s CPU (72.2%)

PHY-1001 : Current memory(MB): used = 455, reserve = 432, peak = 455.
PHY-1001 : End phase 2; 0.155371s wall, 0.109375s user + 0.000000s system = 0.109375s CPU (70.4%)

PHY-1001 : ===== Detail Route Phase 3 =====
PHY-1001 : Optimize timing.....
PHY-1022 : len = 6080, over cnt = 2(0%), over = 2, worst = 1, crit = 0
PHY-1001 : End optimize timing; 0.004721s wall, 0.000000s user + 0.000000s system = 0.000000s CPU (n/a%)

PHY-1001 : Ripup-reroute.....
PHY-1001 : ===== DR Iter 1 =====
PHY-1022 : len = 6112, over cnt = 0(0%), over = 0, worst = 0, crit = 0
PHY-1001 : End DR Iter 1; 0.011348s wall, 0.031250s user + 0.000000s system = 0.031250s CPU (275.4%)

PHY-1001 : Update timing.....
PHY-1001 : 0/113(0%) critical/total net(s).
RUN-1001 : ------------------------------------------
RUN-1001 :   Type   |    WNS(ns)    |  TNS(ns)  |  FEP  
RUN-1001 : ------------------------------------------
RUN-1001 :   Setup  |  2147483.647  |   0.000   |   0   
RUN-1001 :   Hold   |  2147483.647  |   0.000   |   0   
RUN-1001 : ------------------------------------------
PHY-1001 : End update timing; 0.140307s wall, 0.109375s user + 0.000000s system = 0.109375s CPU (78.0%)

PHY-1001 : Commit to database.....
PHY-1001 : 0 feed throughs used by 0 nets
PHY-1001 : End commit to database; 0.019388s wall, 0.015625s user + 0.000000s system = 0.015625s CPU (80.6%)

PHY-1001 : Current memory(MB): used = 464, reserve = 441, peak = 464.
PHY-1001 : End phase 3; 0.278612s wall, 0.187500s user + 0.000000s system = 0.187500s CPU (67.3%)

PHY-1003 : Routed, final wirelength = 6112
PHY-1001 : Current memory(MB): used = 464, reserve = 441, peak = 464.
PHY-1001 : End export database. 0.004641s wall, 0.000000s user + 0.000000s system = 0.000000s CPU (n/a%)

PHY-1001 : End detail routing;  5.198980s wall, 2.531250s user + 0.078125s system = 2.609375s CPU (50.2%)

RUN-1003 : finish command "route" in  5.463064s wall, 2.609375s user + 0.093750s system = 2.703125s CPU (49.5%)

RUN-1004 : used memory is 424 MB, reserved memory is 399 MB, peak memory is 464 MB
RUN-1002 : start command "report_area -io_info -file display_phy.area"
RUN-1001 : standard
***Report Model: keyboard_instance Device: EG4S20BG256***

IO Statistics
#IO                        23
  #input                    6
  #output                  17
  #inout                    0

Utilization Statistics
#lut                       74   out of  19600    0.38%
#reg                       53   out of  19600    0.27%
#le                        87
  #lut only                34   out of     87   39.08%
  #reg only                13   out of     87   14.94%
  #lut&reg                 40   out of     87   45.98%
#dsp                        0   out of     29    0.00%
#bram                       0   out of     64    0.00%
  #bram9k                   0
  #fifo9k                   0
#bram32k                    0   out of     16    0.00%
#pad                       23   out of    188   12.23%
  #ireg                     0
  #oreg                     0
  #treg                     0
#pll                        0   out of      4    0.00%
#gclk                       2   out of     16   12.50%

Clock Resource Statistics
Index     ClockNet         Type               DriverType         Driver                      Fanout
#1        clk_50M_dup_1    GCLK               io                 clk_50M_syn_2.di            26
#2        U1/scan_clk      GCLK               lslice             U1/scan_clk_reg_syn_9.q1    3


Detailed IO Report

        Name           Direction    Location    IOStandard    DriveStrength    PullType    PackReg  
        RSTn             INPUT         A9        LVCMOS33          N/A          PULLUP      NONE    
       clk_50M           INPUT         R7        LVCMOS33          N/A          PULLUP      NONE    
  DigitronCS_Out[3]     OUTPUT         A3        LVCMOS33           8            NONE       NONE    
  DigitronCS_Out[2]     OUTPUT         A5        LVCMOS33           8            NONE       NONE    
  DigitronCS_Out[1]     OUTPUT         B6        LVCMOS33           8            NONE       NONE    
  DigitronCS_Out[0]     OUTPUT         C9        LVCMOS33           8            NONE       NONE    
   Digitron_Out[7]      OUTPUT         C8        LVCMOS33           8            NONE       NONE    
   Digitron_Out[6]      OUTPUT         A8        LVCMOS33           8            NONE       NONE    
   Digitron_Out[5]      OUTPUT         B5        LVCMOS33           8            NONE       NONE    
   Digitron_Out[4]      OUTPUT         A7        LVCMOS33           8            NONE       NONE    
   Digitron_Out[3]      OUTPUT         E8        LVCMOS33           8            NONE       NONE    
   Digitron_Out[2]      OUTPUT         B8        LVCMOS33           8            NONE       NONE    
   Digitron_Out[1]      OUTPUT         A6        LVCMOS33           8            NONE       NONE    
   Digitron_Out[0]      OUTPUT         A4        LVCMOS33           8            NONE       NONE    
       row[3]           OUTPUT         D9        LVCMOS33           8            NONE       NONE    
       row[2]           OUTPUT         F9        LVCMOS33           8            NONE       NONE    
       row[1]           OUTPUT        C10        LVCMOS33           8            NONE       NONE    
       row[0]           OUTPUT        E10        LVCMOS33           8            NONE       NONE    

Report Hierarchy Area:
+-------------------------------------------------------------------------------------------+
|Instance |Module                      |le     |lut     |ripple  |seq     |bram    |dsp     |
+-------------------------------------------------------------------------------------------+
|top      |keyboard_instance           |87     |55      |19      |53      |0       |0       |
|  U1     |keyboard_scan               |53     |31      |9       |37      |0       |0       |
|  U5     |Digitron_TimeDisplay_module |28     |18      |10      |16      |0       |0       |
+-------------------------------------------------------------------------------------------+


DataNet Average Fanout:

   Index     Fanout    Nets  
    #1         1        83   
    #2         2        35   
    #3         3        2    
    #4         4        1    
    #5        5-10      7    
  Average     1.69           

RUN-1002 : start command "export_db display_pr.db"
RUN-1001 : Exported /
RUN-1001 : Exported flow parameters
RUN-1001 : Exported libs
RUN-1001 : Exported entities
RUN-1001 : Exported ports
RUN-1001 : Exported pins
RUN-1001 : Exported instances
RUN-1001 : Exported nets
RUN-1001 : Exported buses
RUN-1001 : Exported models
RUN-1001 : Exported congestions
RUN-1001 : Exported violations
RUN-1001 : Exported timing constraints
RUN-1001 : Exported IO constraints
RUN-1001 : Exported Inst constraints
RUN-1002 : start command "export_bid display_inst.bid"
RUN-1002 : start command "bitgen -bit display.bit -unused_io_status pulldown"
BIT-1003 : Start to generate bitstream. 
BIT-1002 : Bitgen processed 165 unused pads, reserve input tri_state with pulldown
BIT-1002 : Init instances with 16 threads.
BIT-1002 : Init instances completely, inst num: 235
BIT-1002 : Init pips with 16 threads.
BIT-1002 : Init pips completely, net num: 150, pip num: 665
BIT-1003 : Multithreading accelaration with 16 threads.
BIT-1003 : Generate bitstream completely, there are 375 valid insts, and 2802 bits set as '1'.
BIT-1004 : PLL setting string = 0000
BIT-1004 : Generate bits file display.bit.
RUN-1003 : finish command "bitgen -bit display.bit -unused_io_status pulldown" in  1.077191s wall, 3.781250s user + 0.031250s system = 3.812500s CPU (353.9%)

RUN-1004 : used memory is 434 MB, reserved memory is 411 MB, peak memory is 609 MB
RUN-1002 : start command "backup_run_log run.log ../.logs/phy_1/td_20240827_012930.log"
