============================================================
   Tang Dynasty, V5.6.59063
   Copyright (c) 2012-2022 Anlogic
   Executable = E:/Anlogic/TD5.6.59063/bin/td.exe
   Built at =   12:45:13 Sep  6 2022
   Run by =     19234
   Run Date =   Tue Aug 27 00:05:20 2024

   Run on =     ERIKPSW
============================================================
RUN-1002 : start command "open_project display.prj"
RUN-1001 : Print Global Property
RUN-1001 : ---------------------------------------------------------------
RUN-1001 :        Parameters        |  Settings  |  Default Values  |  Note  
RUN-1001 : ---------------------------------------------------------------
RUN-1001 :          message         |  standard  |     standard     |        
RUN-1001 :   mixed_pack_place_flow  |     on     |        on        |        
RUN-1001 :        qor_monitor       |    off     |       off        |        
RUN-1001 :        syn_ip_flow       |    off     |       off        |        
RUN-1001 :          thread          |    auto    |       auto       |        
RUN-1001 : ---------------------------------------------------------------
RUN-1001 : Print Design Property
RUN-1001 : --------------------------------------------------------------
RUN-1001 :        Parameters       |  Settings  |  Default Values  |  Note  
RUN-1001 : --------------------------------------------------------------
RUN-1001 :   default_reg_initial   |    auto    |       auto       |        
RUN-1001 :        infer_add        |     on     |        on        |        
RUN-1001 :        infer_fsm        |    off     |       off        |        
RUN-1001 :        infer_mult       |     on     |        on        |        
RUN-1001 :        infer_ram        |     on     |        on        |        
RUN-1001 :        infer_reg        |     on     |        on        |        
RUN-1001 :   infer_reg_init_value  |     on     |        on        |        
RUN-1001 :        infer_rom        |     on     |        on        |        
RUN-1001 :      infer_shifter      |     on     |        on        |        
RUN-1001 : --------------------------------------------------------------
RUN-1001 : Print Rtl Property
RUN-1001 : --------------------------------------------------------------
RUN-1001 :        Parameters       |  Settings  |  Default Values  |  Note  
RUN-1001 : --------------------------------------------------------------
RUN-1001 :       compress_add      |   ripple   |      ripple      |        
RUN-1001 :        elf_sload        |    off     |       off        |        
RUN-1001 :       fix_undriven      |     0      |        0         |        
RUN-1001 :         flatten         |    off     |       off        |        
RUN-1001 :       gate_sharing      |     on     |        on        |        
RUN-1001 :    hdl_warning_level    |   normal   |      normal      |        
RUN-1001 :   impl_internal_tribuf  |     on     |        on        |        
RUN-1001 :      impl_set_reset     |     on     |        on        |        
RUN-1001 :        infer_gsr        |    off     |       off        |        
RUN-1001 :      keep_hierarchy     |    auto    |       auto       |        
RUN-1001 :        max_fanout       |    9999    |       9999       |        
RUN-1001 :      max_oh2bin_len     |     10     |        10        |        
RUN-1001 :       merge_equal       |     on     |        on        |        
RUN-1001 :       merge_equiv       |     on     |        on        |        
RUN-1001 :        merge_mux        |    off     |       off        |        
RUN-1001 :     min_control_set     |     8      |        8         |        
RUN-1001 :      min_ripple_len     |    auto    |       auto       |        
RUN-1001 :       oh2bin_ratio      |    0.08    |       0.08       |        
RUN-1001 :     opt_adder_fanout    |     on     |        on        |        
RUN-1001 :        opt_arith        |     on     |        on        |        
RUN-1001 :       opt_big_gate      |    off     |       off        |        
RUN-1001 :        opt_const        |     on     |        on        |        
RUN-1001 :      opt_const_mult     |     on     |        on        |        
RUN-1001 :       opt_lessthan      |     on     |        on        |        
RUN-1001 :         opt_mux         |    off     |       off        |        
RUN-1001 :         opt_ram         |    high    |       high       |        
RUN-1001 :      rtl_sim_model      |    off     |       off        |        
RUN-1001 :         seq_syn         |     on     |        on        |        
RUN-1001 : --------------------------------------------------------------
HDL-1007 : analyze verilog file ../../keyboard_instance.v
HDL-1007 : analyze verilog file ../../keyboard_scan.v
HDL-1007 : analyze verilog file ../../onehot2binary.v
HDL-1007 : analyze verilog file ../../key_filter.v
HDL-1007 : analyze verilog file ../../Digitron_TimeDisplay_module.v
RUN-1001 : Project manager successfully analyzed 5 source files.
RUN-1002 : start command "import_device eagle_s20.db -package EG4S20BG256"
ARC-1001 : Device Initialization.
ARC-1001 : ------------------------------------------------------------------
ARC-1001 :            OPTION            |          IO          |   SETTING   
ARC-1001 : ------------------------------------------------------------------
ARC-1001 :   cso_b/cclk/mosi/miso/dout  |  T3/R11/T10/P10/S11  |    gpio    
ARC-1001 :             done             |         P13          |    gpio    
ARC-1001 :           program_b          |          T2          |  dedicate  
ARC-1001 :        tdi/tms/tck/tdo       |   C12/A15/C14/E14    |  dedicate  
ARC-1001 : ------------------------------------------------------------------
ARC-1004 : Device setting, marked 5 dedicate IOs in total.
RUN-1002 : start command "import_db ../syn_1/display_gate.db"
RUN-1001 : Importing database generated by Tang Dynasty, V5.6.59063.
RUN-1001 : Database version number 46140.
RUN-1001 : Import flow parameters
RUN-1001 : Import timing constraints
RUN-1001 : Import IO constraints
RUN-1001 : Import Inst constraints
RUN-1001 : Import design success TD_VERSION=5.6.59063 , DB_VERSION=46140
RUN-1002 : start command "read_sdc"
USR-1002 : read_sdc file_name -help -h -eco
USR-1009 : NO module with IP_SDC ...
RUN-1104 : Import SDC file  finished, there are 0 nets kept by constraints.
RUN-1002 : start command "place"
RUN-1001 : Open license file E:/Anlogic/TD5.6.59063/license/Anlogic.lic
RUN-1001 : Print Global Property
RUN-1001 : ---------------------------------------------------------------
RUN-1001 :        Parameters        |  Settings  |  Default Values  |  Note  
RUN-1001 : ---------------------------------------------------------------
RUN-1001 :          message         |  standard  |     standard     |        
RUN-1001 :   mixed_pack_place_flow  |     on     |        on        |        
RUN-1001 :        qor_monitor       |    off     |       off        |        
RUN-1001 :        syn_ip_flow       |    off     |       off        |        
RUN-1001 :          thread          |    auto    |       auto       |        
RUN-1001 : ---------------------------------------------------------------
RUN-1001 : Print Place Property
RUN-1001 : --------------------------------------------------------------
RUN-1001 :        Parameters       |  Settings  |  Default Values  |  Note  
RUN-1001 : --------------------------------------------------------------
RUN-1001 :      detailed_place     |     on     |        on        |        
RUN-1001 :          effort         |   medium   |      medium      |        
RUN-1001 :         fix_hold        |    off     |       off        |        
RUN-1001 :       legalization      |    ori     |       ori        |        
RUN-1001 :      new_spreading      |     on     |        on        |        
RUN-1001 :        opt_timing       |   medium   |      medium      |        
RUN-1001 :   post_clock_route_opt  |    off     |       off        |        
RUN-1001 :       pr_strategy       |     1      |        1         |        
RUN-1001 :        relaxation       |    1.00    |       1.00       |        
RUN-1001 :         retiming        |    off     |       off        |        
RUN-1001 : --------------------------------------------------------------
PHY-3001 : Placer runs in 16 thread(s).
RUN-1002 : start command "legalize_phy_inst"
SYN-1011 : Flatten model keyboard_instance
SYN-5055 WARNING: The kept net U5/data[11] will be merged to another kept net _al_n1
SYN-5055 WARNING: The kept net U5/data[10] will be merged to another kept net _al_n1
SYN-5055 WARNING: The kept net U5/data[9] will be merged to another kept net _al_n1
SYN-5055 WARNING: The kept net U5/data[8] will be merged to another kept net _al_n1
RUN-1002 : start command "phys_opt -simplify_lut"
SYN-4024 : Net "clk_50M_dup_1" drives clk pins.
SYN-4024 : Net "U1/scan_clk" drives clk pins.
SYN-4025 : Tag rtl::Net U1/scan_clk as clock net
SYN-4025 : Tag rtl::Net clk_50M_dup_1 as clock net
SYN-4026 : Tagged 2 rtl::Net as clock net
SYN-4015 : Create BUFG instance for clk Net U1/scan_clk to drive 20 clock pins.
PHY-1001 : Populate physical database on model keyboard_instance.
RUN-1001 : There are total 290 instances
RUN-0007 : 116 luts, 122 seqs, 10 mslices, 15 lslices, 23 pads, 0 brams, 0 dsps
RUN-1001 : There are total 360 nets
RUN-1001 : 211 nets have 2 pins
RUN-1001 : 130 nets have [3 - 5] pins
RUN-1001 : 12 nets have [6 - 10] pins
RUN-1001 : 2 nets have [11 - 20] pins
RUN-1001 : 3 nets have [21 - 99] pins
RUN-1001 : 2 nets have 100+ pins
RUN-1001 : Report Control nets information:
RUN-1001 : DFF Distribution
RUN-1001 : ----------------------------------
RUN-1001 :   CE   |  SSR  |  ASR  |  DFF Count  
RUN-1001 : ----------------------------------
RUN-1001 :   No   |  No   |  No   |     70      
RUN-1001 :   No   |  No   |  Yes  |     20      
RUN-1001 :   No   |  Yes  |  No   |      0      
RUN-1001 :   Yes  |  No   |  No   |      0      
RUN-1001 :   Yes  |  No   |  Yes  |     32      
RUN-1001 :   Yes  |  Yes  |  No   |      0      
RUN-1001 : ----------------------------------
RUN-0007 : Control Group Statistic
RUN-0007 : ---------------------------
RUN-0007 :   #CLK  |  #CE  |  #SSR/ASR  
RUN-0007 : ---------------------------
RUN-0007 :    2    |   2   |     2      
RUN-0007 : ---------------------------
RUN-0007 : Control Set = 4
PHY-3001 : Initial placement ...
PHY-3001 : design contains 288 instances, 116 luts, 122 seqs, 25 slices, 3 macros(25 instances: 10 mslices 15 lslices)
PHY-0007 : Cell area utilization is 0%
PHY-3001 : Start timing update ...
RUN-1002 : start command "start_timer -report"
TMR-2505 : Start building timing graph for model keyboard_instance.
TMR-2506 : Build timing graph completely. Port num: 7, tpin num: 1215, tnet num: 358, tinst num: 288, tnode num: 1568, tedge num: 1924.
TMR-2508 : Levelizing timing graph completed, there are 21 levels in total.
TMR-2501 : Timing graph initialized successfully.
TMR-2503 : Start to update net delay, extr mode = 2.
TMR-2504 : Update delay of 358 nets completely.
TMR-2502 : Annotate delay completely, extr mode = 2.
TMR-3001 : Initiate 0 clocks from SDC.
TMR-3004 : Map sdc constraints, there are 0 constraints in total.
TMR-3003 : Constraints initiated successfully.
TMR-3501 : Forward propagation: start to calculate arrival time...
TMR-3502 : Backward propagation: start to calculate required time...
TMR-3503 : Timing propagation completes.
PHY-3001 : End timing update;  0.116996s wall, 0.046875s user + 0.015625s system = 0.062500s CPU (53.4%)

PHY-3001 : Global placement ...
PHY-3001 : Initial: Len = 71356.2
PHY-3001 : Clustering ...
PHY-3001 : Level 0 #clusters 288.
PHY-3001 : End clustering;  0.000021s wall, 0.000000s user + 0.000000s system = 0.000000s CPU (n/a%)

PHY-3001 : Run with size of 4
PHY-3001 : Cell area utilization is 0%
PHY-3001 : :::0::: Try harder cell spreading with beta_ = 0
PHY-3002 : Step(1): len = 46644.3, overlap = 0
PHY-3002 : Step(2): len = 30884.5, overlap = 0
PHY-3002 : Step(3): len = 23462.6, overlap = 0
PHY-3002 : Step(4): len = 19202.8, overlap = 0
PHY-3002 : Step(5): len = 16376.6, overlap = 0
PHY-3002 : Step(6): len = 16192, overlap = 0
PHY-3002 : Step(7): len = 15242.2, overlap = 0
PHY-3002 : Step(8): len = 14279.5, overlap = 0
PHY-3002 : Step(9): len = 14672.4, overlap = 0
PHY-3002 : Step(10): len = 13816.3, overlap = 0
PHY-3002 : Step(11): len = 13089.2, overlap = 0
PHY-3002 : Step(12): len = 12760.7, overlap = 0
PHY-3002 : Step(13): len = 12083.5, overlap = 0
PHY-3002 : Step(14): len = 11006.6, overlap = 0
PHY-3002 : Step(15): len = 11023.6, overlap = 0
PHY-3002 : Step(16): len = 10225.5, overlap = 0
PHY-3002 : Step(17): len = 9496.2, overlap = 0
PHY-3002 : Step(18): len = 9767.7, overlap = 0
PHY-3002 : Step(19): len = 9478.6, overlap = 0
PHY-3002 : Step(20): len = 8908.8, overlap = 0
PHY-3002 : Step(21): len = 8894, overlap = 0
PHY-3002 : Step(22): len = 8990.7, overlap = 0
PHY-3002 : Step(23): len = 8237.4, overlap = 0
PHY-3002 : Step(24): len = 8501, overlap = 0
PHY-3002 : Step(25): len = 8152.5, overlap = 0
PHY-3002 : Step(26): len = 8081.8, overlap = 0
PHY-3002 : Step(27): len = 8094.8, overlap = 0
PHY-3002 : Step(28): len = 7498.7, overlap = 0
PHY-3002 : Step(29): len = 7565.1, overlap = 0
PHY-3002 : Step(30): len = 7171.2, overlap = 0
PHY-3002 : Step(31): len = 7290.2, overlap = 0
PHY-3002 : Step(32): len = 7040.5, overlap = 0
PHY-3002 : Step(33): len = 6544.9, overlap = 0
PHY-3002 : Step(34): len = 6355.8, overlap = 0
PHY-3002 : Step(35): len = 6386.5, overlap = 0
PHY-3002 : Step(36): len = 6237.4, overlap = 0
PHY-3002 : Step(37): len = 6341.4, overlap = 0
PHY-3002 : Step(38): len = 5996.7, overlap = 0
PHY-3002 : Step(39): len = 5938.8, overlap = 0
PHY-3002 : Step(40): len = 6100.6, overlap = 0
PHY-3002 : Step(41): len = 6234.6, overlap = 0
PHY-3001 : Legalization ...
PHY-3001 : End legalization;  0.004122s wall, 0.000000s user + 0.000000s system = 0.000000s CPU (n/a%)

PHY-3001 : Run with size of 4
PHY-3001 : Cell area utilization is 1%
PHY-3001 : Update timing in Manhattan mode ...
TMR-2503 : Start to update net delay, extr mode = 3.
TMR-2504 : Update delay of 358 nets completely.
TMR-2502 : Annotate delay completely, extr mode = 3.
TMR-3501 : Forward propagation: start to calculate arrival time...
TMR-3502 : Backward propagation: start to calculate required time...
TMR-3503 : Timing propagation completes.
PHY-3001 : End timing update;  0.003663s wall, 0.000000s user + 0.000000s system = 0.000000s CPU (n/a%)

PHY-3001 : :::0::: Try harder cell spreading with beta_ = 0
PHY-3002 : Step(42): len = 5482.5, overlap = 0
PHY-3002 : Step(43): len = 5551.1, overlap = 0
PHY-3002 : Step(44): len = 5569.1, overlap = 0
PHY-3002 : Step(45): len = 5438.4, overlap = 0
PHY-3002 : Step(46): len = 5561.7, overlap = 0
PHY-3002 : Step(47): len = 5710.1, overlap = 0
PHY-3002 : Step(48): len = 5819.3, overlap = 0
PHY-3002 : Step(49): len = 6064.1, overlap = 0
PHY-3002 : Step(50): len = 5661.8, overlap = 0
PHY-3002 : Step(51): len = 5843.4, overlap = 0
PHY-3002 : Step(52): len = 5255.6, overlap = 0
PHY-3002 : Step(53): len = 5143.6, overlap = 0
PHY-3002 : Step(54): len = 4995.7, overlap = 0
PHY-3002 : Step(55): len = 4500.1, overlap = 0
PHY-3002 : Step(56): len = 4565.3, overlap = 0
PHY-3002 : Step(57): len = 4480.4, overlap = 0
PHY-3002 : Step(58): len = 4421.2, overlap = 0
PHY-3002 : Step(59): len = 4481.9, overlap = 0
PHY-3002 : Step(60): len = 4285.1, overlap = 0
PHY-3002 : Step(61): len = 4125.9, overlap = 0
PHY-3002 : Step(62): len = 3889.7, overlap = 0
PHY-3002 : Step(63): len = 3964, overlap = 0
PHY-3002 : Step(64): len = 3511.2, overlap = 0
PHY-3002 : Step(65): len = 3326.9, overlap = 0
PHY-3002 : Step(66): len = 3257.6, overlap = 0
PHY-3002 : Step(67): len = 2734.4, overlap = 0
PHY-3002 : Step(68): len = 2702, overlap = 0
PHY-3002 : Step(69): len = 2696.1, overlap = 0
PHY-3001 : Run with size of 2
PHY-3001 : Cell area utilization is 1%
PHY-3001 : Update timing in Manhattan mode ...
TMR-2503 : Start to update net delay, extr mode = 3.
TMR-2504 : Update delay of 358 nets completely.
TMR-2502 : Annotate delay completely, extr mode = 3.
TMR-3501 : Forward propagation: start to calculate arrival time...
TMR-3502 : Backward propagation: start to calculate required time...
TMR-3503 : Timing propagation completes.
PHY-3001 : End timing update;  0.003492s wall, 0.000000s user + 0.000000s system = 0.000000s CPU (n/a%)

PHY-3001 : :::0::: Try harder cell spreading with beta_ = 0.000119832
PHY-3002 : Step(70): len = 2618, overlap = 2.125
PHY-3002 : Step(71): len = 2711.5, overlap = 2.125
PHY-3002 : Step(72): len = 2754.4, overlap = 2.0625
PHY-3001 : :::1::: Try harder cell spreading with beta_ = 0.000239663
PHY-3002 : Step(73): len = 2593, overlap = 2.21875
PHY-3002 : Step(74): len = 2593, overlap = 2.21875
PHY-3001 : :::2::: Try harder cell spreading with beta_ = 0.000479326
PHY-3002 : Step(75): len = 2571.4, overlap = 2.28125
PHY-3002 : Step(76): len = 2571.4, overlap = 2.28125
OPT-1001 : Start physical optimization ...
RUN-1002 : start command "start_timer -report"
TMR-2505 : Start building timing graph for model keyboard_instance.
TMR-2506 : Build timing graph completely. Port num: 7, tpin num: 1215, tnet num: 358, tinst num: 288, tnode num: 1568, tedge num: 1924.
TMR-2508 : Levelizing timing graph completed, there are 21 levels in total.
TMR-2501 : Timing graph initialized successfully.
OPT-1001 : Total overflow 8.69 peak overflow 1.66
OPT-1001 : Start high-fanout net optimization ...
OPT-1001 : Update timing in global mode
PHY-1001 : Start incremental global routing, caller is place ...
RUN-1001 : Generating global routing grids ...
RUN-1001 : Building simple global routing graph ...
PHY-1001 : Generate routing nets ...
PHY-1001 : Reuse net number 0/360.
PHY-1001 : Global iterations in 16 thread ...
PHY-1002 : len = 2384, over cnt = 12(0%), over = 54, worst = 13
PHY-1001 : End global iterations;  0.008689s wall, 0.000000s user + 0.015625s system = 0.015625s CPU (179.8%)

PHY-1001 : Congestion index: top1 = 8.92, top5 = 2.06, top10 = 1.02, top15 = 0.68.
PHY-1001 : End incremental global routing;  0.049195s wall, 0.031250s user + 0.015625s system = 0.046875s CPU (95.3%)

TMR-2503 : Start to update net delay, extr mode = 5.
TMR-2504 : Update delay of 358 nets completely.
TMR-2502 : Annotate delay completely, extr mode = 5.
TMR-3001 : Initiate 0 clocks from SDC.
TMR-3004 : Map sdc constraints, there are 0 constraints in total.
TMR-3003 : Constraints initiated successfully.
TMR-3501 : Forward propagation: start to calculate arrival time...
TMR-3502 : Backward propagation: start to calculate required time...
TMR-3503 : Timing propagation completes.
OPT-1001 : End timing update;  0.004212s wall, 0.000000s user + 0.000000s system = 0.000000s CPU (n/a%)

OPT-1001 : 0 high-fanout net processed.
OPT-1001 : End high-fanout net optimization;  0.056197s wall, 0.046875s user + 0.015625s system = 0.062500s CPU (111.2%)

OPT-1001 : Current memory(MB): used = 141, reserve = 112, peak = 141.
OPT-1001 : Start global optimization ...
OPT-1001 : Start congestion update ...
RUN-1001 : Generating global routing grids ...
PHY-1001 : Generate routing nets ...
PHY-1001 : Reuse net number 136/360.
PHY-1001 : Global iterations in 16 thread ...
PHY-1002 : len = 2384, over cnt = 12(0%), over = 54, worst = 13
PHY-1002 : len = 3064, over cnt = 10(0%), over = 11, worst = 2
PHY-1002 : len = 3112, over cnt = 5(0%), over = 5, worst = 1
PHY-1002 : len = 3168, over cnt = 1(0%), over = 1, worst = 1
PHY-1002 : len = 3200, over cnt = 0(0%), over = 0, worst = 0
PHY-1001 : End global iterations;  0.016335s wall, 0.000000s user + 0.000000s system = 0.000000s CPU (n/a%)

PHY-1001 : Congestion index: top1 = 10.39, top5 = 2.48, top10 = 1.24, top15 = 0.82.
OPT-1001 : End congestion update;  0.051311s wall, 0.015625s user + 0.000000s system = 0.015625s CPU (30.5%)

OPT-1001 : Update timing in Manhattan mode
TMR-2503 : Start to update net delay, extr mode = 3.
TMR-2504 : Update delay of 358 nets completely.
TMR-2502 : Annotate delay completely, extr mode = 3.
TMR-3501 : Forward propagation: start to calculate arrival time...
TMR-3502 : Backward propagation: start to calculate required time...
TMR-3503 : Timing propagation completes.
OPT-1001 : End timing update;  0.003600s wall, 0.000000s user + 0.000000s system = 0.000000s CPU (n/a%)

OPT-0007 : Start: WNS 2147483647 TNS 0 NUM_FEPS 0
OPT-1001 : End global optimization;  0.054984s wall, 0.015625s user + 0.000000s system = 0.015625s CPU (28.4%)

OPT-1001 : Current memory(MB): used = 141, reserve = 113, peak = 141.
OPT-1001 : End physical optimization;  0.227741s wall, 0.109375s user + 0.015625s system = 0.125000s CPU (54.9%)

PHY-3001 : Start packing ...
SYN-4007 : Packing 0 MUX to BLE ...
SYN-4008 : Packed 0 MUX and 0 SEQ to BLE.
SYN-4007 : Packing 116 LUT to BLE ...
SYN-4008 : Packed 116 LUT and 48 SEQ to BLE.
SYN-4003 : Packing 74 remaining SEQ's ...
SYN-4005 : Packed 43 SEQ with LUT/SLICE
SYN-4006 : 29 single LUT's are left
SYN-4006 : 31 single SEQ's are left
SYN-4011 : Packing model "keyboard_instance" (AL_USER_NORMAL) with 147/199 primitive instances ...
PHY-3001 : End packing;  0.008924s wall, 0.000000s user + 0.000000s system = 0.000000s CPU (n/a%)

PHY-1001 : Populate physical database on model keyboard_instance.
RUN-1001 : There are total 131 instances
RUN-1001 : 52 mslices, 52 lslices, 23 pads, 0 brams, 0 dsps
RUN-1001 : There are total 312 nets
RUN-1001 : 163 nets have 2 pins
RUN-1001 : 124 nets have [3 - 5] pins
RUN-1001 : 18 nets have [6 - 10] pins
RUN-1001 : 3 nets have [11 - 20] pins
RUN-1001 : 3 nets have [21 - 99] pins
RUN-1001 : 1 nets have 100+ pins
PHY-3001 : design contains 129 instances, 104 slices, 3 macros(25 instances: 10 mslices 15 lslices)
PHY-3001 : Cell area utilization is 1%
PHY-3001 : After packing: Len = 2830.6, Over = 6
PHY-3001 : Run with size of 2
PHY-3001 : Cell area utilization is 1%
PHY-3001 : Update timing in Manhattan mode ...
RUN-1002 : start command "start_timer -report"
TMR-2505 : Start building timing graph for model keyboard_instance.
TMR-2506 : Build timing graph completely. Port num: 7, tpin num: 1036, tnet num: 310, tinst num: 129, tnode num: 1294, tedge num: 1719.
TMR-2508 : Levelizing timing graph completed, there are 21 levels in total.
TMR-2501 : Timing graph initialized successfully.
TMR-2503 : Start to update net delay, extr mode = 3.
TMR-2504 : Update delay of 310 nets completely.
TMR-2502 : Annotate delay completely, extr mode = 3.
TMR-3001 : Initiate 0 clocks from SDC.
TMR-3004 : Map sdc constraints, there are 0 constraints in total.
TMR-3003 : Constraints initiated successfully.
TMR-3501 : Forward propagation: start to calculate arrival time...
TMR-3502 : Backward propagation: start to calculate required time...
TMR-3503 : Timing propagation completes.
PHY-3001 : End timing update;  0.123686s wall, 0.093750s user + 0.000000s system = 0.093750s CPU (75.8%)

PHY-3001 : :::0::: Try harder cell spreading with beta_ = 3.63299e-05
PHY-3002 : Step(77): len = 2757.4, overlap = 5.25
PHY-3002 : Step(78): len = 2807.8, overlap = 5.25
PHY-3002 : Step(79): len = 2807.8, overlap = 5.25
PHY-3001 : :::1::: Try harder cell spreading with beta_ = 7.26598e-05
PHY-3002 : Step(80): len = 2817.7, overlap = 5.5
PHY-3002 : Step(81): len = 2817.7, overlap = 5.5
PHY-3002 : Step(82): len = 2823.1, overlap = 5.25
PHY-3001 : :::2::: Try harder cell spreading with beta_ = 0.00014532
PHY-3002 : Step(83): len = 2865.9, overlap = 4.75
PHY-3002 : Step(84): len = 2865.9, overlap = 4.75
PHY-3001 : Legalization ...
PHY-3001 : End legalization;  0.031979s wall, 0.000000s user + 0.015625s system = 0.015625s CPU (48.9%)

PHY-3001 : Trial Legalized: Len = 5462.5
PHY-3001 : Run with size of 2
PHY-3001 : Cell area utilization is 1%
PHY-3001 : Update timing in Manhattan mode ...
TMR-2503 : Start to update net delay, extr mode = 3.
TMR-2504 : Update delay of 310 nets completely.
TMR-2502 : Annotate delay completely, extr mode = 3.
TMR-3501 : Forward propagation: start to calculate arrival time...
TMR-3502 : Backward propagation: start to calculate required time...
TMR-3503 : Timing propagation completes.
PHY-3001 : End timing update;  0.003241s wall, 0.000000s user + 0.000000s system = 0.000000s CPU (n/a%)

PHY-3001 : :::0::: Try harder cell spreading with beta_ = 0.0551779
PHY-3002 : Step(85): len = 4728.6, overlap = 0.5
PHY-3002 : Step(86): len = 3812.7, overlap = 1
PHY-3002 : Step(87): len = 3220.3, overlap = 3
PHY-3002 : Step(88): len = 2953.4, overlap = 4
PHY-3002 : Step(89): len = 2953.4, overlap = 4
PHY-3002 : Step(90): len = 2909.4, overlap = 4
PHY-3001 : Legalization ...
PHY-3001 : End legalization;  0.004876s wall, 0.000000s user + 0.000000s system = 0.000000s CPU (n/a%)

PHY-3001 : Legalized: Len = 4470.6, Over = 0
PHY-3001 : Spreading special nets. 3 overflows in 2952 tiles.
PHY-3001 : End spreading;  0.002671s wall, 0.000000s user + 0.000000s system = 0.000000s CPU (n/a%)

PHY-3001 : 4 instances has been re-located, deltaX = 2, deltaY = 3, maxDist = 2.
PHY-3001 : Final: Len = 4510.6, Over = 0
OPT-1001 : Start physical optimization ...
RUN-1002 : start command "start_timer -report"
TMR-2505 : Start building timing graph for model keyboard_instance.
TMR-2506 : Build timing graph completely. Port num: 7, tpin num: 1036, tnet num: 310, tinst num: 129, tnode num: 1294, tedge num: 1719.
TMR-2508 : Levelizing timing graph completed, there are 21 levels in total.
TMR-2501 : Timing graph initialized successfully.
OPT-1001 : Total overflow 0.00 peak overflow 0.00
OPT-1001 : Start high-fanout net optimization ...
OPT-1001 : Update timing in global mode
PHY-1001 : Start incremental global routing, caller is place ...
RUN-1001 : Generating global routing grids ...
PHY-1001 : Generate routing nets ...
PHY-1001 : Reuse net number 21/312.
PHY-1001 : Global iterations in 16 thread ...
PHY-1002 : len = 4888, over cnt = 27(0%), over = 48, worst = 4
PHY-1002 : len = 5152, over cnt = 21(0%), over = 25, worst = 2
PHY-1002 : len = 5496, over cnt = 3(0%), over = 3, worst = 1
PHY-1002 : len = 5560, over cnt = 0(0%), over = 0, worst = 0
PHY-1001 : End global iterations;  0.032750s wall, 0.000000s user + 0.000000s system = 0.000000s CPU (n/a%)

PHY-1001 : Congestion index: top1 = 16.79, top5 = 4.47, top10 = 2.23, top15 = 1.49.
PHY-1001 : End incremental global routing;  0.070209s wall, 0.015625s user + 0.000000s system = 0.015625s CPU (22.3%)

TMR-2503 : Start to update net delay, extr mode = 5.
TMR-2504 : Update delay of 310 nets completely.
TMR-2502 : Annotate delay completely, extr mode = 5.
TMR-3001 : Initiate 0 clocks from SDC.
TMR-3004 : Map sdc constraints, there are 0 constraints in total.
TMR-3003 : Constraints initiated successfully.
TMR-3501 : Forward propagation: start to calculate arrival time...
TMR-3502 : Backward propagation: start to calculate required time...
TMR-3503 : Timing propagation completes.
OPT-1001 : End timing update;  0.004166s wall, 0.000000s user + 0.000000s system = 0.000000s CPU (n/a%)

OPT-1001 : 0 high-fanout net processed.
OPT-1001 : End high-fanout net optimization;  0.077122s wall, 0.015625s user + 0.000000s system = 0.015625s CPU (20.3%)

OPT-1001 : Current memory(MB): used = 142, reserve = 114, peak = 144.
OPT-1001 : Start path based optimization ...
OPT-1001 : Start congestion update ...
RUN-1001 : Generating global routing grids ...
PHY-1001 : Generate routing nets ...
PHY-1001 : Reuse net number 235/312.
PHY-1001 : Global iterations in 16 thread ...
PHY-1002 : len = 5560, over cnt = 0(0%), over = 0, worst = 0
PHY-1001 : End global iterations;  0.001063s wall, 0.000000s user + 0.000000s system = 0.000000s CPU (n/a%)

PHY-1001 : Congestion index: top1 = 16.79, top5 = 4.47, top10 = 2.23, top15 = 1.49.
OPT-1001 : End congestion update;  0.035673s wall, 0.031250s user + 0.015625s system = 0.046875s CPU (131.4%)

OPT-1001 : Update timing in Manhattan mode
TMR-2503 : Start to update net delay, extr mode = 3.
TMR-2504 : Update delay of 310 nets completely.
TMR-2502 : Annotate delay completely, extr mode = 3.
TMR-3501 : Forward propagation: start to calculate arrival time...
TMR-3502 : Backward propagation: start to calculate required time...
TMR-3503 : Timing propagation completes.
OPT-1001 : End timing update;  0.003197s wall, 0.000000s user + 0.000000s system = 0.000000s CPU (n/a%)

OPT-0007 : Start: WNS 2147483647 TNS 0 NUM_FEPS 0
OPT-1001 : End path based optimization;  0.038941s wall, 0.031250s user + 0.015625s system = 0.046875s CPU (120.4%)

OPT-1001 : Current memory(MB): used = 142, reserve = 114, peak = 144.
OPT-1001 : Update timing in Manhattan mode
TMR-2503 : Start to update net delay, extr mode = 3.
TMR-2504 : Update delay of 310 nets completely.
TMR-2502 : Annotate delay completely, extr mode = 3.
TMR-3501 : Forward propagation: start to calculate arrival time...
TMR-3502 : Backward propagation: start to calculate required time...
TMR-3503 : Timing propagation completes.
OPT-1001 : End timing update;  0.002582s wall, 0.000000s user + 0.000000s system = 0.000000s CPU (n/a%)

OPT-1001 : Start pin optimization...
OPT-1001 : skip pin optimization...
OPT-1001 : Update timing in global mode
PHY-1001 : Start incremental global routing, caller is place ...
RUN-1001 : Generating global routing grids ...
PHY-1001 : Generate routing nets ...
PHY-1001 : Reuse net number 235/312.
PHY-1001 : Global iterations in 16 thread ...
PHY-1002 : len = 5560, over cnt = 0(0%), over = 0, worst = 0
PHY-1001 : End global iterations;  0.001025s wall, 0.000000s user + 0.000000s system = 0.000000s CPU (n/a%)

PHY-1001 : Congestion index: top1 = 16.79, top5 = 4.47, top10 = 2.23, top15 = 1.49.
PHY-1001 : End incremental global routing;  0.036685s wall, 0.031250s user + 0.000000s system = 0.031250s CPU (85.2%)

TMR-2503 : Start to update net delay, extr mode = 5.
TMR-2504 : Update delay of 310 nets completely.
TMR-2502 : Annotate delay completely, extr mode = 5.
TMR-3501 : Forward propagation: start to calculate arrival time...
TMR-3502 : Backward propagation: start to calculate required time...
TMR-3503 : Timing propagation completes.
OPT-1001 : End timing update;  0.004047s wall, 0.000000s user + 0.000000s system = 0.000000s CPU (n/a%)

RUN-1001 : Generating global routing grids ...
PHY-1001 : Generate routing nets ...
PHY-1001 : Reuse net number 235/312.
PHY-1001 : Global iterations in 16 thread ...
PHY-1002 : len = 5560, over cnt = 0(0%), over = 0, worst = 0
PHY-1001 : End global iterations;  0.001040s wall, 0.000000s user + 0.000000s system = 0.000000s CPU (n/a%)

PHY-1001 : Congestion index: top1 = 16.79, top5 = 4.47, top10 = 2.23, top15 = 1.49.
OPT-1001 : Update timing in Manhattan mode
TMR-2503 : Start to update net delay, extr mode = 3.
TMR-2504 : Update delay of 310 nets completely.
TMR-2502 : Annotate delay completely, extr mode = 3.
TMR-3501 : Forward propagation: start to calculate arrival time...
TMR-3502 : Backward propagation: start to calculate required time...
TMR-3503 : Timing propagation completes.
OPT-1001 : End timing update;  0.003082s wall, 0.000000s user + 0.000000s system = 0.000000s CPU (n/a%)

RUN-1001 : QoR Analysis:
OPT-0007 :   WNS 2147483647 TNS 0 NUM_FEPS 0
RUN-1001 :   No local congestion issue, and most congested 1% tile average routing util is 16.344828
RUN-1001 :   Top critical paths
OPT-1001 : End physical optimization;  0.318924s wall, 0.187500s user + 0.015625s system = 0.203125s CPU (63.7%)

RUN-1003 : finish command "place" in  2.574208s wall, 0.843750s user + 0.468750s system = 1.312500s CPU (51.0%)

RUN-1004 : used memory is 128 MB, reserved memory is 99 MB, peak memory is 144 MB
RUN-1002 : start command "export_db display_place.db"
RUN-1001 : Exported /
RUN-1001 : Exported flow parameters
RUN-1001 : Exported libs
RUN-1001 : Exported entities
RUN-1001 : Exported ports
RUN-1001 : Exported pins
RUN-1001 : Exported instances
RUN-1001 : Exported nets
RUN-1001 : Exported buses
RUN-1001 : Exported models
RUN-1001 : Exported congestions
RUN-1001 : Exported violations
RUN-1001 : Exported timing constraints
RUN-1001 : Exported IO constraints
RUN-1001 : Exported Inst constraints
RUN-1002 : start command "route"
RUN-1001 : Open license file E:/Anlogic/TD5.6.59063/license/Anlogic.lic
RUN-1001 : Print Global Property
RUN-1001 : ---------------------------------------------------------------
RUN-1001 :        Parameters        |  Settings  |  Default Values  |  Note  
RUN-1001 : ---------------------------------------------------------------
RUN-1001 :          message         |  standard  |     standard     |        
RUN-1001 :   mixed_pack_place_flow  |     on     |        on        |        
RUN-1001 :        qor_monitor       |    off     |       off        |        
RUN-1001 :        syn_ip_flow       |    off     |       off        |        
RUN-1001 :          thread          |    auto    |       auto       |        
RUN-1001 : ---------------------------------------------------------------
RUN-1001 : Print Route Property
RUN-1001 : -------------------------------------------------------
RUN-1001 :    Parameters    |  Settings  |  Default Values  |  Note  
RUN-1001 : -------------------------------------------------------
RUN-1001 :      effort      |   medium   |      medium      |        
RUN-1001 :     fix_hold     |    off     |       off        |        
RUN-1001 :    opt_timing    |   medium   |      medium      |        
RUN-1001 :   phy_sim_model  |    off     |       off        |        
RUN-1001 :     priority     |   timing   |      timing      |        
RUN-1001 :     swap_pin     |     on     |        on        |        
RUN-1001 : -------------------------------------------------------
PHY-1001 : Route runs in 16 thread(s)
RUN-1001 : There are total 131 instances
RUN-1001 : 52 mslices, 52 lslices, 23 pads, 0 brams, 0 dsps
RUN-1001 : There are total 312 nets
RUN-1001 : 163 nets have 2 pins
RUN-1001 : 124 nets have [3 - 5] pins
RUN-1001 : 18 nets have [6 - 10] pins
RUN-1001 : 3 nets have [11 - 20] pins
RUN-1001 : 3 nets have [21 - 99] pins
RUN-1001 : 1 nets have 100+ pins
RUN-1002 : start command "start_timer -report"
TMR-2505 : Start building timing graph for model keyboard_instance.
TMR-2506 : Build timing graph completely. Port num: 7, tpin num: 1036, tnet num: 310, tinst num: 129, tnode num: 1294, tedge num: 1719.
TMR-2508 : Levelizing timing graph completed, there are 21 levels in total.
TMR-2501 : Timing graph initialized successfully.
PHY-1001 : 52 mslices, 52 lslices, 23 pads, 0 brams, 0 dsps
TMR-2503 : Start to update net delay, extr mode = 3.
TMR-2504 : Update delay of 310 nets completely.
TMR-2502 : Annotate delay completely, extr mode = 3.
TMR-3001 : Initiate 0 clocks from SDC.
TMR-3004 : Map sdc constraints, there are 0 constraints in total.
TMR-3003 : Constraints initiated successfully.
TMR-3501 : Forward propagation: start to calculate arrival time...
TMR-3502 : Backward propagation: start to calculate required time...
TMR-3503 : Timing propagation completes.
PHY-1001 : Start global routing, caller is route ...
RUN-1001 : Generating global routing grids ...
PHY-1001 : Generate routing nets ...
PHY-1001 : Global iterations in 16 thread ...
PHY-1002 : len = 4816, over cnt = 24(0%), over = 47, worst = 4
PHY-1002 : len = 5064, over cnt = 18(0%), over = 24, worst = 2
PHY-1002 : len = 5384, over cnt = 2(0%), over = 3, worst = 2
PHY-1002 : len = 5424, over cnt = 0(0%), over = 0, worst = 0
PHY-1001 : End global iterations;  0.038846s wall, 0.015625s user + 0.000000s system = 0.015625s CPU (40.2%)

PHY-1001 : Congestion index: top1 = 16.79, top5 = 4.42, top10 = 2.20, top15 = 1.47.
PHY-1001 : End global routing;  0.078896s wall, 0.062500s user + 0.000000s system = 0.062500s CPU (79.2%)

PHY-1001 : Start detail routing ...
PHY-1001 : Current memory(MB): used = 164, reserve = 136, peak = 177.
PHY-1001 : Detailed router is running in normal mode.
PHY-1001 : Generate detailed routing grids ...
PHY-1001 : Generate nets ...
PHY-1001 : net clk_50M_dup_1 will be routed on clock mesh
PHY-1001 : clock net U1/scan_clk_syn_4 will be merged with clock U1/scan_clk
PHY-1001 : Current memory(MB): used = 431, reserve = 407, peak = 431.
PHY-1001 : End build detailed router design. 3.641914s wall, 2.218750s user + 0.015625s system = 2.234375s CPU (61.4%)

PHY-1001 : Detail Route ...
PHY-1001 : ===== Detail Route Phase 1 =====
PHY-1001 : Clock net routing.....
PHY-1001 : Routed 0% nets.
PHY-1022 : len = 5248, over cnt = 0(0%), over = 0, worst = 0, crit = 0
PHY-1001 : End initial clock net routed; 0.263114s wall, 0.171875s user + 0.000000s system = 0.171875s CPU (65.3%)

PHY-1001 : Current memory(MB): used = 460, reserve = 437, peak = 460.
PHY-1001 : End phase 1; 0.268440s wall, 0.171875s user + 0.000000s system = 0.171875s CPU (64.0%)

PHY-1001 : ===== Detail Route Phase 2 =====
PHY-1001 : Initial routing.....
PHY-1001 : Routed 33% nets.
PHY-1001 : Patch 158 net; 0.034294s wall, 0.031250s user + 0.000000s system = 0.031250s CPU (91.1%)

PHY-1022 : len = 13672, over cnt = 27(0%), over = 27, worst = 1, crit = 0
PHY-1001 : Current memory(MB): used = 460, reserve = 437, peak = 460.
PHY-1001 : End initial routed; 0.051361s wall, 0.031250s user + 0.000000s system = 0.031250s CPU (60.8%)

PHY-1001 : Update timing.....
PHY-1001 : 0/265(0%) critical/total net(s).
RUN-1001 : ------------------------------------------
RUN-1001 :   Type   |    WNS(ns)    |  TNS(ns)  |  FEP  
RUN-1001 : ------------------------------------------
RUN-1001 :   Setup  |  2147483.647  |   0.000   |   0   
RUN-1001 :   Hold   |  2147483.647  |   0.000   |   0   
RUN-1001 : ------------------------------------------
PHY-1001 : End update timing; 0.134278s wall, 0.125000s user + 0.000000s system = 0.125000s CPU (93.1%)

PHY-1001 : Current memory(MB): used = 460, reserve = 437, peak = 460.
PHY-1001 : End phase 2; 0.185732s wall, 0.156250s user + 0.000000s system = 0.156250s CPU (84.1%)

PHY-1001 : ===== Detail Route Phase 3 =====
PHY-1001 : Optimize timing.....
PHY-1022 : len = 13672, over cnt = 27(0%), over = 27, worst = 1, crit = 0
PHY-1001 : End optimize timing; 0.005767s wall, 0.000000s user + 0.000000s system = 0.000000s CPU (n/a%)

PHY-1001 : Ripup-reroute.....
PHY-1001 : ===== DR Iter 1 =====
PHY-1022 : len = 13720, over cnt = 11(0%), over = 11, worst = 1, crit = 0
PHY-1001 : End DR Iter 1; 0.024531s wall, 0.031250s user + 0.000000s system = 0.031250s CPU (127.4%)

PHY-1001 : ===== DR Iter 2 =====
PHY-1022 : len = 13816, over cnt = 1(0%), over = 1, worst = 1, crit = 0
PHY-1001 : End DR Iter 2; 0.016062s wall, 0.015625s user + 0.000000s system = 0.015625s CPU (97.3%)

PHY-1001 : ===== DR Iter 3 =====
PHY-1022 : len = 13856, over cnt = 0(0%), over = 0, worst = 0, crit = 0
PHY-1001 : End DR Iter 3; 0.012970s wall, 0.015625s user + 0.000000s system = 0.015625s CPU (120.5%)

PHY-1001 : Update timing.....
PHY-1001 : 0/265(0%) critical/total net(s).
RUN-1001 : ------------------------------------------
RUN-1001 :   Type   |    WNS(ns)    |  TNS(ns)  |  FEP  
RUN-1001 : ------------------------------------------
RUN-1001 :   Setup  |  2147483.647  |   0.000   |   0   
RUN-1001 :   Hold   |  2147483.647  |   0.000   |   0   
RUN-1001 : ------------------------------------------
PHY-1001 : End update timing; 0.125412s wall, 0.078125s user + 0.000000s system = 0.078125s CPU (62.3%)

PHY-1001 : Commit to database.....
PHY-1001 : 8 feed throughs used by 6 nets
PHY-1001 : End commit to database; 0.026393s wall, 0.015625s user + 0.000000s system = 0.015625s CPU (59.2%)

PHY-1001 : Current memory(MB): used = 470, reserve = 446, peak = 470.
PHY-1001 : End phase 3; 0.359038s wall, 0.281250s user + 0.000000s system = 0.281250s CPU (78.3%)

PHY-1003 : Routed, final wirelength = 13856
PHY-1001 : Current memory(MB): used = 470, reserve = 446, peak = 470.
PHY-1001 : End export database. 0.004914s wall, 0.000000s user + 0.000000s system = 0.000000s CPU (n/a%)

PHY-1001 : End detail routing;  4.655771s wall, 2.953125s user + 0.031250s system = 2.984375s CPU (64.1%)

RUN-1003 : finish command "route" in  4.912963s wall, 3.093750s user + 0.031250s system = 3.125000s CPU (63.6%)

RUN-1004 : used memory is 429 MB, reserved memory is 405 MB, peak memory is 470 MB
RUN-1002 : start command "report_area -io_info -file display_phy.area"
RUN-1001 : standard
***Report Model: keyboard_instance Device: EG4S20BG256***

IO Statistics
#IO                        23
  #input                    6
  #output                  17
  #inout                    0

Utilization Statistics
#lut                      169   out of  19600    0.86%
#reg                      138   out of  19600    0.70%
#le                       200
  #lut only                62   out of    200   31.00%
  #reg only                31   out of    200   15.50%
  #lut&reg                107   out of    200   53.50%
#dsp                        0   out of     29    0.00%
#bram                       0   out of     64    0.00%
  #bram9k                   0
  #fifo9k                   0
#bram32k                    0   out of     16    0.00%
#pad                       23   out of    188   12.23%
  #ireg                     0
  #oreg                     0
  #treg                     0
#pll                        0   out of      4    0.00%
#gclk                       2   out of     16   12.50%

Clock Resource Statistics
Index     ClockNet         Type               DriverType         Driver                      Fanout
#1        clk_50M_dup_1    GCLK               io                 clk_50M_syn_2.di            64
#2        U1/scan_clk      GCLK               mslice             U1/scan_clk_reg_syn_9.q1    10


Detailed IO Report

        Name           Direction    Location    IOStandard    DriveStrength    PullType    PackReg  
        RSTn             INPUT         A9        LVCMOS33          N/A          PULLUP      NONE    
       clk_50M           INPUT         R7        LVCMOS33          N/A          PULLUP      NONE    
       col[3]            INPUT        F10        LVCMOS33          N/A          PULLUP      NONE    
       col[2]            INPUT        C11        LVCMOS33          N/A          PULLUP      NONE    
       col[1]            INPUT        D11        LVCMOS33          N/A          PULLUP      NONE    
       col[0]            INPUT        E11        LVCMOS33          N/A          PULLUP      NONE    
  DigitronCS_Out[3]     OUTPUT         A3        LVCMOS33           8            NONE       NONE    
  DigitronCS_Out[2]     OUTPUT         A5        LVCMOS33           8            NONE       NONE    
  DigitronCS_Out[1]     OUTPUT         B6        LVCMOS33           8            NONE       NONE    
  DigitronCS_Out[0]     OUTPUT         C9        LVCMOS33           8            NONE       NONE    
   Digitron_Out[7]      OUTPUT         C8        LVCMOS33           8            NONE       NONE    
   Digitron_Out[6]      OUTPUT         A8        LVCMOS33           8            NONE       NONE    
   Digitron_Out[5]      OUTPUT         B5        LVCMOS33           8            NONE       NONE    
   Digitron_Out[4]      OUTPUT         A7        LVCMOS33           8            NONE       NONE    
   Digitron_Out[3]      OUTPUT         E8        LVCMOS33           8            NONE       NONE    
   Digitron_Out[2]      OUTPUT         B8        LVCMOS33           8            NONE       NONE    
   Digitron_Out[1]      OUTPUT         A6        LVCMOS33           8            NONE       NONE    
   Digitron_Out[0]      OUTPUT         A4        LVCMOS33           8            NONE       NONE    
        light           OUTPUT        B14        LVCMOS33           8            NONE       NONE    
       row[3]           OUTPUT         D9        LVCMOS33           8            NONE       NONE    
       row[2]           OUTPUT         F9        LVCMOS33           8            NONE       NONE    
       row[1]           OUTPUT        C10        LVCMOS33           8            NONE       NONE    
       row[0]           OUTPUT        E10        LVCMOS33           8            NONE       NONE    

Report Hierarchy Area:
+-------------------------------------------------------------------------------------------+
|Instance |Module                      |le     |lut     |ripple  |seq     |bram    |dsp     |
+-------------------------------------------------------------------------------------------+
|top      |keyboard_instance           |200    |144     |25      |138     |0       |0       |
|  U1     |keyboard_scan               |71     |48      |9       |54      |0       |0       |
|  U2     |key_filter                  |59     |36      |6       |49      |0       |0       |
|  U3     |onehot2binary               |35     |35      |0       |19      |0       |0       |
|  U5     |Digitron_TimeDisplay_module |28     |18      |10      |16      |0       |0       |
+-------------------------------------------------------------------------------------------+


DataNet Average Fanout:

   Index     Fanout    Nets  
    #1         1       140   
    #2         2        92   
    #3         3        15   
    #4         4        17   
    #5        5-10      18   
    #6       11-50      3    
  Average     2.21           

RUN-1002 : start command "export_db display_pr.db"
RUN-1001 : Exported /
RUN-1001 : Exported flow parameters
RUN-1001 : Exported libs
RUN-1001 : Exported entities
RUN-1001 : Exported ports
RUN-1001 : Exported pins
RUN-1001 : Exported instances
RUN-1001 : Exported nets
RUN-1001 : Exported buses
RUN-1001 : Exported models
RUN-1001 : Exported congestions
RUN-1001 : Exported violations
RUN-1001 : Exported timing constraints
RUN-1001 : Exported IO constraints
RUN-1001 : Exported Inst constraints
RUN-1002 : start command "export_bid display_inst.bid"
RUN-1002 : start command "bitgen -bit display.bit -unused_io_status pulldown"
BIT-1003 : Start to generate bitstream. 
BIT-1002 : Bitgen processed 165 unused pads, reserve input tri_state with pulldown
BIT-1002 : Init instances with 16 threads.
BIT-1002 : Init instances completely, inst num: 294
BIT-1002 : Init pips with 16 threads.
BIT-1002 : Init pips completely, net num: 312, pip num: 1817
BIT-1002 : Init feedthrough completely, num: 8
BIT-1003 : Multithreading accelaration with 16 threads.
BIT-1003 : Generate bitstream completely, there are 413 valid insts, and 6104 bits set as '1'.
BIT-1004 : PLL setting string = 0000
BIT-1004 : Generate bits file display.bit.
RUN-1003 : finish command "bitgen -bit display.bit -unused_io_status pulldown" in  1.241239s wall, 3.968750s user + 0.015625s system = 3.984375s CPU (321.0%)

RUN-1004 : used memory is 437 MB, reserved memory is 417 MB, peak memory is 614 MB
RUN-1002 : start command "backup_run_log run.log ../.logs/phy_1/td_20240827_000520.log"
