============================================================
   Tang Dynasty, V5.6.59063
   Copyright (c) 2012-2022 Anlogic
   Executable = E:/Anlogic/TD5.6.59063/bin/td.exe
   Built at =   12:45:13 Sep  6 2022
   Run by =     19234
   Run Date =   Tue Aug 27 00:03:56 2024

   Run on =     ERIKPSW
============================================================
RUN-1002 : start command "open_project display.prj"
RUN-1001 : Print Global Property
RUN-1001 : ---------------------------------------------------------------
RUN-1001 :        Parameters        |  Settings  |  Default Values  |  Note  
RUN-1001 : ---------------------------------------------------------------
RUN-1001 :          message         |  standard  |     standard     |        
RUN-1001 :   mixed_pack_place_flow  |     on     |        on        |        
RUN-1001 :        qor_monitor       |    off     |       off        |        
RUN-1001 :        syn_ip_flow       |    off     |       off        |        
RUN-1001 :          thread          |    auto    |       auto       |        
RUN-1001 : ---------------------------------------------------------------
RUN-1001 : Print Design Property
RUN-1001 : --------------------------------------------------------------
RUN-1001 :        Parameters       |  Settings  |  Default Values  |  Note  
RUN-1001 : --------------------------------------------------------------
RUN-1001 :   default_reg_initial   |    auto    |       auto       |        
RUN-1001 :        infer_add        |     on     |        on        |        
RUN-1001 :        infer_fsm        |    off     |       off        |        
RUN-1001 :        infer_mult       |     on     |        on        |        
RUN-1001 :        infer_ram        |     on     |        on        |        
RUN-1001 :        infer_reg        |     on     |        on        |        
RUN-1001 :   infer_reg_init_value  |     on     |        on        |        
RUN-1001 :        infer_rom        |     on     |        on        |        
RUN-1001 :      infer_shifter      |     on     |        on        |        
RUN-1001 : --------------------------------------------------------------
RUN-1001 : Print Rtl Property
RUN-1001 : --------------------------------------------------------------
RUN-1001 :        Parameters       |  Settings  |  Default Values  |  Note  
RUN-1001 : --------------------------------------------------------------
RUN-1001 :       compress_add      |   ripple   |      ripple      |        
RUN-1001 :        elf_sload        |    off     |       off        |        
RUN-1001 :       fix_undriven      |     0      |        0         |        
RUN-1001 :         flatten         |    off     |       off        |        
RUN-1001 :       gate_sharing      |     on     |        on        |        
RUN-1001 :    hdl_warning_level    |   normal   |      normal      |        
RUN-1001 :   impl_internal_tribuf  |     on     |        on        |        
RUN-1001 :      impl_set_reset     |     on     |        on        |        
RUN-1001 :        infer_gsr        |    off     |       off        |        
RUN-1001 :      keep_hierarchy     |    auto    |       auto       |        
RUN-1001 :        max_fanout       |    9999    |       9999       |        
RUN-1001 :      max_oh2bin_len     |     10     |        10        |        
RUN-1001 :       merge_equal       |     on     |        on        |        
RUN-1001 :       merge_equiv       |     on     |        on        |        
RUN-1001 :        merge_mux        |    off     |       off        |        
RUN-1001 :     min_control_set     |     8      |        8         |        
RUN-1001 :      min_ripple_len     |    auto    |       auto       |        
RUN-1001 :       oh2bin_ratio      |    0.08    |       0.08       |        
RUN-1001 :     opt_adder_fanout    |     on     |        on        |        
RUN-1001 :        opt_arith        |     on     |        on        |        
RUN-1001 :       opt_big_gate      |    off     |       off        |        
RUN-1001 :        opt_const        |     on     |        on        |        
RUN-1001 :      opt_const_mult     |     on     |        on        |        
RUN-1001 :       opt_lessthan      |     on     |        on        |        
RUN-1001 :         opt_mux         |    off     |       off        |        
RUN-1001 :         opt_ram         |    high    |       high       |        
RUN-1001 :      rtl_sim_model      |    off     |       off        |        
RUN-1001 :         seq_syn         |     on     |        on        |        
RUN-1001 : --------------------------------------------------------------
HDL-1007 : analyze verilog file ../../keyboard_instance.v
HDL-1007 : analyze verilog file ../../keyboard_scan.v
HDL-1007 : analyze verilog file ../../onehot2binary.v
HDL-1007 : analyze verilog file ../../key_filter.v
HDL-1007 : analyze verilog file ../../Digitron_TimeDisplay_module.v
RUN-1001 : Project manager successfully analyzed 5 source files.
RUN-1002 : start command "import_device eagle_s20.db -package EG4S20BG256"
ARC-1001 : Device Initialization.
ARC-1001 : ------------------------------------------------------------------
ARC-1001 :            OPTION            |          IO          |   SETTING   
ARC-1001 : ------------------------------------------------------------------
ARC-1001 :   cso_b/cclk/mosi/miso/dout  |  T3/R11/T10/P10/S11  |    gpio    
ARC-1001 :             done             |         P13          |    gpio    
ARC-1001 :           program_b          |          T2          |  dedicate  
ARC-1001 :        tdi/tms/tck/tdo       |   C12/A15/C14/E14    |  dedicate  
ARC-1001 : ------------------------------------------------------------------
ARC-1004 : Device setting, marked 5 dedicate IOs in total.
RUN-1002 : start command "import_db ../syn_1/display_gate.db"
RUN-1001 : Importing database generated by Tang Dynasty, V5.6.59063.
RUN-1001 : Database version number 46140.
RUN-1001 : Import flow parameters
RUN-1001 : Import timing constraints
RUN-1001 : Import IO constraints
RUN-1001 : Import Inst constraints
RUN-1001 : Import design success TD_VERSION=5.6.59063 , DB_VERSION=46140
RUN-1002 : start command "read_sdc"
USR-1002 : read_sdc file_name -help -h -eco
USR-1009 : NO module with IP_SDC ...
RUN-1104 : Import SDC file  finished, there are 0 nets kept by constraints.
RUN-1002 : start command "place"
RUN-1001 : Open license file E:/Anlogic/TD5.6.59063/license/Anlogic.lic
RUN-1001 : Print Global Property
RUN-1001 : ---------------------------------------------------------------
RUN-1001 :        Parameters        |  Settings  |  Default Values  |  Note  
RUN-1001 : ---------------------------------------------------------------
RUN-1001 :          message         |  standard  |     standard     |        
RUN-1001 :   mixed_pack_place_flow  |     on     |        on        |        
RUN-1001 :        qor_monitor       |    off     |       off        |        
RUN-1001 :        syn_ip_flow       |    off     |       off        |        
RUN-1001 :          thread          |    auto    |       auto       |        
RUN-1001 : ---------------------------------------------------------------
RUN-1001 : Print Place Property
RUN-1001 : --------------------------------------------------------------
RUN-1001 :        Parameters       |  Settings  |  Default Values  |  Note  
RUN-1001 : --------------------------------------------------------------
RUN-1001 :      detailed_place     |     on     |        on        |        
RUN-1001 :          effort         |   medium   |      medium      |        
RUN-1001 :         fix_hold        |    off     |       off        |        
RUN-1001 :       legalization      |    ori     |       ori        |        
RUN-1001 :      new_spreading      |     on     |        on        |        
RUN-1001 :        opt_timing       |   medium   |      medium      |        
RUN-1001 :   post_clock_route_opt  |    off     |       off        |        
RUN-1001 :       pr_strategy       |     1      |        1         |        
RUN-1001 :        relaxation       |    1.00    |       1.00       |        
RUN-1001 :         retiming        |    off     |       off        |        
RUN-1001 : --------------------------------------------------------------
PHY-3001 : Placer runs in 16 thread(s).
RUN-1002 : start command "legalize_phy_inst"
SYN-1011 : Flatten model keyboard_instance
SYN-5055 WARNING: The kept net U5/data[11] will be merged to another kept net _al_n1
SYN-5055 WARNING: The kept net U5/data[10] will be merged to another kept net _al_n1
SYN-5055 WARNING: The kept net U5/data[9] will be merged to another kept net _al_n1
SYN-5055 WARNING: The kept net U5/data[8] will be merged to another kept net _al_n1
RUN-1002 : start command "phys_opt -simplify_lut"
SYN-4024 : Net "clk_50M_dup_1" drives clk pins.
SYN-4024 : Net "U1/scan_clk" drives clk pins.
SYN-4025 : Tag rtl::Net U1/scan_clk as clock net
SYN-4025 : Tag rtl::Net clk_50M_dup_1 as clock net
SYN-4026 : Tagged 2 rtl::Net as clock net
SYN-4015 : Create BUFG instance for clk Net U1/scan_clk to drive 20 clock pins.
PHY-1001 : Populate physical database on model keyboard_instance.
RUN-1001 : There are total 290 instances
RUN-0007 : 116 luts, 122 seqs, 10 mslices, 15 lslices, 23 pads, 0 brams, 0 dsps
RUN-1001 : There are total 360 nets
RUN-1001 : 211 nets have 2 pins
RUN-1001 : 130 nets have [3 - 5] pins
RUN-1001 : 12 nets have [6 - 10] pins
RUN-1001 : 2 nets have [11 - 20] pins
RUN-1001 : 3 nets have [21 - 99] pins
RUN-1001 : 2 nets have 100+ pins
RUN-1001 : Report Control nets information:
RUN-1001 : DFF Distribution
RUN-1001 : ----------------------------------
RUN-1001 :   CE   |  SSR  |  ASR  |  DFF Count  
RUN-1001 : ----------------------------------
RUN-1001 :   No   |  No   |  No   |     70      
RUN-1001 :   No   |  No   |  Yes  |     20      
RUN-1001 :   No   |  Yes  |  No   |      0      
RUN-1001 :   Yes  |  No   |  No   |      0      
RUN-1001 :   Yes  |  No   |  Yes  |     32      
RUN-1001 :   Yes  |  Yes  |  No   |      0      
RUN-1001 : ----------------------------------
RUN-0007 : Control Group Statistic
RUN-0007 : ---------------------------
RUN-0007 :   #CLK  |  #CE  |  #SSR/ASR  
RUN-0007 : ---------------------------
RUN-0007 :    2    |   2   |     2      
RUN-0007 : ---------------------------
RUN-0007 : Control Set = 4
PHY-3001 : Initial placement ...
PHY-3001 : design contains 288 instances, 116 luts, 122 seqs, 25 slices, 3 macros(25 instances: 10 mslices 15 lslices)
PHY-0007 : Cell area utilization is 0%
PHY-3001 : Start timing update ...
RUN-1002 : start command "start_timer -report"
TMR-2505 : Start building timing graph for model keyboard_instance.
TMR-2506 : Build timing graph completely. Port num: 7, tpin num: 1215, tnet num: 358, tinst num: 288, tnode num: 1568, tedge num: 1924.
TMR-2508 : Levelizing timing graph completed, there are 21 levels in total.
TMR-2501 : Timing graph initialized successfully.
TMR-2503 : Start to update net delay, extr mode = 2.
TMR-2504 : Update delay of 358 nets completely.
TMR-2502 : Annotate delay completely, extr mode = 2.
TMR-3001 : Initiate 0 clocks from SDC.
TMR-3004 : Map sdc constraints, there are 0 constraints in total.
TMR-3003 : Constraints initiated successfully.
TMR-3501 : Forward propagation: start to calculate arrival time...
TMR-3502 : Backward propagation: start to calculate required time...
TMR-3503 : Timing propagation completes.
PHY-3001 : End timing update;  0.117216s wall, 0.109375s user + 0.000000s system = 0.109375s CPU (93.3%)

PHY-3001 : Global placement ...
PHY-3001 : Initial: Len = 71546.2
PHY-3001 : Clustering ...
PHY-3001 : Level 0 #clusters 288.
PHY-3001 : End clustering;  0.000014s wall, 0.000000s user + 0.000000s system = 0.000000s CPU (n/a%)

PHY-3001 : Run with size of 4
PHY-3001 : Cell area utilization is 0%
PHY-3001 : :::0::: Try harder cell spreading with beta_ = 0
PHY-3002 : Step(1): len = 46521.8, overlap = 0
PHY-3002 : Step(2): len = 30988.7, overlap = 0
PHY-3002 : Step(3): len = 23504.6, overlap = 0
PHY-3002 : Step(4): len = 19233, overlap = 0
PHY-3002 : Step(5): len = 16456.6, overlap = 0
PHY-3002 : Step(6): len = 16078.2, overlap = 0
PHY-3002 : Step(7): len = 14751.9, overlap = 0
PHY-3002 : Step(8): len = 14364.1, overlap = 0
PHY-3002 : Step(9): len = 14854.1, overlap = 0
PHY-3002 : Step(10): len = 13649, overlap = 0
PHY-3002 : Step(11): len = 12990.8, overlap = 0
PHY-3002 : Step(12): len = 12222.5, overlap = 0
PHY-3002 : Step(13): len = 11696.8, overlap = 0
PHY-3002 : Step(14): len = 10926.4, overlap = 0
PHY-3002 : Step(15): len = 10720.7, overlap = 0
PHY-3002 : Step(16): len = 10426.8, overlap = 0
PHY-3002 : Step(17): len = 9403.9, overlap = 0
PHY-3002 : Step(18): len = 9600.4, overlap = 0
PHY-3002 : Step(19): len = 9476.6, overlap = 0
PHY-3002 : Step(20): len = 8954.2, overlap = 0
PHY-3002 : Step(21): len = 8571.3, overlap = 0
PHY-3002 : Step(22): len = 8462.2, overlap = 0
PHY-3002 : Step(23): len = 8205.7, overlap = 0
PHY-3002 : Step(24): len = 7995.1, overlap = 0
PHY-3002 : Step(25): len = 7879.1, overlap = 0
PHY-3002 : Step(26): len = 8161.8, overlap = 0
PHY-3002 : Step(27): len = 7993.7, overlap = 0
PHY-3002 : Step(28): len = 7565.7, overlap = 0
PHY-3002 : Step(29): len = 7302.3, overlap = 0
PHY-3002 : Step(30): len = 7290, overlap = 0
PHY-3002 : Step(31): len = 7156.4, overlap = 0
PHY-3002 : Step(32): len = 6542.7, overlap = 0
PHY-3002 : Step(33): len = 6652.8, overlap = 0
PHY-3002 : Step(34): len = 6108.7, overlap = 0
PHY-3002 : Step(35): len = 6009.3, overlap = 0
PHY-3002 : Step(36): len = 6070.9, overlap = 0
PHY-3002 : Step(37): len = 6022.8, overlap = 0
PHY-3002 : Step(38): len = 6167.6, overlap = 0
PHY-3002 : Step(39): len = 6118.7, overlap = 0
PHY-3002 : Step(40): len = 5812, overlap = 0
PHY-3002 : Step(41): len = 5831.8, overlap = 0
PHY-3002 : Step(42): len = 5548.8, overlap = 0
PHY-3002 : Step(43): len = 5520.7, overlap = 0
PHY-3002 : Step(44): len = 5672.1, overlap = 0
PHY-3002 : Step(45): len = 5343.5, overlap = 0
PHY-3002 : Step(46): len = 5432.3, overlap = 0
PHY-3002 : Step(47): len = 4571.2, overlap = 0
PHY-3002 : Step(48): len = 4571.1, overlap = 0
PHY-3002 : Step(49): len = 4164.3, overlap = 0
PHY-3002 : Step(50): len = 3865.3, overlap = 0
PHY-3002 : Step(51): len = 3885.7, overlap = 0
PHY-3002 : Step(52): len = 3789.6, overlap = 0
PHY-3002 : Step(53): len = 3764.8, overlap = 0
PHY-3002 : Step(54): len = 3824.6, overlap = 0
PHY-3002 : Step(55): len = 3531.7, overlap = 0
PHY-3002 : Step(56): len = 3482.8, overlap = 0
PHY-3002 : Step(57): len = 3389.3, overlap = 0
PHY-3001 : Legalization ...
PHY-3001 : End legalization;  0.004129s wall, 0.000000s user + 0.000000s system = 0.000000s CPU (n/a%)

PHY-3001 : Run with size of 4
PHY-3001 : Cell area utilization is 1%
PHY-3001 : Update timing in Manhattan mode ...
TMR-2503 : Start to update net delay, extr mode = 3.
TMR-2504 : Update delay of 358 nets completely.
TMR-2502 : Annotate delay completely, extr mode = 3.
TMR-3501 : Forward propagation: start to calculate arrival time...
TMR-3502 : Backward propagation: start to calculate required time...
TMR-3503 : Timing propagation completes.
PHY-3001 : End timing update;  0.003858s wall, 0.000000s user + 0.000000s system = 0.000000s CPU (n/a%)

PHY-3001 : :::0::: Try harder cell spreading with beta_ = 0
PHY-3002 : Step(58): len = 3209.4, overlap = 0
PHY-3002 : Step(59): len = 3209.4, overlap = 0
PHY-3002 : Step(60): len = 3160, overlap = 0
PHY-3002 : Step(61): len = 3160, overlap = 0
PHY-3002 : Step(62): len = 3126.1, overlap = 0
PHY-3002 : Step(63): len = 3143.9, overlap = 0
PHY-3002 : Step(64): len = 3143.9, overlap = 0
PHY-3001 : Run with size of 2
PHY-3001 : Cell area utilization is 1%
PHY-3001 : Update timing in Manhattan mode ...
TMR-2503 : Start to update net delay, extr mode = 3.
TMR-2504 : Update delay of 358 nets completely.
TMR-2502 : Annotate delay completely, extr mode = 3.
TMR-3501 : Forward propagation: start to calculate arrival time...
TMR-3502 : Backward propagation: start to calculate required time...
TMR-3503 : Timing propagation completes.
PHY-3001 : End timing update;  0.003465s wall, 0.000000s user + 0.000000s system = 0.000000s CPU (n/a%)

PHY-3001 : :::0::: Try harder cell spreading with beta_ = 0
PHY-3002 : Step(65): len = 3113.3, overlap = 0.3125
PHY-3002 : Step(66): len = 3128.6, overlap = 0.3125
PHY-3002 : Step(67): len = 3128.6, overlap = 0.3125
OPT-1001 : Start physical optimization ...
RUN-1002 : start command "start_timer -report"
TMR-2505 : Start building timing graph for model keyboard_instance.
TMR-2506 : Build timing graph completely. Port num: 7, tpin num: 1215, tnet num: 358, tinst num: 288, tnode num: 1568, tedge num: 1924.
TMR-2508 : Levelizing timing graph completed, there are 21 levels in total.
TMR-2501 : Timing graph initialized successfully.
OPT-1001 : Total overflow 9.03 peak overflow 1.38
OPT-1001 : Start high-fanout net optimization ...
OPT-1001 : Update timing in global mode
PHY-1001 : Start incremental global routing, caller is place ...
RUN-1001 : Generating global routing grids ...
RUN-1001 : Building simple global routing graph ...
PHY-1001 : Generate routing nets ...
PHY-1001 : Reuse net number 0/360.
PHY-1001 : Global iterations in 16 thread ...
PHY-1002 : len = 3048, over cnt = 16(0%), over = 82, worst = 13
PHY-1001 : End global iterations;  0.010759s wall, 0.000000s user + 0.000000s system = 0.000000s CPU (n/a%)

PHY-1001 : Congestion index: top1 = 9.96, top5 = 2.50, top10 = 1.25, top15 = 0.83.
PHY-1001 : End incremental global routing;  0.051504s wall, 0.015625s user + 0.000000s system = 0.015625s CPU (30.3%)

TMR-2503 : Start to update net delay, extr mode = 5.
TMR-2504 : Update delay of 358 nets completely.
TMR-2502 : Annotate delay completely, extr mode = 5.
TMR-3001 : Initiate 0 clocks from SDC.
TMR-3004 : Map sdc constraints, there are 0 constraints in total.
TMR-3003 : Constraints initiated successfully.
TMR-3501 : Forward propagation: start to calculate arrival time...
TMR-3502 : Backward propagation: start to calculate required time...
TMR-3503 : Timing propagation completes.
OPT-1001 : End timing update;  0.004057s wall, 0.000000s user + 0.000000s system = 0.000000s CPU (n/a%)

OPT-1001 : 0 high-fanout net processed.
OPT-1001 : End high-fanout net optimization;  0.058281s wall, 0.015625s user + 0.000000s system = 0.015625s CPU (26.8%)

OPT-1001 : Current memory(MB): used = 139, reserve = 110, peak = 139.
OPT-1001 : Start global optimization ...
OPT-1001 : Start congestion update ...
RUN-1001 : Generating global routing grids ...
PHY-1001 : Generate routing nets ...
PHY-1001 : Reuse net number 139/360.
PHY-1001 : Global iterations in 16 thread ...
PHY-1002 : len = 3048, over cnt = 16(0%), over = 82, worst = 13
PHY-1002 : len = 3688, over cnt = 11(0%), over = 13, worst = 2
PHY-1002 : len = 3752, over cnt = 5(0%), over = 5, worst = 1
PHY-1002 : len = 3816, over cnt = 1(0%), over = 1, worst = 1
PHY-1002 : len = 3848, over cnt = 0(0%), over = 0, worst = 0
PHY-1001 : End global iterations;  0.017069s wall, 0.000000s user + 0.000000s system = 0.000000s CPU (n/a%)

PHY-1001 : Congestion index: top1 = 10.56, top5 = 2.95, top10 = 1.47, top15 = 0.98.
OPT-1001 : End congestion update;  0.050957s wall, 0.000000s user + 0.000000s system = 0.000000s CPU (n/a%)

OPT-1001 : Update timing in Manhattan mode
TMR-2503 : Start to update net delay, extr mode = 3.
TMR-2504 : Update delay of 358 nets completely.
TMR-2502 : Annotate delay completely, extr mode = 3.
TMR-3501 : Forward propagation: start to calculate arrival time...
TMR-3502 : Backward propagation: start to calculate required time...
TMR-3503 : Timing propagation completes.
OPT-1001 : End timing update;  0.003419s wall, 0.000000s user + 0.000000s system = 0.000000s CPU (n/a%)

OPT-0007 : Start: WNS 2147483647 TNS 0 NUM_FEPS 0
OPT-1001 : End global optimization;  0.054444s wall, 0.000000s user + 0.000000s system = 0.000000s CPU (n/a%)

OPT-1001 : Current memory(MB): used = 140, reserve = 111, peak = 140.
OPT-1001 : End physical optimization;  0.244635s wall, 0.109375s user + 0.000000s system = 0.109375s CPU (44.7%)

PHY-3001 : Start packing ...
SYN-4007 : Packing 0 MUX to BLE ...
SYN-4008 : Packed 0 MUX and 0 SEQ to BLE.
SYN-4007 : Packing 116 LUT to BLE ...
SYN-4008 : Packed 116 LUT and 48 SEQ to BLE.
SYN-4003 : Packing 74 remaining SEQ's ...
SYN-4005 : Packed 48 SEQ with LUT/SLICE
SYN-4006 : 24 single LUT's are left
SYN-4006 : 26 single SEQ's are left
SYN-4011 : Packing model "keyboard_instance" (AL_USER_NORMAL) with 142/194 primitive instances ...
PHY-3001 : End packing;  0.007348s wall, 0.000000s user + 0.000000s system = 0.000000s CPU (n/a%)

PHY-1001 : Populate physical database on model keyboard_instance.
RUN-1001 : There are total 128 instances
RUN-1001 : 51 mslices, 50 lslices, 23 pads, 0 brams, 0 dsps
RUN-1001 : There are total 312 nets
RUN-1001 : 163 nets have 2 pins
RUN-1001 : 126 nets have [3 - 5] pins
RUN-1001 : 16 nets have [6 - 10] pins
RUN-1001 : 3 nets have [11 - 20] pins
RUN-1001 : 3 nets have [21 - 99] pins
RUN-1001 : 1 nets have 100+ pins
PHY-3001 : design contains 126 instances, 101 slices, 3 macros(25 instances: 10 mslices 15 lslices)
PHY-3001 : Cell area utilization is 1%
PHY-3001 : After packing: Len = 3381.6, Over = 4
PHY-3001 : Run with size of 2
PHY-3001 : Cell area utilization is 1%
PHY-3001 : Update timing in Manhattan mode ...
RUN-1002 : start command "start_timer -report"
TMR-2505 : Start building timing graph for model keyboard_instance.
TMR-2506 : Build timing graph completely. Port num: 7, tpin num: 1032, tnet num: 310, tinst num: 126, tnode num: 1290, tedge num: 1711.
TMR-2508 : Levelizing timing graph completed, there are 21 levels in total.
TMR-2501 : Timing graph initialized successfully.
TMR-2503 : Start to update net delay, extr mode = 3.
TMR-2504 : Update delay of 310 nets completely.
TMR-2502 : Annotate delay completely, extr mode = 3.
TMR-3001 : Initiate 0 clocks from SDC.
TMR-3004 : Map sdc constraints, there are 0 constraints in total.
TMR-3003 : Constraints initiated successfully.
TMR-3501 : Forward propagation: start to calculate arrival time...
TMR-3502 : Backward propagation: start to calculate required time...
TMR-3503 : Timing propagation completes.
PHY-3001 : End timing update;  0.141207s wall, 0.078125s user + 0.000000s system = 0.078125s CPU (55.3%)

PHY-3001 : :::0::: Try harder cell spreading with beta_ = 0.000863426
PHY-3002 : Step(68): len = 3386, overlap = 3.75
PHY-3002 : Step(69): len = 3398.6, overlap = 3.5
PHY-3002 : Step(70): len = 3287.9, overlap = 2.75
PHY-3001 : :::1::: Try harder cell spreading with beta_ = 0.00172685
PHY-3002 : Step(71): len = 3271.5, overlap = 2.75
PHY-3002 : Step(72): len = 3271.5, overlap = 2.75
PHY-3001 : :::2::: Try harder cell spreading with beta_ = 0.00345371
PHY-3002 : Step(73): len = 3219.4, overlap = 3
PHY-3002 : Step(74): len = 3210.6, overlap = 3
PHY-3001 : Legalization ...
PHY-3001 : End legalization;  0.033777s wall, 0.000000s user + 0.031250s system = 0.031250s CPU (92.5%)

PHY-3001 : Trial Legalized: Len = 5723.8
PHY-3001 : Run with size of 2
PHY-3001 : Cell area utilization is 1%
PHY-3001 : Update timing in Manhattan mode ...
TMR-2503 : Start to update net delay, extr mode = 3.
TMR-2504 : Update delay of 310 nets completely.
TMR-2502 : Annotate delay completely, extr mode = 3.
TMR-3501 : Forward propagation: start to calculate arrival time...
TMR-3502 : Backward propagation: start to calculate required time...
TMR-3503 : Timing propagation completes.
PHY-3001 : End timing update;  0.003184s wall, 0.000000s user + 0.000000s system = 0.000000s CPU (n/a%)

PHY-3001 : :::0::: Try harder cell spreading with beta_ = 0
PHY-3002 : Step(75): len = 4122.4, overlap = 1.25
PHY-3002 : Step(76): len = 3609.6, overlap = 1.75
PHY-3002 : Step(77): len = 3407.5, overlap = 2.5
PHY-3002 : Step(78): len = 3396.7, overlap = 2.5
PHY-3002 : Step(79): len = 3302.6, overlap = 1.75
PHY-3002 : Step(80): len = 3294.3, overlap = 1.75
PHY-3002 : Step(81): len = 3292.1, overlap = 1.75
PHY-3001 : Legalization ...
PHY-3001 : End legalization;  0.004943s wall, 0.000000s user + 0.000000s system = 0.000000s CPU (n/a%)

PHY-3001 : Legalized: Len = 4680.3, Over = 0
PHY-3001 : Spreading special nets. 2 overflows in 2952 tiles.
PHY-3001 : End spreading;  0.002156s wall, 0.000000s user + 0.000000s system = 0.000000s CPU (n/a%)

PHY-3001 : 2 instances has been re-located, deltaX = 0, deltaY = 2, maxDist = 1.
PHY-3001 : Final: Len = 4680.3, Over = 0
OPT-1001 : Start physical optimization ...
RUN-1002 : start command "start_timer -report"
TMR-2505 : Start building timing graph for model keyboard_instance.
TMR-2506 : Build timing graph completely. Port num: 7, tpin num: 1032, tnet num: 310, tinst num: 126, tnode num: 1290, tedge num: 1711.
TMR-2508 : Levelizing timing graph completed, there are 21 levels in total.
TMR-2501 : Timing graph initialized successfully.
OPT-1001 : Total overflow 0.00 peak overflow 0.00
OPT-1001 : Start high-fanout net optimization ...
OPT-1001 : Update timing in global mode
PHY-1001 : Start incremental global routing, caller is place ...
RUN-1001 : Generating global routing grids ...
PHY-1001 : Generate routing nets ...
PHY-1001 : Reuse net number 17/312.
PHY-1001 : Global iterations in 16 thread ...
PHY-1002 : len = 5064, over cnt = 21(0%), over = 38, worst = 4
PHY-1002 : len = 5288, over cnt = 13(0%), over = 18, worst = 4
PHY-1002 : len = 5552, over cnt = 0(0%), over = 0, worst = 0
PHY-1001 : End global iterations;  0.031374s wall, 0.000000s user + 0.000000s system = 0.000000s CPU (n/a%)

PHY-1001 : Congestion index: top1 = 14.14, top5 = 4.39, top10 = 2.19, top15 = 1.46.
PHY-1001 : End incremental global routing;  0.069614s wall, 0.015625s user + 0.000000s system = 0.015625s CPU (22.4%)

TMR-2503 : Start to update net delay, extr mode = 5.
TMR-2504 : Update delay of 310 nets completely.
TMR-2502 : Annotate delay completely, extr mode = 5.
TMR-3001 : Initiate 0 clocks from SDC.
TMR-3004 : Map sdc constraints, there are 0 constraints in total.
TMR-3003 : Constraints initiated successfully.
TMR-3501 : Forward propagation: start to calculate arrival time...
TMR-3502 : Backward propagation: start to calculate required time...
TMR-3503 : Timing propagation completes.
OPT-1001 : End timing update;  0.005064s wall, 0.000000s user + 0.000000s system = 0.000000s CPU (n/a%)

OPT-1001 : 0 high-fanout net processed.
OPT-1001 : End high-fanout net optimization;  0.084823s wall, 0.015625s user + 0.000000s system = 0.015625s CPU (18.4%)

OPT-1001 : Current memory(MB): used = 140, reserve = 111, peak = 142.
OPT-1001 : Start path based optimization ...
OPT-1001 : Start congestion update ...
RUN-1001 : Generating global routing grids ...
PHY-1001 : Generate routing nets ...
PHY-1001 : Reuse net number 220/312.
PHY-1001 : Global iterations in 16 thread ...
PHY-1002 : len = 5552, over cnt = 0(0%), over = 0, worst = 0
PHY-1001 : End global iterations;  0.001642s wall, 0.000000s user + 0.000000s system = 0.000000s CPU (n/a%)

PHY-1001 : Congestion index: top1 = 14.14, top5 = 4.39, top10 = 2.19, top15 = 1.46.
OPT-1001 : End congestion update;  0.038673s wall, 0.046875s user + 0.000000s system = 0.046875s CPU (121.2%)

OPT-1001 : Update timing in Manhattan mode
TMR-2503 : Start to update net delay, extr mode = 3.
TMR-2504 : Update delay of 310 nets completely.
TMR-2502 : Annotate delay completely, extr mode = 3.
TMR-3501 : Forward propagation: start to calculate arrival time...
TMR-3502 : Backward propagation: start to calculate required time...
TMR-3503 : Timing propagation completes.
OPT-1001 : End timing update;  0.003350s wall, 0.000000s user + 0.000000s system = 0.000000s CPU (n/a%)

OPT-0007 : Start: WNS 2147483647 TNS 0 NUM_FEPS 0
OPT-1001 : End path based optimization;  0.042100s wall, 0.046875s user + 0.000000s system = 0.046875s CPU (111.3%)

OPT-1001 : Current memory(MB): used = 140, reserve = 111, peak = 142.
OPT-1001 : Update timing in Manhattan mode
TMR-2503 : Start to update net delay, extr mode = 3.
TMR-2504 : Update delay of 310 nets completely.
TMR-2502 : Annotate delay completely, extr mode = 3.
TMR-3501 : Forward propagation: start to calculate arrival time...
TMR-3502 : Backward propagation: start to calculate required time...
TMR-3503 : Timing propagation completes.
OPT-1001 : End timing update;  0.002646s wall, 0.000000s user + 0.000000s system = 0.000000s CPU (n/a%)

OPT-1001 : Start pin optimization...
OPT-1001 : skip pin optimization...
OPT-1001 : Update timing in global mode
PHY-1001 : Start incremental global routing, caller is place ...
RUN-1001 : Generating global routing grids ...
PHY-1001 : Generate routing nets ...
PHY-1001 : Reuse net number 220/312.
PHY-1001 : Global iterations in 16 thread ...
PHY-1002 : len = 5552, over cnt = 0(0%), over = 0, worst = 0
PHY-1001 : End global iterations;  0.001041s wall, 0.000000s user + 0.000000s system = 0.000000s CPU (n/a%)

PHY-1001 : Congestion index: top1 = 14.14, top5 = 4.39, top10 = 2.19, top15 = 1.46.
PHY-1001 : End incremental global routing;  0.036817s wall, 0.015625s user + 0.000000s system = 0.015625s CPU (42.4%)

TMR-2503 : Start to update net delay, extr mode = 5.
TMR-2504 : Update delay of 310 nets completely.
TMR-2502 : Annotate delay completely, extr mode = 5.
TMR-3501 : Forward propagation: start to calculate arrival time...
TMR-3502 : Backward propagation: start to calculate required time...
TMR-3503 : Timing propagation completes.
OPT-1001 : End timing update;  0.004792s wall, 0.000000s user + 0.000000s system = 0.000000s CPU (n/a%)

RUN-1001 : Generating global routing grids ...
PHY-1001 : Generate routing nets ...
PHY-1001 : Reuse net number 220/312.
PHY-1001 : Global iterations in 16 thread ...
PHY-1002 : len = 5552, over cnt = 0(0%), over = 0, worst = 0
PHY-1001 : End global iterations;  0.001256s wall, 0.000000s user + 0.000000s system = 0.000000s CPU (n/a%)

PHY-1001 : Congestion index: top1 = 14.14, top5 = 4.39, top10 = 2.19, top15 = 1.46.
OPT-1001 : Update timing in Manhattan mode
TMR-2503 : Start to update net delay, extr mode = 3.
TMR-2504 : Update delay of 310 nets completely.
TMR-2502 : Annotate delay completely, extr mode = 3.
TMR-3501 : Forward propagation: start to calculate arrival time...
TMR-3502 : Backward propagation: start to calculate required time...
TMR-3503 : Timing propagation completes.
OPT-1001 : End timing update;  0.003168s wall, 0.015625s user + 0.000000s system = 0.015625s CPU (493.2%)

RUN-1001 : QoR Analysis:
OPT-0007 :   WNS 2147483647 TNS 0 NUM_FEPS 0
RUN-1001 :   No local congestion issue, and most congested 1% tile average routing util is 13.862069
RUN-1001 :   Top critical paths
OPT-1001 : End physical optimization;  0.381967s wall, 0.203125s user + 0.000000s system = 0.203125s CPU (53.2%)

RUN-1003 : finish command "place" in  2.454814s wall, 0.765625s user + 0.406250s system = 1.171875s CPU (47.7%)

RUN-1004 : used memory is 127 MB, reserved memory is 99 MB, peak memory is 142 MB
RUN-1002 : start command "export_db display_place.db"
RUN-1001 : Exported /
RUN-1001 : Exported flow parameters
RUN-1001 : Exported libs
RUN-1001 : Exported entities
RUN-1001 : Exported ports
RUN-1001 : Exported pins
RUN-1001 : Exported instances
RUN-1001 : Exported nets
RUN-1001 : Exported buses
RUN-1001 : Exported models
RUN-1001 : Exported congestions
RUN-1001 : Exported violations
RUN-1001 : Exported timing constraints
RUN-1001 : Exported IO constraints
RUN-1001 : Exported Inst constraints
RUN-1002 : start command "route"
RUN-1001 : Open license file E:/Anlogic/TD5.6.59063/license/Anlogic.lic
RUN-1001 : Print Global Property
RUN-1001 : ---------------------------------------------------------------
RUN-1001 :        Parameters        |  Settings  |  Default Values  |  Note  
RUN-1001 : ---------------------------------------------------------------
RUN-1001 :          message         |  standard  |     standard     |        
RUN-1001 :   mixed_pack_place_flow  |     on     |        on        |        
RUN-1001 :        qor_monitor       |    off     |       off        |        
RUN-1001 :        syn_ip_flow       |    off     |       off        |        
RUN-1001 :          thread          |    auto    |       auto       |        
RUN-1001 : ---------------------------------------------------------------
RUN-1001 : Print Route Property
RUN-1001 : -------------------------------------------------------
RUN-1001 :    Parameters    |  Settings  |  Default Values  |  Note  
RUN-1001 : -------------------------------------------------------
RUN-1001 :      effort      |   medium   |      medium      |        
RUN-1001 :     fix_hold     |    off     |       off        |        
RUN-1001 :    opt_timing    |   medium   |      medium      |        
RUN-1001 :   phy_sim_model  |    off     |       off        |        
RUN-1001 :     priority     |   timing   |      timing      |        
RUN-1001 :     swap_pin     |     on     |        on        |        
RUN-1001 : -------------------------------------------------------
PHY-1001 : Route runs in 16 thread(s)
RUN-1001 : There are total 128 instances
RUN-1001 : 51 mslices, 50 lslices, 23 pads, 0 brams, 0 dsps
RUN-1001 : There are total 312 nets
RUN-1001 : 163 nets have 2 pins
RUN-1001 : 126 nets have [3 - 5] pins
RUN-1001 : 16 nets have [6 - 10] pins
RUN-1001 : 3 nets have [11 - 20] pins
RUN-1001 : 3 nets have [21 - 99] pins
RUN-1001 : 1 nets have 100+ pins
RUN-1002 : start command "start_timer -report"
TMR-2505 : Start building timing graph for model keyboard_instance.
TMR-2506 : Build timing graph completely. Port num: 7, tpin num: 1032, tnet num: 310, tinst num: 126, tnode num: 1290, tedge num: 1711.
TMR-2508 : Levelizing timing graph completed, there are 21 levels in total.
TMR-2501 : Timing graph initialized successfully.
PHY-1001 : 51 mslices, 50 lslices, 23 pads, 0 brams, 0 dsps
TMR-2503 : Start to update net delay, extr mode = 3.
TMR-2504 : Update delay of 310 nets completely.
TMR-2502 : Annotate delay completely, extr mode = 3.
TMR-3001 : Initiate 0 clocks from SDC.
TMR-3004 : Map sdc constraints, there are 0 constraints in total.
TMR-3003 : Constraints initiated successfully.
TMR-3501 : Forward propagation: start to calculate arrival time...
TMR-3502 : Backward propagation: start to calculate required time...
TMR-3503 : Timing propagation completes.
PHY-1001 : Start global routing, caller is route ...
RUN-1001 : Generating global routing grids ...
PHY-1001 : Generate routing nets ...
PHY-1001 : Global iterations in 16 thread ...
PHY-1002 : len = 4984, over cnt = 23(0%), over = 41, worst = 4
PHY-1002 : len = 5208, over cnt = 14(0%), over = 19, worst = 4
PHY-1002 : len = 5496, over cnt = 0(0%), over = 0, worst = 0
PHY-1001 : End global iterations;  0.029360s wall, 0.015625s user + 0.000000s system = 0.015625s CPU (53.2%)

PHY-1001 : Congestion index: top1 = 14.09, top5 = 4.36, top10 = 2.17, top15 = 1.45.
PHY-1001 : End global routing;  0.071954s wall, 0.031250s user + 0.000000s system = 0.031250s CPU (43.4%)

PHY-1001 : Start detail routing ...
PHY-1001 : Current memory(MB): used = 163, reserve = 135, peak = 176.
PHY-1001 : Detailed router is running in normal mode.
PHY-1001 : Generate detailed routing grids ...
PHY-1001 : Generate nets ...
PHY-1001 : net clk_50M_dup_1 will be routed on clock mesh
PHY-1001 : clock net U1/scan_clk_syn_4 will be merged with clock U1/scan_clk
PHY-1001 : Current memory(MB): used = 428, reserve = 405, peak = 428.
PHY-1001 : End build detailed router design. 3.583951s wall, 2.125000s user + 0.046875s system = 2.171875s CPU (60.6%)

PHY-1001 : Detail Route ...
PHY-1001 : ===== Detail Route Phase 1 =====
PHY-1001 : Clock net routing.....
PHY-1001 : Routed 0% nets.
PHY-1022 : len = 6008, over cnt = 0(0%), over = 0, worst = 0, crit = 0
PHY-1001 : End initial clock net routed; 0.258417s wall, 0.234375s user + 0.000000s system = 0.234375s CPU (90.7%)

PHY-1001 : Current memory(MB): used = 457, reserve = 435, peak = 457.
PHY-1001 : End phase 1; 0.263896s wall, 0.250000s user + 0.000000s system = 0.250000s CPU (94.7%)

PHY-1001 : ===== Detail Route Phase 2 =====
PHY-1001 : Initial routing.....
PHY-1001 : Routed 30% nets.
PHY-1001 : Routed 48% nets.
PHY-1001 : Patch 112 net; 0.036497s wall, 0.046875s user + 0.000000s system = 0.046875s CPU (128.4%)

PHY-1022 : len = 15096, over cnt = 20(0%), over = 20, worst = 1, crit = 0
PHY-1001 : Current memory(MB): used = 457, reserve = 435, peak = 458.
PHY-1001 : End initial routed; 0.057891s wall, 0.062500s user + 0.000000s system = 0.062500s CPU (108.0%)

PHY-1001 : Update timing.....
PHY-1001 : 0/265(0%) critical/total net(s).
RUN-1001 : ------------------------------------------
RUN-1001 :   Type   |    WNS(ns)    |  TNS(ns)  |  FEP  
RUN-1001 : ------------------------------------------
RUN-1001 :   Setup  |  2147483.647  |   0.000   |   0   
RUN-1001 :   Hold   |  2147483.647  |   0.000   |   0   
RUN-1001 : ------------------------------------------
PHY-1001 : End update timing; 0.124979s wall, 0.125000s user + 0.000000s system = 0.125000s CPU (100.0%)

PHY-1001 : Current memory(MB): used = 458, reserve = 435, peak = 458.
PHY-1001 : End phase 2; 0.183070s wall, 0.187500s user + 0.000000s system = 0.187500s CPU (102.4%)

PHY-1001 : ===== Detail Route Phase 3 =====
PHY-1001 : Optimize timing.....
PHY-1022 : len = 15096, over cnt = 20(0%), over = 20, worst = 1, crit = 0
PHY-1001 : End optimize timing; 0.003631s wall, 0.000000s user + 0.000000s system = 0.000000s CPU (n/a%)

PHY-1001 : Ripup-reroute.....
PHY-1001 : ===== DR Iter 1 =====
PHY-1022 : len = 15160, over cnt = 1(0%), over = 1, worst = 1, crit = 0
PHY-1001 : End DR Iter 1; 0.018777s wall, 0.031250s user + 0.000000s system = 0.031250s CPU (166.4%)

PHY-1001 : ===== DR Iter 2 =====
PHY-1022 : len = 15160, over cnt = 0(0%), over = 0, worst = 0, crit = 0
PHY-1001 : End DR Iter 2; 0.009317s wall, 0.015625s user + 0.000000s system = 0.015625s CPU (167.7%)

PHY-1001 : Update timing.....
PHY-1001 : 0/265(0%) critical/total net(s).
RUN-1001 : ------------------------------------------
RUN-1001 :   Type   |    WNS(ns)    |  TNS(ns)  |  FEP  
RUN-1001 : ------------------------------------------
RUN-1001 :   Setup  |  2147483.647  |   0.000   |   0   
RUN-1001 :   Hold   |  2147483.647  |   0.000   |   0   
RUN-1001 : ------------------------------------------
PHY-1001 : End update timing; 0.161796s wall, 0.109375s user + 0.000000s system = 0.109375s CPU (67.6%)

PHY-1001 : Commit to database.....
PHY-1001 : 8 feed throughs used by 8 nets
PHY-1001 : End commit to database; 0.027169s wall, 0.015625s user + 0.000000s system = 0.015625s CPU (57.5%)

PHY-1001 : Current memory(MB): used = 468, reserve = 444, peak = 468.
PHY-1001 : End phase 3; 0.337840s wall, 0.218750s user + 0.000000s system = 0.218750s CPU (64.7%)

PHY-1003 : Routed, final wirelength = 15160
PHY-1001 : Current memory(MB): used = 468, reserve = 444, peak = 468.
PHY-1001 : End export database. 0.005099s wall, 0.000000s user + 0.000000s system = 0.000000s CPU (n/a%)

PHY-1001 : End detail routing;  4.564888s wall, 2.921875s user + 0.046875s system = 2.968750s CPU (65.0%)

RUN-1003 : finish command "route" in  4.812359s wall, 3.078125s user + 0.046875s system = 3.125000s CPU (64.9%)

RUN-1004 : used memory is 422 MB, reserved memory is 398 MB, peak memory is 468 MB
RUN-1002 : start command "report_area -io_info -file display_phy.area"
RUN-1001 : standard
***Report Model: keyboard_instance Device: EG4S20BG256***

IO Statistics
#IO                        23
  #input                    6
  #output                  17
  #inout                    0

Utilization Statistics
#lut                      168   out of  19600    0.86%
#reg                      138   out of  19600    0.70%
#le                       194
  #lut only                56   out of    194   28.87%
  #reg only                26   out of    194   13.40%
  #lut&reg                112   out of    194   57.73%
#dsp                        0   out of     29    0.00%
#bram                       0   out of     64    0.00%
  #bram9k                   0
  #fifo9k                   0
#bram32k                    0   out of     16    0.00%
#pad                       23   out of    188   12.23%
  #ireg                     0
  #oreg                     0
  #treg                     0
#pll                        0   out of      4    0.00%
#gclk                       2   out of     16   12.50%

Clock Resource Statistics
Index     ClockNet         Type               DriverType         Driver                      Fanout
#1        clk_50M_dup_1    GCLK               io                 clk_50M_syn_2.di            63
#2        U1/scan_clk      GCLK               lslice             U1/scan_clk_reg_syn_9.q0    11


Detailed IO Report

        Name           Direction    Location    IOStandard    DriveStrength    PullType    PackReg  
        RSTn             INPUT         A9        LVCMOS33          N/A          PULLUP      NONE    
       clk_50M           INPUT         R7        LVCMOS33          N/A          PULLUP      NONE    
       col[3]            INPUT        F10        LVCMOS33          N/A          PULLUP      NONE    
       col[2]            INPUT        C11        LVCMOS33          N/A          PULLUP      NONE    
       col[1]            INPUT        D11        LVCMOS33          N/A          PULLUP      NONE    
       col[0]            INPUT        E11        LVCMOS33          N/A          PULLUP      NONE    
  DigitronCS_Out[3]     OUTPUT         A3        LVCMOS33           8            NONE       NONE    
  DigitronCS_Out[2]     OUTPUT         A5        LVCMOS33           8            NONE       NONE    
  DigitronCS_Out[1]     OUTPUT         B6        LVCMOS33           8            NONE       NONE    
  DigitronCS_Out[0]     OUTPUT         C9        LVCMOS33           8            NONE       NONE    
   Digitron_Out[7]      OUTPUT         C8        LVCMOS33           8            NONE       NONE    
   Digitron_Out[6]      OUTPUT         A8        LVCMOS33           8            NONE       NONE    
   Digitron_Out[5]      OUTPUT         B5        LVCMOS33           8            NONE       NONE    
   Digitron_Out[4]      OUTPUT         A7        LVCMOS33           8            NONE       NONE    
   Digitron_Out[3]      OUTPUT         E8        LVCMOS33           8            NONE       NONE    
   Digitron_Out[2]      OUTPUT         B8        LVCMOS33           8            NONE       NONE    
   Digitron_Out[1]      OUTPUT         A6        LVCMOS33           8            NONE       NONE    
   Digitron_Out[0]      OUTPUT         A4        LVCMOS33           8            NONE       NONE    
        light           OUTPUT        B14        LVCMOS33           8            NONE       NONE    
       row[3]           OUTPUT         D9        LVCMOS33           8            NONE       NONE    
       row[2]           OUTPUT         F9        LVCMOS33           8            NONE       NONE    
       row[1]           OUTPUT        C10        LVCMOS33           8            NONE       NONE    
       row[0]           OUTPUT        E10        LVCMOS33           8            NONE       NONE    

Report Hierarchy Area:
+-------------------------------------------------------------------------------------------+
|Instance |Module                      |le     |lut     |ripple  |seq     |bram    |dsp     |
+-------------------------------------------------------------------------------------------+
|top      |keyboard_instance           |194    |143     |25      |138     |0       |0       |
|  U1     |keyboard_scan               |73     |50      |9       |54      |0       |0       |
|  U2     |key_filter                  |59     |41      |6       |49      |0       |0       |
|  U3     |onehot2binary               |27     |27      |0       |19      |0       |0       |
|  U5     |Digitron_TimeDisplay_module |30     |20      |10      |16      |0       |0       |
+-------------------------------------------------------------------------------------------+


DataNet Average Fanout:

   Index     Fanout    Nets  
    #1         1       140   
    #2         2        93   
    #3         3        14   
    #4         4        19   
    #5        5-10      16   
    #6       11-50      3    
  Average     2.19           

RUN-1002 : start command "export_db display_pr.db"
RUN-1001 : Exported /
RUN-1001 : Exported flow parameters
RUN-1001 : Exported libs
RUN-1001 : Exported entities
RUN-1001 : Exported ports
RUN-1001 : Exported pins
RUN-1001 : Exported instances
RUN-1001 : Exported nets
RUN-1001 : Exported buses
RUN-1001 : Exported models
RUN-1001 : Exported congestions
RUN-1001 : Exported violations
RUN-1001 : Exported timing constraints
RUN-1001 : Exported IO constraints
RUN-1001 : Exported Inst constraints
RUN-1002 : start command "export_bid display_inst.bid"
RUN-1002 : start command "bitgen -bit display.bit -unused_io_status pulldown"
BIT-1003 : Start to generate bitstream. 
BIT-1002 : Bitgen processed 165 unused pads, reserve input tri_state with pulldown
BIT-1002 : Init instances with 16 threads.
BIT-1002 : Init instances completely, inst num: 291
BIT-1002 : Init pips with 16 threads.
BIT-1002 : Init pips completely, net num: 312, pip num: 1859
BIT-1002 : Init feedthrough completely, num: 8
BIT-1003 : Multithreading accelaration with 16 threads.
BIT-1003 : Generate bitstream completely, there are 443 valid insts, and 6113 bits set as '1'.
BIT-1004 : PLL setting string = 0000
BIT-1004 : Generate bits file display.bit.
RUN-1003 : finish command "bitgen -bit display.bit -unused_io_status pulldown" in  1.201742s wall, 3.593750s user + 0.015625s system = 3.609375s CPU (300.3%)

RUN-1004 : used memory is 435 MB, reserved memory is 413 MB, peak memory is 614 MB
RUN-1002 : start command "backup_run_log run.log ../.logs/phy_1/td_20240827_000356.log"
