============================================================
   Tang Dynasty, V5.6.59063
   Copyright (c) 2012-2022 Anlogic
   Executable = E:/Anlogic/TD5.6.59063/bin/td.exe
   Built at =   12:45:13 Sep  6 2022
   Run by =     19234
   Run Date =   Tue Aug 27 01:25:30 2024

   Run on =     ERIKPSW
============================================================
RUN-1002 : start command "open_project display.prj"
RUN-1001 : Print Global Property
RUN-1001 : ---------------------------------------------------------------
RUN-1001 :        Parameters        |  Settings  |  Default Values  |  Note  
RUN-1001 : ---------------------------------------------------------------
RUN-1001 :          message         |  standard  |     standard     |        
RUN-1001 :   mixed_pack_place_flow  |     on     |        on        |        
RUN-1001 :        qor_monitor       |    off     |       off        |        
RUN-1001 :        syn_ip_flow       |    off     |       off        |        
RUN-1001 :          thread          |    auto    |       auto       |        
RUN-1001 : ---------------------------------------------------------------
RUN-1001 : Print Design Property
RUN-1001 : --------------------------------------------------------------
RUN-1001 :        Parameters       |  Settings  |  Default Values  |  Note  
RUN-1001 : --------------------------------------------------------------
RUN-1001 :   default_reg_initial   |    auto    |       auto       |        
RUN-1001 :        infer_add        |     on     |        on        |        
RUN-1001 :        infer_fsm        |    off     |       off        |        
RUN-1001 :        infer_mult       |     on     |        on        |        
RUN-1001 :        infer_ram        |     on     |        on        |        
RUN-1001 :        infer_reg        |     on     |        on        |        
RUN-1001 :   infer_reg_init_value  |     on     |        on        |        
RUN-1001 :        infer_rom        |     on     |        on        |        
RUN-1001 :      infer_shifter      |     on     |        on        |        
RUN-1001 : --------------------------------------------------------------
RUN-1001 : Print Rtl Property
RUN-1001 : --------------------------------------------------------------
RUN-1001 :        Parameters       |  Settings  |  Default Values  |  Note  
RUN-1001 : --------------------------------------------------------------
RUN-1001 :       compress_add      |   ripple   |      ripple      |        
RUN-1001 :        elf_sload        |    off     |       off        |        
RUN-1001 :       fix_undriven      |     0      |        0         |        
RUN-1001 :         flatten         |    off     |       off        |        
RUN-1001 :       gate_sharing      |     on     |        on        |        
RUN-1001 :    hdl_warning_level    |   normal   |      normal      |        
RUN-1001 :   impl_internal_tribuf  |     on     |        on        |        
RUN-1001 :      impl_set_reset     |     on     |        on        |        
RUN-1001 :        infer_gsr        |    off     |       off        |        
RUN-1001 :      keep_hierarchy     |    auto    |       auto       |        
RUN-1001 :        max_fanout       |    9999    |       9999       |        
RUN-1001 :      max_oh2bin_len     |     10     |        10        |        
RUN-1001 :       merge_equal       |     on     |        on        |        
RUN-1001 :       merge_equiv       |     on     |        on        |        
RUN-1001 :        merge_mux        |    off     |       off        |        
RUN-1001 :     min_control_set     |     8      |        8         |        
RUN-1001 :      min_ripple_len     |    auto    |       auto       |        
RUN-1001 :       oh2bin_ratio      |    0.08    |       0.08       |        
RUN-1001 :     opt_adder_fanout    |     on     |        on        |        
RUN-1001 :        opt_arith        |     on     |        on        |        
RUN-1001 :       opt_big_gate      |    off     |       off        |        
RUN-1001 :        opt_const        |     on     |        on        |        
RUN-1001 :      opt_const_mult     |     on     |        on        |        
RUN-1001 :       opt_lessthan      |     on     |        on        |        
RUN-1001 :         opt_mux         |    off     |       off        |        
RUN-1001 :         opt_ram         |    high    |       high       |        
RUN-1001 :      rtl_sim_model      |    off     |       off        |        
RUN-1001 :         seq_syn         |     on     |        on        |        
RUN-1001 : --------------------------------------------------------------
HDL-1007 : analyze verilog file ../../keyboard_instance.v
HDL-1007 : undeclared symbol 'clo', assumed default net type 'wire' in ../../keyboard_instance.v(18)
HDL-1007 : analyze verilog file ../../keyboard_scan.v
HDL-1007 : analyze verilog file ../../onehot2binary.v
HDL-1007 : analyze verilog file ../../key_filter.v
HDL-1007 : analyze verilog file ../../Digitron_TimeDisplay_module.v
RUN-1001 : Project manager successfully analyzed 5 source files.
RUN-1002 : start command "import_device eagle_s20.db -package EG4S20BG256"
ARC-1001 : Device Initialization.
ARC-1001 : ------------------------------------------------------------------
ARC-1001 :            OPTION            |          IO          |   SETTING   
ARC-1001 : ------------------------------------------------------------------
ARC-1001 :   cso_b/cclk/mosi/miso/dout  |  T3/R11/T10/P10/S11  |    gpio    
ARC-1001 :             done             |         P13          |    gpio    
ARC-1001 :           program_b          |          T2          |  dedicate  
ARC-1001 :        tdi/tms/tck/tdo       |   C12/A15/C14/E14    |  dedicate  
ARC-1001 : ------------------------------------------------------------------
ARC-1004 : Device setting, marked 5 dedicate IOs in total.
RUN-1002 : start command "import_db ../syn_1/display_gate.db"
RUN-1001 : Importing database generated by Tang Dynasty, V5.6.59063.
RUN-1001 : Database version number 46140.
RUN-1001 : Import flow parameters
RUN-1001 : Import timing constraints
RUN-1001 : Import IO constraints
RUN-1001 : Import Inst constraints
RUN-1001 : Import design success TD_VERSION=5.6.59063 , DB_VERSION=46140
RUN-1002 : start command "read_sdc"
USR-1002 : read_sdc file_name -help -h -eco
USR-1009 : NO module with IP_SDC ...
RUN-1104 : Import SDC file  finished, there are 0 nets kept by constraints.
RUN-1002 : start command "place"
RUN-1001 : Open license file E:/Anlogic/TD5.6.59063/license/Anlogic.lic
RUN-1001 : Print Global Property
RUN-1001 : ---------------------------------------------------------------
RUN-1001 :        Parameters        |  Settings  |  Default Values  |  Note  
RUN-1001 : ---------------------------------------------------------------
RUN-1001 :          message         |  standard  |     standard     |        
RUN-1001 :   mixed_pack_place_flow  |     on     |        on        |        
RUN-1001 :        qor_monitor       |    off     |       off        |        
RUN-1001 :        syn_ip_flow       |    off     |       off        |        
RUN-1001 :          thread          |    auto    |       auto       |        
RUN-1001 : ---------------------------------------------------------------
RUN-1001 : Print Place Property
RUN-1001 : --------------------------------------------------------------
RUN-1001 :        Parameters       |  Settings  |  Default Values  |  Note  
RUN-1001 : --------------------------------------------------------------
RUN-1001 :      detailed_place     |     on     |        on        |        
RUN-1001 :          effort         |   medium   |      medium      |        
RUN-1001 :         fix_hold        |    off     |       off        |        
RUN-1001 :       legalization      |    ori     |       ori        |        
RUN-1001 :      new_spreading      |     on     |        on        |        
RUN-1001 :        opt_timing       |   medium   |      medium      |        
RUN-1001 :   post_clock_route_opt  |    off     |       off        |        
RUN-1001 :       pr_strategy       |     1      |        1         |        
RUN-1001 :        relaxation       |    1.00    |       1.00       |        
RUN-1001 :         retiming        |    off     |       off        |        
RUN-1001 : --------------------------------------------------------------
PHY-3001 : Placer runs in 16 thread(s).
RUN-1002 : start command "legalize_phy_inst"
SYN-1011 : Flatten model keyboard_instance
SYN-5055 WARNING: The kept net U5/data[11] will be merged to another kept net _al_n1
SYN-5055 WARNING: The kept net U5/data[10] will be merged to another kept net _al_n1
SYN-5055 WARNING: The kept net U5/data[9] will be merged to another kept net _al_n1
SYN-5055 WARNING: The kept net U5/data[8] will be merged to another kept net _al_n1
RUN-1002 : start command "phys_opt -simplify_lut"
SYN-4024 : Net "clk_50M_dup_1" drives clk pins.
SYN-4024 : Net "U5/W_Digitron_Out_n" drives clk pins.
SYN-4024 : Net "U1/scan_clk" drives clk pins.
SYN-4025 : Tag rtl::Net U1/scan_clk as clock net
SYN-4025 : Tag rtl::Net U5/W_Digitron_Out_n as clock net
SYN-4025 : Tag rtl::Net clk_50M_dup_1 as clock net
SYN-4026 : Tagged 3 rtl::Net as clock net
SYN-4015 : Create BUFG instance for clk Net U5/W_Digitron_Out_n to drive 7 clock pins.
SYN-4015 : Create BUFG instance for clk Net U1/scan_clk to drive 4 clock pins.
PHY-1001 : Populate physical database on model keyboard_instance.
RUN-1001 : There are total 128 instances
RUN-0007 : 37 luts, 44 seqs, 10 mslices, 9 lslices, 23 pads, 0 brams, 0 dsps
RUN-1001 : There are total 171 nets
RUN-1001 : 121 nets have 2 pins
RUN-1001 : 39 nets have [3 - 5] pins
RUN-1001 : 9 nets have [6 - 10] pins
RUN-1001 : 2 nets have [21 - 99] pins
RUN-1001 : Report Control nets information:
RUN-1001 : DFF Distribution
RUN-1001 : ----------------------------------
RUN-1001 :   CE   |  SSR  |  ASR  |  DFF Count  
RUN-1001 : ----------------------------------
RUN-1001 :   No   |  No   |  No   |     44      
RUN-1001 :   No   |  No   |  Yes  |      0      
RUN-1001 :   No   |  Yes  |  No   |      0      
RUN-1001 :   Yes  |  No   |  No   |      0      
RUN-1001 :   Yes  |  No   |  Yes  |      0      
RUN-1001 :   Yes  |  Yes  |  No   |      0      
RUN-1001 : ----------------------------------
RUN-0007 : Control Group Statistic
RUN-0007 : ---------------------------
RUN-0007 :   #CLK  |  #CE  |  #SSR/ASR  
RUN-0007 : ---------------------------
RUN-0007 :    3    |   1   |     1      
RUN-0007 : ---------------------------
RUN-0007 : Control Set = 3
PHY-3001 : Initial placement ...
PHY-3001 : design contains 126 instances, 37 luts, 44 seqs, 19 slices, 2 macros(19 instances: 10 mslices 9 lslices)
PHY-0007 : Cell area utilization is 0%
PHY-3001 : Start timing update ...
RUN-1002 : start command "start_timer -report"
TMR-2505 : Start building timing graph for model keyboard_instance.
TMR-2506 : Build timing graph completely. Port num: 7, tpin num: 480, tnet num: 169, tinst num: 126, tnode num: 593, tedge num: 761.
TMR-2508 : Levelizing timing graph completed, there are 21 levels in total.
TMR-2501 : Timing graph initialized successfully.
TMR-2503 : Start to update net delay, extr mode = 2.
TMR-2504 : Update delay of 169 nets completely.
TMR-2502 : Annotate delay completely, extr mode = 2.
TMR-3001 : Initiate 0 clocks from SDC.
TMR-3004 : Map sdc constraints, there are 0 constraints in total.
TMR-3003 : Constraints initiated successfully.
TMR-3501 : Forward propagation: start to calculate arrival time...
TMR-3502 : Backward propagation: start to calculate required time...
TMR-3503 : Timing propagation completes.
PHY-3001 : End timing update;  0.122298s wall, 0.078125s user + 0.000000s system = 0.078125s CPU (63.9%)

PHY-3001 : Global placement ...
PHY-3001 : Initial: Len = 42695
PHY-3001 : Clustering ...
PHY-3001 : Level 0 #clusters 126.
PHY-3001 : End clustering;  0.000014s wall, 0.000000s user + 0.000000s system = 0.000000s CPU (n/a%)

PHY-3001 : Run with size of 4
PHY-3001 : Cell area utilization is 0%
PHY-3001 : :::0::: Try harder cell spreading with beta_ = 0
PHY-3002 : Step(1): len = 27236.5, overlap = 0
PHY-3002 : Step(2): len = 19570.9, overlap = 0
PHY-3002 : Step(3): len = 14738.9, overlap = 0
PHY-3002 : Step(4): len = 11631, overlap = 0
PHY-3002 : Step(5): len = 9487.1, overlap = 0
PHY-3002 : Step(6): len = 8294.2, overlap = 0
PHY-3002 : Step(7): len = 7703.2, overlap = 0
PHY-3002 : Step(8): len = 7356.9, overlap = 0
PHY-3002 : Step(9): len = 6965.2, overlap = 0
PHY-3002 : Step(10): len = 6523.5, overlap = 0
PHY-3002 : Step(11): len = 5895.8, overlap = 0
PHY-3002 : Step(12): len = 5277, overlap = 0
PHY-3002 : Step(13): len = 4356.8, overlap = 0
PHY-3002 : Step(14): len = 3653.8, overlap = 0
PHY-3002 : Step(15): len = 3377.5, overlap = 0
PHY-3002 : Step(16): len = 3111, overlap = 0
PHY-3002 : Step(17): len = 2784, overlap = 0
PHY-3002 : Step(18): len = 2635.6, overlap = 0
PHY-3002 : Step(19): len = 2290, overlap = 0
PHY-3002 : Step(20): len = 2218.8, overlap = 0
PHY-3002 : Step(21): len = 2188.1, overlap = 0
PHY-3002 : Step(22): len = 2196.7, overlap = 0
PHY-3002 : Step(23): len = 2288.2, overlap = 0
PHY-3002 : Step(24): len = 2427.6, overlap = 0
PHY-3002 : Step(25): len = 2207, overlap = 0
PHY-3002 : Step(26): len = 2077.1, overlap = 0
PHY-3002 : Step(27): len = 1871.3, overlap = 0
PHY-3002 : Step(28): len = 1776.5, overlap = 0
PHY-3002 : Step(29): len = 1751.3, overlap = 0
PHY-3002 : Step(30): len = 1721.4, overlap = 0
PHY-3002 : Step(31): len = 1642.6, overlap = 0
PHY-3002 : Step(32): len = 1642.6, overlap = 0
PHY-3002 : Step(33): len = 1551, overlap = 0
PHY-3002 : Step(34): len = 1584.7, overlap = 0
PHY-3002 : Step(35): len = 1584.7, overlap = 0
PHY-3001 : Legalization ...
PHY-3001 : End legalization;  0.004090s wall, 0.000000s user + 0.000000s system = 0.000000s CPU (n/a%)

PHY-3001 : Run with size of 4
PHY-3001 : Cell area utilization is 0%
PHY-3001 : Update timing in Manhattan mode ...
TMR-2503 : Start to update net delay, extr mode = 3.
TMR-2504 : Update delay of 169 nets completely.
TMR-2502 : Annotate delay completely, extr mode = 3.
TMR-3501 : Forward propagation: start to calculate arrival time...
TMR-3502 : Backward propagation: start to calculate required time...
TMR-3503 : Timing propagation completes.
PHY-3001 : End timing update;  0.001489s wall, 0.000000s user + 0.000000s system = 0.000000s CPU (n/a%)

PHY-3001 : :::0::: Try harder cell spreading with beta_ = 0
PHY-3002 : Step(36): len = 1515.4, overlap = 0
PHY-3002 : Step(37): len = 1519.1, overlap = 0
PHY-3002 : Step(38): len = 1519.1, overlap = 0
PHY-3001 : Run with size of 2
PHY-3001 : Cell area utilization is 0%
PHY-3001 : Update timing in Manhattan mode ...
TMR-2503 : Start to update net delay, extr mode = 3.
TMR-2504 : Update delay of 169 nets completely.
TMR-2502 : Annotate delay completely, extr mode = 3.
TMR-3501 : Forward propagation: start to calculate arrival time...
TMR-3502 : Backward propagation: start to calculate required time...
TMR-3503 : Timing propagation completes.
PHY-3001 : End timing update;  0.001343s wall, 0.000000s user + 0.000000s system = 0.000000s CPU (n/a%)

PHY-3001 : :::0::: Try harder cell spreading with beta_ = 0
PHY-3002 : Step(39): len = 1523.3, overlap = 2.25
PHY-3002 : Step(40): len = 1532, overlap = 2.375
PHY-3002 : Step(41): len = 1532, overlap = 2.375
OPT-1001 : Start physical optimization ...
RUN-1002 : start command "start_timer -report"
TMR-2505 : Start building timing graph for model keyboard_instance.
TMR-2506 : Build timing graph completely. Port num: 7, tpin num: 480, tnet num: 169, tinst num: 126, tnode num: 593, tedge num: 761.
TMR-2508 : Levelizing timing graph completed, there are 21 levels in total.
TMR-2501 : Timing graph initialized successfully.
OPT-1001 : Total overflow 8.94 peak overflow 2.09
OPT-1001 : Start high-fanout net optimization ...
OPT-1001 : Update timing in global mode
PHY-1001 : Start incremental global routing, caller is place ...
RUN-1001 : Generating global routing grids ...
RUN-1001 : Building simple global routing graph ...
PHY-1001 : Generate routing nets ...
PHY-1001 : Reuse net number 0/171.
PHY-1001 : Global iterations in 16 thread ...
PHY-1002 : len = 1672, over cnt = 9(0%), over = 14, worst = 3
PHY-1001 : End global iterations;  0.009137s wall, 0.000000s user + 0.000000s system = 0.000000s CPU (n/a%)

PHY-1001 : Congestion index: top1 = 4.94, top5 = 1.20, top10 = 0.60, top15 = 0.40.
PHY-1001 : End incremental global routing;  0.064835s wall, 0.046875s user + 0.000000s system = 0.046875s CPU (72.3%)

TMR-2503 : Start to update net delay, extr mode = 5.
TMR-2504 : Update delay of 169 nets completely.
TMR-2502 : Annotate delay completely, extr mode = 5.
TMR-3001 : Initiate 0 clocks from SDC.
TMR-3004 : Map sdc constraints, there are 0 constraints in total.
TMR-3003 : Constraints initiated successfully.
TMR-3501 : Forward propagation: start to calculate arrival time...
TMR-3502 : Backward propagation: start to calculate required time...
TMR-3503 : Timing propagation completes.
OPT-1001 : End timing update;  0.003011s wall, 0.000000s user + 0.000000s system = 0.000000s CPU (n/a%)

OPT-1001 : 0 high-fanout net processed.
OPT-1001 : End high-fanout net optimization;  0.069617s wall, 0.046875s user + 0.000000s system = 0.046875s CPU (67.3%)

OPT-1001 : Current memory(MB): used = 136, reserve = 107, peak = 136.
OPT-1001 : Start global optimization ...
OPT-1001 : Start congestion update ...
RUN-1001 : Generating global routing grids ...
PHY-1001 : Generate routing nets ...
PHY-1001 : Reuse net number 77/171.
PHY-1001 : Global iterations in 16 thread ...
PHY-1002 : len = 1672, over cnt = 9(0%), over = 14, worst = 3
PHY-1002 : len = 1752, over cnt = 5(0%), over = 5, worst = 1
PHY-1002 : len = 1792, over cnt = 2(0%), over = 2, worst = 1
PHY-1002 : len = 1824, over cnt = 0(0%), over = 0, worst = 0
PHY-1001 : End global iterations;  0.011707s wall, 0.015625s user + 0.000000s system = 0.015625s CPU (133.5%)

PHY-1001 : Congestion index: top1 = 5.20, top5 = 1.28, top10 = 0.64, top15 = 0.43.
OPT-1001 : End congestion update;  0.063760s wall, 0.031250s user + 0.000000s system = 0.031250s CPU (49.0%)

OPT-1001 : Update timing in Manhattan mode
TMR-2503 : Start to update net delay, extr mode = 3.
TMR-2504 : Update delay of 169 nets completely.
TMR-2502 : Annotate delay completely, extr mode = 3.
TMR-3501 : Forward propagation: start to calculate arrival time...
TMR-3502 : Backward propagation: start to calculate required time...
TMR-3503 : Timing propagation completes.
OPT-1001 : End timing update;  0.001554s wall, 0.000000s user + 0.000000s system = 0.000000s CPU (n/a%)

OPT-0007 : Start: WNS 2147483647 TNS 0 NUM_FEPS 0
OPT-1001 : End global optimization;  0.065397s wall, 0.031250s user + 0.000000s system = 0.031250s CPU (47.8%)

OPT-1001 : Current memory(MB): used = 136, reserve = 107, peak = 136.
OPT-1001 : End physical optimization;  0.286070s wall, 0.078125s user + 0.000000s system = 0.078125s CPU (27.3%)

PHY-3001 : Start packing ...
SYN-4007 : Packing 0 MUX to BLE ...
SYN-4008 : Packed 0 MUX and 0 SEQ to BLE.
SYN-4007 : Packing 37 LUT to BLE ...
SYN-4008 : Packed 37 LUT and 18 SEQ to BLE.
SYN-4003 : Packing 26 remaining SEQ's ...
SYN-4005 : Packed 12 SEQ with LUT/SLICE
SYN-4006 : 9 single LUT's are left
SYN-4006 : 14 single SEQ's are left
SYN-4011 : Packing model "keyboard_instance" (AL_USER_NORMAL) with 51/98 primitive instances ...
PHY-3001 : End packing;  0.002839s wall, 0.000000s user + 0.000000s system = 0.000000s CPU (n/a%)

PHY-1001 : Populate physical database on model keyboard_instance.
RUN-1001 : There are total 76 instances
RUN-1001 : 24 mslices, 24 lslices, 23 pads, 0 brams, 0 dsps
RUN-1001 : There are total 153 nets
RUN-1001 : 103 nets have 2 pins
RUN-1001 : 40 nets have [3 - 5] pins
RUN-1001 : 8 nets have [6 - 10] pins
RUN-1001 : 2 nets have [21 - 99] pins
PHY-3001 : design contains 74 instances, 48 slices, 2 macros(19 instances: 10 mslices 9 lslices)
PHY-3001 : Cell area utilization is 0%
PHY-3001 : After packing: Len = 1672.4, Over = 3.25
PHY-3001 : Run with size of 2
PHY-3001 : Cell area utilization is 0%
PHY-3001 : Update timing in Manhattan mode ...
RUN-1002 : start command "start_timer -report"
TMR-2505 : Start building timing graph for model keyboard_instance.
TMR-2506 : Build timing graph completely. Port num: 7, tpin num: 425, tnet num: 151, tinst num: 74, tnode num: 519, tedge num: 706.
TMR-2508 : Levelizing timing graph completed, there are 21 levels in total.
TMR-2501 : Timing graph initialized successfully.
TMR-2503 : Start to update net delay, extr mode = 3.
TMR-2504 : Update delay of 151 nets completely.
TMR-2502 : Annotate delay completely, extr mode = 3.
TMR-3001 : Initiate 0 clocks from SDC.
TMR-3004 : Map sdc constraints, there are 0 constraints in total.
TMR-3003 : Constraints initiated successfully.
TMR-3501 : Forward propagation: start to calculate arrival time...
TMR-3502 : Backward propagation: start to calculate required time...
TMR-3503 : Timing propagation completes.
PHY-3001 : End timing update;  0.134401s wall, 0.109375s user + 0.000000s system = 0.109375s CPU (81.4%)

PHY-3001 : :::0::: Try harder cell spreading with beta_ = 0.00350401
PHY-3002 : Step(42): len = 1682.6, overlap = 2
PHY-3002 : Step(43): len = 1689.3, overlap = 2
PHY-3002 : Step(44): len = 1656.7, overlap = 2
PHY-3001 : Legalization ...
PHY-3001 : End legalization;  0.030747s wall, 0.000000s user + 0.031250s system = 0.031250s CPU (101.6%)

PHY-3001 : Trial Legalized: Len = 2802.9
PHY-3001 : Run with size of 2
PHY-3001 : Cell area utilization is 0%
PHY-3001 : Update timing in Manhattan mode ...
TMR-2503 : Start to update net delay, extr mode = 3.
TMR-2504 : Update delay of 151 nets completely.
TMR-2502 : Annotate delay completely, extr mode = 3.
TMR-3501 : Forward propagation: start to calculate arrival time...
TMR-3502 : Backward propagation: start to calculate required time...
TMR-3503 : Timing propagation completes.
PHY-3001 : End timing update;  0.001267s wall, 0.000000s user + 0.000000s system = 0.000000s CPU (n/a%)

PHY-3001 : :::0::: Try harder cell spreading with beta_ = 0
PHY-3002 : Step(45): len = 2065.4, overlap = 0.25
PHY-3002 : Step(46): len = 1792.6, overlap = 0.75
PHY-3002 : Step(47): len = 1698.1, overlap = 0.75
PHY-3002 : Step(48): len = 1639.8, overlap = 0.75
PHY-3002 : Step(49): len = 1643.6, overlap = 0.75
PHY-3002 : Step(50): len = 1643.5, overlap = 0.75
PHY-3002 : Step(51): len = 1644.3, overlap = 0.75
PHY-3002 : Step(52): len = 1609, overlap = 0.75
PHY-3002 : Step(53): len = 1609, overlap = 0.75
PHY-3002 : Step(54): len = 1604.8, overlap = 0.75
PHY-3001 : Legalization ...
PHY-3001 : End legalization;  0.004894s wall, 0.000000s user + 0.000000s system = 0.000000s CPU (n/a%)

PHY-3001 : Legalized: Len = 2349.9, Over = 0
PHY-3001 : End spreading;  0.002008s wall, 0.000000s user + 0.000000s system = 0.000000s CPU (n/a%)

PHY-3001 : Final: Len = 2349.9, Over = 0
OPT-1001 : Start physical optimization ...
RUN-1002 : start command "start_timer -report"
TMR-2505 : Start building timing graph for model keyboard_instance.
TMR-2506 : Build timing graph completely. Port num: 7, tpin num: 425, tnet num: 151, tinst num: 74, tnode num: 519, tedge num: 706.
TMR-2508 : Levelizing timing graph completed, there are 21 levels in total.
TMR-2501 : Timing graph initialized successfully.
OPT-1001 : Total overflow 0.00 peak overflow 0.00
OPT-1001 : Start high-fanout net optimization ...
OPT-1001 : Update timing in global mode
PHY-1001 : Start incremental global routing, caller is place ...
RUN-1001 : Generating global routing grids ...
PHY-1001 : Generate routing nets ...
PHY-1001 : Reuse net number 9/153.
PHY-1001 : Global iterations in 16 thread ...
PHY-1002 : len = 2424, over cnt = 8(0%), over = 14, worst = 3
PHY-1002 : len = 2560, over cnt = 3(0%), over = 3, worst = 1
PHY-1002 : len = 2608, over cnt = 0(0%), over = 0, worst = 0
PHY-1001 : End global iterations;  0.014391s wall, 0.000000s user + 0.000000s system = 0.000000s CPU (n/a%)

PHY-1001 : Congestion index: top1 = 7.15, top5 = 1.87, top10 = 0.93, top15 = 0.62.
PHY-1001 : End incremental global routing;  0.051592s wall, 0.015625s user + 0.000000s system = 0.015625s CPU (30.3%)

TMR-2503 : Start to update net delay, extr mode = 5.
TMR-2504 : Update delay of 151 nets completely.
TMR-2502 : Annotate delay completely, extr mode = 5.
TMR-3001 : Initiate 0 clocks from SDC.
TMR-3004 : Map sdc constraints, there are 0 constraints in total.
TMR-3003 : Constraints initiated successfully.
TMR-3501 : Forward propagation: start to calculate arrival time...
TMR-3502 : Backward propagation: start to calculate required time...
TMR-3503 : Timing propagation completes.
OPT-1001 : End timing update;  0.001826s wall, 0.000000s user + 0.000000s system = 0.000000s CPU (n/a%)

OPT-1001 : 0 high-fanout net processed.
OPT-1001 : End high-fanout net optimization;  0.054570s wall, 0.015625s user + 0.000000s system = 0.015625s CPU (28.6%)

OPT-1001 : Current memory(MB): used = 137, reserve = 108, peak = 138.
OPT-1001 : Start path based optimization ...
OPT-1001 : Start congestion update ...
RUN-1001 : Generating global routing grids ...
PHY-1001 : Generate routing nets ...
PHY-1001 : Reuse net number 95/153.
PHY-1001 : Global iterations in 16 thread ...
PHY-1002 : len = 2608, over cnt = 0(0%), over = 0, worst = 0
PHY-1001 : End global iterations;  0.000765s wall, 0.000000s user + 0.000000s system = 0.000000s CPU (n/a%)

PHY-1001 : Congestion index: top1 = 7.15, top5 = 1.87, top10 = 0.93, top15 = 0.62.
OPT-1001 : End congestion update;  0.033923s wall, 0.000000s user + 0.000000s system = 0.000000s CPU (n/a%)

OPT-1001 : Update timing in Manhattan mode
TMR-2503 : Start to update net delay, extr mode = 3.
TMR-2504 : Update delay of 151 nets completely.
TMR-2502 : Annotate delay completely, extr mode = 3.
TMR-3501 : Forward propagation: start to calculate arrival time...
TMR-3502 : Backward propagation: start to calculate required time...
TMR-3503 : Timing propagation completes.
OPT-1001 : End timing update;  0.001286s wall, 0.000000s user + 0.000000s system = 0.000000s CPU (n/a%)

OPT-0007 : Start: WNS 2147483647 TNS 0 NUM_FEPS 0
OPT-1001 : End path based optimization;  0.035272s wall, 0.000000s user + 0.000000s system = 0.000000s CPU (n/a%)

OPT-1001 : Current memory(MB): used = 137, reserve = 108, peak = 138.
OPT-1001 : Update timing in Manhattan mode
TMR-2503 : Start to update net delay, extr mode = 3.
TMR-2504 : Update delay of 151 nets completely.
TMR-2502 : Annotate delay completely, extr mode = 3.
TMR-3501 : Forward propagation: start to calculate arrival time...
TMR-3502 : Backward propagation: start to calculate required time...
TMR-3503 : Timing propagation completes.
OPT-1001 : End timing update;  0.001054s wall, 0.000000s user + 0.000000s system = 0.000000s CPU (n/a%)

OPT-1001 : Start pin optimization...
OPT-1001 : skip pin optimization...
OPT-1001 : Update timing in global mode
PHY-1001 : Start incremental global routing, caller is place ...
RUN-1001 : Generating global routing grids ...
PHY-1001 : Generate routing nets ...
PHY-1001 : Reuse net number 95/153.
PHY-1001 : Global iterations in 16 thread ...
PHY-1002 : len = 2608, over cnt = 0(0%), over = 0, worst = 0
PHY-1001 : End global iterations;  0.000780s wall, 0.000000s user + 0.000000s system = 0.000000s CPU (n/a%)

PHY-1001 : Congestion index: top1 = 7.15, top5 = 1.87, top10 = 0.93, top15 = 0.62.
PHY-1001 : End incremental global routing;  0.038823s wall, 0.015625s user + 0.000000s system = 0.015625s CPU (40.2%)

TMR-2503 : Start to update net delay, extr mode = 5.
TMR-2504 : Update delay of 151 nets completely.
TMR-2502 : Annotate delay completely, extr mode = 5.
TMR-3501 : Forward propagation: start to calculate arrival time...
TMR-3502 : Backward propagation: start to calculate required time...
TMR-3503 : Timing propagation completes.
OPT-1001 : End timing update;  0.001684s wall, 0.015625s user + 0.000000s system = 0.015625s CPU (927.7%)

RUN-1001 : Generating global routing grids ...
PHY-1001 : Generate routing nets ...
PHY-1001 : Reuse net number 95/153.
PHY-1001 : Global iterations in 16 thread ...
PHY-1002 : len = 2608, over cnt = 0(0%), over = 0, worst = 0
PHY-1001 : End global iterations;  0.000754s wall, 0.000000s user + 0.000000s system = 0.000000s CPU (n/a%)

PHY-1001 : Congestion index: top1 = 7.15, top5 = 1.87, top10 = 0.93, top15 = 0.62.
OPT-1001 : Update timing in Manhattan mode
TMR-2503 : Start to update net delay, extr mode = 3.
TMR-2504 : Update delay of 151 nets completely.
TMR-2502 : Annotate delay completely, extr mode = 3.
TMR-3501 : Forward propagation: start to calculate arrival time...
TMR-3502 : Backward propagation: start to calculate required time...
TMR-3503 : Timing propagation completes.
OPT-1001 : End timing update;  0.001306s wall, 0.000000s user + 0.000000s system = 0.000000s CPU (n/a%)

RUN-1001 : QoR Analysis:
OPT-0007 :   WNS 2147483647 TNS 0 NUM_FEPS 0
RUN-1001 :   No local congestion issue, and most congested 1% tile average routing util is 6.724138
RUN-1001 :   Top critical paths
OPT-1001 : End physical optimization;  0.276841s wall, 0.125000s user + 0.000000s system = 0.125000s CPU (45.2%)

RUN-1003 : finish command "place" in  1.900534s wall, 0.640625s user + 0.171875s system = 0.812500s CPU (42.8%)

RUN-1004 : used memory is 125 MB, reserved memory is 96 MB, peak memory is 138 MB
RUN-1002 : start command "export_db display_place.db"
RUN-1001 : Exported /
RUN-1001 : Exported flow parameters
RUN-1001 : Exported libs
RUN-1001 : Exported entities
RUN-1001 : Exported ports
RUN-1001 : Exported pins
RUN-1001 : Exported instances
RUN-1001 : Exported nets
RUN-1001 : Exported buses
RUN-1001 : Exported models
RUN-1001 : Exported congestions
RUN-1001 : Exported violations
RUN-1001 : Exported timing constraints
RUN-1001 : Exported IO constraints
RUN-1001 : Exported Inst constraints
RUN-1002 : start command "route"
RUN-1001 : Open license file E:/Anlogic/TD5.6.59063/license/Anlogic.lic
RUN-1001 : Print Global Property
RUN-1001 : ---------------------------------------------------------------
RUN-1001 :        Parameters        |  Settings  |  Default Values  |  Note  
RUN-1001 : ---------------------------------------------------------------
RUN-1001 :          message         |  standard  |     standard     |        
RUN-1001 :   mixed_pack_place_flow  |     on     |        on        |        
RUN-1001 :        qor_monitor       |    off     |       off        |        
RUN-1001 :        syn_ip_flow       |    off     |       off        |        
RUN-1001 :          thread          |    auto    |       auto       |        
RUN-1001 : ---------------------------------------------------------------
RUN-1001 : Print Route Property
RUN-1001 : -------------------------------------------------------
RUN-1001 :    Parameters    |  Settings  |  Default Values  |  Note  
RUN-1001 : -------------------------------------------------------
RUN-1001 :      effort      |   medium   |      medium      |        
RUN-1001 :     fix_hold     |    off     |       off        |        
RUN-1001 :    opt_timing    |   medium   |      medium      |        
RUN-1001 :   phy_sim_model  |    off     |       off        |        
RUN-1001 :     priority     |   timing   |      timing      |        
RUN-1001 :     swap_pin     |     on     |        on        |        
RUN-1001 : -------------------------------------------------------
PHY-1001 : Route runs in 16 thread(s)
RUN-1001 : There are total 76 instances
RUN-1001 : 24 mslices, 24 lslices, 23 pads, 0 brams, 0 dsps
RUN-1001 : There are total 153 nets
RUN-1001 : 103 nets have 2 pins
RUN-1001 : 40 nets have [3 - 5] pins
RUN-1001 : 8 nets have [6 - 10] pins
RUN-1001 : 2 nets have [21 - 99] pins
RUN-1002 : start command "start_timer -report"
TMR-2505 : Start building timing graph for model keyboard_instance.
TMR-2506 : Build timing graph completely. Port num: 7, tpin num: 425, tnet num: 151, tinst num: 74, tnode num: 519, tedge num: 706.
TMR-2508 : Levelizing timing graph completed, there are 21 levels in total.
TMR-2501 : Timing graph initialized successfully.
PHY-1001 : 24 mslices, 24 lslices, 23 pads, 0 brams, 0 dsps
TMR-2503 : Start to update net delay, extr mode = 3.
TMR-2504 : Update delay of 151 nets completely.
TMR-2502 : Annotate delay completely, extr mode = 3.
TMR-3001 : Initiate 0 clocks from SDC.
TMR-3004 : Map sdc constraints, there are 0 constraints in total.
TMR-3003 : Constraints initiated successfully.
TMR-3501 : Forward propagation: start to calculate arrival time...
TMR-3502 : Backward propagation: start to calculate required time...
TMR-3503 : Timing propagation completes.
PHY-1001 : Start global routing, caller is route ...
RUN-1001 : Generating global routing grids ...
PHY-1001 : Generate routing nets ...
PHY-1001 : Global iterations in 16 thread ...
PHY-1002 : len = 2408, over cnt = 8(0%), over = 14, worst = 3
PHY-1002 : len = 2544, over cnt = 3(0%), over = 3, worst = 1
PHY-1002 : len = 2592, over cnt = 0(0%), over = 0, worst = 0
PHY-1001 : End global iterations;  0.019852s wall, 0.000000s user + 0.015625s system = 0.015625s CPU (78.7%)

PHY-1001 : Congestion index: top1 = 7.10, top5 = 1.87, top10 = 0.93, top15 = 0.62.
PHY-1001 : End global routing;  0.057146s wall, 0.000000s user + 0.015625s system = 0.015625s CPU (27.3%)

PHY-1001 : Start detail routing ...
PHY-1001 : Current memory(MB): used = 159, reserve = 131, peak = 172.
PHY-1001 : Detailed router is running in normal mode.
PHY-1001 : Generate detailed routing grids ...
PHY-1001 : Generate nets ...
PHY-1001 : net clk_50M_dup_1 will be routed on clock mesh
PHY-1001 : clock net U5/W_Digitron_Out_n_syn_9 will be merged with clock U5/W_Digitron_Out_n
PHY-1001 : clock net U1/scan_clk_syn_4 will be merged with clock U1/scan_clk
PHY-1001 : Current memory(MB): used = 425, reserve = 401, peak = 425.
PHY-1001 : End build detailed router design. 4.147396s wall, 1.859375s user + 0.000000s system = 1.859375s CPU (44.8%)

PHY-1001 : Detail Route ...
PHY-1001 : ===== Detail Route Phase 1 =====
PHY-1001 : Clock net routing.....
PHY-1001 : Routed 1% nets.
PHY-1022 : len = 3448, over cnt = 0(0%), over = 0, worst = 0, crit = 0
PHY-1001 : End initial clock net routed; 0.703368s wall, 0.328125s user + 0.000000s system = 0.328125s CPU (46.7%)

PHY-1001 : Current memory(MB): used = 455, reserve = 431, peak = 455.
PHY-1001 : End phase 1; 0.710385s wall, 0.328125s user + 0.000000s system = 0.328125s CPU (46.2%)

PHY-1001 : ===== Detail Route Phase 2 =====
PHY-1001 : Initial routing.....
PHY-1001 : Routed 51% nets.
PHY-1001 : Routed 52% nets.
PHY-1001 : Patch 32 net; 0.015164s wall, 0.000000s user + 0.000000s system = 0.000000s CPU (n/a%)

PHY-1022 : len = 7744, over cnt = 2(0%), over = 2, worst = 1, crit = 0
PHY-1001 : Current memory(MB): used = 455, reserve = 431, peak = 455.
PHY-1001 : End initial routed; 0.063392s wall, 0.031250s user + 0.000000s system = 0.031250s CPU (49.3%)

PHY-1001 : Update timing.....
PHY-1001 : 0/115(0%) critical/total net(s).
RUN-1001 : ------------------------------------------
RUN-1001 :   Type   |    WNS(ns)    |  TNS(ns)  |  FEP  
RUN-1001 : ------------------------------------------
RUN-1001 :   Setup  |  2147483.647  |   0.000   |   0   
RUN-1001 :   Hold   |  2147483.647  |   0.000   |   0   
RUN-1001 : ------------------------------------------
PHY-1001 : End update timing; 0.131173s wall, 0.109375s user + 0.000000s system = 0.109375s CPU (83.4%)

PHY-1001 : Current memory(MB): used = 455, reserve = 431, peak = 455.
PHY-1001 : End phase 2; 0.194669s wall, 0.140625s user + 0.000000s system = 0.140625s CPU (72.2%)

PHY-1001 : ===== Detail Route Phase 3 =====
PHY-1001 : Optimize timing.....
PHY-1022 : len = 7744, over cnt = 2(0%), over = 2, worst = 1, crit = 0
PHY-1001 : End optimize timing; 0.003995s wall, 0.000000s user + 0.000000s system = 0.000000s CPU (n/a%)

PHY-1001 : Ripup-reroute.....
PHY-1001 : ===== DR Iter 1 =====
PHY-1022 : len = 7760, over cnt = 1(0%), over = 1, worst = 1, crit = 0
PHY-1001 : End DR Iter 1; 0.010467s wall, 0.000000s user + 0.000000s system = 0.000000s CPU (n/a%)

PHY-1001 : ===== DR Iter 2 =====
PHY-1022 : len = 7776, over cnt = 0(0%), over = 0, worst = 0, crit = 0
PHY-1001 : End DR Iter 2; 0.010252s wall, 0.000000s user + 0.000000s system = 0.000000s CPU (n/a%)

PHY-1001 : Update timing.....
PHY-1001 : 0/115(0%) critical/total net(s).
RUN-1001 : ------------------------------------------
RUN-1001 :   Type   |    WNS(ns)    |  TNS(ns)  |  FEP  
RUN-1001 : ------------------------------------------
RUN-1001 :   Setup  |  2147483.647  |   0.000   |   0   
RUN-1001 :   Hold   |  2147483.647  |   0.000   |   0   
RUN-1001 : ------------------------------------------
PHY-1001 : End update timing; 0.122579s wall, 0.078125s user + 0.000000s system = 0.078125s CPU (63.7%)

PHY-1001 : Commit to database.....
PHY-1001 : 0 feed throughs used by 0 nets
PHY-1001 : End commit to database; 0.023070s wall, 0.015625s user + 0.000000s system = 0.015625s CPU (67.7%)

PHY-1001 : Current memory(MB): used = 464, reserve = 440, peak = 464.
PHY-1001 : End phase 3; 0.292213s wall, 0.171875s user + 0.000000s system = 0.171875s CPU (58.8%)

PHY-1003 : Routed, final wirelength = 7776
PHY-1001 : Current memory(MB): used = 464, reserve = 440, peak = 464.
PHY-1001 : End export database. 0.005231s wall, 0.000000s user + 0.000000s system = 0.000000s CPU (n/a%)

PHY-1001 : End detail routing;  5.548027s wall, 2.625000s user + 0.000000s system = 2.625000s CPU (47.3%)

RUN-1003 : finish command "route" in  5.801571s wall, 2.796875s user + 0.015625s system = 2.812500s CPU (48.5%)

RUN-1004 : used memory is 415 MB, reserved memory is 390 MB, peak memory is 464 MB
RUN-1002 : start command "report_area -io_info -file display_phy.area"
RUN-1001 : standard
***Report Model: keyboard_instance Device: EG4S20BG256***

IO Statistics
#IO                        23
  #input                    6
  #output                  17
  #inout                    0

Utilization Statistics
#lut                       75   out of  19600    0.38%
#reg                       60   out of  19600    0.31%
#le                        89
  #lut only                29   out of     89   32.58%
  #reg only                14   out of     89   15.73%
  #lut&reg                 46   out of     89   51.69%
#dsp                        0   out of     29    0.00%
#bram                       0   out of     64    0.00%
  #bram9k                   0
  #fifo9k                   0
#bram32k                    0   out of     16    0.00%
#pad                       23   out of    188   12.23%
  #ireg                     0
  #oreg                     0
  #treg                     0
#pll                        0   out of      4    0.00%
#gclk                       3   out of     16   18.75%

Clock Resource Statistics
Index     ClockNet               Type               DriverType         Driver                           Fanout
#1        clk_50M_dup_1          GCLK               io                 clk_50M_syn_2.di                 27
#2        U5/W_Digitron_Out_n    GCLK               lslice             U5/W_Digitron_Out_n_syn_19.f1    4
#3        U1/scan_clk            GCLK               lslice             U1/scan_clk_reg_syn_9.q0         3


Detailed IO Report

        Name           Direction    Location    IOStandard    DriveStrength    PullType    PackReg  
        RSTn             INPUT         A9        LVCMOS33          N/A          PULLUP      NONE    
       clk_50M           INPUT         R7        LVCMOS33          N/A          PULLUP      NONE    
  DigitronCS_Out[3]     OUTPUT         A3        LVCMOS33           8            NONE       NONE    
  DigitronCS_Out[2]     OUTPUT         A5        LVCMOS33           8            NONE       NONE    
  DigitronCS_Out[1]     OUTPUT         B6        LVCMOS33           8            NONE       NONE    
  DigitronCS_Out[0]     OUTPUT         C9        LVCMOS33           8            NONE       NONE    
   Digitron_Out[7]      OUTPUT         C8        LVCMOS33           8            NONE       NONE    
   Digitron_Out[6]      OUTPUT         A8        LVCMOS33           8            NONE       NONE    
   Digitron_Out[5]      OUTPUT         B5        LVCMOS33           8            NONE       NONE    
   Digitron_Out[4]      OUTPUT         A7        LVCMOS33           8            NONE       NONE    
   Digitron_Out[3]      OUTPUT         E8        LVCMOS33           8            NONE       NONE    
   Digitron_Out[2]      OUTPUT         B8        LVCMOS33           8            NONE       NONE    
   Digitron_Out[1]      OUTPUT         A6        LVCMOS33           8            NONE       NONE    
   Digitron_Out[0]      OUTPUT         A4        LVCMOS33           8            NONE       NONE    
        light           OUTPUT        B14        LVCMOS33           8            NONE       NONE    
       row[3]           OUTPUT         D9        LVCMOS33           8            NONE       NONE    
       row[2]           OUTPUT         F9        LVCMOS33           8            NONE       NONE    
       row[1]           OUTPUT        C10        LVCMOS33           8            NONE       NONE    
       row[0]           OUTPUT        E10        LVCMOS33           8            NONE       NONE    

Report Hierarchy Area:
+-------------------------------------------------------------------------------------------+
|Instance |Module                      |le     |lut     |ripple  |seq     |bram    |dsp     |
+-------------------------------------------------------------------------------------------+
|top      |keyboard_instance           |89     |56      |19      |60      |0       |0       |
|  U1     |keyboard_scan               |53     |30      |9       |37      |0       |0       |
|  U5     |Digitron_TimeDisplay_module |32     |22      |10      |23      |0       |0       |
+-------------------------------------------------------------------------------------------+


DataNet Average Fanout:

   Index     Fanout    Nets  
    #1         1        84   
    #2         2        35   
    #3         3        2    
    #4        5-10      8    
  Average     1.71           

RUN-1002 : start command "export_db display_pr.db"
RUN-1001 : Exported /
RUN-1001 : Exported flow parameters
RUN-1001 : Exported libs
RUN-1001 : Exported entities
RUN-1001 : Exported ports
RUN-1001 : Exported pins
RUN-1001 : Exported instances
RUN-1001 : Exported nets
RUN-1001 : Exported buses
RUN-1001 : Exported models
RUN-1001 : Exported congestions
RUN-1001 : Exported violations
RUN-1001 : Exported timing constraints
RUN-1001 : Exported IO constraints
RUN-1001 : Exported Inst constraints
RUN-1002 : start command "export_bid display_inst.bid"
RUN-1002 : start command "bitgen -bit display.bit -unused_io_status pulldown"
BIT-1003 : Start to generate bitstream. 
BIT-1002 : Bitgen processed 165 unused pads, reserve input tri_state with pulldown
BIT-1002 : Init instances with 16 threads.
BIT-1002 : Init instances completely, inst num: 239
BIT-1002 : Init pips with 16 threads.
BIT-1002 : Init pips completely, net num: 153, pip num: 751
BIT-1003 : Multithreading accelaration with 16 threads.
BIT-1003 : Generate bitstream completely, there are 409 valid insts, and 2988 bits set as '1'.
BIT-1004 : PLL setting string = 0000
BIT-1004 : Generate bits file display.bit.
RUN-1003 : finish command "bitgen -bit display.bit -unused_io_status pulldown" in  1.041612s wall, 3.671875s user + 0.046875s system = 3.718750s CPU (357.0%)

RUN-1004 : used memory is 414 MB, reserved memory is 392 MB, peak memory is 608 MB
RUN-1002 : start command "backup_run_log run.log ../.logs/phy_1/td_20240827_012530.log"
