============================================================
   Tang Dynasty, V5.6.59063
   Copyright (c) 2012-2022 Anlogic
   Executable = E:/Anlogic/TD5.6.59063/bin/td.exe
   Built at =   12:45:13 Sep  6 2022
   Run by =     19234
   Run Date =   Tue Aug 27 01:42:29 2024

   Run on =     ERIKPSW
============================================================
RUN-1002 : start command "open_project display.prj"
RUN-1001 : Print Global Property
RUN-1001 : ---------------------------------------------------------------
RUN-1001 :        Parameters        |  Settings  |  Default Values  |  Note  
RUN-1001 : ---------------------------------------------------------------
RUN-1001 :          message         |  standard  |     standard     |        
RUN-1001 :   mixed_pack_place_flow  |     on     |        on        |        
RUN-1001 :        qor_monitor       |    off     |       off        |        
RUN-1001 :        syn_ip_flow       |    off     |       off        |        
RUN-1001 :          thread          |    auto    |       auto       |        
RUN-1001 : ---------------------------------------------------------------
RUN-1001 : Print Design Property
RUN-1001 : --------------------------------------------------------------
RUN-1001 :        Parameters       |  Settings  |  Default Values  |  Note  
RUN-1001 : --------------------------------------------------------------
RUN-1001 :   default_reg_initial   |    auto    |       auto       |        
RUN-1001 :        infer_add        |     on     |        on        |        
RUN-1001 :        infer_fsm        |    off     |       off        |        
RUN-1001 :        infer_mult       |     on     |        on        |        
RUN-1001 :        infer_ram        |     on     |        on        |        
RUN-1001 :        infer_reg        |     on     |        on        |        
RUN-1001 :   infer_reg_init_value  |     on     |        on        |        
RUN-1001 :        infer_rom        |     on     |        on        |        
RUN-1001 :      infer_shifter      |     on     |        on        |        
RUN-1001 : --------------------------------------------------------------
RUN-1001 : Print Rtl Property
RUN-1001 : --------------------------------------------------------------
RUN-1001 :        Parameters       |  Settings  |  Default Values  |  Note  
RUN-1001 : --------------------------------------------------------------
RUN-1001 :       compress_add      |   ripple   |      ripple      |        
RUN-1001 :        elf_sload        |    off     |       off        |        
RUN-1001 :       fix_undriven      |     0      |        0         |        
RUN-1001 :         flatten         |    off     |       off        |        
RUN-1001 :       gate_sharing      |     on     |        on        |        
RUN-1001 :    hdl_warning_level    |   normal   |      normal      |        
RUN-1001 :   impl_internal_tribuf  |     on     |        on        |        
RUN-1001 :      impl_set_reset     |     on     |        on        |        
RUN-1001 :        infer_gsr        |    off     |       off        |        
RUN-1001 :      keep_hierarchy     |    auto    |       auto       |        
RUN-1001 :        max_fanout       |    9999    |       9999       |        
RUN-1001 :      max_oh2bin_len     |     10     |        10        |        
RUN-1001 :       merge_equal       |     on     |        on        |        
RUN-1001 :       merge_equiv       |     on     |        on        |        
RUN-1001 :        merge_mux        |    off     |       off        |        
RUN-1001 :     min_control_set     |     8      |        8         |        
RUN-1001 :      min_ripple_len     |    auto    |       auto       |        
RUN-1001 :       oh2bin_ratio      |    0.08    |       0.08       |        
RUN-1001 :     opt_adder_fanout    |     on     |        on        |        
RUN-1001 :        opt_arith        |     on     |        on        |        
RUN-1001 :       opt_big_gate      |    off     |       off        |        
RUN-1001 :        opt_const        |     on     |        on        |        
RUN-1001 :      opt_const_mult     |     on     |        on        |        
RUN-1001 :       opt_lessthan      |     on     |        on        |        
RUN-1001 :         opt_mux         |    off     |       off        |        
RUN-1001 :         opt_ram         |    high    |       high       |        
RUN-1001 :      rtl_sim_model      |    off     |       off        |        
RUN-1001 :         seq_syn         |     on     |        on        |        
RUN-1001 : --------------------------------------------------------------
HDL-1007 : analyze verilog file ../../keyboard_instance.v
HDL-1007 : undeclared symbol 'clo', assumed default net type 'wire' in ../../keyboard_instance.v(17)
HDL-1007 : analyze verilog file ../../keyboard_scan.v
HDL-1007 : analyze verilog file ../../onehot2binary.v
HDL-1007 : analyze verilog file ../../key_filter.v
HDL-1007 : analyze verilog file ../../Digitron_TimeDisplay_module.v
RUN-1001 : Project manager successfully analyzed 5 source files.
RUN-1002 : start command "import_device eagle_s20.db -package EG4S20BG256"
ARC-1001 : Device Initialization.
ARC-1001 : ------------------------------------------------------------------
ARC-1001 :            OPTION            |          IO          |   SETTING   
ARC-1001 : ------------------------------------------------------------------
ARC-1001 :   cso_b/cclk/mosi/miso/dout  |  T3/R11/T10/P10/S11  |    gpio    
ARC-1001 :             done             |         P13          |    gpio    
ARC-1001 :           program_b          |          T2          |  dedicate  
ARC-1001 :        tdi/tms/tck/tdo       |   C12/A15/C14/E14    |  dedicate  
ARC-1001 : ------------------------------------------------------------------
ARC-1004 : Device setting, marked 5 dedicate IOs in total.
RUN-1002 : start command "import_db ../syn_1/display_gate.db"
RUN-1001 : Importing database generated by Tang Dynasty, V5.6.59063.
RUN-1001 : Database version number 46140.
RUN-1001 : Import flow parameters
RUN-1001 : Import timing constraints
RUN-1001 : Import IO constraints
RUN-1001 : Import Inst constraints
RUN-1001 : Import design success TD_VERSION=5.6.59063 , DB_VERSION=46140
RUN-1002 : start command "read_sdc"
USR-1002 : read_sdc file_name -help -h -eco
USR-1009 : NO module with IP_SDC ...
RUN-1104 : Import SDC file  finished, there are 0 nets kept by constraints.
RUN-1002 : start command "place"
RUN-1001 : Open license file E:/Anlogic/TD5.6.59063/license/Anlogic.lic
RUN-1001 : Print Global Property
RUN-1001 : ---------------------------------------------------------------
RUN-1001 :        Parameters        |  Settings  |  Default Values  |  Note  
RUN-1001 : ---------------------------------------------------------------
RUN-1001 :          message         |  standard  |     standard     |        
RUN-1001 :   mixed_pack_place_flow  |     on     |        on        |        
RUN-1001 :        qor_monitor       |    off     |       off        |        
RUN-1001 :        syn_ip_flow       |    off     |       off        |        
RUN-1001 :          thread          |    auto    |       auto       |        
RUN-1001 : ---------------------------------------------------------------
RUN-1001 : Print Place Property
RUN-1001 : --------------------------------------------------------------
RUN-1001 :        Parameters       |  Settings  |  Default Values  |  Note  
RUN-1001 : --------------------------------------------------------------
RUN-1001 :      detailed_place     |     on     |        on        |        
RUN-1001 :          effort         |   medium   |      medium      |        
RUN-1001 :         fix_hold        |    off     |       off        |        
RUN-1001 :       legalization      |    ori     |       ori        |        
RUN-1001 :      new_spreading      |     on     |        on        |        
RUN-1001 :        opt_timing       |   medium   |      medium      |        
RUN-1001 :   post_clock_route_opt  |    off     |       off        |        
RUN-1001 :       pr_strategy       |     1      |        1         |        
RUN-1001 :        relaxation       |    1.00    |       1.00       |        
RUN-1001 :         retiming        |    off     |       off        |        
RUN-1001 : --------------------------------------------------------------
PHY-3001 : Placer runs in 16 thread(s).
RUN-1002 : start command "legalize_phy_inst"
SYN-1011 : Flatten model keyboard_instance
RUN-1002 : start command "phys_opt -simplify_lut"
SYN-4024 : Net "clk_50M_dup_1" drives clk pins.
SYN-4024 : Net "U1/scan_clk" drives clk pins.
SYN-4025 : Tag rtl::Net U1/scan_clk as clock net
SYN-4025 : Tag rtl::Net clk_50M_dup_1 as clock net
SYN-4026 : Tagged 2 rtl::Net as clock net
SYN-4015 : Create BUFG instance for clk Net U1/scan_clk to drive 4 clock pins.
PHY-1001 : Populate physical database on model keyboard_instance.
RUN-1001 : There are total 110 instances
RUN-0007 : 26 luts, 37 seqs, 10 mslices, 9 lslices, 23 pads, 0 brams, 0 dsps
RUN-1001 : There are total 153 nets
RUN-1001 : 107 nets have 2 pins
RUN-1001 : 39 nets have [3 - 5] pins
RUN-1001 : 5 nets have [6 - 10] pins
RUN-1001 : 2 nets have [21 - 99] pins
RUN-1001 : Report Control nets information:
RUN-1001 : DFF Distribution
RUN-1001 : ----------------------------------
RUN-1001 :   CE   |  SSR  |  ASR  |  DFF Count  
RUN-1001 : ----------------------------------
RUN-1001 :   No   |  No   |  No   |     37      
RUN-1001 :   No   |  No   |  Yes  |      0      
RUN-1001 :   No   |  Yes  |  No   |      0      
RUN-1001 :   Yes  |  No   |  No   |      0      
RUN-1001 :   Yes  |  No   |  Yes  |      0      
RUN-1001 :   Yes  |  Yes  |  No   |      0      
RUN-1001 : ----------------------------------
RUN-0007 : Control Group Statistic
RUN-0007 : ---------------------------
RUN-0007 :   #CLK  |  #CE  |  #SSR/ASR  
RUN-0007 : ---------------------------
RUN-0007 :    2    |   1   |     1      
RUN-0007 : ---------------------------
RUN-0007 : Control Set = 2
PHY-3001 : Initial placement ...
PHY-3001 : design contains 107 instances, 26 luts, 37 seqs, 19 slices, 2 macros(19 instances: 10 mslices 9 lslices)
PHY-0007 : Cell area utilization is 0%
PHY-3001 : Start timing update ...
RUN-1002 : start command "start_timer -report"
TMR-2505 : Start building timing graph for model keyboard_instance.
TMR-2506 : Build timing graph completely. Port num: 7, tpin num: 407, tnet num: 150, tinst num: 107, tnode num: 506, tedge num: 653.
TMR-2508 : Levelizing timing graph completed, there are 21 levels in total.
TMR-2501 : Timing graph initialized successfully.
TMR-2503 : Start to update net delay, extr mode = 2.
TMR-2504 : Update delay of 150 nets completely.
TMR-2502 : Annotate delay completely, extr mode = 2.
TMR-3001 : Initiate 0 clocks from SDC.
TMR-3004 : Map sdc constraints, there are 0 constraints in total.
TMR-3003 : Constraints initiated successfully.
TMR-3501 : Forward propagation: start to calculate arrival time...
TMR-3502 : Backward propagation: start to calculate required time...
TMR-3503 : Timing propagation completes.
PHY-3001 : End timing update;  0.102319s wall, 0.046875s user + 0.000000s system = 0.046875s CPU (45.8%)

PHY-3001 : Global placement ...
PHY-3001 : Initial: Len = 42105.4
PHY-3001 : Clustering ...
PHY-3001 : Level 0 #clusters 107.
PHY-3001 : End clustering;  0.000014s wall, 0.000000s user + 0.000000s system = 0.000000s CPU (n/a%)

PHY-3001 : Run with size of 4
PHY-3001 : Cell area utilization is 0%
PHY-3001 : :::0::: Try harder cell spreading with beta_ = 0
PHY-3002 : Step(1): len = 23214.4, overlap = 0
PHY-3002 : Step(2): len = 16324.1, overlap = 0
PHY-3002 : Step(3): len = 11772.8, overlap = 0
PHY-3002 : Step(4): len = 8103.5, overlap = 0
PHY-3002 : Step(5): len = 6268, overlap = 0
PHY-3002 : Step(6): len = 5250.3, overlap = 0
PHY-3002 : Step(7): len = 5157.2, overlap = 0
PHY-3002 : Step(8): len = 4671.3, overlap = 0
PHY-3002 : Step(9): len = 4366.7, overlap = 0
PHY-3002 : Step(10): len = 4320.9, overlap = 0
PHY-3002 : Step(11): len = 3636.5, overlap = 0
PHY-3002 : Step(12): len = 3267.8, overlap = 0
PHY-3002 : Step(13): len = 3321.1, overlap = 0
PHY-3002 : Step(14): len = 3144.6, overlap = 0
PHY-3002 : Step(15): len = 3428, overlap = 0
PHY-3002 : Step(16): len = 2985.4, overlap = 0
PHY-3002 : Step(17): len = 2740.5, overlap = 0
PHY-3002 : Step(18): len = 2664.8, overlap = 0
PHY-3002 : Step(19): len = 1951.5, overlap = 0
PHY-3002 : Step(20): len = 1868.6, overlap = 0
PHY-3002 : Step(21): len = 1921.1, overlap = 0
PHY-3002 : Step(22): len = 1909.8, overlap = 0
PHY-3002 : Step(23): len = 1647.1, overlap = 0
PHY-3002 : Step(24): len = 1671.7, overlap = 0
PHY-3002 : Step(25): len = 1647.1, overlap = 0
PHY-3002 : Step(26): len = 1532.6, overlap = 0
PHY-3002 : Step(27): len = 1532.6, overlap = 0
PHY-3002 : Step(28): len = 1426.8, overlap = 0
PHY-3002 : Step(29): len = 1426.8, overlap = 0
PHY-3002 : Step(30): len = 1438.6, overlap = 0
PHY-3001 : Legalization ...
PHY-3001 : End legalization;  0.003220s wall, 0.000000s user + 0.000000s system = 0.000000s CPU (n/a%)

PHY-3001 : Run with size of 4
PHY-3001 : Cell area utilization is 0%
PHY-3001 : Update timing in Manhattan mode ...
TMR-2503 : Start to update net delay, extr mode = 3.
TMR-2504 : Update delay of 150 nets completely.
TMR-2502 : Annotate delay completely, extr mode = 3.
TMR-3501 : Forward propagation: start to calculate arrival time...
TMR-3502 : Backward propagation: start to calculate required time...
TMR-3503 : Timing propagation completes.
PHY-3001 : End timing update;  0.001220s wall, 0.000000s user + 0.000000s system = 0.000000s CPU (n/a%)

PHY-3001 : :::0::: Try harder cell spreading with beta_ = 0
PHY-3002 : Step(31): len = 1398.9, overlap = 0
PHY-3002 : Step(32): len = 1400.2, overlap = 0
PHY-3002 : Step(33): len = 1427.9, overlap = 0
PHY-3001 : Run with size of 2
PHY-3001 : Cell area utilization is 0%
PHY-3001 : Update timing in Manhattan mode ...
TMR-2503 : Start to update net delay, extr mode = 3.
TMR-2504 : Update delay of 150 nets completely.
TMR-2502 : Annotate delay completely, extr mode = 3.
TMR-3501 : Forward propagation: start to calculate arrival time...
TMR-3502 : Backward propagation: start to calculate required time...
TMR-3503 : Timing propagation completes.
PHY-3001 : End timing update;  0.001246s wall, 0.000000s user + 0.000000s system = 0.000000s CPU (n/a%)

PHY-3001 : :::0::: Try harder cell spreading with beta_ = 0
PHY-3002 : Step(34): len = 1395.4, overlap = 0
PHY-3002 : Step(35): len = 1395.4, overlap = 0
PHY-3002 : Step(36): len = 1385.6, overlap = 0
PHY-3002 : Step(37): len = 1411.2, overlap = 0
PHY-3002 : Step(38): len = 1459.7, overlap = 0
OPT-1001 : Start physical optimization ...
RUN-1002 : start command "start_timer -report"
TMR-2505 : Start building timing graph for model keyboard_instance.
TMR-2506 : Build timing graph completely. Port num: 7, tpin num: 407, tnet num: 150, tinst num: 107, tnode num: 506, tedge num: 653.
TMR-2508 : Levelizing timing graph completed, there are 21 levels in total.
TMR-2501 : Timing graph initialized successfully.
OPT-1001 : Total overflow 4.69 peak overflow 1.19
OPT-1001 : Start high-fanout net optimization ...
OPT-1001 : Update timing in global mode
PHY-1001 : Start incremental global routing, caller is place ...
RUN-1001 : Generating global routing grids ...
RUN-1001 : Building simple global routing graph ...
PHY-1001 : Generate routing nets ...
PHY-1001 : Reuse net number 0/153.
PHY-1001 : Global iterations in 16 thread ...
PHY-1002 : len = 1424, over cnt = 1(0%), over = 1, worst = 1
PHY-1001 : End global iterations;  0.008321s wall, 0.000000s user + 0.000000s system = 0.000000s CPU (n/a%)

PHY-1001 : Congestion index: top1 = 3.40, top5 = 0.86, top10 = 0.43, top15 = 0.28.
PHY-1001 : End incremental global routing;  0.050796s wall, 0.015625s user + 0.000000s system = 0.015625s CPU (30.8%)

TMR-2503 : Start to update net delay, extr mode = 5.
TMR-2504 : Update delay of 150 nets completely.
TMR-2502 : Annotate delay completely, extr mode = 5.
TMR-3001 : Initiate 0 clocks from SDC.
TMR-3004 : Map sdc constraints, there are 0 constraints in total.
TMR-3003 : Constraints initiated successfully.
TMR-3501 : Forward propagation: start to calculate arrival time...
TMR-3502 : Backward propagation: start to calculate required time...
TMR-3503 : Timing propagation completes.
OPT-1001 : End timing update;  0.001467s wall, 0.000000s user + 0.000000s system = 0.000000s CPU (n/a%)

OPT-1001 : 0 high-fanout net processed.
OPT-1001 : End high-fanout net optimization;  0.053210s wall, 0.015625s user + 0.000000s system = 0.015625s CPU (29.4%)

OPT-1001 : Current memory(MB): used = 138, reserve = 109, peak = 138.
OPT-1001 : Start global optimization ...
OPT-1001 : Start congestion update ...
RUN-1001 : Generating global routing grids ...
PHY-1001 : Generate routing nets ...
PHY-1001 : Reuse net number 41/153.
PHY-1001 : Global iterations in 16 thread ...
PHY-1002 : len = 1424, over cnt = 1(0%), over = 1, worst = 1
PHY-1002 : len = 1424, over cnt = 0(0%), over = 0, worst = 0
PHY-1001 : End global iterations;  0.012716s wall, 0.000000s user + 0.000000s system = 0.000000s CPU (n/a%)

PHY-1001 : Congestion index: top1 = 3.36, top5 = 0.86, top10 = 0.43, top15 = 0.28.
OPT-1001 : End congestion update;  0.048102s wall, 0.031250s user + 0.000000s system = 0.031250s CPU (65.0%)

OPT-1001 : Update timing in Manhattan mode
TMR-2503 : Start to update net delay, extr mode = 3.
TMR-2504 : Update delay of 150 nets completely.
TMR-2502 : Annotate delay completely, extr mode = 3.
TMR-3501 : Forward propagation: start to calculate arrival time...
TMR-3502 : Backward propagation: start to calculate required time...
TMR-3503 : Timing propagation completes.
OPT-1001 : End timing update;  0.001219s wall, 0.000000s user + 0.000000s system = 0.000000s CPU (n/a%)

OPT-0007 : Start: WNS 2147483647 TNS 0 NUM_FEPS 0
OPT-1001 : End global optimization;  0.049428s wall, 0.031250s user + 0.000000s system = 0.031250s CPU (63.2%)

OPT-1001 : Current memory(MB): used = 138, reserve = 110, peak = 138.
OPT-1001 : End physical optimization;  0.223441s wall, 0.046875s user + 0.000000s system = 0.046875s CPU (21.0%)

PHY-3001 : Start packing ...
SYN-4007 : Packing 0 MUX to BLE ...
SYN-4008 : Packed 0 MUX and 0 SEQ to BLE.
SYN-4007 : Packing 26 LUT to BLE ...
SYN-4008 : Packed 26 LUT and 11 SEQ to BLE.
SYN-4003 : Packing 26 remaining SEQ's ...
SYN-4005 : Packed 12 SEQ with LUT/SLICE
SYN-4006 : 5 single LUT's are left
SYN-4006 : 14 single SEQ's are left
SYN-4011 : Packing model "keyboard_instance" (AL_USER_NORMAL) with 40/87 primitive instances ...
PHY-3001 : End packing;  0.002468s wall, 0.000000s user + 0.000000s system = 0.000000s CPU (n/a%)

PHY-1001 : Populate physical database on model keyboard_instance.
RUN-1001 : There are total 70 instances
RUN-1001 : 21 mslices, 21 lslices, 23 pads, 0 brams, 0 dsps
RUN-1001 : There are total 142 nets
RUN-1001 : 96 nets have 2 pins
RUN-1001 : 39 nets have [3 - 5] pins
RUN-1001 : 5 nets have [6 - 10] pins
RUN-1001 : 2 nets have [21 - 99] pins
PHY-3001 : design contains 67 instances, 42 slices, 2 macros(19 instances: 10 mslices 9 lslices)
PHY-3001 : Cell area utilization is 0%
PHY-3001 : After packing: Len = 1711.2, Over = 1.5
PHY-3001 : Run with size of 2
PHY-3001 : Cell area utilization is 0%
PHY-3001 : Update timing in Manhattan mode ...
RUN-1002 : start command "start_timer -report"
TMR-2505 : Start building timing graph for model keyboard_instance.
TMR-2506 : Build timing graph completely. Port num: 7, tpin num: 368, tnet num: 139, tinst num: 67, tnode num: 450, tedge num: 614.
TMR-2508 : Levelizing timing graph completed, there are 21 levels in total.
TMR-2501 : Timing graph initialized successfully.
TMR-2503 : Start to update net delay, extr mode = 3.
TMR-2504 : Update delay of 139 nets completely.
TMR-2502 : Annotate delay completely, extr mode = 3.
TMR-3001 : Initiate 0 clocks from SDC.
TMR-3004 : Map sdc constraints, there are 0 constraints in total.
TMR-3003 : Constraints initiated successfully.
TMR-3501 : Forward propagation: start to calculate arrival time...
TMR-3502 : Backward propagation: start to calculate required time...
TMR-3503 : Timing propagation completes.
PHY-3001 : End timing update;  0.132022s wall, 0.046875s user + 0.000000s system = 0.046875s CPU (35.5%)

PHY-3001 : :::0::: Try harder cell spreading with beta_ = 0
PHY-3002 : Step(39): len = 1555.5, overlap = 1.5
PHY-3002 : Step(40): len = 1557.4, overlap = 1.5
PHY-3002 : Step(41): len = 1526.2, overlap = 1.25
PHY-3002 : Step(42): len = 1500, overlap = 1.5
PHY-3002 : Step(43): len = 1482.8, overlap = 1.5
PHY-3002 : Step(44): len = 1485.4, overlap = 1.5
PHY-3002 : Step(45): len = 1523, overlap = 1.5
PHY-3002 : Step(46): len = 1544.9, overlap = 3.25
PHY-3002 : Step(47): len = 1573.4, overlap = 3.25
PHY-3002 : Step(48): len = 1495.2, overlap = 3.25
PHY-3002 : Step(49): len = 1476.8, overlap = 3.75
PHY-3002 : Step(50): len = 1468.7, overlap = 3.25
PHY-3002 : Step(51): len = 1403.6, overlap = 3.25
PHY-3002 : Step(52): len = 1422.1, overlap = 3
PHY-3002 : Step(53): len = 1426.6, overlap = 2.5
PHY-3002 : Step(54): len = 1371.9, overlap = 1.25
PHY-3002 : Step(55): len = 1371.9, overlap = 1.25
PHY-3002 : Step(56): len = 1353.9, overlap = 1.25
PHY-3002 : Step(57): len = 1362.8, overlap = 1.25
PHY-3002 : Step(58): len = 1376.6, overlap = 1
PHY-3001 : Legalization ...
PHY-3001 : End legalization;  0.025186s wall, 0.000000s user + 0.015625s system = 0.015625s CPU (62.0%)

PHY-3001 : Trial Legalized: Len = 2407.3
PHY-3001 : Run with size of 2
PHY-3001 : Cell area utilization is 0%
PHY-3001 : Update timing in Manhattan mode ...
TMR-2503 : Start to update net delay, extr mode = 3.
TMR-2504 : Update delay of 139 nets completely.
TMR-2502 : Annotate delay completely, extr mode = 3.
TMR-3501 : Forward propagation: start to calculate arrival time...
TMR-3502 : Backward propagation: start to calculate required time...
TMR-3503 : Timing propagation completes.
PHY-3001 : End timing update;  0.001172s wall, 0.000000s user + 0.000000s system = 0.000000s CPU (n/a%)

PHY-3001 : :::0::: Try harder cell spreading with beta_ = 0
PHY-3002 : Step(59): len = 1695.5, overlap = 1
PHY-3002 : Step(60): len = 1538.3, overlap = 2
PHY-3002 : Step(61): len = 1455.5, overlap = 2.5
PHY-3002 : Step(62): len = 1395.9, overlap = 2.5
PHY-3002 : Step(63): len = 1398.2, overlap = 2.5
PHY-3002 : Step(64): len = 1398.2, overlap = 2.5
PHY-3002 : Step(65): len = 1364.3, overlap = 2.5
PHY-3002 : Step(66): len = 1364.3, overlap = 2.5
PHY-3002 : Step(67): len = 1353.2, overlap = 2.5
PHY-3002 : Step(68): len = 1353.2, overlap = 2.5
PHY-3002 : Step(69): len = 1350.9, overlap = 2.5
PHY-3001 : Legalization ...
PHY-3001 : End legalization;  0.004833s wall, 0.000000s user + 0.000000s system = 0.000000s CPU (n/a%)

PHY-3001 : Legalized: Len = 1859.3, Over = 0
PHY-3001 : End spreading;  0.001853s wall, 0.000000s user + 0.000000s system = 0.000000s CPU (n/a%)

PHY-3001 : Final: Len = 1859.3, Over = 0
OPT-1001 : Start physical optimization ...
RUN-1002 : start command "start_timer -report"
TMR-2505 : Start building timing graph for model keyboard_instance.
TMR-2506 : Build timing graph completely. Port num: 7, tpin num: 368, tnet num: 139, tinst num: 67, tnode num: 450, tedge num: 614.
TMR-2508 : Levelizing timing graph completed, there are 21 levels in total.
TMR-2501 : Timing graph initialized successfully.
OPT-1001 : Total overflow 0.00 peak overflow 0.00
OPT-1001 : Start high-fanout net optimization ...
OPT-1001 : Update timing in global mode
PHY-1001 : Start incremental global routing, caller is place ...
RUN-1001 : Generating global routing grids ...
PHY-1001 : Generate routing nets ...
PHY-1001 : Reuse net number 4/142.
PHY-1001 : Global iterations in 16 thread ...
PHY-1002 : len = 1976, over cnt = 6(0%), over = 12, worst = 4
PHY-1002 : len = 2064, over cnt = 5(0%), over = 5, worst = 1
PHY-1002 : len = 2136, over cnt = 0(0%), over = 0, worst = 0
PHY-1001 : End global iterations;  0.014606s wall, 0.000000s user + 0.000000s system = 0.000000s CPU (n/a%)

PHY-1001 : Congestion index: top1 = 6.18, top5 = 1.61, top10 = 0.80, top15 = 0.53.
PHY-1001 : End incremental global routing;  0.051441s wall, 0.031250s user + 0.000000s system = 0.031250s CPU (60.7%)

TMR-2503 : Start to update net delay, extr mode = 5.
TMR-2504 : Update delay of 139 nets completely.
TMR-2502 : Annotate delay completely, extr mode = 5.
TMR-3001 : Initiate 0 clocks from SDC.
TMR-3004 : Map sdc constraints, there are 0 constraints in total.
TMR-3003 : Constraints initiated successfully.
TMR-3501 : Forward propagation: start to calculate arrival time...
TMR-3502 : Backward propagation: start to calculate required time...
TMR-3503 : Timing propagation completes.
OPT-1001 : End timing update;  0.001613s wall, 0.000000s user + 0.000000s system = 0.000000s CPU (n/a%)

OPT-1001 : 0 high-fanout net processed.
OPT-1001 : End high-fanout net optimization;  0.054078s wall, 0.031250s user + 0.000000s system = 0.031250s CPU (57.8%)

OPT-1001 : Current memory(MB): used = 139, reserve = 111, peak = 140.
OPT-1001 : Start path based optimization ...
OPT-1001 : Start congestion update ...
RUN-1001 : Generating global routing grids ...
PHY-1001 : Generate routing nets ...
PHY-1001 : Reuse net number 85/142.
PHY-1001 : Global iterations in 16 thread ...
PHY-1002 : len = 2136, over cnt = 0(0%), over = 0, worst = 0
PHY-1001 : End global iterations;  0.000749s wall, 0.000000s user + 0.000000s system = 0.000000s CPU (n/a%)

PHY-1001 : Congestion index: top1 = 6.18, top5 = 1.61, top10 = 0.80, top15 = 0.53.
OPT-1001 : End congestion update;  0.038058s wall, 0.015625s user + 0.000000s system = 0.015625s CPU (41.1%)

OPT-1001 : Update timing in Manhattan mode
TMR-2503 : Start to update net delay, extr mode = 3.
TMR-2504 : Update delay of 139 nets completely.
TMR-2502 : Annotate delay completely, extr mode = 3.
TMR-3501 : Forward propagation: start to calculate arrival time...
TMR-3502 : Backward propagation: start to calculate required time...
TMR-3503 : Timing propagation completes.
OPT-1001 : End timing update;  0.001158s wall, 0.000000s user + 0.000000s system = 0.000000s CPU (n/a%)

OPT-0007 : Start: WNS 2147483647 TNS 0 NUM_FEPS 0
OPT-1001 : End path based optimization;  0.039286s wall, 0.015625s user + 0.000000s system = 0.015625s CPU (39.8%)

OPT-1001 : Current memory(MB): used = 139, reserve = 111, peak = 140.
OPT-1001 : Update timing in Manhattan mode
TMR-2503 : Start to update net delay, extr mode = 3.
TMR-2504 : Update delay of 139 nets completely.
TMR-2502 : Annotate delay completely, extr mode = 3.
TMR-3501 : Forward propagation: start to calculate arrival time...
TMR-3502 : Backward propagation: start to calculate required time...
TMR-3503 : Timing propagation completes.
OPT-1001 : End timing update;  0.000916s wall, 0.000000s user + 0.000000s system = 0.000000s CPU (n/a%)

OPT-1001 : Start pin optimization...
OPT-1001 : skip pin optimization...
OPT-1001 : Update timing in global mode
PHY-1001 : Start incremental global routing, caller is place ...
RUN-1001 : Generating global routing grids ...
PHY-1001 : Generate routing nets ...
PHY-1001 : Reuse net number 85/142.
PHY-1001 : Global iterations in 16 thread ...
PHY-1002 : len = 2136, over cnt = 0(0%), over = 0, worst = 0
PHY-1001 : End global iterations;  0.000765s wall, 0.000000s user + 0.000000s system = 0.000000s CPU (n/a%)

PHY-1001 : Congestion index: top1 = 6.18, top5 = 1.61, top10 = 0.80, top15 = 0.53.
PHY-1001 : End incremental global routing;  0.043854s wall, 0.000000s user + 0.000000s system = 0.000000s CPU (n/a%)

TMR-2503 : Start to update net delay, extr mode = 5.
TMR-2504 : Update delay of 139 nets completely.
TMR-2502 : Annotate delay completely, extr mode = 5.
TMR-3501 : Forward propagation: start to calculate arrival time...
TMR-3502 : Backward propagation: start to calculate required time...
TMR-3503 : Timing propagation completes.
OPT-1001 : End timing update;  0.001780s wall, 0.000000s user + 0.000000s system = 0.000000s CPU (n/a%)

RUN-1001 : Generating global routing grids ...
PHY-1001 : Generate routing nets ...
PHY-1001 : Reuse net number 85/142.
PHY-1001 : Global iterations in 16 thread ...
PHY-1002 : len = 2136, over cnt = 0(0%), over = 0, worst = 0
PHY-1001 : End global iterations;  0.001014s wall, 0.000000s user + 0.000000s system = 0.000000s CPU (n/a%)

PHY-1001 : Congestion index: top1 = 6.18, top5 = 1.61, top10 = 0.80, top15 = 0.53.
OPT-1001 : Update timing in Manhattan mode
TMR-2503 : Start to update net delay, extr mode = 3.
TMR-2504 : Update delay of 139 nets completely.
TMR-2502 : Annotate delay completely, extr mode = 3.
TMR-3501 : Forward propagation: start to calculate arrival time...
TMR-3502 : Backward propagation: start to calculate required time...
TMR-3503 : Timing propagation completes.
OPT-1001 : End timing update;  0.001157s wall, 0.000000s user + 0.000000s system = 0.000000s CPU (n/a%)

RUN-1001 : QoR Analysis:
OPT-0007 :   WNS 2147483647 TNS 0 NUM_FEPS 0
RUN-1001 :   No local congestion issue, and most congested 1% tile average routing util is 5.689655
RUN-1001 :   Top critical paths
OPT-1001 : End physical optimization;  0.300764s wall, 0.125000s user + 0.000000s system = 0.125000s CPU (41.6%)

RUN-1003 : finish command "place" in  2.318242s wall, 0.640625s user + 0.734375s system = 1.375000s CPU (59.3%)

RUN-1004 : used memory is 124 MB, reserved memory is 95 MB, peak memory is 140 MB
RUN-1002 : start command "export_db display_place.db"
RUN-1001 : Exported /
RUN-1001 : Exported flow parameters
RUN-1001 : Exported libs
RUN-1001 : Exported entities
RUN-1001 : Exported ports
RUN-1001 : Exported pins
RUN-1001 : Exported instances
RUN-1001 : Exported nets
RUN-1001 : Exported buses
RUN-1001 : Exported models
RUN-1001 : Exported congestions
RUN-1001 : Exported violations
RUN-1001 : Exported timing constraints
RUN-1001 : Exported IO constraints
RUN-1001 : Exported Inst constraints
RUN-1002 : start command "route"
RUN-1001 : Open license file E:/Anlogic/TD5.6.59063/license/Anlogic.lic
RUN-1001 : Print Global Property
RUN-1001 : ---------------------------------------------------------------
RUN-1001 :        Parameters        |  Settings  |  Default Values  |  Note  
RUN-1001 : ---------------------------------------------------------------
RUN-1001 :          message         |  standard  |     standard     |        
RUN-1001 :   mixed_pack_place_flow  |     on     |        on        |        
RUN-1001 :        qor_monitor       |    off     |       off        |        
RUN-1001 :        syn_ip_flow       |    off     |       off        |        
RUN-1001 :          thread          |    auto    |       auto       |        
RUN-1001 : ---------------------------------------------------------------
RUN-1001 : Print Route Property
RUN-1001 : -------------------------------------------------------
RUN-1001 :    Parameters    |  Settings  |  Default Values  |  Note  
RUN-1001 : -------------------------------------------------------
RUN-1001 :      effort      |   medium   |      medium      |        
RUN-1001 :     fix_hold     |    off     |       off        |        
RUN-1001 :    opt_timing    |   medium   |      medium      |        
RUN-1001 :   phy_sim_model  |    off     |       off        |        
RUN-1001 :     priority     |   timing   |      timing      |        
RUN-1001 :     swap_pin     |     on     |        on        |        
RUN-1001 : -------------------------------------------------------
PHY-1001 : Route runs in 16 thread(s)
RUN-1001 : There are total 70 instances
RUN-1001 : 21 mslices, 21 lslices, 23 pads, 0 brams, 0 dsps
RUN-1001 : There are total 142 nets
RUN-1001 : 96 nets have 2 pins
RUN-1001 : 39 nets have [3 - 5] pins
RUN-1001 : 5 nets have [6 - 10] pins
RUN-1001 : 2 nets have [21 - 99] pins
RUN-1002 : start command "start_timer -report"
TMR-2505 : Start building timing graph for model keyboard_instance.
TMR-2506 : Build timing graph completely. Port num: 7, tpin num: 368, tnet num: 139, tinst num: 67, tnode num: 450, tedge num: 614.
TMR-2508 : Levelizing timing graph completed, there are 21 levels in total.
TMR-2501 : Timing graph initialized successfully.
PHY-1001 : 21 mslices, 21 lslices, 23 pads, 0 brams, 0 dsps
TMR-2503 : Start to update net delay, extr mode = 3.
TMR-2504 : Update delay of 139 nets completely.
TMR-2502 : Annotate delay completely, extr mode = 3.
TMR-3001 : Initiate 0 clocks from SDC.
TMR-3004 : Map sdc constraints, there are 0 constraints in total.
TMR-3003 : Constraints initiated successfully.
TMR-3501 : Forward propagation: start to calculate arrival time...
TMR-3502 : Backward propagation: start to calculate required time...
TMR-3503 : Timing propagation completes.
PHY-1001 : Start global routing, caller is route ...
RUN-1001 : Generating global routing grids ...
PHY-1001 : Generate routing nets ...
PHY-1001 : Global iterations in 16 thread ...
PHY-1002 : len = 1976, over cnt = 6(0%), over = 12, worst = 4
PHY-1002 : len = 2064, over cnt = 5(0%), over = 5, worst = 1
PHY-1002 : len = 2136, over cnt = 0(0%), over = 0, worst = 0
PHY-1001 : End global iterations;  0.021252s wall, 0.000000s user + 0.000000s system = 0.000000s CPU (n/a%)

PHY-1001 : Congestion index: top1 = 6.18, top5 = 1.61, top10 = 0.80, top15 = 0.53.
PHY-1001 : End global routing;  0.057101s wall, 0.031250s user + 0.000000s system = 0.031250s CPU (54.7%)

PHY-1001 : Start detail routing ...
PHY-1001 : Current memory(MB): used = 159, reserve = 131, peak = 173.
PHY-1001 : Detailed router is running in normal mode.
PHY-1001 : Generate detailed routing grids ...
PHY-1001 : Generate nets ...
PHY-1001 : net clk_50M_dup_1 will be routed on clock mesh
PHY-1001 : clock net U1/scan_clk_syn_4 will be merged with clock U1/scan_clk
PHY-1001 : Current memory(MB): used = 428, reserve = 404, peak = 428.
PHY-1001 : End build detailed router design. 4.133425s wall, 1.718750s user + 0.187500s system = 1.906250s CPU (46.1%)

PHY-1001 : Detail Route ...
PHY-1001 : ===== Detail Route Phase 1 =====
PHY-1001 : Clock net routing.....
PHY-1001 : Routed 1% nets.
PHY-1022 : len = 2184, over cnt = 0(0%), over = 0, worst = 0, crit = 0
PHY-1001 : End initial clock net routed; 0.398363s wall, 0.140625s user + 0.062500s system = 0.203125s CPU (51.0%)

PHY-1001 : Current memory(MB): used = 457, reserve = 433, peak = 457.
PHY-1001 : End phase 1; 0.404008s wall, 0.140625s user + 0.062500s system = 0.203125s CPU (50.3%)

PHY-1001 : ===== Detail Route Phase 2 =====
PHY-1001 : Initial routing.....
PHY-1001 : Routed 13% nets.
PHY-1001 : Routed 63% nets.
PHY-1001 : Patch 12 net; 0.008973s wall, 0.000000s user + 0.000000s system = 0.000000s CPU (n/a%)

PHY-1022 : len = 5168, over cnt = 0(0%), over = 0, worst = 0, crit = 0
PHY-1001 : Current memory(MB): used = 457, reserve = 433, peak = 457.
PHY-1001 : End initial routed; 0.027392s wall, 0.000000s user + 0.000000s system = 0.000000s CPU (n/a%)

PHY-1001 : Update timing.....
PHY-1001 : 0/103(0%) critical/total net(s).
RUN-1001 : ------------------------------------------
RUN-1001 :   Type   |    WNS(ns)    |  TNS(ns)  |  FEP  
RUN-1001 : ------------------------------------------
RUN-1001 :   Setup  |  2147483.647  |   0.000   |   0   
RUN-1001 :   Hold   |  2147483.647  |   0.000   |   0   
RUN-1001 : ------------------------------------------
PHY-1001 : End update timing; 0.114119s wall, 0.046875s user + 0.000000s system = 0.046875s CPU (41.1%)

PHY-1001 : Current memory(MB): used = 457, reserve = 433, peak = 457.
PHY-1001 : End phase 2; 0.141582s wall, 0.046875s user + 0.000000s system = 0.046875s CPU (33.1%)

PHY-1001 : ===== Detail Route Phase 3 =====
PHY-1001 : Optimize timing.....
PHY-1022 : len = 5168, over cnt = 0(0%), over = 0, worst = 0, crit = 0
PHY-1001 : End optimize timing; 0.003883s wall, 0.000000s user + 0.000000s system = 0.000000s CPU (n/a%)

PHY-1001 : Update timing.....
PHY-1001 : 0/103(0%) critical/total net(s).
RUN-1001 : ------------------------------------------
RUN-1001 :   Type   |    WNS(ns)    |  TNS(ns)  |  FEP  
RUN-1001 : ------------------------------------------
RUN-1001 :   Setup  |  2147483.647  |   0.000   |   0   
RUN-1001 :   Hold   |  2147483.647  |   0.000   |   0   
RUN-1001 : ------------------------------------------
PHY-1001 : End update timing; 0.141356s wall, 0.046875s user + 0.000000s system = 0.046875s CPU (33.2%)

PHY-1001 : Commit to database.....
PHY-1001 : 0 feed throughs used by 0 nets
PHY-1001 : End commit to database; 0.012631s wall, 0.015625s user + 0.000000s system = 0.015625s CPU (123.7%)

PHY-1001 : Current memory(MB): used = 463, reserve = 440, peak = 463.
PHY-1001 : End phase 3; 0.157986s wall, 0.062500s user + 0.000000s system = 0.062500s CPU (39.6%)

PHY-1003 : Routed, final wirelength = 5168
PHY-1001 : Current memory(MB): used = 463, reserve = 440, peak = 463.
PHY-1001 : End export database. 0.004711s wall, 0.000000s user + 0.000000s system = 0.000000s CPU (n/a%)

PHY-1001 : End detail routing;  5.056472s wall, 2.000000s user + 0.281250s system = 2.281250s CPU (45.1%)

RUN-1003 : finish command "route" in  5.288446s wall, 2.140625s user + 0.281250s system = 2.421875s CPU (45.8%)

RUN-1004 : used memory is 408 MB, reserved memory is 384 MB, peak memory is 463 MB
RUN-1002 : start command "report_area -io_info -file display_phy.area"
RUN-1001 : standard
***Report Model: keyboard_instance Device: EG4S20BG256***

IO Statistics
#IO                        23
  #input                    6
  #output                  17
  #inout                    0

Utilization Statistics
#lut                       64   out of  19600    0.33%
#reg                       53   out of  19600    0.27%
#le                        78
  #lut only                25   out of     78   32.05%
  #reg only                14   out of     78   17.95%
  #lut&reg                 39   out of     78   50.00%
#dsp                        0   out of     29    0.00%
#bram                       0   out of     64    0.00%
  #bram9k                   0
  #fifo9k                   0
#bram32k                    0   out of     16    0.00%
#pad                       23   out of    188   12.23%
  #ireg                     0
  #oreg                     0
  #treg                     0
#pll                        0   out of      4    0.00%
#gclk                       2   out of     16   12.50%

Clock Resource Statistics
Index     ClockNet         Type               DriverType         Driver                      Fanout
#1        clk_50M_dup_1    GCLK               io                 clk_50M_syn_2.di            26
#2        U1/scan_clk      GCLK               lslice             U1/scan_clk_reg_syn_9.q0    3


Detailed IO Report

        Name           Direction    Location    IOStandard    DriveStrength    PullType    PackReg  
        RSTn             INPUT         A9        LVCMOS33          N/A          PULLUP      NONE    
       clk_50M           INPUT         R7        LVCMOS33          N/A          PULLUP      NONE    
  DigitronCS_Out[3]     OUTPUT         A3        LVCMOS33           8            NONE       NONE    
  DigitronCS_Out[2]     OUTPUT         A5        LVCMOS33           8            NONE       NONE    
  DigitronCS_Out[1]     OUTPUT         B6        LVCMOS33           8            NONE       NONE    
  DigitronCS_Out[0]     OUTPUT         C9        LVCMOS33           8            NONE       NONE    
   Digitron_Out[7]      OUTPUT         C8        LVCMOS33           8            NONE       NONE    
   Digitron_Out[6]      OUTPUT         A8        LVCMOS33           8            NONE       NONE    
   Digitron_Out[5]      OUTPUT         B5        LVCMOS33           8            NONE       NONE    
   Digitron_Out[4]      OUTPUT         A7        LVCMOS33           8            NONE       NONE    
   Digitron_Out[3]      OUTPUT         E8        LVCMOS33           8            NONE       NONE    
   Digitron_Out[2]      OUTPUT         B8        LVCMOS33           8            NONE       NONE    
   Digitron_Out[1]      OUTPUT         A6        LVCMOS33           8            NONE       NONE    
   Digitron_Out[0]      OUTPUT         A4        LVCMOS33           8            NONE       NONE    
        light           OUTPUT        B14        LVCMOS33           8            NONE       NONE    
       row[3]           OUTPUT         D9        LVCMOS33           8            NONE       NONE    
       row[2]           OUTPUT         F9        LVCMOS33           8            NONE       NONE    
       row[1]           OUTPUT        C10        LVCMOS33           8            NONE       NONE    
       row[0]           OUTPUT        E10        LVCMOS33           8            NONE       NONE    

Report Hierarchy Area:
+-------------------------------------------------------------------------------------------+
|Instance |Module                      |le     |lut     |ripple  |seq     |bram    |dsp     |
+-------------------------------------------------------------------------------------------+
|top      |keyboard_instance           |78     |45      |19      |53      |0       |0       |
|  U1     |keyboard_scan               |53     |30      |9       |37      |0       |0       |
|  U5     |Digitron_TimeDisplay_module |20     |10      |10      |16      |0       |0       |
+-------------------------------------------------------------------------------------------+


DataNet Average Fanout:

   Index     Fanout    Nets  
    #1         1        76   
    #2         2        35   
    #3         3        2    
    #4        5-10      5    
  Average     1.53           

RUN-1002 : start command "export_db display_pr.db"
RUN-1001 : Exported /
RUN-1001 : Exported flow parameters
RUN-1001 : Exported libs
RUN-1001 : Exported entities
RUN-1001 : Exported ports
RUN-1001 : Exported pins
RUN-1001 : Exported instances
RUN-1001 : Exported nets
RUN-1001 : Exported buses
RUN-1001 : Exported models
RUN-1001 : Exported congestions
RUN-1001 : Exported violations
RUN-1001 : Exported timing constraints
RUN-1001 : Exported IO constraints
RUN-1001 : Exported Inst constraints
RUN-1002 : start command "export_bid display_inst.bid"
RUN-1002 : start command "bitgen -bit display.bit -unused_io_status pulldown"
BIT-1003 : Start to generate bitstream. 
BIT-1002 : Bitgen processed 165 unused pads, reserve input tri_state with pulldown
BIT-1002 : Init instances with 16 threads.
BIT-1002 : Init instances completely, inst num: 232
BIT-1002 : Init pips with 16 threads.
BIT-1002 : Init pips completely, net num: 142, pip num: 620
BIT-1003 : Multithreading accelaration with 16 threads.
BIT-1003 : Generate bitstream completely, there are 385 valid insts, and 2543 bits set as '1'.
BIT-1004 : PLL setting string = 0000
BIT-1004 : Generate bits file display.bit.
RUN-1002 : start command "backup_run_log run.log ../.logs/phy_1/td_20240827_014229.log"
