============================================================
   Tang Dynasty, V5.6.59063
   Copyright (c) 2012-2022 Anlogic
   Executable = E:/Anlogic/TD5.6.59063/bin/td.exe
   Built at =   12:45:13 Sep  6 2022
   Run by =     19234
   Run Date =   Mon Aug 26 21:21:00 2024

   Run on =     ERIKPSW
============================================================
RUN-1002 : start command "open_project display.prj"
RUN-1001 : Print Global Property
RUN-1001 : ---------------------------------------------------------------
RUN-1001 :        Parameters        |  Settings  |  Default Values  |  Note  
RUN-1001 : ---------------------------------------------------------------
RUN-1001 :          message         |  standard  |     standard     |        
RUN-1001 :   mixed_pack_place_flow  |     on     |        on        |        
RUN-1001 :        qor_monitor       |    off     |       off        |        
RUN-1001 :        syn_ip_flow       |    off     |       off        |        
RUN-1001 :          thread          |    auto    |       auto       |        
RUN-1001 : ---------------------------------------------------------------
RUN-1001 : Print Design Property
RUN-1001 : --------------------------------------------------------------
RUN-1001 :        Parameters       |  Settings  |  Default Values  |  Note  
RUN-1001 : --------------------------------------------------------------
RUN-1001 :   default_reg_initial   |    auto    |       auto       |        
RUN-1001 :        infer_add        |     on     |        on        |        
RUN-1001 :        infer_fsm        |    off     |       off        |        
RUN-1001 :        infer_mult       |     on     |        on        |        
RUN-1001 :        infer_ram        |     on     |        on        |        
RUN-1001 :        infer_reg        |     on     |        on        |        
RUN-1001 :   infer_reg_init_value  |     on     |        on        |        
RUN-1001 :        infer_rom        |     on     |        on        |        
RUN-1001 :      infer_shifter      |     on     |        on        |        
RUN-1001 : --------------------------------------------------------------
RUN-1001 : Print Rtl Property
RUN-1001 : --------------------------------------------------------------
RUN-1001 :        Parameters       |  Settings  |  Default Values  |  Note  
RUN-1001 : --------------------------------------------------------------
RUN-1001 :       compress_add      |   ripple   |      ripple      |        
RUN-1001 :        elf_sload        |    off     |       off        |        
RUN-1001 :       fix_undriven      |     0      |        0         |        
RUN-1001 :         flatten         |    off     |       off        |        
RUN-1001 :       gate_sharing      |     on     |        on        |        
RUN-1001 :    hdl_warning_level    |   normal   |      normal      |        
RUN-1001 :   impl_internal_tribuf  |     on     |        on        |        
RUN-1001 :      impl_set_reset     |     on     |        on        |        
RUN-1001 :        infer_gsr        |    off     |       off        |        
RUN-1001 :      keep_hierarchy     |    auto    |       auto       |        
RUN-1001 :        max_fanout       |    9999    |       9999       |        
RUN-1001 :      max_oh2bin_len     |     10     |        10        |        
RUN-1001 :       merge_equal       |     on     |        on        |        
RUN-1001 :       merge_equiv       |     on     |        on        |        
RUN-1001 :        merge_mux        |    off     |       off        |        
RUN-1001 :     min_control_set     |     8      |        8         |        
RUN-1001 :      min_ripple_len     |    auto    |       auto       |        
RUN-1001 :       oh2bin_ratio      |    0.08    |       0.08       |        
RUN-1001 :     opt_adder_fanout    |     on     |        on        |        
RUN-1001 :        opt_arith        |     on     |        on        |        
RUN-1001 :       opt_big_gate      |    off     |       off        |        
RUN-1001 :        opt_const        |     on     |        on        |        
RUN-1001 :      opt_const_mult     |     on     |        on        |        
RUN-1001 :       opt_lessthan      |     on     |        on        |        
RUN-1001 :         opt_mux         |    off     |       off        |        
RUN-1001 :         opt_ram         |    high    |       high       |        
RUN-1001 :      rtl_sim_model      |    off     |       off        |        
RUN-1001 :         seq_syn         |     on     |        on        |        
RUN-1001 : --------------------------------------------------------------
HDL-1007 : analyze verilog file ../../Digitron_TimeDisplay_module.v
HDL-1007 : analyze verilog file ../../keyboard_instance.v
HDL-1007 : analyze verilog file ../../keyboard_scan.v
HDL-1007 : analyze verilog file ../../onehot2binary.v
HDL-1007 : analyze verilog file ../../key_filter.v
RUN-1001 : Project manager successfully analyzed 5 source files.
RUN-1002 : start command "import_device eagle_s20.db -package EG4S20BG256"
ARC-1001 : Device Initialization.
ARC-1001 : ------------------------------------------------------------------
ARC-1001 :            OPTION            |          IO          |   SETTING   
ARC-1001 : ------------------------------------------------------------------
ARC-1001 :   cso_b/cclk/mosi/miso/dout  |  T3/R11/T10/P10/S11  |    gpio    
ARC-1001 :             done             |         P13          |    gpio    
ARC-1001 :           program_b          |          T2          |  dedicate  
ARC-1001 :        tdi/tms/tck/tdo       |   C12/A15/C14/E14    |  dedicate  
ARC-1001 : ------------------------------------------------------------------
ARC-1004 : Device setting, marked 5 dedicate IOs in total.
RUN-1002 : start command "import_db ../syn_1/display_gate.db"
RUN-1001 : Importing database generated by Tang Dynasty, V5.6.59063.
RUN-1001 : Database version number 46140.
RUN-1001 : Import flow parameters
RUN-1001 : Import timing constraints
RUN-1001 : Import IO constraints
RUN-1001 : Import Inst constraints
RUN-1001 : Import design success TD_VERSION=5.6.59063 , DB_VERSION=46140
RUN-1002 : start command "read_sdc"
USR-1002 : read_sdc file_name -help -h -eco
USR-1009 : NO module with IP_SDC ...
RUN-1104 : Import SDC file  finished, there are 0 nets kept by constraints.
RUN-1002 : start command "place"
RUN-1001 : Open license file E:/Anlogic/TD5.6.59063/license/Anlogic.lic
RUN-1001 : Print Global Property
RUN-1001 : ---------------------------------------------------------------
RUN-1001 :        Parameters        |  Settings  |  Default Values  |  Note  
RUN-1001 : ---------------------------------------------------------------
RUN-1001 :          message         |  standard  |     standard     |        
RUN-1001 :   mixed_pack_place_flow  |     on     |        on        |        
RUN-1001 :        qor_monitor       |    off     |       off        |        
RUN-1001 :        syn_ip_flow       |    off     |       off        |        
RUN-1001 :          thread          |    auto    |       auto       |        
RUN-1001 : ---------------------------------------------------------------
RUN-1001 : Print Place Property
RUN-1001 : --------------------------------------------------------------
RUN-1001 :        Parameters       |  Settings  |  Default Values  |  Note  
RUN-1001 : --------------------------------------------------------------
RUN-1001 :      detailed_place     |     on     |        on        |        
RUN-1001 :          effort         |   medium   |      medium      |        
RUN-1001 :         fix_hold        |    off     |       off        |        
RUN-1001 :       legalization      |    ori     |       ori        |        
RUN-1001 :      new_spreading      |     on     |        on        |        
RUN-1001 :        opt_timing       |   medium   |      medium      |        
RUN-1001 :   post_clock_route_opt  |    off     |       off        |        
RUN-1001 :       pr_strategy       |     1      |        1         |        
RUN-1001 :        relaxation       |    1.00    |       1.00       |        
RUN-1001 :         retiming        |    off     |       off        |        
RUN-1001 : --------------------------------------------------------------
PHY-3001 : Placer runs in 16 thread(s).
RUN-1002 : start command "legalize_phy_inst"
SYN-1011 : Flatten model keyboard_instance
RUN-1002 : start command "phys_opt -simplify_lut"
SYN-4024 : Net "clk_50M_dup_1" drives clk pins.
SYN-4024 : Net "U1/scan_clk" drives clk pins.
SYN-4025 : Tag rtl::Net U1/scan_clk as clock net
SYN-4025 : Tag rtl::Net clk_50M_dup_1 as clock net
SYN-4026 : Tagged 2 rtl::Net as clock net
SYN-4015 : Create BUFG instance for clk Net U1/scan_clk to drive 20 clock pins.
PHY-1001 : Populate physical database on model keyboard_instance.
RUN-1001 : There are total 286 instances
RUN-0007 : 118 luts, 117 seqs, 9 mslices, 15 lslices, 23 pads, 0 brams, 0 dsps
RUN-1001 : There are total 356 nets
RUN-1001 : 211 nets have 2 pins
RUN-1001 : 126 nets have [3 - 5] pins
RUN-1001 : 9 nets have [6 - 10] pins
RUN-1001 : 5 nets have [11 - 20] pins
RUN-1001 : 3 nets have [21 - 99] pins
RUN-1001 : 2 nets have 100+ pins
RUN-1001 : Report Control nets information:
RUN-1001 : DFF Distribution
RUN-1001 : ----------------------------------
RUN-1001 :   CE   |  SSR  |  ASR  |  DFF Count  
RUN-1001 : ----------------------------------
RUN-1001 :   No   |  No   |  No   |     65      
RUN-1001 :   No   |  No   |  Yes  |     20      
RUN-1001 :   No   |  Yes  |  No   |      0      
RUN-1001 :   Yes  |  No   |  No   |      0      
RUN-1001 :   Yes  |  No   |  Yes  |     32      
RUN-1001 :   Yes  |  Yes  |  No   |      0      
RUN-1001 : ----------------------------------
RUN-0007 : Control Group Statistic
RUN-0007 : ---------------------------
RUN-0007 :   #CLK  |  #CE  |  #SSR/ASR  
RUN-0007 : ---------------------------
RUN-0007 :    2    |   2   |     2      
RUN-0007 : ---------------------------
RUN-0007 : Control Set = 4
PHY-3001 : Initial placement ...
PHY-3001 : design contains 284 instances, 118 luts, 117 seqs, 24 slices, 3 macros(24 instances: 9 mslices 15 lslices)
PHY-0007 : Cell area utilization is 0%
PHY-3001 : Start timing update ...
RUN-1002 : start command "start_timer -report"
TMR-2505 : Start building timing graph for model keyboard_instance.
TMR-2506 : Build timing graph completely. Port num: 7, tpin num: 1188, tnet num: 354, tinst num: 284, tnode num: 1522, tedge num: 1876.
TMR-2508 : Levelizing timing graph completed, there are 23 levels in total.
TMR-2501 : Timing graph initialized successfully.
TMR-2503 : Start to update net delay, extr mode = 2.
TMR-2504 : Update delay of 354 nets completely.
TMR-2502 : Annotate delay completely, extr mode = 2.
TMR-3001 : Initiate 0 clocks from SDC.
TMR-3004 : Map sdc constraints, there are 0 constraints in total.
TMR-3003 : Constraints initiated successfully.
TMR-3501 : Forward propagation: start to calculate arrival time...
TMR-3502 : Backward propagation: start to calculate required time...
TMR-3503 : Timing propagation completes.
PHY-3001 : End timing update;  0.112433s wall, 0.093750s user + 0.000000s system = 0.093750s CPU (83.4%)

PHY-3001 : Global placement ...
PHY-3001 : Initial: Len = 88768.6
PHY-3001 : Clustering ...
PHY-3001 : Level 0 #clusters 284.
PHY-3001 : End clustering;  0.000022s wall, 0.000000s user + 0.000000s system = 0.000000s CPU (n/a%)

PHY-3001 : Run with size of 4
PHY-3001 : Cell area utilization is 0%
PHY-3001 : :::0::: Try harder cell spreading with beta_ = 0
PHY-3002 : Step(1): len = 58040.2, overlap = 0
PHY-3002 : Step(2): len = 36229.8, overlap = 0
PHY-3002 : Step(3): len = 26831.8, overlap = 0
PHY-3002 : Step(4): len = 20379.6, overlap = 0
PHY-3002 : Step(5): len = 16031.4, overlap = 0
PHY-3002 : Step(6): len = 14522.8, overlap = 0
PHY-3002 : Step(7): len = 14435, overlap = 0
PHY-3002 : Step(8): len = 11907, overlap = 0
PHY-3002 : Step(9): len = 11118.7, overlap = 0
PHY-3002 : Step(10): len = 11408.6, overlap = 0
PHY-3002 : Step(11): len = 10869.2, overlap = 0
PHY-3002 : Step(12): len = 11192, overlap = 0
PHY-3002 : Step(13): len = 11317.8, overlap = 0
PHY-3002 : Step(14): len = 9526, overlap = 0
PHY-3002 : Step(15): len = 8836.9, overlap = 0
PHY-3002 : Step(16): len = 8590.6, overlap = 0
PHY-3002 : Step(17): len = 8479.6, overlap = 0
PHY-3002 : Step(18): len = 8556, overlap = 0
PHY-3002 : Step(19): len = 8417.4, overlap = 0
PHY-3002 : Step(20): len = 8302.5, overlap = 0
PHY-3002 : Step(21): len = 8041.5, overlap = 0
PHY-3002 : Step(22): len = 7647.2, overlap = 0
PHY-3002 : Step(23): len = 7727.4, overlap = 0
PHY-3002 : Step(24): len = 7640.9, overlap = 0
PHY-3002 : Step(25): len = 7000.1, overlap = 0
PHY-3002 : Step(26): len = 6973.3, overlap = 0
PHY-3002 : Step(27): len = 7103.4, overlap = 0
PHY-3002 : Step(28): len = 6833.8, overlap = 0
PHY-3002 : Step(29): len = 7041.5, overlap = 0
PHY-3002 : Step(30): len = 6743.3, overlap = 0
PHY-3002 : Step(31): len = 6448, overlap = 0
PHY-3002 : Step(32): len = 6603.6, overlap = 0
PHY-3002 : Step(33): len = 6153.1, overlap = 0
PHY-3002 : Step(34): len = 6269.3, overlap = 0
PHY-3002 : Step(35): len = 5774.4, overlap = 0
PHY-3002 : Step(36): len = 5312.6, overlap = 0
PHY-3002 : Step(37): len = 5499.8, overlap = 0
PHY-3002 : Step(38): len = 5645.5, overlap = 0
PHY-3002 : Step(39): len = 5166.4, overlap = 0
PHY-3002 : Step(40): len = 5329.7, overlap = 0
PHY-3002 : Step(41): len = 5395.7, overlap = 0
PHY-3001 : Legalization ...
PHY-3001 : End legalization;  0.004168s wall, 0.000000s user + 0.000000s system = 0.000000s CPU (n/a%)

PHY-3001 : Run with size of 4
PHY-3001 : Cell area utilization is 1%
PHY-3001 : Update timing in Manhattan mode ...
TMR-2503 : Start to update net delay, extr mode = 3.
TMR-2504 : Update delay of 354 nets completely.
TMR-2502 : Annotate delay completely, extr mode = 3.
TMR-3501 : Forward propagation: start to calculate arrival time...
TMR-3502 : Backward propagation: start to calculate required time...
TMR-3503 : Timing propagation completes.
PHY-3001 : End timing update;  0.003393s wall, 0.000000s user + 0.000000s system = 0.000000s CPU (n/a%)

PHY-3001 : :::0::: Try harder cell spreading with beta_ = 0
PHY-3002 : Step(42): len = 4743.1, overlap = 0
PHY-3002 : Step(43): len = 4762.7, overlap = 0
PHY-3002 : Step(44): len = 4798.1, overlap = 0
PHY-3002 : Step(45): len = 4816.3, overlap = 0
PHY-3002 : Step(46): len = 4858.8, overlap = 0
PHY-3002 : Step(47): len = 5081.8, overlap = 0
PHY-3002 : Step(48): len = 5001, overlap = 0
PHY-3002 : Step(49): len = 5084.5, overlap = 0
PHY-3002 : Step(50): len = 5115.9, overlap = 0
PHY-3002 : Step(51): len = 5109.2, overlap = 0
PHY-3002 : Step(52): len = 5138.6, overlap = 0
PHY-3002 : Step(53): len = 4824.6, overlap = 0
PHY-3002 : Step(54): len = 4801.6, overlap = 0
PHY-3002 : Step(55): len = 4715.8, overlap = 0
PHY-3002 : Step(56): len = 4187.6, overlap = 0
PHY-3002 : Step(57): len = 4209.6, overlap = 0
PHY-3002 : Step(58): len = 3976.5, overlap = 0
PHY-3002 : Step(59): len = 3866.4, overlap = 0
PHY-3002 : Step(60): len = 3764.8, overlap = 0
PHY-3002 : Step(61): len = 3260.7, overlap = 0
PHY-3002 : Step(62): len = 3277.6, overlap = 0
PHY-3002 : Step(63): len = 3317.1, overlap = 0
PHY-3002 : Step(64): len = 3329.6, overlap = 0
PHY-3002 : Step(65): len = 3279.5, overlap = 0
PHY-3002 : Step(66): len = 3266.6, overlap = 0
PHY-3002 : Step(67): len = 3225.9, overlap = 0
PHY-3002 : Step(68): len = 3093.5, overlap = 0
PHY-3002 : Step(69): len = 3099.7, overlap = 0
PHY-3002 : Step(70): len = 2941.6, overlap = 0
PHY-3002 : Step(71): len = 2829.5, overlap = 0
PHY-3002 : Step(72): len = 2822.1, overlap = 0
PHY-3001 : Run with size of 2
PHY-3001 : Cell area utilization is 1%
PHY-3001 : Update timing in Manhattan mode ...
TMR-2503 : Start to update net delay, extr mode = 3.
TMR-2504 : Update delay of 354 nets completely.
TMR-2502 : Annotate delay completely, extr mode = 3.
TMR-3501 : Forward propagation: start to calculate arrival time...
TMR-3502 : Backward propagation: start to calculate required time...
TMR-3503 : Timing propagation completes.
PHY-3001 : End timing update;  0.003342s wall, 0.000000s user + 0.000000s system = 0.000000s CPU (n/a%)

PHY-3001 : :::0::: Try harder cell spreading with beta_ = 5.87015e-05
PHY-3002 : Step(73): len = 2701.3, overlap = 3.8125
PHY-3002 : Step(74): len = 2747.7, overlap = 3.875
PHY-3002 : Step(75): len = 2822.7, overlap = 3.53125
PHY-3001 : :::1::: Try harder cell spreading with beta_ = 0.000117403
PHY-3002 : Step(76): len = 2685.9, overlap = 3.53125
PHY-3002 : Step(77): len = 2751.7, overlap = 3.53125
PHY-3002 : Step(78): len = 2751.7, overlap = 3.53125
PHY-3001 : :::2::: Try harder cell spreading with beta_ = 0.000234806
PHY-3002 : Step(79): len = 2742, overlap = 2.78125
PHY-3002 : Step(80): len = 2803.7, overlap = 2.28125
OPT-1001 : Start physical optimization ...
RUN-1002 : start command "start_timer -report"
TMR-2505 : Start building timing graph for model keyboard_instance.
TMR-2506 : Build timing graph completely. Port num: 7, tpin num: 1188, tnet num: 354, tinst num: 284, tnode num: 1522, tedge num: 1876.
TMR-2508 : Levelizing timing graph completed, there are 23 levels in total.
TMR-2501 : Timing graph initialized successfully.
OPT-1001 : Total overflow 8.03 peak overflow 1.25
OPT-1001 : Start high-fanout net optimization ...
OPT-1001 : Update timing in global mode
PHY-1001 : Start incremental global routing, caller is place ...
RUN-1001 : Generating global routing grids ...
RUN-1001 : Building simple global routing graph ...
PHY-1001 : Generate routing nets ...
PHY-1001 : Reuse net number 0/356.
PHY-1001 : Global iterations in 16 thread ...
PHY-1002 : len = 2960, over cnt = 19(0%), over = 59, worst = 11
PHY-1001 : End global iterations;  0.011926s wall, 0.000000s user + 0.000000s system = 0.000000s CPU (n/a%)

PHY-1001 : Congestion index: top1 = 10.48, top5 = 2.44, top10 = 1.21, top15 = 0.81.
PHY-1001 : End incremental global routing;  0.061232s wall, 0.015625s user + 0.000000s system = 0.015625s CPU (25.5%)

TMR-2503 : Start to update net delay, extr mode = 5.
TMR-2504 : Update delay of 354 nets completely.
TMR-2502 : Annotate delay completely, extr mode = 5.
TMR-3001 : Initiate 0 clocks from SDC.
TMR-3004 : Map sdc constraints, there are 0 constraints in total.
TMR-3003 : Constraints initiated successfully.
TMR-3501 : Forward propagation: start to calculate arrival time...
TMR-3502 : Backward propagation: start to calculate required time...
TMR-3503 : Timing propagation completes.
OPT-1001 : End timing update;  0.005277s wall, 0.000000s user + 0.000000s system = 0.000000s CPU (n/a%)

OPT-1001 : 0 high-fanout net processed.
OPT-1001 : End high-fanout net optimization;  0.077437s wall, 0.015625s user + 0.000000s system = 0.015625s CPU (20.2%)

OPT-1001 : Current memory(MB): used = 138, reserve = 110, peak = 138.
OPT-1001 : Start global optimization ...
OPT-1001 : Start congestion update ...
RUN-1001 : Generating global routing grids ...
PHY-1001 : Generate routing nets ...
PHY-1001 : Reuse net number 176/356.
PHY-1001 : Global iterations in 16 thread ...
PHY-1002 : len = 2960, over cnt = 19(0%), over = 59, worst = 11
PHY-1002 : len = 3520, over cnt = 16(0%), over = 17, worst = 2
PHY-1002 : len = 3656, over cnt = 4(0%), over = 4, worst = 1
PHY-1002 : len = 3672, over cnt = 2(0%), over = 2, worst = 1
PHY-1002 : len = 3720, over cnt = 0(0%), over = 0, worst = 0
PHY-1001 : End global iterations;  0.017205s wall, 0.000000s user + 0.000000s system = 0.000000s CPU (n/a%)

PHY-1001 : Congestion index: top1 = 11.60, top5 = 2.83, top10 = 1.41, top15 = 0.94.
OPT-1001 : End congestion update;  0.053501s wall, 0.000000s user + 0.000000s system = 0.000000s CPU (n/a%)

OPT-1001 : Update timing in Manhattan mode
TMR-2503 : Start to update net delay, extr mode = 3.
TMR-2504 : Update delay of 354 nets completely.
TMR-2502 : Annotate delay completely, extr mode = 3.
TMR-3501 : Forward propagation: start to calculate arrival time...
TMR-3502 : Backward propagation: start to calculate required time...
TMR-3503 : Timing propagation completes.
OPT-1001 : End timing update;  0.003369s wall, 0.000000s user + 0.000000s system = 0.000000s CPU (n/a%)

OPT-0007 : Start: WNS 2147483647 TNS 0 NUM_FEPS 0
OPT-1001 : End global optimization;  0.056950s wall, 0.000000s user + 0.000000s system = 0.000000s CPU (n/a%)

OPT-1001 : Current memory(MB): used = 138, reserve = 111, peak = 138.
OPT-1001 : End physical optimization;  0.249742s wall, 0.109375s user + 0.000000s system = 0.109375s CPU (43.8%)

PHY-3001 : Start packing ...
SYN-4007 : Packing 0 MUX to BLE ...
SYN-4008 : Packed 0 MUX and 0 SEQ to BLE.
SYN-4007 : Packing 118 LUT to BLE ...
SYN-4008 : Packed 118 LUT and 47 SEQ to BLE.
SYN-4003 : Packing 70 remaining SEQ's ...
SYN-4005 : Packed 38 SEQ with LUT/SLICE
SYN-4006 : 37 single LUT's are left
SYN-4006 : 32 single SEQ's are left
SYN-4011 : Packing model "keyboard_instance" (AL_USER_NORMAL) with 150/201 primitive instances ...
PHY-3001 : End packing;  0.009848s wall, 0.015625s user + 0.000000s system = 0.015625s CPU (158.7%)

PHY-1001 : Populate physical database on model keyboard_instance.
RUN-1001 : There are total 133 instances
RUN-1001 : 53 mslices, 53 lslices, 23 pads, 0 brams, 0 dsps
RUN-1001 : There are total 309 nets
RUN-1001 : 158 nets have 2 pins
RUN-1001 : 125 nets have [3 - 5] pins
RUN-1001 : 16 nets have [6 - 10] pins
RUN-1001 : 6 nets have [11 - 20] pins
RUN-1001 : 3 nets have [21 - 99] pins
RUN-1001 : 1 nets have 100+ pins
PHY-3001 : design contains 131 instances, 106 slices, 3 macros(24 instances: 9 mslices 15 lslices)
PHY-3001 : Cell area utilization is 1%
PHY-3001 : After packing: Len = 3102.2, Over = 6.5
PHY-3001 : Run with size of 2
PHY-3001 : Cell area utilization is 1%
PHY-3001 : Update timing in Manhattan mode ...
RUN-1002 : start command "start_timer -report"
TMR-2505 : Start building timing graph for model keyboard_instance.
TMR-2506 : Build timing graph completely. Port num: 7, tpin num: 1032, tnet num: 307, tinst num: 131, tnode num: 1276, tedge num: 1710.
TMR-2508 : Levelizing timing graph completed, there are 21 levels in total.
TMR-2501 : Timing graph initialized successfully.
TMR-2503 : Start to update net delay, extr mode = 3.
TMR-2504 : Update delay of 307 nets completely.
TMR-2502 : Annotate delay completely, extr mode = 3.
TMR-3001 : Initiate 0 clocks from SDC.
TMR-3004 : Map sdc constraints, there are 0 constraints in total.
TMR-3003 : Constraints initiated successfully.
TMR-3501 : Forward propagation: start to calculate arrival time...
TMR-3502 : Backward propagation: start to calculate required time...
TMR-3503 : Timing propagation completes.
PHY-3001 : End timing update;  0.125072s wall, 0.093750s user + 0.000000s system = 0.093750s CPU (75.0%)

PHY-3001 : :::0::: Try harder cell spreading with beta_ = 4.20462e-05
PHY-3002 : Step(81): len = 2969.2, overlap = 7.5
PHY-3002 : Step(82): len = 3002.5, overlap = 8
PHY-3002 : Step(83): len = 3057.5, overlap = 6.75
PHY-3001 : :::1::: Try harder cell spreading with beta_ = 8.40924e-05
PHY-3002 : Step(84): len = 3051.6, overlap = 6.75
PHY-3002 : Step(85): len = 3051.6, overlap = 6.75
PHY-3001 : :::2::: Try harder cell spreading with beta_ = 0.000168185
PHY-3002 : Step(86): len = 3088.9, overlap = 6.5
PHY-3002 : Step(87): len = 3088.9, overlap = 6.5
PHY-3001 : Legalization ...
PHY-3001 : End legalization;  0.031296s wall, 0.000000s user + 0.000000s system = 0.000000s CPU (n/a%)

PHY-3001 : Trial Legalized: Len = 6152
PHY-3001 : Run with size of 2
PHY-3001 : Cell area utilization is 1%
PHY-3001 : Update timing in Manhattan mode ...
TMR-2503 : Start to update net delay, extr mode = 3.
TMR-2504 : Update delay of 307 nets completely.
TMR-2502 : Annotate delay completely, extr mode = 3.
TMR-3501 : Forward propagation: start to calculate arrival time...
TMR-3502 : Backward propagation: start to calculate required time...
TMR-3503 : Timing propagation completes.
PHY-3001 : End timing update;  0.003206s wall, 0.000000s user + 0.000000s system = 0.000000s CPU (n/a%)

PHY-3001 : :::0::: Try harder cell spreading with beta_ = 0.0197263
PHY-3002 : Step(88): len = 5103.4, overlap = 1.75
PHY-3002 : Step(89): len = 4066, overlap = 3.25
PHY-3002 : Step(90): len = 3641.8, overlap = 4.25
PHY-3002 : Step(91): len = 3355.5, overlap = 4.25
PHY-3002 : Step(92): len = 3355.5, overlap = 4.25
PHY-3002 : Step(93): len = 3342.3, overlap = 4.25
PHY-3001 : Legalization ...
PHY-3001 : End legalization;  0.004807s wall, 0.000000s user + 0.000000s system = 0.000000s CPU (n/a%)

PHY-3001 : Legalized: Len = 4766.6, Over = 0
PHY-3001 : Spreading special nets. 3 overflows in 2952 tiles.
PHY-3001 : End spreading;  0.002163s wall, 0.000000s user + 0.000000s system = 0.000000s CPU (n/a%)

PHY-3001 : 3 instances has been re-located, deltaX = 1, deltaY = 2, maxDist = 1.
PHY-3001 : Final: Len = 4839.6, Over = 0
OPT-1001 : Start physical optimization ...
RUN-1002 : start command "start_timer -report"
TMR-2505 : Start building timing graph for model keyboard_instance.
TMR-2506 : Build timing graph completely. Port num: 7, tpin num: 1032, tnet num: 307, tinst num: 131, tnode num: 1276, tedge num: 1710.
TMR-2508 : Levelizing timing graph completed, there are 21 levels in total.
TMR-2501 : Timing graph initialized successfully.
OPT-1001 : Total overflow 0.00 peak overflow 0.00
OPT-1001 : Start high-fanout net optimization ...
OPT-1001 : Update timing in global mode
PHY-1001 : Start incremental global routing, caller is place ...
RUN-1001 : Generating global routing grids ...
PHY-1001 : Generate routing nets ...
PHY-1001 : Reuse net number 13/309.
PHY-1001 : Global iterations in 16 thread ...
PHY-1002 : len = 5328, over cnt = 24(0%), over = 39, worst = 4
PHY-1002 : len = 5464, over cnt = 18(0%), over = 26, worst = 4
PHY-1002 : len = 5752, over cnt = 1(0%), over = 1, worst = 1
PHY-1002 : len = 5768, over cnt = 0(0%), over = 0, worst = 0
PHY-1001 : End global iterations;  0.039591s wall, 0.015625s user + 0.000000s system = 0.015625s CPU (39.5%)

PHY-1001 : Congestion index: top1 = 15.71, top5 = 4.67, top10 = 2.33, top15 = 1.55.
PHY-1001 : End incremental global routing;  0.084882s wall, 0.062500s user + 0.000000s system = 0.062500s CPU (73.6%)

TMR-2503 : Start to update net delay, extr mode = 5.
TMR-2504 : Update delay of 307 nets completely.
TMR-2502 : Annotate delay completely, extr mode = 5.
TMR-3001 : Initiate 0 clocks from SDC.
TMR-3004 : Map sdc constraints, there are 0 constraints in total.
TMR-3003 : Constraints initiated successfully.
TMR-3501 : Forward propagation: start to calculate arrival time...
TMR-3502 : Backward propagation: start to calculate required time...
TMR-3503 : Timing propagation completes.
OPT-1001 : End timing update;  0.004444s wall, 0.000000s user + 0.000000s system = 0.000000s CPU (n/a%)

OPT-1001 : 0 high-fanout net processed.
OPT-1001 : End high-fanout net optimization;  0.092190s wall, 0.062500s user + 0.000000s system = 0.062500s CPU (67.8%)

OPT-1001 : Current memory(MB): used = 140, reserve = 112, peak = 141.
OPT-1001 : Start path based optimization ...
OPT-1001 : Start congestion update ...
RUN-1001 : Generating global routing grids ...
PHY-1001 : Generate routing nets ...
PHY-1001 : Reuse net number 244/309.
PHY-1001 : Global iterations in 16 thread ...
PHY-1002 : len = 5768, over cnt = 0(0%), over = 0, worst = 0
PHY-1001 : End global iterations;  0.001107s wall, 0.015625s user + 0.000000s system = 0.015625s CPU (1411.2%)

PHY-1001 : Congestion index: top1 = 15.71, top5 = 4.67, top10 = 2.33, top15 = 1.55.
OPT-1001 : End congestion update;  0.038218s wall, 0.031250s user + 0.015625s system = 0.046875s CPU (122.7%)

OPT-1001 : Update timing in Manhattan mode
TMR-2503 : Start to update net delay, extr mode = 3.
TMR-2504 : Update delay of 307 nets completely.
TMR-2502 : Annotate delay completely, extr mode = 3.
TMR-3501 : Forward propagation: start to calculate arrival time...
TMR-3502 : Backward propagation: start to calculate required time...
TMR-3503 : Timing propagation completes.
OPT-1001 : End timing update;  0.003220s wall, 0.000000s user + 0.000000s system = 0.000000s CPU (n/a%)

OPT-0007 : Start: WNS 2147483647 TNS 0 NUM_FEPS 0
OPT-1001 : End path based optimization;  0.041515s wall, 0.031250s user + 0.015625s system = 0.046875s CPU (112.9%)

OPT-1001 : Current memory(MB): used = 140, reserve = 112, peak = 141.
OPT-1001 : Update timing in Manhattan mode
TMR-2503 : Start to update net delay, extr mode = 3.
TMR-2504 : Update delay of 307 nets completely.
TMR-2502 : Annotate delay completely, extr mode = 3.
TMR-3501 : Forward propagation: start to calculate arrival time...
TMR-3502 : Backward propagation: start to calculate required time...
TMR-3503 : Timing propagation completes.
OPT-1001 : End timing update;  0.002629s wall, 0.000000s user + 0.000000s system = 0.000000s CPU (n/a%)

OPT-1001 : Start pin optimization...
OPT-1001 : skip pin optimization...
OPT-1001 : Update timing in global mode
PHY-1001 : Start incremental global routing, caller is place ...
RUN-1001 : Generating global routing grids ...
PHY-1001 : Generate routing nets ...
PHY-1001 : Reuse net number 244/309.
PHY-1001 : Global iterations in 16 thread ...
PHY-1002 : len = 5768, over cnt = 0(0%), over = 0, worst = 0
PHY-1001 : End global iterations;  0.001074s wall, 0.000000s user + 0.000000s system = 0.000000s CPU (n/a%)

PHY-1001 : Congestion index: top1 = 15.71, top5 = 4.67, top10 = 2.33, top15 = 1.55.
PHY-1001 : End incremental global routing;  0.039917s wall, 0.031250s user + 0.000000s system = 0.031250s CPU (78.3%)

TMR-2503 : Start to update net delay, extr mode = 5.
TMR-2504 : Update delay of 307 nets completely.
TMR-2502 : Annotate delay completely, extr mode = 5.
TMR-3501 : Forward propagation: start to calculate arrival time...
TMR-3502 : Backward propagation: start to calculate required time...
TMR-3503 : Timing propagation completes.
OPT-1001 : End timing update;  0.004505s wall, 0.000000s user + 0.000000s system = 0.000000s CPU (n/a%)

RUN-1001 : Generating global routing grids ...
PHY-1001 : Generate routing nets ...
PHY-1001 : Reuse net number 244/309.
PHY-1001 : Global iterations in 16 thread ...
PHY-1002 : len = 5768, over cnt = 0(0%), over = 0, worst = 0
PHY-1001 : End global iterations;  0.001084s wall, 0.000000s user + 0.000000s system = 0.000000s CPU (n/a%)

PHY-1001 : Congestion index: top1 = 15.71, top5 = 4.67, top10 = 2.33, top15 = 1.55.
OPT-1001 : Update timing in Manhattan mode
TMR-2503 : Start to update net delay, extr mode = 3.
TMR-2504 : Update delay of 307 nets completely.
TMR-2502 : Annotate delay completely, extr mode = 3.
TMR-3501 : Forward propagation: start to calculate arrival time...
TMR-3502 : Backward propagation: start to calculate required time...
TMR-3503 : Timing propagation completes.
OPT-1001 : End timing update;  0.003061s wall, 0.000000s user + 0.000000s system = 0.000000s CPU (n/a%)

RUN-1001 : QoR Analysis:
OPT-0007 :   WNS 2147483647 TNS 0 NUM_FEPS 0
RUN-1001 :   No local congestion issue, and most congested 1% tile average routing util is 15.241379
RUN-1001 :   Top critical paths
OPT-1001 : End physical optimization;  0.351341s wall, 0.265625s user + 0.015625s system = 0.281250s CPU (80.1%)

RUN-1003 : finish command "place" in  2.687302s wall, 0.968750s user + 0.562500s system = 1.531250s CPU (57.0%)

RUN-1004 : used memory is 127 MB, reserved memory is 99 MB, peak memory is 141 MB
RUN-1002 : start command "export_db display_place.db"
RUN-1001 : Exported /
RUN-1001 : Exported flow parameters
RUN-1001 : Exported libs
RUN-1001 : Exported entities
RUN-1001 : Exported ports
RUN-1001 : Exported pins
RUN-1001 : Exported instances
RUN-1001 : Exported nets
RUN-1001 : Exported buses
RUN-1001 : Exported models
RUN-1001 : Exported congestions
RUN-1001 : Exported violations
RUN-1001 : Exported timing constraints
RUN-1001 : Exported IO constraints
RUN-1001 : Exported Inst constraints
RUN-1002 : start command "route"
RUN-1001 : Open license file E:/Anlogic/TD5.6.59063/license/Anlogic.lic
RUN-1001 : Print Global Property
RUN-1001 : ---------------------------------------------------------------
RUN-1001 :        Parameters        |  Settings  |  Default Values  |  Note  
RUN-1001 : ---------------------------------------------------------------
RUN-1001 :          message         |  standard  |     standard     |        
RUN-1001 :   mixed_pack_place_flow  |     on     |        on        |        
RUN-1001 :        qor_monitor       |    off     |       off        |        
RUN-1001 :        syn_ip_flow       |    off     |       off        |        
RUN-1001 :          thread          |    auto    |       auto       |        
RUN-1001 : ---------------------------------------------------------------
RUN-1001 : Print Route Property
RUN-1001 : -------------------------------------------------------
RUN-1001 :    Parameters    |  Settings  |  Default Values  |  Note  
RUN-1001 : -------------------------------------------------------
RUN-1001 :      effort      |   medium   |      medium      |        
RUN-1001 :     fix_hold     |    off     |       off        |        
RUN-1001 :    opt_timing    |   medium   |      medium      |        
RUN-1001 :   phy_sim_model  |    off     |       off        |        
RUN-1001 :     priority     |   timing   |      timing      |        
RUN-1001 :     swap_pin     |     on     |        on        |        
RUN-1001 : -------------------------------------------------------
PHY-1001 : Route runs in 16 thread(s)
RUN-1001 : There are total 133 instances
RUN-1001 : 53 mslices, 53 lslices, 23 pads, 0 brams, 0 dsps
RUN-1001 : There are total 309 nets
RUN-1001 : 158 nets have 2 pins
RUN-1001 : 125 nets have [3 - 5] pins
RUN-1001 : 16 nets have [6 - 10] pins
RUN-1001 : 6 nets have [11 - 20] pins
RUN-1001 : 3 nets have [21 - 99] pins
RUN-1001 : 1 nets have 100+ pins
RUN-1002 : start command "start_timer -report"
TMR-2505 : Start building timing graph for model keyboard_instance.
TMR-2506 : Build timing graph completely. Port num: 7, tpin num: 1032, tnet num: 307, tinst num: 131, tnode num: 1276, tedge num: 1710.
TMR-2508 : Levelizing timing graph completed, there are 21 levels in total.
TMR-2501 : Timing graph initialized successfully.
PHY-1001 : 53 mslices, 53 lslices, 23 pads, 0 brams, 0 dsps
TMR-2503 : Start to update net delay, extr mode = 3.
TMR-2504 : Update delay of 307 nets completely.
TMR-2502 : Annotate delay completely, extr mode = 3.
TMR-3001 : Initiate 0 clocks from SDC.
TMR-3004 : Map sdc constraints, there are 0 constraints in total.
TMR-3003 : Constraints initiated successfully.
TMR-3501 : Forward propagation: start to calculate arrival time...
TMR-3502 : Backward propagation: start to calculate required time...
TMR-3503 : Timing propagation completes.
PHY-1001 : Start global routing, caller is route ...
RUN-1001 : Generating global routing grids ...
PHY-1001 : Generate routing nets ...
PHY-1001 : Global iterations in 16 thread ...
PHY-1002 : len = 5320, over cnt = 27(0%), over = 43, worst = 4
PHY-1002 : len = 5456, over cnt = 21(0%), over = 30, worst = 4
PHY-1002 : len = 5824, over cnt = 1(0%), over = 1, worst = 1
PHY-1002 : len = 5840, over cnt = 0(0%), over = 0, worst = 0
PHY-1001 : End global iterations;  0.031616s wall, 0.000000s user + 0.000000s system = 0.000000s CPU (n/a%)

PHY-1001 : Congestion index: top1 = 15.75, top5 = 4.66, top10 = 2.32, top15 = 1.55.
PHY-1001 : End global routing;  0.070973s wall, 0.015625s user + 0.000000s system = 0.015625s CPU (22.0%)

PHY-1001 : Start detail routing ...
PHY-1001 : Current memory(MB): used = 162, reserve = 134, peak = 175.
PHY-1001 : Detailed router is running in normal mode.
PHY-1001 : Generate detailed routing grids ...
PHY-1001 : Generate nets ...
PHY-1001 : net clk_50M_dup_1 will be routed on clock mesh
PHY-1001 : clock net U1/scan_clk_syn_4 will be merged with clock U1/scan_clk
PHY-1001 : Current memory(MB): used = 429, reserve = 406, peak = 429.
PHY-1001 : End build detailed router design. 3.872500s wall, 2.343750s user + 0.062500s system = 2.406250s CPU (62.1%)

PHY-1001 : Detail Route ...
PHY-1001 : ===== Detail Route Phase 1 =====
PHY-1001 : Clock net routing.....
PHY-1001 : Routed 0% nets.
PHY-1022 : len = 5576, over cnt = 0(0%), over = 0, worst = 0, crit = 0
PHY-1001 : End initial clock net routed; 0.369111s wall, 0.140625s user + 0.031250s system = 0.171875s CPU (46.6%)

PHY-1001 : Current memory(MB): used = 458, reserve = 436, peak = 458.
PHY-1001 : End phase 1; 0.375375s wall, 0.156250s user + 0.031250s system = 0.187500s CPU (50.0%)

PHY-1001 : ===== Detail Route Phase 2 =====
PHY-1001 : Initial routing.....
PHY-1001 : Routed 48% nets.
PHY-1001 : Routed 48% nets.
PHY-1001 : Routed 48% nets.
PHY-1001 : Patch 111 net; 0.041082s wall, 0.015625s user + 0.000000s system = 0.015625s CPU (38.0%)

PHY-1022 : len = 14456, over cnt = 8(0%), over = 8, worst = 1, crit = 0
PHY-1001 : Current memory(MB): used = 458, reserve = 436, peak = 458.
PHY-1001 : End initial routed; 0.076287s wall, 0.046875s user + 0.000000s system = 0.046875s CPU (61.4%)

PHY-1001 : Update timing.....
PHY-1001 : 0/263(0%) critical/total net(s).
RUN-1001 : ------------------------------------------
RUN-1001 :   Type   |    WNS(ns)    |  TNS(ns)  |  FEP  
RUN-1001 : ------------------------------------------
RUN-1001 :   Setup  |  2147483.647  |   0.000   |   0   
RUN-1001 :   Hold   |  2147483.647  |   0.000   |   0   
RUN-1001 : ------------------------------------------
PHY-1001 : End update timing; 0.142169s wall, 0.046875s user + 0.000000s system = 0.046875s CPU (33.0%)

PHY-1001 : Current memory(MB): used = 459, reserve = 436, peak = 459.
PHY-1001 : End phase 2; 0.218548s wall, 0.093750s user + 0.000000s system = 0.093750s CPU (42.9%)

PHY-1001 : ===== Detail Route Phase 3 =====
PHY-1001 : Optimize timing.....
PHY-1022 : len = 14456, over cnt = 8(0%), over = 8, worst = 1, crit = 0
PHY-1001 : End optimize timing; 0.004988s wall, 0.000000s user + 0.000000s system = 0.000000s CPU (n/a%)

PHY-1001 : Ripup-reroute.....
PHY-1001 : ===== DR Iter 1 =====
PHY-1022 : len = 14496, over cnt = 2(0%), over = 2, worst = 1, crit = 0
PHY-1001 : End DR Iter 1; 0.017658s wall, 0.000000s user + 0.000000s system = 0.000000s CPU (n/a%)

PHY-1001 : ===== DR Iter 2 =====
PHY-1022 : len = 14520, over cnt = 0(0%), over = 0, worst = 0, crit = 0
PHY-1001 : End DR Iter 2; 0.012242s wall, 0.000000s user + 0.000000s system = 0.000000s CPU (n/a%)

PHY-1001 : Update timing.....
PHY-1001 : 0/263(0%) critical/total net(s).
RUN-1001 : ------------------------------------------
RUN-1001 :   Type   |    WNS(ns)    |  TNS(ns)  |  FEP  
RUN-1001 : ------------------------------------------
RUN-1001 :   Setup  |  2147483.647  |   0.000   |   0   
RUN-1001 :   Hold   |  2147483.647  |   0.000   |   0   
RUN-1001 : ------------------------------------------
PHY-1001 : End update timing; 0.125917s wall, 0.062500s user + 0.000000s system = 0.062500s CPU (49.6%)

PHY-1001 : Commit to database.....
PHY-1001 : 1 feed throughs used by 1 nets
PHY-1001 : End commit to database; 0.069033s wall, 0.000000s user + 0.015625s system = 0.015625s CPU (22.6%)

PHY-1001 : Current memory(MB): used = 468, reserve = 446, peak = 468.
PHY-1001 : End phase 3; 0.349374s wall, 0.125000s user + 0.015625s system = 0.140625s CPU (40.3%)

PHY-1003 : Routed, final wirelength = 14520
PHY-1001 : Current memory(MB): used = 468, reserve = 446, peak = 468.
PHY-1001 : End export database. 0.005381s wall, 0.000000s user + 0.000000s system = 0.000000s CPU (n/a%)

PHY-1001 : End detail routing;  5.020581s wall, 2.843750s user + 0.125000s system = 2.968750s CPU (59.1%)

RUN-1003 : finish command "route" in  5.320038s wall, 3.000000s user + 0.125000s system = 3.125000s CPU (58.7%)

RUN-1004 : used memory is 410 MB, reserved memory is 386 MB, peak memory is 468 MB
RUN-1002 : start command "report_area -io_info -file display_phy.area"
RUN-1001 : standard
***Report Model: keyboard_instance Device: EG4S20BG256***

IO Statistics
#IO                        23
  #input                    6
  #output                  17
  #inout                    0

Utilization Statistics
#lut                      173   out of  19600    0.88%
#reg                      126   out of  19600    0.64%
#le                       205
  #lut only                79   out of    205   38.54%
  #reg only                32   out of    205   15.61%
  #lut&reg                 94   out of    205   45.85%
#dsp                        0   out of     29    0.00%
#bram                       0   out of     64    0.00%
  #bram9k                   0
  #fifo9k                   0
#bram32k                    0   out of     16    0.00%
#pad                       23   out of    188   12.23%
  #ireg                     0
  #oreg                     0
  #treg                     0
#pll                        0   out of      4    0.00%
#gclk                       2   out of     16   12.50%

Clock Resource Statistics
Index     ClockNet         Type               DriverType         Driver                      Fanout
#1        clk_50M_dup_1    GCLK               io                 clk_50M_syn_2.di            62
#2        U1/scan_clk      GCLK               lslice             U1/scan_clk_reg_syn_9.q1    10


Detailed IO Report

        Name           Direction    Location    IOStandard    DriveStrength    PullType    PackReg  
        RSTn             INPUT         A9        LVCMOS33          N/A          PULLUP      NONE    
       clk_50M           INPUT         R7        LVCMOS33          N/A          PULLUP      NONE    
       col[3]            INPUT        F10        LVCMOS33          N/A          PULLUP      NONE    
       col[2]            INPUT        C11        LVCMOS33          N/A          PULLUP      NONE    
       col[1]            INPUT        D11        LVCMOS33          N/A          PULLUP      NONE    
       col[0]            INPUT        E11        LVCMOS33          N/A          PULLUP      NONE    
  DigitronCS_Out[3]     OUTPUT         A3        LVCMOS33           8            NONE       NONE    
  DigitronCS_Out[2]     OUTPUT         A5        LVCMOS33           8            NONE       NONE    
  DigitronCS_Out[1]     OUTPUT         B6        LVCMOS33           8            NONE       NONE    
  DigitronCS_Out[0]     OUTPUT         C9        LVCMOS33           8            NONE       NONE    
   Digitron_Out[7]      OUTPUT         C8        LVCMOS33           8            NONE       NONE    
   Digitron_Out[6]      OUTPUT         A8        LVCMOS33           8            NONE       NONE    
   Digitron_Out[5]      OUTPUT         B5        LVCMOS33           8            NONE       NONE    
   Digitron_Out[4]      OUTPUT         A7        LVCMOS33           8            NONE       NONE    
   Digitron_Out[3]      OUTPUT         E8        LVCMOS33           8            NONE       NONE    
   Digitron_Out[2]      OUTPUT         B8        LVCMOS33           8            NONE       NONE    
   Digitron_Out[1]      OUTPUT         A6        LVCMOS33           8            NONE       NONE    
   Digitron_Out[0]      OUTPUT         A4        LVCMOS33           8            NONE       NONE    
        light           OUTPUT        B14        LVCMOS33           8            NONE       NONE    
       row[3]           OUTPUT         D9        LVCMOS33           8            NONE       NONE    
       row[2]           OUTPUT         F9        LVCMOS33           8            NONE       NONE    
       row[1]           OUTPUT        C10        LVCMOS33           8            NONE       NONE    
       row[0]           OUTPUT        E10        LVCMOS33           8            NONE       NONE    

Report Hierarchy Area:
+-------------------------------------------------------------------------------------------+
|Instance |Module                      |le     |lut     |ripple  |seq     |bram    |dsp     |
+-------------------------------------------------------------------------------------------+
|top      |keyboard_instance           |205    |149     |24      |126     |0       |0       |
|  U1     |keyboard_scan               |71     |49      |9       |54      |0       |0       |
|  U2     |key_filter                  |59     |34      |6       |49      |0       |0       |
|  U3     |onehot2binary               |37     |37      |0       |6       |0       |0       |
|  U5     |Digitron_TimeDisplay_module |36     |27      |9       |17      |0       |0       |
+-------------------------------------------------------------------------------------------+


DataNet Average Fanout:

   Index     Fanout    Nets  
    #1         1       135   
    #2         2       107   
    #3         3        9    
    #4         4        9    
    #5        5-10      17   
    #6       11-50      5    
  Average     2.23           

RUN-1002 : start command "export_db display_pr.db"
RUN-1001 : Exported /
RUN-1001 : Exported flow parameters
RUN-1001 : Exported libs
RUN-1001 : Exported entities
RUN-1001 : Exported ports
RUN-1001 : Exported pins
RUN-1001 : Exported instances
RUN-1001 : Exported nets
RUN-1001 : Exported buses
RUN-1001 : Exported models
RUN-1001 : Exported congestions
RUN-1001 : Exported violations
RUN-1001 : Exported timing constraints
RUN-1001 : Exported IO constraints
RUN-1001 : Exported Inst constraints
RUN-1002 : start command "export_bid display_inst.bid"
RUN-1002 : start command "bitgen -bit display.bit -unused_io_status pulldown"
BIT-1003 : Start to generate bitstream. 
BIT-1002 : Bitgen processed 165 unused pads, reserve input tri_state with pulldown
BIT-1002 : Init instances with 16 threads.
BIT-1002 : Init instances completely, inst num: 296
BIT-1002 : Init pips with 16 threads.
BIT-1002 : Init pips completely, net num: 309, pip num: 1814
BIT-1002 : Init feedthrough completely, num: 1
BIT-1003 : Multithreading accelaration with 16 threads.
BIT-1003 : Generate bitstream completely, there are 446 valid insts, and 5940 bits set as '1'.
BIT-1004 : PLL setting string = 0000
BIT-1004 : Generate bits file display.bit.
RUN-1003 : finish command "bitgen -bit display.bit -unused_io_status pulldown" in  1.155738s wall, 4.250000s user + 0.078125s system = 4.328125s CPU (374.5%)

RUN-1004 : used memory is 418 MB, reserved memory is 393 MB, peak memory is 612 MB
RUN-1002 : start command "backup_run_log run.log ../.logs/phy_1/td_20240826_212100.log"
