============================================================
   Tang Dynasty, V5.6.59063
   Copyright (c) 2012-2022 Anlogic
   Executable = E:/Anlogic/TD5.6.59063/bin/td.exe
   Built at =   12:45:13 Sep  6 2022
   Run by =     19234
   Run Date =   Tue Aug 27 09:38:06 2024

   Run on =     ERIKPSW
============================================================
RUN-1002 : start command "open_project display.prj"
RUN-1001 : Print Global Property
RUN-1001 : ---------------------------------------------------------------
RUN-1001 :        Parameters        |  Settings  |  Default Values  |  Note  
RUN-1001 : ---------------------------------------------------------------
RUN-1001 :          message         |  standard  |     standard     |        
RUN-1001 :   mixed_pack_place_flow  |     on     |        on        |        
RUN-1001 :        qor_monitor       |    off     |       off        |        
RUN-1001 :        syn_ip_flow       |    off     |       off        |        
RUN-1001 :          thread          |    auto    |       auto       |        
RUN-1001 : ---------------------------------------------------------------
RUN-1001 : Print Design Property
RUN-1001 : --------------------------------------------------------------
RUN-1001 :        Parameters       |  Settings  |  Default Values  |  Note  
RUN-1001 : --------------------------------------------------------------
RUN-1001 :   default_reg_initial   |    auto    |       auto       |        
RUN-1001 :        infer_add        |     on     |        on        |        
RUN-1001 :        infer_fsm        |    off     |       off        |        
RUN-1001 :        infer_mult       |     on     |        on        |        
RUN-1001 :        infer_ram        |     on     |        on        |        
RUN-1001 :        infer_reg        |     on     |        on        |        
RUN-1001 :   infer_reg_init_value  |     on     |        on        |        
RUN-1001 :        infer_rom        |     on     |        on        |        
RUN-1001 :      infer_shifter      |     on     |        on        |        
RUN-1001 : --------------------------------------------------------------
RUN-1001 : Print Rtl Property
RUN-1001 : --------------------------------------------------------------
RUN-1001 :        Parameters       |  Settings  |  Default Values  |  Note  
RUN-1001 : --------------------------------------------------------------
RUN-1001 :       compress_add      |   ripple   |      ripple      |        
RUN-1001 :        elf_sload        |    off     |       off        |        
RUN-1001 :       fix_undriven      |     0      |        0         |        
RUN-1001 :         flatten         |    off     |       off        |        
RUN-1001 :       gate_sharing      |     on     |        on        |        
RUN-1001 :    hdl_warning_level    |   normal   |      normal      |        
RUN-1001 :   impl_internal_tribuf  |     on     |        on        |        
RUN-1001 :      impl_set_reset     |     on     |        on        |        
RUN-1001 :        infer_gsr        |    off     |       off        |        
RUN-1001 :      keep_hierarchy     |    auto    |       auto       |        
RUN-1001 :        max_fanout       |    9999    |       9999       |        
RUN-1001 :      max_oh2bin_len     |     10     |        10        |        
RUN-1001 :       merge_equal       |     on     |        on        |        
RUN-1001 :       merge_equiv       |     on     |        on        |        
RUN-1001 :        merge_mux        |    off     |       off        |        
RUN-1001 :     min_control_set     |     8      |        8         |        
RUN-1001 :      min_ripple_len     |    auto    |       auto       |        
RUN-1001 :       oh2bin_ratio      |    0.08    |       0.08       |        
RUN-1001 :     opt_adder_fanout    |     on     |        on        |        
RUN-1001 :        opt_arith        |     on     |        on        |        
RUN-1001 :       opt_big_gate      |    off     |       off        |        
RUN-1001 :        opt_const        |     on     |        on        |        
RUN-1001 :      opt_const_mult     |     on     |        on        |        
RUN-1001 :       opt_lessthan      |     on     |        on        |        
RUN-1001 :         opt_mux         |    off     |       off        |        
RUN-1001 :         opt_ram         |    high    |       high       |        
RUN-1001 :      rtl_sim_model      |    off     |       off        |        
RUN-1001 :         seq_syn         |     on     |        on        |        
RUN-1001 : --------------------------------------------------------------
HDL-1007 : analyze verilog file ../../keyboard_instance.v
HDL-1007 : undeclared symbol 'clo', assumed default net type 'wire' in ../../keyboard_instance.v(17)
HDL-1007 : analyze verilog file ../../keyboard_scan.v
HDL-1007 : analyze verilog file ../../onehot2binary.v
HDL-1007 : analyze verilog file ../../key_filter.v
HDL-1007 : analyze verilog file ../../Digitron_TimeDisplay_module.v
RUN-1001 : Project manager successfully analyzed 5 source files.
RUN-1002 : start command "import_device eagle_s20.db -package EG4S20BG256"
ARC-1001 : Device Initialization.
ARC-1001 : ------------------------------------------------------------------
ARC-1001 :            OPTION            |          IO          |   SETTING   
ARC-1001 : ------------------------------------------------------------------
ARC-1001 :   cso_b/cclk/mosi/miso/dout  |  T3/R11/T10/P10/S11  |    gpio    
ARC-1001 :             done             |         P13          |    gpio    
ARC-1001 :           program_b          |          T2          |  dedicate  
ARC-1001 :        tdi/tms/tck/tdo       |   C12/A15/C14/E14    |  dedicate  
ARC-1001 : ------------------------------------------------------------------
ARC-1004 : Device setting, marked 5 dedicate IOs in total.
RUN-1002 : start command "import_db ../syn_1/display_gate.db"
RUN-1001 : Importing database generated by Tang Dynasty, V5.6.59063.
RUN-1001 : Database version number 46140.
RUN-1001 : Import flow parameters
RUN-1001 : Import timing constraints
RUN-1001 : Import IO constraints
RUN-1001 : Import Inst constraints
RUN-1001 : Import design success TD_VERSION=5.6.59063 , DB_VERSION=46140
RUN-1002 : start command "read_sdc"
USR-1002 : read_sdc file_name -help -h -eco
USR-1009 : NO module with IP_SDC ...
RUN-1104 : Import SDC file  finished, there are 0 nets kept by constraints.
RUN-1002 : start command "place"
RUN-1001 : Open license file E:/Anlogic/TD5.6.59063/license/Anlogic.lic
RUN-1001 : Print Global Property
RUN-1001 : ---------------------------------------------------------------
RUN-1001 :        Parameters        |  Settings  |  Default Values  |  Note  
RUN-1001 : ---------------------------------------------------------------
RUN-1001 :          message         |  standard  |     standard     |        
RUN-1001 :   mixed_pack_place_flow  |     on     |        on        |        
RUN-1001 :        qor_monitor       |    off     |       off        |        
RUN-1001 :        syn_ip_flow       |    off     |       off        |        
RUN-1001 :          thread          |    auto    |       auto       |        
RUN-1001 : ---------------------------------------------------------------
RUN-1001 : Print Place Property
RUN-1001 : --------------------------------------------------------------
RUN-1001 :        Parameters       |  Settings  |  Default Values  |  Note  
RUN-1001 : --------------------------------------------------------------
RUN-1001 :      detailed_place     |     on     |        on        |        
RUN-1001 :          effort         |   medium   |      medium      |        
RUN-1001 :         fix_hold        |    off     |       off        |        
RUN-1001 :       legalization      |    ori     |       ori        |        
RUN-1001 :      new_spreading      |     on     |        on        |        
RUN-1001 :        opt_timing       |   medium   |      medium      |        
RUN-1001 :   post_clock_route_opt  |    off     |       off        |        
RUN-1001 :       pr_strategy       |     1      |        1         |        
RUN-1001 :        relaxation       |    1.00    |       1.00       |        
RUN-1001 :         retiming        |    off     |       off        |        
RUN-1001 : --------------------------------------------------------------
PHY-3001 : Placer runs in 16 thread(s).
RUN-1002 : start command "legalize_phy_inst"
SYN-1011 : Flatten model keyboard_instance
RUN-1002 : start command "phys_opt -simplify_lut"
SYN-4024 : Net "clk_50M_dup_1" drives clk pins.
SYN-4024 : Net "U1/scan_clk" drives clk pins.
SYN-4025 : Tag rtl::Net U1/scan_clk as clock net
SYN-4025 : Tag rtl::Net clk_50M_dup_1 as clock net
SYN-4026 : Tagged 2 rtl::Net as clock net
SYN-4015 : Create BUFG instance for clk Net U1/scan_clk to drive 4 clock pins.
PHY-1001 : Populate physical database on model keyboard_instance.
RUN-1001 : There are total 112 instances
RUN-0007 : 27 luts, 38 seqs, 10 mslices, 9 lslices, 23 pads, 0 brams, 0 dsps
RUN-1001 : There are total 155 nets
RUN-1001 : 108 nets have 2 pins
RUN-1001 : 40 nets have [3 - 5] pins
RUN-1001 : 5 nets have [6 - 10] pins
RUN-1001 : 2 nets have [21 - 99] pins
RUN-1001 : Report Control nets information:
RUN-1001 : DFF Distribution
RUN-1001 : ----------------------------------
RUN-1001 :   CE   |  SSR  |  ASR  |  DFF Count  
RUN-1001 : ----------------------------------
RUN-1001 :   No   |  No   |  No   |     38      
RUN-1001 :   No   |  No   |  Yes  |      0      
RUN-1001 :   No   |  Yes  |  No   |      0      
RUN-1001 :   Yes  |  No   |  No   |      0      
RUN-1001 :   Yes  |  No   |  Yes  |      0      
RUN-1001 :   Yes  |  Yes  |  No   |      0      
RUN-1001 : ----------------------------------
RUN-0007 : Control Group Statistic
RUN-0007 : ---------------------------
RUN-0007 :   #CLK  |  #CE  |  #SSR/ASR  
RUN-0007 : ---------------------------
RUN-0007 :    2    |   1   |     1      
RUN-0007 : ---------------------------
RUN-0007 : Control Set = 2
PHY-3001 : Initial placement ...
PHY-3001 : design contains 109 instances, 27 luts, 38 seqs, 19 slices, 2 macros(19 instances: 10 mslices 9 lslices)
PHY-0007 : Cell area utilization is 0%
PHY-3001 : Start timing update ...
RUN-1002 : start command "start_timer -report"
TMR-2505 : Start building timing graph for model keyboard_instance.
TMR-2506 : Build timing graph completely. Port num: 7, tpin num: 412, tnet num: 152, tinst num: 109, tnode num: 512, tedge num: 659.
TMR-2508 : Levelizing timing graph completed, there are 21 levels in total.
TMR-2501 : Timing graph initialized successfully.
TMR-2503 : Start to update net delay, extr mode = 2.
TMR-2504 : Update delay of 152 nets completely.
TMR-2502 : Annotate delay completely, extr mode = 2.
TMR-3001 : Initiate 0 clocks from SDC.
TMR-3004 : Map sdc constraints, there are 0 constraints in total.
TMR-3003 : Constraints initiated successfully.
TMR-3501 : Forward propagation: start to calculate arrival time...
TMR-3502 : Backward propagation: start to calculate required time...
TMR-3503 : Timing propagation completes.
PHY-3001 : End timing update;  0.118656s wall, 0.031250s user + 0.000000s system = 0.031250s CPU (26.3%)

PHY-3001 : Global placement ...
PHY-3001 : Initial: Len = 40417.8
PHY-3001 : Clustering ...
PHY-3001 : Level 0 #clusters 109.
PHY-3001 : End clustering;  0.000025s wall, 0.000000s user + 0.000000s system = 0.000000s CPU (n/a%)

PHY-3001 : Run with size of 4
PHY-3001 : Cell area utilization is 0%
PHY-3001 : :::0::: Try harder cell spreading with beta_ = 0
PHY-3002 : Step(1): len = 22732.5, overlap = 0
PHY-3002 : Step(2): len = 16393.8, overlap = 0
PHY-3002 : Step(3): len = 12265.2, overlap = 0
PHY-3002 : Step(4): len = 8630.2, overlap = 0
PHY-3002 : Step(5): len = 6667.1, overlap = 0
PHY-3002 : Step(6): len = 5872, overlap = 0
PHY-3002 : Step(7): len = 5674, overlap = 0
PHY-3002 : Step(8): len = 5688.1, overlap = 0
PHY-3002 : Step(9): len = 5152, overlap = 0
PHY-3002 : Step(10): len = 5065.8, overlap = 0
PHY-3002 : Step(11): len = 4284.4, overlap = 0
PHY-3002 : Step(12): len = 3803, overlap = 0
PHY-3002 : Step(13): len = 4011.6, overlap = 0
PHY-3002 : Step(14): len = 3769.9, overlap = 0
PHY-3002 : Step(15): len = 3682.9, overlap = 0
PHY-3002 : Step(16): len = 3183.5, overlap = 0
PHY-3002 : Step(17): len = 2973.1, overlap = 0
PHY-3002 : Step(18): len = 3229.4, overlap = 0
PHY-3002 : Step(19): len = 2334.9, overlap = 0
PHY-3002 : Step(20): len = 1952.5, overlap = 0
PHY-3002 : Step(21): len = 1700.1, overlap = 0
PHY-3002 : Step(22): len = 1586.6, overlap = 0
PHY-3002 : Step(23): len = 1538.2, overlap = 0
PHY-3002 : Step(24): len = 1566.6, overlap = 0
PHY-3002 : Step(25): len = 1583.9, overlap = 0
PHY-3001 : Legalization ...
PHY-3001 : End legalization;  0.004080s wall, 0.000000s user + 0.000000s system = 0.000000s CPU (n/a%)

PHY-3001 : Run with size of 4
PHY-3001 : Cell area utilization is 0%
PHY-3001 : Update timing in Manhattan mode ...
TMR-2503 : Start to update net delay, extr mode = 3.
TMR-2504 : Update delay of 152 nets completely.
TMR-2502 : Annotate delay completely, extr mode = 3.
TMR-3501 : Forward propagation: start to calculate arrival time...
TMR-3502 : Backward propagation: start to calculate required time...
TMR-3503 : Timing propagation completes.
PHY-3001 : End timing update;  0.001221s wall, 0.000000s user + 0.000000s system = 0.000000s CPU (n/a%)

PHY-3001 : :::0::: Try harder cell spreading with beta_ = 0
PHY-3002 : Step(26): len = 1438.9, overlap = 0
PHY-3002 : Step(27): len = 1438.5, overlap = 0
PHY-3002 : Step(28): len = 1443.5, overlap = 0
PHY-3002 : Step(29): len = 1456.8, overlap = 0
PHY-3002 : Step(30): len = 1494.9, overlap = 0
PHY-3002 : Step(31): len = 1547.7, overlap = 0
PHY-3002 : Step(32): len = 1542.7, overlap = 0
PHY-3002 : Step(33): len = 1549.1, overlap = 0
PHY-3002 : Step(34): len = 1488.1, overlap = 0
PHY-3002 : Step(35): len = 1506.9, overlap = 0
PHY-3002 : Step(36): len = 1542.5, overlap = 0
PHY-3002 : Step(37): len = 1566.8, overlap = 0
PHY-3002 : Step(38): len = 1478.4, overlap = 0
PHY-3002 : Step(39): len = 1478.8, overlap = 0
PHY-3002 : Step(40): len = 1438.2, overlap = 0
PHY-3002 : Step(41): len = 1374.4, overlap = 0
PHY-3002 : Step(42): len = 1398.6, overlap = 0
PHY-3002 : Step(43): len = 1389.6, overlap = 0
PHY-3002 : Step(44): len = 1379.4, overlap = 0
PHY-3002 : Step(45): len = 1377.9, overlap = 0
PHY-3002 : Step(46): len = 1386.7, overlap = 0
PHY-3002 : Step(47): len = 1405.6, overlap = 0
PHY-3002 : Step(48): len = 1433.5, overlap = 0
PHY-3002 : Step(49): len = 1424.6, overlap = 0
PHY-3002 : Step(50): len = 1444.3, overlap = 0
PHY-3002 : Step(51): len = 1356.8, overlap = 0
PHY-3002 : Step(52): len = 1329.5, overlap = 0
PHY-3002 : Step(53): len = 1347.7, overlap = 0
PHY-3002 : Step(54): len = 1248.9, overlap = 0
PHY-3002 : Step(55): len = 1207.2, overlap = 0
PHY-3002 : Step(56): len = 1217, overlap = 0
PHY-3002 : Step(57): len = 1306, overlap = 0
PHY-3002 : Step(58): len = 1231.1, overlap = 0
PHY-3002 : Step(59): len = 1233.7, overlap = 0
PHY-3002 : Step(60): len = 1153.4, overlap = 0
PHY-3002 : Step(61): len = 1185.7, overlap = 0
PHY-3002 : Step(62): len = 1093.2, overlap = 0
PHY-3002 : Step(63): len = 1032.3, overlap = 0
PHY-3002 : Step(64): len = 1040.3, overlap = 0
PHY-3002 : Step(65): len = 1061.8, overlap = 0
PHY-3002 : Step(66): len = 1118.8, overlap = 0
PHY-3002 : Step(67): len = 1146.8, overlap = 0
PHY-3002 : Step(68): len = 1105.2, overlap = 0
PHY-3002 : Step(69): len = 1054.7, overlap = 0
PHY-3002 : Step(70): len = 1057.9, overlap = 0
PHY-3002 : Step(71): len = 997.7, overlap = 0
PHY-3002 : Step(72): len = 981, overlap = 0
PHY-3002 : Step(73): len = 985.2, overlap = 0
PHY-3002 : Step(74): len = 936.7, overlap = 0
PHY-3002 : Step(75): len = 936.9, overlap = 0
PHY-3002 : Step(76): len = 946.4, overlap = 0
PHY-3002 : Step(77): len = 968, overlap = 0
PHY-3001 : Run with size of 2
PHY-3001 : Cell area utilization is 0%
PHY-3001 : Update timing in Manhattan mode ...
TMR-2503 : Start to update net delay, extr mode = 3.
TMR-2504 : Update delay of 152 nets completely.
TMR-2502 : Annotate delay completely, extr mode = 3.
TMR-3501 : Forward propagation: start to calculate arrival time...
TMR-3502 : Backward propagation: start to calculate required time...
TMR-3503 : Timing propagation completes.
PHY-3001 : End timing update;  0.001323s wall, 0.000000s user + 0.000000s system = 0.000000s CPU (n/a%)

PHY-3001 : :::0::: Try harder cell spreading with beta_ = 0
PHY-3002 : Step(78): len = 898.9, overlap = 1.75
PHY-3002 : Step(79): len = 902.3, overlap = 1.6875
PHY-3002 : Step(80): len = 902.3, overlap = 1.6875
OPT-1001 : Start physical optimization ...
RUN-1002 : start command "start_timer -report"
TMR-2505 : Start building timing graph for model keyboard_instance.
TMR-2506 : Build timing graph completely. Port num: 7, tpin num: 412, tnet num: 152, tinst num: 109, tnode num: 512, tedge num: 659.
TMR-2508 : Levelizing timing graph completed, there are 21 levels in total.
TMR-2501 : Timing graph initialized successfully.
OPT-1001 : Total overflow 2.47 peak overflow 1.06
OPT-1001 : Start high-fanout net optimization ...
OPT-1001 : Update timing in global mode
PHY-1001 : Start incremental global routing, caller is place ...
RUN-1001 : Generating global routing grids ...
RUN-1001 : Building simple global routing graph ...
PHY-1001 : Generate routing nets ...
PHY-1001 : Reuse net number 0/155.
PHY-1001 : Global iterations in 16 thread ...
PHY-1002 : len = 1016, over cnt = 2(0%), over = 2, worst = 1
PHY-1001 : End global iterations;  0.004726s wall, 0.000000s user + 0.000000s system = 0.000000s CPU (n/a%)

PHY-1001 : Congestion index: top1 = 3.28, top5 = 0.78, top10 = 0.39, top15 = 0.26.
PHY-1001 : End incremental global routing;  0.050261s wall, 0.031250s user + 0.000000s system = 0.031250s CPU (62.2%)

TMR-2503 : Start to update net delay, extr mode = 5.
TMR-2504 : Update delay of 152 nets completely.
TMR-2502 : Annotate delay completely, extr mode = 5.
TMR-3001 : Initiate 0 clocks from SDC.
TMR-3004 : Map sdc constraints, there are 0 constraints in total.
TMR-3003 : Constraints initiated successfully.
TMR-3501 : Forward propagation: start to calculate arrival time...
TMR-3502 : Backward propagation: start to calculate required time...
TMR-3503 : Timing propagation completes.
OPT-1001 : End timing update;  0.001444s wall, 0.000000s user + 0.000000s system = 0.000000s CPU (n/a%)

OPT-1001 : 0 high-fanout net processed.
OPT-1001 : End high-fanout net optimization;  0.052660s wall, 0.031250s user + 0.000000s system = 0.031250s CPU (59.3%)

OPT-1001 : Current memory(MB): used = 136, reserve = 107, peak = 136.
OPT-1001 : Start global optimization ...
OPT-1001 : Start congestion update ...
RUN-1001 : Generating global routing grids ...
PHY-1001 : Generate routing nets ...
PHY-1001 : Reuse net number 49/155.
PHY-1001 : Global iterations in 16 thread ...
PHY-1002 : len = 1016, over cnt = 2(0%), over = 2, worst = 1
PHY-1002 : len = 1016, over cnt = 2(0%), over = 2, worst = 1
PHY-1002 : len = 1048, over cnt = 0(0%), over = 0, worst = 0
PHY-1001 : End global iterations;  0.006662s wall, 0.000000s user + 0.000000s system = 0.000000s CPU (n/a%)

PHY-1001 : Congestion index: top1 = 3.32, top5 = 0.80, top10 = 0.40, top15 = 0.27.
OPT-1001 : End congestion update;  0.065382s wall, 0.000000s user + 0.000000s system = 0.000000s CPU (n/a%)

OPT-1001 : Update timing in Manhattan mode
TMR-2503 : Start to update net delay, extr mode = 3.
TMR-2504 : Update delay of 152 nets completely.
TMR-2502 : Annotate delay completely, extr mode = 3.
TMR-3501 : Forward propagation: start to calculate arrival time...
TMR-3502 : Backward propagation: start to calculate required time...
TMR-3503 : Timing propagation completes.
OPT-1001 : End timing update;  0.001246s wall, 0.000000s user + 0.000000s system = 0.000000s CPU (n/a%)

OPT-0007 : Start: WNS 2147483647 TNS 0 NUM_FEPS 0
OPT-1001 : End global optimization;  0.066696s wall, 0.000000s user + 0.000000s system = 0.000000s CPU (n/a%)

OPT-1001 : Current memory(MB): used = 136, reserve = 107, peak = 136.
OPT-1001 : End physical optimization;  0.297130s wall, 0.140625s user + 0.000000s system = 0.140625s CPU (47.3%)

PHY-3001 : Start packing ...
SYN-4007 : Packing 0 MUX to BLE ...
SYN-4008 : Packed 0 MUX and 0 SEQ to BLE.
SYN-4007 : Packing 27 LUT to BLE ...
SYN-4008 : Packed 27 LUT and 11 SEQ to BLE.
SYN-4003 : Packing 27 remaining SEQ's ...
SYN-4005 : Packed 13 SEQ with LUT/SLICE
SYN-4006 : 5 single LUT's are left
SYN-4006 : 14 single SEQ's are left
SYN-4011 : Packing model "keyboard_instance" (AL_USER_NORMAL) with 41/88 primitive instances ...
PHY-3001 : End packing;  0.002757s wall, 0.000000s user + 0.000000s system = 0.000000s CPU (n/a%)

PHY-1001 : Populate physical database on model keyboard_instance.
RUN-1001 : There are total 70 instances
RUN-1001 : 21 mslices, 21 lslices, 23 pads, 0 brams, 0 dsps
RUN-1001 : There are total 144 nets
RUN-1001 : 97 nets have 2 pins
RUN-1001 : 40 nets have [3 - 5] pins
RUN-1001 : 5 nets have [6 - 10] pins
RUN-1001 : 2 nets have [21 - 99] pins
PHY-3001 : design contains 67 instances, 42 slices, 2 macros(19 instances: 10 mslices 9 lslices)
PHY-3001 : Cell area utilization is 0%
PHY-3001 : After packing: Len = 1088.6, Over = 2.5
PHY-3001 : Run with size of 2
PHY-3001 : Cell area utilization is 0%
PHY-3001 : Update timing in Manhattan mode ...
RUN-1002 : start command "start_timer -report"
TMR-2505 : Start building timing graph for model keyboard_instance.
TMR-2506 : Build timing graph completely. Port num: 7, tpin num: 373, tnet num: 141, tinst num: 67, tnode num: 456, tedge num: 620.
TMR-2508 : Levelizing timing graph completed, there are 21 levels in total.
TMR-2501 : Timing graph initialized successfully.
TMR-2503 : Start to update net delay, extr mode = 3.
TMR-2504 : Update delay of 141 nets completely.
TMR-2502 : Annotate delay completely, extr mode = 3.
TMR-3001 : Initiate 0 clocks from SDC.
TMR-3004 : Map sdc constraints, there are 0 constraints in total.
TMR-3003 : Constraints initiated successfully.
TMR-3501 : Forward propagation: start to calculate arrival time...
TMR-3502 : Backward propagation: start to calculate required time...
TMR-3503 : Timing propagation completes.
PHY-3001 : End timing update;  0.106092s wall, 0.093750s user + 0.000000s system = 0.093750s CPU (88.4%)

PHY-3001 : :::0::: Try harder cell spreading with beta_ = 0
PHY-3002 : Step(81): len = 1083.7, overlap = 2.5
PHY-3002 : Step(82): len = 1087.3, overlap = 2.75
PHY-3002 : Step(83): len = 1087.1, overlap = 2.75
PHY-3001 : Legalization ...
PHY-3001 : End legalization;  0.018276s wall, 0.000000s user + 0.015625s system = 0.015625s CPU (85.5%)

PHY-3001 : Trial Legalized: Len = 2384.1
PHY-3001 : Run with size of 2
PHY-3001 : Cell area utilization is 0%
PHY-3001 : Update timing in Manhattan mode ...
TMR-2503 : Start to update net delay, extr mode = 3.
TMR-2504 : Update delay of 141 nets completely.
TMR-2502 : Annotate delay completely, extr mode = 3.
TMR-3501 : Forward propagation: start to calculate arrival time...
TMR-3502 : Backward propagation: start to calculate required time...
TMR-3503 : Timing propagation completes.
PHY-3001 : End timing update;  0.001182s wall, 0.000000s user + 0.000000s system = 0.000000s CPU (n/a%)

PHY-3001 : :::0::: Try harder cell spreading with beta_ = 0
PHY-3002 : Step(84): len = 1648.3, overlap = 0.75
PHY-3002 : Step(85): len = 1331.7, overlap = 1.25
PHY-3002 : Step(86): len = 1182.8, overlap = 1.75
PHY-3002 : Step(87): len = 1110.9, overlap = 2.25
PHY-3002 : Step(88): len = 1106.8, overlap = 2.25
PHY-3002 : Step(89): len = 1107.4, overlap = 2.25
PHY-3001 : Legalization ...
PHY-3001 : End legalization;  0.004831s wall, 0.015625s user + 0.000000s system = 0.015625s CPU (323.4%)

PHY-3001 : Legalized: Len = 1558.4, Over = 0
PHY-3001 : End spreading;  0.001769s wall, 0.000000s user + 0.000000s system = 0.000000s CPU (n/a%)

PHY-3001 : Final: Len = 1558.4, Over = 0
OPT-1001 : Start physical optimization ...
RUN-1002 : start command "start_timer -report"
TMR-2505 : Start building timing graph for model keyboard_instance.
TMR-2506 : Build timing graph completely. Port num: 7, tpin num: 373, tnet num: 141, tinst num: 67, tnode num: 456, tedge num: 620.
TMR-2508 : Levelizing timing graph completed, there are 21 levels in total.
TMR-2501 : Timing graph initialized successfully.
OPT-1001 : Total overflow 0.00 peak overflow 0.00
OPT-1001 : Start high-fanout net optimization ...
OPT-1001 : Update timing in global mode
PHY-1001 : Start incremental global routing, caller is place ...
RUN-1001 : Generating global routing grids ...
PHY-1001 : Generate routing nets ...
PHY-1001 : Reuse net number 5/144.
PHY-1001 : Global iterations in 16 thread ...
PHY-1002 : len = 1584, over cnt = 6(0%), over = 18, worst = 4
PHY-1002 : len = 1768, over cnt = 5(0%), over = 5, worst = 1
PHY-1002 : len = 1848, over cnt = 0(0%), over = 0, worst = 0
PHY-1001 : End global iterations;  0.013739s wall, 0.000000s user + 0.000000s system = 0.000000s CPU (n/a%)

PHY-1001 : Congestion index: top1 = 6.51, top5 = 1.50, top10 = 0.75, top15 = 0.50.
PHY-1001 : End incremental global routing;  0.061637s wall, 0.015625s user + 0.000000s system = 0.015625s CPU (25.3%)

TMR-2503 : Start to update net delay, extr mode = 5.
TMR-2504 : Update delay of 141 nets completely.
TMR-2502 : Annotate delay completely, extr mode = 5.
TMR-3001 : Initiate 0 clocks from SDC.
TMR-3004 : Map sdc constraints, there are 0 constraints in total.
TMR-3003 : Constraints initiated successfully.
TMR-3501 : Forward propagation: start to calculate arrival time...
TMR-3502 : Backward propagation: start to calculate required time...
TMR-3503 : Timing propagation completes.
OPT-1001 : End timing update;  0.002425s wall, 0.000000s user + 0.000000s system = 0.000000s CPU (n/a%)

OPT-1001 : 0 high-fanout net processed.
OPT-1001 : End high-fanout net optimization;  0.065659s wall, 0.015625s user + 0.000000s system = 0.015625s CPU (23.8%)

OPT-1001 : Current memory(MB): used = 137, reserve = 108, peak = 138.
OPT-1001 : Start path based optimization ...
OPT-1001 : Start congestion update ...
RUN-1001 : Generating global routing grids ...
PHY-1001 : Generate routing nets ...
PHY-1001 : Reuse net number 79/144.
PHY-1001 : Global iterations in 16 thread ...
PHY-1002 : len = 1848, over cnt = 0(0%), over = 0, worst = 0
PHY-1001 : End global iterations;  0.001190s wall, 0.015625s user + 0.000000s system = 0.015625s CPU (1313.1%)

PHY-1001 : Congestion index: top1 = 6.51, top5 = 1.50, top10 = 0.75, top15 = 0.50.
OPT-1001 : End congestion update;  0.041376s wall, 0.046875s user + 0.000000s system = 0.046875s CPU (113.3%)

OPT-1001 : Update timing in Manhattan mode
TMR-2503 : Start to update net delay, extr mode = 3.
TMR-2504 : Update delay of 141 nets completely.
TMR-2502 : Annotate delay completely, extr mode = 3.
TMR-3501 : Forward propagation: start to calculate arrival time...
TMR-3502 : Backward propagation: start to calculate required time...
TMR-3503 : Timing propagation completes.
OPT-1001 : End timing update;  0.001246s wall, 0.000000s user + 0.000000s system = 0.000000s CPU (n/a%)

OPT-0007 : Start: WNS 2147483647 TNS 0 NUM_FEPS 0
OPT-1001 : End path based optimization;  0.042691s wall, 0.046875s user + 0.000000s system = 0.046875s CPU (109.8%)

OPT-1001 : Current memory(MB): used = 137, reserve = 108, peak = 138.
OPT-1001 : Update timing in Manhattan mode
TMR-2503 : Start to update net delay, extr mode = 3.
TMR-2504 : Update delay of 141 nets completely.
TMR-2502 : Annotate delay completely, extr mode = 3.
TMR-3501 : Forward propagation: start to calculate arrival time...
TMR-3502 : Backward propagation: start to calculate required time...
TMR-3503 : Timing propagation completes.
OPT-1001 : End timing update;  0.000939s wall, 0.000000s user + 0.000000s system = 0.000000s CPU (n/a%)

OPT-1001 : Start pin optimization...
OPT-1001 : skip pin optimization...
OPT-1001 : Update timing in global mode
PHY-1001 : Start incremental global routing, caller is place ...
RUN-1001 : Generating global routing grids ...
PHY-1001 : Generate routing nets ...
PHY-1001 : Reuse net number 79/144.
PHY-1001 : Global iterations in 16 thread ...
PHY-1002 : len = 1848, over cnt = 0(0%), over = 0, worst = 0
PHY-1001 : End global iterations;  0.000795s wall, 0.000000s user + 0.000000s system = 0.000000s CPU (n/a%)

PHY-1001 : Congestion index: top1 = 6.51, top5 = 1.50, top10 = 0.75, top15 = 0.50.
PHY-1001 : End incremental global routing;  0.049540s wall, 0.000000s user + 0.000000s system = 0.000000s CPU (n/a%)

TMR-2503 : Start to update net delay, extr mode = 5.
TMR-2504 : Update delay of 141 nets completely.
TMR-2502 : Annotate delay completely, extr mode = 5.
TMR-3501 : Forward propagation: start to calculate arrival time...
TMR-3502 : Backward propagation: start to calculate required time...
TMR-3503 : Timing propagation completes.
OPT-1001 : End timing update;  0.001701s wall, 0.000000s user + 0.000000s system = 0.000000s CPU (n/a%)

RUN-1001 : Generating global routing grids ...
PHY-1001 : Generate routing nets ...
PHY-1001 : Reuse net number 79/144.
PHY-1001 : Global iterations in 16 thread ...
PHY-1002 : len = 1848, over cnt = 0(0%), over = 0, worst = 0
PHY-1001 : End global iterations;  0.000748s wall, 0.000000s user + 0.000000s system = 0.000000s CPU (n/a%)

PHY-1001 : Congestion index: top1 = 6.51, top5 = 1.50, top10 = 0.75, top15 = 0.50.
OPT-1001 : Update timing in Manhattan mode
TMR-2503 : Start to update net delay, extr mode = 3.
TMR-2504 : Update delay of 141 nets completely.
TMR-2502 : Annotate delay completely, extr mode = 3.
TMR-3501 : Forward propagation: start to calculate arrival time...
TMR-3502 : Backward propagation: start to calculate required time...
TMR-3503 : Timing propagation completes.
OPT-1001 : End timing update;  0.001142s wall, 0.000000s user + 0.000000s system = 0.000000s CPU (n/a%)

RUN-1001 : QoR Analysis:
OPT-0007 :   WNS 2147483647 TNS 0 NUM_FEPS 0
RUN-1001 :   No local congestion issue, and most congested 1% tile average routing util is 6.000000
RUN-1001 :   Top critical paths
OPT-1001 : End physical optimization;  0.310227s wall, 0.156250s user + 0.000000s system = 0.156250s CPU (50.4%)

RUN-1003 : finish command "place" in  2.546605s wall, 0.671875s user + 0.421875s system = 1.093750s CPU (42.9%)

RUN-1004 : used memory is 122 MB, reserved memory is 93 MB, peak memory is 138 MB
RUN-1002 : start command "export_db display_place.db"
RUN-1001 : Exported /
RUN-1001 : Exported flow parameters
RUN-1001 : Exported libs
RUN-1001 : Exported entities
RUN-1001 : Exported ports
RUN-1001 : Exported pins
RUN-1001 : Exported instances
RUN-1001 : Exported nets
RUN-1001 : Exported buses
RUN-1001 : Exported models
RUN-1001 : Exported congestions
RUN-1001 : Exported violations
RUN-1001 : Exported timing constraints
RUN-1001 : Exported IO constraints
RUN-1001 : Exported Inst constraints
RUN-1002 : start command "route"
RUN-1001 : Open license file E:/Anlogic/TD5.6.59063/license/Anlogic.lic
RUN-1001 : Print Global Property
RUN-1001 : ---------------------------------------------------------------
RUN-1001 :        Parameters        |  Settings  |  Default Values  |  Note  
RUN-1001 : ---------------------------------------------------------------
RUN-1001 :          message         |  standard  |     standard     |        
RUN-1001 :   mixed_pack_place_flow  |     on     |        on        |        
RUN-1001 :        qor_monitor       |    off     |       off        |        
RUN-1001 :        syn_ip_flow       |    off     |       off        |        
RUN-1001 :          thread          |    auto    |       auto       |        
RUN-1001 : ---------------------------------------------------------------
RUN-1001 : Print Route Property
RUN-1001 : -------------------------------------------------------
RUN-1001 :    Parameters    |  Settings  |  Default Values  |  Note  
RUN-1001 : -------------------------------------------------------
RUN-1001 :      effort      |   medium   |      medium      |        
RUN-1001 :     fix_hold     |    off     |       off        |        
RUN-1001 :    opt_timing    |   medium   |      medium      |        
RUN-1001 :   phy_sim_model  |    off     |       off        |        
RUN-1001 :     priority     |   timing   |      timing      |        
RUN-1001 :     swap_pin     |     on     |        on        |        
RUN-1001 : -------------------------------------------------------
PHY-1001 : Route runs in 16 thread(s)
RUN-1001 : There are total 70 instances
RUN-1001 : 21 mslices, 21 lslices, 23 pads, 0 brams, 0 dsps
RUN-1001 : There are total 144 nets
RUN-1001 : 97 nets have 2 pins
RUN-1001 : 40 nets have [3 - 5] pins
RUN-1001 : 5 nets have [6 - 10] pins
RUN-1001 : 2 nets have [21 - 99] pins
RUN-1002 : start command "start_timer -report"
TMR-2505 : Start building timing graph for model keyboard_instance.
TMR-2506 : Build timing graph completely. Port num: 7, tpin num: 373, tnet num: 141, tinst num: 67, tnode num: 456, tedge num: 620.
TMR-2508 : Levelizing timing graph completed, there are 21 levels in total.
TMR-2501 : Timing graph initialized successfully.
PHY-1001 : 21 mslices, 21 lslices, 23 pads, 0 brams, 0 dsps
TMR-2503 : Start to update net delay, extr mode = 3.
TMR-2504 : Update delay of 141 nets completely.
TMR-2502 : Annotate delay completely, extr mode = 3.
TMR-3001 : Initiate 0 clocks from SDC.
TMR-3004 : Map sdc constraints, there are 0 constraints in total.
TMR-3003 : Constraints initiated successfully.
TMR-3501 : Forward propagation: start to calculate arrival time...
TMR-3502 : Backward propagation: start to calculate required time...
TMR-3503 : Timing propagation completes.
PHY-1001 : Start global routing, caller is route ...
RUN-1001 : Generating global routing grids ...
PHY-1001 : Generate routing nets ...
PHY-1001 : Global iterations in 16 thread ...
PHY-1002 : len = 1584, over cnt = 6(0%), over = 18, worst = 4
PHY-1002 : len = 1768, over cnt = 5(0%), over = 5, worst = 1
PHY-1002 : len = 1848, over cnt = 0(0%), over = 0, worst = 0
PHY-1001 : End global iterations;  0.014351s wall, 0.000000s user + 0.000000s system = 0.000000s CPU (n/a%)

PHY-1001 : Congestion index: top1 = 6.42, top5 = 1.50, top10 = 0.75, top15 = 0.50.
PHY-1001 : End global routing;  0.048906s wall, 0.031250s user + 0.000000s system = 0.031250s CPU (63.9%)

PHY-1001 : Start detail routing ...
PHY-1001 : Current memory(MB): used = 157, reserve = 128, peak = 172.
PHY-1001 : Detailed router is running in normal mode.
PHY-1001 : Generate detailed routing grids ...
PHY-1001 : Generate nets ...
PHY-1001 : net clk_50M_dup_1 will be routed on clock mesh
PHY-1001 : clock net U1/scan_clk_syn_4 will be merged with clock U1/scan_clk
PHY-1001 : Current memory(MB): used = 426, reserve = 402, peak = 426.
PHY-1001 : End build detailed router design. 4.108706s wall, 1.500000s user + 0.187500s system = 1.687500s CPU (41.1%)

PHY-1001 : Detail Route ...
PHY-1001 : ===== Detail Route Phase 1 =====
PHY-1001 : Clock net routing.....
PHY-1001 : Routed 1% nets.
PHY-1022 : len = 3296, over cnt = 0(0%), over = 0, worst = 0, crit = 0
PHY-1001 : End initial clock net routed; 0.323134s wall, 0.187500s user + 0.015625s system = 0.203125s CPU (62.9%)

PHY-1001 : Current memory(MB): used = 454, reserve = 431, peak = 454.
PHY-1001 : End phase 1; 0.329786s wall, 0.187500s user + 0.015625s system = 0.203125s CPU (61.6%)

PHY-1001 : ===== Detail Route Phase 2 =====
PHY-1001 : Initial routing.....
PHY-1001 : Routed 4% nets.
PHY-1001 : Patch 97 net; 0.019826s wall, 0.015625s user + 0.000000s system = 0.015625s CPU (78.8%)

PHY-1022 : len = 5736, over cnt = 3(0%), over = 3, worst = 1, crit = 0
PHY-1001 : Current memory(MB): used = 454, reserve = 431, peak = 454.
PHY-1001 : End initial routed; 0.033475s wall, 0.015625s user + 0.000000s system = 0.015625s CPU (46.7%)

PHY-1001 : Update timing.....
PHY-1001 : 0/105(0%) critical/total net(s).
RUN-1001 : ------------------------------------------
RUN-1001 :   Type   |    WNS(ns)    |  TNS(ns)  |  FEP  
RUN-1001 : ------------------------------------------
RUN-1001 :   Setup  |  2147483.647  |   0.000   |   0   
RUN-1001 :   Hold   |  2147483.647  |   0.000   |   0   
RUN-1001 : ------------------------------------------
PHY-1001 : End update timing; 0.131256s wall, 0.078125s user + 0.000000s system = 0.078125s CPU (59.5%)

PHY-1001 : Current memory(MB): used = 454, reserve = 431, peak = 454.
PHY-1001 : End phase 2; 0.164841s wall, 0.093750s user + 0.000000s system = 0.093750s CPU (56.9%)

PHY-1001 : ===== Detail Route Phase 3 =====
PHY-1001 : Optimize timing.....
PHY-1022 : len = 5736, over cnt = 3(0%), over = 3, worst = 1, crit = 0
PHY-1001 : End optimize timing; 0.005730s wall, 0.015625s user + 0.000000s system = 0.015625s CPU (272.7%)

PHY-1001 : Ripup-reroute.....
PHY-1001 : ===== DR Iter 1 =====
PHY-1022 : len = 5736, over cnt = 2(0%), over = 2, worst = 1, crit = 0
PHY-1001 : End DR Iter 1; 0.010873s wall, 0.000000s user + 0.000000s system = 0.000000s CPU (n/a%)

PHY-1001 : ===== DR Iter 2 =====
PHY-1022 : len = 5752, over cnt = 0(0%), over = 0, worst = 0, crit = 0
PHY-1001 : End DR Iter 2; 0.012089s wall, 0.000000s user + 0.000000s system = 0.000000s CPU (n/a%)

PHY-1001 : Update timing.....
PHY-1001 : 0/105(0%) critical/total net(s).
RUN-1001 : ------------------------------------------
RUN-1001 :   Type   |    WNS(ns)    |  TNS(ns)  |  FEP  
RUN-1001 : ------------------------------------------
RUN-1001 :   Setup  |  2147483.647  |   0.000   |   0   
RUN-1001 :   Hold   |  2147483.647  |   0.000   |   0   
RUN-1001 : ------------------------------------------
PHY-1001 : End update timing; 0.132317s wall, 0.015625s user + 0.000000s system = 0.015625s CPU (11.8%)

PHY-1001 : Commit to database.....
PHY-1001 : 0 feed throughs used by 0 nets
PHY-1001 : End commit to database; 0.017926s wall, 0.000000s user + 0.000000s system = 0.000000s CPU (n/a%)

PHY-1001 : Current memory(MB): used = 463, reserve = 440, peak = 463.
PHY-1001 : End phase 3; 0.343953s wall, 0.109375s user + 0.000000s system = 0.109375s CPU (31.8%)

PHY-1003 : Routed, final wirelength = 5752
PHY-1001 : Current memory(MB): used = 463, reserve = 440, peak = 463.
PHY-1001 : End export database. 0.006199s wall, 0.000000s user + 0.000000s system = 0.000000s CPU (n/a%)

PHY-1001 : End detail routing;  5.165722s wall, 1.937500s user + 0.218750s system = 2.156250s CPU (41.7%)

RUN-1003 : finish command "route" in  5.376017s wall, 2.078125s user + 0.218750s system = 2.296875s CPU (42.7%)

RUN-1004 : used memory is 407 MB, reserved memory is 383 MB, peak memory is 463 MB
RUN-1002 : start command "report_area -io_info -file display_phy.area"
RUN-1001 : standard
***Report Model: keyboard_instance Device: EG4S20BG256***

IO Statistics
#IO                        23
  #input                    6
  #output                  17
  #inout                    0

Utilization Statistics
#lut                       65   out of  19600    0.33%
#reg                       54   out of  19600    0.28%
#le                        79
  #lut only                25   out of     79   31.65%
  #reg only                14   out of     79   17.72%
  #lut&reg                 40   out of     79   50.63%
#dsp                        0   out of     29    0.00%
#bram                       0   out of     64    0.00%
  #bram9k                   0
  #fifo9k                   0
#bram32k                    0   out of     16    0.00%
#pad                       23   out of    188   12.23%
  #ireg                     0
  #oreg                     0
  #treg                     0
#pll                        0   out of      4    0.00%
#gclk                       2   out of     16   12.50%

Clock Resource Statistics
Index     ClockNet         Type               DriverType         Driver                      Fanout
#1        clk_50M_dup_1    GCLK               io                 clk_50M_syn_2.di            27
#2        U1/scan_clk      GCLK               lslice             U1/scan_clk_reg_syn_9.q0    3


Detailed IO Report

        Name           Direction    Location    IOStandard    DriveStrength    PullType    PackReg  
        RSTn             INPUT         A9        LVCMOS33          N/A          PULLUP      NONE    
       clk_50M           INPUT         R7        LVCMOS33          N/A          PULLUP      NONE    
  DigitronCS_Out[3]     OUTPUT         A3        LVCMOS33           8            NONE       NONE    
  DigitronCS_Out[2]     OUTPUT         A5        LVCMOS33           8            NONE       NONE    
  DigitronCS_Out[1]     OUTPUT         B6        LVCMOS33           8            NONE       NONE    
  DigitronCS_Out[0]     OUTPUT         C9        LVCMOS33           8            NONE       NONE    
   Digitron_Out[7]      OUTPUT         C8        LVCMOS33           8            NONE       NONE    
   Digitron_Out[6]      OUTPUT         A8        LVCMOS33           8            NONE       NONE    
   Digitron_Out[5]      OUTPUT         B5        LVCMOS33           8            NONE       NONE    
   Digitron_Out[4]      OUTPUT         A7        LVCMOS33           8            NONE       NONE    
   Digitron_Out[3]      OUTPUT         E8        LVCMOS33           8            NONE       NONE    
   Digitron_Out[2]      OUTPUT         B8        LVCMOS33           8            NONE       NONE    
   Digitron_Out[1]      OUTPUT         A6        LVCMOS33           8            NONE       NONE    
   Digitron_Out[0]      OUTPUT         A4        LVCMOS33           8            NONE       NONE    
        light           OUTPUT        B14        LVCMOS33           8            NONE       NONE    
       row[3]           OUTPUT         D9        LVCMOS33           8            NONE       NONE    
       row[2]           OUTPUT         F9        LVCMOS33           8            NONE       NONE    
       row[1]           OUTPUT        C10        LVCMOS33           8            NONE       NONE    
       row[0]           OUTPUT        E10        LVCMOS33           8            NONE       NONE    

Report Hierarchy Area:
+-------------------------------------------------------------------------------------------+
|Instance |Module                      |le     |lut     |ripple  |seq     |bram    |dsp     |
+-------------------------------------------------------------------------------------------+
|top      |keyboard_instance           |79     |46      |19      |54      |0       |0       |
|  U1     |keyboard_scan               |53     |30      |9       |37      |0       |0       |
|  U5     |Digitron_TimeDisplay_module |20     |10      |10      |16      |0       |0       |
+-------------------------------------------------------------------------------------------+


DataNet Average Fanout:

   Index     Fanout    Nets  
    #1         1        77   
    #2         2        36   
    #3         3        2    
    #4        5-10      5    
  Average     1.53           

RUN-1002 : start command "export_db display_pr.db"
RUN-1001 : Exported /
RUN-1001 : Exported flow parameters
RUN-1001 : Exported libs
RUN-1001 : Exported entities
RUN-1001 : Exported ports
RUN-1001 : Exported pins
RUN-1001 : Exported instances
RUN-1001 : Exported nets
RUN-1001 : Exported buses
RUN-1001 : Exported models
RUN-1001 : Exported congestions
RUN-1001 : Exported violations
RUN-1001 : Exported timing constraints
RUN-1001 : Exported IO constraints
RUN-1001 : Exported Inst constraints
RUN-1002 : start command "export_bid display_inst.bid"
RUN-1002 : start command "bitgen -bit display.bit -unused_io_status pulldown"
BIT-1003 : Start to generate bitstream. 
BIT-1002 : Bitgen processed 165 unused pads, reserve input tri_state with pulldown
BIT-1002 : Init instances with 16 threads.
BIT-1002 : Init instances completely, inst num: 232
BIT-1002 : Init pips with 16 threads.
BIT-1002 : Init pips completely, net num: 144, pip num: 608
BIT-1003 : Multithreading accelaration with 16 threads.
BIT-1003 : Generate bitstream completely, there are 374 valid insts, and 2549 bits set as '1'.
BIT-1004 : PLL setting string = 0000
BIT-1004 : Generate bits file display.bit.
RUN-1003 : finish command "bitgen -bit display.bit -unused_io_status pulldown" in  1.028982s wall, 3.015625s user + 0.000000s system = 3.015625s CPU (293.1%)

RUN-1004 : used memory is 414 MB, reserved memory is 390 MB, peak memory is 609 MB
RUN-1002 : start command "backup_run_log run.log ../.logs/phy_1/td_20240827_093806.log"
