============================================================
   Tang Dynasty, V5.6.59063
   Copyright (c) 2012-2022 Anlogic
   Executable = E:/Anlogic/TD5.6.59063/bin/td.exe
   Built at =   12:45:13 Sep  6 2022
   Run by =     19234
   Run Date =   Mon Aug 26 22:48:27 2024

   Run on =     ERIKPSW
============================================================
RUN-1002 : start command "open_project display.prj"
RUN-1001 : Print Global Property
RUN-1001 : ---------------------------------------------------------------
RUN-1001 :        Parameters        |  Settings  |  Default Values  |  Note  
RUN-1001 : ---------------------------------------------------------------
RUN-1001 :          message         |  standard  |     standard     |        
RUN-1001 :   mixed_pack_place_flow  |     on     |        on        |        
RUN-1001 :        qor_monitor       |    off     |       off        |        
RUN-1001 :        syn_ip_flow       |    off     |       off        |        
RUN-1001 :          thread          |    auto    |       auto       |        
RUN-1001 : ---------------------------------------------------------------
RUN-1001 : Print Design Property
RUN-1001 : --------------------------------------------------------------
RUN-1001 :        Parameters       |  Settings  |  Default Values  |  Note  
RUN-1001 : --------------------------------------------------------------
RUN-1001 :   default_reg_initial   |    auto    |       auto       |        
RUN-1001 :        infer_add        |     on     |        on        |        
RUN-1001 :        infer_fsm        |    off     |       off        |        
RUN-1001 :        infer_mult       |     on     |        on        |        
RUN-1001 :        infer_ram        |     on     |        on        |        
RUN-1001 :        infer_reg        |     on     |        on        |        
RUN-1001 :   infer_reg_init_value  |     on     |        on        |        
RUN-1001 :        infer_rom        |     on     |        on        |        
RUN-1001 :      infer_shifter      |     on     |        on        |        
RUN-1001 : --------------------------------------------------------------
RUN-1001 : Print Rtl Property
RUN-1001 : --------------------------------------------------------------
RUN-1001 :        Parameters       |  Settings  |  Default Values  |  Note  
RUN-1001 : --------------------------------------------------------------
RUN-1001 :       compress_add      |   ripple   |      ripple      |        
RUN-1001 :        elf_sload        |    off     |       off        |        
RUN-1001 :       fix_undriven      |     0      |        0         |        
RUN-1001 :         flatten         |    off     |       off        |        
RUN-1001 :       gate_sharing      |     on     |        on        |        
RUN-1001 :    hdl_warning_level    |   normal   |      normal      |        
RUN-1001 :   impl_internal_tribuf  |     on     |        on        |        
RUN-1001 :      impl_set_reset     |     on     |        on        |        
RUN-1001 :        infer_gsr        |    off     |       off        |        
RUN-1001 :      keep_hierarchy     |    auto    |       auto       |        
RUN-1001 :        max_fanout       |    9999    |       9999       |        
RUN-1001 :      max_oh2bin_len     |     10     |        10        |        
RUN-1001 :       merge_equal       |     on     |        on        |        
RUN-1001 :       merge_equiv       |     on     |        on        |        
RUN-1001 :        merge_mux        |    off     |       off        |        
RUN-1001 :     min_control_set     |     8      |        8         |        
RUN-1001 :      min_ripple_len     |    auto    |       auto       |        
RUN-1001 :       oh2bin_ratio      |    0.08    |       0.08       |        
RUN-1001 :     opt_adder_fanout    |     on     |        on        |        
RUN-1001 :        opt_arith        |     on     |        on        |        
RUN-1001 :       opt_big_gate      |    off     |       off        |        
RUN-1001 :        opt_const        |     on     |        on        |        
RUN-1001 :      opt_const_mult     |     on     |        on        |        
RUN-1001 :       opt_lessthan      |     on     |        on        |        
RUN-1001 :         opt_mux         |    off     |       off        |        
RUN-1001 :         opt_ram         |    high    |       high       |        
RUN-1001 :      rtl_sim_model      |    off     |       off        |        
RUN-1001 :         seq_syn         |     on     |        on        |        
RUN-1001 : --------------------------------------------------------------
HDL-1007 : analyze verilog file ../../keyboard_instance.v
HDL-1007 : analyze verilog file ../../keyboard_scan.v
HDL-1007 : analyze verilog file ../../onehot2binary.v
HDL-1007 : analyze verilog file ../../key_filter.v
HDL-1007 : analyze verilog file ../../Digitron_TimeDisplay_module.v
RUN-1001 : Project manager successfully analyzed 5 source files.
RUN-1002 : start command "import_device eagle_s20.db -package EG4S20BG256"
ARC-1001 : Device Initialization.
ARC-1001 : ------------------------------------------------------------------
ARC-1001 :            OPTION            |          IO          |   SETTING   
ARC-1001 : ------------------------------------------------------------------
ARC-1001 :   cso_b/cclk/mosi/miso/dout  |  T3/R11/T10/P10/S11  |    gpio    
ARC-1001 :             done             |         P13          |    gpio    
ARC-1001 :           program_b          |          T2          |  dedicate  
ARC-1001 :        tdi/tms/tck/tdo       |   C12/A15/C14/E14    |  dedicate  
ARC-1001 : ------------------------------------------------------------------
ARC-1004 : Device setting, marked 5 dedicate IOs in total.
RUN-1002 : start command "import_db ../syn_1/display_gate.db"
RUN-1001 : Importing database generated by Tang Dynasty, V5.6.59063.
RUN-1001 : Database version number 46140.
RUN-1001 : Import flow parameters
RUN-1001 : Import timing constraints
RUN-1001 : Import IO constraints
RUN-1001 : Import Inst constraints
RUN-1001 : Import design success TD_VERSION=5.6.59063 , DB_VERSION=46140
RUN-1002 : start command "read_sdc"
USR-1002 : read_sdc file_name -help -h -eco
USR-1009 : NO module with IP_SDC ...
RUN-1104 : Import SDC file  finished, there are 0 nets kept by constraints.
RUN-1002 : start command "place"
RUN-1001 : Open license file E:/Anlogic/TD5.6.59063/license/Anlogic.lic
RUN-1001 : Print Global Property
RUN-1001 : ---------------------------------------------------------------
RUN-1001 :        Parameters        |  Settings  |  Default Values  |  Note  
RUN-1001 : ---------------------------------------------------------------
RUN-1001 :          message         |  standard  |     standard     |        
RUN-1001 :   mixed_pack_place_flow  |     on     |        on        |        
RUN-1001 :        qor_monitor       |    off     |       off        |        
RUN-1001 :        syn_ip_flow       |    off     |       off        |        
RUN-1001 :          thread          |    auto    |       auto       |        
RUN-1001 : ---------------------------------------------------------------
RUN-1001 : Print Place Property
RUN-1001 : --------------------------------------------------------------
RUN-1001 :        Parameters       |  Settings  |  Default Values  |  Note  
RUN-1001 : --------------------------------------------------------------
RUN-1001 :      detailed_place     |     on     |        on        |        
RUN-1001 :          effort         |   medium   |      medium      |        
RUN-1001 :         fix_hold        |    off     |       off        |        
RUN-1001 :       legalization      |    ori     |       ori        |        
RUN-1001 :      new_spreading      |     on     |        on        |        
RUN-1001 :        opt_timing       |   medium   |      medium      |        
RUN-1001 :   post_clock_route_opt  |    off     |       off        |        
RUN-1001 :       pr_strategy       |     1      |        1         |        
RUN-1001 :        relaxation       |    1.00    |       1.00       |        
RUN-1001 :         retiming        |    off     |       off        |        
RUN-1001 : --------------------------------------------------------------
PHY-3001 : Placer runs in 16 thread(s).
RUN-1002 : start command "legalize_phy_inst"
SYN-1011 : Flatten model keyboard_instance
RUN-1002 : start command "phys_opt -simplify_lut"
SYN-4024 : Net "clk_50M_dup_1" drives clk pins.
SYN-4024 : Net "U1/scan_clk" drives clk pins.
SYN-4025 : Tag rtl::Net U1/scan_clk as clock net
SYN-4025 : Tag rtl::Net clk_50M_dup_1 as clock net
SYN-4026 : Tagged 2 rtl::Net as clock net
SYN-4015 : Create BUFG instance for clk Net U1/scan_clk to drive 20 clock pins.
PHY-1001 : Populate physical database on model keyboard_instance.
RUN-1001 : There are total 291 instances
RUN-0007 : 119 luts, 120 seqs, 10 mslices, 15 lslices, 23 pads, 0 brams, 0 dsps
RUN-1001 : There are total 361 nets
RUN-1001 : 212 nets have 2 pins
RUN-1001 : 127 nets have [3 - 5] pins
RUN-1001 : 15 nets have [6 - 10] pins
RUN-1001 : 2 nets have [11 - 20] pins
RUN-1001 : 3 nets have [21 - 99] pins
RUN-1001 : 2 nets have 100+ pins
RUN-1001 : Report Control nets information:
RUN-1001 : DFF Distribution
RUN-1001 : ----------------------------------
RUN-1001 :   CE   |  SSR  |  ASR  |  DFF Count  
RUN-1001 : ----------------------------------
RUN-1001 :   No   |  No   |  No   |     68      
RUN-1001 :   No   |  No   |  Yes  |     20      
RUN-1001 :   No   |  Yes  |  No   |      0      
RUN-1001 :   Yes  |  No   |  No   |      0      
RUN-1001 :   Yes  |  No   |  Yes  |     32      
RUN-1001 :   Yes  |  Yes  |  No   |      0      
RUN-1001 : ----------------------------------
RUN-0007 : Control Group Statistic
RUN-0007 : ---------------------------
RUN-0007 :   #CLK  |  #CE  |  #SSR/ASR  
RUN-0007 : ---------------------------
RUN-0007 :    2    |   2   |     2      
RUN-0007 : ---------------------------
RUN-0007 : Control Set = 4
PHY-3001 : Initial placement ...
PHY-3001 : design contains 289 instances, 119 luts, 120 seqs, 25 slices, 3 macros(25 instances: 10 mslices 15 lslices)
PHY-0007 : Cell area utilization is 0%
PHY-3001 : Start timing update ...
RUN-1002 : start command "start_timer -report"
TMR-2505 : Start building timing graph for model keyboard_instance.
TMR-2506 : Build timing graph completely. Port num: 7, tpin num: 1235, tnet num: 359, tinst num: 289, tnode num: 1584, tedge num: 1962.
TMR-2508 : Levelizing timing graph completed, there are 21 levels in total.
TMR-2501 : Timing graph initialized successfully.
TMR-2503 : Start to update net delay, extr mode = 2.
TMR-2504 : Update delay of 359 nets completely.
TMR-2502 : Annotate delay completely, extr mode = 2.
TMR-3001 : Initiate 0 clocks from SDC.
TMR-3004 : Map sdc constraints, there are 0 constraints in total.
TMR-3003 : Constraints initiated successfully.
TMR-3501 : Forward propagation: start to calculate arrival time...
TMR-3502 : Backward propagation: start to calculate required time...
TMR-3503 : Timing propagation completes.
PHY-3001 : End timing update;  0.132774s wall, 0.031250s user + 0.000000s system = 0.031250s CPU (23.5%)

PHY-3001 : Global placement ...
PHY-3001 : Initial: Len = 80024.4
PHY-3001 : Clustering ...
PHY-3001 : Level 0 #clusters 289.
PHY-3001 : End clustering;  0.000014s wall, 0.000000s user + 0.000000s system = 0.000000s CPU (n/a%)

PHY-3001 : Run with size of 4
PHY-3001 : Cell area utilization is 0%
PHY-3001 : :::0::: Try harder cell spreading with beta_ = 0
PHY-3002 : Step(1): len = 49419.5, overlap = 0
PHY-3002 : Step(2): len = 31277.1, overlap = 0
PHY-3002 : Step(3): len = 23301.1, overlap = 0
PHY-3002 : Step(4): len = 18493.4, overlap = 0
PHY-3002 : Step(5): len = 16556.9, overlap = 0
PHY-3002 : Step(6): len = 16476.9, overlap = 0
PHY-3002 : Step(7): len = 15260.1, overlap = 0
PHY-3002 : Step(8): len = 14018.7, overlap = 0
PHY-3002 : Step(9): len = 14412.8, overlap = 0
PHY-3002 : Step(10): len = 13888.5, overlap = 0
PHY-3002 : Step(11): len = 12668.7, overlap = 0
PHY-3002 : Step(12): len = 12320.3, overlap = 0
PHY-3002 : Step(13): len = 11981.8, overlap = 0
PHY-3002 : Step(14): len = 10907.4, overlap = 0
PHY-3002 : Step(15): len = 10405.7, overlap = 0
PHY-3002 : Step(16): len = 10191.2, overlap = 0
PHY-3002 : Step(17): len = 9561.6, overlap = 0
PHY-3002 : Step(18): len = 8972.8, overlap = 0
PHY-3002 : Step(19): len = 9104.3, overlap = 0
PHY-3002 : Step(20): len = 8427.5, overlap = 0
PHY-3002 : Step(21): len = 7883.6, overlap = 0
PHY-3002 : Step(22): len = 7681.1, overlap = 0
PHY-3002 : Step(23): len = 7996.4, overlap = 0
PHY-3002 : Step(24): len = 7802.4, overlap = 0
PHY-3002 : Step(25): len = 7645.4, overlap = 0
PHY-3002 : Step(26): len = 7853.8, overlap = 0
PHY-3002 : Step(27): len = 7860, overlap = 0
PHY-3002 : Step(28): len = 7446.7, overlap = 0
PHY-3002 : Step(29): len = 7169.3, overlap = 0
PHY-3002 : Step(30): len = 7297.8, overlap = 0
PHY-3002 : Step(31): len = 7001, overlap = 0
PHY-3002 : Step(32): len = 7137.2, overlap = 0
PHY-3002 : Step(33): len = 7234.3, overlap = 0
PHY-3002 : Step(34): len = 7209.6, overlap = 0
PHY-3002 : Step(35): len = 6753.9, overlap = 0
PHY-3002 : Step(36): len = 6741.5, overlap = 0
PHY-3002 : Step(37): len = 6555, overlap = 0
PHY-3002 : Step(38): len = 6441.7, overlap = 0
PHY-3002 : Step(39): len = 5706.7, overlap = 0
PHY-3002 : Step(40): len = 5863.7, overlap = 0
PHY-3002 : Step(41): len = 5440.4, overlap = 0
PHY-3002 : Step(42): len = 5006.4, overlap = 0
PHY-3002 : Step(43): len = 4958.5, overlap = 0
PHY-3002 : Step(44): len = 4825.3, overlap = 0
PHY-3002 : Step(45): len = 4357.7, overlap = 0
PHY-3002 : Step(46): len = 4526.1, overlap = 0
PHY-3002 : Step(47): len = 4056.3, overlap = 0
PHY-3002 : Step(48): len = 3765.2, overlap = 0
PHY-3002 : Step(49): len = 3792.8, overlap = 0
PHY-3002 : Step(50): len = 3259.6, overlap = 0
PHY-3002 : Step(51): len = 3259.6, overlap = 0
PHY-3002 : Step(52): len = 3107.8, overlap = 0
PHY-3001 : Legalization ...
PHY-3001 : End legalization;  0.004123s wall, 0.000000s user + 0.000000s system = 0.000000s CPU (n/a%)

PHY-3001 : Run with size of 4
PHY-3001 : Cell area utilization is 1%
PHY-3001 : Update timing in Manhattan mode ...
TMR-2503 : Start to update net delay, extr mode = 3.
TMR-2504 : Update delay of 359 nets completely.
TMR-2502 : Annotate delay completely, extr mode = 3.
TMR-3501 : Forward propagation: start to calculate arrival time...
TMR-3502 : Backward propagation: start to calculate required time...
TMR-3503 : Timing propagation completes.
PHY-3001 : End timing update;  0.003437s wall, 0.000000s user + 0.000000s system = 0.000000s CPU (n/a%)

PHY-3001 : :::0::: Try harder cell spreading with beta_ = 0
PHY-3002 : Step(53): len = 3088.1, overlap = 0
PHY-3002 : Step(54): len = 3088.1, overlap = 0
PHY-3002 : Step(55): len = 3053.3, overlap = 0
PHY-3002 : Step(56): len = 3053.3, overlap = 0
PHY-3002 : Step(57): len = 3028.3, overlap = 0
PHY-3002 : Step(58): len = 3028.3, overlap = 0
PHY-3002 : Step(59): len = 3027.6, overlap = 0
PHY-3002 : Step(60): len = 3027.6, overlap = 0
PHY-3002 : Step(61): len = 3021, overlap = 0
PHY-3002 : Step(62): len = 3021, overlap = 0
PHY-3002 : Step(63): len = 2996.5, overlap = 0
PHY-3002 : Step(64): len = 2996.5, overlap = 0
PHY-3002 : Step(65): len = 3010.8, overlap = 0
PHY-3002 : Step(66): len = 3010.8, overlap = 0
PHY-3002 : Step(67): len = 2990.6, overlap = 0
PHY-3002 : Step(68): len = 2990.6, overlap = 0
PHY-3002 : Step(69): len = 3003.7, overlap = 0
PHY-3002 : Step(70): len = 3003.7, overlap = 0
PHY-3002 : Step(71): len = 2941.8, overlap = 0
PHY-3002 : Step(72): len = 2978.7, overlap = 0
PHY-3002 : Step(73): len = 2978.7, overlap = 0
PHY-3001 : Run with size of 2
PHY-3001 : Cell area utilization is 1%
PHY-3001 : Update timing in Manhattan mode ...
TMR-2503 : Start to update net delay, extr mode = 3.
TMR-2504 : Update delay of 359 nets completely.
TMR-2502 : Annotate delay completely, extr mode = 3.
TMR-3501 : Forward propagation: start to calculate arrival time...
TMR-3502 : Backward propagation: start to calculate required time...
TMR-3503 : Timing propagation completes.
PHY-3001 : End timing update;  0.003881s wall, 0.000000s user + 0.000000s system = 0.000000s CPU (n/a%)

PHY-3001 : :::0::: Try harder cell spreading with beta_ = 0
PHY-3002 : Step(74): len = 2967.7, overlap = 0.8125
PHY-3002 : Step(75): len = 2967.7, overlap = 0.8125
PHY-3002 : Step(76): len = 2964.7, overlap = 0.8125
PHY-3002 : Step(77): len = 2964.7, overlap = 0.8125
PHY-3002 : Step(78): len = 2961, overlap = 0.8125
PHY-3002 : Step(79): len = 2961, overlap = 0.8125
PHY-3002 : Step(80): len = 2970.5, overlap = 0.8125
PHY-3002 : Step(81): len = 2970.5, overlap = 0.8125
PHY-3002 : Step(82): len = 2914.6, overlap = 0.8125
PHY-3002 : Step(83): len = 3002.1, overlap = 0.8125
PHY-3002 : Step(84): len = 3002.1, overlap = 0.8125
OPT-1001 : Start physical optimization ...
RUN-1002 : start command "start_timer -report"
TMR-2505 : Start building timing graph for model keyboard_instance.
TMR-2506 : Build timing graph completely. Port num: 7, tpin num: 1235, tnet num: 359, tinst num: 289, tnode num: 1584, tedge num: 1962.
TMR-2508 : Levelizing timing graph completed, there are 21 levels in total.
TMR-2501 : Timing graph initialized successfully.
OPT-1001 : Total overflow 8.53 peak overflow 1.31
OPT-1001 : Start high-fanout net optimization ...
OPT-1001 : Update timing in global mode
PHY-1001 : Start incremental global routing, caller is place ...
RUN-1001 : Generating global routing grids ...
RUN-1001 : Building simple global routing graph ...
PHY-1001 : Generate routing nets ...
PHY-1001 : Reuse net number 0/361.
PHY-1001 : Global iterations in 16 thread ...
PHY-1002 : len = 3024, over cnt = 16(0%), over = 62, worst = 10
PHY-1001 : End global iterations;  0.021044s wall, 0.000000s user + 0.000000s system = 0.000000s CPU (n/a%)

PHY-1001 : Congestion index: top1 = 9.49, top5 = 2.43, top10 = 1.21, top15 = 0.81.
PHY-1001 : End incremental global routing;  0.077297s wall, 0.031250s user + 0.000000s system = 0.031250s CPU (40.4%)

TMR-2503 : Start to update net delay, extr mode = 5.
TMR-2504 : Update delay of 359 nets completely.
TMR-2502 : Annotate delay completely, extr mode = 5.
TMR-3001 : Initiate 0 clocks from SDC.
TMR-3004 : Map sdc constraints, there are 0 constraints in total.
TMR-3003 : Constraints initiated successfully.
TMR-3501 : Forward propagation: start to calculate arrival time...
TMR-3502 : Backward propagation: start to calculate required time...
TMR-3503 : Timing propagation completes.
OPT-1001 : End timing update;  0.004267s wall, 0.015625s user + 0.000000s system = 0.015625s CPU (366.2%)

OPT-1001 : 0 high-fanout net processed.
OPT-1001 : End high-fanout net optimization;  0.084406s wall, 0.046875s user + 0.000000s system = 0.046875s CPU (55.5%)

OPT-1001 : Current memory(MB): used = 139, reserve = 110, peak = 139.
OPT-1001 : Start global optimization ...
OPT-1001 : Start congestion update ...
RUN-1001 : Generating global routing grids ...
PHY-1001 : Generate routing nets ...
PHY-1001 : Reuse net number 147/361.
PHY-1001 : Global iterations in 16 thread ...
PHY-1002 : len = 3024, over cnt = 16(0%), over = 62, worst = 10
PHY-1002 : len = 3320, over cnt = 11(0%), over = 20, worst = 8
PHY-1002 : len = 3616, over cnt = 0(0%), over = 0, worst = 0
PHY-1001 : End global iterations;  0.010885s wall, 0.000000s user + 0.000000s system = 0.000000s CPU (n/a%)

PHY-1001 : Congestion index: top1 = 10.05, top5 = 2.73, top10 = 1.36, top15 = 0.91.
OPT-1001 : End congestion update;  0.062982s wall, 0.000000s user + 0.000000s system = 0.000000s CPU (n/a%)

OPT-1001 : Update timing in Manhattan mode
TMR-2503 : Start to update net delay, extr mode = 3.
TMR-2504 : Update delay of 359 nets completely.
TMR-2502 : Annotate delay completely, extr mode = 3.
TMR-3501 : Forward propagation: start to calculate arrival time...
TMR-3502 : Backward propagation: start to calculate required time...
TMR-3503 : Timing propagation completes.
OPT-1001 : End timing update;  0.003578s wall, 0.000000s user + 0.000000s system = 0.000000s CPU (n/a%)

OPT-0007 : Start: WNS 2147483647 TNS 0 NUM_FEPS 0
OPT-1001 : End global optimization;  0.066637s wall, 0.000000s user + 0.000000s system = 0.000000s CPU (n/a%)

OPT-1001 : Current memory(MB): used = 139, reserve = 110, peak = 139.
OPT-1001 : End physical optimization;  0.271394s wall, 0.093750s user + 0.000000s system = 0.093750s CPU (34.5%)

PHY-3001 : Start packing ...
SYN-4007 : Packing 0 MUX to BLE ...
SYN-4008 : Packed 0 MUX and 0 SEQ to BLE.
SYN-4007 : Packing 119 LUT to BLE ...
SYN-4008 : Packed 119 LUT and 46 SEQ to BLE.
SYN-4003 : Packing 74 remaining SEQ's ...
SYN-4005 : Packed 47 SEQ with LUT/SLICE
SYN-4006 : 30 single LUT's are left
SYN-4006 : 27 single SEQ's are left
SYN-4011 : Packing model "keyboard_instance" (AL_USER_NORMAL) with 146/198 primitive instances ...
PHY-3001 : End packing;  0.008249s wall, 0.000000s user + 0.000000s system = 0.000000s CPU (n/a%)

PHY-1001 : Populate physical database on model keyboard_instance.
RUN-1001 : There are total 130 instances
RUN-1001 : 51 mslices, 52 lslices, 23 pads, 0 brams, 0 dsps
RUN-1001 : There are total 315 nets
RUN-1001 : 165 nets have 2 pins
RUN-1001 : 125 nets have [3 - 5] pins
RUN-1001 : 18 nets have [6 - 10] pins
RUN-1001 : 3 nets have [11 - 20] pins
RUN-1001 : 3 nets have [21 - 99] pins
RUN-1001 : 1 nets have 100+ pins
PHY-3001 : design contains 128 instances, 103 slices, 3 macros(25 instances: 10 mslices 15 lslices)
PHY-3001 : Cell area utilization is 1%
PHY-3001 : After packing: Len = 3339.2, Over = 2.75
PHY-3001 : Run with size of 2
PHY-3001 : Cell area utilization is 1%
PHY-3001 : Update timing in Manhattan mode ...
RUN-1002 : start command "start_timer -report"
TMR-2505 : Start building timing graph for model keyboard_instance.
TMR-2506 : Build timing graph completely. Port num: 7, tpin num: 1058, tnet num: 313, tinst num: 128, tnode num: 1314, tedge num: 1755.
TMR-2508 : Levelizing timing graph completed, there are 21 levels in total.
TMR-2501 : Timing graph initialized successfully.
TMR-2503 : Start to update net delay, extr mode = 3.
TMR-2504 : Update delay of 313 nets completely.
TMR-2502 : Annotate delay completely, extr mode = 3.
TMR-3001 : Initiate 0 clocks from SDC.
TMR-3004 : Map sdc constraints, there are 0 constraints in total.
TMR-3003 : Constraints initiated successfully.
TMR-3501 : Forward propagation: start to calculate arrival time...
TMR-3502 : Backward propagation: start to calculate required time...
TMR-3503 : Timing propagation completes.
PHY-3001 : End timing update;  0.132136s wall, 0.093750s user + 0.000000s system = 0.093750s CPU (70.9%)

PHY-3001 : :::0::: Try harder cell spreading with beta_ = 0
PHY-3002 : Step(85): len = 3051.1, overlap = 3.25
PHY-3002 : Step(86): len = 3060.5, overlap = 3.5
PHY-3002 : Step(87): len = 3053.9, overlap = 4
PHY-3002 : Step(88): len = 3029.8, overlap = 4.5
PHY-3002 : Step(89): len = 2997.3, overlap = 4.5
PHY-3002 : Step(90): len = 3012.5, overlap = 5
PHY-3002 : Step(91): len = 2919.7, overlap = 5.25
PHY-3002 : Step(92): len = 2901.1, overlap = 4.75
PHY-3002 : Step(93): len = 2903.7, overlap = 4.75
PHY-3002 : Step(94): len = 2903.2, overlap = 5
PHY-3002 : Step(95): len = 2827.2, overlap = 3.75
PHY-3002 : Step(96): len = 2927.8, overlap = 3.5
PHY-3002 : Step(97): len = 2889.4, overlap = 2
PHY-3002 : Step(98): len = 2935.6, overlap = 3.25
PHY-3002 : Step(99): len = 2964.8, overlap = 3.75
PHY-3002 : Step(100): len = 2700.1, overlap = 5.75
PHY-3002 : Step(101): len = 2719.9, overlap = 6
PHY-3002 : Step(102): len = 2728.1, overlap = 6
PHY-3001 : :::1::: Try harder cell spreading with beta_ = 3.50128e-05
PHY-3002 : Step(103): len = 2731.2, overlap = 5.25
PHY-3002 : Step(104): len = 2731.2, overlap = 5.25
PHY-3002 : Step(105): len = 2670.1, overlap = 5.25
PHY-3001 : Legalization ...
PHY-3001 : End legalization;  0.022460s wall, 0.000000s user + 0.000000s system = 0.000000s CPU (n/a%)

PHY-3001 : Trial Legalized: Len = 5452.7
PHY-3001 : Run with size of 2
PHY-3001 : Cell area utilization is 1%
PHY-3001 : Update timing in Manhattan mode ...
TMR-2503 : Start to update net delay, extr mode = 3.
TMR-2504 : Update delay of 313 nets completely.
TMR-2502 : Annotate delay completely, extr mode = 3.
TMR-3501 : Forward propagation: start to calculate arrival time...
TMR-3502 : Backward propagation: start to calculate required time...
TMR-3503 : Timing propagation completes.
PHY-3001 : End timing update;  0.003421s wall, 0.000000s user + 0.000000s system = 0.000000s CPU (n/a%)

PHY-3001 : :::0::: Try harder cell spreading with beta_ = 0.00221291
PHY-3002 : Step(106): len = 4142.5, overlap = 1.5
PHY-3002 : Step(107): len = 3384.9, overlap = 2.75
PHY-3002 : Step(108): len = 3108.7, overlap = 3.75
PHY-3002 : Step(109): len = 2832.4, overlap = 3.75
PHY-3002 : Step(110): len = 2850.2, overlap = 4.25
PHY-3002 : Step(111): len = 2868.1, overlap = 4
PHY-3001 : Legalization ...
PHY-3001 : End legalization;  0.004942s wall, 0.000000s user + 0.000000s system = 0.000000s CPU (n/a%)

PHY-3001 : Legalized: Len = 4437.8, Over = 0
PHY-3001 : Spreading special nets. 3 overflows in 2952 tiles.
PHY-3001 : End spreading;  0.002608s wall, 0.000000s user + 0.000000s system = 0.000000s CPU (n/a%)

PHY-3001 : 5 instances has been re-located, deltaX = 5, deltaY = 1, maxDist = 2.
PHY-3001 : Final: Len = 4537.8, Over = 0
OPT-1001 : Start physical optimization ...
RUN-1002 : start command "start_timer -report"
TMR-2505 : Start building timing graph for model keyboard_instance.
TMR-2506 : Build timing graph completely. Port num: 7, tpin num: 1058, tnet num: 313, tinst num: 128, tnode num: 1314, tedge num: 1755.
TMR-2508 : Levelizing timing graph completed, there are 21 levels in total.
TMR-2501 : Timing graph initialized successfully.
OPT-1001 : Total overflow 0.00 peak overflow 0.00
OPT-1001 : Start high-fanout net optimization ...
OPT-1001 : Update timing in global mode
PHY-1001 : Start incremental global routing, caller is place ...
RUN-1001 : Generating global routing grids ...
PHY-1001 : Generate routing nets ...
PHY-1001 : Reuse net number 19/315.
PHY-1001 : Global iterations in 16 thread ...
PHY-1002 : len = 4848, over cnt = 20(0%), over = 39, worst = 4
PHY-1002 : len = 5208, over cnt = 6(0%), over = 6, worst = 1
PHY-1002 : len = 5288, over cnt = 0(0%), over = 0, worst = 0
PHY-1001 : End global iterations;  0.026152s wall, 0.000000s user + 0.000000s system = 0.000000s CPU (n/a%)

PHY-1001 : Congestion index: top1 = 16.20, top5 = 4.24, top10 = 2.11, top15 = 1.41.
PHY-1001 : End incremental global routing;  0.061477s wall, 0.000000s user + 0.000000s system = 0.000000s CPU (n/a%)

TMR-2503 : Start to update net delay, extr mode = 5.
TMR-2504 : Update delay of 313 nets completely.
TMR-2502 : Annotate delay completely, extr mode = 5.
TMR-3001 : Initiate 0 clocks from SDC.
TMR-3004 : Map sdc constraints, there are 0 constraints in total.
TMR-3003 : Constraints initiated successfully.
TMR-3501 : Forward propagation: start to calculate arrival time...
TMR-3502 : Backward propagation: start to calculate required time...
TMR-3503 : Timing propagation completes.
OPT-1001 : End timing update;  0.004543s wall, 0.000000s user + 0.000000s system = 0.000000s CPU (n/a%)

OPT-1001 : 0 high-fanout net processed.
OPT-1001 : End high-fanout net optimization;  0.069055s wall, 0.000000s user + 0.000000s system = 0.000000s CPU (n/a%)

OPT-1001 : Current memory(MB): used = 140, reserve = 112, peak = 142.
OPT-1001 : Start path based optimization ...
OPT-1001 : Start congestion update ...
RUN-1001 : Generating global routing grids ...
PHY-1001 : Generate routing nets ...
PHY-1001 : Reuse net number 225/315.
PHY-1001 : Global iterations in 16 thread ...
PHY-1002 : len = 5288, over cnt = 0(0%), over = 0, worst = 0
PHY-1001 : End global iterations;  0.000978s wall, 0.000000s user + 0.000000s system = 0.000000s CPU (n/a%)

PHY-1001 : Congestion index: top1 = 16.20, top5 = 4.24, top10 = 2.11, top15 = 1.41.
OPT-1001 : End congestion update;  0.034703s wall, 0.000000s user + 0.000000s system = 0.000000s CPU (n/a%)

OPT-1001 : Update timing in Manhattan mode
TMR-2503 : Start to update net delay, extr mode = 3.
TMR-2504 : Update delay of 313 nets completely.
TMR-2502 : Annotate delay completely, extr mode = 3.
TMR-3501 : Forward propagation: start to calculate arrival time...
TMR-3502 : Backward propagation: start to calculate required time...
TMR-3503 : Timing propagation completes.
OPT-1001 : End timing update;  0.003439s wall, 0.000000s user + 0.000000s system = 0.000000s CPU (n/a%)

OPT-0007 : Start: WNS 2147483647 TNS 0 NUM_FEPS 0
OPT-1001 : End path based optimization;  0.038224s wall, 0.000000s user + 0.000000s system = 0.000000s CPU (n/a%)

OPT-1001 : Current memory(MB): used = 140, reserve = 112, peak = 142.
OPT-1001 : Update timing in Manhattan mode
TMR-2503 : Start to update net delay, extr mode = 3.
TMR-2504 : Update delay of 313 nets completely.
TMR-2502 : Annotate delay completely, extr mode = 3.
TMR-3501 : Forward propagation: start to calculate arrival time...
TMR-3502 : Backward propagation: start to calculate required time...
TMR-3503 : Timing propagation completes.
OPT-1001 : End timing update;  0.003485s wall, 0.000000s user + 0.000000s system = 0.000000s CPU (n/a%)

OPT-1001 : Start pin optimization...
OPT-1001 : skip pin optimization...
OPT-1001 : Update timing in global mode
PHY-1001 : Start incremental global routing, caller is place ...
RUN-1001 : Generating global routing grids ...
PHY-1001 : Generate routing nets ...
PHY-1001 : Reuse net number 225/315.
PHY-1001 : Global iterations in 16 thread ...
PHY-1002 : len = 5288, over cnt = 0(0%), over = 0, worst = 0
PHY-1001 : End global iterations;  0.001255s wall, 0.000000s user + 0.000000s system = 0.000000s CPU (n/a%)

PHY-1001 : Congestion index: top1 = 16.20, top5 = 4.24, top10 = 2.11, top15 = 1.41.
PHY-1001 : End incremental global routing;  0.044904s wall, 0.031250s user + 0.000000s system = 0.031250s CPU (69.6%)

TMR-2503 : Start to update net delay, extr mode = 5.
TMR-2504 : Update delay of 313 nets completely.
TMR-2502 : Annotate delay completely, extr mode = 5.
TMR-3501 : Forward propagation: start to calculate arrival time...
TMR-3502 : Backward propagation: start to calculate required time...
TMR-3503 : Timing propagation completes.
OPT-1001 : End timing update;  0.004716s wall, 0.000000s user + 0.000000s system = 0.000000s CPU (n/a%)

RUN-1001 : Generating global routing grids ...
PHY-1001 : Generate routing nets ...
PHY-1001 : Reuse net number 225/315.
PHY-1001 : Global iterations in 16 thread ...
PHY-1002 : len = 5288, over cnt = 0(0%), over = 0, worst = 0
PHY-1001 : End global iterations;  0.001028s wall, 0.000000s user + 0.000000s system = 0.000000s CPU (n/a%)

PHY-1001 : Congestion index: top1 = 16.20, top5 = 4.24, top10 = 2.11, top15 = 1.41.
OPT-1001 : Update timing in Manhattan mode
TMR-2503 : Start to update net delay, extr mode = 3.
TMR-2504 : Update delay of 313 nets completely.
TMR-2502 : Annotate delay completely, extr mode = 3.
TMR-3501 : Forward propagation: start to calculate arrival time...
TMR-3502 : Backward propagation: start to calculate required time...
TMR-3503 : Timing propagation completes.
OPT-1001 : End timing update;  0.003193s wall, 0.000000s user + 0.000000s system = 0.000000s CPU (n/a%)

RUN-1001 : QoR Analysis:
OPT-0007 :   WNS 2147483647 TNS 0 NUM_FEPS 0
RUN-1001 :   No local congestion issue, and most congested 1% tile average routing util is 15.758621
RUN-1001 :   Top critical paths
OPT-1001 : End physical optimization;  0.326668s wall, 0.031250s user + 0.000000s system = 0.031250s CPU (9.6%)

RUN-1003 : finish command "place" in  2.973008s wall, 0.562500s user + 0.500000s system = 1.062500s CPU (35.7%)

RUN-1004 : used memory is 125 MB, reserved memory is 96 MB, peak memory is 142 MB
RUN-1002 : start command "export_db display_place.db"
RUN-1001 : Exported /
RUN-1001 : Exported flow parameters
RUN-1001 : Exported libs
RUN-1001 : Exported entities
RUN-1001 : Exported ports
RUN-1001 : Exported pins
RUN-1001 : Exported instances
RUN-1001 : Exported nets
RUN-1001 : Exported buses
RUN-1001 : Exported models
RUN-1001 : Exported congestions
RUN-1001 : Exported violations
RUN-1001 : Exported timing constraints
RUN-1001 : Exported IO constraints
RUN-1001 : Exported Inst constraints
RUN-1002 : start command "route"
RUN-1001 : Open license file E:/Anlogic/TD5.6.59063/license/Anlogic.lic
RUN-1001 : Print Global Property
RUN-1001 : ---------------------------------------------------------------
RUN-1001 :        Parameters        |  Settings  |  Default Values  |  Note  
RUN-1001 : ---------------------------------------------------------------
RUN-1001 :          message         |  standard  |     standard     |        
RUN-1001 :   mixed_pack_place_flow  |     on     |        on        |        
RUN-1001 :        qor_monitor       |    off     |       off        |        
RUN-1001 :        syn_ip_flow       |    off     |       off        |        
RUN-1001 :          thread          |    auto    |       auto       |        
RUN-1001 : ---------------------------------------------------------------
RUN-1001 : Print Route Property
RUN-1001 : -------------------------------------------------------
RUN-1001 :    Parameters    |  Settings  |  Default Values  |  Note  
RUN-1001 : -------------------------------------------------------
RUN-1001 :      effort      |   medium   |      medium      |        
RUN-1001 :     fix_hold     |    off     |       off        |        
RUN-1001 :    opt_timing    |   medium   |      medium      |        
RUN-1001 :   phy_sim_model  |    off     |       off        |        
RUN-1001 :     priority     |   timing   |      timing      |        
RUN-1001 :     swap_pin     |     on     |        on        |        
RUN-1001 : -------------------------------------------------------
PHY-1001 : Route runs in 16 thread(s)
RUN-1001 : There are total 130 instances
RUN-1001 : 51 mslices, 52 lslices, 23 pads, 0 brams, 0 dsps
RUN-1001 : There are total 315 nets
RUN-1001 : 165 nets have 2 pins
RUN-1001 : 125 nets have [3 - 5] pins
RUN-1001 : 18 nets have [6 - 10] pins
RUN-1001 : 3 nets have [11 - 20] pins
RUN-1001 : 3 nets have [21 - 99] pins
RUN-1001 : 1 nets have 100+ pins
RUN-1002 : start command "start_timer -report"
TMR-2505 : Start building timing graph for model keyboard_instance.
TMR-2506 : Build timing graph completely. Port num: 7, tpin num: 1058, tnet num: 313, tinst num: 128, tnode num: 1314, tedge num: 1755.
TMR-2508 : Levelizing timing graph completed, there are 21 levels in total.
TMR-2501 : Timing graph initialized successfully.
PHY-1001 : 51 mslices, 52 lslices, 23 pads, 0 brams, 0 dsps
TMR-2503 : Start to update net delay, extr mode = 3.
TMR-2504 : Update delay of 313 nets completely.
TMR-2502 : Annotate delay completely, extr mode = 3.
TMR-3001 : Initiate 0 clocks from SDC.
TMR-3004 : Map sdc constraints, there are 0 constraints in total.
TMR-3003 : Constraints initiated successfully.
TMR-3501 : Forward propagation: start to calculate arrival time...
TMR-3502 : Backward propagation: start to calculate required time...
TMR-3503 : Timing propagation completes.
PHY-1001 : Start global routing, caller is route ...
RUN-1001 : Generating global routing grids ...
PHY-1001 : Generate routing nets ...
PHY-1001 : Global iterations in 16 thread ...
PHY-1002 : len = 4744, over cnt = 20(0%), over = 39, worst = 4
PHY-1002 : len = 5088, over cnt = 7(0%), over = 7, worst = 1
PHY-1002 : len = 5184, over cnt = 0(0%), over = 0, worst = 0
PHY-1001 : End global iterations;  0.026475s wall, 0.000000s user + 0.000000s system = 0.000000s CPU (n/a%)

PHY-1001 : Congestion index: top1 = 16.27, top5 = 4.19, top10 = 2.09, top15 = 1.39.
PHY-1001 : End global routing;  0.061226s wall, 0.015625s user + 0.000000s system = 0.015625s CPU (25.5%)

PHY-1001 : Start detail routing ...
PHY-1001 : Current memory(MB): used = 167, reserve = 139, peak = 176.
PHY-1001 : Detailed router is running in normal mode.
PHY-1001 : Generate detailed routing grids ...
PHY-1001 : Generate nets ...
PHY-1001 : net clk_50M_dup_1 will be routed on clock mesh
PHY-1001 : clock net U1/scan_clk_syn_4 will be merged with clock U1/scan_clk
PHY-1001 : Current memory(MB): used = 428, reserve = 404, peak = 428.
PHY-1001 : End build detailed router design. 3.804846s wall, 0.750000s user + 0.000000s system = 0.750000s CPU (19.7%)

PHY-1001 : Detail Route ...
PHY-1001 : ===== Detail Route Phase 1 =====
PHY-1001 : Clock net routing.....
PHY-1001 : Routed 0% nets.
PHY-1022 : len = 5184, over cnt = 0(0%), over = 0, worst = 0, crit = 0
PHY-1001 : End initial clock net routed; 0.265243s wall, 0.031250s user + 0.000000s system = 0.031250s CPU (11.8%)

PHY-1001 : Current memory(MB): used = 457, reserve = 434, peak = 457.
PHY-1001 : End phase 1; 0.271025s wall, 0.031250s user + 0.000000s system = 0.031250s CPU (11.5%)

PHY-1001 : ===== Detail Route Phase 2 =====
PHY-1001 : Initial routing.....
PHY-1001 : Routed 40% nets.
PHY-1001 : Patch 140 net; 0.039641s wall, 0.000000s user + 0.000000s system = 0.000000s CPU (n/a%)

PHY-1022 : len = 13816, over cnt = 20(0%), over = 20, worst = 1, crit = 0
PHY-1001 : Current memory(MB): used = 457, reserve = 434, peak = 457.
PHY-1001 : End initial routed; 0.054022s wall, 0.000000s user + 0.000000s system = 0.000000s CPU (n/a%)

PHY-1001 : Update timing.....
PHY-1001 : 0/268(0%) critical/total net(s).
RUN-1001 : ------------------------------------------
RUN-1001 :   Type   |    WNS(ns)    |  TNS(ns)  |  FEP  
RUN-1001 : ------------------------------------------
RUN-1001 :   Setup  |  2147483.647  |   0.000   |   0   
RUN-1001 :   Hold   |  2147483.647  |   0.000   |   0   
RUN-1001 : ------------------------------------------
PHY-1001 : End update timing; 0.132378s wall, 0.031250s user + 0.000000s system = 0.031250s CPU (23.6%)

PHY-1001 : Current memory(MB): used = 457, reserve = 434, peak = 457.
PHY-1001 : End phase 2; 0.186468s wall, 0.031250s user + 0.000000s system = 0.031250s CPU (16.8%)

PHY-1001 : ===== Detail Route Phase 3 =====
PHY-1001 : Optimize timing.....
PHY-1022 : len = 13816, over cnt = 20(0%), over = 20, worst = 1, crit = 0
PHY-1001 : End optimize timing; 0.004804s wall, 0.000000s user + 0.000000s system = 0.000000s CPU (n/a%)

PHY-1001 : Ripup-reroute.....
PHY-1001 : ===== DR Iter 1 =====
PHY-1022 : len = 13904, over cnt = 3(0%), over = 3, worst = 1, crit = 0
PHY-1001 : End DR Iter 1; 0.016577s wall, 0.000000s user + 0.000000s system = 0.000000s CPU (n/a%)

PHY-1001 : ===== DR Iter 2 =====
PHY-1022 : len = 13936, over cnt = 0(0%), over = 0, worst = 0, crit = 0
PHY-1001 : End DR Iter 2; 0.009970s wall, 0.000000s user + 0.000000s system = 0.000000s CPU (n/a%)

PHY-1001 : Update timing.....
PHY-1001 : 0/268(0%) critical/total net(s).
RUN-1001 : ------------------------------------------
RUN-1001 :   Type   |    WNS(ns)    |  TNS(ns)  |  FEP  
RUN-1001 : ------------------------------------------
RUN-1001 :   Setup  |  2147483.647  |   0.000   |   0   
RUN-1001 :   Hold   |  2147483.647  |   0.000   |   0   
RUN-1001 : ------------------------------------------
PHY-1001 : End update timing; 0.146176s wall, 0.015625s user + 0.000000s system = 0.015625s CPU (10.7%)

PHY-1001 : Commit to database.....
PHY-1001 : 4 feed throughs used by 4 nets
PHY-1001 : End commit to database; 0.028764s wall, 0.000000s user + 0.000000s system = 0.000000s CPU (n/a%)

PHY-1001 : Current memory(MB): used = 467, reserve = 444, peak = 467.
PHY-1001 : End phase 3; 0.310859s wall, 0.015625s user + 0.000000s system = 0.015625s CPU (5.0%)

PHY-1003 : Routed, final wirelength = 13936
PHY-1001 : Current memory(MB): used = 467, reserve = 444, peak = 467.
PHY-1001 : End export database. 0.005208s wall, 0.000000s user + 0.000000s system = 0.000000s CPU (n/a%)

PHY-1001 : End detail routing;  4.782723s wall, 0.843750s user + 0.000000s system = 0.843750s CPU (17.6%)

RUN-1003 : finish command "route" in  5.015556s wall, 0.953125s user + 0.000000s system = 0.953125s CPU (19.0%)

RUN-1004 : used memory is 416 MB, reserved memory is 395 MB, peak memory is 467 MB
RUN-1002 : start command "report_area -io_info -file display_phy.area"
RUN-1001 : standard
***Report Model: keyboard_instance Device: EG4S20BG256***

IO Statistics
#IO                        23
  #input                    6
  #output                  17
  #inout                    0

Utilization Statistics
#lut                      171   out of  19600    0.87%
#reg                      136   out of  19600    0.69%
#le                       198
  #lut only                62   out of    198   31.31%
  #reg only                27   out of    198   13.64%
  #lut&reg                109   out of    198   55.05%
#dsp                        0   out of     29    0.00%
#bram                       0   out of     64    0.00%
  #bram9k                   0
  #fifo9k                   0
#bram32k                    0   out of     16    0.00%
#pad                       23   out of    188   12.23%
  #ireg                     0
  #oreg                     0
  #treg                     0
#pll                        0   out of      4    0.00%
#gclk                       2   out of     16   12.50%

Clock Resource Statistics
Index     ClockNet         Type               DriverType         Driver                      Fanout
#1        clk_50M_dup_1    GCLK               io                 clk_50M_syn_2.di            64
#2        U1/scan_clk      GCLK               lslice             U1/scan_clk_reg_syn_9.q0    10


Detailed IO Report

        Name           Direction    Location    IOStandard    DriveStrength    PullType    PackReg  
        RSTn             INPUT         A9        LVCMOS33          N/A          PULLUP      NONE    
       clk_50M           INPUT         R7        LVCMOS33          N/A          PULLUP      NONE    
       col[3]            INPUT        F10        LVCMOS33          N/A          PULLUP      NONE    
       col[2]            INPUT        C11        LVCMOS33          N/A          PULLUP      NONE    
       col[1]            INPUT        D11        LVCMOS33          N/A          PULLUP      NONE    
       col[0]            INPUT        E11        LVCMOS33          N/A          PULLUP      NONE    
  DigitronCS_Out[3]     OUTPUT         A3        LVCMOS33           8            NONE       NONE    
  DigitronCS_Out[2]     OUTPUT         A5        LVCMOS33           8            NONE       NONE    
  DigitronCS_Out[1]     OUTPUT         B6        LVCMOS33           8            NONE       NONE    
  DigitronCS_Out[0]     OUTPUT         C9        LVCMOS33           8            NONE       NONE    
   Digitron_Out[7]      OUTPUT         C8        LVCMOS33           8            NONE       NONE    
   Digitron_Out[6]      OUTPUT         A8        LVCMOS33           8            NONE       NONE    
   Digitron_Out[5]      OUTPUT         B5        LVCMOS33           8            NONE       NONE    
   Digitron_Out[4]      OUTPUT         A7        LVCMOS33           8            NONE       NONE    
   Digitron_Out[3]      OUTPUT         E8        LVCMOS33           8            NONE       NONE    
   Digitron_Out[2]      OUTPUT         B8        LVCMOS33           8            NONE       NONE    
   Digitron_Out[1]      OUTPUT         A6        LVCMOS33           8            NONE       NONE    
   Digitron_Out[0]      OUTPUT         A4        LVCMOS33           8            NONE       NONE    
        light           OUTPUT        B14        LVCMOS33           8            NONE       NONE    
       row[3]           OUTPUT         D9        LVCMOS33           8            NONE       NONE    
       row[2]           OUTPUT         F9        LVCMOS33           8            NONE       NONE    
       row[1]           OUTPUT        C10        LVCMOS33           8            NONE       NONE    
       row[0]           OUTPUT        E10        LVCMOS33           8            NONE       NONE    

Report Hierarchy Area:
+-------------------------------------------------------------------------------------------+
|Instance |Module                      |le     |lut     |ripple  |seq     |bram    |dsp     |
+-------------------------------------------------------------------------------------------+
|top      |keyboard_instance           |198    |146     |25      |136     |0       |0       |
|  U1     |keyboard_scan               |71     |48      |9       |54      |0       |0       |
|  U2     |key_filter                  |59     |42      |6       |49      |0       |0       |
|  U3     |onehot2binary               |33     |31      |0       |17      |0       |0       |
|  U5     |Digitron_TimeDisplay_module |30     |20      |10      |16      |0       |0       |
+-------------------------------------------------------------------------------------------+


DataNet Average Fanout:

   Index     Fanout    Nets  
    #1         1       142   
    #2         2        85   
    #3         3        22   
    #4         4        18   
    #5        5-10      18   
    #6       11-50      3    
  Average     2.25           

RUN-1002 : start command "export_db display_pr.db"
RUN-1001 : Exported /
RUN-1001 : Exported flow parameters
RUN-1001 : Exported libs
RUN-1001 : Exported entities
RUN-1001 : Exported ports
RUN-1001 : Exported pins
RUN-1001 : Exported instances
RUN-1001 : Exported nets
RUN-1001 : Exported buses
RUN-1001 : Exported models
RUN-1001 : Exported congestions
RUN-1001 : Exported violations
RUN-1001 : Exported timing constraints
RUN-1001 : Exported IO constraints
RUN-1001 : Exported Inst constraints
RUN-1002 : start command "export_bid display_inst.bid"
RUN-1002 : start command "bitgen -bit display.bit -unused_io_status pulldown"
BIT-1003 : Start to generate bitstream. 
BIT-1002 : Bitgen processed 165 unused pads, reserve input tri_state with pulldown
BIT-1002 : Init instances with 16 threads.
BIT-1002 : Init instances completely, inst num: 293
BIT-1002 : Init pips with 16 threads.
BIT-1002 : Init pips completely, net num: 315, pip num: 1823
BIT-1002 : Init feedthrough completely, num: 4
BIT-1003 : Multithreading accelaration with 16 threads.
BIT-1003 : Generate bitstream completely, there are 418 valid insts, and 6002 bits set as '1'.
BIT-1004 : PLL setting string = 0000
BIT-1004 : Generate bits file display.bit.
RUN-1003 : finish command "bitgen -bit display.bit -unused_io_status pulldown" in  1.290064s wall, 3.718750s user + 0.125000s system = 3.843750s CPU (298.0%)

RUN-1004 : used memory is 437 MB, reserved memory is 419 MB, peak memory is 613 MB
RUN-1002 : start command "backup_run_log run.log ../.logs/phy_1/td_20240826_224827.log"
