============================================================
   Tang Dynasty, V5.6.59063
   Copyright (c) 2012-2022 Anlogic
   Executable = E:/Anlogic/TD5.6.59063/bin/td.exe
   Built at =   12:45:13 Sep  6 2022
   Run by =     19234
   Run Date =   Tue Aug 27 10:26:06 2024

   Run on =     ERIKPSW
============================================================
RUN-1001 : open_run phy_1.
RUN-1002 : start command "import_db D:/BaiduNetdiskDownload/_9_keyboard/_9_keyboard/td_prj/keyboard_Runs/phy_1/keyboard_pr.db"
RUN-1001 : Importing database generated by Tang Dynasty, V5.6.71036.
RUN-1001 : Database version number 46146.
RUN-8012 ERROR: Failed to import database; current release supports database version up to 46140.
RUN-8001 ERROR: Open run error: cannot import db file D:/BaiduNetdiskDownload/_9_keyboard/_9_keyboard/td_prj/keyboard_Runs/phy_1/keyboard_pr.db
RUN-1002 : start command "report_timing"
RUN-1002 : start command "start_timer"
TMR-8003 ERROR: Please import a netlist at first.
RUN-1001 : reset_run syn_1 phy_1.
RUN-1001 : launch_runs syn_1 phy_1  -jobs 6.
RUN-1001 : syn_1: run complete.
RUN-1001 : phy_1: run complete.
RUN-1001 : open_run phy_1.
RUN-1002 : start command "import_db D:/BaiduNetdiskDownload/_9_keyboard/_9_keyboard/td_prj/keyboard_Runs/phy_1/keyboard_pr.db"
RUN-1001 : Importing database generated by Tang Dynasty, V5.6.59063.
RUN-1001 : Database version number 46140.
RUN-1001 : Import flow parameters
PHY-1001 : Generate detailed routing grids ...
PHY-1001 : Generate nets ...
PHY-1001 : net clk_50M_dup_1 will be routed on clock mesh
PHY-1001 : clock net U1/scan_clk_syn_4 will be merged with clock U1/scan_clk
PHY-1001 : eco open net = 0
PHY-1001 : 3 feed throughs used by 3 nets
RUN-1001 : Import timing constraints
RUN-1001 : Import IO constraints
RUN-1001 : Import Inst constraints
RUN-1001 : Import design success TD_VERSION=5.6.59063 , DB_VERSION=46140
RUN-1003 : finish command "import_db D:/BaiduNetdiskDownload/_9_keyboard/_9_keyboard/td_prj/keyboard_Runs/phy_1/keyboard_pr.db" in  4.731108s wall, 2.437500s user + 0.093750s system = 2.531250s CPU (53.5%)

RUN-1004 : used memory is 557 MB, reserved memory is 527 MB, peak memory is 613 MB
RUN-1002 : start command "report_timing"
RUN-1002 : start command "start_timer"
RUN-1002 : start command "end_timer"
RUN-1002 : start command "download -bit keyboard_Runs\phy_1\keyboard.bit -mode jtag -spd 7 -sec 64 -cable 0"
PRG-2014 : Chip validation success: EAGLE_S20_BG256
RUN-1002 : start command "bit_to_vec -chip EAGLE_S20_BG256 -m jtag_burst -freq 4 -bit keyboard_Runs/phy_1/keyboard.bit"
RUN-1002 : start command "program -cable 0 -mode svf -spd 7 -p"
RUN-1003 : finish command "program -cable 0 -mode svf -spd 7 -p" in  6.462256s wall, 0.015625s user + 0.109375s system = 0.125000s CPU (1.9%)

RUN-1004 : used memory is 579 MB, reserved memory is 546 MB, peak memory is 613 MB
RUN-1003 : finish command "download -bit keyboard_Runs\phy_1\keyboard.bit -mode jtag -spd 7 -sec 64 -cable 0" in  6.661921s wall, 0.078125s user + 0.109375s system = 0.187500s CPU (2.8%)

RUN-1004 : used memory is 579 MB, reserved memory is 546 MB, peak memory is 613 MB
GUI-1001 : Download success!
