=========================================================================================================
Auto created by Tang Dynasty v5.6.59063
Copyright (c) 2012-2022 Anlogic
Mon Aug 26 20:39:06 2024
=========================================================================================================


Top Model:                key_filter                                                      
Device:                   eagle_s20                                                       
Timing Constraint File:                                                                   
STA Level:                Detail                                                          
Speed Grade:              NA                                                              

=========================================================================================================
Timing summary:                                                                           
---------------------------------------------------------------------------------------------------------
Constraint path number: 0 (STA coverage = 0.00%)
Timing violations: 0 setup errors, and 0 hold errors.
Minimal setup slack: infinity, minimal hold slack: infinity

Timing group statistics: 
	Clock constraints: 
	  No constraint path
	Minimum input arrival time before clock: no constraint path
	Maximum output required time after clock: no constraint path
	Maximum combinational path delay: no constraint path


Warning: No clock constraint on 1 clock net(s): 
	clk_dup_1

---------------------------------------------------------------------------------------------------------
