#! /c/Source/iverilog-install/bin/vvp
:ivl_version "12.0 (devel)" "(s20150603-1539-g2693dd32b)";
:ivl_delay_selection "TYPICAL";
:vpi_time_precision + 0;
:vpi_module "E:\iverilog\lib\ivl\system.vpi";
:vpi_module "E:\iverilog\lib\ivl\vhdl_sys.vpi";
:vpi_module "E:\iverilog\lib\ivl\vhdl_textio.vpi";
:vpi_module "E:\iverilog\lib\ivl\v2005_math.vpi";
:vpi_module "E:\iverilog\lib\ivl\va_math.vpi";
S_000001d600af29c0 .scope module, "key_filter" "key_filter" 2 1;
 .timescale 0 0;
    .port_info 0 /INPUT 1 "clk";
    .port_info 1 /INPUT 1 "rstn";
    .port_info 2 /INPUT 8 "tries";
    .port_info 3 /INPUT 16 "key_in";
    .port_info 4 /OUTPUT 16 "key_deb";
    .port_info 5 /OUTPUT 8 "tries_out";
P_000001d600b29ca0 .param/l "CNTMAX" 0 2 10, +C4<00000000000011110100001000111111>;
L_000001d600b17cc0 .functor NOT 16, v000001d600b6f4e0_0, C4<0000000000000000>, C4<0000000000000000>, C4<0000000000000000>;
L_000001d600b17f60 .functor NOT 16, v000001d600b6fbc0_0, C4<0000000000000000>, C4<0000000000000000>, C4<0000000000000000>;
L_000001d600b18270 .functor AND 16, L_000001d600b17cc0, L_000001d600b17f60, C4<1111111111111111>, C4<1111111111111111>;
L_000001d600b18040 .functor NOT 16, v000001d600b6f260_0, C4<0000000000000000>, C4<0000000000000000>, C4<0000000000000000>;
L_000001d600b17e10 .functor AND 16, L_000001d600b18270, L_000001d600b18040, C4<1111111111111111>, C4<1111111111111111>;
L_000001d600b18120 .functor NOT 16, v000001d600b6f4e0_0, C4<0000000000000000>, C4<0000000000000000>, C4<0000000000000000>;
L_000001d600b17c50 .functor NOT 16, v000001d600b6fbc0_0, C4<0000000000000000>, C4<0000000000000000>, C4<0000000000000000>;
L_000001d600b18200 .functor AND 16, L_000001d600b18120, L_000001d600b17c50, C4<1111111111111111>, C4<1111111111111111>;
L_000001d600b17da0 .functor AND 16, L_000001d600b18200, v000001d600b6f260_0, C4<1111111111111111>, C4<1111111111111111>;
L_000001d600b17d30 .functor OR 16, L_000001d600b17e10, L_000001d600b17da0, C4<0000000000000000>, C4<0000000000000000>;
v000001d600b17270_0 .net *"_ivl_0", 15 0, L_000001d600b17cc0;  1 drivers
v000001d600af2b50_0 .net *"_ivl_10", 15 0, L_000001d600b18120;  1 drivers
v000001d600af2bf0_0 .net *"_ivl_12", 15 0, L_000001d600b17c50;  1 drivers
v000001d600af2c90_0 .net *"_ivl_14", 15 0, L_000001d600b18200;  1 drivers
v000001d600af2d30_0 .net *"_ivl_16", 15 0, L_000001d600b17da0;  1 drivers
v000001d600b6f620_0 .net *"_ivl_2", 15 0, L_000001d600b17f60;  1 drivers
v000001d600b6f440_0 .net *"_ivl_4", 15 0, L_000001d600b18270;  1 drivers
v000001d600b6f9e0_0 .net *"_ivl_6", 15 0, L_000001d600b18040;  1 drivers
v000001d600b6f080_0 .net *"_ivl_8", 15 0, L_000001d600b17e10;  1 drivers
o000001d600b2a148 .functor BUFZ 1, C4<z>; HiZ drive
v000001d600b6fb20_0 .net "clk", 0 0, o000001d600b2a148;  0 drivers
v000001d600b6fa80_0 .var "cnt", 19 0;
v000001d600b6f1c0_0 .net "key_deb", 15 0, L_000001d600b17d30;  1 drivers
o000001d600b2a1d8 .functor BUFZ 16, C4<zzzzzzzzzzzzzzzz>; HiZ drive
v000001d600b6f120_0 .net "key_in", 15 0, o000001d600b2a1d8;  0 drivers
v000001d600b6f4e0_0 .var "key_reg0", 15 0;
v000001d600b6fbc0_0 .var "key_reg1", 15 0;
v000001d600b6f260_0 .var "key_reg2", 15 0;
o000001d600b2a298 .functor BUFZ 1, C4<z>; HiZ drive
v000001d600b6f300_0 .net "rstn", 0 0, o000001d600b2a298;  0 drivers
o000001d600b2a2c8 .functor BUFZ 8, C4<zzzzzzzz>; HiZ drive
v000001d600b6ff80_0 .net "tries", 7 0, o000001d600b2a2c8;  0 drivers
v000001d600b6fc60_0 .var "tries_out", 7 0;
E_000001d600b29ce0/0 .event negedge, v000001d600b6f300_0;
E_000001d600b29ce0/1 .event posedge, v000001d600b6fb20_0;
E_000001d600b29ce0 .event/or E_000001d600b29ce0/0, E_000001d600b29ce0/1;
    .scope S_000001d600af29c0;
T_0 ;
    %pushi/vec4 0, 0, 20;
    %store/vec4 v000001d600b6fa80_0, 0, 20;
    %end;
    .thread T_0;
    .scope S_000001d600af29c0;
T_1 ;
    %wait E_000001d600b29ce0;
    %load/vec4 v000001d600b6f300_0;
    %inv;
    %flag_set/vec4 8;
    %jmp/0xz  T_1.0, 8;
    %pushi/vec4 0, 0, 20;
    %assign/vec4 v000001d600b6fa80_0, 0;
    %jmp T_1.1;
T_1.0 ;
    %load/vec4 v000001d600b6fa80_0;
    %pad/u 32;
    %cmpi/e 999999, 0, 32;
    %jmp/0xz  T_1.2, 4;
    %pushi/vec4 0, 0, 20;
    %assign/vec4 v000001d600b6fa80_0, 0;
    %jmp T_1.3;
T_1.2 ;
    %load/vec4 v000001d600b6fa80_0;
    %addi 1, 0, 20;
    %assign/vec4 v000001d600b6fa80_0, 0;
T_1.3 ;
T_1.1 ;
    %jmp T_1;
    .thread T_1;
    .scope S_000001d600af29c0;
T_2 ;
    %wait E_000001d600b29ce0;
    %load/vec4 v000001d600b6ff80_0;
    %cmpi/u 5, 0, 8;
    %jmp/0xz  T_2.0, 5;
    %load/vec4 v000001d600b6ff80_0;
    %addi 1, 0, 8;
    %assign/vec4 v000001d600b6fc60_0, 0;
    %jmp T_2.1;
T_2.0 ;
    %pushi/vec4 0, 0, 8;
    %assign/vec4 v000001d600b6fc60_0, 0;
T_2.1 ;
    %load/vec4 v000001d600b6f300_0;
    %inv;
    %flag_set/vec4 8;
    %jmp/0xz  T_2.2, 8;
    %pushi/vec4 65535, 0, 16;
    %assign/vec4 v000001d600b6f4e0_0, 0;
    %pushi/vec4 65535, 0, 16;
    %assign/vec4 v000001d600b6fbc0_0, 0;
    %pushi/vec4 65535, 0, 16;
    %assign/vec4 v000001d600b6f260_0, 0;
    %jmp T_2.3;
T_2.2 ;
    %load/vec4 v000001d600b6fa80_0;
    %pad/u 32;
    %cmpi/e 999999, 0, 32;
    %jmp/0xz  T_2.4, 4;
    %load/vec4 v000001d600b6f120_0;
    %assign/vec4 v000001d600b6f4e0_0, 0;
    %load/vec4 v000001d600b6f4e0_0;
    %assign/vec4 v000001d600b6fbc0_0, 0;
    %load/vec4 v000001d600b6fbc0_0;
    %assign/vec4 v000001d600b6f260_0, 0;
T_2.4 ;
T_2.3 ;
    %jmp T_2;
    .thread T_2;
# The file index is used to find the file name in the following table.
:file_names 3;
    "N/A";
    "<interactive>";
    "key_filter.v";
