============================================================
   Tang Dynasty, V5.6.59063
   Copyright (c) 2012-2022 Anlogic
   Executable = E:/Anlogic/TD5.6.59063/bin/td.exe
   Built at =   12:45:13 Sep  6 2022
   Run by =     19234
   Run Date =   Mon Aug 26 17:53:46 2024

   Run on =     ERIKPSW
============================================================
RUN-1001 : reset_run syn_1 phy_1.
RUN-1001 : launch_runs syn_1 phy_1  -jobs 6.
RUN-6001 WARNING: syn_1: run failed.
RUN-1001 : reset_run syn_1 phy_1.
RUN-1001 : launch_runs syn_1 phy_1  -jobs 6.
RUN-6001 WARNING: syn_1: run failed.
HDL-1007 : analyze verilog file Digitron_TimeDisplay_module.v
HDL-1007 : analyze verilog file keyboard_instance.v
HDL-8007 ERROR: concurrent assignment to a non-net 'tries' is not permitted in keyboard_instance.v(42)
HDL-8007 ERROR: ignore module module due to previous errors in keyboard_instance.v(1)
HDL-1007 : Verilog file 'keyboard_instance.v' ignored due to errors
HDL-1007 : analyze verilog file onehot2binary.v
RUN-1001 : reset_run syn_1 phy_1.
RUN-1001 : launch_runs syn_1 phy_1  -jobs 6.
RUN-1001 : syn_1: run complete.
GUI-5005 WARNING: Unknown file icon ...
RUN-1001 : phy_1: run complete.
RUN-1001 : open_run phy_1.
RUN-1002 : start command "import_db E:/programming/Verilog/display/display_Runs/phy_1/display_pr.db"
RUN-1001 : Importing database generated by Tang Dynasty, V5.6.59063.
RUN-1001 : Database version number 46140.
RUN-1001 : Import flow parameters
PHY-1001 : Generate detailed routing grids ...
PHY-1001 : Generate nets ...
PHY-1001 : net clk_dup_1 will be routed on clock mesh
PHY-1001 : eco open net = 0
PHY-1001 : 2 feed throughs used by 2 nets
RUN-1001 : Import timing constraints
RUN-1001 : Import IO constraints
RUN-1001 : Import Inst constraints
RUN-1001 : Import design success TD_VERSION=5.6.59063 , DB_VERSION=46140
RUN-1003 : finish command "import_db E:/programming/Verilog/display/display_Runs/phy_1/display_pr.db" in  4.269359s wall, 1.953125s user + 0.062500s system = 2.015625s CPU (47.2%)

RUN-1004 : used memory is 398 MB, reserved memory is 413 MB, peak memory is 428 MB
RUN-1002 : start command "report_timing"
RUN-1002 : start command "start_timer"
RUN-1002 : start command "end_timer"
GUI-8405 ERROR: DigitronCS_Out[0] is not the signal of the project.
GUI-8405 ERROR: DigitronCS_Out[1] is not the signal of the project.
GUI-8405 ERROR: DigitronCS_Out[2] is not the signal of the project.
GUI-8405 ERROR: DigitronCS_Out[3] is not the signal of the project.
GUI-8405 ERROR: Digitron_Out[0] is not the signal of the project.
GUI-8405 ERROR: Digitron_Out[1] is not the signal of the project.
GUI-8405 ERROR: Digitron_Out[2] is not the signal of the project.
GUI-8405 ERROR: Digitron_Out[3] is not the signal of the project.
GUI-8405 ERROR: Digitron_Out[4] is not the signal of the project.
GUI-8405 ERROR: Digitron_Out[5] is not the signal of the project.
GUI-8405 ERROR: Digitron_Out[6] is not the signal of the project.
GUI-8405 ERROR: Digitron_Out[7] is not the signal of the project.
GUI-8405 ERROR: RSTn is not the signal of the project.
GUI-8405 ERROR: clk_50M is not the signal of the project.
GUI-8405 ERROR: col[0] is not the signal of the project.
GUI-8405 ERROR: col[1] is not the signal of the project.
GUI-8405 ERROR: col[2] is not the signal of the project.
GUI-8405 ERROR: col[3] is not the signal of the project.
GUI-8405 ERROR: light is not the signal of the project.
GUI-8405 ERROR: row[0] is not the signal of the project.
GUI-8405 ERROR: row[1] is not the signal of the project.
GUI-8405 ERROR: row[2] is not the signal of the project.
GUI-8405 ERROR: row[3] is not the signal of the project.
HDL-1007 : analyze verilog file Digitron_TimeDisplay_module.v
HDL-1007 : analyze verilog file keyboard_instance.v
HDL-8007 ERROR: concurrent assignment to a non-net 'tries' is not permitted in keyboard_instance.v(41)
HDL-8007 ERROR: ignore module module due to previous errors in keyboard_instance.v(1)
HDL-1007 : Verilog file 'keyboard_instance.v' ignored due to errors
RUN-1001 : reset_run syn_1 phy_1.
RUN-1001 : launch_runs syn_1 phy_1  -jobs 6.
RUN-1001 : syn_1: run complete.
GUI-5005 WARNING: Unknown file icon ...
GUI-5005 WARNING: Unknown file icon ...
RUN-1001 : phy_1: run complete.
RUN-1001 : open_run phy_1.
RUN-1002 : start command "import_db E:/programming/Verilog/display/display_Runs/phy_1/display_pr.db"
RUN-1001 : Importing database generated by Tang Dynasty, V5.6.59063.
RUN-1001 : Database version number 46140.
RUN-1001 : Import flow parameters
PHY-1001 : Generate detailed routing grids ...
PHY-1001 : Generate nets ...
PHY-1001 : net clk_dup_1 will be routed on clock mesh
PHY-1001 : eco open net = 0
PHY-1001 : 2 feed throughs used by 2 nets
RUN-1001 : Import timing constraints
RUN-1001 : Import IO constraints
RUN-1001 : Import Inst constraints
RUN-1001 : Import design success TD_VERSION=5.6.59063 , DB_VERSION=46140
RUN-1002 : start command "report_timing"
RUN-1002 : start command "start_timer"
RUN-1002 : start command "end_timer"
GUI-8405 ERROR: DigitronCS_Out[0] is not the signal of the project.
GUI-8405 ERROR: DigitronCS_Out[1] is not the signal of the project.
GUI-8405 ERROR: DigitronCS_Out[2] is not the signal of the project.
GUI-8405 ERROR: DigitronCS_Out[3] is not the signal of the project.
GUI-8405 ERROR: Digitron_Out[0] is not the signal of the project.
GUI-8405 ERROR: Digitron_Out[1] is not the signal of the project.
GUI-8405 ERROR: Digitron_Out[2] is not the signal of the project.
GUI-8405 ERROR: Digitron_Out[3] is not the signal of the project.
GUI-8405 ERROR: Digitron_Out[4] is not the signal of the project.
GUI-8405 ERROR: Digitron_Out[5] is not the signal of the project.
GUI-8405 ERROR: Digitron_Out[6] is not the signal of the project.
GUI-8405 ERROR: Digitron_Out[7] is not the signal of the project.
GUI-8405 ERROR: RSTn is not the signal of the project.
GUI-8405 ERROR: clk_50M is not the signal of the project.
GUI-8405 ERROR: col[0] is not the signal of the project.
GUI-8405 ERROR: col[1] is not the signal of the project.
GUI-8405 ERROR: col[2] is not the signal of the project.
GUI-8405 ERROR: col[3] is not the signal of the project.
GUI-8405 ERROR: light is not the signal of the project.
GUI-8405 ERROR: row[0] is not the signal of the project.
GUI-8405 ERROR: row[1] is not the signal of the project.
GUI-8405 ERROR: row[2] is not the signal of the project.
GUI-8405 ERROR: row[3] is not the signal of the project.
GUI-8405 ERROR: DigitronCS_Out[0] is not the signal of the project.
GUI-8405 ERROR: DigitronCS_Out[1] is not the signal of the project.
GUI-8405 ERROR: DigitronCS_Out[2] is not the signal of the project.
GUI-8405 ERROR: DigitronCS_Out[3] is not the signal of the project.
GUI-8405 ERROR: Digitron_Out[0] is not the signal of the project.
GUI-8405 ERROR: Digitron_Out[1] is not the signal of the project.
GUI-8405 ERROR: Digitron_Out[2] is not the signal of the project.
GUI-8405 ERROR: Digitron_Out[3] is not the signal of the project.
GUI-8405 ERROR: Digitron_Out[4] is not the signal of the project.
GUI-8405 ERROR: Digitron_Out[5] is not the signal of the project.
GUI-8405 ERROR: Digitron_Out[6] is not the signal of the project.
GUI-8405 ERROR: Digitron_Out[7] is not the signal of the project.
GUI-8405 ERROR: RSTn is not the signal of the project.
GUI-8405 ERROR: clk_50M is not the signal of the project.
GUI-8405 ERROR: col[0] is not the signal of the project.
GUI-8405 ERROR: col[1] is not the signal of the project.
GUI-8405 ERROR: col[2] is not the signal of the project.
GUI-8405 ERROR: col[3] is not the signal of the project.
GUI-8405 ERROR: light is not the signal of the project.
GUI-8405 ERROR: row[0] is not the signal of the project.
GUI-8405 ERROR: row[1] is not the signal of the project.
GUI-8405 ERROR: row[2] is not the signal of the project.
GUI-8405 ERROR: row[3] is not the signal of the project.
RUN-1001 : reset_run syn_1 phy_1.
RUN-1001 : launch_runs syn_1 phy_1  -jobs 6.
RUN-6001 WARNING: syn_1: run failed.
RUN-1001 : open_run syn_1.
RUN-1002 : start command "import_db E:/programming/Verilog/display/display_Runs/syn_1/display_elaborate.db"
RUN-1001 : Importing database generated by Tang Dynasty, V5.6.59063.
RUN-1001 : Database version number 46140.
RUN-1001 : Import flow parameters
RUN-1001 : Import IO constraints
RUN-1001 : Import Inst constraints
RUN-1001 : Import design success TD_VERSION=5.6.59063 , DB_VERSION=46140
RUN-1002 : start command "report_timing"
RUN-1002 : start command "start_timer"
RUN-1002 : start command "end_timer"
HDL-1007 : analyze verilog file keyboard_instance.v
HDL-8007 ERROR: concurrent assignment to a non-net 'tries' is not permitted in keyboard_instance.v(41)
HDL-8007 ERROR: ignore module module due to previous errors in keyboard_instance.v(1)
HDL-1007 : Verilog file 'keyboard_instance.v' ignored due to errors
RUN-1001 : reset_run syn_1 phy_1.
RUN-1001 : launch_runs syn_1 phy_1  -jobs 6.
RUN-6001 WARNING: syn_1: run failed.
