============================================================
   Tang Dynasty, V5.6.59063
   Copyright (c) 2012-2022 Anlogic
   Executable = E:/Anlogic/TD5.6.59063/bin/td.exe
   Built at =   12:45:13 Sep  6 2022
   Run by =     19234
   Run Date =   Mon Aug 26 19:57:35 2024

   Run on =     ERIKPSW
============================================================
RUN-1002 : start command "open_project display.prj"
RUN-1001 : Print Global Property
RUN-1001 : ---------------------------------------------------------------
RUN-1001 :        Parameters        |  Settings  |  Default Values  |  Note  
RUN-1001 : ---------------------------------------------------------------
RUN-1001 :          message         |  standard  |     standard     |        
RUN-1001 :   mixed_pack_place_flow  |     on     |        on        |        
RUN-1001 :        qor_monitor       |    off     |       off        |        
RUN-1001 :        syn_ip_flow       |    off     |       off        |        
RUN-1001 :          thread          |    auto    |       auto       |        
RUN-1001 : ---------------------------------------------------------------
RUN-1001 : Print Design Property
RUN-1001 : --------------------------------------------------------------
RUN-1001 :        Parameters       |  Settings  |  Default Values  |  Note  
RUN-1001 : --------------------------------------------------------------
RUN-1001 :   default_reg_initial   |    auto    |       auto       |        
RUN-1001 :        infer_add        |     on     |        on        |        
RUN-1001 :        infer_fsm        |    off     |       off        |        
RUN-1001 :        infer_mult       |     on     |        on        |        
RUN-1001 :        infer_ram        |     on     |        on        |        
RUN-1001 :        infer_reg        |     on     |        on        |        
RUN-1001 :   infer_reg_init_value  |     on     |        on        |        
RUN-1001 :        infer_rom        |     on     |        on        |        
RUN-1001 :      infer_shifter      |     on     |        on        |        
RUN-1001 : --------------------------------------------------------------
RUN-1001 : Print Rtl Property
RUN-1001 : --------------------------------------------------------------
RUN-1001 :        Parameters       |  Settings  |  Default Values  |  Note  
RUN-1001 : --------------------------------------------------------------
RUN-1001 :       compress_add      |   ripple   |      ripple      |        
RUN-1001 :        elf_sload        |    off     |       off        |        
RUN-1001 :       fix_undriven      |     0      |        0         |        
RUN-1001 :         flatten         |    off     |       off        |        
RUN-1001 :       gate_sharing      |     on     |        on        |        
RUN-1001 :    hdl_warning_level    |   normal   |      normal      |        
RUN-1001 :   impl_internal_tribuf  |     on     |        on        |        
RUN-1001 :      impl_set_reset     |     on     |        on        |        
RUN-1001 :        infer_gsr        |    off     |       off        |        
RUN-1001 :      keep_hierarchy     |    auto    |       auto       |        
RUN-1001 :        max_fanout       |    9999    |       9999       |        
RUN-1001 :      max_oh2bin_len     |     10     |        10        |        
RUN-1001 :       merge_equal       |     on     |        on        |        
RUN-1001 :       merge_equiv       |     on     |        on        |        
RUN-1001 :        merge_mux        |    off     |       off        |        
RUN-1001 :     min_control_set     |     8      |        8         |        
RUN-1001 :      min_ripple_len     |    auto    |       auto       |        
RUN-1001 :       oh2bin_ratio      |    0.08    |       0.08       |        
RUN-1001 :     opt_adder_fanout    |     on     |        on        |        
RUN-1001 :        opt_arith        |     on     |        on        |        
RUN-1001 :       opt_big_gate      |    off     |       off        |        
RUN-1001 :        opt_const        |     on     |        on        |        
RUN-1001 :      opt_const_mult     |     on     |        on        |        
RUN-1001 :       opt_lessthan      |     on     |        on        |        
RUN-1001 :         opt_mux         |    off     |       off        |        
RUN-1001 :         opt_ram         |    high    |       high       |        
RUN-1001 :      rtl_sim_model      |    off     |       off        |        
RUN-1001 :         seq_syn         |     on     |        on        |        
RUN-1001 : --------------------------------------------------------------
HDL-1007 : analyze verilog file ../../key_filter.v
RUN-1001 : Project manager successfully analyzed 1 source files.
RUN-1002 : start command "import_device eagle_s20.db -package EG4S20BG256"
ARC-1001 : Device Initialization.
ARC-1001 : ------------------------------------------------------------------
ARC-1001 :            OPTION            |          IO          |   SETTING   
ARC-1001 : ------------------------------------------------------------------
ARC-1001 :   cso_b/cclk/mosi/miso/dout  |  T3/R11/T10/P10/S11  |    gpio    
ARC-1001 :             done             |         P13          |    gpio    
ARC-1001 :           program_b          |          T2          |  dedicate  
ARC-1001 :        tdi/tms/tck/tdo       |   C12/A15/C14/E14    |  dedicate  
ARC-1001 : ------------------------------------------------------------------
ARC-1004 : Device setting, marked 5 dedicate IOs in total.
RUN-1002 : start command "import_db ../syn_1/display_gate.db"
RUN-1001 : Importing database generated by Tang Dynasty, V5.6.59063.
RUN-1001 : Database version number 46140.
RUN-1001 : Import flow parameters
RUN-1001 : Import timing constraints
RUN-1001 : Import IO constraints
RUN-1001 : Import Inst constraints
RUN-1001 : Import design success TD_VERSION=5.6.59063 , DB_VERSION=46140
RUN-1002 : start command "read_sdc"
USR-1002 : read_sdc file_name -help -h -eco
USR-1009 : NO module with IP_SDC ...
RUN-1104 : Import SDC file  finished, there are 0 nets kept by constraints.
RUN-1002 : start command "place"
RUN-1001 : Open license file E:/Anlogic/TD5.6.59063/license/Anlogic.lic
RUN-1001 : Print Global Property
RUN-1001 : ---------------------------------------------------------------
RUN-1001 :        Parameters        |  Settings  |  Default Values  |  Note  
RUN-1001 : ---------------------------------------------------------------
RUN-1001 :          message         |  standard  |     standard     |        
RUN-1001 :   mixed_pack_place_flow  |     on     |        on        |        
RUN-1001 :        qor_monitor       |    off     |       off        |        
RUN-1001 :        syn_ip_flow       |    off     |       off        |        
RUN-1001 :          thread          |    auto    |       auto       |        
RUN-1001 : ---------------------------------------------------------------
RUN-1001 : Print Place Property
RUN-1001 : --------------------------------------------------------------
RUN-1001 :        Parameters       |  Settings  |  Default Values  |  Note  
RUN-1001 : --------------------------------------------------------------
RUN-1001 :      detailed_place     |     on     |        on        |        
RUN-1001 :          effort         |   medium   |      medium      |        
RUN-1001 :         fix_hold        |    off     |       off        |        
RUN-1001 :       legalization      |    ori     |       ori        |        
RUN-1001 :      new_spreading      |     on     |        on        |        
RUN-1001 :        opt_timing       |   medium   |      medium      |        
RUN-1001 :   post_clock_route_opt  |    off     |       off        |        
RUN-1001 :       pr_strategy       |     1      |        1         |        
RUN-1001 :        relaxation       |    1.00    |       1.00       |        
RUN-1001 :         retiming        |    off     |       off        |        
RUN-1001 : --------------------------------------------------------------
PHY-3001 : Placer runs in 16 thread(s).
RUN-1002 : start command "legalize_phy_inst"
SYN-1011 : Flatten model key_filter
RUN-1002 : start command "phys_opt -simplify_lut"
SYN-4024 : Net "clk_dup_1" drives clk pins.
SYN-4025 : Tag rtl::Net clk_dup_1 as clock net
SYN-4026 : Tagged 1 rtl::Net as clock net
PHY-1001 : Populate physical database on model key_filter.
RUN-1001 : There are total 125 instances
RUN-0007 : 30 luts, 52 seqs, 0 mslices, 6 lslices, 34 pads, 0 brams, 0 dsps
RUN-1001 : There are total 161 nets
RUN-1001 : 120 nets have 2 pins
RUN-1001 : 37 nets have [3 - 5] pins
RUN-1001 : 4 nets have [21 - 99] pins
RUN-1001 : Report Control nets information:
RUN-1001 : DFF Distribution
RUN-1001 : ----------------------------------
RUN-1001 :   CE   |  SSR  |  ASR  |  DFF Count  
RUN-1001 : ----------------------------------
RUN-1001 :   No   |  No   |  No   |      0      
RUN-1001 :   No   |  No   |  Yes  |     20      
RUN-1001 :   No   |  Yes  |  No   |      0      
RUN-1001 :   Yes  |  No   |  No   |      0      
RUN-1001 :   Yes  |  No   |  Yes  |     32      
RUN-1001 :   Yes  |  Yes  |  No   |      0      
RUN-1001 : ----------------------------------
RUN-0007 : Control Group Statistic
RUN-0007 : ---------------------------
RUN-0007 :   #CLK  |  #CE  |  #SSR/ASR  
RUN-0007 : ---------------------------
RUN-0007 :    1    |   2   |     2      
RUN-0007 : ---------------------------
RUN-0007 : Control Set = 2
PHY-3001 : Initial placement ...
PHY-3001 : design contains 123 instances, 30 luts, 52 seqs, 6 slices, 1 macros(6 instances: 0 mslices 6 lslices)
PHY-0007 : Cell area utilization is 0%
PHY-3001 : Start timing update ...
RUN-1002 : start command "start_timer -report"
TMR-2505 : Start building timing graph for model key_filter.
TMR-2506 : Build timing graph completely. Port num: 4, tpin num: 495, tnet num: 159, tinst num: 123, tnode num: 683, tedge num: 727.
TMR-2508 : Levelizing timing graph completed, there are 17 levels in total.
TMR-2501 : Timing graph initialized successfully.
TMR-2503 : Start to update net delay, extr mode = 2.
TMR-2504 : Update delay of 159 nets completely.
TMR-2502 : Annotate delay completely, extr mode = 2.
TMR-3001 : Initiate 0 clocks from SDC.
TMR-3004 : Map sdc constraints, there are 0 constraints in total.
TMR-3003 : Constraints initiated successfully.
TMR-3501 : Forward propagation: start to calculate arrival time...
TMR-3502 : Backward propagation: start to calculate required time...
TMR-3503 : Timing propagation completes.
PHY-3001 : End timing update;  0.169056s wall, 0.046875s user + 0.000000s system = 0.046875s CPU (27.7%)

PHY-3001 : Global placement ...
PHY-3001 : Initial: Len = 47700.8
PHY-3001 : Clustering ...
PHY-3001 : Level 0 #clusters 123.
PHY-3001 : End clustering;  0.000032s wall, 0.000000s user + 0.000000s system = 0.000000s CPU (n/a%)

PHY-3001 : Run with size of 4
PHY-3001 : Cell area utilization is 0%
PHY-3001 : :::0::: Try harder cell spreading with beta_ = 0
PHY-3002 : Step(1): len = 30064.4, overlap = 0
PHY-3002 : Step(2): len = 18837.5, overlap = 0
PHY-3002 : Step(3): len = 15070.6, overlap = 0
PHY-3002 : Step(4): len = 12494.7, overlap = 0
PHY-3002 : Step(5): len = 11275.5, overlap = 0
PHY-3002 : Step(6): len = 10213.8, overlap = 0
PHY-3002 : Step(7): len = 9829.2, overlap = 0
PHY-3002 : Step(8): len = 9793.9, overlap = 0
PHY-3002 : Step(9): len = 9565.7, overlap = 0
PHY-3002 : Step(10): len = 9451.8, overlap = 0
PHY-3002 : Step(11): len = 9211.1, overlap = 0
PHY-3002 : Step(12): len = 8893.9, overlap = 0
PHY-3002 : Step(13): len = 8768.4, overlap = 0
PHY-3002 : Step(14): len = 8787, overlap = 0
PHY-3002 : Step(15): len = 8732.3, overlap = 0
PHY-3001 : Legalization ...
PHY-3001 : End legalization;  0.003577s wall, 0.000000s user + 0.000000s system = 0.000000s CPU (n/a%)

PHY-3001 : Run with size of 4
PHY-3001 : Cell area utilization is 0%
PHY-3001 : Update timing in Manhattan mode ...
TMR-2503 : Start to update net delay, extr mode = 3.
TMR-2504 : Update delay of 159 nets completely.
TMR-2502 : Annotate delay completely, extr mode = 3.
TMR-3501 : Forward propagation: start to calculate arrival time...
TMR-3502 : Backward propagation: start to calculate required time...
TMR-3503 : Timing propagation completes.
PHY-3001 : End timing update;  0.001728s wall, 0.000000s user + 0.000000s system = 0.000000s CPU (n/a%)

PHY-3001 : :::0::: Try harder cell spreading with beta_ = 0
PHY-3002 : Step(16): len = 8584.9, overlap = 0
PHY-3002 : Step(17): len = 8601.3, overlap = 0
PHY-3002 : Step(18): len = 8619.5, overlap = 0
PHY-3002 : Step(19): len = 8632.2, overlap = 0
PHY-3002 : Step(20): len = 8661.9, overlap = 0
PHY-3002 : Step(21): len = 8691.9, overlap = 0
PHY-3002 : Step(22): len = 8718.1, overlap = 0
PHY-3002 : Step(23): len = 8711.6, overlap = 0
PHY-3002 : Step(24): len = 8679.5, overlap = 0
PHY-3002 : Step(25): len = 8606.8, overlap = 0
PHY-3002 : Step(26): len = 8609.7, overlap = 0
PHY-3002 : Step(27): len = 8607.3, overlap = 0
PHY-3001 : Run with size of 2
PHY-3001 : Cell area utilization is 0%
PHY-3001 : Update timing in Manhattan mode ...
TMR-2503 : Start to update net delay, extr mode = 3.
TMR-2504 : Update delay of 159 nets completely.
TMR-2502 : Annotate delay completely, extr mode = 3.
TMR-3501 : Forward propagation: start to calculate arrival time...
TMR-3502 : Backward propagation: start to calculate required time...
TMR-3503 : Timing propagation completes.
PHY-3001 : End timing update;  0.001676s wall, 0.000000s user + 0.000000s system = 0.000000s CPU (n/a%)

PHY-3001 : :::0::: Try harder cell spreading with beta_ = 0
PHY-3002 : Step(28): len = 8559.9, overlap = 1.875
PHY-3002 : Step(29): len = 8559.9, overlap = 1.875
PHY-3002 : Step(30): len = 8566.2, overlap = 1.875
PHY-3002 : Step(31): len = 8566.2, overlap = 1.875
PHY-3002 : Step(32): len = 8523.5, overlap = 1.875
PHY-3002 : Step(33): len = 8523.5, overlap = 1.875
PHY-3002 : Step(34): len = 8560.7, overlap = 1.875
PHY-3002 : Step(35): len = 8560.7, overlap = 1.875
PHY-3002 : Step(36): len = 8521.1, overlap = 1.875
PHY-3002 : Step(37): len = 8521.1, overlap = 1.875
PHY-3002 : Step(38): len = 8515.1, overlap = 1.875
OPT-1001 : Start physical optimization ...
RUN-1002 : start command "start_timer -report"
TMR-2505 : Start building timing graph for model key_filter.
TMR-2506 : Build timing graph completely. Port num: 4, tpin num: 495, tnet num: 159, tinst num: 123, tnode num: 683, tedge num: 727.
TMR-2508 : Levelizing timing graph completed, there are 17 levels in total.
TMR-2501 : Timing graph initialized successfully.
OPT-1001 : Total overflow 3.25 peak overflow 1.03
OPT-1001 : Start high-fanout net optimization ...
OPT-1001 : Update timing in global mode
PHY-1001 : Start incremental global routing, caller is place ...
RUN-1001 : Generating global routing grids ...
RUN-1001 : Building simple global routing graph ...
PHY-1001 : Generate routing nets ...
PHY-1001 : Reuse net number 0/161.
PHY-1001 : Global iterations in 16 thread ...
PHY-1002 : len = 10496, over cnt = 0(0%), over = 0, worst = 0
PHY-1001 : End global iterations;  0.019343s wall, 0.000000s user + 0.015625s system = 0.015625s CPU (80.8%)

PHY-1001 : Congestion index: top1 = 4.46, top5 = 2.43, top10 = 1.89, top15 = 1.34.
PHY-1001 : End incremental global routing;  0.066080s wall, 0.031250s user + 0.015625s system = 0.046875s CPU (70.9%)

TMR-2503 : Start to update net delay, extr mode = 5.
TMR-2504 : Update delay of 159 nets completely.
TMR-2502 : Annotate delay completely, extr mode = 5.
TMR-3001 : Initiate 0 clocks from SDC.
TMR-3004 : Map sdc constraints, there are 0 constraints in total.
TMR-3003 : Constraints initiated successfully.
TMR-3501 : Forward propagation: start to calculate arrival time...
TMR-3502 : Backward propagation: start to calculate required time...
TMR-3503 : Timing propagation completes.
OPT-1001 : End timing update;  0.002687s wall, 0.000000s user + 0.000000s system = 0.000000s CPU (n/a%)

OPT-1001 : 0 high-fanout net processed.
OPT-1001 : End high-fanout net optimization;  0.069867s wall, 0.031250s user + 0.015625s system = 0.046875s CPU (67.1%)

OPT-1001 : Current memory(MB): used = 136, reserve = 108, peak = 136.
OPT-1001 : Start global optimization ...
OPT-1001 : Start congestion update ...
RUN-1001 : Generating global routing grids ...
PHY-1001 : Generate routing nets ...
PHY-1001 : Reuse net number 72/161.
PHY-1001 : Global iterations in 16 thread ...
PHY-1002 : len = 10496, over cnt = 0(0%), over = 0, worst = 0
PHY-1001 : End global iterations;  0.001077s wall, 0.015625s user + 0.000000s system = 0.015625s CPU (1450.4%)

PHY-1001 : Congestion index: top1 = 4.46, top5 = 2.43, top10 = 1.89, top15 = 1.34.
OPT-1001 : End congestion update;  0.038513s wall, 0.031250s user + 0.000000s system = 0.031250s CPU (81.1%)

OPT-1001 : Update timing in Manhattan mode
TMR-2503 : Start to update net delay, extr mode = 3.
TMR-2504 : Update delay of 159 nets completely.
TMR-2502 : Annotate delay completely, extr mode = 3.
TMR-3501 : Forward propagation: start to calculate arrival time...
TMR-3502 : Backward propagation: start to calculate required time...
TMR-3503 : Timing propagation completes.
OPT-1001 : End timing update;  0.001661s wall, 0.000000s user + 0.000000s system = 0.000000s CPU (n/a%)

OPT-0007 : Start: WNS 2147483647 TNS 0 NUM_FEPS 0
OPT-1001 : End global optimization;  0.040250s wall, 0.031250s user + 0.000000s system = 0.031250s CPU (77.6%)

OPT-1001 : Current memory(MB): used = 136, reserve = 109, peak = 136.
OPT-1001 : End physical optimization;  0.277415s wall, 0.187500s user + 0.015625s system = 0.203125s CPU (73.2%)

PHY-3001 : Start packing ...
SYN-4007 : Packing 0 MUX to BLE ...
SYN-4008 : Packed 0 MUX and 0 SEQ to BLE.
SYN-4007 : Packing 30 LUT to BLE ...
SYN-4008 : Packed 30 LUT and 8 SEQ to BLE.
SYN-4003 : Packing 44 remaining SEQ's ...
SYN-4005 : Packed 21 SEQ with LUT/SLICE
SYN-4006 : 3 single LUT's are left
SYN-4006 : 23 single SEQ's are left
SYN-4011 : Packing model "key_filter" (AL_USER_NORMAL) with 53/96 primitive instances ...
PHY-3001 : End packing;  0.002978s wall, 0.000000s user + 0.000000s system = 0.000000s CPU (n/a%)

PHY-1001 : Populate physical database on model key_filter.
RUN-1001 : There are total 87 instances
RUN-1001 : 25 mslices, 25 lslices, 34 pads, 0 brams, 0 dsps
RUN-1001 : There are total 153 nets
RUN-1001 : 112 nets have 2 pins
RUN-1001 : 37 nets have [3 - 5] pins
RUN-1001 : 4 nets have [21 - 99] pins
PHY-3001 : design contains 85 instances, 50 slices, 1 macros(6 instances: 0 mslices 6 lslices)
PHY-3001 : Cell area utilization is 0%
PHY-3001 : After packing: Len = 8334.2, Over = 1.5
PHY-3001 : Run with size of 2
PHY-3001 : Cell area utilization is 0%
PHY-3001 : Update timing in Manhattan mode ...
RUN-1002 : start command "start_timer -report"
TMR-2505 : Start building timing graph for model key_filter.
TMR-2506 : Build timing graph completely. Port num: 4, tpin num: 459, tnet num: 151, tinst num: 85, tnode num: 627, tedge num: 681.
TMR-2508 : Levelizing timing graph completed, there are 15 levels in total.
TMR-2501 : Timing graph initialized successfully.
TMR-2503 : Start to update net delay, extr mode = 3.
TMR-2504 : Update delay of 151 nets completely.
TMR-2502 : Annotate delay completely, extr mode = 3.
TMR-3001 : Initiate 0 clocks from SDC.
TMR-3004 : Map sdc constraints, there are 0 constraints in total.
TMR-3003 : Constraints initiated successfully.
TMR-3501 : Forward propagation: start to calculate arrival time...
TMR-3502 : Backward propagation: start to calculate required time...
TMR-3503 : Timing propagation completes.
PHY-3001 : End timing update;  0.178821s wall, 0.109375s user + 0.000000s system = 0.109375s CPU (61.2%)

PHY-3001 : :::0::: Try harder cell spreading with beta_ = 0
PHY-3002 : Step(39): len = 8319, overlap = 1.5
PHY-3002 : Step(40): len = 8319, overlap = 1.5
PHY-3002 : Step(41): len = 8290.6, overlap = 1.5
PHY-3002 : Step(42): len = 8290.6, overlap = 1.5
PHY-3002 : Step(43): len = 8286.8, overlap = 1.5
PHY-3002 : Step(44): len = 8299.7, overlap = 1.5
PHY-3002 : Step(45): len = 8299.7, overlap = 1.5
PHY-3001 : Legalization ...
PHY-3001 : End legalization;  0.064496s wall, 0.015625s user + 0.000000s system = 0.015625s CPU (24.2%)

PHY-3001 : Trial Legalized: Len = 9059.2
PHY-3001 : Run with size of 2
PHY-3001 : Cell area utilization is 0%
PHY-3001 : Update timing in Manhattan mode ...
TMR-2503 : Start to update net delay, extr mode = 3.
TMR-2504 : Update delay of 151 nets completely.
TMR-2502 : Annotate delay completely, extr mode = 3.
TMR-3501 : Forward propagation: start to calculate arrival time...
TMR-3502 : Backward propagation: start to calculate required time...
TMR-3503 : Timing propagation completes.
PHY-3001 : End timing update;  0.001521s wall, 0.000000s user + 0.000000s system = 0.000000s CPU (n/a%)

PHY-3001 : :::0::: Try harder cell spreading with beta_ = 0
PHY-3002 : Step(46): len = 8518.7, overlap = 0
PHY-3002 : Step(47): len = 8423.9, overlap = 0
PHY-3002 : Step(48): len = 8345.5, overlap = 0
PHY-3002 : Step(49): len = 8342.2, overlap = 0
PHY-3002 : Step(50): len = 8317.4, overlap = 0
PHY-3002 : Step(51): len = 8317.4, overlap = 0
PHY-3002 : Step(52): len = 8290.1, overlap = 0
PHY-3002 : Step(53): len = 8290.1, overlap = 0
PHY-3002 : Step(54): len = 8268.3, overlap = 0
PHY-3002 : Step(55): len = 8268.3, overlap = 0
PHY-3002 : Step(56): len = 8269, overlap = 0
PHY-3001 : Legalization ...
PHY-3001 : End legalization;  0.008576s wall, 0.000000s user + 0.000000s system = 0.000000s CPU (n/a%)

PHY-3001 : Legalized: Len = 8699.2, Over = 0
PHY-3001 : End spreading;  0.002476s wall, 0.000000s user + 0.000000s system = 0.000000s CPU (n/a%)

PHY-3001 : Final: Len = 8699.2, Over = 0
OPT-1001 : Start physical optimization ...
RUN-1002 : start command "start_timer -report"
TMR-2505 : Start building timing graph for model key_filter.
TMR-2506 : Build timing graph completely. Port num: 4, tpin num: 459, tnet num: 151, tinst num: 85, tnode num: 627, tedge num: 681.
TMR-2508 : Levelizing timing graph completed, there are 15 levels in total.
TMR-2501 : Timing graph initialized successfully.
OPT-1001 : Total overflow 0.00 peak overflow 0.00
OPT-1001 : Start high-fanout net optimization ...
OPT-1001 : Update timing in global mode
PHY-1001 : Start incremental global routing, caller is place ...
RUN-1001 : Generating global routing grids ...
PHY-1001 : Generate routing nets ...
PHY-1001 : Reuse net number 13/153.
PHY-1001 : Global iterations in 16 thread ...
PHY-1002 : len = 10480, over cnt = 5(0%), over = 8, worst = 3
PHY-1002 : len = 10528, over cnt = 3(0%), over = 3, worst = 1
PHY-1002 : len = 10576, over cnt = 0(0%), over = 0, worst = 0
PHY-1001 : End global iterations;  0.028481s wall, 0.000000s user + 0.000000s system = 0.000000s CPU (n/a%)

PHY-1001 : Congestion index: top1 = 5.74, top5 = 2.71, top10 = 1.97, top15 = 1.32.
PHY-1001 : End incremental global routing;  0.065230s wall, 0.031250s user + 0.000000s system = 0.031250s CPU (47.9%)

TMR-2503 : Start to update net delay, extr mode = 5.
TMR-2504 : Update delay of 151 nets completely.
TMR-2502 : Annotate delay completely, extr mode = 5.
TMR-3001 : Initiate 0 clocks from SDC.
TMR-3004 : Map sdc constraints, there are 0 constraints in total.
TMR-3003 : Constraints initiated successfully.
TMR-3501 : Forward propagation: start to calculate arrival time...
TMR-3502 : Backward propagation: start to calculate required time...
TMR-3503 : Timing propagation completes.
OPT-1001 : End timing update;  0.002553s wall, 0.000000s user + 0.000000s system = 0.000000s CPU (n/a%)

OPT-1001 : 0 high-fanout net processed.
OPT-1001 : End high-fanout net optimization;  0.068917s wall, 0.031250s user + 0.000000s system = 0.031250s CPU (45.3%)

OPT-1001 : Current memory(MB): used = 138, reserve = 110, peak = 139.
OPT-1001 : Start path based optimization ...
OPT-1001 : Start congestion update ...
RUN-1001 : Generating global routing grids ...
PHY-1001 : Generate routing nets ...
PHY-1001 : Reuse net number 91/153.
PHY-1001 : Global iterations in 16 thread ...
PHY-1002 : len = 10576, over cnt = 0(0%), over = 0, worst = 0
PHY-1001 : End global iterations;  0.000936s wall, 0.000000s user + 0.000000s system = 0.000000s CPU (n/a%)

PHY-1001 : Congestion index: top1 = 5.74, top5 = 2.71, top10 = 1.97, top15 = 1.32.
OPT-1001 : End congestion update;  0.037329s wall, 0.015625s user + 0.000000s system = 0.015625s CPU (41.9%)

OPT-1001 : Update timing in Manhattan mode
TMR-2503 : Start to update net delay, extr mode = 3.
TMR-2504 : Update delay of 151 nets completely.
TMR-2502 : Annotate delay completely, extr mode = 3.
TMR-3501 : Forward propagation: start to calculate arrival time...
TMR-3502 : Backward propagation: start to calculate required time...
TMR-3503 : Timing propagation completes.
OPT-1001 : End timing update;  0.002265s wall, 0.000000s user + 0.000000s system = 0.000000s CPU (n/a%)

OPT-0007 : Start: WNS 2147483647 TNS 0 NUM_FEPS 0
OPT-1001 : End path based optimization;  0.039686s wall, 0.015625s user + 0.000000s system = 0.015625s CPU (39.4%)

OPT-1001 : Current memory(MB): used = 138, reserve = 110, peak = 139.
OPT-1001 : Update timing in Manhattan mode
TMR-2503 : Start to update net delay, extr mode = 3.
TMR-2504 : Update delay of 151 nets completely.
TMR-2502 : Annotate delay completely, extr mode = 3.
TMR-3501 : Forward propagation: start to calculate arrival time...
TMR-3502 : Backward propagation: start to calculate required time...
TMR-3503 : Timing propagation completes.
OPT-1001 : End timing update;  0.001759s wall, 0.000000s user + 0.000000s system = 0.000000s CPU (n/a%)

OPT-1001 : Start pin optimization...
OPT-1001 : skip pin optimization...
OPT-1001 : Update timing in global mode
PHY-1001 : Start incremental global routing, caller is place ...
RUN-1001 : Generating global routing grids ...
PHY-1001 : Generate routing nets ...
PHY-1001 : Reuse net number 91/153.
PHY-1001 : Global iterations in 16 thread ...
PHY-1002 : len = 10576, over cnt = 0(0%), over = 0, worst = 0
PHY-1001 : End global iterations;  0.000879s wall, 0.000000s user + 0.000000s system = 0.000000s CPU (n/a%)

PHY-1001 : Congestion index: top1 = 5.74, top5 = 2.71, top10 = 1.97, top15 = 1.32.
PHY-1001 : End incremental global routing;  0.041979s wall, 0.000000s user + 0.000000s system = 0.000000s CPU (n/a%)

TMR-2503 : Start to update net delay, extr mode = 5.
TMR-2504 : Update delay of 151 nets completely.
TMR-2502 : Annotate delay completely, extr mode = 5.
TMR-3501 : Forward propagation: start to calculate arrival time...
TMR-3502 : Backward propagation: start to calculate required time...
TMR-3503 : Timing propagation completes.
OPT-1001 : End timing update;  0.004236s wall, 0.015625s user + 0.000000s system = 0.015625s CPU (368.9%)

RUN-1001 : Generating global routing grids ...
PHY-1001 : Generate routing nets ...
PHY-1001 : Reuse net number 91/153.
PHY-1001 : Global iterations in 16 thread ...
PHY-1002 : len = 10576, over cnt = 0(0%), over = 0, worst = 0
PHY-1001 : End global iterations;  0.001382s wall, 0.000000s user + 0.000000s system = 0.000000s CPU (n/a%)

PHY-1001 : Congestion index: top1 = 5.74, top5 = 2.71, top10 = 1.97, top15 = 1.32.
OPT-1001 : Update timing in Manhattan mode
TMR-2503 : Start to update net delay, extr mode = 3.
TMR-2504 : Update delay of 151 nets completely.
TMR-2502 : Annotate delay completely, extr mode = 3.
TMR-3501 : Forward propagation: start to calculate arrival time...
TMR-3502 : Backward propagation: start to calculate required time...
TMR-3503 : Timing propagation completes.
OPT-1001 : End timing update;  0.002035s wall, 0.000000s user + 0.000000s system = 0.000000s CPU (n/a%)

RUN-1001 : QoR Analysis:
OPT-0007 :   WNS 2147483647 TNS 0 NUM_FEPS 0
RUN-1001 :   No local congestion issue, and most congested 1% tile average routing util is 5.241379
RUN-1001 :   Top critical paths
OPT-1001 : End physical optimization;  0.379989s wall, 0.109375s user + 0.000000s system = 0.109375s CPU (28.8%)

RUN-1003 : finish command "place" in  2.297680s wall, 0.703125s user + 0.328125s system = 1.031250s CPU (44.9%)

RUN-1004 : used memory is 122 MB, reserved memory is 94 MB, peak memory is 139 MB
RUN-1002 : start command "export_db display_place.db"
RUN-1001 : Exported /
RUN-1001 : Exported flow parameters
RUN-1001 : Exported libs
RUN-1001 : Exported entities
RUN-1001 : Exported ports
RUN-1001 : Exported pins
RUN-1001 : Exported instances
RUN-1001 : Exported nets
RUN-1001 : Exported buses
RUN-1001 : Exported models
RUN-1001 : Exported congestions
RUN-1001 : Exported violations
RUN-1001 : Exported timing constraints
RUN-1001 : Exported IO constraints
RUN-1001 : Exported Inst constraints
RUN-1002 : start command "route"
RUN-1001 : Open license file E:/Anlogic/TD5.6.59063/license/Anlogic.lic
RUN-1001 : Print Global Property
RUN-1001 : ---------------------------------------------------------------
RUN-1001 :        Parameters        |  Settings  |  Default Values  |  Note  
RUN-1001 : ---------------------------------------------------------------
RUN-1001 :          message         |  standard  |     standard     |        
RUN-1001 :   mixed_pack_place_flow  |     on     |        on        |        
RUN-1001 :        qor_monitor       |    off     |       off        |        
RUN-1001 :        syn_ip_flow       |    off     |       off        |        
RUN-1001 :          thread          |    auto    |       auto       |        
RUN-1001 : ---------------------------------------------------------------
RUN-1001 : Print Route Property
RUN-1001 : -------------------------------------------------------
RUN-1001 :    Parameters    |  Settings  |  Default Values  |  Note  
RUN-1001 : -------------------------------------------------------
RUN-1001 :      effort      |   medium   |      medium      |        
RUN-1001 :     fix_hold     |    off     |       off        |        
RUN-1001 :    opt_timing    |   medium   |      medium      |        
RUN-1001 :   phy_sim_model  |    off     |       off        |        
RUN-1001 :     priority     |   timing   |      timing      |        
RUN-1001 :     swap_pin     |     on     |        on        |        
RUN-1001 : -------------------------------------------------------
PHY-1001 : Route runs in 16 thread(s)
RUN-1001 : There are total 87 instances
RUN-1001 : 25 mslices, 25 lslices, 34 pads, 0 brams, 0 dsps
RUN-1001 : There are total 153 nets
RUN-1001 : 112 nets have 2 pins
RUN-1001 : 37 nets have [3 - 5] pins
RUN-1001 : 4 nets have [21 - 99] pins
RUN-1002 : start command "start_timer -report"
TMR-2505 : Start building timing graph for model key_filter.
TMR-2506 : Build timing graph completely. Port num: 4, tpin num: 459, tnet num: 151, tinst num: 85, tnode num: 627, tedge num: 681.
TMR-2508 : Levelizing timing graph completed, there are 15 levels in total.
TMR-2501 : Timing graph initialized successfully.
PHY-1001 : 25 mslices, 25 lslices, 34 pads, 0 brams, 0 dsps
TMR-2503 : Start to update net delay, extr mode = 3.
TMR-2504 : Update delay of 151 nets completely.
TMR-2502 : Annotate delay completely, extr mode = 3.
TMR-3001 : Initiate 0 clocks from SDC.
TMR-3004 : Map sdc constraints, there are 0 constraints in total.
TMR-3003 : Constraints initiated successfully.
TMR-3501 : Forward propagation: start to calculate arrival time...
TMR-3502 : Backward propagation: start to calculate required time...
TMR-3503 : Timing propagation completes.
PHY-1001 : Start global routing, caller is route ...
RUN-1001 : Generating global routing grids ...
PHY-1001 : Generate routing nets ...
PHY-1001 : Global iterations in 16 thread ...
PHY-1002 : len = 10272, over cnt = 5(0%), over = 9, worst = 3
PHY-1002 : len = 10344, over cnt = 2(0%), over = 2, worst = 1
PHY-1002 : len = 10376, over cnt = 0(0%), over = 0, worst = 0
PHY-1001 : End global iterations;  0.021821s wall, 0.015625s user + 0.000000s system = 0.015625s CPU (71.6%)

PHY-1001 : Congestion index: top1 = 5.86, top5 = 2.70, top10 = 1.86, top15 = 1.24.
PHY-1001 : End global routing;  0.058092s wall, 0.015625s user + 0.000000s system = 0.015625s CPU (26.9%)

PHY-1001 : Start detail routing ...
PHY-1001 : Current memory(MB): used = 161, reserve = 133, peak = 174.
PHY-1001 : Detailed router is running in normal mode.
PHY-1001 : Generate detailed routing grids ...
PHY-1001 : Generate nets ...
PHY-1001 : net clk_dup_1 will be routed on clock mesh
PHY-1001 : Current memory(MB): used = 427, reserve = 404, peak = 427.
PHY-1001 : End build detailed router design. 3.959710s wall, 1.578125s user + 0.093750s system = 1.671875s CPU (42.2%)

PHY-1001 : Detail Route ...
PHY-1001 : ===== Detail Route Phase 1 =====
PHY-1001 : Clock net routing.....
PHY-1001 : Routed 0% nets.
PHY-1022 : len = 5016, over cnt = 0(0%), over = 0, worst = 0, crit = 0
PHY-1001 : End initial clock net routed; 0.009038s wall, 0.000000s user + 0.000000s system = 0.000000s CPU (n/a%)

PHY-1001 : Current memory(MB): used = 430, reserve = 408, peak = 430.
PHY-1001 : End phase 1; 0.013991s wall, 0.000000s user + 0.000000s system = 0.000000s CPU (n/a%)

PHY-1001 : ===== Detail Route Phase 2 =====
PHY-1001 : Initial routing.....
PHY-1001 : Routed 41% nets.
PHY-1001 : Routed 47% nets.
PHY-1001 : Routed 50% nets.
PHY-1001 : Routed 52% nets.
PHY-1001 : Routed 57% nets.
PHY-1001 : Patch 24 net; 0.359416s wall, 0.125000s user + 0.000000s system = 0.125000s CPU (34.8%)

PHY-1022 : len = 20496, over cnt = 3(0%), over = 3, worst = 1, crit = 0
PHY-1001 : Current memory(MB): used = 452, reserve = 429, peak = 452.
PHY-1001 : End initial routed; 0.595245s wall, 0.203125s user + 0.015625s system = 0.218750s CPU (36.7%)

PHY-1001 : Update timing.....
PHY-1001 : 0/112(0%) critical/total net(s).
RUN-1001 : ------------------------------------------
RUN-1001 :   Type   |    WNS(ns)    |  TNS(ns)  |  FEP  
RUN-1001 : ------------------------------------------
RUN-1001 :   Setup  |  2147483.647  |   0.000   |   0   
RUN-1001 :   Hold   |  2147483.647  |   0.000   |   0   
RUN-1001 : ------------------------------------------
PHY-1001 : End update timing; 0.176265s wall, 0.109375s user + 0.000000s system = 0.109375s CPU (62.1%)

PHY-1001 : Current memory(MB): used = 453, reserve = 430, peak = 453.
PHY-1001 : End phase 2; 0.771594s wall, 0.312500s user + 0.015625s system = 0.328125s CPU (42.5%)

PHY-1001 : ===== Detail Route Phase 3 =====
PHY-1001 : Optimize timing.....
PHY-1022 : len = 20496, over cnt = 3(0%), over = 3, worst = 1, crit = 0
PHY-1001 : End optimize timing; 0.005121s wall, 0.000000s user + 0.000000s system = 0.000000s CPU (n/a%)

PHY-1001 : Ripup-reroute.....
PHY-1001 : ===== DR Iter 1 =====
PHY-1022 : len = 20496, over cnt = 0(0%), over = 0, worst = 0, crit = 0
PHY-1001 : End DR Iter 1; 0.012283s wall, 0.000000s user + 0.000000s system = 0.000000s CPU (n/a%)

PHY-1001 : Update timing.....
PHY-1001 : 0/112(0%) critical/total net(s).
RUN-1001 : ------------------------------------------
RUN-1001 :   Type   |    WNS(ns)    |  TNS(ns)  |  FEP  
RUN-1001 : ------------------------------------------
RUN-1001 :   Setup  |  2147483.647  |   0.000   |   0   
RUN-1001 :   Hold   |  2147483.647  |   0.000   |   0   
RUN-1001 : ------------------------------------------
PHY-1001 : End update timing; 0.253651s wall, 0.109375s user + 0.000000s system = 0.109375s CPU (43.1%)

PHY-1001 : Commit to database.....
PHY-1001 : 2 feed throughs used by 2 nets
PHY-1001 : End commit to database; 0.018311s wall, 0.015625s user + 0.000000s system = 0.015625s CPU (85.3%)

PHY-1001 : Current memory(MB): used = 463, reserve = 439, peak = 463.
PHY-1001 : End phase 3; 0.423906s wall, 0.140625s user + 0.000000s system = 0.140625s CPU (33.2%)

PHY-1003 : Routed, final wirelength = 20496
PHY-1001 : Current memory(MB): used = 463, reserve = 439, peak = 463.
PHY-1001 : End export database. 0.004554s wall, 0.000000s user + 0.000000s system = 0.000000s CPU (n/a%)

PHY-1001 : End detail routing;  5.384869s wall, 2.171875s user + 0.109375s system = 2.281250s CPU (42.4%)

RUN-1003 : finish command "route" in  5.690283s wall, 2.312500s user + 0.109375s system = 2.421875s CPU (42.6%)

RUN-1004 : used memory is 417 MB, reserved memory is 395 MB, peak memory is 463 MB
RUN-1002 : start command "report_area -io_info -file display_phy.area"
RUN-1001 : standard
***Report Model: key_filter Device: EG4S20BG256***

IO Statistics
#IO                        34
  #input                   18
  #output                  16
  #inout                    0

Utilization Statistics
#lut                       42   out of  19600    0.21%
#reg                       52   out of  19600    0.27%
#le                        65
  #lut only                13   out of     65   20.00%
  #reg only                23   out of     65   35.38%
  #lut&reg                 29   out of     65   44.62%
#dsp                        0   out of     29    0.00%
#bram                       0   out of     64    0.00%
  #bram9k                   0
  #fifo9k                   0
#bram32k                    0   out of     16    0.00%
#pad                       34   out of    188   18.09%
  #ireg                     0
  #oreg                     0
  #treg                     0
#pll                        0   out of      4    0.00%
#gclk                       1   out of     16    6.25%

Clock Resource Statistics
Index     ClockNet     Type               DriverType         Driver          Fanout
#1        clk_dup_1    GCLK               io                 clk_syn_2.di    42


Detailed IO Report

     Name        Direction    Location    IOStandard    DriveStrength    PullType    PackReg  
      clk          INPUT         F9        LVCMOS25          N/A           N/A        NONE    
  key_in[15]       INPUT         R2        LVCMOS25          N/A           N/A        NONE    
  key_in[14]       INPUT        D11        LVCMOS25          N/A           N/A        NONE    
  key_in[13]       INPUT         G6        LVCMOS25          N/A           N/A        NONE    
  key_in[12]       INPUT         M2        LVCMOS25          N/A           N/A        NONE    
  key_in[11]       INPUT        C13        LVCMOS25          N/A           N/A        NONE    
  key_in[10]       INPUT         H1        LVCMOS25          N/A           N/A        NONE    
   key_in[9]       INPUT         N5        LVCMOS25          N/A           N/A        NONE    
   key_in[8]       INPUT        N16        LVCMOS25          N/A           N/A        NONE    
   key_in[7]       INPUT        K11        LVCMOS25          N/A           N/A        NONE    
   key_in[6]       INPUT        K14        LVCMOS25          N/A           N/A        NONE    
   key_in[5]       INPUT         A6        LVCMOS25          N/A           N/A        NONE    
   key_in[4]       INPUT         J1        LVCMOS25          N/A           N/A        NONE    
   key_in[3]       INPUT        E15        LVCMOS25          N/A           N/A        NONE    
   key_in[2]       INPUT         D1        LVCMOS25          N/A           N/A        NONE    
   key_in[1]       INPUT         R5        LVCMOS25          N/A           N/A        NONE    
   key_in[0]       INPUT        N14        LVCMOS25          N/A           N/A        NONE    
     rstn          INPUT        P15        LVCMOS25          N/A           N/A        NONE    
  key_deb[15]     OUTPUT        H16        LVCMOS25           8            N/A        NONE    
  key_deb[14]     OUTPUT         C7        LVCMOS25           8            N/A        NONE    
  key_deb[13]     OUTPUT        J11        LVCMOS25           8            N/A        NONE    
  key_deb[12]     OUTPUT         M6        LVCMOS25           8            N/A        NONE    
  key_deb[11]     OUTPUT        H11        LVCMOS25           8            N/A        NONE    
  key_deb[10]     OUTPUT         B2        LVCMOS25           8            N/A        NONE    
  key_deb[9]      OUTPUT         M1        LVCMOS25           8            N/A        NONE    
  key_deb[8]      OUTPUT         J4        LVCMOS25           8            N/A        NONE    
  key_deb[7]      OUTPUT        A12        LVCMOS25           8            N/A        NONE    
  key_deb[6]      OUTPUT        P14        LVCMOS25           8            N/A        NONE    
  key_deb[5]      OUTPUT         T4        LVCMOS25           8            N/A        NONE    
  key_deb[4]      OUTPUT        G14        LVCMOS25           8            N/A        NONE    
  key_deb[3]      OUTPUT         H5        LVCMOS25           8            N/A        NONE    
  key_deb[2]      OUTPUT         K6        LVCMOS25           8            N/A        NONE    
  key_deb[1]      OUTPUT        E10        LVCMOS25           8            N/A        NONE    
  key_deb[0]      OUTPUT         F1        LVCMOS25           8            N/A        NONE    

Report Hierarchy Area:
+--------------------------------------------------------------------------+
|Instance |Module     |le     |lut     |ripple  |seq     |bram    |dsp     |
+--------------------------------------------------------------------------+
|top      |key_filter |65     |36      |6       |52      |0       |0       |
+--------------------------------------------------------------------------+


DataNet Average Fanout:

   Index     Fanout    Nets  
    #1         1        78   
    #2         2        36   
    #3       11-50      2    
  Average     2.00           

RUN-1002 : start command "export_db display_pr.db"
RUN-1001 : Exported /
RUN-1001 : Exported flow parameters
RUN-1001 : Exported libs
RUN-1001 : Exported entities
RUN-1001 : Exported ports
RUN-1001 : Exported pins
RUN-1001 : Exported instances
RUN-1001 : Exported nets
RUN-1001 : Exported buses
RUN-1001 : Exported models
RUN-1001 : Exported congestions
RUN-1001 : Exported violations
RUN-1001 : Exported timing constraints
RUN-1001 : Exported IO constraints
RUN-1001 : Exported Inst constraints
RUN-1002 : start command "export_bid display_inst.bid"
RUN-1002 : start command "bitgen -bit display.bit -unused_io_status pulldown"
BIT-1003 : Start to generate bitstream. 
BIT-1002 : Bitgen processed 154 unused pads, reserve input tri_state with pulldown
BIT-1002 : Init instances with 16 threads.
BIT-1002 : Init instances completely, inst num: 239
BIT-1002 : Init pips with 16 threads.
BIT-1002 : Init pips completely, net num: 153, pip num: 1121
BIT-1002 : Init feedthrough completely, num: 2
BIT-1003 : Multithreading accelaration with 16 threads.
BIT-1003 : Generate bitstream completely, there are 673 valid insts, and 2950 bits set as '1'.
BIT-1004 : PLL setting string = 0000
BIT-1004 : Generate bits file display.bit.
RUN-1002 : start command "backup_run_log run.log ../.logs/phy_1/td_20240826_195735.log"
