============================================================
   Tang Dynasty, V5.6.59063
   Copyright (c) 2012-2022 Anlogic
   Executable = E:/Anlogic/TD5.6.59063/bin/td.exe
   Built at =   12:45:13 Sep  6 2022
   Run by =     19234
   Run Date =   Mon Aug 26 15:04:11 2024

   Run on =     ERIKPSW
============================================================
RUN-1002 : start command "open_project display.prj"
RUN-1001 : Print Global Property
RUN-1001 : ---------------------------------------------------------------
RUN-1001 :        Parameters        |  Settings  |  Default Values  |  Note  
RUN-1001 : ---------------------------------------------------------------
RUN-1001 :          message         |  standard  |     standard     |        
RUN-1001 :   mixed_pack_place_flow  |     on     |        on        |        
RUN-1001 :        qor_monitor       |    off     |       off        |        
RUN-1001 :        syn_ip_flow       |    off     |       off        |        
RUN-1001 :          thread          |    auto    |       auto       |        
RUN-1001 : ---------------------------------------------------------------
RUN-1001 : Print Design Property
RUN-1001 : --------------------------------------------------------------
RUN-1001 :        Parameters       |  Settings  |  Default Values  |  Note  
RUN-1001 : --------------------------------------------------------------
RUN-1001 :   default_reg_initial   |    auto    |       auto       |        
RUN-1001 :        infer_add        |     on     |        on        |        
RUN-1001 :        infer_fsm        |    off     |       off        |        
RUN-1001 :        infer_mult       |     on     |        on        |        
RUN-1001 :        infer_ram        |     on     |        on        |        
RUN-1001 :        infer_reg        |     on     |        on        |        
RUN-1001 :   infer_reg_init_value  |     on     |        on        |        
RUN-1001 :        infer_rom        |     on     |        on        |        
RUN-1001 :      infer_shifter      |     on     |        on        |        
RUN-1001 : --------------------------------------------------------------
RUN-1001 : Print Rtl Property
RUN-1001 : --------------------------------------------------------------
RUN-1001 :        Parameters       |  Settings  |  Default Values  |  Note  
RUN-1001 : --------------------------------------------------------------
RUN-1001 :       compress_add      |   ripple   |      ripple      |        
RUN-1001 :        elf_sload        |    off     |       off        |        
RUN-1001 :       fix_undriven      |     0      |        0         |        
RUN-1001 :         flatten         |    off     |       off        |        
RUN-1001 :       gate_sharing      |     on     |        on        |        
RUN-1001 :    hdl_warning_level    |   normal   |      normal      |        
RUN-1001 :   impl_internal_tribuf  |     on     |        on        |        
RUN-1001 :      impl_set_reset     |     on     |        on        |        
RUN-1001 :        infer_gsr        |    off     |       off        |        
RUN-1001 :      keep_hierarchy     |    auto    |       auto       |        
RUN-1001 :        max_fanout       |    9999    |       9999       |        
RUN-1001 :      max_oh2bin_len     |     10     |        10        |        
RUN-1001 :       merge_equal       |     on     |        on        |        
RUN-1001 :       merge_equiv       |     on     |        on        |        
RUN-1001 :        merge_mux        |    off     |       off        |        
RUN-1001 :     min_control_set     |     8      |        8         |        
RUN-1001 :      min_ripple_len     |    auto    |       auto       |        
RUN-1001 :       oh2bin_ratio      |    0.08    |       0.08       |        
RUN-1001 :     opt_adder_fanout    |     on     |        on        |        
RUN-1001 :        opt_arith        |     on     |        on        |        
RUN-1001 :       opt_big_gate      |    off     |       off        |        
RUN-1001 :        opt_const        |     on     |        on        |        
RUN-1001 :      opt_const_mult     |     on     |        on        |        
RUN-1001 :       opt_lessthan      |     on     |        on        |        
RUN-1001 :         opt_mux         |    off     |       off        |        
RUN-1001 :         opt_ram         |    high    |       high       |        
RUN-1001 :      rtl_sim_model      |    off     |       off        |        
RUN-1001 :         seq_syn         |     on     |        on        |        
RUN-1001 : --------------------------------------------------------------
HDL-1007 : analyze verilog file ../../Digitron_TimeDisplay_module.v
HDL-1007 : analyze verilog file ../../key_filter.v
HDL-1007 : analyze verilog file ../../keyboard_instance.v
HDL-1007 : analyze verilog file ../../keyboard_scan.v
HDL-1007 : analyze verilog file ../../onehot2binary.v
RUN-1001 : Project manager successfully analyzed 5 source files.
RUN-1002 : start command "import_device eagle_s20.db -package EG4S20BG256"
ARC-1001 : Device Initialization.
ARC-1001 : ------------------------------------------------------------------
ARC-1001 :            OPTION            |          IO          |   SETTING   
ARC-1001 : ------------------------------------------------------------------
ARC-1001 :   cso_b/cclk/mosi/miso/dout  |  T3/R11/T10/P10/S11  |    gpio    
ARC-1001 :             done             |         P13          |    gpio    
ARC-1001 :           program_b          |          T2          |  dedicate  
ARC-1001 :        tdi/tms/tck/tdo       |   C12/A15/C14/E14    |  dedicate  
ARC-1001 : ------------------------------------------------------------------
ARC-1004 : Device setting, marked 5 dedicate IOs in total.
RUN-1002 : start command "import_db ../syn_1/display_gate.db"
RUN-1001 : Importing database generated by Tang Dynasty, V5.6.59063.
RUN-1001 : Database version number 46140.
RUN-1001 : Import flow parameters
RUN-1001 : Import timing constraints
RUN-1001 : Import IO constraints
RUN-1001 : Import Inst constraints
RUN-1001 : Import design success TD_VERSION=5.6.59063 , DB_VERSION=46140
RUN-1002 : start command "read_sdc"
USR-1002 : read_sdc file_name -help -h -eco
USR-1009 : NO module with IP_SDC ...
RUN-1104 : Import SDC file  finished, there are 0 nets kept by constraints.
RUN-1002 : start command "place"
RUN-1001 : Open license file E:/Anlogic/TD5.6.59063/license/Anlogic.lic
RUN-1001 : Print Global Property
RUN-1001 : ---------------------------------------------------------------
RUN-1001 :        Parameters        |  Settings  |  Default Values  |  Note  
RUN-1001 : ---------------------------------------------------------------
RUN-1001 :          message         |  standard  |     standard     |        
RUN-1001 :   mixed_pack_place_flow  |     on     |        on        |        
RUN-1001 :        qor_monitor       |    off     |       off        |        
RUN-1001 :        syn_ip_flow       |    off     |       off        |        
RUN-1001 :          thread          |    auto    |       auto       |        
RUN-1001 : ---------------------------------------------------------------
RUN-1001 : Print Place Property
RUN-1001 : --------------------------------------------------------------
RUN-1001 :        Parameters       |  Settings  |  Default Values  |  Note  
RUN-1001 : --------------------------------------------------------------
RUN-1001 :      detailed_place     |     on     |        on        |        
RUN-1001 :          effort         |   medium   |      medium      |        
RUN-1001 :         fix_hold        |    off     |       off        |        
RUN-1001 :       legalization      |    ori     |       ori        |        
RUN-1001 :      new_spreading      |     on     |        on        |        
RUN-1001 :        opt_timing       |   medium   |      medium      |        
RUN-1001 :   post_clock_route_opt  |    off     |       off        |        
RUN-1001 :       pr_strategy       |     1      |        1         |        
RUN-1001 :        relaxation       |    1.00    |       1.00       |        
RUN-1001 :         retiming        |    off     |       off        |        
RUN-1001 : --------------------------------------------------------------
PHY-3001 : Placer runs in 16 thread(s).
RUN-1002 : start command "legalize_phy_inst"
SYN-1011 : Flatten model keyboard_instance
RUN-1002 : start command "phys_opt -simplify_lut"
SYN-4024 : Net "clk_50M_dup_1" drives clk pins.
SYN-4024 : Net "U1/scan_clk" drives clk pins.
SYN-4025 : Tag rtl::Net U1/scan_clk as clock net
SYN-4025 : Tag rtl::Net clk_50M_dup_1 as clock net
SYN-4026 : Tagged 2 rtl::Net as clock net
SYN-4015 : Create BUFG instance for clk Net U1/scan_clk to drive 20 clock pins.
PHY-1001 : Populate physical database on model keyboard_instance.
RUN-1001 : There are total 241 instances
RUN-0007 : 97 luts, 97 seqs, 11 mslices, 9 lslices, 23 pads, 0 brams, 0 dsps
RUN-1001 : There are total 296 nets
RUN-1001 : 165 nets have 2 pins
RUN-1001 : 116 nets have [3 - 5] pins
RUN-1001 : 9 nets have [6 - 10] pins
RUN-1001 : 1 nets have [11 - 20] pins
RUN-1001 : 5 nets have [21 - 99] pins
RUN-1001 : Report Control nets information:
RUN-1001 : DFF Distribution
RUN-1001 : ----------------------------------
RUN-1001 :   CE   |  SSR  |  ASR  |  DFF Count  
RUN-1001 : ----------------------------------
RUN-1001 :   No   |  No   |  No   |     57      
RUN-1001 :   No   |  No   |  Yes  |      8      
RUN-1001 :   No   |  Yes  |  No   |      0      
RUN-1001 :   Yes  |  No   |  No   |      0      
RUN-1001 :   Yes  |  No   |  Yes  |     32      
RUN-1001 :   Yes  |  Yes  |  No   |      0      
RUN-1001 : ----------------------------------
RUN-0007 : Control Group Statistic
RUN-0007 : ---------------------------
RUN-0007 :   #CLK  |  #CE  |  #SSR/ASR  
RUN-0007 : ---------------------------
RUN-0007 :    2    |   2   |     2      
RUN-0007 : ---------------------------
RUN-0007 : Control Set = 4
PHY-3001 : Initial placement ...
PHY-3001 : design contains 239 instances, 97 luts, 97 seqs, 20 slices, 2 macros(20 instances: 11 mslices 9 lslices)
PHY-0007 : Cell area utilization is 0%
PHY-3001 : Start timing update ...
RUN-1002 : start command "start_timer -report"
TMR-2505 : Start building timing graph for model keyboard_instance.
TMR-2506 : Build timing graph completely. Port num: 7, tpin num: 1005, tnet num: 294, tinst num: 239, tnode num: 1299, tedge num: 1569.
TMR-2508 : Levelizing timing graph completed, there are 27 levels in total.
TMR-2501 : Timing graph initialized successfully.
TMR-2503 : Start to update net delay, extr mode = 2.
TMR-2504 : Update delay of 294 nets completely.
TMR-2502 : Annotate delay completely, extr mode = 2.
TMR-3001 : Initiate 0 clocks from SDC.
TMR-3004 : Map sdc constraints, there are 0 constraints in total.
TMR-3003 : Constraints initiated successfully.
TMR-3501 : Forward propagation: start to calculate arrival time...
TMR-3502 : Backward propagation: start to calculate required time...
TMR-3503 : Timing propagation completes.
PHY-3001 : End timing update;  0.124231s wall, 0.109375s user + 0.000000s system = 0.109375s CPU (88.0%)

PHY-3001 : Global placement ...
PHY-3001 : Initial: Len = 67802.2
PHY-3001 : Clustering ...
PHY-3001 : Level 0 #clusters 239.
PHY-3001 : End clustering;  0.000015s wall, 0.000000s user + 0.000000s system = 0.000000s CPU (n/a%)

PHY-3001 : Run with size of 4
PHY-3001 : Cell area utilization is 0%
PHY-3001 : :::0::: Try harder cell spreading with beta_ = 0
PHY-3002 : Step(1): len = 47080.4, overlap = 0
PHY-3002 : Step(2): len = 30655, overlap = 0
PHY-3002 : Step(3): len = 24010.7, overlap = 0
PHY-3002 : Step(4): len = 18743.5, overlap = 0
PHY-3002 : Step(5): len = 15508, overlap = 0
PHY-3002 : Step(6): len = 14134.7, overlap = 0
PHY-3002 : Step(7): len = 13699.2, overlap = 0
PHY-3002 : Step(8): len = 12425.3, overlap = 0
PHY-3002 : Step(9): len = 11405, overlap = 0
PHY-3002 : Step(10): len = 11496, overlap = 0
PHY-3002 : Step(11): len = 10456.9, overlap = 0
PHY-3002 : Step(12): len = 9969, overlap = 0
PHY-3002 : Step(13): len = 10086.3, overlap = 0
PHY-3002 : Step(14): len = 9032.8, overlap = 0
PHY-3002 : Step(15): len = 8186.6, overlap = 0
PHY-3002 : Step(16): len = 7999.4, overlap = 0
PHY-3002 : Step(17): len = 7393.3, overlap = 0
PHY-3002 : Step(18): len = 7721.2, overlap = 0
PHY-3002 : Step(19): len = 7911.1, overlap = 0
PHY-3002 : Step(20): len = 7702.7, overlap = 0
PHY-3002 : Step(21): len = 7294, overlap = 0
PHY-3002 : Step(22): len = 7504.7, overlap = 0
PHY-3002 : Step(23): len = 6850.3, overlap = 0
PHY-3002 : Step(24): len = 6516.1, overlap = 0
PHY-3002 : Step(25): len = 6563.4, overlap = 0
PHY-3002 : Step(26): len = 6207.5, overlap = 0
PHY-3002 : Step(27): len = 5987.6, overlap = 0
PHY-3002 : Step(28): len = 5760.9, overlap = 0
PHY-3002 : Step(29): len = 5742.7, overlap = 0
PHY-3002 : Step(30): len = 5516.5, overlap = 0
PHY-3002 : Step(31): len = 5195.9, overlap = 0
PHY-3002 : Step(32): len = 5426, overlap = 0
PHY-3002 : Step(33): len = 4943.4, overlap = 0
PHY-3002 : Step(34): len = 3922.6, overlap = 0
PHY-3002 : Step(35): len = 3777.8, overlap = 0
PHY-3002 : Step(36): len = 3777.8, overlap = 0
PHY-3002 : Step(37): len = 3487.1, overlap = 0
PHY-3002 : Step(38): len = 3560.1, overlap = 0
PHY-3002 : Step(39): len = 3560.1, overlap = 0
PHY-3001 : Legalization ...
PHY-3001 : End legalization;  0.004214s wall, 0.000000s user + 0.000000s system = 0.000000s CPU (n/a%)

PHY-3001 : Run with size of 4
PHY-3001 : Cell area utilization is 0%
PHY-3001 : Update timing in Manhattan mode ...
TMR-2503 : Start to update net delay, extr mode = 3.
TMR-2504 : Update delay of 294 nets completely.
TMR-2502 : Annotate delay completely, extr mode = 3.
TMR-3501 : Forward propagation: start to calculate arrival time...
TMR-3502 : Backward propagation: start to calculate required time...
TMR-3503 : Timing propagation completes.
PHY-3001 : End timing update;  0.003122s wall, 0.000000s user + 0.000000s system = 0.000000s CPU (n/a%)

PHY-3001 : :::0::: Try harder cell spreading with beta_ = 0
PHY-3002 : Step(40): len = 3331.3, overlap = 0
PHY-3002 : Step(41): len = 3373.3, overlap = 0
PHY-3002 : Step(42): len = 3432.4, overlap = 0
PHY-3001 : Run with size of 2
PHY-3001 : Cell area utilization is 0%
PHY-3001 : Update timing in Manhattan mode ...
TMR-2503 : Start to update net delay, extr mode = 3.
TMR-2504 : Update delay of 294 nets completely.
TMR-2502 : Annotate delay completely, extr mode = 3.
TMR-3501 : Forward propagation: start to calculate arrival time...
TMR-3502 : Backward propagation: start to calculate required time...
TMR-3503 : Timing propagation completes.
PHY-3001 : End timing update;  0.003035s wall, 0.000000s user + 0.000000s system = 0.000000s CPU (n/a%)

PHY-3001 : :::0::: Try harder cell spreading with beta_ = 0
PHY-3002 : Step(43): len = 3297.8, overlap = 0.34375
PHY-3002 : Step(44): len = 3297.8, overlap = 0.34375
PHY-3002 : Step(45): len = 3312.7, overlap = 0.34375
PHY-3002 : Step(46): len = 3382.3, overlap = 0.34375
PHY-3002 : Step(47): len = 3500.8, overlap = 0.4375
PHY-3002 : Step(48): len = 3660.9, overlap = 1.03125
PHY-3002 : Step(49): len = 3329.3, overlap = 1.53125
PHY-3002 : Step(50): len = 3314.2, overlap = 2.03125
PHY-3002 : Step(51): len = 3357.6, overlap = 2.125
PHY-3002 : Step(52): len = 3146.6, overlap = 2.34375
PHY-3002 : Step(53): len = 3201.3, overlap = 2.40625
PHY-3002 : Step(54): len = 3048.3, overlap = 2.4375
PHY-3002 : Step(55): len = 3093.7, overlap = 2.4375
PHY-3002 : Step(56): len = 3135.6, overlap = 2.15625
OPT-1001 : Start physical optimization ...
RUN-1002 : start command "start_timer -report"
TMR-2505 : Start building timing graph for model keyboard_instance.
TMR-2506 : Build timing graph completely. Port num: 7, tpin num: 1005, tnet num: 294, tinst num: 239, tnode num: 1299, tedge num: 1569.
TMR-2508 : Levelizing timing graph completed, there are 27 levels in total.
TMR-2501 : Timing graph initialized successfully.
OPT-1001 : Total overflow 12.94 peak overflow 1.41
OPT-1001 : Start high-fanout net optimization ...
OPT-1001 : Update timing in global mode
PHY-1001 : Start incremental global routing, caller is place ...
RUN-1001 : Generating global routing grids ...
RUN-1001 : Building simple global routing graph ...
PHY-1001 : Generate routing nets ...
PHY-1001 : Reuse net number 0/296.
PHY-1001 : Global iterations in 16 thread ...
PHY-1002 : len = 3208, over cnt = 10(0%), over = 60, worst = 15
PHY-1001 : End global iterations;  0.018044s wall, 0.000000s user + 0.015625s system = 0.015625s CPU (86.6%)

PHY-1001 : Congestion index: top1 = 10.28, top5 = 2.69, top10 = 1.34, top15 = 0.89.
PHY-1001 : End incremental global routing;  0.079240s wall, 0.015625s user + 0.015625s system = 0.031250s CPU (39.4%)

TMR-2503 : Start to update net delay, extr mode = 5.
TMR-2504 : Update delay of 294 nets completely.
TMR-2502 : Annotate delay completely, extr mode = 5.
TMR-3001 : Initiate 0 clocks from SDC.
TMR-3004 : Map sdc constraints, there are 0 constraints in total.
TMR-3003 : Constraints initiated successfully.
TMR-3501 : Forward propagation: start to calculate arrival time...
TMR-3502 : Backward propagation: start to calculate required time...
TMR-3503 : Timing propagation completes.
OPT-1001 : End timing update;  0.003976s wall, 0.000000s user + 0.000000s system = 0.000000s CPU (n/a%)

OPT-1001 : 0 high-fanout net processed.
OPT-1001 : End high-fanout net optimization;  0.085844s wall, 0.015625s user + 0.015625s system = 0.031250s CPU (36.4%)

OPT-1001 : Current memory(MB): used = 138, reserve = 109, peak = 138.
OPT-1001 : Start global optimization ...
OPT-1001 : Start congestion update ...
RUN-1001 : Generating global routing grids ...
PHY-1001 : Generate routing nets ...
PHY-1001 : Reuse net number 151/296.
PHY-1001 : Global iterations in 16 thread ...
PHY-1002 : len = 3208, over cnt = 10(0%), over = 60, worst = 15
PHY-1002 : len = 3840, over cnt = 9(0%), over = 14, worst = 4
PHY-1002 : len = 3936, over cnt = 5(0%), over = 5, worst = 1
PHY-1002 : len = 4024, over cnt = 1(0%), over = 1, worst = 1
PHY-1002 : len = 4056, over cnt = 0(0%), over = 0, worst = 0
PHY-1001 : End global iterations;  0.024976s wall, 0.015625s user + 0.000000s system = 0.015625s CPU (62.6%)

PHY-1001 : Congestion index: top1 = 11.59, top5 = 3.18, top10 = 1.58, top15 = 1.06.
OPT-1001 : End congestion update;  0.069836s wall, 0.031250s user + 0.031250s system = 0.062500s CPU (89.5%)

OPT-1001 : Update timing in Manhattan mode
TMR-2503 : Start to update net delay, extr mode = 3.
TMR-2504 : Update delay of 294 nets completely.
TMR-2502 : Annotate delay completely, extr mode = 3.
TMR-3501 : Forward propagation: start to calculate arrival time...
TMR-3502 : Backward propagation: start to calculate required time...
TMR-3503 : Timing propagation completes.
OPT-1001 : End timing update;  0.006401s wall, 0.000000s user + 0.000000s system = 0.000000s CPU (n/a%)

OPT-0007 : Start: WNS 2147483647 TNS 0 NUM_FEPS 0
OPT-1001 : End global optimization;  0.076387s wall, 0.031250s user + 0.031250s system = 0.062500s CPU (81.8%)

OPT-1001 : Current memory(MB): used = 138, reserve = 109, peak = 138.
OPT-1001 : End physical optimization;  0.274583s wall, 0.125000s user + 0.062500s system = 0.187500s CPU (68.3%)

PHY-3001 : Start packing ...
SYN-4007 : Packing 0 MUX to BLE ...
SYN-4008 : Packed 0 MUX and 0 SEQ to BLE.
SYN-4007 : Packing 97 LUT to BLE ...
SYN-4008 : Packed 97 LUT and 39 SEQ to BLE.
SYN-4003 : Packing 58 remaining SEQ's ...
SYN-4005 : Packed 35 SEQ with LUT/SLICE
SYN-4006 : 25 single LUT's are left
SYN-4006 : 23 single SEQ's are left
SYN-4011 : Packing model "keyboard_instance" (AL_USER_NORMAL) with 120/167 primitive instances ...
PHY-3001 : End packing;  0.012900s wall, 0.000000s user + 0.015625s system = 0.015625s CPU (121.1%)

PHY-1001 : Populate physical database on model keyboard_instance.
RUN-1001 : There are total 111 instances
RUN-1001 : 42 mslices, 42 lslices, 23 pads, 0 brams, 0 dsps
RUN-1001 : There are total 257 nets
RUN-1001 : 124 nets have 2 pins
RUN-1001 : 115 nets have [3 - 5] pins
RUN-1001 : 12 nets have [6 - 10] pins
RUN-1001 : 2 nets have [11 - 20] pins
RUN-1001 : 4 nets have [21 - 99] pins
PHY-3001 : design contains 109 instances, 84 slices, 2 macros(20 instances: 11 mslices 9 lslices)
PHY-3001 : Cell area utilization is 1%
PHY-3001 : After packing: Len = 3313.4, Over = 3.75
PHY-3001 : Run with size of 2
PHY-3001 : Cell area utilization is 1%
PHY-3001 : Update timing in Manhattan mode ...
RUN-1002 : start command "start_timer -report"
TMR-2505 : Start building timing graph for model keyboard_instance.
TMR-2506 : Build timing graph completely. Port num: 7, tpin num: 862, tnet num: 255, tinst num: 109, tnode num: 1083, tedge num: 1404.
TMR-2508 : Levelizing timing graph completed, there are 25 levels in total.
TMR-2501 : Timing graph initialized successfully.
TMR-2503 : Start to update net delay, extr mode = 3.
TMR-2504 : Update delay of 255 nets completely.
TMR-2502 : Annotate delay completely, extr mode = 3.
TMR-3001 : Initiate 0 clocks from SDC.
TMR-3004 : Map sdc constraints, there are 0 constraints in total.
TMR-3003 : Constraints initiated successfully.
TMR-3501 : Forward propagation: start to calculate arrival time...
TMR-3502 : Backward propagation: start to calculate required time...
TMR-3503 : Timing propagation completes.
PHY-3001 : End timing update;  0.207827s wall, 0.125000s user + 0.000000s system = 0.125000s CPU (60.1%)

PHY-3001 : :::0::: Try harder cell spreading with beta_ = 0
PHY-3002 : Step(57): len = 2949, overlap = 3.5
PHY-3002 : Step(58): len = 2951.8, overlap = 4
PHY-3002 : Step(59): len = 2867.7, overlap = 4.25
PHY-3001 : :::1::: Try harder cell spreading with beta_ = 0.00966301
PHY-3002 : Step(60): len = 2827.2, overlap = 4.25
PHY-3002 : Step(61): len = 2780.7, overlap = 4
PHY-3002 : Step(62): len = 2760.3, overlap = 4.25
PHY-3001 : Legalization ...
PHY-3001 : End legalization;  0.031131s wall, 0.000000s user + 0.015625s system = 0.015625s CPU (50.2%)

PHY-3001 : Trial Legalized: Len = 5045.7
PHY-3001 : Run with size of 2
PHY-3001 : Cell area utilization is 1%
PHY-3001 : Update timing in Manhattan mode ...
TMR-2503 : Start to update net delay, extr mode = 3.
TMR-2504 : Update delay of 255 nets completely.
TMR-2502 : Annotate delay completely, extr mode = 3.
TMR-3501 : Forward propagation: start to calculate arrival time...
TMR-3502 : Backward propagation: start to calculate required time...
TMR-3503 : Timing propagation completes.
PHY-3001 : End timing update;  0.002864s wall, 0.000000s user + 0.000000s system = 0.000000s CPU (n/a%)

PHY-3001 : :::0::: Try harder cell spreading with beta_ = 0
PHY-3002 : Step(63): len = 3487.7, overlap = 1
PHY-3002 : Step(64): len = 2992.6, overlap = 1.5
PHY-3002 : Step(65): len = 2814.4, overlap = 2
PHY-3002 : Step(66): len = 2793.2, overlap = 2.25
PHY-3002 : Step(67): len = 2681.6, overlap = 2.25
PHY-3002 : Step(68): len = 2681.6, overlap = 2.25
PHY-3002 : Step(69): len = 2638.1, overlap = 2.25
PHY-3002 : Step(70): len = 2641.9, overlap = 2.25
PHY-3002 : Step(71): len = 2641.9, overlap = 2.25
PHY-3001 : :::1::: Try harder cell spreading with beta_ = 0.00154436
PHY-3002 : Step(72): len = 2626.8, overlap = 2.25
PHY-3002 : Step(73): len = 2626.8, overlap = 2.25
PHY-3001 : Legalization ...
PHY-3001 : End legalization;  0.007252s wall, 0.000000s user + 0.000000s system = 0.000000s CPU (n/a%)

PHY-3001 : Legalized: Len = 4198.9, Over = 0
PHY-3001 : Spreading special nets. 2 overflows in 2952 tiles.
PHY-3001 : End spreading;  0.002510s wall, 0.015625s user + 0.000000s system = 0.015625s CPU (622.5%)

PHY-3001 : 3 instances has been re-located, deltaX = 2, deltaY = 1, maxDist = 1.
PHY-3001 : Final: Len = 4242.9, Over = 0
OPT-1001 : Start physical optimization ...
RUN-1002 : start command "start_timer -report"
TMR-2505 : Start building timing graph for model keyboard_instance.
TMR-2506 : Build timing graph completely. Port num: 7, tpin num: 862, tnet num: 255, tinst num: 109, tnode num: 1083, tedge num: 1404.
TMR-2508 : Levelizing timing graph completed, there are 25 levels in total.
TMR-2501 : Timing graph initialized successfully.
OPT-1001 : Total overflow 0.00 peak overflow 0.00
OPT-1001 : Start high-fanout net optimization ...
OPT-1001 : Update timing in global mode
PHY-1001 : Start incremental global routing, caller is place ...
RUN-1001 : Generating global routing grids ...
PHY-1001 : Generate routing nets ...
PHY-1001 : Reuse net number 6/257.
PHY-1001 : Global iterations in 16 thread ...
PHY-1002 : len = 4624, over cnt = 21(0%), over = 27, worst = 4
PHY-1002 : len = 4720, over cnt = 10(0%), over = 13, worst = 4
PHY-1002 : len = 4888, over cnt = 0(0%), over = 0, worst = 0
PHY-1001 : End global iterations;  0.035083s wall, 0.015625s user + 0.000000s system = 0.015625s CPU (44.5%)

PHY-1001 : Congestion index: top1 = 13.77, top5 = 3.95, top10 = 1.97, top15 = 1.31.
PHY-1001 : End incremental global routing;  0.088853s wall, 0.062500s user + 0.000000s system = 0.062500s CPU (70.3%)

TMR-2503 : Start to update net delay, extr mode = 5.
TMR-2504 : Update delay of 255 nets completely.
TMR-2502 : Annotate delay completely, extr mode = 5.
TMR-3001 : Initiate 0 clocks from SDC.
TMR-3004 : Map sdc constraints, there are 0 constraints in total.
TMR-3003 : Constraints initiated successfully.
TMR-3501 : Forward propagation: start to calculate arrival time...
TMR-3502 : Backward propagation: start to calculate required time...
TMR-3503 : Timing propagation completes.
OPT-1001 : End timing update;  0.004447s wall, 0.000000s user + 0.000000s system = 0.000000s CPU (n/a%)

OPT-1001 : 0 high-fanout net processed.
OPT-1001 : End high-fanout net optimization;  0.095899s wall, 0.062500s user + 0.000000s system = 0.062500s CPU (65.2%)

OPT-1001 : Current memory(MB): used = 140, reserve = 110, peak = 141.
OPT-1001 : Start path based optimization ...
OPT-1001 : Start congestion update ...
RUN-1001 : Generating global routing grids ...
PHY-1001 : Generate routing nets ...
PHY-1001 : Reuse net number 200/257.
PHY-1001 : Global iterations in 16 thread ...
PHY-1002 : len = 4888, over cnt = 0(0%), over = 0, worst = 0
PHY-1001 : End global iterations;  0.001148s wall, 0.000000s user + 0.000000s system = 0.000000s CPU (n/a%)

PHY-1001 : Congestion index: top1 = 13.77, top5 = 3.95, top10 = 1.97, top15 = 1.31.
OPT-1001 : End congestion update;  0.052361s wall, 0.031250s user + 0.000000s system = 0.031250s CPU (59.7%)

OPT-1001 : Update timing in Manhattan mode
TMR-2503 : Start to update net delay, extr mode = 3.
TMR-2504 : Update delay of 255 nets completely.
TMR-2502 : Annotate delay completely, extr mode = 3.
TMR-3501 : Forward propagation: start to calculate arrival time...
TMR-3502 : Backward propagation: start to calculate required time...
TMR-3503 : Timing propagation completes.
OPT-1001 : End timing update;  0.003410s wall, 0.000000s user + 0.000000s system = 0.000000s CPU (n/a%)

OPT-0007 : Start: WNS 2147483647 TNS 0 NUM_FEPS 0
OPT-1001 : End path based optimization;  0.055859s wall, 0.031250s user + 0.000000s system = 0.031250s CPU (55.9%)

OPT-1001 : Current memory(MB): used = 140, reserve = 111, peak = 141.
OPT-1001 : Update timing in Manhattan mode
TMR-2503 : Start to update net delay, extr mode = 3.
TMR-2504 : Update delay of 255 nets completely.
TMR-2502 : Annotate delay completely, extr mode = 3.
TMR-3501 : Forward propagation: start to calculate arrival time...
TMR-3502 : Backward propagation: start to calculate required time...
TMR-3503 : Timing propagation completes.
OPT-1001 : End timing update;  0.002704s wall, 0.000000s user + 0.000000s system = 0.000000s CPU (n/a%)

OPT-1001 : Start pin optimization...
OPT-1001 : skip pin optimization...
OPT-1001 : Update timing in global mode
PHY-1001 : Start incremental global routing, caller is place ...
RUN-1001 : Generating global routing grids ...
PHY-1001 : Generate routing nets ...
PHY-1001 : Reuse net number 200/257.
PHY-1001 : Global iterations in 16 thread ...
PHY-1002 : len = 4888, over cnt = 0(0%), over = 0, worst = 0
PHY-1001 : End global iterations;  0.001146s wall, 0.000000s user + 0.000000s system = 0.000000s CPU (n/a%)

PHY-1001 : Congestion index: top1 = 13.77, top5 = 3.95, top10 = 1.97, top15 = 1.31.
PHY-1001 : End incremental global routing;  0.053292s wall, 0.015625s user + 0.000000s system = 0.015625s CPU (29.3%)

TMR-2503 : Start to update net delay, extr mode = 5.
TMR-2504 : Update delay of 255 nets completely.
TMR-2502 : Annotate delay completely, extr mode = 5.
TMR-3501 : Forward propagation: start to calculate arrival time...
TMR-3502 : Backward propagation: start to calculate required time...
TMR-3503 : Timing propagation completes.
OPT-1001 : End timing update;  0.009412s wall, 0.000000s user + 0.000000s system = 0.000000s CPU (n/a%)

RUN-1001 : Generating global routing grids ...
PHY-1001 : Generate routing nets ...
PHY-1001 : Reuse net number 200/257.
PHY-1001 : Global iterations in 16 thread ...
PHY-1002 : len = 4888, over cnt = 0(0%), over = 0, worst = 0
PHY-1001 : End global iterations;  0.001360s wall, 0.000000s user + 0.000000s system = 0.000000s CPU (n/a%)

PHY-1001 : Congestion index: top1 = 13.77, top5 = 3.95, top10 = 1.97, top15 = 1.31.
OPT-1001 : Update timing in Manhattan mode
TMR-2503 : Start to update net delay, extr mode = 3.
TMR-2504 : Update delay of 255 nets completely.
TMR-2502 : Annotate delay completely, extr mode = 3.
TMR-3501 : Forward propagation: start to calculate arrival time...
TMR-3502 : Backward propagation: start to calculate required time...
TMR-3503 : Timing propagation completes.
OPT-1001 : End timing update;  0.003092s wall, 0.015625s user + 0.000000s system = 0.015625s CPU (505.3%)

RUN-1001 : QoR Analysis:
OPT-0007 :   WNS 2147483647 TNS 0 NUM_FEPS 0
RUN-1001 :   No local congestion issue, and most congested 1% tile average routing util is 13.448276
RUN-1001 :   Top critical paths
OPT-1001 : End physical optimization;  0.441067s wall, 0.187500s user + 0.000000s system = 0.187500s CPU (42.5%)

RUN-1003 : finish command "place" in  2.760965s wall, 0.843750s user + 0.546875s system = 1.390625s CPU (50.4%)

RUN-1004 : used memory is 125 MB, reserved memory is 95 MB, peak memory is 141 MB
RUN-1002 : start command "export_db display_place.db"
RUN-1001 : Exported /
RUN-1001 : Exported flow parameters
RUN-1001 : Exported libs
RUN-1001 : Exported entities
RUN-1001 : Exported ports
RUN-1001 : Exported pins
RUN-1001 : Exported instances
RUN-1001 : Exported nets
RUN-1001 : Exported buses
RUN-1001 : Exported models
RUN-1001 : Exported congestions
RUN-1001 : Exported violations
RUN-1001 : Exported timing constraints
RUN-1001 : Exported IO constraints
RUN-1001 : Exported Inst constraints
RUN-1002 : start command "route"
RUN-1001 : Open license file E:/Anlogic/TD5.6.59063/license/Anlogic.lic
RUN-1001 : Print Global Property
RUN-1001 : ---------------------------------------------------------------
RUN-1001 :        Parameters        |  Settings  |  Default Values  |  Note  
RUN-1001 : ---------------------------------------------------------------
RUN-1001 :          message         |  standard  |     standard     |        
RUN-1001 :   mixed_pack_place_flow  |     on     |        on        |        
RUN-1001 :        qor_monitor       |    off     |       off        |        
RUN-1001 :        syn_ip_flow       |    off     |       off        |        
RUN-1001 :          thread          |    auto    |       auto       |        
RUN-1001 : ---------------------------------------------------------------
RUN-1001 : Print Route Property
RUN-1001 : -------------------------------------------------------
RUN-1001 :    Parameters    |  Settings  |  Default Values  |  Note  
RUN-1001 : -------------------------------------------------------
RUN-1001 :      effort      |   medium   |      medium      |        
RUN-1001 :     fix_hold     |    off     |       off        |        
RUN-1001 :    opt_timing    |   medium   |      medium      |        
RUN-1001 :   phy_sim_model  |    off     |       off        |        
RUN-1001 :     priority     |   timing   |      timing      |        
RUN-1001 :     swap_pin     |     on     |        on        |        
RUN-1001 : -------------------------------------------------------
PHY-1001 : Route runs in 16 thread(s)
RUN-1001 : There are total 111 instances
RUN-1001 : 42 mslices, 42 lslices, 23 pads, 0 brams, 0 dsps
RUN-1001 : There are total 257 nets
RUN-1001 : 124 nets have 2 pins
RUN-1001 : 115 nets have [3 - 5] pins
RUN-1001 : 12 nets have [6 - 10] pins
RUN-1001 : 2 nets have [11 - 20] pins
RUN-1001 : 4 nets have [21 - 99] pins
RUN-1002 : start command "start_timer -report"
TMR-2505 : Start building timing graph for model keyboard_instance.
TMR-2506 : Build timing graph completely. Port num: 7, tpin num: 862, tnet num: 255, tinst num: 109, tnode num: 1083, tedge num: 1404.
TMR-2508 : Levelizing timing graph completed, there are 25 levels in total.
TMR-2501 : Timing graph initialized successfully.
PHY-1001 : 42 mslices, 42 lslices, 23 pads, 0 brams, 0 dsps
TMR-2503 : Start to update net delay, extr mode = 3.
TMR-2504 : Update delay of 255 nets completely.
TMR-2502 : Annotate delay completely, extr mode = 3.
TMR-3001 : Initiate 0 clocks from SDC.
TMR-3004 : Map sdc constraints, there are 0 constraints in total.
TMR-3003 : Constraints initiated successfully.
TMR-3501 : Forward propagation: start to calculate arrival time...
TMR-3502 : Backward propagation: start to calculate required time...
TMR-3503 : Timing propagation completes.
PHY-1001 : Start global routing, caller is route ...
RUN-1001 : Generating global routing grids ...
PHY-1001 : Generate routing nets ...
PHY-1001 : Global iterations in 16 thread ...
PHY-1002 : len = 4560, over cnt = 21(0%), over = 27, worst = 4
PHY-1002 : len = 4656, over cnt = 10(0%), over = 13, worst = 4
PHY-1002 : len = 4832, over cnt = 0(0%), over = 0, worst = 0
PHY-1001 : End global iterations;  0.028864s wall, 0.000000s user + 0.000000s system = 0.000000s CPU (n/a%)

PHY-1001 : Congestion index: top1 = 13.84, top5 = 3.85, top10 = 1.92, top15 = 1.28.
PHY-1001 : End global routing;  0.078590s wall, 0.046875s user + 0.000000s system = 0.046875s CPU (59.6%)

PHY-1001 : Start detail routing ...
PHY-1001 : Current memory(MB): used = 165, reserve = 136, peak = 176.
PHY-1001 : Detailed router is running in normal mode.
PHY-1001 : Generate detailed routing grids ...
PHY-1001 : Generate nets ...
PHY-1001 : net clk_50M_dup_1 will be routed on clock mesh
PHY-1001 : clock net U1/scan_clk_syn_4 will be merged with clock U1/scan_clk
PHY-1001 : Current memory(MB): used = 427, reserve = 403, peak = 427.
PHY-1001 : End build detailed router design. 4.387970s wall, 2.656250s user + 0.093750s system = 2.750000s CPU (62.7%)

PHY-1001 : Detail Route ...
PHY-1001 : ===== Detail Route Phase 1 =====
PHY-1001 : Clock net routing.....
PHY-1001 : Routed 0% nets.
PHY-1022 : len = 3776, over cnt = 0(0%), over = 0, worst = 0, crit = 0
PHY-1001 : End initial clock net routed; 0.506665s wall, 0.296875s user + 0.000000s system = 0.296875s CPU (58.6%)

PHY-1001 : Current memory(MB): used = 456, reserve = 433, peak = 456.
PHY-1001 : End phase 1; 0.512296s wall, 0.296875s user + 0.000000s system = 0.296875s CPU (57.9%)

PHY-1001 : ===== Detail Route Phase 2 =====
PHY-1001 : Initial routing.....
PHY-1001 : Routed 27% nets.
PHY-1001 : Routed 37% nets.
PHY-1001 : Patch 117 net; 0.046012s wall, 0.000000s user + 0.000000s system = 0.000000s CPU (n/a%)

PHY-1022 : len = 11528, over cnt = 23(0%), over = 23, worst = 1, crit = 0
PHY-1001 : Current memory(MB): used = 456, reserve = 433, peak = 456.
PHY-1001 : End initial routed; 0.064812s wall, 0.015625s user + 0.000000s system = 0.015625s CPU (24.1%)

PHY-1001 : Update timing.....
PHY-1001 : 0/214(0%) critical/total net(s).
RUN-1001 : ------------------------------------------
RUN-1001 :   Type   |    WNS(ns)    |  TNS(ns)  |  FEP  
RUN-1001 : ------------------------------------------
RUN-1001 :   Setup  |  2147483.647  |   0.000   |   0   
RUN-1001 :   Hold   |  2147483.647  |   0.000   |   0   
RUN-1001 : ------------------------------------------
PHY-1001 : End update timing; 0.230986s wall, 0.171875s user + 0.000000s system = 0.171875s CPU (74.4%)

PHY-1001 : Current memory(MB): used = 457, reserve = 433, peak = 457.
PHY-1001 : End phase 2; 0.295933s wall, 0.187500s user + 0.000000s system = 0.187500s CPU (63.4%)

PHY-1001 : ===== Detail Route Phase 3 =====
PHY-1001 : Optimize timing.....
PHY-1022 : len = 11528, over cnt = 23(0%), over = 23, worst = 1, crit = 0
PHY-1001 : End optimize timing; 0.006456s wall, 0.015625s user + 0.000000s system = 0.015625s CPU (242.0%)

PHY-1001 : Ripup-reroute.....
PHY-1001 : ===== DR Iter 1 =====
PHY-1022 : len = 11680, over cnt = 2(0%), over = 2, worst = 1, crit = 0
PHY-1001 : End DR Iter 1; 0.023592s wall, 0.000000s user + 0.015625s system = 0.015625s CPU (66.2%)

PHY-1001 : ===== DR Iter 2 =====
PHY-1022 : len = 11728, over cnt = 0(0%), over = 0, worst = 0, crit = 0
PHY-1001 : End DR Iter 2; 0.016271s wall, 0.000000s user + 0.000000s system = 0.000000s CPU (n/a%)

PHY-1001 : Update timing.....
PHY-1001 : 0/214(0%) critical/total net(s).
RUN-1001 : ------------------------------------------
RUN-1001 :   Type   |    WNS(ns)    |  TNS(ns)  |  FEP  
RUN-1001 : ------------------------------------------
RUN-1001 :   Setup  |  2147483.647  |   0.000   |   0   
RUN-1001 :   Hold   |  2147483.647  |   0.000   |   0   
RUN-1001 : ------------------------------------------
PHY-1001 : End update timing; 0.175859s wall, 0.078125s user + 0.000000s system = 0.078125s CPU (44.4%)

PHY-1001 : Commit to database.....
PHY-1001 : 3 feed throughs used by 3 nets
PHY-1001 : End commit to database; 0.029392s wall, 0.000000s user + 0.000000s system = 0.000000s CPU (n/a%)

PHY-1001 : Current memory(MB): used = 467, reserve = 443, peak = 467.
PHY-1001 : End phase 3; 0.424134s wall, 0.234375s user + 0.015625s system = 0.250000s CPU (58.9%)

PHY-1003 : Routed, final wirelength = 11728
PHY-1001 : Current memory(MB): used = 467, reserve = 443, peak = 467.
PHY-1001 : End export database. 0.006314s wall, 0.000000s user + 0.000000s system = 0.000000s CPU (n/a%)

PHY-1001 : End detail routing;  5.907092s wall, 3.531250s user + 0.125000s system = 3.656250s CPU (61.9%)

RUN-1003 : finish command "route" in  6.167018s wall, 3.687500s user + 0.171875s system = 3.859375s CPU (62.6%)

RUN-1004 : used memory is 420 MB, reserved memory is 395 MB, peak memory is 467 MB
RUN-1002 : start command "report_area -io_info -file display_phy.area"
RUN-1001 : standard
***Report Model: keyboard_instance Device: EG4S20BG256***

IO Statistics
#IO                        23
  #input                    6
  #output                  17
  #inout                    0

Utilization Statistics
#lut                      139   out of  19600    0.71%
#reg                      109   out of  19600    0.56%
#le                       162
  #lut only                53   out of    162   32.72%
  #reg only                23   out of    162   14.20%
  #lut&reg                 86   out of    162   53.09%
#dsp                        0   out of     29    0.00%
#bram                       0   out of     64    0.00%
  #bram9k                   0
  #fifo9k                   0
#bram32k                    0   out of     16    0.00%
#pad                       23   out of    188   12.23%
  #ireg                     0
  #oreg                     0
  #treg                     0
#pll                        0   out of      4    0.00%
#gclk                       2   out of     16   12.50%

Clock Resource Statistics
Index     ClockNet         Type               DriverType         Driver                      Fanout
#1        clk_50M_dup_1    GCLK               io                 clk_50M_syn_2.di            52
#2        U1/scan_clk      GCLK               lslice             U1/scan_clk_reg_syn_9.q1    10


Detailed IO Report

        Name           Direction    Location    IOStandard    DriveStrength    PullType    PackReg  
        RSTn             INPUT         A9        LVCMOS33          N/A          PULLUP      NONE    
       clk_50M           INPUT         R7        LVCMOS33          N/A          PULLUP      NONE    
       col[3]            INPUT        F10        LVCMOS33          N/A          PULLUP      NONE    
       col[2]            INPUT        C11        LVCMOS33          N/A          PULLUP      NONE    
       col[1]            INPUT        D11        LVCMOS33          N/A          PULLUP      NONE    
       col[0]            INPUT        E11        LVCMOS33          N/A          PULLUP      NONE    
  DigitronCS_Out[3]     OUTPUT         A3        LVCMOS33           8            NONE       NONE    
  DigitronCS_Out[2]     OUTPUT         A5        LVCMOS33           8            NONE       NONE    
  DigitronCS_Out[1]     OUTPUT         B6        LVCMOS33           8            NONE       NONE    
  DigitronCS_Out[0]     OUTPUT         C9        LVCMOS33           8            NONE       NONE    
   Digitron_Out[7]      OUTPUT         C8        LVCMOS33           8            NONE       NONE    
   Digitron_Out[6]      OUTPUT         A8        LVCMOS33           8            NONE       NONE    
   Digitron_Out[5]      OUTPUT         B5        LVCMOS33           8            NONE       NONE    
   Digitron_Out[4]      OUTPUT         A7        LVCMOS33           8            NONE       NONE    
   Digitron_Out[3]      OUTPUT         E8        LVCMOS33           8            NONE       NONE    
   Digitron_Out[2]      OUTPUT         B8        LVCMOS33           8            NONE       NONE    
   Digitron_Out[1]      OUTPUT         A6        LVCMOS33           8            NONE       NONE    
   Digitron_Out[0]      OUTPUT         A4        LVCMOS33           8            NONE       NONE    
        light           OUTPUT        B14        LVCMOS33           8            NONE       NONE    
       row[3]           OUTPUT         D9        LVCMOS33           8            NONE       NONE    
       row[2]           OUTPUT         F9        LVCMOS33           8            NONE       NONE    
       row[1]           OUTPUT        C10        LVCMOS33           8            NONE       NONE    
       row[0]           OUTPUT        E10        LVCMOS33           8            NONE       NONE    

Report Hierarchy Area:
+-------------------------------------------------------------------------------------------+
|Instance |Module                      |le     |lut     |ripple  |seq     |bram    |dsp     |
+-------------------------------------------------------------------------------------------+
|top      |keyboard_instance           |162    |119     |20      |109     |0       |0       |
|  U1     |keyboard_scan               |71     |49      |9       |54      |0       |0       |
|  U2     |key_filter                  |65     |44      |11      |48      |0       |0       |
|  U3     |onehot2binary               |19     |19      |0       |7       |0       |0       |
|  U5     |Digitron_TimeDisplay_module |7      |7       |0       |0       |0       |0       |
+-------------------------------------------------------------------------------------------+


DataNet Average Fanout:

   Index     Fanout    Nets  
    #1         1       101   
    #2         2        91   
    #3         3        14   
    #4         4        10   
    #5        5-10      11   
    #6       11-50      3    
  Average     2.27           

RUN-1002 : start command "export_db display_pr.db"
RUN-1001 : Exported /
RUN-1001 : Exported flow parameters
RUN-1001 : Exported libs
RUN-1001 : Exported entities
RUN-1001 : Exported ports
RUN-1001 : Exported pins
RUN-1001 : Exported instances
RUN-1001 : Exported nets
RUN-1001 : Exported buses
RUN-1001 : Exported models
RUN-1001 : Exported congestions
RUN-1001 : Exported violations
RUN-1001 : Exported timing constraints
RUN-1001 : Exported IO constraints
RUN-1001 : Exported Inst constraints
RUN-1002 : start command "export_bid display_inst.bid"
RUN-1002 : start command "bitgen -bit display.bit -unused_io_status pulldown"
BIT-1003 : Start to generate bitstream. 
BIT-1002 : Bitgen processed 165 unused pads, reserve input tri_state with pulldown
BIT-1002 : Init instances with 16 threads.
BIT-1002 : Init instances completely, inst num: 274
BIT-1002 : Init pips with 16 threads.
BIT-1002 : Init pips completely, net num: 257, pip num: 1551
BIT-1002 : Init feedthrough completely, num: 3
BIT-1003 : Multithreading accelaration with 16 threads.
BIT-1003 : Generate bitstream completely, there are 421 valid insts, and 5069 bits set as '1'.
BIT-1004 : PLL setting string = 0000
BIT-1004 : Generate bits file display.bit.
RUN-1003 : finish command "bitgen -bit display.bit -unused_io_status pulldown" in  1.153088s wall, 4.296875s user + 0.046875s system = 4.343750s CPU (376.7%)

RUN-1004 : used memory is 433 MB, reserved memory is 410 MB, peak memory is 613 MB
RUN-1002 : start command "backup_run_log run.log ../.logs/phy_1/td_20240826_150411.log"
