============================================================
   Tang Dynasty, V5.6.59063
   Copyright (c) 2012-2022 Anlogic
   Executable = E:/Anlogic/TD5.6.59063/bin/td.exe
   Built at =   12:45:13 Sep  6 2022
   Run by =     19234
   Run Date =   Mon Aug 26 20:39:50 2024

   Run on =     ERIKPSW
============================================================
RUN-1002 : start command "open_project display.prj"
RUN-1001 : Print Global Property
RUN-1001 : ---------------------------------------------------------------
RUN-1001 :        Parameters        |  Settings  |  Default Values  |  Note  
RUN-1001 : ---------------------------------------------------------------
RUN-1001 :          message         |  standard  |     standard     |        
RUN-1001 :   mixed_pack_place_flow  |     on     |        on        |        
RUN-1001 :        qor_monitor       |    off     |       off        |        
RUN-1001 :        syn_ip_flow       |    off     |       off        |        
RUN-1001 :          thread          |    auto    |       auto       |        
RUN-1001 : ---------------------------------------------------------------
RUN-1001 : Print Design Property
RUN-1001 : --------------------------------------------------------------
RUN-1001 :        Parameters       |  Settings  |  Default Values  |  Note  
RUN-1001 : --------------------------------------------------------------
RUN-1001 :   default_reg_initial   |    auto    |       auto       |        
RUN-1001 :        infer_add        |     on     |        on        |        
RUN-1001 :        infer_fsm        |    off     |       off        |        
RUN-1001 :        infer_mult       |     on     |        on        |        
RUN-1001 :        infer_ram        |     on     |        on        |        
RUN-1001 :        infer_reg        |     on     |        on        |        
RUN-1001 :   infer_reg_init_value  |     on     |        on        |        
RUN-1001 :        infer_rom        |     on     |        on        |        
RUN-1001 :      infer_shifter      |     on     |        on        |        
RUN-1001 : --------------------------------------------------------------
RUN-1001 : Print Rtl Property
RUN-1001 : --------------------------------------------------------------
RUN-1001 :        Parameters       |  Settings  |  Default Values  |  Note  
RUN-1001 : --------------------------------------------------------------
RUN-1001 :       compress_add      |   ripple   |      ripple      |        
RUN-1001 :        elf_sload        |    off     |       off        |        
RUN-1001 :       fix_undriven      |     0      |        0         |        
RUN-1001 :         flatten         |    off     |       off        |        
RUN-1001 :       gate_sharing      |     on     |        on        |        
RUN-1001 :    hdl_warning_level    |   normal   |      normal      |        
RUN-1001 :   impl_internal_tribuf  |     on     |        on        |        
RUN-1001 :      impl_set_reset     |     on     |        on        |        
RUN-1001 :        infer_gsr        |    off     |       off        |        
RUN-1001 :      keep_hierarchy     |    auto    |       auto       |        
RUN-1001 :        max_fanout       |    9999    |       9999       |        
RUN-1001 :      max_oh2bin_len     |     10     |        10        |        
RUN-1001 :       merge_equal       |     on     |        on        |        
RUN-1001 :       merge_equiv       |     on     |        on        |        
RUN-1001 :        merge_mux        |    off     |       off        |        
RUN-1001 :     min_control_set     |     8      |        8         |        
RUN-1001 :      min_ripple_len     |    auto    |       auto       |        
RUN-1001 :       oh2bin_ratio      |    0.08    |       0.08       |        
RUN-1001 :     opt_adder_fanout    |     on     |        on        |        
RUN-1001 :        opt_arith        |     on     |        on        |        
RUN-1001 :       opt_big_gate      |    off     |       off        |        
RUN-1001 :        opt_const        |     on     |        on        |        
RUN-1001 :      opt_const_mult     |     on     |        on        |        
RUN-1001 :       opt_lessthan      |     on     |        on        |        
RUN-1001 :         opt_mux         |    off     |       off        |        
RUN-1001 :         opt_ram         |    high    |       high       |        
RUN-1001 :      rtl_sim_model      |    off     |       off        |        
RUN-1001 :         seq_syn         |     on     |        on        |        
RUN-1001 : --------------------------------------------------------------
HDL-1007 : analyze verilog file ../../Digitron_TimeDisplay_module.v
HDL-1007 : analyze verilog file ../../keyboard_instance.v
HDL-1007 : analyze verilog file ../../keyboard_scan.v
HDL-1007 : analyze verilog file ../../onehot2binary.v
HDL-1007 : analyze verilog file ../../key_filter.v
RUN-1001 : Project manager successfully analyzed 5 source files.
RUN-1002 : start command "import_device eagle_s20.db -package EG4S20BG256"
ARC-1001 : Device Initialization.
ARC-1001 : ------------------------------------------------------------------
ARC-1001 :            OPTION            |          IO          |   SETTING   
ARC-1001 : ------------------------------------------------------------------
ARC-1001 :   cso_b/cclk/mosi/miso/dout  |  T3/R11/T10/P10/S11  |    gpio    
ARC-1001 :             done             |         P13          |    gpio    
ARC-1001 :           program_b          |          T2          |  dedicate  
ARC-1001 :        tdi/tms/tck/tdo       |   C12/A15/C14/E14    |  dedicate  
ARC-1001 : ------------------------------------------------------------------
ARC-1004 : Device setting, marked 5 dedicate IOs in total.
RUN-1002 : start command "import_db ../syn_1/display_gate.db"
RUN-1001 : Importing database generated by Tang Dynasty, V5.6.59063.
RUN-1001 : Database version number 46140.
RUN-1001 : Import flow parameters
RUN-1001 : Import timing constraints
RUN-1001 : Import IO constraints
RUN-1001 : Import Inst constraints
RUN-1001 : Import design success TD_VERSION=5.6.59063 , DB_VERSION=46140
RUN-1002 : start command "read_sdc"
USR-1002 : read_sdc file_name -help -h -eco
USR-1009 : NO module with IP_SDC ...
RUN-1104 : Import SDC file  finished, there are 0 nets kept by constraints.
RUN-1002 : start command "place"
RUN-1001 : Open license file E:/Anlogic/TD5.6.59063/license/Anlogic.lic
RUN-1001 : Print Global Property
RUN-1001 : ---------------------------------------------------------------
RUN-1001 :        Parameters        |  Settings  |  Default Values  |  Note  
RUN-1001 : ---------------------------------------------------------------
RUN-1001 :          message         |  standard  |     standard     |        
RUN-1001 :   mixed_pack_place_flow  |     on     |        on        |        
RUN-1001 :        qor_monitor       |    off     |       off        |        
RUN-1001 :        syn_ip_flow       |    off     |       off        |        
RUN-1001 :          thread          |    auto    |       auto       |        
RUN-1001 : ---------------------------------------------------------------
RUN-1001 : Print Place Property
RUN-1001 : --------------------------------------------------------------
RUN-1001 :        Parameters       |  Settings  |  Default Values  |  Note  
RUN-1001 : --------------------------------------------------------------
RUN-1001 :      detailed_place     |     on     |        on        |        
RUN-1001 :          effort         |   medium   |      medium      |        
RUN-1001 :         fix_hold        |    off     |       off        |        
RUN-1001 :       legalization      |    ori     |       ori        |        
RUN-1001 :      new_spreading      |     on     |        on        |        
RUN-1001 :        opt_timing       |   medium   |      medium      |        
RUN-1001 :   post_clock_route_opt  |    off     |       off        |        
RUN-1001 :       pr_strategy       |     1      |        1         |        
RUN-1001 :        relaxation       |    1.00    |       1.00       |        
RUN-1001 :         retiming        |    off     |       off        |        
RUN-1001 : --------------------------------------------------------------
PHY-3001 : Placer runs in 16 thread(s).
RUN-1002 : start command "legalize_phy_inst"
SYN-1011 : Flatten model keyboard_instance
RUN-1002 : start command "phys_opt -simplify_lut"
SYN-4024 : Net "clk_50M_dup_1" drives clk pins.
SYN-4024 : Net "U1/scan_clk" drives clk pins.
SYN-4025 : Tag rtl::Net U1/scan_clk as clock net
SYN-4025 : Tag rtl::Net clk_50M_dup_1 as clock net
SYN-4026 : Tagged 2 rtl::Net as clock net
SYN-4015 : Create BUFG instance for clk Net U1/scan_clk to drive 20 clock pins.
PHY-1001 : Populate physical database on model keyboard_instance.
RUN-1001 : There are total 246 instances
RUN-0007 : 102 luts, 97 seqs, 11 mslices, 9 lslices, 23 pads, 0 brams, 0 dsps
RUN-1001 : There are total 301 nets
RUN-1001 : 172 nets have 2 pins
RUN-1001 : 109 nets have [3 - 5] pins
RUN-1001 : 9 nets have [6 - 10] pins
RUN-1001 : 6 nets have [11 - 20] pins
RUN-1001 : 5 nets have [21 - 99] pins
RUN-1001 : Report Control nets information:
RUN-1001 : DFF Distribution
RUN-1001 : ----------------------------------
RUN-1001 :   CE   |  SSR  |  ASR  |  DFF Count  
RUN-1001 : ----------------------------------
RUN-1001 :   No   |  No   |  No   |     57      
RUN-1001 :   No   |  No   |  Yes  |      8      
RUN-1001 :   No   |  Yes  |  No   |      0      
RUN-1001 :   Yes  |  No   |  No   |      0      
RUN-1001 :   Yes  |  No   |  Yes  |     32      
RUN-1001 :   Yes  |  Yes  |  No   |      0      
RUN-1001 : ----------------------------------
RUN-0007 : Control Group Statistic
RUN-0007 : ---------------------------
RUN-0007 :   #CLK  |  #CE  |  #SSR/ASR  
RUN-0007 : ---------------------------
RUN-0007 :    2    |   2   |     2      
RUN-0007 : ---------------------------
RUN-0007 : Control Set = 4
PHY-3001 : Initial placement ...
PHY-3001 : design contains 244 instances, 102 luts, 97 seqs, 20 slices, 2 macros(20 instances: 11 mslices 9 lslices)
PHY-0007 : Cell area utilization is 0%
PHY-3001 : Start timing update ...
RUN-1002 : start command "start_timer -report"
TMR-2505 : Start building timing graph for model keyboard_instance.
TMR-2506 : Build timing graph completely. Port num: 7, tpin num: 1035, tnet num: 299, tinst num: 244, tnode num: 1329, tedge num: 1619.
TMR-2508 : Levelizing timing graph completed, there are 27 levels in total.
TMR-2501 : Timing graph initialized successfully.
TMR-2503 : Start to update net delay, extr mode = 2.
TMR-2504 : Update delay of 299 nets completely.
TMR-2502 : Annotate delay completely, extr mode = 2.
TMR-3001 : Initiate 0 clocks from SDC.
TMR-3004 : Map sdc constraints, there are 0 constraints in total.
TMR-3003 : Constraints initiated successfully.
TMR-3501 : Forward propagation: start to calculate arrival time...
TMR-3502 : Backward propagation: start to calculate required time...
TMR-3503 : Timing propagation completes.
PHY-3001 : End timing update;  0.145448s wall, 0.062500s user + 0.000000s system = 0.062500s CPU (43.0%)

PHY-3001 : Global placement ...
PHY-3001 : Initial: Len = 72732.2
PHY-3001 : Clustering ...
PHY-3001 : Level 0 #clusters 244.
PHY-3001 : End clustering;  0.000016s wall, 0.000000s user + 0.000000s system = 0.000000s CPU (n/a%)

PHY-3001 : Run with size of 4
PHY-3001 : Cell area utilization is 0%
PHY-3001 : :::0::: Try harder cell spreading with beta_ = 0
PHY-3002 : Step(1): len = 48150, overlap = 0
PHY-3002 : Step(2): len = 29878.5, overlap = 0
PHY-3002 : Step(3): len = 22953.7, overlap = 0
PHY-3002 : Step(4): len = 17804.7, overlap = 0
PHY-3002 : Step(5): len = 14460.3, overlap = 0
PHY-3002 : Step(6): len = 13187.4, overlap = 0
PHY-3002 : Step(7): len = 12397.9, overlap = 0
PHY-3002 : Step(8): len = 11430.9, overlap = 0
PHY-3002 : Step(9): len = 10879.1, overlap = 0
PHY-3002 : Step(10): len = 10315.4, overlap = 0
PHY-3002 : Step(11): len = 9201.9, overlap = 0
PHY-3002 : Step(12): len = 9202.4, overlap = 0
PHY-3002 : Step(13): len = 8790.8, overlap = 0
PHY-3002 : Step(14): len = 7965.6, overlap = 0
PHY-3002 : Step(15): len = 7965.6, overlap = 0
PHY-3002 : Step(16): len = 7616.9, overlap = 0
PHY-3002 : Step(17): len = 7724.5, overlap = 0
PHY-3002 : Step(18): len = 7724.5, overlap = 0
PHY-3001 : Legalization ...
PHY-3001 : End legalization;  0.004458s wall, 0.000000s user + 0.000000s system = 0.000000s CPU (n/a%)

PHY-3001 : Run with size of 4
PHY-3001 : Cell area utilization is 0%
PHY-3001 : Update timing in Manhattan mode ...
TMR-2503 : Start to update net delay, extr mode = 3.
TMR-2504 : Update delay of 299 nets completely.
TMR-2502 : Annotate delay completely, extr mode = 3.
TMR-3501 : Forward propagation: start to calculate arrival time...
TMR-3502 : Backward propagation: start to calculate required time...
TMR-3503 : Timing propagation completes.
PHY-3001 : End timing update;  0.003799s wall, 0.000000s user + 0.000000s system = 0.000000s CPU (n/a%)

PHY-3001 : :::0::: Try harder cell spreading with beta_ = 0
PHY-3002 : Step(19): len = 7478.1, overlap = 0
PHY-3002 : Step(20): len = 7518.4, overlap = 0
PHY-3002 : Step(21): len = 7650.4, overlap = 0
PHY-3002 : Step(22): len = 7732.9, overlap = 0
PHY-3002 : Step(23): len = 7503.3, overlap = 0
PHY-3002 : Step(24): len = 7497.4, overlap = 0
PHY-3002 : Step(25): len = 7246.6, overlap = 0
PHY-3002 : Step(26): len = 7414.3, overlap = 0
PHY-3002 : Step(27): len = 7483.3, overlap = 0
PHY-3002 : Step(28): len = 7279.9, overlap = 0
PHY-3002 : Step(29): len = 6995.2, overlap = 0
PHY-3002 : Step(30): len = 6995.2, overlap = 0
PHY-3002 : Step(31): len = 6864.5, overlap = 0
PHY-3002 : Step(32): len = 6944.2, overlap = 0
PHY-3002 : Step(33): len = 6944.2, overlap = 0
PHY-3001 : Run with size of 2
PHY-3001 : Cell area utilization is 0%
PHY-3001 : Update timing in Manhattan mode ...
TMR-2503 : Start to update net delay, extr mode = 3.
TMR-2504 : Update delay of 299 nets completely.
TMR-2502 : Annotate delay completely, extr mode = 3.
TMR-3501 : Forward propagation: start to calculate arrival time...
TMR-3502 : Backward propagation: start to calculate required time...
TMR-3503 : Timing propagation completes.
PHY-3001 : End timing update;  0.003082s wall, 0.000000s user + 0.000000s system = 0.000000s CPU (n/a%)

PHY-3001 : :::0::: Try harder cell spreading with beta_ = 0
PHY-3002 : Step(34): len = 6794.1, overlap = 2.875
PHY-3002 : Step(35): len = 6820, overlap = 3
PHY-3002 : Step(36): len = 6856.7, overlap = 3
OPT-1001 : Start physical optimization ...
RUN-1002 : start command "start_timer -report"
TMR-2505 : Start building timing graph for model keyboard_instance.
TMR-2506 : Build timing graph completely. Port num: 7, tpin num: 1035, tnet num: 299, tinst num: 244, tnode num: 1329, tedge num: 1619.
TMR-2508 : Levelizing timing graph completed, there are 27 levels in total.
TMR-2501 : Timing graph initialized successfully.
OPT-1001 : Total overflow 10.81 peak overflow 1.50
OPT-1001 : Start high-fanout net optimization ...
OPT-1001 : Update timing in global mode
PHY-1001 : Start incremental global routing, caller is place ...
RUN-1001 : Generating global routing grids ...
RUN-1001 : Building simple global routing graph ...
PHY-1001 : Generate routing nets ...
PHY-1001 : Reuse net number 0/301.
PHY-1001 : Global iterations in 16 thread ...
PHY-1002 : len = 7216, over cnt = 5(0%), over = 31, worst = 10
PHY-1001 : End global iterations;  0.018301s wall, 0.015625s user + 0.000000s system = 0.015625s CPU (85.4%)

PHY-1001 : Congestion index: top1 = 8.62, top5 = 3.02, top10 = 1.57, top15 = 1.05.
PHY-1001 : End incremental global routing;  0.074211s wall, 0.031250s user + 0.000000s system = 0.031250s CPU (42.1%)

TMR-2503 : Start to update net delay, extr mode = 5.
TMR-2504 : Update delay of 299 nets completely.
TMR-2502 : Annotate delay completely, extr mode = 5.
TMR-3001 : Initiate 0 clocks from SDC.
TMR-3004 : Map sdc constraints, there are 0 constraints in total.
TMR-3003 : Constraints initiated successfully.
TMR-3501 : Forward propagation: start to calculate arrival time...
TMR-3502 : Backward propagation: start to calculate required time...
TMR-3503 : Timing propagation completes.
OPT-1001 : End timing update;  0.004567s wall, 0.000000s user + 0.000000s system = 0.000000s CPU (n/a%)

OPT-1001 : 0 high-fanout net processed.
OPT-1001 : End high-fanout net optimization;  0.081720s wall, 0.046875s user + 0.000000s system = 0.046875s CPU (57.4%)

OPT-1001 : Current memory(MB): used = 138, reserve = 109, peak = 138.
OPT-1001 : Start global optimization ...
OPT-1001 : Start congestion update ...
RUN-1001 : Generating global routing grids ...
PHY-1001 : Generate routing nets ...
PHY-1001 : Reuse net number 131/301.
PHY-1001 : Global iterations in 16 thread ...
PHY-1002 : len = 7216, over cnt = 5(0%), over = 31, worst = 10
PHY-1002 : len = 7632, over cnt = 1(0%), over = 1, worst = 1
PHY-1002 : len = 7648, over cnt = 0(0%), over = 0, worst = 0
PHY-1001 : End global iterations;  0.009269s wall, 0.000000s user + 0.000000s system = 0.000000s CPU (n/a%)

PHY-1001 : Congestion index: top1 = 9.61, top5 = 3.26, top10 = 1.71, top15 = 1.14.
OPT-1001 : End congestion update;  0.059451s wall, 0.031250s user + 0.000000s system = 0.031250s CPU (52.6%)

OPT-1001 : Update timing in Manhattan mode
TMR-2503 : Start to update net delay, extr mode = 3.
TMR-2504 : Update delay of 299 nets completely.
TMR-2502 : Annotate delay completely, extr mode = 3.
TMR-3501 : Forward propagation: start to calculate arrival time...
TMR-3502 : Backward propagation: start to calculate required time...
TMR-3503 : Timing propagation completes.
OPT-1001 : End timing update;  0.005708s wall, 0.000000s user + 0.000000s system = 0.000000s CPU (n/a%)

OPT-0007 : Start: WNS 2147483647 TNS 0 NUM_FEPS 0
OPT-1001 : End global optimization;  0.065331s wall, 0.031250s user + 0.000000s system = 0.031250s CPU (47.8%)

OPT-1001 : Current memory(MB): used = 138, reserve = 109, peak = 138.
OPT-1001 : End physical optimization;  0.308619s wall, 0.218750s user + 0.000000s system = 0.218750s CPU (70.9%)

PHY-3001 : Start packing ...
SYN-4007 : Packing 0 MUX to BLE ...
SYN-4008 : Packed 0 MUX and 0 SEQ to BLE.
SYN-4007 : Packing 102 LUT to BLE ...
SYN-4008 : Packed 102 LUT and 39 SEQ to BLE.
SYN-4003 : Packing 58 remaining SEQ's ...
SYN-4005 : Packed 37 SEQ with LUT/SLICE
SYN-4006 : 28 single LUT's are left
SYN-4006 : 21 single SEQ's are left
SYN-4011 : Packing model "keyboard_instance" (AL_USER_NORMAL) with 123/170 primitive instances ...
PHY-3001 : End packing;  0.009532s wall, 0.000000s user + 0.000000s system = 0.000000s CPU (n/a%)

PHY-1001 : Populate physical database on model keyboard_instance.
RUN-1001 : There are total 116 instances
RUN-1001 : 45 mslices, 44 lslices, 23 pads, 0 brams, 0 dsps
RUN-1001 : There are total 262 nets
RUN-1001 : 131 nets have 2 pins
RUN-1001 : 106 nets have [3 - 5] pins
RUN-1001 : 14 nets have [6 - 10] pins
RUN-1001 : 7 nets have [11 - 20] pins
RUN-1001 : 4 nets have [21 - 99] pins
PHY-3001 : design contains 114 instances, 89 slices, 2 macros(20 instances: 11 mslices 9 lslices)
PHY-3001 : Cell area utilization is 1%
PHY-3001 : After packing: Len = 7145.4, Over = 5.75
PHY-3001 : Run with size of 2
PHY-3001 : Cell area utilization is 1%
PHY-3001 : Update timing in Manhattan mode ...
RUN-1002 : start command "start_timer -report"
TMR-2505 : Start building timing graph for model keyboard_instance.
TMR-2506 : Build timing graph completely. Port num: 7, tpin num: 904, tnet num: 260, tinst num: 114, tnode num: 1129, tedge num: 1475.
TMR-2508 : Levelizing timing graph completed, there are 25 levels in total.
TMR-2501 : Timing graph initialized successfully.
TMR-2503 : Start to update net delay, extr mode = 3.
TMR-2504 : Update delay of 260 nets completely.
TMR-2502 : Annotate delay completely, extr mode = 3.
TMR-3001 : Initiate 0 clocks from SDC.
TMR-3004 : Map sdc constraints, there are 0 constraints in total.
TMR-3003 : Constraints initiated successfully.
TMR-3501 : Forward propagation: start to calculate arrival time...
TMR-3502 : Backward propagation: start to calculate required time...
TMR-3503 : Timing propagation completes.
PHY-3001 : End timing update;  0.150486s wall, 0.062500s user + 0.000000s system = 0.062500s CPU (41.5%)

PHY-3001 : :::0::: Try harder cell spreading with beta_ = 0.000195761
PHY-3002 : Step(37): len = 7029.9, overlap = 5.75
PHY-3002 : Step(38): len = 7002.6, overlap = 5
PHY-3002 : Step(39): len = 7011.5, overlap = 5
PHY-3001 : :::1::: Try harder cell spreading with beta_ = 0.000391522
PHY-3002 : Step(40): len = 6968.8, overlap = 4.25
PHY-3002 : Step(41): len = 6975.2, overlap = 4.25
PHY-3001 : :::2::: Try harder cell spreading with beta_ = 0.000783043
PHY-3002 : Step(42): len = 6991, overlap = 4.25
PHY-3002 : Step(43): len = 6991, overlap = 4.25
PHY-3001 : Legalization ...
PHY-3001 : End legalization;  0.042687s wall, 0.000000s user + 0.000000s system = 0.000000s CPU (n/a%)

PHY-3001 : Trial Legalized: Len = 9325.6
PHY-3001 : Run with size of 2
PHY-3001 : Cell area utilization is 1%
PHY-3001 : Update timing in Manhattan mode ...
TMR-2503 : Start to update net delay, extr mode = 3.
TMR-2504 : Update delay of 260 nets completely.
TMR-2502 : Annotate delay completely, extr mode = 3.
TMR-3501 : Forward propagation: start to calculate arrival time...
TMR-3502 : Backward propagation: start to calculate required time...
TMR-3503 : Timing propagation completes.
PHY-3001 : End timing update;  0.003282s wall, 0.000000s user + 0.000000s system = 0.000000s CPU (n/a%)

PHY-3001 : :::0::: Try harder cell spreading with beta_ = 0
PHY-3002 : Step(44): len = 7886.8, overlap = 2.5
PHY-3002 : Step(45): len = 7222.5, overlap = 5.75
PHY-3002 : Step(46): len = 7038.4, overlap = 6
PHY-3002 : Step(47): len = 6877.1, overlap = 6.25
PHY-3002 : Step(48): len = 6869.9, overlap = 6.5
PHY-3002 : Step(49): len = 6810, overlap = 7.25
PHY-3001 : :::1::: Try harder cell spreading with beta_ = 0.000112149
PHY-3002 : Step(50): len = 6968.7, overlap = 6.5
PHY-3002 : Step(51): len = 7040.5, overlap = 6.5
PHY-3002 : Step(52): len = 6981.7, overlap = 5.75
PHY-3001 : :::2::: Try harder cell spreading with beta_ = 0.000224299
PHY-3002 : Step(53): len = 6913.3, overlap = 5.75
PHY-3002 : Step(54): len = 6918.6, overlap = 6
PHY-3001 : Legalization ...
PHY-3001 : End legalization;  0.005109s wall, 0.000000s user + 0.000000s system = 0.000000s CPU (n/a%)

PHY-3001 : Legalized: Len = 8761.2, Over = 0
PHY-3001 : End spreading;  0.002667s wall, 0.000000s user + 0.000000s system = 0.000000s CPU (n/a%)

PHY-3001 : Final: Len = 8761.2, Over = 0
OPT-1001 : Start physical optimization ...
RUN-1002 : start command "start_timer -report"
TMR-2505 : Start building timing graph for model keyboard_instance.
TMR-2506 : Build timing graph completely. Port num: 7, tpin num: 904, tnet num: 260, tinst num: 114, tnode num: 1129, tedge num: 1475.
TMR-2508 : Levelizing timing graph completed, there are 25 levels in total.
TMR-2501 : Timing graph initialized successfully.
OPT-1001 : Total overflow 0.00 peak overflow 0.00
OPT-1001 : Start high-fanout net optimization ...
OPT-1001 : Update timing in global mode
PHY-1001 : Start incremental global routing, caller is place ...
RUN-1001 : Generating global routing grids ...
PHY-1001 : Generate routing nets ...
PHY-1001 : Reuse net number 13/262.
PHY-1001 : Global iterations in 16 thread ...
PHY-1002 : len = 9384, over cnt = 24(0%), over = 42, worst = 5
PHY-1002 : len = 9592, over cnt = 8(0%), over = 9, worst = 2
PHY-1002 : len = 9728, over cnt = 0(0%), over = 0, worst = 0
PHY-1001 : End global iterations;  0.033800s wall, 0.000000s user + 0.015625s system = 0.015625s CPU (46.2%)

PHY-1001 : Congestion index: top1 = 15.15, top5 = 4.91, top10 = 2.64, top15 = 1.76.
PHY-1001 : End incremental global routing;  0.074127s wall, 0.000000s user + 0.015625s system = 0.015625s CPU (21.1%)

TMR-2503 : Start to update net delay, extr mode = 5.
TMR-2504 : Update delay of 260 nets completely.
TMR-2502 : Annotate delay completely, extr mode = 5.
TMR-3001 : Initiate 0 clocks from SDC.
TMR-3004 : Map sdc constraints, there are 0 constraints in total.
TMR-3003 : Constraints initiated successfully.
TMR-3501 : Forward propagation: start to calculate arrival time...
TMR-3502 : Backward propagation: start to calculate required time...
TMR-3503 : Timing propagation completes.
OPT-1001 : End timing update;  0.005177s wall, 0.000000s user + 0.000000s system = 0.000000s CPU (n/a%)

OPT-1001 : 0 high-fanout net processed.
OPT-1001 : End high-fanout net optimization;  0.081993s wall, 0.000000s user + 0.015625s system = 0.015625s CPU (19.1%)

OPT-1001 : Current memory(MB): used = 140, reserve = 111, peak = 141.
OPT-1001 : Start path based optimization ...
OPT-1001 : Start congestion update ...
RUN-1001 : Generating global routing grids ...
PHY-1001 : Generate routing nets ...
PHY-1001 : Reuse net number 194/262.
PHY-1001 : Global iterations in 16 thread ...
PHY-1002 : len = 9728, over cnt = 0(0%), over = 0, worst = 0
PHY-1001 : End global iterations;  0.002300s wall, 0.000000s user + 0.000000s system = 0.000000s CPU (n/a%)

PHY-1001 : Congestion index: top1 = 15.15, top5 = 4.91, top10 = 2.64, top15 = 1.76.
OPT-1001 : End congestion update;  0.046860s wall, 0.078125s user + 0.000000s system = 0.078125s CPU (166.7%)

OPT-1001 : Update timing in Manhattan mode
TMR-2503 : Start to update net delay, extr mode = 3.
TMR-2504 : Update delay of 260 nets completely.
TMR-2502 : Annotate delay completely, extr mode = 3.
TMR-3501 : Forward propagation: start to calculate arrival time...
TMR-3502 : Backward propagation: start to calculate required time...
TMR-3503 : Timing propagation completes.
OPT-1001 : End timing update;  0.003073s wall, 0.000000s user + 0.000000s system = 0.000000s CPU (n/a%)

OPT-0007 : Start: WNS 2147483647 TNS 0 NUM_FEPS 0
OPT-1001 : End path based optimization;  0.050010s wall, 0.078125s user + 0.000000s system = 0.078125s CPU (156.2%)

OPT-1001 : Current memory(MB): used = 140, reserve = 112, peak = 141.
OPT-1001 : Update timing in Manhattan mode
TMR-2503 : Start to update net delay, extr mode = 3.
TMR-2504 : Update delay of 260 nets completely.
TMR-2502 : Annotate delay completely, extr mode = 3.
TMR-3501 : Forward propagation: start to calculate arrival time...
TMR-3502 : Backward propagation: start to calculate required time...
TMR-3503 : Timing propagation completes.
OPT-1001 : End timing update;  0.002597s wall, 0.000000s user + 0.000000s system = 0.000000s CPU (n/a%)

OPT-1001 : Start pin optimization...
OPT-1001 : skip pin optimization...
OPT-1001 : Update timing in global mode
PHY-1001 : Start incremental global routing, caller is place ...
RUN-1001 : Generating global routing grids ...
PHY-1001 : Generate routing nets ...
PHY-1001 : Reuse net number 194/262.
PHY-1001 : Global iterations in 16 thread ...
PHY-1002 : len = 9728, over cnt = 0(0%), over = 0, worst = 0
PHY-1001 : End global iterations;  0.001823s wall, 0.000000s user + 0.000000s system = 0.000000s CPU (n/a%)

PHY-1001 : Congestion index: top1 = 15.15, top5 = 4.91, top10 = 2.64, top15 = 1.76.
PHY-1001 : End incremental global routing;  0.047084s wall, 0.000000s user + 0.000000s system = 0.000000s CPU (n/a%)

TMR-2503 : Start to update net delay, extr mode = 5.
TMR-2504 : Update delay of 260 nets completely.
TMR-2502 : Annotate delay completely, extr mode = 5.
TMR-3501 : Forward propagation: start to calculate arrival time...
TMR-3502 : Backward propagation: start to calculate required time...
TMR-3503 : Timing propagation completes.
OPT-1001 : End timing update;  0.005131s wall, 0.000000s user + 0.000000s system = 0.000000s CPU (n/a%)

RUN-1001 : Generating global routing grids ...
PHY-1001 : Generate routing nets ...
PHY-1001 : Reuse net number 194/262.
PHY-1001 : Global iterations in 16 thread ...
PHY-1002 : len = 9728, over cnt = 0(0%), over = 0, worst = 0
PHY-1001 : End global iterations;  0.001562s wall, 0.000000s user + 0.000000s system = 0.000000s CPU (n/a%)

PHY-1001 : Congestion index: top1 = 15.15, top5 = 4.91, top10 = 2.64, top15 = 1.76.
OPT-1001 : Update timing in Manhattan mode
TMR-2503 : Start to update net delay, extr mode = 3.
TMR-2504 : Update delay of 260 nets completely.
TMR-2502 : Annotate delay completely, extr mode = 3.
TMR-3501 : Forward propagation: start to calculate arrival time...
TMR-3502 : Backward propagation: start to calculate required time...
TMR-3503 : Timing propagation completes.
OPT-1001 : End timing update;  0.002843s wall, 0.000000s user + 0.000000s system = 0.000000s CPU (n/a%)

RUN-1001 : QoR Analysis:
OPT-0007 :   WNS 2147483647 TNS 0 NUM_FEPS 0
RUN-1001 :   No local congestion issue, and most congested 1% tile average routing util is 14.724138
RUN-1001 :   Top critical paths
OPT-1001 : End physical optimization;  0.379685s wall, 0.171875s user + 0.015625s system = 0.187500s CPU (49.4%)

RUN-1003 : finish command "place" in  2.350133s wall, 0.765625s user + 0.093750s system = 0.859375s CPU (36.6%)

RUN-1004 : used memory is 126 MB, reserved memory is 97 MB, peak memory is 141 MB
RUN-1002 : start command "export_db display_place.db"
RUN-1001 : Exported /
RUN-1001 : Exported flow parameters
RUN-1001 : Exported libs
RUN-1001 : Exported entities
RUN-1001 : Exported ports
RUN-1001 : Exported pins
RUN-1001 : Exported instances
RUN-1001 : Exported nets
RUN-1001 : Exported buses
RUN-1001 : Exported models
RUN-1001 : Exported congestions
RUN-1001 : Exported violations
RUN-1001 : Exported timing constraints
RUN-1001 : Exported IO constraints
RUN-1001 : Exported Inst constraints
RUN-1002 : start command "route"
RUN-1001 : Open license file E:/Anlogic/TD5.6.59063/license/Anlogic.lic
RUN-1001 : Print Global Property
RUN-1001 : ---------------------------------------------------------------
RUN-1001 :        Parameters        |  Settings  |  Default Values  |  Note  
RUN-1001 : ---------------------------------------------------------------
RUN-1001 :          message         |  standard  |     standard     |        
RUN-1001 :   mixed_pack_place_flow  |     on     |        on        |        
RUN-1001 :        qor_monitor       |    off     |       off        |        
RUN-1001 :        syn_ip_flow       |    off     |       off        |        
RUN-1001 :          thread          |    auto    |       auto       |        
RUN-1001 : ---------------------------------------------------------------
RUN-1001 : Print Route Property
RUN-1001 : -------------------------------------------------------
RUN-1001 :    Parameters    |  Settings  |  Default Values  |  Note  
RUN-1001 : -------------------------------------------------------
RUN-1001 :      effort      |   medium   |      medium      |        
RUN-1001 :     fix_hold     |    off     |       off        |        
RUN-1001 :    opt_timing    |   medium   |      medium      |        
RUN-1001 :   phy_sim_model  |    off     |       off        |        
RUN-1001 :     priority     |   timing   |      timing      |        
RUN-1001 :     swap_pin     |     on     |        on        |        
RUN-1001 : -------------------------------------------------------
PHY-1001 : Route runs in 16 thread(s)
RUN-1001 : There are total 116 instances
RUN-1001 : 45 mslices, 44 lslices, 23 pads, 0 brams, 0 dsps
RUN-1001 : There are total 262 nets
RUN-1001 : 131 nets have 2 pins
RUN-1001 : 106 nets have [3 - 5] pins
RUN-1001 : 14 nets have [6 - 10] pins
RUN-1001 : 7 nets have [11 - 20] pins
RUN-1001 : 4 nets have [21 - 99] pins
RUN-1002 : start command "start_timer -report"
TMR-2505 : Start building timing graph for model keyboard_instance.
TMR-2506 : Build timing graph completely. Port num: 7, tpin num: 904, tnet num: 260, tinst num: 114, tnode num: 1129, tedge num: 1475.
TMR-2508 : Levelizing timing graph completed, there are 25 levels in total.
TMR-2501 : Timing graph initialized successfully.
PHY-1001 : 45 mslices, 44 lslices, 23 pads, 0 brams, 0 dsps
TMR-2503 : Start to update net delay, extr mode = 3.
TMR-2504 : Update delay of 260 nets completely.
TMR-2502 : Annotate delay completely, extr mode = 3.
TMR-3001 : Initiate 0 clocks from SDC.
TMR-3004 : Map sdc constraints, there are 0 constraints in total.
TMR-3003 : Constraints initiated successfully.
TMR-3501 : Forward propagation: start to calculate arrival time...
TMR-3502 : Backward propagation: start to calculate required time...
TMR-3503 : Timing propagation completes.
PHY-1001 : Start global routing, caller is route ...
RUN-1001 : Generating global routing grids ...
PHY-1001 : Generate routing nets ...
PHY-1001 : Global iterations in 16 thread ...
PHY-1002 : len = 9248, over cnt = 26(0%), over = 42, worst = 5
PHY-1002 : len = 9464, over cnt = 8(0%), over = 9, worst = 2
PHY-1002 : len = 9536, over cnt = 4(0%), over = 4, worst = 1
PHY-1002 : len = 9600, over cnt = 0(0%), over = 0, worst = 0
PHY-1001 : End global iterations;  0.038141s wall, 0.000000s user + 0.000000s system = 0.000000s CPU (n/a%)

PHY-1001 : Congestion index: top1 = 15.13, top5 = 4.92, top10 = 2.59, top15 = 1.73.
PHY-1001 : End global routing;  0.100076s wall, 0.031250s user + 0.000000s system = 0.031250s CPU (31.2%)

PHY-1001 : Start detail routing ...
PHY-1001 : Current memory(MB): used = 161, reserve = 133, peak = 176.
PHY-1001 : Detailed router is running in normal mode.
PHY-1001 : Generate detailed routing grids ...
PHY-1001 : Generate nets ...
PHY-1001 : net clk_50M_dup_1 will be routed on clock mesh
PHY-1001 : clock net U1/scan_clk_syn_4 will be merged with clock U1/scan_clk
PHY-1001 : Current memory(MB): used = 430, reserve = 405, peak = 430.
PHY-1001 : End build detailed router design. 5.190403s wall, 1.703125s user + 0.046875s system = 1.750000s CPU (33.7%)

PHY-1001 : Detail Route ...
PHY-1001 : ===== Detail Route Phase 1 =====
PHY-1001 : Clock net routing.....
PHY-1001 : Routed 0% nets.
PHY-1022 : len = 7112, over cnt = 0(0%), over = 0, worst = 0, crit = 0
PHY-1001 : End initial clock net routed; 0.537805s wall, 0.000000s user + 0.000000s system = 0.000000s CPU (n/a%)

PHY-1001 : Current memory(MB): used = 459, reserve = 436, peak = 459.
PHY-1001 : End phase 1; 0.543861s wall, 0.000000s user + 0.000000s system = 0.000000s CPU (n/a%)

PHY-1001 : ===== Detail Route Phase 2 =====
PHY-1001 : Initial routing.....
PHY-1001 : Routed 52% nets.
PHY-1001 : Routed 53% nets.
PHY-1001 : Routed 54% nets.
PHY-1001 : Routed 55% nets.
PHY-1001 : Routed 56% nets.
PHY-1001 : Patch 71 net; 0.246027s wall, 0.000000s user + 0.000000s system = 0.000000s CPU (n/a%)

PHY-1022 : len = 22936, over cnt = 6(0%), over = 6, worst = 1, crit = 0
PHY-1001 : Current memory(MB): used = 459, reserve = 436, peak = 459.
PHY-1001 : End initial routed; 0.601773s wall, 0.000000s user + 0.000000s system = 0.000000s CPU (n/a%)

PHY-1001 : Update timing.....
PHY-1001 : 0/219(0%) critical/total net(s).
RUN-1001 : ------------------------------------------
RUN-1001 :   Type   |    WNS(ns)    |  TNS(ns)  |  FEP  
RUN-1001 : ------------------------------------------
RUN-1001 :   Setup  |  2147483.647  |   0.000   |   0   
RUN-1001 :   Hold   |  2147483.647  |   0.000   |   0   
RUN-1001 : ------------------------------------------
PHY-1001 : End update timing; 0.210381s wall, 0.000000s user + 0.000000s system = 0.000000s CPU (n/a%)

PHY-1001 : Current memory(MB): used = 460, reserve = 436, peak = 460.
PHY-1001 : End phase 2; 0.812492s wall, 0.000000s user + 0.000000s system = 0.000000s CPU (n/a%)

PHY-1001 : ===== Detail Route Phase 3 =====
PHY-1001 : Optimize timing.....
PHY-1022 : len = 22936, over cnt = 6(0%), over = 6, worst = 1, crit = 0
PHY-1001 : End optimize timing; 0.007390s wall, 0.000000s user + 0.000000s system = 0.000000s CPU (n/a%)

PHY-1001 : Ripup-reroute.....
PHY-1001 : ===== DR Iter 1 =====
PHY-1022 : len = 22960, over cnt = 0(0%), over = 0, worst = 0, crit = 0
PHY-1001 : End DR Iter 1; 0.015919s wall, 0.000000s user + 0.000000s system = 0.000000s CPU (n/a%)

PHY-1001 : Update timing.....
PHY-1001 : 0/219(0%) critical/total net(s).
RUN-1001 : ------------------------------------------
RUN-1001 :   Type   |    WNS(ns)    |  TNS(ns)  |  FEP  
RUN-1001 : ------------------------------------------
RUN-1001 :   Setup  |  2147483.647  |   0.000   |   0   
RUN-1001 :   Hold   |  2147483.647  |   0.000   |   0   
RUN-1001 : ------------------------------------------
PHY-1001 : End update timing; 0.149459s wall, 0.015625s user + 0.000000s system = 0.015625s CPU (10.5%)

PHY-1001 : Commit to database.....
PHY-1001 : 2 feed throughs used by 2 nets
PHY-1001 : End commit to database; 0.038610s wall, 0.000000s user + 0.000000s system = 0.000000s CPU (n/a%)

PHY-1001 : Current memory(MB): used = 469, reserve = 445, peak = 469.
PHY-1001 : End phase 3; 0.351814s wall, 0.015625s user + 0.000000s system = 0.015625s CPU (4.4%)

PHY-1003 : Routed, final wirelength = 22960
PHY-1001 : Current memory(MB): used = 469, reserve = 446, peak = 469.
PHY-1001 : End export database. 0.006690s wall, 0.000000s user + 0.000000s system = 0.000000s CPU (n/a%)

PHY-1001 : End detail routing;  7.171443s wall, 1.765625s user + 0.078125s system = 1.843750s CPU (25.7%)

RUN-1003 : finish command "route" in  7.541009s wall, 1.843750s user + 0.078125s system = 1.921875s CPU (25.5%)

RUN-1004 : used memory is 413 MB, reserved memory is 389 MB, peak memory is 469 MB
RUN-1002 : start command "report_area -io_info -file display_phy.area"
RUN-1001 : standard
***Report Model: keyboard_instance Device: EG4S20BG256***

IO Statistics
#IO                        23
  #input                    6
  #output                  17
  #inout                    0

Utilization Statistics
#lut                      146   out of  19600    0.74%
#reg                      109   out of  19600    0.56%
#le                       167
  #lut only                58   out of    167   34.73%
  #reg only                21   out of    167   12.57%
  #lut&reg                 88   out of    167   52.69%
#dsp                        0   out of     29    0.00%
#bram                       0   out of     64    0.00%
  #bram9k                   0
  #fifo9k                   0
#bram32k                    0   out of     16    0.00%
#pad                       23   out of    188   12.23%
  #ireg                     0
  #oreg                     0
  #treg                     0
#pll                        0   out of      4    0.00%
#gclk                       2   out of     16   12.50%

Clock Resource Statistics
Index     ClockNet         Type               DriverType         Driver                      Fanout
#1        clk_50M_dup_1    GCLK               io                 clk_50M_syn_2.di            53
#2        U1/scan_clk      GCLK               mslice             U1/scan_clk_reg_syn_9.q0    12


Detailed IO Report

        Name           Direction    Location    IOStandard    DriveStrength    PullType    PackReg  
        RSTn             INPUT         K2        LVCMOS25          N/A           N/A        NONE    
       clk_50M           INPUT         F9        LVCMOS25          N/A           N/A        NONE    
       col[3]            INPUT         R2        LVCMOS25          N/A           N/A        NONE    
       col[2]            INPUT         T4        LVCMOS25          N/A           N/A        NONE    
       col[1]            INPUT         H4        LVCMOS25          N/A           N/A        NONE    
       col[0]            INPUT        F10        LVCMOS25          N/A           N/A        NONE    
  DigitronCS_Out[3]     OUTPUT        H16        LVCMOS25           8            N/A        NONE    
  DigitronCS_Out[2]     OUTPUT        F16        LVCMOS25           8            N/A        NONE    
  DigitronCS_Out[1]     OUTPUT        M16        LVCMOS25           8            N/A        NONE    
  DigitronCS_Out[0]     OUTPUT        E13        LVCMOS25           8            N/A        NONE    
   Digitron_Out[7]      OUTPUT        G14        LVCMOS25           8            N/A        NONE    
   Digitron_Out[6]      OUTPUT        C16        LVCMOS25           8            N/A        NONE    
   Digitron_Out[5]      OUTPUT         C7        LVCMOS25           8            N/A        NONE    
   Digitron_Out[4]      OUTPUT         B5        LVCMOS25           8            N/A        NONE    
   Digitron_Out[3]      OUTPUT         C2        LVCMOS25           8            N/A        NONE    
   Digitron_Out[2]      OUTPUT         G3        LVCMOS25           8            N/A        NONE    
   Digitron_Out[1]      OUTPUT        M13        LVCMOS25           8            N/A        NONE    
   Digitron_Out[0]      OUTPUT        M12        LVCMOS25           8            N/A        NONE    
        light           OUTPUT        F13        LVCMOS25           8            N/A        NONE    
       row[3]           OUTPUT         C6        LVCMOS25           8            N/A        NONE    
       row[2]           OUTPUT         B2        LVCMOS25           8            N/A        NONE    
       row[1]           OUTPUT        J14        LVCMOS25           8            N/A        NONE    
       row[0]           OUTPUT        P12        LVCMOS25           8            N/A        NONE    

Report Hierarchy Area:
+-------------------------------------------------------------------------------------------+
|Instance |Module                      |le     |lut     |ripple  |seq     |bram    |dsp     |
+-------------------------------------------------------------------------------------------+
|top      |keyboard_instance           |167    |126     |20      |109     |0       |0       |
|  U1     |keyboard_scan               |69     |46      |9       |53      |0       |0       |
|  U2     |key_filter                  |68     |50      |11      |51      |0       |0       |
|  U3     |onehot2binary               |25     |25      |0       |5       |0       |0       |
|  U5     |Digitron_TimeDisplay_module |5      |5       |0       |0       |0       |0       |
+-------------------------------------------------------------------------------------------+


DataNet Average Fanout:

   Index     Fanout    Nets  
    #1         1       108   
    #2         2        91   
    #3         3        6    
    #4         4        9    
    #5        5-10      15   
    #6       11-50      6    
  Average     2.37           

RUN-1002 : start command "export_db display_pr.db"
RUN-1001 : Exported /
RUN-1001 : Exported flow parameters
RUN-1001 : Exported libs
RUN-1001 : Exported entities
RUN-1001 : Exported ports
RUN-1001 : Exported pins
RUN-1001 : Exported instances
RUN-1001 : Exported nets
RUN-1001 : Exported buses
RUN-1001 : Exported models
RUN-1001 : Exported congestions
RUN-1001 : Exported violations
RUN-1001 : Exported timing constraints
RUN-1001 : Exported IO constraints
RUN-1001 : Exported Inst constraints
RUN-1002 : start command "export_bid display_inst.bid"
RUN-1002 : start command "bitgen -bit display.bit -unused_io_status pulldown"
BIT-1003 : Start to generate bitstream. 
BIT-1002 : Bitgen processed 165 unused pads, reserve input tri_state with pulldown
BIT-1002 : Init instances with 16 threads.
BIT-1002 : Init instances completely, inst num: 279
BIT-1002 : Init pips with 16 threads.
BIT-1002 : Init pips completely, net num: 262, pip num: 1824
BIT-1002 : Init feedthrough completely, num: 2
BIT-1003 : Multithreading accelaration with 16 threads.
BIT-1003 : Generate bitstream completely, there are 576 valid insts, and 5610 bits set as '1'.
BIT-1004 : PLL setting string = 0000
BIT-1004 : Generate bits file display.bit.
RUN-1003 : finish command "bitgen -bit display.bit -unused_io_status pulldown" in  1.200576s wall, 3.484375s user + 0.015625s system = 3.500000s CPU (291.5%)

RUN-1004 : used memory is 418 MB, reserved memory is 395 MB, peak memory is 613 MB
RUN-1002 : start command "backup_run_log run.log ../.logs/phy_1/td_20240826_203950.log"
