============================================================
   Tang Dynasty, V5.6.59063
   Copyright (c) 2012-2022 Anlogic
   Executable = E:/Anlogic/TD5.6.59063/bin/td.exe
   Built at =   12:45:13 Sep  6 2022
   Run by =     19234
   Run Date =   Mon Aug 26 21:47:00 2024

   Run on =     ERIKPSW
============================================================
RUN-1002 : start command "open_project display.prj"
RUN-1001 : Print Global Property
RUN-1001 : ---------------------------------------------------------------
RUN-1001 :        Parameters        |  Settings  |  Default Values  |  Note  
RUN-1001 : ---------------------------------------------------------------
RUN-1001 :          message         |  standard  |     standard     |        
RUN-1001 :   mixed_pack_place_flow  |     on     |        on        |        
RUN-1001 :        qor_monitor       |    off     |       off        |        
RUN-1001 :        syn_ip_flow       |    off     |       off        |        
RUN-1001 :          thread          |    auto    |       auto       |        
RUN-1001 : ---------------------------------------------------------------
RUN-1001 : Print Design Property
RUN-1001 : --------------------------------------------------------------
RUN-1001 :        Parameters       |  Settings  |  Default Values  |  Note  
RUN-1001 : --------------------------------------------------------------
RUN-1001 :   default_reg_initial   |    auto    |       auto       |        
RUN-1001 :        infer_add        |     on     |        on        |        
RUN-1001 :        infer_fsm        |    off     |       off        |        
RUN-1001 :        infer_mult       |     on     |        on        |        
RUN-1001 :        infer_ram        |     on     |        on        |        
RUN-1001 :        infer_reg        |     on     |        on        |        
RUN-1001 :   infer_reg_init_value  |     on     |        on        |        
RUN-1001 :        infer_rom        |     on     |        on        |        
RUN-1001 :      infer_shifter      |     on     |        on        |        
RUN-1001 : --------------------------------------------------------------
RUN-1001 : Print Rtl Property
RUN-1001 : --------------------------------------------------------------
RUN-1001 :        Parameters       |  Settings  |  Default Values  |  Note  
RUN-1001 : --------------------------------------------------------------
RUN-1001 :       compress_add      |   ripple   |      ripple      |        
RUN-1001 :        elf_sload        |    off     |       off        |        
RUN-1001 :       fix_undriven      |     0      |        0         |        
RUN-1001 :         flatten         |    off     |       off        |        
RUN-1001 :       gate_sharing      |     on     |        on        |        
RUN-1001 :    hdl_warning_level    |   normal   |      normal      |        
RUN-1001 :   impl_internal_tribuf  |     on     |        on        |        
RUN-1001 :      impl_set_reset     |     on     |        on        |        
RUN-1001 :        infer_gsr        |    off     |       off        |        
RUN-1001 :      keep_hierarchy     |    auto    |       auto       |        
RUN-1001 :        max_fanout       |    9999    |       9999       |        
RUN-1001 :      max_oh2bin_len     |     10     |        10        |        
RUN-1001 :       merge_equal       |     on     |        on        |        
RUN-1001 :       merge_equiv       |     on     |        on        |        
RUN-1001 :        merge_mux        |    off     |       off        |        
RUN-1001 :     min_control_set     |     8      |        8         |        
RUN-1001 :      min_ripple_len     |    auto    |       auto       |        
RUN-1001 :       oh2bin_ratio      |    0.08    |       0.08       |        
RUN-1001 :     opt_adder_fanout    |     on     |        on        |        
RUN-1001 :        opt_arith        |     on     |        on        |        
RUN-1001 :       opt_big_gate      |    off     |       off        |        
RUN-1001 :        opt_const        |     on     |        on        |        
RUN-1001 :      opt_const_mult     |     on     |        on        |        
RUN-1001 :       opt_lessthan      |     on     |        on        |        
RUN-1001 :         opt_mux         |    off     |       off        |        
RUN-1001 :         opt_ram         |    high    |       high       |        
RUN-1001 :      rtl_sim_model      |    off     |       off        |        
RUN-1001 :         seq_syn         |     on     |        on        |        
RUN-1001 : --------------------------------------------------------------
HDL-1007 : analyze verilog file ../../keyboard_instance.v
HDL-1007 : analyze verilog file ../../keyboard_scan.v
HDL-1007 : analyze verilog file ../../onehot2binary.v
HDL-1007 : analyze verilog file ../../key_filter.v
HDL-1007 : analyze verilog file ../../Digitron_TimeDisplay_module.v
RUN-1001 : Project manager successfully analyzed 5 source files.
RUN-1002 : start command "import_device eagle_s20.db -package EG4S20BG256"
ARC-1001 : Device Initialization.
ARC-1001 : ------------------------------------------------------------------
ARC-1001 :            OPTION            |          IO          |   SETTING   
ARC-1001 : ------------------------------------------------------------------
ARC-1001 :   cso_b/cclk/mosi/miso/dout  |  T3/R11/T10/P10/S11  |    gpio    
ARC-1001 :             done             |         P13          |    gpio    
ARC-1001 :           program_b          |          T2          |  dedicate  
ARC-1001 :        tdi/tms/tck/tdo       |   C12/A15/C14/E14    |  dedicate  
ARC-1001 : ------------------------------------------------------------------
ARC-1004 : Device setting, marked 5 dedicate IOs in total.
RUN-1002 : start command "import_db ../syn_1/display_gate.db"
RUN-1001 : Importing database generated by Tang Dynasty, V5.6.59063.
RUN-1001 : Database version number 46140.
RUN-1001 : Import flow parameters
RUN-1001 : Import timing constraints
RUN-1001 : Import IO constraints
RUN-1001 : Import Inst constraints
RUN-1001 : Import design success TD_VERSION=5.6.59063 , DB_VERSION=46140
RUN-1002 : start command "read_sdc"
USR-1002 : read_sdc file_name -help -h -eco
USR-1009 : NO module with IP_SDC ...
RUN-1104 : Import SDC file  finished, there are 0 nets kept by constraints.
RUN-1002 : start command "place"
RUN-1001 : Open license file E:/Anlogic/TD5.6.59063/license/Anlogic.lic
RUN-1001 : Print Global Property
RUN-1001 : ---------------------------------------------------------------
RUN-1001 :        Parameters        |  Settings  |  Default Values  |  Note  
RUN-1001 : ---------------------------------------------------------------
RUN-1001 :          message         |  standard  |     standard     |        
RUN-1001 :   mixed_pack_place_flow  |     on     |        on        |        
RUN-1001 :        qor_monitor       |    off     |       off        |        
RUN-1001 :        syn_ip_flow       |    off     |       off        |        
RUN-1001 :          thread          |    auto    |       auto       |        
RUN-1001 : ---------------------------------------------------------------
RUN-1001 : Print Place Property
RUN-1001 : --------------------------------------------------------------
RUN-1001 :        Parameters       |  Settings  |  Default Values  |  Note  
RUN-1001 : --------------------------------------------------------------
RUN-1001 :      detailed_place     |     on     |        on        |        
RUN-1001 :          effort         |   medium   |      medium      |        
RUN-1001 :         fix_hold        |    off     |       off        |        
RUN-1001 :       legalization      |    ori     |       ori        |        
RUN-1001 :      new_spreading      |     on     |        on        |        
RUN-1001 :        opt_timing       |   medium   |      medium      |        
RUN-1001 :   post_clock_route_opt  |    off     |       off        |        
RUN-1001 :       pr_strategy       |     1      |        1         |        
RUN-1001 :        relaxation       |    1.00    |       1.00       |        
RUN-1001 :         retiming        |    off     |       off        |        
RUN-1001 : --------------------------------------------------------------
PHY-3001 : Placer runs in 16 thread(s).
RUN-1002 : start command "legalize_phy_inst"
SYN-1011 : Flatten model keyboard_instance
RUN-1002 : start command "phys_opt -simplify_lut"
SYN-4024 : Net "clk_50M_dup_1" drives clk pins.
SYN-4024 : Net "U1/scan_clk" drives clk pins.
SYN-4025 : Tag rtl::Net U1/scan_clk as clock net
SYN-4025 : Tag rtl::Net clk_50M_dup_1 as clock net
SYN-4026 : Tagged 2 rtl::Net as clock net
SYN-4015 : Create BUFG instance for clk Net U1/scan_clk to drive 20 clock pins.
PHY-1001 : Populate physical database on model keyboard_instance.
RUN-1001 : There are total 294 instances
RUN-0007 : 124 luts, 118 seqs, 10 mslices, 15 lslices, 23 pads, 0 brams, 0 dsps
RUN-1001 : There are total 364 nets
RUN-1001 : 219 nets have 2 pins
RUN-1001 : 120 nets have [3 - 5] pins
RUN-1001 : 19 nets have [6 - 10] pins
RUN-1001 : 1 nets have [11 - 20] pins
RUN-1001 : 3 nets have [21 - 99] pins
RUN-1001 : 2 nets have 100+ pins
RUN-1001 : Report Control nets information:
RUN-1001 : DFF Distribution
RUN-1001 : ----------------------------------
RUN-1001 :   CE   |  SSR  |  ASR  |  DFF Count  
RUN-1001 : ----------------------------------
RUN-1001 :   No   |  No   |  No   |     57      
RUN-1001 :   No   |  No   |  Yes  |     29      
RUN-1001 :   No   |  Yes  |  No   |      0      
RUN-1001 :   Yes  |  No   |  No   |      0      
RUN-1001 :   Yes  |  No   |  Yes  |     32      
RUN-1001 :   Yes  |  Yes  |  No   |      0      
RUN-1001 : ----------------------------------
RUN-0007 : Control Group Statistic
RUN-0007 : ---------------------------
RUN-0007 :   #CLK  |  #CE  |  #SSR/ASR  
RUN-0007 : ---------------------------
RUN-0007 :    5    |   2   |     8      
RUN-0007 : ---------------------------
RUN-0007 : Control Set = 13
PHY-3001 : Initial placement ...
PHY-3001 : design contains 292 instances, 124 luts, 118 seqs, 25 slices, 3 macros(25 instances: 10 mslices 15 lslices)
PHY-0007 : Cell area utilization is 0%
PHY-3001 : Start timing update ...
RUN-1002 : start command "start_timer -report"
TMR-2505 : Start building timing graph for model keyboard_instance.
TMR-2506 : Build timing graph completely. Port num: 7, tpin num: 1234, tnet num: 362, tinst num: 292, tnode num: 1585, tedge num: 1954.
TMR-2508 : Levelizing timing graph completed, there are 21 levels in total.
TMR-2501 : Timing graph initialized successfully.
TMR-2503 : Start to update net delay, extr mode = 2.
TMR-2504 : Update delay of 362 nets completely.
TMR-2502 : Annotate delay completely, extr mode = 2.
TMR-3001 : Initiate 0 clocks from SDC.
TMR-3004 : Map sdc constraints, there are 0 constraints in total.
TMR-3003 : Constraints initiated successfully.
TMR-3501 : Forward propagation: start to calculate arrival time...
TMR-3502 : Backward propagation: start to calculate required time...
TMR-3503 : Timing propagation completes.
PHY-3001 : End timing update;  0.161253s wall, 0.046875s user + 0.000000s system = 0.046875s CPU (29.1%)

PHY-3001 : Global placement ...
PHY-3001 : Initial: Len = 74592
PHY-3001 : Clustering ...
PHY-3001 : Level 0 #clusters 292.
PHY-3001 : End clustering;  0.000017s wall, 0.000000s user + 0.000000s system = 0.000000s CPU (n/a%)

PHY-3001 : Run with size of 4
PHY-3001 : Cell area utilization is 0%
PHY-3001 : :::0::: Try harder cell spreading with beta_ = 0
PHY-3002 : Step(1): len = 49542.3, overlap = 0
PHY-3002 : Step(2): len = 32767.5, overlap = 0
PHY-3002 : Step(3): len = 24572.8, overlap = 0
PHY-3002 : Step(4): len = 19546.8, overlap = 0
PHY-3002 : Step(5): len = 16650.3, overlap = 0
PHY-3002 : Step(6): len = 15307.8, overlap = 0
PHY-3002 : Step(7): len = 14963.5, overlap = 0
PHY-3002 : Step(8): len = 13476.3, overlap = 0
PHY-3002 : Step(9): len = 13282, overlap = 0
PHY-3002 : Step(10): len = 13384.7, overlap = 0
PHY-3002 : Step(11): len = 11687.4, overlap = 0
PHY-3002 : Step(12): len = 11874, overlap = 0
PHY-3002 : Step(13): len = 11943.7, overlap = 0
PHY-3002 : Step(14): len = 11158, overlap = 0
PHY-3002 : Step(15): len = 10430.4, overlap = 0
PHY-3002 : Step(16): len = 9606.5, overlap = 0
PHY-3002 : Step(17): len = 9133.9, overlap = 0
PHY-3002 : Step(18): len = 9379.5, overlap = 0
PHY-3002 : Step(19): len = 9045.7, overlap = 0
PHY-3002 : Step(20): len = 8765.8, overlap = 0
PHY-3002 : Step(21): len = 8185.4, overlap = 0
PHY-3002 : Step(22): len = 7641.1, overlap = 0
PHY-3002 : Step(23): len = 8006.3, overlap = 0
PHY-3002 : Step(24): len = 8204.2, overlap = 0
PHY-3002 : Step(25): len = 7530.3, overlap = 0
PHY-3002 : Step(26): len = 7549.4, overlap = 0
PHY-3002 : Step(27): len = 7508.5, overlap = 0
PHY-3002 : Step(28): len = 7451.2, overlap = 0
PHY-3002 : Step(29): len = 7704.7, overlap = 0
PHY-3002 : Step(30): len = 7833, overlap = 0
PHY-3002 : Step(31): len = 7615.7, overlap = 0
PHY-3002 : Step(32): len = 7236.4, overlap = 0
PHY-3002 : Step(33): len = 6940.4, overlap = 0
PHY-3002 : Step(34): len = 7138.9, overlap = 0
PHY-3002 : Step(35): len = 7371.1, overlap = 0
PHY-3002 : Step(36): len = 6486.6, overlap = 0
PHY-3002 : Step(37): len = 6567.9, overlap = 0
PHY-3002 : Step(38): len = 6725.5, overlap = 0
PHY-3002 : Step(39): len = 6135.3, overlap = 0
PHY-3002 : Step(40): len = 6158.4, overlap = 0
PHY-3002 : Step(41): len = 6237.4, overlap = 0
PHY-3002 : Step(42): len = 5707.8, overlap = 0
PHY-3002 : Step(43): len = 5808.4, overlap = 0
PHY-3002 : Step(44): len = 5939.7, overlap = 0
PHY-3002 : Step(45): len = 5445.5, overlap = 0
PHY-3002 : Step(46): len = 5656.3, overlap = 0
PHY-3002 : Step(47): len = 5739.8, overlap = 0
PHY-3002 : Step(48): len = 5254.6, overlap = 0
PHY-3002 : Step(49): len = 5221.7, overlap = 0
PHY-3002 : Step(50): len = 5368.3, overlap = 0
PHY-3002 : Step(51): len = 5350.2, overlap = 0
PHY-3002 : Step(52): len = 5248, overlap = 0
PHY-3002 : Step(53): len = 4852, overlap = 0
PHY-3002 : Step(54): len = 4736.6, overlap = 0
PHY-3002 : Step(55): len = 4431.4, overlap = 0
PHY-3002 : Step(56): len = 4024.4, overlap = 0
PHY-3002 : Step(57): len = 3926.7, overlap = 0
PHY-3002 : Step(58): len = 3861.7, overlap = 0
PHY-3001 : Legalization ...
PHY-3001 : End legalization;  0.004128s wall, 0.000000s user + 0.000000s system = 0.000000s CPU (n/a%)

PHY-3001 : Run with size of 4
PHY-3001 : Cell area utilization is 1%
PHY-3001 : Update timing in Manhattan mode ...
TMR-2503 : Start to update net delay, extr mode = 3.
TMR-2504 : Update delay of 362 nets completely.
TMR-2502 : Annotate delay completely, extr mode = 3.
TMR-3501 : Forward propagation: start to calculate arrival time...
TMR-3502 : Backward propagation: start to calculate required time...
TMR-3503 : Timing propagation completes.
PHY-3001 : End timing update;  0.003866s wall, 0.000000s user + 0.000000s system = 0.000000s CPU (n/a%)

PHY-3001 : :::0::: Try harder cell spreading with beta_ = 0
PHY-3002 : Step(59): len = 3455.3, overlap = 0
PHY-3002 : Step(60): len = 3472.6, overlap = 0
PHY-3002 : Step(61): len = 3472.6, overlap = 0
PHY-3001 : Run with size of 2
PHY-3001 : Cell area utilization is 1%
PHY-3001 : Update timing in Manhattan mode ...
TMR-2503 : Start to update net delay, extr mode = 3.
TMR-2504 : Update delay of 362 nets completely.
TMR-2502 : Annotate delay completely, extr mode = 3.
TMR-3501 : Forward propagation: start to calculate arrival time...
TMR-3502 : Backward propagation: start to calculate required time...
TMR-3503 : Timing propagation completes.
PHY-3001 : End timing update;  0.003514s wall, 0.000000s user + 0.000000s system = 0.000000s CPU (n/a%)

PHY-3001 : :::0::: Try harder cell spreading with beta_ = 0
PHY-3002 : Step(62): len = 3421.5, overlap = 3.46875
PHY-3002 : Step(63): len = 3421.5, overlap = 3.46875
PHY-3002 : Step(64): len = 3364.4, overlap = 3.46875
PHY-3002 : Step(65): len = 3364.4, overlap = 3.46875
PHY-3002 : Step(66): len = 3350.7, overlap = 3.5
PHY-3002 : Step(67): len = 3350.7, overlap = 3.5
PHY-3002 : Step(68): len = 3340.8, overlap = 3.78125
PHY-3002 : Step(69): len = 3340.8, overlap = 3.78125
PHY-3002 : Step(70): len = 3305.5, overlap = 3.84375
PHY-3002 : Step(71): len = 3305.5, overlap = 3.84375
PHY-3002 : Step(72): len = 3281, overlap = 3.9375
PHY-3002 : Step(73): len = 3325.5, overlap = 4.125
PHY-3002 : Step(74): len = 3325.5, overlap = 4.125
OPT-1001 : Start physical optimization ...
RUN-1002 : start command "start_timer -report"
TMR-2505 : Start building timing graph for model keyboard_instance.
TMR-2506 : Build timing graph completely. Port num: 7, tpin num: 1234, tnet num: 362, tinst num: 292, tnode num: 1585, tedge num: 1954.
TMR-2508 : Levelizing timing graph completed, there are 21 levels in total.
TMR-2501 : Timing graph initialized successfully.
OPT-1001 : Total overflow 8.59 peak overflow 1.66
OPT-1001 : Start high-fanout net optimization ...
OPT-1001 : Update timing in global mode
PHY-1001 : Start incremental global routing, caller is place ...
RUN-1001 : Generating global routing grids ...
RUN-1001 : Building simple global routing graph ...
PHY-1001 : Generate routing nets ...
PHY-1001 : Reuse net number 0/364.
PHY-1001 : Global iterations in 16 thread ...
PHY-1002 : len = 3336, over cnt = 14(0%), over = 45, worst = 9
PHY-1001 : End global iterations;  0.015120s wall, 0.000000s user + 0.000000s system = 0.000000s CPU (n/a%)

PHY-1001 : Congestion index: top1 = 10.23, top5 = 2.62, top10 = 1.30, top15 = 0.87.
PHY-1001 : End incremental global routing;  0.056824s wall, 0.031250s user + 0.000000s system = 0.031250s CPU (55.0%)

TMR-2503 : Start to update net delay, extr mode = 5.
TMR-2504 : Update delay of 362 nets completely.
TMR-2502 : Annotate delay completely, extr mode = 5.
TMR-3001 : Initiate 0 clocks from SDC.
TMR-3004 : Map sdc constraints, there are 0 constraints in total.
TMR-3003 : Constraints initiated successfully.
TMR-3501 : Forward propagation: start to calculate arrival time...
TMR-3502 : Backward propagation: start to calculate required time...
TMR-3503 : Timing propagation completes.
OPT-1001 : End timing update;  0.004368s wall, 0.000000s user + 0.000000s system = 0.000000s CPU (n/a%)

OPT-1001 : 0 high-fanout net processed.
OPT-1001 : End high-fanout net optimization;  0.064209s wall, 0.046875s user + 0.000000s system = 0.046875s CPU (73.0%)

OPT-1001 : Current memory(MB): used = 141, reserve = 112, peak = 141.
OPT-1001 : Start global optimization ...
OPT-1001 : Start congestion update ...
RUN-1001 : Generating global routing grids ...
PHY-1001 : Generate routing nets ...
PHY-1001 : Reuse net number 140/364.
PHY-1001 : Global iterations in 16 thread ...
PHY-1002 : len = 3336, over cnt = 14(0%), over = 45, worst = 9
PHY-1002 : len = 3712, over cnt = 4(0%), over = 4, worst = 1
PHY-1002 : len = 3736, over cnt = 1(0%), over = 1, worst = 1
PHY-1002 : len = 3752, over cnt = 0(0%), over = 0, worst = 0
PHY-1001 : End global iterations;  0.011066s wall, 0.000000s user + 0.000000s system = 0.000000s CPU (n/a%)

PHY-1001 : Congestion index: top1 = 10.61, top5 = 2.80, top10 = 1.39, top15 = 0.93.
OPT-1001 : End congestion update;  0.047336s wall, 0.015625s user + 0.015625s system = 0.031250s CPU (66.0%)

OPT-1001 : Update timing in Manhattan mode
TMR-2503 : Start to update net delay, extr mode = 3.
TMR-2504 : Update delay of 362 nets completely.
TMR-2502 : Annotate delay completely, extr mode = 3.
TMR-3501 : Forward propagation: start to calculate arrival time...
TMR-3502 : Backward propagation: start to calculate required time...
TMR-3503 : Timing propagation completes.
OPT-1001 : End timing update;  0.004817s wall, 0.015625s user + 0.000000s system = 0.015625s CPU (324.3%)

OPT-0007 : Start: WNS 2147483647 TNS 0 NUM_FEPS 0
OPT-1001 : End global optimization;  0.052240s wall, 0.031250s user + 0.015625s system = 0.046875s CPU (89.7%)

OPT-1001 : Current memory(MB): used = 141, reserve = 113, peak = 141.
OPT-1001 : End physical optimization;  0.336395s wall, 0.125000s user + 0.015625s system = 0.140625s CPU (41.8%)

PHY-3001 : Start packing ...
SYN-4007 : Packing 0 MUX to BLE ...
SYN-4008 : Packed 0 MUX and 0 SEQ to BLE.
SYN-4007 : Packing 124 LUT to BLE ...
SYN-4008 : Packed 124 LUT and 45 SEQ to BLE.
SYN-4003 : Packing 73 remaining SEQ's ...
SYN-4005 : Packed 55 SEQ with LUT/SLICE
SYN-4006 : 28 single LUT's are left
SYN-4006 : 18 single SEQ's are left
SYN-4011 : Packing model "keyboard_instance" (AL_USER_NORMAL) with 142/194 primitive instances ...
PHY-3001 : End packing;  0.008526s wall, 0.000000s user + 0.000000s system = 0.000000s CPU (n/a%)

PHY-1001 : Populate physical database on model keyboard_instance.
RUN-1001 : There are total 129 instances
RUN-1001 : 51 mslices, 51 lslices, 23 pads, 0 brams, 0 dsps
RUN-1001 : There are total 322 nets
RUN-1001 : 173 nets have 2 pins
RUN-1001 : 123 nets have [3 - 5] pins
RUN-1001 : 20 nets have [6 - 10] pins
RUN-1001 : 2 nets have [11 - 20] pins
RUN-1001 : 3 nets have [21 - 99] pins
RUN-1001 : 1 nets have 100+ pins
PHY-3001 : design contains 127 instances, 102 slices, 3 macros(25 instances: 10 mslices 15 lslices)
PHY-3001 : Cell area utilization is 1%
PHY-3001 : After packing: Len = 3802.6, Over = 5.25
PHY-3001 : Run with size of 2
PHY-3001 : Cell area utilization is 1%
PHY-3001 : Update timing in Manhattan mode ...
RUN-1002 : start command "start_timer -report"
TMR-2505 : Start building timing graph for model keyboard_instance.
TMR-2506 : Build timing graph completely. Port num: 7, tpin num: 1074, tnet num: 320, tinst num: 127, tnode num: 1340, tedge num: 1775.
TMR-2508 : Levelizing timing graph completed, there are 21 levels in total.
TMR-2501 : Timing graph initialized successfully.
TMR-2503 : Start to update net delay, extr mode = 3.
TMR-2504 : Update delay of 320 nets completely.
TMR-2502 : Annotate delay completely, extr mode = 3.
TMR-3001 : Initiate 0 clocks from SDC.
TMR-3004 : Map sdc constraints, there are 0 constraints in total.
TMR-3003 : Constraints initiated successfully.
TMR-3501 : Forward propagation: start to calculate arrival time...
TMR-3502 : Backward propagation: start to calculate required time...
TMR-3503 : Timing propagation completes.
PHY-3001 : End timing update;  0.119273s wall, 0.093750s user + 0.000000s system = 0.093750s CPU (78.6%)

PHY-3001 : :::0::: Try harder cell spreading with beta_ = 0.000250035
PHY-3002 : Step(75): len = 3702.3, overlap = 5.75
PHY-3002 : Step(76): len = 3699.6, overlap = 5.25
PHY-3002 : Step(77): len = 3684.5, overlap = 4.75
PHY-3001 : :::1::: Try harder cell spreading with beta_ = 0.000500069
PHY-3002 : Step(78): len = 3609.8, overlap = 5
PHY-3002 : Step(79): len = 3612.3, overlap = 4.75
PHY-3001 : :::2::: Try harder cell spreading with beta_ = 0.00100014
PHY-3002 : Step(80): len = 3616.5, overlap = 4.75
PHY-3002 : Step(81): len = 3617.5, overlap = 4.5
PHY-3001 : Legalization ...
PHY-3001 : End legalization;  0.026006s wall, 0.015625s user + 0.015625s system = 0.031250s CPU (120.2%)

PHY-3001 : Trial Legalized: Len = 5905.5
PHY-3001 : Run with size of 2
PHY-3001 : Cell area utilization is 1%
PHY-3001 : Update timing in Manhattan mode ...
TMR-2503 : Start to update net delay, extr mode = 3.
TMR-2504 : Update delay of 320 nets completely.
TMR-2502 : Annotate delay completely, extr mode = 3.
TMR-3501 : Forward propagation: start to calculate arrival time...
TMR-3502 : Backward propagation: start to calculate required time...
TMR-3503 : Timing propagation completes.
PHY-3001 : End timing update;  0.003235s wall, 0.000000s user + 0.000000s system = 0.000000s CPU (n/a%)

PHY-3001 : :::0::: Try harder cell spreading with beta_ = 0
PHY-3002 : Step(82): len = 4349.9, overlap = 1.75
PHY-3002 : Step(83): len = 3810.4, overlap = 3.5
PHY-3002 : Step(84): len = 3684.8, overlap = 4
PHY-3002 : Step(85): len = 3656.1, overlap = 4
PHY-3002 : Step(86): len = 3655.5, overlap = 4.25
PHY-3001 : :::1::: Try harder cell spreading with beta_ = 0.000255277
PHY-3002 : Step(87): len = 3655.8, overlap = 3.75
PHY-3002 : Step(88): len = 3667.2, overlap = 3.5
PHY-3002 : Step(89): len = 3673.7, overlap = 3.75
PHY-3001 : :::2::: Try harder cell spreading with beta_ = 0.000510555
PHY-3002 : Step(90): len = 3638.4, overlap = 4
PHY-3002 : Step(91): len = 3638.4, overlap = 4
PHY-3001 : Legalization ...
PHY-3001 : End legalization;  0.004977s wall, 0.000000s user + 0.000000s system = 0.000000s CPU (n/a%)

PHY-3001 : Legalized: Len = 5278.2, Over = 0
PHY-3001 : Spreading special nets. 5 overflows in 2952 tiles.
PHY-3001 : End spreading;  0.002857s wall, 0.000000s user + 0.000000s system = 0.000000s CPU (n/a%)

PHY-3001 : 7 instances has been re-located, deltaX = 3, deltaY = 3, maxDist = 1.
PHY-3001 : Final: Len = 5434.2, Over = 0
OPT-1001 : Start physical optimization ...
RUN-1002 : start command "start_timer -report"
TMR-2505 : Start building timing graph for model keyboard_instance.
TMR-2506 : Build timing graph completely. Port num: 7, tpin num: 1074, tnet num: 320, tinst num: 127, tnode num: 1340, tedge num: 1775.
TMR-2508 : Levelizing timing graph completed, there are 21 levels in total.
TMR-2501 : Timing graph initialized successfully.
OPT-1001 : Total overflow 0.00 peak overflow 0.00
OPT-1001 : Start high-fanout net optimization ...
OPT-1001 : Update timing in global mode
PHY-1001 : Start incremental global routing, caller is place ...
RUN-1001 : Generating global routing grids ...
PHY-1001 : Generate routing nets ...
PHY-1001 : Reuse net number 22/322.
PHY-1001 : Global iterations in 16 thread ...
PHY-1002 : len = 5936, over cnt = 28(0%), over = 49, worst = 5
PHY-1002 : len = 6296, over cnt = 13(0%), over = 15, worst = 2
PHY-1002 : len = 6504, over cnt = 2(0%), over = 2, worst = 1
PHY-1002 : len = 6536, over cnt = 0(0%), over = 0, worst = 0
PHY-1001 : End global iterations;  0.044444s wall, 0.000000s user + 0.015625s system = 0.015625s CPU (35.2%)

PHY-1001 : Congestion index: top1 = 18.30, top5 = 5.06, top10 = 2.52, top15 = 1.68.
PHY-1001 : End incremental global routing;  0.088416s wall, 0.015625s user + 0.015625s system = 0.031250s CPU (35.3%)

TMR-2503 : Start to update net delay, extr mode = 5.
TMR-2504 : Update delay of 320 nets completely.
TMR-2502 : Annotate delay completely, extr mode = 5.
TMR-3001 : Initiate 0 clocks from SDC.
TMR-3004 : Map sdc constraints, there are 0 constraints in total.
TMR-3003 : Constraints initiated successfully.
TMR-3501 : Forward propagation: start to calculate arrival time...
TMR-3502 : Backward propagation: start to calculate required time...
TMR-3503 : Timing propagation completes.
OPT-1001 : End timing update;  0.004547s wall, 0.000000s user + 0.000000s system = 0.000000s CPU (n/a%)

OPT-1001 : 0 high-fanout net processed.
OPT-1001 : End high-fanout net optimization;  0.095892s wall, 0.015625s user + 0.015625s system = 0.031250s CPU (32.6%)

OPT-1001 : Current memory(MB): used = 142, reserve = 113, peak = 144.
OPT-1001 : Start path based optimization ...
OPT-1001 : Start congestion update ...
RUN-1001 : Generating global routing grids ...
PHY-1001 : Generate routing nets ...
PHY-1001 : Reuse net number 226/322.
PHY-1001 : Global iterations in 16 thread ...
PHY-1002 : len = 6536, over cnt = 0(0%), over = 0, worst = 0
PHY-1001 : End global iterations;  0.001091s wall, 0.000000s user + 0.000000s system = 0.000000s CPU (n/a%)

PHY-1001 : Congestion index: top1 = 18.30, top5 = 5.06, top10 = 2.52, top15 = 1.68.
OPT-1001 : End congestion update;  0.038566s wall, 0.015625s user + 0.000000s system = 0.015625s CPU (40.5%)

OPT-1001 : Update timing in Manhattan mode
TMR-2503 : Start to update net delay, extr mode = 3.
TMR-2504 : Update delay of 320 nets completely.
TMR-2502 : Annotate delay completely, extr mode = 3.
TMR-3501 : Forward propagation: start to calculate arrival time...
TMR-3502 : Backward propagation: start to calculate required time...
TMR-3503 : Timing propagation completes.
OPT-1001 : End timing update;  0.003251s wall, 0.000000s user + 0.000000s system = 0.000000s CPU (n/a%)

OPT-0007 : Start: WNS 2147483647 TNS 0 NUM_FEPS 0
OPT-1001 : End path based optimization;  0.041888s wall, 0.015625s user + 0.000000s system = 0.015625s CPU (37.3%)

OPT-1001 : Current memory(MB): used = 142, reserve = 113, peak = 144.
OPT-1001 : Update timing in Manhattan mode
TMR-2503 : Start to update net delay, extr mode = 3.
TMR-2504 : Update delay of 320 nets completely.
TMR-2502 : Annotate delay completely, extr mode = 3.
TMR-3501 : Forward propagation: start to calculate arrival time...
TMR-3502 : Backward propagation: start to calculate required time...
TMR-3503 : Timing propagation completes.
OPT-1001 : End timing update;  0.002699s wall, 0.000000s user + 0.000000s system = 0.000000s CPU (n/a%)

OPT-1001 : Start pin optimization...
OPT-1001 : skip pin optimization...
OPT-1001 : Update timing in global mode
PHY-1001 : Start incremental global routing, caller is place ...
RUN-1001 : Generating global routing grids ...
PHY-1001 : Generate routing nets ...
PHY-1001 : Reuse net number 226/322.
PHY-1001 : Global iterations in 16 thread ...
PHY-1002 : len = 6536, over cnt = 0(0%), over = 0, worst = 0
PHY-1001 : End global iterations;  0.001263s wall, 0.000000s user + 0.000000s system = 0.000000s CPU (n/a%)

PHY-1001 : Congestion index: top1 = 18.30, top5 = 5.06, top10 = 2.52, top15 = 1.68.
PHY-1001 : End incremental global routing;  0.041986s wall, 0.015625s user + 0.000000s system = 0.015625s CPU (37.2%)

TMR-2503 : Start to update net delay, extr mode = 5.
TMR-2504 : Update delay of 320 nets completely.
TMR-2502 : Annotate delay completely, extr mode = 5.
TMR-3501 : Forward propagation: start to calculate arrival time...
TMR-3502 : Backward propagation: start to calculate required time...
TMR-3503 : Timing propagation completes.
OPT-1001 : End timing update;  0.005132s wall, 0.000000s user + 0.000000s system = 0.000000s CPU (n/a%)

RUN-1001 : Generating global routing grids ...
PHY-1001 : Generate routing nets ...
PHY-1001 : Reuse net number 226/322.
PHY-1001 : Global iterations in 16 thread ...
PHY-1002 : len = 6536, over cnt = 0(0%), over = 0, worst = 0
PHY-1001 : End global iterations;  0.001079s wall, 0.000000s user + 0.000000s system = 0.000000s CPU (n/a%)

PHY-1001 : Congestion index: top1 = 18.30, top5 = 5.06, top10 = 2.52, top15 = 1.68.
OPT-1001 : Update timing in Manhattan mode
TMR-2503 : Start to update net delay, extr mode = 3.
TMR-2504 : Update delay of 320 nets completely.
TMR-2502 : Annotate delay completely, extr mode = 3.
TMR-3501 : Forward propagation: start to calculate arrival time...
TMR-3502 : Backward propagation: start to calculate required time...
TMR-3503 : Timing propagation completes.
OPT-1001 : End timing update;  0.003419s wall, 0.000000s user + 0.000000s system = 0.000000s CPU (n/a%)

RUN-1001 : QoR Analysis:
OPT-0007 :   WNS 2147483647 TNS 0 NUM_FEPS 0
RUN-1001 :   No local congestion issue, and most congested 1% tile average routing util is 17.862069
RUN-1001 :   Top critical paths
OPT-1001 : End physical optimization;  0.387664s wall, 0.203125s user + 0.015625s system = 0.218750s CPU (56.4%)

RUN-1003 : finish command "place" in  2.815323s wall, 0.875000s user + 0.656250s system = 1.531250s CPU (54.4%)

RUN-1004 : used memory is 127 MB, reserved memory is 98 MB, peak memory is 144 MB
RUN-1002 : start command "export_db display_place.db"
RUN-1001 : Exported /
RUN-1001 : Exported flow parameters
RUN-1001 : Exported libs
RUN-1001 : Exported entities
RUN-1001 : Exported ports
RUN-1001 : Exported pins
RUN-1001 : Exported instances
RUN-1001 : Exported nets
RUN-1001 : Exported buses
RUN-1001 : Exported models
RUN-1001 : Exported congestions
RUN-1001 : Exported violations
RUN-1001 : Exported timing constraints
RUN-1001 : Exported IO constraints
RUN-1001 : Exported Inst constraints
RUN-1002 : start command "route"
RUN-1001 : Open license file E:/Anlogic/TD5.6.59063/license/Anlogic.lic
RUN-1001 : Print Global Property
RUN-1001 : ---------------------------------------------------------------
RUN-1001 :        Parameters        |  Settings  |  Default Values  |  Note  
RUN-1001 : ---------------------------------------------------------------
RUN-1001 :          message         |  standard  |     standard     |        
RUN-1001 :   mixed_pack_place_flow  |     on     |        on        |        
RUN-1001 :        qor_monitor       |    off     |       off        |        
RUN-1001 :        syn_ip_flow       |    off     |       off        |        
RUN-1001 :          thread          |    auto    |       auto       |        
RUN-1001 : ---------------------------------------------------------------
RUN-1001 : Print Route Property
RUN-1001 : -------------------------------------------------------
RUN-1001 :    Parameters    |  Settings  |  Default Values  |  Note  
RUN-1001 : -------------------------------------------------------
RUN-1001 :      effort      |   medium   |      medium      |        
RUN-1001 :     fix_hold     |    off     |       off        |        
RUN-1001 :    opt_timing    |   medium   |      medium      |        
RUN-1001 :   phy_sim_model  |    off     |       off        |        
RUN-1001 :     priority     |   timing   |      timing      |        
RUN-1001 :     swap_pin     |     on     |        on        |        
RUN-1001 : -------------------------------------------------------
PHY-1001 : Route runs in 16 thread(s)
RUN-1001 : There are total 129 instances
RUN-1001 : 51 mslices, 51 lslices, 23 pads, 0 brams, 0 dsps
RUN-1001 : There are total 322 nets
RUN-1001 : 173 nets have 2 pins
RUN-1001 : 123 nets have [3 - 5] pins
RUN-1001 : 20 nets have [6 - 10] pins
RUN-1001 : 2 nets have [11 - 20] pins
RUN-1001 : 3 nets have [21 - 99] pins
RUN-1001 : 1 nets have 100+ pins
RUN-1002 : start command "start_timer -report"
TMR-2505 : Start building timing graph for model keyboard_instance.
TMR-2506 : Build timing graph completely. Port num: 7, tpin num: 1074, tnet num: 320, tinst num: 127, tnode num: 1340, tedge num: 1775.
TMR-2508 : Levelizing timing graph completed, there are 21 levels in total.
TMR-2501 : Timing graph initialized successfully.
PHY-1001 : 51 mslices, 51 lslices, 23 pads, 0 brams, 0 dsps
TMR-2503 : Start to update net delay, extr mode = 3.
TMR-2504 : Update delay of 320 nets completely.
TMR-2502 : Annotate delay completely, extr mode = 3.
TMR-3001 : Initiate 0 clocks from SDC.
TMR-3004 : Map sdc constraints, there are 0 constraints in total.
TMR-3003 : Constraints initiated successfully.
TMR-3501 : Forward propagation: start to calculate arrival time...
TMR-3502 : Backward propagation: start to calculate required time...
TMR-3503 : Timing propagation completes.
PHY-1001 : Start global routing, caller is route ...
RUN-1001 : Generating global routing grids ...
PHY-1001 : Generate routing nets ...
PHY-1001 : Global iterations in 16 thread ...
PHY-1002 : len = 5792, over cnt = 30(0%), over = 54, worst = 5
PHY-1002 : len = 6192, over cnt = 15(0%), over = 19, worst = 3
PHY-1002 : len = 6472, over cnt = 0(0%), over = 0, worst = 0
PHY-1001 : End global iterations;  0.050533s wall, 0.000000s user + 0.000000s system = 0.000000s CPU (n/a%)

PHY-1001 : Congestion index: top1 = 18.34, top5 = 5.00, top10 = 2.49, top15 = 1.66.
PHY-1001 : End global routing;  0.099839s wall, 0.046875s user + 0.000000s system = 0.046875s CPU (47.0%)

PHY-1001 : Start detail routing ...
PHY-1001 : Current memory(MB): used = 165, reserve = 136, peak = 177.
PHY-1001 : Detailed router is running in normal mode.
PHY-1001 : Generate detailed routing grids ...
PHY-1001 : Generate nets ...
PHY-1001 : net clk_50M_dup_1 will be routed on clock mesh
PHY-1001 : clock net U1/scan_clk_syn_4 will be merged with clock U1/scan_clk
PHY-1001 : Current memory(MB): used = 430, reserve = 405, peak = 430.
PHY-1001 : End build detailed router design. 4.294755s wall, 2.078125s user + 0.093750s system = 2.171875s CPU (50.6%)

PHY-1001 : Detail Route ...
PHY-1001 : ===== Detail Route Phase 1 =====
PHY-1001 : Clock net routing.....
PHY-1001 : Routed 0% nets.
PHY-1022 : len = 5128, over cnt = 0(0%), over = 0, worst = 0, crit = 0
PHY-1001 : End initial clock net routed; 0.278730s wall, 0.109375s user + 0.000000s system = 0.109375s CPU (39.2%)

PHY-1001 : Current memory(MB): used = 459, reserve = 435, peak = 459.
PHY-1001 : End phase 1; 0.284756s wall, 0.109375s user + 0.000000s system = 0.109375s CPU (38.4%)

PHY-1001 : ===== Detail Route Phase 2 =====
PHY-1001 : Initial routing.....
PHY-1001 : Routed 37% nets.
PHY-1001 : Routed 38% nets.
PHY-1001 : Patch 149 net; 0.060672s wall, 0.031250s user + 0.000000s system = 0.031250s CPU (51.5%)

PHY-1022 : len = 15576, over cnt = 28(0%), over = 28, worst = 1, crit = 0
PHY-1001 : Current memory(MB): used = 459, reserve = 435, peak = 459.
PHY-1001 : End initial routed; 0.081481s wall, 0.031250s user + 0.000000s system = 0.031250s CPU (38.4%)

PHY-1001 : Update timing.....
PHY-1001 : 0/275(0%) critical/total net(s).
RUN-1001 : ------------------------------------------
RUN-1001 :   Type   |    WNS(ns)    |  TNS(ns)  |  FEP  
RUN-1001 : ------------------------------------------
RUN-1001 :   Setup  |  2147483.647  |   0.000   |   0   
RUN-1001 :   Hold   |  2147483.647  |   0.000   |   0   
RUN-1001 : ------------------------------------------
PHY-1001 : End update timing; 0.147284s wall, 0.062500s user + 0.000000s system = 0.062500s CPU (42.4%)

PHY-1001 : Current memory(MB): used = 460, reserve = 436, peak = 460.
PHY-1001 : End phase 2; 0.228848s wall, 0.093750s user + 0.000000s system = 0.093750s CPU (41.0%)

PHY-1001 : ===== Detail Route Phase 3 =====
PHY-1001 : Optimize timing.....
PHY-1022 : len = 15576, over cnt = 28(0%), over = 28, worst = 1, crit = 0
PHY-1001 : End optimize timing; 0.004851s wall, 0.015625s user + 0.000000s system = 0.015625s CPU (322.1%)

PHY-1001 : Ripup-reroute.....
PHY-1001 : ===== DR Iter 1 =====
PHY-1022 : len = 15640, over cnt = 9(0%), over = 9, worst = 1, crit = 0
PHY-1001 : End DR Iter 1; 0.030112s wall, 0.031250s user + 0.000000s system = 0.031250s CPU (103.8%)

PHY-1001 : ===== DR Iter 2 =====
PHY-1022 : len = 15704, over cnt = 1(0%), over = 1, worst = 1, crit = 0
PHY-1001 : End DR Iter 2; 0.014803s wall, 0.015625s user + 0.000000s system = 0.015625s CPU (105.6%)

PHY-1001 : ===== DR Iter 3 =====
PHY-1022 : len = 15752, over cnt = 0(0%), over = 0, worst = 0, crit = 0
PHY-1001 : End DR Iter 3; 0.013770s wall, 0.000000s user + 0.000000s system = 0.000000s CPU (n/a%)

PHY-1001 : Update timing.....
PHY-1001 : 0/275(0%) critical/total net(s).
RUN-1001 : ------------------------------------------
RUN-1001 :   Type   |    WNS(ns)    |  TNS(ns)  |  FEP  
RUN-1001 : ------------------------------------------
RUN-1001 :   Setup  |  2147483.647  |   0.000   |   0   
RUN-1001 :   Hold   |  2147483.647  |   0.000   |   0   
RUN-1001 : ------------------------------------------
PHY-1001 : End update timing; 0.130986s wall, 0.062500s user + 0.000000s system = 0.062500s CPU (47.7%)

PHY-1001 : Commit to database.....
PHY-1001 : 5 feed throughs used by 4 nets
PHY-1001 : End commit to database; 0.035879s wall, 0.015625s user + 0.000000s system = 0.015625s CPU (43.5%)

PHY-1001 : Current memory(MB): used = 470, reserve = 446, peak = 470.
PHY-1001 : End phase 3; 0.358498s wall, 0.171875s user + 0.000000s system = 0.171875s CPU (47.9%)

PHY-1003 : Routed, final wirelength = 15752
PHY-1001 : Current memory(MB): used = 470, reserve = 446, peak = 470.
PHY-1001 : End export database. 0.005314s wall, 0.000000s user + 0.000000s system = 0.000000s CPU (n/a%)

PHY-1001 : End detail routing;  5.392250s wall, 2.546875s user + 0.093750s system = 2.640625s CPU (49.0%)

RUN-1003 : finish command "route" in  5.723002s wall, 2.687500s user + 0.109375s system = 2.796875s CPU (48.9%)

RUN-1004 : used memory is 415 MB, reserved memory is 391 MB, peak memory is 470 MB
RUN-1002 : start command "report_area -io_info -file display_phy.area"
RUN-1001 : standard
***Report Model: keyboard_instance Device: EG4S20BG256***

IO Statistics
#IO                        23
  #input                    6
  #output                  17
  #inout                    0

Utilization Statistics
#lut                      177   out of  19600    0.90%
#reg                      134   out of  19600    0.68%
#le                       195
  #lut only                61   out of    195   31.28%
  #reg only                18   out of    195    9.23%
  #lut&reg                116   out of    195   59.49%
#dsp                        0   out of     29    0.00%
#bram                       0   out of     64    0.00%
  #bram9k                   0
  #fifo9k                   0
#bram32k                    0   out of     16    0.00%
#pad                       23   out of    188   12.23%
  #ireg                     0
  #oreg                     0
  #treg                     0
#pll                        0   out of      4    0.00%
#gclk                       2   out of     16   12.50%

Clock Resource Statistics
Index     ClockNet         Type               DriverType         Driver                      Fanout
#1        clk_50M_dup_1    GCLK               io                 clk_50M_syn_2.di            66
#2        U1/scan_clk      GCLK               mslice             U1/scan_clk_reg_syn_9.q1    10


Detailed IO Report

        Name           Direction    Location    IOStandard    DriveStrength    PullType    PackReg  
        RSTn             INPUT         A9        LVCMOS33          N/A          PULLUP      NONE    
       clk_50M           INPUT         R7        LVCMOS33          N/A          PULLUP      NONE    
       col[3]            INPUT        F10        LVCMOS33          N/A          PULLUP      NONE    
       col[2]            INPUT        C11        LVCMOS33          N/A          PULLUP      NONE    
       col[1]            INPUT        D11        LVCMOS33          N/A          PULLUP      NONE    
       col[0]            INPUT        E11        LVCMOS33          N/A          PULLUP      NONE    
  DigitronCS_Out[3]     OUTPUT         A3        LVCMOS33           8            NONE       NONE    
  DigitronCS_Out[2]     OUTPUT         A5        LVCMOS33           8            NONE       NONE    
  DigitronCS_Out[1]     OUTPUT         B6        LVCMOS33           8            NONE       NONE    
  DigitronCS_Out[0]     OUTPUT         C9        LVCMOS33           8            NONE       NONE    
   Digitron_Out[7]      OUTPUT         C8        LVCMOS33           8            NONE       NONE    
   Digitron_Out[6]      OUTPUT         A8        LVCMOS33           8            NONE       NONE    
   Digitron_Out[5]      OUTPUT         B5        LVCMOS33           8            NONE       NONE    
   Digitron_Out[4]      OUTPUT         A7        LVCMOS33           8            NONE       NONE    
   Digitron_Out[3]      OUTPUT         E8        LVCMOS33           8            NONE       NONE    
   Digitron_Out[2]      OUTPUT         B8        LVCMOS33           8            NONE       NONE    
   Digitron_Out[1]      OUTPUT         A6        LVCMOS33           8            NONE       NONE    
   Digitron_Out[0]      OUTPUT         A4        LVCMOS33           8            NONE       NONE    
        light           OUTPUT        B14        LVCMOS33           8            NONE       NONE    
       row[3]           OUTPUT         D9        LVCMOS33           8            NONE       NONE    
       row[2]           OUTPUT         F9        LVCMOS33           8            NONE       NONE    
       row[1]           OUTPUT        C10        LVCMOS33           8            NONE       NONE    
       row[0]           OUTPUT        E10        LVCMOS33           8            NONE       NONE    

Report Hierarchy Area:
+-------------------------------------------------------------------------------------------+
|Instance |Module                      |le     |lut     |ripple  |seq     |bram    |dsp     |
+-------------------------------------------------------------------------------------------+
|top      |keyboard_instance           |195    |152     |25      |134     |0       |0       |
|  U1     |keyboard_scan               |69     |60      |9       |52      |0       |0       |
|  U2     |key_filter                  |69     |45      |6       |56      |0       |0       |
|  U3     |onehot2binary               |22     |22      |0       |10      |0       |0       |
|  U5     |Digitron_TimeDisplay_module |30     |20      |10      |16      |0       |0       |
+-------------------------------------------------------------------------------------------+


DataNet Average Fanout:

   Index     Fanout    Nets  
    #1         1       150   
    #2         2        90   
    #3         3        12   
    #4         4        18   
    #5        5-10      19   
    #6       11-50      3    
  Average     2.21           

RUN-1002 : start command "export_db display_pr.db"
RUN-1001 : Exported /
RUN-1001 : Exported flow parameters
RUN-1001 : Exported libs
RUN-1001 : Exported entities
RUN-1001 : Exported ports
RUN-1001 : Exported pins
RUN-1001 : Exported instances
RUN-1001 : Exported nets
RUN-1001 : Exported buses
RUN-1001 : Exported models
RUN-1001 : Exported congestions
RUN-1001 : Exported violations
RUN-1001 : Exported timing constraints
RUN-1001 : Exported IO constraints
RUN-1001 : Exported Inst constraints
RUN-1002 : start command "export_bid display_inst.bid"
RUN-1002 : start command "bitgen -bit display.bit -unused_io_status pulldown"
BIT-1003 : Start to generate bitstream. 
BIT-1002 : Bitgen processed 165 unused pads, reserve input tri_state with pulldown
BIT-1002 : Init instances with 16 threads.
BIT-1002 : Init instances completely, inst num: 292
BIT-1002 : Init pips with 16 threads.
BIT-1002 : Init pips completely, net num: 322, pip num: 1966
BIT-1002 : Init feedthrough completely, num: 5
BIT-1003 : Multithreading accelaration with 16 threads.
BIT-1003 : Generate bitstream completely, there are 425 valid insts, and 6400 bits set as '1'.
BIT-1004 : PLL setting string = 0000
BIT-1004 : Generate bits file display.bit.
RUN-1003 : finish command "bitgen -bit display.bit -unused_io_status pulldown" in  1.254721s wall, 3.796875s user + 0.062500s system = 3.859375s CPU (307.6%)

RUN-1004 : used memory is 422 MB, reserved memory is 400 MB, peak memory is 616 MB
RUN-1002 : start command "backup_run_log run.log ../.logs/phy_1/td_20240826_214700.log"
