============================================================
   Tang Dynasty, V5.6.59063
   Copyright (c) 2012-2022 Anlogic
   Executable = E:/Anlogic/TD5.6.59063/bin/td.exe
   Built at =   12:45:13 Sep  6 2022
   Run by =     19234
   Run Date =   Mon Aug 26 21:53:03 2024

   Run on =     ERIKPSW
============================================================
RUN-1002 : start command "open_project display.prj"
RUN-1001 : Print Global Property
RUN-1001 : ---------------------------------------------------------------
RUN-1001 :        Parameters        |  Settings  |  Default Values  |  Note  
RUN-1001 : ---------------------------------------------------------------
RUN-1001 :          message         |  standard  |     standard     |        
RUN-1001 :   mixed_pack_place_flow  |     on     |        on        |        
RUN-1001 :        qor_monitor       |    off     |       off        |        
RUN-1001 :        syn_ip_flow       |    off     |       off        |        
RUN-1001 :          thread          |    auto    |       auto       |        
RUN-1001 : ---------------------------------------------------------------
RUN-1001 : Print Design Property
RUN-1001 : --------------------------------------------------------------
RUN-1001 :        Parameters       |  Settings  |  Default Values  |  Note  
RUN-1001 : --------------------------------------------------------------
RUN-1001 :   default_reg_initial   |    auto    |       auto       |        
RUN-1001 :        infer_add        |     on     |        on        |        
RUN-1001 :        infer_fsm        |    off     |       off        |        
RUN-1001 :        infer_mult       |     on     |        on        |        
RUN-1001 :        infer_ram        |     on     |        on        |        
RUN-1001 :        infer_reg        |     on     |        on        |        
RUN-1001 :   infer_reg_init_value  |     on     |        on        |        
RUN-1001 :        infer_rom        |     on     |        on        |        
RUN-1001 :      infer_shifter      |     on     |        on        |        
RUN-1001 : --------------------------------------------------------------
RUN-1001 : Print Rtl Property
RUN-1001 : --------------------------------------------------------------
RUN-1001 :        Parameters       |  Settings  |  Default Values  |  Note  
RUN-1001 : --------------------------------------------------------------
RUN-1001 :       compress_add      |   ripple   |      ripple      |        
RUN-1001 :        elf_sload        |    off     |       off        |        
RUN-1001 :       fix_undriven      |     0      |        0         |        
RUN-1001 :         flatten         |    off     |       off        |        
RUN-1001 :       gate_sharing      |     on     |        on        |        
RUN-1001 :    hdl_warning_level    |   normal   |      normal      |        
RUN-1001 :   impl_internal_tribuf  |     on     |        on        |        
RUN-1001 :      impl_set_reset     |     on     |        on        |        
RUN-1001 :        infer_gsr        |    off     |       off        |        
RUN-1001 :      keep_hierarchy     |    auto    |       auto       |        
RUN-1001 :        max_fanout       |    9999    |       9999       |        
RUN-1001 :      max_oh2bin_len     |     10     |        10        |        
RUN-1001 :       merge_equal       |     on     |        on        |        
RUN-1001 :       merge_equiv       |     on     |        on        |        
RUN-1001 :        merge_mux        |    off     |       off        |        
RUN-1001 :     min_control_set     |     8      |        8         |        
RUN-1001 :      min_ripple_len     |    auto    |       auto       |        
RUN-1001 :       oh2bin_ratio      |    0.08    |       0.08       |        
RUN-1001 :     opt_adder_fanout    |     on     |        on        |        
RUN-1001 :        opt_arith        |     on     |        on        |        
RUN-1001 :       opt_big_gate      |    off     |       off        |        
RUN-1001 :        opt_const        |     on     |        on        |        
RUN-1001 :      opt_const_mult     |     on     |        on        |        
RUN-1001 :       opt_lessthan      |     on     |        on        |        
RUN-1001 :         opt_mux         |    off     |       off        |        
RUN-1001 :         opt_ram         |    high    |       high       |        
RUN-1001 :      rtl_sim_model      |    off     |       off        |        
RUN-1001 :         seq_syn         |     on     |        on        |        
RUN-1001 : --------------------------------------------------------------
HDL-1007 : analyze verilog file ../../keyboard_instance.v
HDL-1007 : analyze verilog file ../../keyboard_scan.v
HDL-1007 : analyze verilog file ../../onehot2binary.v
HDL-1007 : analyze verilog file ../../key_filter.v
HDL-1007 : analyze verilog file ../../Digitron_TimeDisplay_module.v
RUN-1001 : Project manager successfully analyzed 5 source files.
RUN-1002 : start command "import_device eagle_s20.db -package EG4S20BG256"
ARC-1001 : Device Initialization.
ARC-1001 : ------------------------------------------------------------------
ARC-1001 :            OPTION            |          IO          |   SETTING   
ARC-1001 : ------------------------------------------------------------------
ARC-1001 :   cso_b/cclk/mosi/miso/dout  |  T3/R11/T10/P10/S11  |    gpio    
ARC-1001 :             done             |         P13          |    gpio    
ARC-1001 :           program_b          |          T2          |  dedicate  
ARC-1001 :        tdi/tms/tck/tdo       |   C12/A15/C14/E14    |  dedicate  
ARC-1001 : ------------------------------------------------------------------
ARC-1004 : Device setting, marked 5 dedicate IOs in total.
RUN-1002 : start command "import_db ../syn_1/display_gate.db"
RUN-1001 : Importing database generated by Tang Dynasty, V5.6.59063.
RUN-1001 : Database version number 46140.
RUN-1001 : Import flow parameters
RUN-1001 : Import timing constraints
RUN-1001 : Import IO constraints
RUN-1001 : Import Inst constraints
RUN-1001 : Import design success TD_VERSION=5.6.59063 , DB_VERSION=46140
RUN-1002 : start command "read_sdc"
USR-1002 : read_sdc file_name -help -h -eco
USR-1009 : NO module with IP_SDC ...
RUN-1104 : Import SDC file  finished, there are 0 nets kept by constraints.
RUN-1002 : start command "place"
RUN-1001 : Open license file E:/Anlogic/TD5.6.59063/license/Anlogic.lic
RUN-1001 : Print Global Property
RUN-1001 : ---------------------------------------------------------------
RUN-1001 :        Parameters        |  Settings  |  Default Values  |  Note  
RUN-1001 : ---------------------------------------------------------------
RUN-1001 :          message         |  standard  |     standard     |        
RUN-1001 :   mixed_pack_place_flow  |     on     |        on        |        
RUN-1001 :        qor_monitor       |    off     |       off        |        
RUN-1001 :        syn_ip_flow       |    off     |       off        |        
RUN-1001 :          thread          |    auto    |       auto       |        
RUN-1001 : ---------------------------------------------------------------
RUN-1001 : Print Place Property
RUN-1001 : --------------------------------------------------------------
RUN-1001 :        Parameters       |  Settings  |  Default Values  |  Note  
RUN-1001 : --------------------------------------------------------------
RUN-1001 :      detailed_place     |     on     |        on        |        
RUN-1001 :          effort         |   medium   |      medium      |        
RUN-1001 :         fix_hold        |    off     |       off        |        
RUN-1001 :       legalization      |    ori     |       ori        |        
RUN-1001 :      new_spreading      |     on     |        on        |        
RUN-1001 :        opt_timing       |   medium   |      medium      |        
RUN-1001 :   post_clock_route_opt  |    off     |       off        |        
RUN-1001 :       pr_strategy       |     1      |        1         |        
RUN-1001 :        relaxation       |    1.00    |       1.00       |        
RUN-1001 :         retiming        |    off     |       off        |        
RUN-1001 : --------------------------------------------------------------
PHY-3001 : Placer runs in 16 thread(s).
RUN-1002 : start command "legalize_phy_inst"
SYN-1011 : Flatten model keyboard_instance
RUN-1002 : start command "phys_opt -simplify_lut"
SYN-4024 : Net "clk_50M_dup_1" drives clk pins.
SYN-4024 : Net "U1/scan_clk" drives clk pins.
SYN-4025 : Tag rtl::Net U1/scan_clk as clock net
SYN-4025 : Tag rtl::Net clk_50M_dup_1 as clock net
SYN-4026 : Tagged 2 rtl::Net as clock net
SYN-4015 : Create BUFG instance for clk Net U1/scan_clk to drive 20 clock pins.
PHY-1001 : Populate physical database on model keyboard_instance.
RUN-1001 : There are total 292 instances
RUN-0007 : 128 luts, 112 seqs, 10 mslices, 15 lslices, 23 pads, 0 brams, 0 dsps
RUN-1001 : There are total 362 nets
RUN-1001 : 216 nets have 2 pins
RUN-1001 : 113 nets have [3 - 5] pins
RUN-1001 : 27 nets have [6 - 10] pins
RUN-1001 : 1 nets have [11 - 20] pins
RUN-1001 : 3 nets have [21 - 99] pins
RUN-1001 : 2 nets have 100+ pins
RUN-1001 : Report Control nets information:
RUN-1001 : DFF Distribution
RUN-1001 : ----------------------------------
RUN-1001 :   CE   |  SSR  |  ASR  |  DFF Count  
RUN-1001 : ----------------------------------
RUN-1001 :   No   |  No   |  No   |     60      
RUN-1001 :   No   |  No   |  Yes  |     20      
RUN-1001 :   No   |  Yes  |  No   |      0      
RUN-1001 :   Yes  |  No   |  No   |      0      
RUN-1001 :   Yes  |  No   |  Yes  |     32      
RUN-1001 :   Yes  |  Yes  |  No   |      0      
RUN-1001 : ----------------------------------
RUN-0007 : Control Group Statistic
RUN-0007 : ---------------------------
RUN-0007 :   #CLK  |  #CE  |  #SSR/ASR  
RUN-0007 : ---------------------------
RUN-0007 :    2    |   2   |     2      
RUN-0007 : ---------------------------
RUN-0007 : Control Set = 4
PHY-3001 : Initial placement ...
PHY-3001 : design contains 290 instances, 128 luts, 112 seqs, 25 slices, 3 macros(25 instances: 10 mslices 15 lslices)
PHY-0007 : Cell area utilization is 0%
PHY-3001 : Start timing update ...
RUN-1002 : start command "start_timer -report"
TMR-2505 : Start building timing graph for model keyboard_instance.
TMR-2506 : Build timing graph completely. Port num: 7, tpin num: 1231, tnet num: 360, tinst num: 290, tnode num: 1564, tedge num: 1952.
TMR-2508 : Levelizing timing graph completed, there are 21 levels in total.
TMR-2501 : Timing graph initialized successfully.
TMR-2503 : Start to update net delay, extr mode = 2.
TMR-2504 : Update delay of 360 nets completely.
TMR-2502 : Annotate delay completely, extr mode = 2.
TMR-3001 : Initiate 0 clocks from SDC.
TMR-3004 : Map sdc constraints, there are 0 constraints in total.
TMR-3003 : Constraints initiated successfully.
TMR-3501 : Forward propagation: start to calculate arrival time...
TMR-3502 : Backward propagation: start to calculate required time...
TMR-3503 : Timing propagation completes.
PHY-3001 : End timing update;  0.165596s wall, 0.046875s user + 0.000000s system = 0.046875s CPU (28.3%)

PHY-3001 : Global placement ...
PHY-3001 : Initial: Len = 77427.6
PHY-3001 : Clustering ...
PHY-3001 : Level 0 #clusters 290.
PHY-3001 : End clustering;  0.000036s wall, 0.000000s user + 0.000000s system = 0.000000s CPU (n/a%)

PHY-3001 : Run with size of 4
PHY-3001 : Cell area utilization is 0%
PHY-3001 : :::0::: Try harder cell spreading with beta_ = 0
PHY-3002 : Step(1): len = 50443, overlap = 0
PHY-3002 : Step(2): len = 31982.9, overlap = 0
PHY-3002 : Step(3): len = 24388.5, overlap = 0
PHY-3002 : Step(4): len = 19349.3, overlap = 0
PHY-3002 : Step(5): len = 16414.8, overlap = 0
PHY-3002 : Step(6): len = 15246.5, overlap = 0
PHY-3002 : Step(7): len = 15265.2, overlap = 0
PHY-3002 : Step(8): len = 13814.7, overlap = 0
PHY-3002 : Step(9): len = 12836.6, overlap = 0
PHY-3002 : Step(10): len = 13262.5, overlap = 0
PHY-3002 : Step(11): len = 12321.3, overlap = 0
PHY-3002 : Step(12): len = 11690.6, overlap = 0
PHY-3002 : Step(13): len = 11697.3, overlap = 0
PHY-3002 : Step(14): len = 10891.1, overlap = 0
PHY-3002 : Step(15): len = 9880.4, overlap = 0
PHY-3002 : Step(16): len = 9926.6, overlap = 0
PHY-3002 : Step(17): len = 9701.3, overlap = 0
PHY-3002 : Step(18): len = 8525, overlap = 0
PHY-3002 : Step(19): len = 8483.3, overlap = 0
PHY-3002 : Step(20): len = 8703.2, overlap = 0
PHY-3002 : Step(21): len = 8219, overlap = 0
PHY-3002 : Step(22): len = 8022.4, overlap = 0
PHY-3002 : Step(23): len = 7935.5, overlap = 0
PHY-3002 : Step(24): len = 8066.2, overlap = 0
PHY-3002 : Step(25): len = 7914.7, overlap = 0
PHY-3002 : Step(26): len = 7880.9, overlap = 0
PHY-3002 : Step(27): len = 8091.6, overlap = 0
PHY-3002 : Step(28): len = 7240.5, overlap = 0
PHY-3002 : Step(29): len = 6985.3, overlap = 0
PHY-3002 : Step(30): len = 7203.5, overlap = 0
PHY-3002 : Step(31): len = 6629.1, overlap = 0
PHY-3002 : Step(32): len = 6738.3, overlap = 0
PHY-3002 : Step(33): len = 6676.1, overlap = 0
PHY-3002 : Step(34): len = 6186.8, overlap = 0
PHY-3002 : Step(35): len = 6296.3, overlap = 0
PHY-3002 : Step(36): len = 6218.5, overlap = 0
PHY-3002 : Step(37): len = 5861.3, overlap = 0
PHY-3002 : Step(38): len = 6051.6, overlap = 0
PHY-3002 : Step(39): len = 5487.6, overlap = 0
PHY-3002 : Step(40): len = 5623.7, overlap = 0
PHY-3002 : Step(41): len = 5674.7, overlap = 0
PHY-3002 : Step(42): len = 5133, overlap = 0
PHY-3002 : Step(43): len = 5238.9, overlap = 0
PHY-3002 : Step(44): len = 5375.3, overlap = 0
PHY-3002 : Step(45): len = 5455.8, overlap = 0
PHY-3002 : Step(46): len = 5054.3, overlap = 0
PHY-3002 : Step(47): len = 4947.9, overlap = 0
PHY-3002 : Step(48): len = 4949.1, overlap = 0
PHY-3002 : Step(49): len = 4535.1, overlap = 0
PHY-3002 : Step(50): len = 4270.1, overlap = 0
PHY-3002 : Step(51): len = 4270.1, overlap = 0
PHY-3002 : Step(52): len = 3931.3, overlap = 0
PHY-3002 : Step(53): len = 3976.1, overlap = 0
PHY-3002 : Step(54): len = 3976.1, overlap = 0
PHY-3001 : Legalization ...
PHY-3001 : End legalization;  0.004194s wall, 0.000000s user + 0.000000s system = 0.000000s CPU (n/a%)

PHY-3001 : Run with size of 4
PHY-3001 : Cell area utilization is 1%
PHY-3001 : Update timing in Manhattan mode ...
TMR-2503 : Start to update net delay, extr mode = 3.
TMR-2504 : Update delay of 360 nets completely.
TMR-2502 : Annotate delay completely, extr mode = 3.
TMR-3501 : Forward propagation: start to calculate arrival time...
TMR-3502 : Backward propagation: start to calculate required time...
TMR-3503 : Timing propagation completes.
PHY-3001 : End timing update;  0.004533s wall, 0.000000s user + 0.000000s system = 0.000000s CPU (n/a%)

PHY-3001 : :::0::: Try harder cell spreading with beta_ = 0
PHY-3002 : Step(55): len = 3907.9, overlap = 0.0625
PHY-3002 : Step(56): len = 3937.5, overlap = 0.0625
PHY-3002 : Step(57): len = 3967.1, overlap = 0.0625
PHY-3001 : Run with size of 2
PHY-3001 : Cell area utilization is 1%
PHY-3001 : Update timing in Manhattan mode ...
TMR-2503 : Start to update net delay, extr mode = 3.
TMR-2504 : Update delay of 360 nets completely.
TMR-2502 : Annotate delay completely, extr mode = 3.
TMR-3501 : Forward propagation: start to calculate arrival time...
TMR-3502 : Backward propagation: start to calculate required time...
TMR-3503 : Timing propagation completes.
PHY-3001 : End timing update;  0.003445s wall, 0.000000s user + 0.000000s system = 0.000000s CPU (n/a%)

PHY-3001 : :::0::: Try harder cell spreading with beta_ = 0.000203829
PHY-3002 : Step(58): len = 4005.7, overlap = 4.40625
PHY-3002 : Step(59): len = 4033.6, overlap = 3.71875
PHY-3002 : Step(60): len = 4081.5, overlap = 3.1875
PHY-3001 : :::1::: Try harder cell spreading with beta_ = 0.000407658
PHY-3002 : Step(61): len = 3950.1, overlap = 3.21875
PHY-3002 : Step(62): len = 3968.2, overlap = 3.1875
PHY-3001 : :::2::: Try harder cell spreading with beta_ = 0.000815317
PHY-3002 : Step(63): len = 3941, overlap = 3.0625
PHY-3002 : Step(64): len = 3943.2, overlap = 3.0625
OPT-1001 : Start physical optimization ...
RUN-1002 : start command "start_timer -report"
TMR-2505 : Start building timing graph for model keyboard_instance.
TMR-2506 : Build timing graph completely. Port num: 7, tpin num: 1231, tnet num: 360, tinst num: 290, tnode num: 1564, tedge num: 1952.
TMR-2508 : Levelizing timing graph completed, there are 21 levels in total.
TMR-2501 : Timing graph initialized successfully.
OPT-1001 : Total overflow 15.59 peak overflow 2.66
OPT-1001 : Start high-fanout net optimization ...
OPT-1001 : Update timing in global mode
PHY-1001 : Start incremental global routing, caller is place ...
RUN-1001 : Generating global routing grids ...
RUN-1001 : Building simple global routing graph ...
PHY-1001 : Generate routing nets ...
PHY-1001 : Reuse net number 0/362.
PHY-1001 : Global iterations in 16 thread ...
PHY-1002 : len = 4120, over cnt = 20(0%), over = 87, worst = 15
PHY-1001 : End global iterations;  0.024012s wall, 0.000000s user + 0.000000s system = 0.000000s CPU (n/a%)

PHY-1001 : Congestion index: top1 = 11.85, top5 = 3.30, top10 = 1.64, top15 = 1.10.
PHY-1001 : End incremental global routing;  0.066743s wall, 0.015625s user + 0.000000s system = 0.015625s CPU (23.4%)

TMR-2503 : Start to update net delay, extr mode = 5.
TMR-2504 : Update delay of 360 nets completely.
TMR-2502 : Annotate delay completely, extr mode = 5.
TMR-3001 : Initiate 0 clocks from SDC.
TMR-3004 : Map sdc constraints, there are 0 constraints in total.
TMR-3003 : Constraints initiated successfully.
TMR-3501 : Forward propagation: start to calculate arrival time...
TMR-3502 : Backward propagation: start to calculate required time...
TMR-3503 : Timing propagation completes.
OPT-1001 : End timing update;  0.004440s wall, 0.000000s user + 0.000000s system = 0.000000s CPU (n/a%)

OPT-1001 : 0 high-fanout net processed.
OPT-1001 : End high-fanout net optimization;  0.074116s wall, 0.031250s user + 0.000000s system = 0.031250s CPU (42.2%)

OPT-1001 : Current memory(MB): used = 141, reserve = 113, peak = 141.
OPT-1001 : Start global optimization ...
OPT-1001 : Start congestion update ...
RUN-1001 : Generating global routing grids ...
PHY-1001 : Generate routing nets ...
PHY-1001 : Reuse net number 184/362.
PHY-1001 : Global iterations in 16 thread ...
PHY-1002 : len = 4120, over cnt = 20(0%), over = 87, worst = 15
PHY-1002 : len = 5000, over cnt = 13(0%), over = 15, worst = 2
PHY-1002 : len = 5016, over cnt = 4(0%), over = 4, worst = 1
PHY-1002 : len = 5080, over cnt = 0(0%), over = 0, worst = 0
PHY-1001 : End global iterations;  0.016465s wall, 0.000000s user + 0.000000s system = 0.000000s CPU (n/a%)

PHY-1001 : Congestion index: top1 = 13.04, top5 = 3.88, top10 = 1.93, top15 = 1.29.
OPT-1001 : End congestion update;  0.055104s wall, 0.000000s user + 0.000000s system = 0.000000s CPU (n/a%)

OPT-1001 : Update timing in Manhattan mode
TMR-2503 : Start to update net delay, extr mode = 3.
TMR-2504 : Update delay of 360 nets completely.
TMR-2502 : Annotate delay completely, extr mode = 3.
TMR-3501 : Forward propagation: start to calculate arrival time...
TMR-3502 : Backward propagation: start to calculate required time...
TMR-3503 : Timing propagation completes.
OPT-1001 : End timing update;  0.004239s wall, 0.000000s user + 0.000000s system = 0.000000s CPU (n/a%)

OPT-0007 : Start: WNS 2147483647 TNS 0 NUM_FEPS 0
OPT-1001 : End global optimization;  0.059562s wall, 0.000000s user + 0.000000s system = 0.000000s CPU (n/a%)

OPT-1001 : Current memory(MB): used = 142, reserve = 114, peak = 142.
OPT-1001 : End physical optimization;  0.266076s wall, 0.140625s user + 0.015625s system = 0.156250s CPU (58.7%)

PHY-3001 : Start packing ...
SYN-4007 : Packing 0 MUX to BLE ...
SYN-4008 : Packed 0 MUX and 0 SEQ to BLE.
SYN-4007 : Packing 128 LUT to BLE ...
SYN-4008 : Packed 128 LUT and 42 SEQ to BLE.
SYN-4003 : Packing 70 remaining SEQ's ...
SYN-4005 : Packed 39 SEQ with LUT/SLICE
SYN-4006 : 51 single LUT's are left
SYN-4006 : 31 single SEQ's are left
SYN-4011 : Packing model "keyboard_instance" (AL_USER_NORMAL) with 159/211 primitive instances ...
PHY-3001 : End packing;  0.011928s wall, 0.000000s user + 0.000000s system = 0.000000s CPU (n/a%)

PHY-1001 : Populate physical database on model keyboard_instance.
RUN-1001 : There are total 141 instances
RUN-1001 : 57 mslices, 57 lslices, 23 pads, 0 brams, 0 dsps
RUN-1001 : There are total 320 nets
RUN-1001 : 169 nets have 2 pins
RUN-1001 : 116 nets have [3 - 5] pins
RUN-1001 : 28 nets have [6 - 10] pins
RUN-1001 : 3 nets have [11 - 20] pins
RUN-1001 : 3 nets have [21 - 99] pins
RUN-1001 : 1 nets have 100+ pins
PHY-3001 : design contains 139 instances, 114 slices, 3 macros(25 instances: 10 mslices 15 lslices)
PHY-3001 : Cell area utilization is 1%
PHY-3001 : After packing: Len = 4119.2, Over = 6.75
PHY-3001 : Run with size of 2
PHY-3001 : Cell area utilization is 1%
PHY-3001 : Update timing in Manhattan mode ...
RUN-1002 : start command "start_timer -report"
TMR-2505 : Start building timing graph for model keyboard_instance.
TMR-2506 : Build timing graph completely. Port num: 7, tpin num: 1090, tnet num: 318, tinst num: 139, tnode num: 1334, tedge num: 1804.
TMR-2508 : Levelizing timing graph completed, there are 21 levels in total.
TMR-2501 : Timing graph initialized successfully.
TMR-2503 : Start to update net delay, extr mode = 3.
TMR-2504 : Update delay of 318 nets completely.
TMR-2502 : Annotate delay completely, extr mode = 3.
TMR-3001 : Initiate 0 clocks from SDC.
TMR-3004 : Map sdc constraints, there are 0 constraints in total.
TMR-3003 : Constraints initiated successfully.
TMR-3501 : Forward propagation: start to calculate arrival time...
TMR-3502 : Backward propagation: start to calculate required time...
TMR-3503 : Timing propagation completes.
PHY-3001 : End timing update;  0.119368s wall, 0.109375s user + 0.000000s system = 0.109375s CPU (91.6%)

PHY-3001 : :::0::: Try harder cell spreading with beta_ = 4.08553e-05
PHY-3002 : Step(65): len = 4045.4, overlap = 6.75
PHY-3002 : Step(66): len = 4086.6, overlap = 6.5
PHY-3002 : Step(67): len = 4102.7, overlap = 6.5
PHY-3001 : :::1::: Try harder cell spreading with beta_ = 8.17106e-05
PHY-3002 : Step(68): len = 4037.3, overlap = 5.75
PHY-3002 : Step(69): len = 4050.1, overlap = 5.75
PHY-3002 : Step(70): len = 4055.3, overlap = 5.75
PHY-3001 : :::2::: Try harder cell spreading with beta_ = 0.000163421
PHY-3002 : Step(71): len = 4015.7, overlap = 6
PHY-3002 : Step(72): len = 4036.3, overlap = 6.25
PHY-3001 : Legalization ...
PHY-3001 : End legalization;  0.046033s wall, 0.000000s user + 0.031250s system = 0.031250s CPU (67.9%)

PHY-3001 : Trial Legalized: Len = 6809
PHY-3001 : Run with size of 2
PHY-3001 : Cell area utilization is 1%
PHY-3001 : Update timing in Manhattan mode ...
TMR-2503 : Start to update net delay, extr mode = 3.
TMR-2504 : Update delay of 318 nets completely.
TMR-2502 : Annotate delay completely, extr mode = 3.
TMR-3501 : Forward propagation: start to calculate arrival time...
TMR-3502 : Backward propagation: start to calculate required time...
TMR-3503 : Timing propagation completes.
PHY-3001 : End timing update;  0.003325s wall, 0.000000s user + 0.000000s system = 0.000000s CPU (n/a%)

PHY-3001 : :::0::: Try harder cell spreading with beta_ = 0
PHY-3002 : Step(73): len = 5209.1, overlap = 2.25
PHY-3002 : Step(74): len = 4625.4, overlap = 3
PHY-3002 : Step(75): len = 4271.7, overlap = 3.5
PHY-3002 : Step(76): len = 4166.4, overlap = 3.5
PHY-3002 : Step(77): len = 4177.8, overlap = 2.75
PHY-3001 : :::1::: Try harder cell spreading with beta_ = 0.000173403
PHY-3002 : Step(78): len = 4116.1, overlap = 3.5
PHY-3002 : Step(79): len = 4110.5, overlap = 3.25
PHY-3002 : Step(80): len = 4112.7, overlap = 3.25
PHY-3001 : :::2::: Try harder cell spreading with beta_ = 0.000346806
PHY-3002 : Step(81): len = 4040.2, overlap = 3.25
PHY-3002 : Step(82): len = 4038.8, overlap = 3.5
PHY-3001 : Legalization ...
PHY-3001 : End legalization;  0.005365s wall, 0.000000s user + 0.000000s system = 0.000000s CPU (n/a%)

PHY-3001 : Legalized: Len = 5773.1, Over = 0
PHY-3001 : End spreading;  0.002286s wall, 0.000000s user + 0.000000s system = 0.000000s CPU (n/a%)

PHY-3001 : Final: Len = 5773.1, Over = 0
OPT-1001 : Start physical optimization ...
RUN-1002 : start command "start_timer -report"
TMR-2505 : Start building timing graph for model keyboard_instance.
TMR-2506 : Build timing graph completely. Port num: 7, tpin num: 1090, tnet num: 318, tinst num: 139, tnode num: 1334, tedge num: 1804.
TMR-2508 : Levelizing timing graph completed, there are 21 levels in total.
TMR-2501 : Timing graph initialized successfully.
OPT-1001 : Total overflow 0.00 peak overflow 0.00
OPT-1001 : Start high-fanout net optimization ...
OPT-1001 : Update timing in global mode
PHY-1001 : Start incremental global routing, caller is place ...
RUN-1001 : Generating global routing grids ...
PHY-1001 : Generate routing nets ...
PHY-1001 : Reuse net number 13/320.
PHY-1001 : Global iterations in 16 thread ...
PHY-1002 : len = 6136, over cnt = 22(0%), over = 40, worst = 6
PHY-1002 : len = 6456, over cnt = 5(0%), over = 5, worst = 1
PHY-1002 : len = 6520, over cnt = 0(0%), over = 0, worst = 0
PHY-1001 : End global iterations;  0.042977s wall, 0.000000s user + 0.031250s system = 0.031250s CPU (72.7%)

PHY-1001 : Congestion index: top1 = 15.54, top5 = 5.03, top10 = 2.51, top15 = 1.67.
PHY-1001 : End incremental global routing;  0.085140s wall, 0.015625s user + 0.031250s system = 0.046875s CPU (55.1%)

TMR-2503 : Start to update net delay, extr mode = 5.
TMR-2504 : Update delay of 318 nets completely.
TMR-2502 : Annotate delay completely, extr mode = 5.
TMR-3001 : Initiate 0 clocks from SDC.
TMR-3004 : Map sdc constraints, there are 0 constraints in total.
TMR-3003 : Constraints initiated successfully.
TMR-3501 : Forward propagation: start to calculate arrival time...
TMR-3502 : Backward propagation: start to calculate required time...
TMR-3503 : Timing propagation completes.
OPT-1001 : End timing update;  0.004586s wall, 0.015625s user + 0.000000s system = 0.015625s CPU (340.7%)

OPT-1001 : 0 high-fanout net processed.
OPT-1001 : End high-fanout net optimization;  0.092915s wall, 0.031250s user + 0.031250s system = 0.062500s CPU (67.3%)

OPT-1001 : Current memory(MB): used = 143, reserve = 114, peak = 143.
OPT-1001 : Start path based optimization ...
OPT-1001 : Start congestion update ...
RUN-1001 : Generating global routing grids ...
PHY-1001 : Generate routing nets ...
PHY-1001 : Reuse net number 226/320.
PHY-1001 : Global iterations in 16 thread ...
PHY-1002 : len = 6520, over cnt = 0(0%), over = 0, worst = 0
PHY-1001 : End global iterations;  0.001173s wall, 0.000000s user + 0.000000s system = 0.000000s CPU (n/a%)

PHY-1001 : Congestion index: top1 = 15.54, top5 = 5.03, top10 = 2.51, top15 = 1.67.
OPT-1001 : End congestion update;  0.039978s wall, 0.015625s user + 0.015625s system = 0.031250s CPU (78.2%)

OPT-1001 : Update timing in Manhattan mode
TMR-2503 : Start to update net delay, extr mode = 3.
TMR-2504 : Update delay of 318 nets completely.
TMR-2502 : Annotate delay completely, extr mode = 3.
TMR-3501 : Forward propagation: start to calculate arrival time...
TMR-3502 : Backward propagation: start to calculate required time...
TMR-3503 : Timing propagation completes.
OPT-1001 : End timing update;  0.003348s wall, 0.000000s user + 0.000000s system = 0.000000s CPU (n/a%)

OPT-0007 : Start: WNS 2147483647 TNS 0 NUM_FEPS 0
OPT-1001 : End path based optimization;  0.043392s wall, 0.015625s user + 0.015625s system = 0.031250s CPU (72.0%)

OPT-1001 : Current memory(MB): used = 143, reserve = 114, peak = 143.
OPT-1001 : Update timing in Manhattan mode
TMR-2503 : Start to update net delay, extr mode = 3.
TMR-2504 : Update delay of 318 nets completely.
TMR-2502 : Annotate delay completely, extr mode = 3.
TMR-3501 : Forward propagation: start to calculate arrival time...
TMR-3502 : Backward propagation: start to calculate required time...
TMR-3503 : Timing propagation completes.
OPT-1001 : End timing update;  0.002776s wall, 0.000000s user + 0.000000s system = 0.000000s CPU (n/a%)

OPT-1001 : Start pin optimization...
OPT-1001 : skip pin optimization...
OPT-1001 : Update timing in global mode
PHY-1001 : Start incremental global routing, caller is place ...
RUN-1001 : Generating global routing grids ...
PHY-1001 : Generate routing nets ...
PHY-1001 : Reuse net number 226/320.
PHY-1001 : Global iterations in 16 thread ...
PHY-1002 : len = 6520, over cnt = 0(0%), over = 0, worst = 0
PHY-1001 : End global iterations;  0.001217s wall, 0.000000s user + 0.000000s system = 0.000000s CPU (n/a%)

PHY-1001 : Congestion index: top1 = 15.54, top5 = 5.03, top10 = 2.51, top15 = 1.67.
PHY-1001 : End incremental global routing;  0.046661s wall, 0.015625s user + 0.000000s system = 0.015625s CPU (33.5%)

TMR-2503 : Start to update net delay, extr mode = 5.
TMR-2504 : Update delay of 318 nets completely.
TMR-2502 : Annotate delay completely, extr mode = 5.
TMR-3501 : Forward propagation: start to calculate arrival time...
TMR-3502 : Backward propagation: start to calculate required time...
TMR-3503 : Timing propagation completes.
OPT-1001 : End timing update;  0.004801s wall, 0.000000s user + 0.000000s system = 0.000000s CPU (n/a%)

RUN-1001 : Generating global routing grids ...
PHY-1001 : Generate routing nets ...
PHY-1001 : Reuse net number 226/320.
PHY-1001 : Global iterations in 16 thread ...
PHY-1002 : len = 6520, over cnt = 0(0%), over = 0, worst = 0
PHY-1001 : End global iterations;  0.001147s wall, 0.000000s user + 0.000000s system = 0.000000s CPU (n/a%)

PHY-1001 : Congestion index: top1 = 15.54, top5 = 5.03, top10 = 2.51, top15 = 1.67.
OPT-1001 : Update timing in Manhattan mode
TMR-2503 : Start to update net delay, extr mode = 3.
TMR-2504 : Update delay of 318 nets completely.
TMR-2502 : Annotate delay completely, extr mode = 3.
TMR-3501 : Forward propagation: start to calculate arrival time...
TMR-3502 : Backward propagation: start to calculate required time...
TMR-3503 : Timing propagation completes.
OPT-1001 : End timing update;  0.003908s wall, 0.000000s user + 0.000000s system = 0.000000s CPU (n/a%)

RUN-1001 : QoR Analysis:
OPT-0007 :   WNS 2147483647 TNS 0 NUM_FEPS 0
RUN-1001 :   No local congestion issue, and most congested 1% tile average routing util is 15.241379
RUN-1001 :   Top critical paths
OPT-1001 : End physical optimization;  0.369347s wall, 0.109375s user + 0.046875s system = 0.156250s CPU (42.3%)

RUN-1003 : finish command "place" in  2.604099s wall, 0.718750s user + 0.843750s system = 1.562500s CPU (60.0%)

RUN-1004 : used memory is 127 MB, reserved memory is 98 MB, peak memory is 143 MB
RUN-1002 : start command "export_db display_place.db"
RUN-1001 : Exported /
RUN-1001 : Exported flow parameters
RUN-1001 : Exported libs
RUN-1001 : Exported entities
RUN-1001 : Exported ports
RUN-1001 : Exported pins
RUN-1001 : Exported instances
RUN-1001 : Exported nets
RUN-1001 : Exported buses
RUN-1001 : Exported models
RUN-1001 : Exported congestions
RUN-1001 : Exported violations
RUN-1001 : Exported timing constraints
RUN-1001 : Exported IO constraints
RUN-1001 : Exported Inst constraints
RUN-1002 : start command "route"
RUN-1001 : Open license file E:/Anlogic/TD5.6.59063/license/Anlogic.lic
RUN-1001 : Print Global Property
RUN-1001 : ---------------------------------------------------------------
RUN-1001 :        Parameters        |  Settings  |  Default Values  |  Note  
RUN-1001 : ---------------------------------------------------------------
RUN-1001 :          message         |  standard  |     standard     |        
RUN-1001 :   mixed_pack_place_flow  |     on     |        on        |        
RUN-1001 :        qor_monitor       |    off     |       off        |        
RUN-1001 :        syn_ip_flow       |    off     |       off        |        
RUN-1001 :          thread          |    auto    |       auto       |        
RUN-1001 : ---------------------------------------------------------------
RUN-1001 : Print Route Property
RUN-1001 : -------------------------------------------------------
RUN-1001 :    Parameters    |  Settings  |  Default Values  |  Note  
RUN-1001 : -------------------------------------------------------
RUN-1001 :      effort      |   medium   |      medium      |        
RUN-1001 :     fix_hold     |    off     |       off        |        
RUN-1001 :    opt_timing    |   medium   |      medium      |        
RUN-1001 :   phy_sim_model  |    off     |       off        |        
RUN-1001 :     priority     |   timing   |      timing      |        
RUN-1001 :     swap_pin     |     on     |        on        |        
RUN-1001 : -------------------------------------------------------
PHY-1001 : Route runs in 16 thread(s)
RUN-1001 : There are total 141 instances
RUN-1001 : 57 mslices, 57 lslices, 23 pads, 0 brams, 0 dsps
RUN-1001 : There are total 320 nets
RUN-1001 : 169 nets have 2 pins
RUN-1001 : 116 nets have [3 - 5] pins
RUN-1001 : 28 nets have [6 - 10] pins
RUN-1001 : 3 nets have [11 - 20] pins
RUN-1001 : 3 nets have [21 - 99] pins
RUN-1001 : 1 nets have 100+ pins
RUN-1002 : start command "start_timer -report"
TMR-2505 : Start building timing graph for model keyboard_instance.
TMR-2506 : Build timing graph completely. Port num: 7, tpin num: 1090, tnet num: 318, tinst num: 139, tnode num: 1334, tedge num: 1804.
TMR-2508 : Levelizing timing graph completed, there are 21 levels in total.
TMR-2501 : Timing graph initialized successfully.
PHY-1001 : 57 mslices, 57 lslices, 23 pads, 0 brams, 0 dsps
TMR-2503 : Start to update net delay, extr mode = 3.
TMR-2504 : Update delay of 318 nets completely.
TMR-2502 : Annotate delay completely, extr mode = 3.
TMR-3001 : Initiate 0 clocks from SDC.
TMR-3004 : Map sdc constraints, there are 0 constraints in total.
TMR-3003 : Constraints initiated successfully.
TMR-3501 : Forward propagation: start to calculate arrival time...
TMR-3502 : Backward propagation: start to calculate required time...
TMR-3503 : Timing propagation completes.
PHY-1001 : Start global routing, caller is route ...
RUN-1001 : Generating global routing grids ...
PHY-1001 : Generate routing nets ...
PHY-1001 : Global iterations in 16 thread ...
PHY-1002 : len = 6064, over cnt = 24(0%), over = 41, worst = 6
PHY-1002 : len = 6384, over cnt = 7(0%), over = 7, worst = 1
PHY-1002 : len = 6480, over cnt = 0(0%), over = 0, worst = 0
PHY-1001 : End global iterations;  0.032018s wall, 0.015625s user + 0.000000s system = 0.015625s CPU (48.8%)

PHY-1001 : Congestion index: top1 = 15.45, top5 = 5.00, top10 = 2.49, top15 = 1.66.
PHY-1001 : End global routing;  0.071230s wall, 0.046875s user + 0.000000s system = 0.046875s CPU (65.8%)

PHY-1001 : Start detail routing ...
PHY-1001 : Current memory(MB): used = 163, reserve = 134, peak = 178.
PHY-1001 : Detailed router is running in normal mode.
PHY-1001 : Generate detailed routing grids ...
PHY-1001 : Generate nets ...
PHY-1001 : net clk_50M_dup_1 will be routed on clock mesh
PHY-1001 : clock net U1/scan_clk_syn_4 will be merged with clock U1/scan_clk
PHY-1001 : Current memory(MB): used = 431, reserve = 407, peak = 431.
PHY-1001 : End build detailed router design. 4.142430s wall, 2.015625s user + 0.062500s system = 2.078125s CPU (50.2%)

PHY-1001 : Detail Route ...
PHY-1001 : ===== Detail Route Phase 1 =====
PHY-1001 : Clock net routing.....
PHY-1001 : Routed 0% nets.
PHY-1022 : len = 4944, over cnt = 0(0%), over = 0, worst = 0, crit = 0
PHY-1001 : End initial clock net routed; 0.296899s wall, 0.125000s user + 0.015625s system = 0.140625s CPU (47.4%)

PHY-1001 : Current memory(MB): used = 460, reserve = 437, peak = 460.
PHY-1001 : End phase 1; 0.302847s wall, 0.125000s user + 0.015625s system = 0.140625s CPU (46.4%)

PHY-1001 : ===== Detail Route Phase 2 =====
PHY-1001 : Initial routing.....
PHY-1001 : Routed 20% nets.
PHY-1001 : Routed 35% nets.
PHY-1001 : Patch 159 net; 0.054371s wall, 0.046875s user + 0.000000s system = 0.046875s CPU (86.2%)

PHY-1022 : len = 16128, over cnt = 11(0%), over = 11, worst = 1, crit = 0
PHY-1001 : Current memory(MB): used = 460, reserve = 437, peak = 460.
PHY-1001 : End initial routed; 0.076064s wall, 0.062500s user + 0.000000s system = 0.062500s CPU (82.2%)

PHY-1001 : Update timing.....
PHY-1001 : 0/273(0%) critical/total net(s).
RUN-1001 : ------------------------------------------
RUN-1001 :   Type   |    WNS(ns)    |  TNS(ns)  |  FEP  
RUN-1001 : ------------------------------------------
RUN-1001 :   Setup  |  2147483.647  |   0.000   |   0   
RUN-1001 :   Hold   |  2147483.647  |   0.000   |   0   
RUN-1001 : ------------------------------------------
PHY-1001 : End update timing; 0.130515s wall, 0.046875s user + 0.000000s system = 0.046875s CPU (35.9%)

PHY-1001 : Current memory(MB): used = 460, reserve = 437, peak = 460.
PHY-1001 : End phase 2; 0.206672s wall, 0.109375s user + 0.000000s system = 0.109375s CPU (52.9%)

PHY-1001 : ===== Detail Route Phase 3 =====
PHY-1001 : Optimize timing.....
PHY-1022 : len = 16128, over cnt = 11(0%), over = 11, worst = 1, crit = 0
PHY-1001 : End optimize timing; 0.004698s wall, 0.000000s user + 0.000000s system = 0.000000s CPU (n/a%)

PHY-1001 : Ripup-reroute.....
PHY-1001 : ===== DR Iter 1 =====
PHY-1022 : len = 16144, over cnt = 2(0%), over = 2, worst = 1, crit = 0
PHY-1001 : End DR Iter 1; 0.015317s wall, 0.000000s user + 0.000000s system = 0.000000s CPU (n/a%)

PHY-1001 : ===== DR Iter 2 =====
PHY-1022 : len = 16168, over cnt = 0(0%), over = 0, worst = 0, crit = 0
PHY-1001 : End DR Iter 2; 0.013399s wall, 0.000000s user + 0.000000s system = 0.000000s CPU (n/a%)

PHY-1001 : Update timing.....
PHY-1001 : 0/273(0%) critical/total net(s).
RUN-1001 : ------------------------------------------
RUN-1001 :   Type   |    WNS(ns)    |  TNS(ns)  |  FEP  
RUN-1001 : ------------------------------------------
RUN-1001 :   Setup  |  2147483.647  |   0.000   |   0   
RUN-1001 :   Hold   |  2147483.647  |   0.000   |   0   
RUN-1001 : ------------------------------------------
PHY-1001 : End update timing; 0.128757s wall, 0.109375s user + 0.000000s system = 0.109375s CPU (84.9%)

PHY-1001 : Commit to database.....
PHY-1001 : 2 feed throughs used by 1 nets
PHY-1001 : End commit to database; 0.029567s wall, 0.015625s user + 0.000000s system = 0.015625s CPU (52.8%)

PHY-1001 : Current memory(MB): used = 470, reserve = 446, peak = 470.
PHY-1001 : End phase 3; 0.308174s wall, 0.187500s user + 0.000000s system = 0.187500s CPU (60.8%)

PHY-1003 : Routed, final wirelength = 16168
PHY-1001 : Current memory(MB): used = 470, reserve = 446, peak = 470.
PHY-1001 : End export database. 0.004903s wall, 0.000000s user + 0.000000s system = 0.000000s CPU (n/a%)

PHY-1001 : End detail routing;  5.181388s wall, 2.500000s user + 0.078125s system = 2.578125s CPU (49.8%)

RUN-1003 : finish command "route" in  5.432772s wall, 2.656250s user + 0.078125s system = 2.734375s CPU (50.3%)

RUN-1004 : used memory is 412 MB, reserved memory is 388 MB, peak memory is 470 MB
RUN-1002 : start command "report_area -io_info -file display_phy.area"
RUN-1001 : standard
***Report Model: keyboard_instance Device: EG4S20BG256***

IO Statistics
#IO                        23
  #input                    6
  #output                  17
  #inout                    0

Utilization Statistics
#lut                      186   out of  19600    0.95%
#reg                      128   out of  19600    0.65%
#le                       217
  #lut only                89   out of    217   41.01%
  #reg only                31   out of    217   14.29%
  #lut&reg                 97   out of    217   44.70%
#dsp                        0   out of     29    0.00%
#bram                       0   out of     64    0.00%
  #bram9k                   0
  #fifo9k                   0
#bram32k                    0   out of     16    0.00%
#pad                       23   out of    188   12.23%
  #ireg                     0
  #oreg                     0
  #treg                     0
#pll                        0   out of      4    0.00%
#gclk                       2   out of     16   12.50%

Clock Resource Statistics
Index     ClockNet         Type               DriverType         Driver                      Fanout
#1        clk_50M_dup_1    GCLK               io                 clk_50M_syn_2.di            60
#2        U1/scan_clk      GCLK               mslice             U1/scan_clk_reg_syn_9.q1    11


Detailed IO Report

        Name           Direction    Location    IOStandard    DriveStrength    PullType    PackReg  
        RSTn             INPUT         A9        LVCMOS33          N/A          PULLUP      NONE    
       clk_50M           INPUT         R7        LVCMOS33          N/A          PULLUP      NONE    
       col[3]            INPUT        F10        LVCMOS33          N/A          PULLUP      NONE    
       col[2]            INPUT        C11        LVCMOS33          N/A          PULLUP      NONE    
       col[1]            INPUT        D11        LVCMOS33          N/A          PULLUP      NONE    
       col[0]            INPUT        E11        LVCMOS33          N/A          PULLUP      NONE    
  DigitronCS_Out[3]     OUTPUT         A3        LVCMOS33           8            NONE       NONE    
  DigitronCS_Out[2]     OUTPUT         A5        LVCMOS33           8            NONE       NONE    
  DigitronCS_Out[1]     OUTPUT         B6        LVCMOS33           8            NONE       NONE    
  DigitronCS_Out[0]     OUTPUT         C9        LVCMOS33           8            NONE       NONE    
   Digitron_Out[7]      OUTPUT         C8        LVCMOS33           8            NONE       NONE    
   Digitron_Out[6]      OUTPUT         A8        LVCMOS33           8            NONE       NONE    
   Digitron_Out[5]      OUTPUT         B5        LVCMOS33           8            NONE       NONE    
   Digitron_Out[4]      OUTPUT         A7        LVCMOS33           8            NONE       NONE    
   Digitron_Out[3]      OUTPUT         E8        LVCMOS33           8            NONE       NONE    
   Digitron_Out[2]      OUTPUT         B8        LVCMOS33           8            NONE       NONE    
   Digitron_Out[1]      OUTPUT         A6        LVCMOS33           8            NONE       NONE    
   Digitron_Out[0]      OUTPUT         A4        LVCMOS33           8            NONE       NONE    
        light           OUTPUT        B14        LVCMOS33           8            NONE       NONE    
       row[3]           OUTPUT         D9        LVCMOS33           8            NONE       NONE    
       row[2]           OUTPUT         F9        LVCMOS33           8            NONE       NONE    
       row[1]           OUTPUT        C10        LVCMOS33           8            NONE       NONE    
       row[0]           OUTPUT        E10        LVCMOS33           8            NONE       NONE    

Report Hierarchy Area:
+-------------------------------------------------------------------------------------------+
|Instance |Module                      |le     |lut     |ripple  |seq     |bram    |dsp     |
+-------------------------------------------------------------------------------------------+
|top      |keyboard_instance           |217    |161     |25      |128     |0       |0       |
|  U1     |keyboard_scan               |70     |51      |9       |52      |0       |0       |
|  U2     |key_filter                  |61     |34      |6       |51      |0       |0       |
|  U3     |onehot2binary               |51     |51      |0       |9       |0       |0       |
|  U5     |Digitron_TimeDisplay_module |31     |21      |10      |16      |0       |0       |
+-------------------------------------------------------------------------------------------+


DataNet Average Fanout:

   Index     Fanout    Nets  
    #1         1       146   
    #2         2        92   
    #3         3        10   
    #4         4        14   
    #5        5-10      28   
    #6       11-50      3    
  Average     2.31           

RUN-1002 : start command "export_db display_pr.db"
RUN-1001 : Exported /
RUN-1001 : Exported flow parameters
RUN-1001 : Exported libs
RUN-1001 : Exported entities
RUN-1001 : Exported ports
RUN-1001 : Exported pins
RUN-1001 : Exported instances
RUN-1001 : Exported nets
RUN-1001 : Exported buses
RUN-1001 : Exported models
RUN-1001 : Exported congestions
RUN-1001 : Exported violations
RUN-1001 : Exported timing constraints
RUN-1001 : Exported IO constraints
RUN-1001 : Exported Inst constraints
RUN-1002 : start command "export_bid display_inst.bid"
RUN-1002 : start command "bitgen -bit display.bit -unused_io_status pulldown"
BIT-1003 : Start to generate bitstream. 
BIT-1002 : Bitgen processed 165 unused pads, reserve input tri_state with pulldown
BIT-1002 : Init instances with 16 threads.
BIT-1002 : Init instances completely, inst num: 304
BIT-1002 : Init pips with 16 threads.
BIT-1002 : Init pips completely, net num: 320, pip num: 1971
BIT-1002 : Init feedthrough completely, num: 2
BIT-1003 : Multithreading accelaration with 16 threads.
BIT-1003 : Generate bitstream completely, there are 453 valid insts, and 6395 bits set as '1'.
BIT-1004 : PLL setting string = 0000
BIT-1004 : Generate bits file display.bit.
RUN-1003 : finish command "bitgen -bit display.bit -unused_io_status pulldown" in  1.301851s wall, 4.109375s user + 0.031250s system = 4.140625s CPU (318.1%)

RUN-1004 : used memory is 420 MB, reserved memory is 397 MB, peak memory is 615 MB
RUN-1002 : start command "backup_run_log run.log ../.logs/phy_1/td_20240826_215303.log"
