============================================================
   Tang Dynasty, V5.6.59063
   Copyright (c) 2012-2022 Anlogic
   Executable = E:/Anlogic/TD5.6.59063/bin/td.exe
   Built at =   12:45:13 Sep  6 2022
   Run by =     19234
   Run Date =   Mon Aug 26 21:23:52 2024

   Run on =     ERIKPSW
============================================================
RUN-1002 : start command "open_project display.prj"
RUN-1001 : Print Global Property
RUN-1001 : ---------------------------------------------------------------
RUN-1001 :        Parameters        |  Settings  |  Default Values  |  Note  
RUN-1001 : ---------------------------------------------------------------
RUN-1001 :          message         |  standard  |     standard     |        
RUN-1001 :   mixed_pack_place_flow  |     on     |        on        |        
RUN-1001 :        qor_monitor       |    off     |       off        |        
RUN-1001 :        syn_ip_flow       |    off     |       off        |        
RUN-1001 :          thread          |    auto    |       auto       |        
RUN-1001 : ---------------------------------------------------------------
RUN-1001 : Print Design Property
RUN-1001 : --------------------------------------------------------------
RUN-1001 :        Parameters       |  Settings  |  Default Values  |  Note  
RUN-1001 : --------------------------------------------------------------
RUN-1001 :   default_reg_initial   |    auto    |       auto       |        
RUN-1001 :        infer_add        |     on     |        on        |        
RUN-1001 :        infer_fsm        |    off     |       off        |        
RUN-1001 :        infer_mult       |     on     |        on        |        
RUN-1001 :        infer_ram        |     on     |        on        |        
RUN-1001 :        infer_reg        |     on     |        on        |        
RUN-1001 :   infer_reg_init_value  |     on     |        on        |        
RUN-1001 :        infer_rom        |     on     |        on        |        
RUN-1001 :      infer_shifter      |     on     |        on        |        
RUN-1001 : --------------------------------------------------------------
RUN-1001 : Print Rtl Property
RUN-1001 : --------------------------------------------------------------
RUN-1001 :        Parameters       |  Settings  |  Default Values  |  Note  
RUN-1001 : --------------------------------------------------------------
RUN-1001 :       compress_add      |   ripple   |      ripple      |        
RUN-1001 :        elf_sload        |    off     |       off        |        
RUN-1001 :       fix_undriven      |     0      |        0         |        
RUN-1001 :         flatten         |    off     |       off        |        
RUN-1001 :       gate_sharing      |     on     |        on        |        
RUN-1001 :    hdl_warning_level    |   normal   |      normal      |        
RUN-1001 :   impl_internal_tribuf  |     on     |        on        |        
RUN-1001 :      impl_set_reset     |     on     |        on        |        
RUN-1001 :        infer_gsr        |    off     |       off        |        
RUN-1001 :      keep_hierarchy     |    auto    |       auto       |        
RUN-1001 :        max_fanout       |    9999    |       9999       |        
RUN-1001 :      max_oh2bin_len     |     10     |        10        |        
RUN-1001 :       merge_equal       |     on     |        on        |        
RUN-1001 :       merge_equiv       |     on     |        on        |        
RUN-1001 :        merge_mux        |    off     |       off        |        
RUN-1001 :     min_control_set     |     8      |        8         |        
RUN-1001 :      min_ripple_len     |    auto    |       auto       |        
RUN-1001 :       oh2bin_ratio      |    0.08    |       0.08       |        
RUN-1001 :     opt_adder_fanout    |     on     |        on        |        
RUN-1001 :        opt_arith        |     on     |        on        |        
RUN-1001 :       opt_big_gate      |    off     |       off        |        
RUN-1001 :        opt_const        |     on     |        on        |        
RUN-1001 :      opt_const_mult     |     on     |        on        |        
RUN-1001 :       opt_lessthan      |     on     |        on        |        
RUN-1001 :         opt_mux         |    off     |       off        |        
RUN-1001 :         opt_ram         |    high    |       high       |        
RUN-1001 :      rtl_sim_model      |    off     |       off        |        
RUN-1001 :         seq_syn         |     on     |        on        |        
RUN-1001 : --------------------------------------------------------------
HDL-1007 : analyze verilog file ../../Digitron_TimeDisplay_module.v
HDL-1007 : analyze verilog file ../../keyboard_instance.v
HDL-1007 : analyze verilog file ../../keyboard_scan.v
HDL-1007 : analyze verilog file ../../onehot2binary.v
HDL-1007 : analyze verilog file ../../key_filter.v
RUN-1001 : Project manager successfully analyzed 5 source files.
RUN-1002 : start command "import_device eagle_s20.db -package EG4S20BG256"
ARC-1001 : Device Initialization.
ARC-1001 : ------------------------------------------------------------------
ARC-1001 :            OPTION            |          IO          |   SETTING   
ARC-1001 : ------------------------------------------------------------------
ARC-1001 :   cso_b/cclk/mosi/miso/dout  |  T3/R11/T10/P10/S11  |    gpio    
ARC-1001 :             done             |         P13          |    gpio    
ARC-1001 :           program_b          |          T2          |  dedicate  
ARC-1001 :        tdi/tms/tck/tdo       |   C12/A15/C14/E14    |  dedicate  
ARC-1001 : ------------------------------------------------------------------
ARC-1004 : Device setting, marked 5 dedicate IOs in total.
RUN-1002 : start command "elaborate -top keyboard_instance"
RUN-1001 : Print Design Property
RUN-1001 : --------------------------------------------------------------
RUN-1001 :        Parameters       |  Settings  |  Default Values  |  Note  
RUN-1001 : --------------------------------------------------------------
RUN-1001 :   default_reg_initial   |    auto    |       auto       |        
RUN-1001 :        infer_add        |     on     |        on        |        
RUN-1001 :        infer_fsm        |    off     |       off        |        
RUN-1001 :        infer_mult       |     on     |        on        |        
RUN-1001 :        infer_ram        |     on     |        on        |        
RUN-1001 :        infer_reg        |     on     |        on        |        
RUN-1001 :   infer_reg_init_value  |     on     |        on        |        
RUN-1001 :        infer_rom        |     on     |        on        |        
RUN-1001 :      infer_shifter      |     on     |        on        |        
RUN-1001 : --------------------------------------------------------------
RUN-1001 : Print Rtl Property
RUN-1001 : --------------------------------------------------------------
RUN-1001 :        Parameters       |  Settings  |  Default Values  |  Note  
RUN-1001 : --------------------------------------------------------------
RUN-1001 :       compress_add      |   ripple   |      ripple      |        
RUN-1001 :        elf_sload        |    off     |       off        |        
RUN-1001 :       fix_undriven      |     0      |        0         |        
RUN-1001 :         flatten         |    off     |       off        |        
RUN-1001 :       gate_sharing      |     on     |        on        |        
RUN-1001 :    hdl_warning_level    |   normal   |      normal      |        
RUN-1001 :   impl_internal_tribuf  |     on     |        on        |        
RUN-1001 :      impl_set_reset     |     on     |        on        |        
RUN-1001 :        infer_gsr        |    off     |       off        |        
RUN-1001 :      keep_hierarchy     |    auto    |       auto       |        
RUN-1001 :        max_fanout       |    9999    |       9999       |        
RUN-1001 :      max_oh2bin_len     |     10     |        10        |        
RUN-1001 :       merge_equal       |     on     |        on        |        
RUN-1001 :       merge_equiv       |     on     |        on        |        
RUN-1001 :        merge_mux        |    off     |       off        |        
RUN-1001 :     min_control_set     |     8      |        8         |        
RUN-1001 :      min_ripple_len     |    auto    |       auto       |        
RUN-1001 :       oh2bin_ratio      |    0.08    |       0.08       |        
RUN-1001 :     opt_adder_fanout    |     on     |        on        |        
RUN-1001 :        opt_arith        |     on     |        on        |        
RUN-1001 :       opt_big_gate      |    off     |       off        |        
RUN-1001 :        opt_const        |     on     |        on        |        
RUN-1001 :      opt_const_mult     |     on     |        on        |        
RUN-1001 :       opt_lessthan      |     on     |        on        |        
RUN-1001 :         opt_mux         |    off     |       off        |        
RUN-1001 :         opt_ram         |    high    |       high       |        
RUN-1001 :      rtl_sim_model      |    off     |       off        |        
RUN-1001 :         seq_syn         |     on     |        on        |        
RUN-1001 : --------------------------------------------------------------
RUN-1001 : Print Global Property
RUN-1001 : ---------------------------------------------------------------
RUN-1001 :        Parameters        |  Settings  |  Default Values  |  Note  
RUN-1001 : ---------------------------------------------------------------
RUN-1001 :          message         |  standard  |     standard     |        
RUN-1001 :   mixed_pack_place_flow  |     on     |        on        |        
RUN-1001 :        qor_monitor       |    off     |       off        |        
RUN-1001 :        syn_ip_flow       |    off     |       off        |        
RUN-1001 :          thread          |    auto    |       auto       |        
RUN-1001 : ---------------------------------------------------------------
RUN-1001 : Print Design Property
RUN-1001 : --------------------------------------------------------------
RUN-1001 :        Parameters       |  Settings  |  Default Values  |  Note  
RUN-1001 : --------------------------------------------------------------
RUN-1001 :   default_reg_initial   |    auto    |       auto       |        
RUN-1001 :        infer_add        |     on     |        on        |        
RUN-1001 :        infer_fsm        |    off     |       off        |        
RUN-1001 :        infer_mult       |     on     |        on        |        
RUN-1001 :        infer_ram        |     on     |        on        |        
RUN-1001 :        infer_reg        |     on     |        on        |        
RUN-1001 :   infer_reg_init_value  |     on     |        on        |        
RUN-1001 :        infer_rom        |     on     |        on        |        
RUN-1001 :      infer_shifter      |     on     |        on        |        
RUN-1001 : --------------------------------------------------------------
HDL-1007 : elaborate module keyboard_instance in ../../keyboard_instance.v(1)
HDL-1007 : elaborate module keyboard_scan in ../../keyboard_scan.v(1)
HDL-1007 : elaborate module key_filter in ../../key_filter.v(1)
HDL-1007 : elaborate module onehot2binary in ../../onehot2binary.v(1)
HDL-1007 : elaborate module Digitron_TimeDisplay_module in ../../Digitron_TimeDisplay_module.v(1)
HDL-7007 CRITICAL-WARNING: 'data' should be on the sensitivity list in ../../Digitron_TimeDisplay_module.v(44)
HDL-7007 CRITICAL-WARNING: 'data' should be on the sensitivity list in ../../Digitron_TimeDisplay_module.v(45)
HDL-7007 CRITICAL-WARNING: 'data' should be on the sensitivity list in ../../Digitron_TimeDisplay_module.v(46)
HDL-7007 CRITICAL-WARNING: 'tries' should be on the sensitivity list in ../../Digitron_TimeDisplay_module.v(47)
HDL-5007 WARNING: latch inferred for net 'SingleNum[3]' in ../../Digitron_TimeDisplay_module.v(40)
HDL-5007 WARNING: net 'tries[7]' does not have a driver in ../../keyboard_instance.v(11)
HDL-1200 : Current top model is keyboard_instance
HDL-1100 : Inferred 0 RAMs.
RUN-1002 : start command "export_db display_elaborate.db"
RUN-1001 : Exported /
RUN-1001 : Exported flow parameters
RUN-1001 : Exported libs
RUN-1001 : Exported entities
RUN-1001 : Exported ports
RUN-1001 : Exported pins
RUN-1001 : Exported instances
RUN-1001 : Exported nets
RUN-1001 : Exported buses
RUN-1001 : Exported models
RUN-1001 : Exported congestions
RUN-1001 : Exported violations
RUN-1001 : Exported IO constraints
RUN-1001 : Exported Inst constraints
RUN-1002 : start command "read_adc ../../keyboard.adc"
RUN-1002 : start command "set_pin_assignment  DigitronCS_Out[0]   LOCATION = C9; IOSTANDARD = LVCMOS33; "
RUN-1002 : start command "set_pin_assignment  DigitronCS_Out[1]   LOCATION = B6; IOSTANDARD = LVCMOS33; "
RUN-1002 : start command "set_pin_assignment  DigitronCS_Out[2]   LOCATION = A5; IOSTANDARD = LVCMOS33; "
RUN-1002 : start command "set_pin_assignment  DigitronCS_Out[3]   LOCATION = A3; IOSTANDARD = LVCMOS33; "
RUN-1002 : start command "set_pin_assignment  Digitron_Out[0]   LOCATION = A4; IOSTANDARD = LVCMOS33; "
RUN-1002 : start command "set_pin_assignment  Digitron_Out[1]   LOCATION = A6; IOSTANDARD = LVCMOS33; "
RUN-1002 : start command "set_pin_assignment  Digitron_Out[2]   LOCATION = B8; IOSTANDARD = LVCMOS33; "
RUN-1002 : start command "set_pin_assignment  Digitron_Out[3]   LOCATION = E8; IOSTANDARD = LVCMOS33; "
RUN-1002 : start command "set_pin_assignment  Digitron_Out[4]   LOCATION = A7; IOSTANDARD = LVCMOS33; "
RUN-1002 : start command "set_pin_assignment  Digitron_Out[5]   LOCATION = B5; IOSTANDARD = LVCMOS33; "
RUN-1002 : start command "set_pin_assignment  Digitron_Out[6]   LOCATION = A8; IOSTANDARD = LVCMOS33; "
RUN-1002 : start command "set_pin_assignment  Digitron_Out[7]   LOCATION = C8; IOSTANDARD = LVCMOS33; "
RUN-1002 : start command "set_pin_assignment  RSTn   LOCATION = A9; IOSTANDARD = LVCMOS33; "
RUN-1002 : start command "set_pin_assignment  clk_50M   LOCATION = R7; IOSTANDARD = LVCMOS33; "
RUN-1002 : start command "set_pin_assignment  col[0]   LOCATION = E11; IOSTANDARD = LVCMOS33; "
RUN-1002 : start command "set_pin_assignment  col[1]   LOCATION = D11; IOSTANDARD = LVCMOS33; "
RUN-1002 : start command "set_pin_assignment  col[2]   LOCATION = C11; IOSTANDARD = LVCMOS33; "
RUN-1002 : start command "set_pin_assignment  col[3]   LOCATION = F10; IOSTANDARD = LVCMOS33; "
RUN-1002 : start command "set_pin_assignment  light   LOCATION = B14; "
RUN-1002 : start command "set_pin_assignment  row[0]   LOCATION = E10; IOSTANDARD = LVCMOS33; "
RUN-1002 : start command "set_pin_assignment  row[1]   LOCATION = C10; IOSTANDARD = LVCMOS33; "
RUN-1002 : start command "set_pin_assignment  row[2]   LOCATION = F9; IOSTANDARD = LVCMOS33; "
RUN-1002 : start command "set_pin_assignment  row[3]   LOCATION = D9; IOSTANDARD = LVCMOS33; "
RUN-1002 : start command "optimize_rtl"
RUN-1001 : Open license file E:/Anlogic/TD5.6.59063/license/Anlogic.lic
RUN-1001 : Print Global Property
RUN-1001 : ---------------------------------------------------------------
RUN-1001 :        Parameters        |  Settings  |  Default Values  |  Note  
RUN-1001 : ---------------------------------------------------------------
RUN-1001 :          message         |  standard  |     standard     |        
RUN-1001 :   mixed_pack_place_flow  |     on     |        on        |        
RUN-1001 :        qor_monitor       |    off     |       off        |        
RUN-1001 :        syn_ip_flow       |    off     |       off        |        
RUN-1001 :          thread          |    auto    |       auto       |        
RUN-1001 : ---------------------------------------------------------------
RUN-1001 : Print Rtl Property
RUN-1001 : --------------------------------------------------------------
RUN-1001 :        Parameters       |  Settings  |  Default Values  |  Note  
RUN-1001 : --------------------------------------------------------------
RUN-1001 :       compress_add      |   ripple   |      ripple      |        
RUN-1001 :        elf_sload        |    off     |       off        |        
RUN-1001 :       fix_undriven      |     0      |        0         |        
RUN-1001 :         flatten         |    off     |       off        |        
RUN-1001 :       gate_sharing      |     on     |        on        |        
RUN-1001 :    hdl_warning_level    |   normal   |      normal      |        
RUN-1001 :   impl_internal_tribuf  |     on     |        on        |        
RUN-1001 :      impl_set_reset     |     on     |        on        |        
RUN-1001 :        infer_gsr        |    off     |       off        |        
RUN-1001 :      keep_hierarchy     |    auto    |       auto       |        
RUN-1001 :        max_fanout       |    9999    |       9999       |        
RUN-1001 :      max_oh2bin_len     |     10     |        10        |        
RUN-1001 :       merge_equal       |     on     |        on        |        
RUN-1001 :       merge_equiv       |     on     |        on        |        
RUN-1001 :        merge_mux        |    off     |       off        |        
RUN-1001 :     min_control_set     |     8      |        8         |        
RUN-1001 :      min_ripple_len     |    auto    |       auto       |        
RUN-1001 :       oh2bin_ratio      |    0.08    |       0.08       |        
RUN-1001 :     opt_adder_fanout    |     on     |        on        |        
RUN-1001 :        opt_arith        |     on     |        on        |        
RUN-1001 :       opt_big_gate      |    off     |       off        |        
RUN-1001 :        opt_const        |     on     |        on        |        
RUN-1001 :      opt_const_mult     |     on     |        on        |        
RUN-1001 :       opt_lessthan      |     on     |        on        |        
RUN-1001 :         opt_mux         |    off     |       off        |        
RUN-1001 :         opt_ram         |    high    |       high       |        
RUN-1001 :      rtl_sim_model      |    off     |       off        |        
RUN-1001 :         seq_syn         |     on     |        on        |        
RUN-1001 : --------------------------------------------------------------
SYN-1012 : SanityCheck: Model "keyboard_instance"
SYN-1012 : SanityCheck: Model "keyboard_scan"
SYN-1012 : SanityCheck: Model "key_filter"
SYN-1012 : SanityCheck: Model "onehot2binary"
SYN-1012 : SanityCheck: Model "Digitron_TimeDisplay_module"
SYN-1011 : Flatten model keyboard_instance
SYN-1032 : 574/9 useful/useless nets, 208/0 useful/useless insts
SYN-1016 : Merged 109 instances.
SYN-1032 : 500/267 useful/useless nets, 156/121 useful/useless insts
SYN-1016 : Merged 11 instances.
SYN-5015 WARNING: Found latch in "keyboard_instance", name: "U5/reg1_syn_2", d: "U5/sel1_syn_2[0]", q: "U5/SingleNum[0]" // ../../Digitron_TimeDisplay_module.v(40)
SYN-5015 WARNING: Found latch in "keyboard_instance", name: "U5/reg1_syn_3", d: "U5/sel1_syn_2[1]", q: "U5/SingleNum[1]" // ../../Digitron_TimeDisplay_module.v(40)
SYN-5015 WARNING: Found latch in "keyboard_instance", name: "U5/reg1_syn_4", d: "U5/sel1_syn_2[2]", q: "U5/SingleNum[2]" // ../../Digitron_TimeDisplay_module.v(40)
SYN-5015 WARNING: Found latch in "keyboard_instance", name: "U5/reg1_syn_5", d: "U5/sel1_syn_2[3]", q: "U5/SingleNum[3]" // ../../Digitron_TimeDisplay_module.v(40)
SYN-5011 WARNING: Undriven pin: model "keyboard_instance" / inst "U3/reg1_syn_6" in ../../onehot2binary.v(8) / pin "d"
SYN-5013 WARNING: Undriven net: model "keyboard_instance" / net "U3/tries[7]" in ../../onehot2binary.v(5)
SYN-5014 WARNING: the net's pin: pin "i0[7]" in ../../onehot2binary.v(10)
SYN-5014 WARNING: the net's pin: pin "i0[7]" in ../../onehot2binary.v(11)
SYN-5013 WARNING: Undriven net: model "keyboard_instance" / net "U3/tries[6]" in ../../onehot2binary.v(5)
SYN-5014 WARNING: the net's pin: pin "i0[6]" in ../../onehot2binary.v(10)
SYN-5014 WARNING: the net's pin: pin "i0[6]" in ../../onehot2binary.v(11)
SYN-5013 WARNING: Undriven net: model "keyboard_instance" / net "U3/tries[5]" in ../../onehot2binary.v(5)
SYN-5014 WARNING: the net's pin: pin "i0[5]" in ../../onehot2binary.v(10)
SYN-5014 WARNING: the net's pin: pin "i0[5]" in ../../onehot2binary.v(11)
SYN-5013 WARNING: Undriven net: model "keyboard_instance" / net "U3/tries[4]" in ../../onehot2binary.v(5)
SYN-5014 WARNING: the net's pin: pin "i0[4]" in ../../onehot2binary.v(10)
SYN-5014 WARNING: the net's pin: pin "i0[4]" in ../../onehot2binary.v(11)
SYN-5013 WARNING: Undriven net: model "keyboard_instance" / net "U3/tries[3]" in ../../onehot2binary.v(5)
SYN-5014 WARNING: the net's pin: pin "i0[3]" in ../../onehot2binary.v(10)
SYN-5014 WARNING: the net's pin: pin "i0[3]" in ../../onehot2binary.v(11)
SYN-5013 WARNING: Undriven net: model "keyboard_instance" / net "U3/tries[2]" in ../../onehot2binary.v(5)
SYN-5014 WARNING: the net's pin: pin "i0[2]" in ../../onehot2binary.v(10)
SYN-5014 WARNING: the net's pin: pin "i0[2]" in ../../onehot2binary.v(11)
SYN-5013 WARNING: Undriven net: model "keyboard_instance" / net "U3/tries[1]" in ../../onehot2binary.v(5)
SYN-5014 WARNING: the net's pin: pin "i0[1]" in ../../onehot2binary.v(10)
SYN-5014 WARNING: the net's pin: pin "i0[1]" in ../../onehot2binary.v(11)
SYN-5013 WARNING: Undriven net: model "keyboard_instance" / net "U3/tries[0]" in ../../onehot2binary.v(5)
SYN-5014 WARNING: the net's pin: pin "i0[0]" in ../../onehot2binary.v(10)
SYN-5014 WARNING: the net's pin: pin "i0[0]" in ../../onehot2binary.v(11)
SYN-5025 WARNING: Using 0 for all undriven pins and nets
SYN-1032 : 484/4 useful/useless nets, 408/74 useful/useless insts
SYN-1014 : Optimize round 1
SYN-1019 : Optimized 2 mux instances.
SYN-1020 : Optimized 4 distributor mux.
SYN-1016 : Merged 22 instances.
SYN-1015 : Optimize round 1, 209 better
SYN-1014 : Optimize round 2
SYN-1044 : Optimized 2 inv instances.
SYN-1032 : 388/10 useful/useless nets, 315/31 useful/useless insts
SYN-1015 : Optimize round 2, 34 better
SYN-3003 : Optimized 1 equivalent DFF(s)
SYN-3003 : Optimized 1 equivalent DFF(s)
SYN-1032 : 384/4 useful/useless nets, 313/0 useful/useless insts
SYN-1014 : Optimize round 1
SYN-1015 : Optimize round 1, 0 better
RUN-1002 : start command "report_area -file display_rtl.area"
RUN-1001 : standard
***Report Model: keyboard_instance Device: EG4S20BG256***

IO Statistics
#IO                        23
  #input                    6
  #output                  17
  #inout                    0

Gate Statistics
#Basic gates              243
  #and                     46
  #nand                     0
  #or                       7
  #nor                      0
  #xor                      0
  #xnor                     0
  #buf                      0
  #not                     57
  #bufif1                   0
  #MX21                     4
  #FADD                     0
  #DFF                    125
  #LATCH                    4
#MACRO_ADD                  3
#MACRO_EQ                   6
#MACRO_MUX                 59

Report Hierarchy Area:
+--------------------------------------------------------------+
|Instance |Module                      |gates  |seq    |macros |
+--------------------------------------------------------------+
|top      |keyboard_instance           |114    |129    |9      |
|  U1     |keyboard_scan               |7      |53     |6      |
|  U2     |key_filter                  |48     |52     |2      |
|  U3     |onehot2binary               |37     |4      |0      |
|  U5     |Digitron_TimeDisplay_module |19     |20     |1      |
+--------------------------------------------------------------+

RUN-1002 : start command "export_db display_rtl.db"
RUN-1001 : Exported /
RUN-1001 : Exported flow parameters
RUN-1001 : Exported libs
RUN-1001 : Exported entities
RUN-1001 : Exported ports
RUN-1001 : Exported pins
RUN-1001 : Exported instances
RUN-1001 : Exported nets
RUN-1001 : Exported buses
RUN-1001 : Exported models
RUN-1001 : Exported congestions
RUN-1001 : Exported violations
RUN-1001 : Exported IO constraints
RUN-1001 : Exported Inst constraints
RUN-1002 : start command "read_sdc"
USR-1002 : read_sdc file_name -help -h -eco
USR-1009 : NO module with IP_SDC ...
RUN-1104 : Import SDC file  finished, there are 0 nets kept by constraints.
RUN-1002 : start command "optimize_gate -maparea display_gate.area"
RUN-1001 : Open license file E:/Anlogic/TD5.6.59063/license/Anlogic.lic
RUN-1001 : Print Global Property
RUN-1001 : ---------------------------------------------------------------
RUN-1001 :        Parameters        |  Settings  |  Default Values  |  Note  
RUN-1001 : ---------------------------------------------------------------
RUN-1001 :          message         |  standard  |     standard     |        
RUN-1001 :   mixed_pack_place_flow  |     on     |        on        |        
RUN-1001 :        qor_monitor       |    off     |       off        |        
RUN-1001 :        syn_ip_flow       |    off     |       off        |        
RUN-1001 :          thread          |    auto    |       auto       |        
RUN-1001 : ---------------------------------------------------------------
RUN-1001 : Print Gate Property
RUN-1001 : ------------------------------------------------------------------
RUN-1001 :          Parameters         |  Settings  |  Default Values  |  Note  
RUN-1001 : ------------------------------------------------------------------
RUN-1001 :         cascade_dsp         |    off     |       off        |        
RUN-1001 :         cascade_eram        |    off     |       off        |        
RUN-1001 :        gate_sim_model       |    off     |       off        |        
RUN-1001 :        map_sim_model        |    off     |       off        |        
RUN-1001 :         map_strategy        |     1      |        1         |        
RUN-1001 :           opt_area          |   medium   |      medium      |        
RUN-1001 :          opt_timing         |    auto    |       auto       |        
RUN-1001 :         pack_effort         |   medium   |      medium      |        
RUN-1001 :      pack_lslice_ripple     |     on     |        on        |        
RUN-1001 :   pack_lslice_ripple_ratio  |    0.5     |       0.5        |        
RUN-1001 :        pack_seq_in_io       |    auto    |       auto       |        
RUN-1001 :        ph1_mux_ratio        |    1.0     |       1.0        |        
RUN-1001 :            report           |  standard  |     standard     |        
RUN-1001 :           retiming          |    off     |       off        |        
RUN-1001 : ------------------------------------------------------------------
SYN-2001 : Map 23 IOs to PADs
RUN-1002 : start command "update_pll_param -module keyboard_instance"
SYN-2501 : Processed 0 LOGIC_BUF instances.
SYN-2571 : Optimize after map_dsp, round 1
SYN-2571 : Optimize after map_dsp, round 1, 0 better
SYN-1001 : Throwback 47 control mux instances
SYN-2501 : Optimize round 1
SYN-1016 : Merged 11 instances.
SYN-2501 : Optimize round 1, 79 better
SYN-2501 : Optimize round 2
SYN-2501 : Optimize round 2, 0 better
SYN-2501 : Map 3 macro adder
SYN-3001 : Mapper mapped 15 instances into 1 LUTs, name keeping = 100%.
SYN-3001 : Mapper mapped 15 instances into 1 LUTs, name keeping = 100%.
SYN-3001 : Mapper mapped 15 instances into 1 LUTs, name keeping = 100%.
SYN-3001 : Mapper mapped 15 instances into 1 LUTs, name keeping = 100%.
SYN-3001 : Mapper mapped 15 instances into 1 LUTs, name keeping = 100%.
SYN-3001 : Mapper mapped 15 instances into 1 LUTs, name keeping = 100%.
SYN-3001 : Mapper mapped 15 instances into 1 LUTs, name keeping = 100%.
SYN-2501 : Inferred 7 ROM instances
SYN-1016 : Merged 3 instances.
SYN-1032 : 605/2 useful/useless nets, 535/0 useful/useless insts
RUN-1002 : start command "start_timer -prepack"
TMR-2505 : Start building timing graph for model keyboard_instance.
TMR-2506 : Build timing graph completely. Port num: 7, tpin num: 1768, tnet num: 603, tinst num: 533, tnode num: 2050, tedge num: 2387.
TMR-2508 : Levelizing timing graph completed, there are 67 levels in total.
TMR-2501 : Timing graph initialized successfully.
TMR-2503 : Start to update net delay, extr mode = 2.
TMR-2504 : Update delay of 603 nets completely.
TMR-2502 : Annotate delay completely, extr mode = 2.
TMR-3001 : Initiate 0 clocks from SDC.
TMR-3004 : Map sdc constraints, there are 0 constraints in total.
TMR-3003 : Constraints initiated successfully.
TMR-3501 : Forward propagation: start to calculate arrival time...
TMR-3502 : Backward propagation: start to calculate required time...
TMR-3503 : Timing propagation completes.
SYN-3001 : Running gate level optimization.
SYN-2581 : Mapping with K=5, #lut = 103 (3.24), #lev = 8 (2.80)
SYN-2551 : Post LUT mapping optimization.
SYN-2581 : Mapping with K=5, #lut = 104 (3.15), #lev = 8 (3.32)
SYN-3001 : Logic optimization runtime opt =   0.01 sec, map =   0.00 sec
SYN-3001 : Mapper mapped 300 instances into 104 LUTs, name keeping = 52%.
RUN-1002 : start command "report_area -file display_gate.area"
RUN-1001 : standard
***Report Model: keyboard_instance Device: EG4S20BG256***

IO Statistics
#IO                        23
  #input                    6
  #output                  17
  #inout                    0

LUT Statistics
#Total_luts               184
  #lut4                   105
  #lut5                     6
  #lut6                     0
  #lut5_mx41                0
  #lut4_alu1b              73

Utilization Statistics
#lut                      184   out of  19600    0.94%
#reg                      129   out of  19600    0.66%
#le                         0
#dsp                        0   out of     29    0.00%
#bram                       0   out of     64    0.00%
  #bram9k                   0
  #fifo9k                   0
#bram32k                    0   out of     16    0.00%
#pad                       23   out of    188   12.23%
  #ireg                     0
  #oreg                     0
  #treg                     0
#pll                        0   out of      4    0.00%

Report Hierarchy Area:
+-----------------------------------------------------------------------------------+
|Instance |Module                      |lut     |ripple  |seq     |bram    |dsp     |
+-----------------------------------------------------------------------------------+
|top      |keyboard_instance           |111     |73      |129     |0       |0       |
|  U1     |keyboard_scan               |40      |33      |53      |0       |0       |
|  U2     |key_filter                  |15      |21      |52      |0       |0       |
|  U3     |onehot2binary               |41      |0       |4       |0       |0       |
|  U5     |Digitron_TimeDisplay_module |12      |19      |20      |0       |0       |
+-----------------------------------------------------------------------------------+

SYN-1001 : Packing model "keyboard_instance" ...
SYN-4010 : Pack lib has 58 rtl pack models with 25 top pack blocks
SYN-1014 : Optimize round 1
SYN-1032 : 405/0 useful/useless nets, 335/4 useful/useless insts
SYN-1015 : Optimize round 1, 4 better
SYN-1014 : Optimize round 2
SYN-1015 : Optimize round 2, 0 better
SYN-4002 : Packing 125 DFF/LATCH to SEQ ...
SYN-4009 : Pack 2 carry chain into lslice
SYN-4007 : Packing 19 adder to BLE ...
SYN-4008 : Packed 19 adder and 16 SEQ to BLE.
SYN-4007 : Packing 0 gate4 to BLE ...
SYN-4008 : Packed 0 gate4 and 0 SEQ to BLE.
SYN-4012 : Packed 0 FxMUX
RUN-1002 : start command "legalize_phy_inst"
SYN-1011 : Flatten model keyboard_instance
RUN-1002 : start command "export_db display_gate.db"
RUN-1001 : Exported /
RUN-1001 : Exported flow parameters
RUN-1001 : Exported libs
RUN-1001 : Exported entities
RUN-1001 : Exported ports
RUN-1001 : Exported pins
RUN-1001 : Exported instances
RUN-1001 : Exported nets
RUN-1001 : Exported buses
RUN-1001 : Exported models
RUN-1001 : Exported congestions
RUN-1001 : Exported violations
RUN-1001 : Exported timing constraints
RUN-1001 : Exported IO constraints
RUN-1001 : Exported Inst constraints
RUN-1002 : start command "backup_run_log run.log ../.logs/syn_1/td_20240826_212352.log"
